[0.179s] DEBUG:colcon:Command line arguments: ['/usr/bin/colcon', 'build']
[0.179s] DEBUG:colcon:Parsed command line arguments: Namespace(log_base=None, log_level=None, verb_name='build', build_base='build', install_base='install', merge_install=False, symlink_install=False, test_result_base=None, continue_on_error=False, executor='parallel', parallel_workers=16, event_handlers=None, ignore_user_meta=False, metas=['./colcon.meta'], base_paths=['.'], packages_ignore=None, packages_ignore_regex=None, paths=None, packages_up_to=None, packages_up_to_regex=None, packages_above=None, packages_above_and_dependencies=None, packages_above_depth=None, packages_select_by_dep=None, packages_skip_by_dep=None, packages_skip_up_to=None, packages_select_build_failed=False, packages_skip_build_finished=False, packages_select_test_failures=False, packages_skip_test_passed=False, packages_select=None, packages_skip=None, packages_select_regex=None, packages_skip_regex=None, packages_start=None, packages_end=None, cmake_args=None, cmake_target=None, cmake_target_skip_unavailable=False, cmake_clean_cache=False, cmake_clean_first=False, cmake_force_configure=False, ament_cmake_args=None, catkin_cmake_args=None, catkin_skip_building_tests=False, verb_parser=<colcon_defaults.argument_parser.defaults.DefaultArgumentsDecorator object at 0x72de09423080>, verb_extension=<colcon_core.verb.build.BuildVerb object at 0x72de09547ad0>, main=<bound method BuildVerb.main of <colcon_core.verb.build.BuildVerb object at 0x72de09547ad0>>)
[0.230s] Level 1:colcon.colcon_core.package_discovery:discover_packages(colcon_meta) check parameters
[0.230s] Level 1:colcon.colcon_core.package_discovery:discover_packages(recursive) check parameters
[0.230s] Level 1:colcon.colcon_core.package_discovery:discover_packages(ignore) check parameters
[0.230s] Level 1:colcon.colcon_core.package_discovery:discover_packages(path) check parameters
[0.230s] Level 1:colcon.colcon_core.package_discovery:discover_packages(colcon_meta) discover
[0.230s] Level 1:colcon.colcon_core.package_discovery:discover_packages(recursive) discover
[0.231s] INFO:colcon.colcon_core.package_discovery:Crawling recursively for packages in '/home/saber/robox_ws'
[0.231s] Level 1:colcon.colcon_core.package_identification:_identify(.) by extensions ['ignore', 'ignore_ament_install']
[0.231s] Level 1:colcon.colcon_core.package_identification:_identify(.) by extension 'ignore'
[0.231s] Level 1:colcon.colcon_core.package_identification:_identify(.) by extension 'ignore_ament_install'
[0.231s] Level 1:colcon.colcon_core.package_identification:_identify(.) by extensions ['colcon_pkg']
[0.231s] Level 1:colcon.colcon_core.package_identification:_identify(.) by extension 'colcon_pkg'
[0.231s] Level 1:colcon.colcon_core.package_identification:_identify(.) by extensions ['colcon_meta']
[0.231s] Level 1:colcon.colcon_core.package_identification:_identify(.) by extension 'colcon_meta'
[0.231s] Level 1:colcon.colcon_core.package_identification:_identify(.) by extensions ['ros']
[0.231s] Level 1:colcon.colcon_core.package_identification:_identify(.) by extension 'ros'
[0.260s] Level 1:colcon.colcon_core.package_identification:_identify(.) by extensions ['cmake', 'python']
[0.260s] Level 1:colcon.colcon_core.package_identification:_identify(.) by extension 'cmake'
[0.260s] Level 1:colcon.colcon_core.package_identification:_identify(.) by extension 'python'
[0.260s] Level 1:colcon.colcon_core.package_identification:_identify(.) by extensions ['python_setup_py']
[0.260s] Level 1:colcon.colcon_core.package_identification:_identify(.) by extension 'python_setup_py'
[0.260s] Level 1:colcon.colcon_core.package_identification:_identify(PS2_Robot_Arm_under_production) by extensions ['ignore', 'ignore_ament_install']
[0.260s] Level 1:colcon.colcon_core.package_identification:_identify(PS2_Robot_Arm_under_production) by extension 'ignore'
[0.260s] Level 1:colcon.colcon_core.package_identification:_identify(PS2_Robot_Arm_under_production) by extension 'ignore_ament_install'
[0.260s] Level 1:colcon.colcon_core.package_identification:_identify(PS2_Robot_Arm_under_production) by extensions ['colcon_pkg']
[0.260s] Level 1:colcon.colcon_core.package_identification:_identify(PS2_Robot_Arm_under_production) by extension 'colcon_pkg'
[0.260s] Level 1:colcon.colcon_core.package_identification:_identify(PS2_Robot_Arm_under_production) by extensions ['colcon_meta']
[0.260s] Level 1:colcon.colcon_core.package_identification:_identify(PS2_Robot_Arm_under_production) by extension 'colcon_meta'
[0.260s] Level 1:colcon.colcon_core.package_identification:_identify(PS2_Robot_Arm_under_production) by extensions ['ros']
[0.260s] Level 1:colcon.colcon_core.package_identification:_identify(PS2_Robot_Arm_under_production) by extension 'ros'
[0.260s] Level 1:colcon.colcon_core.package_identification:_identify(PS2_Robot_Arm_under_production) by extensions ['cmake', 'python']
[0.260s] Level 1:colcon.colcon_core.package_identification:_identify(PS2_Robot_Arm_under_production) by extension 'cmake'
[0.260s] Level 1:colcon.colcon_core.package_identification:_identify(PS2_Robot_Arm_under_production) by extension 'python'
[0.260s] Level 1:colcon.colcon_core.package_identification:_identify(PS2_Robot_Arm_under_production) by extensions ['python_setup_py']
[0.261s] Level 1:colcon.colcon_core.package_identification:_identify(PS2_Robot_Arm_under_production) by extension 'python_setup_py'
[0.261s] Level 1:colcon.colcon_core.package_identification:_identify(build) by extensions ['ignore', 'ignore_ament_install']
[0.261s] Level 1:colcon.colcon_core.package_identification:_identify(build) by extension 'ignore'
[0.261s] Level 1:colcon.colcon_core.package_identification:_identify(build) ignored
[0.261s] Level 1:colcon.colcon_core.package_identification:_identify(ik_interface) by extensions ['ignore', 'ignore_ament_install']
[0.261s] Level 1:colcon.colcon_core.package_identification:_identify(ik_interface) by extension 'ignore'
[0.261s] Level 1:colcon.colcon_core.package_identification:_identify(ik_interface) by extension 'ignore_ament_install'
[0.261s] Level 1:colcon.colcon_core.package_identification:_identify(ik_interface) by extensions ['colcon_pkg']
[0.261s] Level 1:colcon.colcon_core.package_identification:_identify(ik_interface) by extension 'colcon_pkg'
[0.261s] Level 1:colcon.colcon_core.package_identification:_identify(ik_interface) by extensions ['colcon_meta']
[0.261s] Level 1:colcon.colcon_core.package_identification:_identify(ik_interface) by extension 'colcon_meta'
[0.261s] Level 1:colcon.colcon_core.package_identification:_identify(ik_interface) by extensions ['ros']
[0.262s] Level 1:colcon.colcon_core.package_identification:_identify(ik_interface) by extension 'ros'
[0.262s] Level 1:colcon.colcon_core.package_identification:_identify(ik_interface) by extensions ['cmake', 'python']
[0.262s] Level 1:colcon.colcon_core.package_identification:_identify(ik_interface) by extension 'cmake'
[0.262s] Level 1:colcon.colcon_core.package_identification:_identify(ik_interface) by extension 'python'
[0.262s] Level 1:colcon.colcon_core.package_identification:_identify(ik_interface) by extensions ['python_setup_py']
[0.262s] Level 1:colcon.colcon_core.package_identification:_identify(ik_interface) by extension 'python_setup_py'
[0.262s] Level 1:colcon.colcon_core.package_identification:_identify(ik_interface/ik_interface) by extensions ['ignore', 'ignore_ament_install']
[0.262s] Level 1:colcon.colcon_core.package_identification:_identify(ik_interface/ik_interface) by extension 'ignore'
[0.262s] Level 1:colcon.colcon_core.package_identification:_identify(ik_interface/ik_interface) by extension 'ignore_ament_install'
[0.262s] Level 1:colcon.colcon_core.package_identification:_identify(ik_interface/ik_interface) by extensions ['colcon_pkg']
[0.262s] Level 1:colcon.colcon_core.package_identification:_identify(ik_interface/ik_interface) by extension 'colcon_pkg'
[0.262s] Level 1:colcon.colcon_core.package_identification:_identify(ik_interface/ik_interface) by extensions ['colcon_meta']
[0.262s] Level 1:colcon.colcon_core.package_identification:_identify(ik_interface/ik_interface) by extension 'colcon_meta'
[0.262s] Level 1:colcon.colcon_core.package_identification:_identify(ik_interface/ik_interface) by extensions ['ros']
[0.262s] Level 1:colcon.colcon_core.package_identification:_identify(ik_interface/ik_interface) by extension 'ros'
[0.262s] Level 1:colcon.colcon_core.package_identification:_identify(ik_interface/ik_interface) by extensions ['cmake', 'python']
[0.262s] Level 1:colcon.colcon_core.package_identification:_identify(ik_interface/ik_interface) by extension 'cmake'
[0.262s] Level 1:colcon.colcon_core.package_identification:_identify(ik_interface/ik_interface) by extension 'python'
[0.262s] Level 1:colcon.colcon_core.package_identification:_identify(ik_interface/ik_interface) by extensions ['python_setup_py']
[0.262s] Level 1:colcon.colcon_core.package_identification:_identify(ik_interface/ik_interface) by extension 'python_setup_py'
[0.263s] Level 1:colcon.colcon_core.package_identification:_identify(install) by extensions ['ignore', 'ignore_ament_install']
[0.263s] Level 1:colcon.colcon_core.package_identification:_identify(install) by extension 'ignore'
[0.263s] Level 1:colcon.colcon_core.package_identification:_identify(install) ignored
[0.263s] Level 1:colcon.colcon_core.package_identification:_identify(log) by extensions ['ignore', 'ignore_ament_install']
[0.263s] Level 1:colcon.colcon_core.package_identification:_identify(log) by extension 'ignore'
[0.263s] Level 1:colcon.colcon_core.package_identification:_identify(log) ignored
[0.263s] Level 1:colcon.colcon_core.package_identification:_identify(src) by extensions ['ignore', 'ignore_ament_install']
[0.263s] Level 1:colcon.colcon_core.package_identification:_identify(src) by extension 'ignore'
[0.263s] Level 1:colcon.colcon_core.package_identification:_identify(src) by extension 'ignore_ament_install'
[0.263s] Level 1:colcon.colcon_core.package_identification:_identify(src) by extensions ['colcon_pkg']
[0.263s] Level 1:colcon.colcon_core.package_identification:_identify(src) by extension 'colcon_pkg'
[0.263s] Level 1:colcon.colcon_core.package_identification:_identify(src) by extensions ['colcon_meta']
[0.263s] Level 1:colcon.colcon_core.package_identification:_identify(src) by extension 'colcon_meta'
[0.263s] Level 1:colcon.colcon_core.package_identification:_identify(src) by extensions ['ros']
[0.263s] Level 1:colcon.colcon_core.package_identification:_identify(src) by extension 'ros'
[0.263s] Level 1:colcon.colcon_core.package_identification:_identify(src) by extensions ['cmake', 'python']
[0.263s] Level 1:colcon.colcon_core.package_identification:_identify(src) by extension 'cmake'
[0.263s] Level 1:colcon.colcon_core.package_identification:_identify(src) by extension 'python'
[0.263s] Level 1:colcon.colcon_core.package_identification:_identify(src) by extensions ['python_setup_py']
[0.263s] Level 1:colcon.colcon_core.package_identification:_identify(src) by extension 'python_setup_py'
[0.263s] Level 1:colcon.colcon_core.package_identification:_identify(src/arduinobot_py_examples) by extensions ['ignore', 'ignore_ament_install']
[0.264s] Level 1:colcon.colcon_core.package_identification:_identify(src/arduinobot_py_examples) by extension 'ignore'
[0.264s] Level 1:colcon.colcon_core.package_identification:_identify(src/arduinobot_py_examples) by extension 'ignore_ament_install'
[0.264s] Level 1:colcon.colcon_core.package_identification:_identify(src/arduinobot_py_examples) by extensions ['colcon_pkg']
[0.264s] Level 1:colcon.colcon_core.package_identification:_identify(src/arduinobot_py_examples) by extension 'colcon_pkg'
[0.264s] Level 1:colcon.colcon_core.package_identification:_identify(src/arduinobot_py_examples) by extensions ['colcon_meta']
[0.264s] Level 1:colcon.colcon_core.package_identification:_identify(src/arduinobot_py_examples) by extension 'colcon_meta'
[0.264s] Level 1:colcon.colcon_core.package_identification:_identify(src/arduinobot_py_examples) by extensions ['ros']
[0.264s] Level 1:colcon.colcon_core.package_identification:_identify(src/arduinobot_py_examples) by extension 'ros'
[0.267s] DEBUG:colcon.colcon_core.package_identification:Package 'src/arduinobot_py_examples' with type 'ros.ament_python' and name 'arduinobot_py_examples'
[0.267s] Level 1:colcon.colcon_core.package_identification:_identify(src/arm_description) by extensions ['ignore', 'ignore_ament_install']
[0.267s] Level 1:colcon.colcon_core.package_identification:_identify(src/arm_description) by extension 'ignore'
[0.267s] Level 1:colcon.colcon_core.package_identification:_identify(src/arm_description) by extension 'ignore_ament_install'
[0.267s] Level 1:colcon.colcon_core.package_identification:_identify(src/arm_description) by extensions ['colcon_pkg']
[0.267s] Level 1:colcon.colcon_core.package_identification:_identify(src/arm_description) by extension 'colcon_pkg'
[0.267s] Level 1:colcon.colcon_core.package_identification:_identify(src/arm_description) by extensions ['colcon_meta']
[0.267s] Level 1:colcon.colcon_core.package_identification:_identify(src/arm_description) by extension 'colcon_meta'
[0.267s] Level 1:colcon.colcon_core.package_identification:_identify(src/arm_description) by extensions ['ros']
[0.267s] Level 1:colcon.colcon_core.package_identification:_identify(src/arm_description) by extension 'ros'
[0.270s] DEBUG:colcon.colcon_core.package_identification:Package 'src/arm_description' with type 'ros.ament_cmake' and name 'arm_description'
[0.271s] Level 1:colcon.colcon_core.package_identification:_identify(src/arm_moveit) by extensions ['ignore', 'ignore_ament_install']
[0.271s] Level 1:colcon.colcon_core.package_identification:_identify(src/arm_moveit) by extension 'ignore'
[0.271s] Level 1:colcon.colcon_core.package_identification:_identify(src/arm_moveit) by extension 'ignore_ament_install'
[0.271s] Level 1:colcon.colcon_core.package_identification:_identify(src/arm_moveit) by extensions ['colcon_pkg']
[0.271s] Level 1:colcon.colcon_core.package_identification:_identify(src/arm_moveit) by extension 'colcon_pkg'
[0.271s] Level 1:colcon.colcon_core.package_identification:_identify(src/arm_moveit) by extensions ['colcon_meta']
[0.271s] Level 1:colcon.colcon_core.package_identification:_identify(src/arm_moveit) by extension 'colcon_meta'
[0.271s] Level 1:colcon.colcon_core.package_identification:_identify(src/arm_moveit) by extensions ['ros']
[0.271s] Level 1:colcon.colcon_core.package_identification:_identify(src/arm_moveit) by extension 'ros'
[0.271s] DEBUG:colcon.colcon_core.package_identification:Package 'src/arm_moveit' with type 'ros.ament_cmake' and name 'arm_moveit'
[0.272s] Level 1:colcon.colcon_core.package_identification:_identify(src/build) by extensions ['ignore', 'ignore_ament_install']
[0.272s] Level 1:colcon.colcon_core.package_identification:_identify(src/build) by extension 'ignore'
[0.272s] Level 1:colcon.colcon_core.package_identification:_identify(src/build) ignored
[0.272s] Level 1:colcon.colcon_core.package_identification:_identify(src/install) by extensions ['ignore', 'ignore_ament_install']
[0.272s] Level 1:colcon.colcon_core.package_identification:_identify(src/install) by extension 'ignore'
[0.272s] Level 1:colcon.colcon_core.package_identification:_identify(src/install) ignored
[0.272s] Level 1:colcon.colcon_core.package_identification:_identify(src/log) by extensions ['ignore', 'ignore_ament_install']
[0.272s] Level 1:colcon.colcon_core.package_identification:_identify(src/log) by extension 'ignore'
[0.272s] Level 1:colcon.colcon_core.package_identification:_identify(src/log) ignored
[0.272s] Level 1:colcon.colcon_core.package_identification:_identify(src/robotic_arm_moveit_config) by extensions ['ignore', 'ignore_ament_install']
[0.273s] Level 1:colcon.colcon_core.package_identification:_identify(src/robotic_arm_moveit_config) by extension 'ignore'
[0.273s] Level 1:colcon.colcon_core.package_identification:_identify(src/robotic_arm_moveit_config) by extension 'ignore_ament_install'
[0.273s] Level 1:colcon.colcon_core.package_identification:_identify(src/robotic_arm_moveit_config) by extensions ['colcon_pkg']
[0.273s] Level 1:colcon.colcon_core.package_identification:_identify(src/robotic_arm_moveit_config) by extension 'colcon_pkg'
[0.273s] Level 1:colcon.colcon_core.package_identification:_identify(src/robotic_arm_moveit_config) by extensions ['colcon_meta']
[0.273s] Level 1:colcon.colcon_core.package_identification:_identify(src/robotic_arm_moveit_config) by extension 'colcon_meta'
[0.273s] Level 1:colcon.colcon_core.package_identification:_identify(src/robotic_arm_moveit_config) by extensions ['ros']
[0.273s] Level 1:colcon.colcon_core.package_identification:_identify(src/robotic_arm_moveit_config) by extension 'ros'
[0.273s] DEBUG:colcon.colcon_core.package_identification:Package 'src/robotic_arm_moveit_config' with type 'ros.ament_cmake' and name 'robotic_arm_moveit_config'
[0.274s] Level 1:colcon.colcon_core.package_discovery:discover_packages(recursive) using defaults
[0.274s] Level 1:colcon.colcon_core.package_discovery:discover_packages(ignore) discover
[0.274s] Level 1:colcon.colcon_core.package_discovery:discover_packages(ignore) using defaults
[0.274s] Level 1:colcon.colcon_core.package_discovery:discover_packages(path) discover
[0.274s] Level 1:colcon.colcon_core.package_discovery:discover_packages(path) using defaults
[0.295s] Level 5:colcon.colcon_core.verb:set package 'arm_description' build argument 'cmake_args' from command line to 'None'
[0.295s] Level 5:colcon.colcon_core.verb:set package 'arm_description' build argument 'cmake_target' from command line to 'None'
[0.295s] Level 5:colcon.colcon_core.verb:set package 'arm_description' build argument 'cmake_target_skip_unavailable' from command line to 'False'
[0.295s] Level 5:colcon.colcon_core.verb:set package 'arm_description' build argument 'cmake_clean_cache' from command line to 'False'
[0.295s] Level 5:colcon.colcon_core.verb:set package 'arm_description' build argument 'cmake_clean_first' from command line to 'False'
[0.295s] Level 5:colcon.colcon_core.verb:set package 'arm_description' build argument 'cmake_force_configure' from command line to 'False'
[0.295s] Level 5:colcon.colcon_core.verb:set package 'arm_description' build argument 'ament_cmake_args' from command line to 'None'
[0.295s] Level 5:colcon.colcon_core.verb:set package 'arm_description' build argument 'catkin_cmake_args' from command line to 'None'
[0.295s] Level 5:colcon.colcon_core.verb:set package 'arm_description' build argument 'catkin_skip_building_tests' from command line to 'False'
[0.295s] DEBUG:colcon.colcon_core.verb:Building package 'arm_description' with the following arguments: {'ament_cmake_args': None, 'build_base': '/home/saber/robox_ws/build/arm_description', 'catkin_cmake_args': None, 'catkin_skip_building_tests': False, 'cmake_args': None, 'cmake_clean_cache': False, 'cmake_clean_first': False, 'cmake_force_configure': False, 'cmake_target': None, 'cmake_target_skip_unavailable': False, 'install_base': '/home/saber/robox_ws/install/arm_description', 'merge_install': False, 'path': '/home/saber/robox_ws/src/arm_description', 'symlink_install': False, 'test_result_base': None}
[0.295s] Level 5:colcon.colcon_core.verb:set package 'arm_moveit' build argument 'cmake_args' from command line to 'None'
[0.295s] Level 5:colcon.colcon_core.verb:set package 'arm_moveit' build argument 'cmake_target' from command line to 'None'
[0.295s] Level 5:colcon.colcon_core.verb:set package 'arm_moveit' build argument 'cmake_target_skip_unavailable' from command line to 'False'
[0.295s] Level 5:colcon.colcon_core.verb:set package 'arm_moveit' build argument 'cmake_clean_cache' from command line to 'False'
[0.295s] Level 5:colcon.colcon_core.verb:set package 'arm_moveit' build argument 'cmake_clean_first' from command line to 'False'
[0.295s] Level 5:colcon.colcon_core.verb:set package 'arm_moveit' build argument 'cmake_force_configure' from command line to 'False'
[0.295s] Level 5:colcon.colcon_core.verb:set package 'arm_moveit' build argument 'ament_cmake_args' from command line to 'None'
[0.295s] Level 5:colcon.colcon_core.verb:set package 'arm_moveit' build argument 'catkin_cmake_args' from command line to 'None'
[0.295s] Level 5:colcon.colcon_core.verb:set package 'arm_moveit' build argument 'catkin_skip_building_tests' from command line to 'False'
[0.296s] DEBUG:colcon.colcon_core.verb:Building package 'arm_moveit' with the following arguments: {'ament_cmake_args': None, 'build_base': '/home/saber/robox_ws/build/arm_moveit', 'catkin_cmake_args': None, 'catkin_skip_building_tests': False, 'cmake_args': None, 'cmake_clean_cache': False, 'cmake_clean_first': False, 'cmake_force_configure': False, 'cmake_target': None, 'cmake_target_skip_unavailable': False, 'install_base': '/home/saber/robox_ws/install/arm_moveit', 'merge_install': False, 'path': '/home/saber/robox_ws/src/arm_moveit', 'symlink_install': False, 'test_result_base': None}
[0.296s] Level 5:colcon.colcon_core.verb:set package 'robotic_arm_moveit_config' build argument 'cmake_args' from command line to 'None'
[0.296s] Level 5:colcon.colcon_core.verb:set package 'robotic_arm_moveit_config' build argument 'cmake_target' from command line to 'None'
[0.296s] Level 5:colcon.colcon_core.verb:set package 'robotic_arm_moveit_config' build argument 'cmake_target_skip_unavailable' from command line to 'False'
[0.296s] Level 5:colcon.colcon_core.verb:set package 'robotic_arm_moveit_config' build argument 'cmake_clean_cache' from command line to 'False'
[0.296s] Level 5:colcon.colcon_core.verb:set package 'robotic_arm_moveit_config' build argument 'cmake_clean_first' from command line to 'False'
[0.296s] Level 5:colcon.colcon_core.verb:set package 'robotic_arm_moveit_config' build argument 'cmake_force_configure' from command line to 'False'
[0.296s] Level 5:colcon.colcon_core.verb:set package 'robotic_arm_moveit_config' build argument 'ament_cmake_args' from command line to 'None'
[0.296s] Level 5:colcon.colcon_core.verb:set package 'robotic_arm_moveit_config' build argument 'catkin_cmake_args' from command line to 'None'
[0.296s] Level 5:colcon.colcon_core.verb:set package 'robotic_arm_moveit_config' build argument 'catkin_skip_building_tests' from command line to 'False'
[0.296s] DEBUG:colcon.colcon_core.verb:Building package 'robotic_arm_moveit_config' with the following arguments: {'ament_cmake_args': None, 'build_base': '/home/saber/robox_ws/build/robotic_arm_moveit_config', 'catkin_cmake_args': None, 'catkin_skip_building_tests': False, 'cmake_args': None, 'cmake_clean_cache': False, 'cmake_clean_first': False, 'cmake_force_configure': False, 'cmake_target': None, 'cmake_target_skip_unavailable': False, 'install_base': '/home/saber/robox_ws/install/robotic_arm_moveit_config', 'merge_install': False, 'path': '/home/saber/robox_ws/src/robotic_arm_moveit_config', 'symlink_install': False, 'test_result_base': None}
[0.296s] Level 5:colcon.colcon_core.verb:set package 'arduinobot_py_examples' build argument 'cmake_args' from command line to 'None'
[0.296s] Level 5:colcon.colcon_core.verb:set package 'arduinobot_py_examples' build argument 'cmake_target' from command line to 'None'
[0.296s] Level 5:colcon.colcon_core.verb:set package 'arduinobot_py_examples' build argument 'cmake_target_skip_unavailable' from command line to 'False'
[0.296s] Level 5:colcon.colcon_core.verb:set package 'arduinobot_py_examples' build argument 'cmake_clean_cache' from command line to 'False'
[0.296s] Level 5:colcon.colcon_core.verb:set package 'arduinobot_py_examples' build argument 'cmake_clean_first' from command line to 'False'
[0.296s] Level 5:colcon.colcon_core.verb:set package 'arduinobot_py_examples' build argument 'cmake_force_configure' from command line to 'False'
[0.296s] Level 5:colcon.colcon_core.verb:set package 'arduinobot_py_examples' build argument 'ament_cmake_args' from command line to 'None'
[0.296s] Level 5:colcon.colcon_core.verb:set package 'arduinobot_py_examples' build argument 'catkin_cmake_args' from command line to 'None'
[0.296s] Level 5:colcon.colcon_core.verb:set package 'arduinobot_py_examples' build argument 'catkin_skip_building_tests' from command line to 'False'
[0.296s] DEBUG:colcon.colcon_core.verb:Building package 'arduinobot_py_examples' with the following arguments: {'ament_cmake_args': None, 'build_base': '/home/saber/robox_ws/build/arduinobot_py_examples', 'catkin_cmake_args': None, 'catkin_skip_building_tests': False, 'cmake_args': None, 'cmake_clean_cache': False, 'cmake_clean_first': False, 'cmake_force_configure': False, 'cmake_target': None, 'cmake_target_skip_unavailable': False, 'install_base': '/home/saber/robox_ws/install/arduinobot_py_examples', 'merge_install': False, 'path': '/home/saber/robox_ws/src/arduinobot_py_examples', 'symlink_install': False, 'test_result_base': None}
[0.296s] INFO:colcon.colcon_core.executor:Executing jobs using 'parallel' executor
[0.297s] DEBUG:colcon.colcon_parallel_executor.executor.parallel:run_until_complete
[0.297s] INFO:colcon.colcon_ros.task.ament_cmake.build:Building ROS package in '/home/saber/robox_ws/src/arm_description' with build type 'ament_cmake'
[0.297s] INFO:colcon.colcon_cmake.task.cmake.build:Building CMake package in '/home/saber/robox_ws/src/arm_description'
[0.300s] INFO:colcon.colcon_core.plugin_system:Skipping extension 'colcon_core.shell.bat': Not used on non-Windows systems
[0.301s] DEBUG:colcon.colcon_core.shell:Skip shell extension 'dsv' for command environment
[0.311s] INFO:colcon.colcon_ros.task.ament_cmake.build:Building ROS package in '/home/saber/robox_ws/src/arm_moveit' with build type 'ament_cmake'
[0.311s] INFO:colcon.colcon_cmake.task.cmake.build:Building CMake package in '/home/saber/robox_ws/src/arm_moveit'
[0.311s] DEBUG:colcon.colcon_core.shell:Skip shell extension 'dsv' for command environment
[0.320s] DEBUG:colcon.colcon_core.event_handler.log_command:Invoking command in '/home/saber/robox_ws/build/arm_description': CMAKE_PREFIX_PATH=${CMAKE_PREFIX_PATH}:/home/saber/robox_ws/install/arduinobot_py_examples:/home/saber/arduinobot_ws/install/arduinobot_py_examples:/opt/ros/jazzy DEBUGINFOD_URLS=https://debuginfod.ubuntu.com /usr/bin/cmake --build /home/saber/robox_ws/build/arm_description -- -j16 -l16
[0.324s] DEBUG:colcon.colcon_core.event_handler.log_command:Invoking command in '/home/saber/robox_ws/build/arm_moveit': CMAKE_PREFIX_PATH=${CMAKE_PREFIX_PATH}:/home/saber/robox_ws/install/arduinobot_py_examples:/home/saber/arduinobot_ws/install/arduinobot_py_examples:/opt/ros/jazzy DEBUGINFOD_URLS=https://debuginfod.ubuntu.com /usr/bin/cmake --build /home/saber/robox_ws/build/arm_moveit -- -j16 -l16
[0.408s] DEBUG:colcon.colcon_core.event_handler.log_command:Invoked command in '/home/saber/robox_ws/build/arm_moveit' returned '0': CMAKE_PREFIX_PATH=${CMAKE_PREFIX_PATH}:/home/saber/robox_ws/install/arduinobot_py_examples:/home/saber/arduinobot_ws/install/arduinobot_py_examples:/opt/ros/jazzy DEBUGINFOD_URLS=https://debuginfod.ubuntu.com /usr/bin/cmake --build /home/saber/robox_ws/build/arm_moveit -- -j16 -l16
[0.420s] DEBUG:colcon.colcon_core.event_handler.log_command:Invoking command in '/home/saber/robox_ws/build/arm_moveit': CMAKE_PREFIX_PATH=${CMAKE_PREFIX_PATH}:/home/saber/robox_ws/install/arduinobot_py_examples:/home/saber/arduinobot_ws/install/arduinobot_py_examples:/opt/ros/jazzy DEBUGINFOD_URLS=https://debuginfod.ubuntu.com /usr/bin/cmake --install /home/saber/robox_ws/build/arm_moveit
[0.433s] Level 1:colcon.colcon_core.environment:create_environment_scripts_only(arm_moveit)
[0.434s] DEBUG:colcon.colcon_core.event_handler.log_command:Invoked command in '/home/saber/robox_ws/build/arm_moveit' returned '0': CMAKE_PREFIX_PATH=${CMAKE_PREFIX_PATH}:/home/saber/robox_ws/install/arduinobot_py_examples:/home/saber/arduinobot_ws/install/arduinobot_py_examples:/opt/ros/jazzy DEBUGINFOD_URLS=https://debuginfod.ubuntu.com /usr/bin/cmake --install /home/saber/robox_ws/build/arm_moveit
[0.438s] Level 1:colcon.colcon_core.environment:checking '/home/saber/robox_ws/install/arm_moveit' for CMake module files
[0.439s] Level 1:colcon.colcon_core.environment:checking '/home/saber/robox_ws/install/arm_moveit' for CMake config files
[0.439s] Level 1:colcon.colcon_core.shell:create_environment_hook('arm_moveit', 'cmake_prefix_path')
[0.439s] INFO:colcon.colcon_core.shell:Creating environment descriptor '/home/saber/robox_ws/install/arm_moveit/share/arm_moveit/hook/cmake_prefix_path.dsv'
[0.440s] INFO:colcon.colcon_core.shell:Creating environment hook '/home/saber/robox_ws/install/arm_moveit/share/arm_moveit/hook/cmake_prefix_path.sh'
[0.441s] Level 1:colcon.colcon_core.environment:checking '/home/saber/robox_ws/install/arm_moveit/bin'
[0.441s] Level 1:colcon.colcon_core.environment:checking '/home/saber/robox_ws/install/arm_moveit/lib/pkgconfig/arm_moveit.pc'
[0.443s] Level 1:colcon.colcon_core.environment:checking '/home/saber/robox_ws/install/arm_moveit/lib/python3.12/site-packages'
[0.443s] Level 1:colcon.colcon_core.environment:checking '/home/saber/robox_ws/install/arm_moveit/bin'
[0.444s] INFO:colcon.colcon_core.shell:Creating package descriptor '/home/saber/robox_ws/install/arm_moveit/share/arm_moveit/package.dsv'
[0.445s] INFO:colcon.colcon_core.shell:Creating package script '/home/saber/robox_ws/install/arm_moveit/share/arm_moveit/package.sh'
[0.446s] INFO:colcon.colcon_core.shell:Creating package script '/home/saber/robox_ws/install/arm_moveit/share/arm_moveit/package.bash'
[0.446s] INFO:colcon.colcon_core.shell:Creating package script '/home/saber/robox_ws/install/arm_moveit/share/arm_moveit/package.zsh'
[0.447s] Level 1:colcon.colcon_core.environment:create_file_with_runtime_dependencies(/home/saber/robox_ws/install/arm_moveit/share/colcon-core/packages/arm_moveit)
[0.448s] Level 1:colcon.colcon_core.environment:create_environment_scripts_only(arm_moveit)
[0.448s] Level 1:colcon.colcon_core.environment:checking '/home/saber/robox_ws/install/arm_moveit' for CMake module files
[0.448s] Level 1:colcon.colcon_core.environment:checking '/home/saber/robox_ws/install/arm_moveit' for CMake config files
[0.448s] Level 1:colcon.colcon_core.shell:create_environment_hook('arm_moveit', 'cmake_prefix_path')
[0.449s] INFO:colcon.colcon_core.shell:Creating environment descriptor '/home/saber/robox_ws/install/arm_moveit/share/arm_moveit/hook/cmake_prefix_path.dsv'
[0.449s] INFO:colcon.colcon_core.shell:Creating environment hook '/home/saber/robox_ws/install/arm_moveit/share/arm_moveit/hook/cmake_prefix_path.sh'
[0.450s] Level 1:colcon.colcon_core.environment:checking '/home/saber/robox_ws/install/arm_moveit/bin'
[0.450s] Level 1:colcon.colcon_core.environment:checking '/home/saber/robox_ws/install/arm_moveit/lib/pkgconfig/arm_moveit.pc'
[0.450s] Level 1:colcon.colcon_core.environment:checking '/home/saber/robox_ws/install/arm_moveit/lib/python3.12/site-packages'
[0.450s] Level 1:colcon.colcon_core.environment:checking '/home/saber/robox_ws/install/arm_moveit/bin'
[0.450s] INFO:colcon.colcon_core.shell:Creating package descriptor '/home/saber/robox_ws/install/arm_moveit/share/arm_moveit/package.dsv'
[0.451s] INFO:colcon.colcon_core.shell:Creating package script '/home/saber/robox_ws/install/arm_moveit/share/arm_moveit/package.sh'
[0.451s] INFO:colcon.colcon_core.shell:Creating package script '/home/saber/robox_ws/install/arm_moveit/share/arm_moveit/package.bash'
[0.452s] INFO:colcon.colcon_core.shell:Creating package script '/home/saber/robox_ws/install/arm_moveit/share/arm_moveit/package.zsh'
[0.452s] Level 1:colcon.colcon_core.environment:create_file_with_runtime_dependencies(/home/saber/robox_ws/install/arm_moveit/share/colcon-core/packages/arm_moveit)
[0.795s] DEBUG:colcon.colcon_core.event_handler.log_command:Invoked command in '/home/saber/robox_ws/build/arm_description' returned '0': CMAKE_PREFIX_PATH=${CMAKE_PREFIX_PATH}:/home/saber/robox_ws/install/arduinobot_py_examples:/home/saber/arduinobot_ws/install/arduinobot_py_examples:/opt/ros/jazzy DEBUGINFOD_URLS=https://debuginfod.ubuntu.com /usr/bin/cmake --build /home/saber/robox_ws/build/arm_description -- -j16 -l16
[0.796s] DEBUG:colcon.colcon_core.event_handler.log_command:Invoking command in '/home/saber/robox_ws/build/arm_description': CMAKE_PREFIX_PATH=${CMAKE_PREFIX_PATH}:/home/saber/robox_ws/install/arduinobot_py_examples:/home/saber/arduinobot_ws/install/arduinobot_py_examples:/opt/ros/jazzy DEBUGINFOD_URLS=https://debuginfod.ubuntu.com /usr/bin/cmake --install /home/saber/robox_ws/build/arm_description
[0.874s] Level 1:colcon.colcon_core.environment:create_environment_scripts_only(arm_description)
[0.874s] Level 1:colcon.colcon_core.environment:checking '/home/saber/robox_ws/install/arm_description' for CMake module files
[0.875s] DEBUG:colcon.colcon_core.event_handler.log_command:Invoked command in '/home/saber/robox_ws/build/arm_description' returned '0': CMAKE_PREFIX_PATH=${CMAKE_PREFIX_PATH}:/home/saber/robox_ws/install/arduinobot_py_examples:/home/saber/arduinobot_ws/install/arduinobot_py_examples:/opt/ros/jazzy DEBUGINFOD_URLS=https://debuginfod.ubuntu.com /usr/bin/cmake --install /home/saber/robox_ws/build/arm_description
[0.875s] Level 1:colcon.colcon_core.environment:checking '/home/saber/robox_ws/install/arm_description' for CMake config files
[0.878s] Level 1:colcon.colcon_core.shell:create_environment_hook('arm_description', 'cmake_prefix_path')
[0.878s] INFO:colcon.colcon_core.shell:Creating environment descriptor '/home/saber/robox_ws/install/arm_description/share/arm_description/hook/cmake_prefix_path.dsv'
[0.879s] INFO:colcon.colcon_core.shell:Creating environment hook '/home/saber/robox_ws/install/arm_description/share/arm_description/hook/cmake_prefix_path.sh'
[0.879s] Level 1:colcon.colcon_core.environment:checking '/home/saber/robox_ws/install/arm_description/lib'
[0.879s] Level 1:colcon.colcon_core.shell:create_environment_hook('arm_description', 'ld_library_path_lib')
[0.880s] INFO:colcon.colcon_core.shell:Creating environment descriptor '/home/saber/robox_ws/install/arm_description/share/arm_description/hook/ld_library_path_lib.dsv'
[0.880s] INFO:colcon.colcon_core.shell:Creating environment hook '/home/saber/robox_ws/install/arm_description/share/arm_description/hook/ld_library_path_lib.sh'
[0.880s] Level 1:colcon.colcon_core.environment:checking '/home/saber/robox_ws/install/arm_description/bin'
[0.880s] Level 1:colcon.colcon_core.environment:checking '/home/saber/robox_ws/install/arm_description/lib/pkgconfig/arm_description.pc'
[0.880s] Level 1:colcon.colcon_core.environment:checking '/home/saber/robox_ws/install/arm_description/lib/python3.12/site-packages'
[0.880s] Level 1:colcon.colcon_core.shell:create_environment_hook('arm_description', 'pythonpath')
[0.881s] INFO:colcon.colcon_core.shell:Creating environment descriptor '/home/saber/robox_ws/install/arm_description/share/arm_description/hook/pythonpath.dsv'
[0.881s] INFO:colcon.colcon_core.shell:Creating environment hook '/home/saber/robox_ws/install/arm_description/share/arm_description/hook/pythonpath.sh'
[0.881s] Level 1:colcon.colcon_core.environment:checking '/home/saber/robox_ws/install/arm_description/bin'
[0.881s] INFO:colcon.colcon_core.shell:Creating package descriptor '/home/saber/robox_ws/install/arm_description/share/arm_description/package.dsv'
[0.882s] INFO:colcon.colcon_core.shell:Creating package script '/home/saber/robox_ws/install/arm_description/share/arm_description/package.sh'
[0.882s] INFO:colcon.colcon_core.shell:Creating package script '/home/saber/robox_ws/install/arm_description/share/arm_description/package.bash'
[0.882s] INFO:colcon.colcon_core.shell:Creating package script '/home/saber/robox_ws/install/arm_description/share/arm_description/package.zsh'
[0.883s] Level 1:colcon.colcon_core.environment:create_file_with_runtime_dependencies(/home/saber/robox_ws/install/arm_description/share/colcon-core/packages/arm_description)
[0.883s] Level 1:colcon.colcon_core.environment:create_environment_scripts_only(arm_description)
[0.883s] Level 1:colcon.colcon_core.environment:checking '/home/saber/robox_ws/install/arm_description' for CMake module files
[0.884s] Level 1:colcon.colcon_core.environment:checking '/home/saber/robox_ws/install/arm_description' for CMake config files
[0.884s] Level 1:colcon.colcon_core.shell:create_environment_hook('arm_description', 'cmake_prefix_path')
[0.884s] INFO:colcon.colcon_core.shell:Creating environment descriptor '/home/saber/robox_ws/install/arm_description/share/arm_description/hook/cmake_prefix_path.dsv'
[0.885s] INFO:colcon.colcon_core.shell:Creating environment hook '/home/saber/robox_ws/install/arm_description/share/arm_description/hook/cmake_prefix_path.sh'
[0.885s] Level 1:colcon.colcon_core.environment:checking '/home/saber/robox_ws/install/arm_description/lib'
[0.885s] Level 1:colcon.colcon_core.shell:create_environment_hook('arm_description', 'ld_library_path_lib')
[0.885s] INFO:colcon.colcon_core.shell:Creating environment descriptor '/home/saber/robox_ws/install/arm_description/share/arm_description/hook/ld_library_path_lib.dsv'
[0.886s] INFO:colcon.colcon_core.shell:Creating environment hook '/home/saber/robox_ws/install/arm_description/share/arm_description/hook/ld_library_path_lib.sh'
[0.886s] Level 1:colcon.colcon_core.environment:checking '/home/saber/robox_ws/install/arm_description/bin'
[0.886s] Level 1:colcon.colcon_core.environment:checking '/home/saber/robox_ws/install/arm_description/lib/pkgconfig/arm_description.pc'
[0.886s] Level 1:colcon.colcon_core.environment:checking '/home/saber/robox_ws/install/arm_description/lib/python3.12/site-packages'
[0.886s] Level 1:colcon.colcon_core.shell:create_environment_hook('arm_description', 'pythonpath')
[0.886s] INFO:colcon.colcon_core.shell:Creating environment descriptor '/home/saber/robox_ws/install/arm_description/share/arm_description/hook/pythonpath.dsv'
[0.887s] INFO:colcon.colcon_core.shell:Creating environment hook '/home/saber/robox_ws/install/arm_description/share/arm_description/hook/pythonpath.sh'
[0.887s] Level 1:colcon.colcon_core.environment:checking '/home/saber/robox_ws/install/arm_description/bin'
[0.887s] INFO:colcon.colcon_core.shell:Creating package descriptor '/home/saber/robox_ws/install/arm_description/share/arm_description/package.dsv'
[0.887s] INFO:colcon.colcon_core.shell:Creating package script '/home/saber/robox_ws/install/arm_description/share/arm_description/package.sh'
[0.888s] INFO:colcon.colcon_core.shell:Creating package script '/home/saber/robox_ws/install/arm_description/share/arm_description/package.bash'
[0.888s] INFO:colcon.colcon_core.shell:Creating package script '/home/saber/robox_ws/install/arm_description/share/arm_description/package.zsh'
[0.888s] Level 1:colcon.colcon_core.environment:create_file_with_runtime_dependencies(/home/saber/robox_ws/install/arm_description/share/colcon-core/packages/arm_description)
[0.889s] INFO:colcon.colcon_ros.task.ament_cmake.build:Building ROS package in '/home/saber/robox_ws/src/robotic_arm_moveit_config' with build type 'ament_cmake'
[0.889s] INFO:colcon.colcon_cmake.task.cmake.build:Building CMake package in '/home/saber/robox_ws/src/robotic_arm_moveit_config'
[0.889s] DEBUG:colcon.colcon_core.shell:Skip shell extension 'dsv' for command environment
[0.901s] DEBUG:colcon.colcon_core.event_handler.log_command:Invoking command in '/home/saber/robox_ws/build/robotic_arm_moveit_config': CMAKE_PREFIX_PATH=/home/saber/robox_ws/install/arm_description:/home/saber/robox_ws/install/robotic_arm_moveit_config:/home/saber/robox_ws/install/arm_moveit:/home/saber/arduinobot_ws/install/controller:/home/saber/arduinobot_ws/install/arm_description:/home/saber/arduinobot_ws/install/arduinobot_cpp_examples:/opt/ros/jazzy/opt/gz_sim_vendor:/opt/ros/jazzy/opt/gz_sensors_vendor:/opt/ros/jazzy/opt/gz_physics_vendor:/opt/ros/jazzy/opt/sdformat_vendor:/opt/ros/jazzy/opt/gz_gui_vendor:/opt/ros/jazzy/opt/gz_transport_vendor:/opt/ros/jazzy/opt/gz_rendering_vendor:/opt/ros/jazzy/opt/gz_plugin_vendor:/opt/ros/jazzy/opt/gz_fuel_tools_vendor:/opt/ros/jazzy/opt/gz_msgs_vendor:/opt/ros/jazzy/opt/gz_common_vendor:/opt/ros/jazzy/opt/gz_math_vendor:/opt/ros/jazzy/opt/gz_utils_vendor:/opt/ros/jazzy/opt/gz_tools_vendor:/opt/ros/jazzy/opt/gz_ogre_next_vendor:/opt/ros/jazzy/opt/gz_dartsim_vendor:/opt/ros/jazzy/opt/gz_cmake_vendor:/home/saber/robox_ws/install/arduinobot_py_examples:/home/saber/arduinobot_ws/install/arduinobot_py_examples:/opt/ros/jazzy DEBUGINFOD_URLS=https://debuginfod.ubuntu.com PYTHONPATH=/home/saber/robox_ws/install/arm_description/lib/python3.12/site-packages:/home/saber/robox_ws/install/arduinobot_py_examples/lib/python3.12/site-packages:/home/saber/arduinobot_ws/install/arduinobot_py_examples/lib/python3.12/site-packages:/opt/ros/jazzy/lib/python3.12/site-packages /usr/bin/cmake --build /home/saber/robox_ws/build/robotic_arm_moveit_config -- -j16 -l16
[0.945s] DEBUG:colcon.colcon_core.event_handler.log_command:Invoked command in '/home/saber/robox_ws/build/robotic_arm_moveit_config' returned '0': CMAKE_PREFIX_PATH=/home/saber/robox_ws/install/arm_description:/home/saber/robox_ws/install/robotic_arm_moveit_config:/home/saber/robox_ws/install/arm_moveit:/home/saber/arduinobot_ws/install/controller:/home/saber/arduinobot_ws/install/arm_description:/home/saber/arduinobot_ws/install/arduinobot_cpp_examples:/opt/ros/jazzy/opt/gz_sim_vendor:/opt/ros/jazzy/opt/gz_sensors_vendor:/opt/ros/jazzy/opt/gz_physics_vendor:/opt/ros/jazzy/opt/sdformat_vendor:/opt/ros/jazzy/opt/gz_gui_vendor:/opt/ros/jazzy/opt/gz_transport_vendor:/opt/ros/jazzy/opt/gz_rendering_vendor:/opt/ros/jazzy/opt/gz_plugin_vendor:/opt/ros/jazzy/opt/gz_fuel_tools_vendor:/opt/ros/jazzy/opt/gz_msgs_vendor:/opt/ros/jazzy/opt/gz_common_vendor:/opt/ros/jazzy/opt/gz_math_vendor:/opt/ros/jazzy/opt/gz_utils_vendor:/opt/ros/jazzy/opt/gz_tools_vendor:/opt/ros/jazzy/opt/gz_ogre_next_vendor:/opt/ros/jazzy/opt/gz_dartsim_vendor:/opt/ros/jazzy/opt/gz_cmake_vendor:/home/saber/robox_ws/install/arduinobot_py_examples:/home/saber/arduinobot_ws/install/arduinobot_py_examples:/opt/ros/jazzy DEBUGINFOD_URLS=https://debuginfod.ubuntu.com PYTHONPATH=/home/saber/robox_ws/install/arm_description/lib/python3.12/site-packages:/home/saber/robox_ws/install/arduinobot_py_examples/lib/python3.12/site-packages:/home/saber/arduinobot_ws/install/arduinobot_py_examples/lib/python3.12/site-packages:/opt/ros/jazzy/lib/python3.12/site-packages /usr/bin/cmake --build /home/saber/robox_ws/build/robotic_arm_moveit_config -- -j16 -l16
[0.946s] DEBUG:colcon.colcon_core.event_handler.log_command:Invoking command in '/home/saber/robox_ws/build/robotic_arm_moveit_config': CMAKE_PREFIX_PATH=/home/saber/robox_ws/install/arm_description:/home/saber/robox_ws/install/robotic_arm_moveit_config:/home/saber/robox_ws/install/arm_moveit:/home/saber/arduinobot_ws/install/controller:/home/saber/arduinobot_ws/install/arm_description:/home/saber/arduinobot_ws/install/arduinobot_cpp_examples:/opt/ros/jazzy/opt/gz_sim_vendor:/opt/ros/jazzy/opt/gz_sensors_vendor:/opt/ros/jazzy/opt/gz_physics_vendor:/opt/ros/jazzy/opt/sdformat_vendor:/opt/ros/jazzy/opt/gz_gui_vendor:/opt/ros/jazzy/opt/gz_transport_vendor:/opt/ros/jazzy/opt/gz_rendering_vendor:/opt/ros/jazzy/opt/gz_plugin_vendor:/opt/ros/jazzy/opt/gz_fuel_tools_vendor:/opt/ros/jazzy/opt/gz_msgs_vendor:/opt/ros/jazzy/opt/gz_common_vendor:/opt/ros/jazzy/opt/gz_math_vendor:/opt/ros/jazzy/opt/gz_utils_vendor:/opt/ros/jazzy/opt/gz_tools_vendor:/opt/ros/jazzy/opt/gz_ogre_next_vendor:/opt/ros/jazzy/opt/gz_dartsim_vendor:/opt/ros/jazzy/opt/gz_cmake_vendor:/home/saber/robox_ws/install/arduinobot_py_examples:/home/saber/arduinobot_ws/install/arduinobot_py_examples:/opt/ros/jazzy DEBUGINFOD_URLS=https://debuginfod.ubuntu.com PYTHONPATH=/home/saber/robox_ws/install/arm_description/lib/python3.12/site-packages:/home/saber/robox_ws/install/arduinobot_py_examples/lib/python3.12/site-packages:/home/saber/arduinobot_ws/install/arduinobot_py_examples/lib/python3.12/site-packages:/opt/ros/jazzy/lib/python3.12/site-packages /usr/bin/cmake --install /home/saber/robox_ws/build/robotic_arm_moveit_config
[0.960s] Level 1:colcon.colcon_core.environment:create_environment_scripts_only(robotic_arm_moveit_config)
[0.960s] Level 1:colcon.colcon_core.environment:checking '/home/saber/robox_ws/install/robotic_arm_moveit_config' for CMake module files
[0.961s] DEBUG:colcon.colcon_core.event_handler.log_command:Invoked command in '/home/saber/robox_ws/build/robotic_arm_moveit_config' returned '0': CMAKE_PREFIX_PATH=/home/saber/robox_ws/install/arm_description:/home/saber/robox_ws/install/robotic_arm_moveit_config:/home/saber/robox_ws/install/arm_moveit:/home/saber/arduinobot_ws/install/controller:/home/saber/arduinobot_ws/install/arm_description:/home/saber/arduinobot_ws/install/arduinobot_cpp_examples:/opt/ros/jazzy/opt/gz_sim_vendor:/opt/ros/jazzy/opt/gz_sensors_vendor:/opt/ros/jazzy/opt/gz_physics_vendor:/opt/ros/jazzy/opt/sdformat_vendor:/opt/ros/jazzy/opt/gz_gui_vendor:/opt/ros/jazzy/opt/gz_transport_vendor:/opt/ros/jazzy/opt/gz_rendering_vendor:/opt/ros/jazzy/opt/gz_plugin_vendor:/opt/ros/jazzy/opt/gz_fuel_tools_vendor:/opt/ros/jazzy/opt/gz_msgs_vendor:/opt/ros/jazzy/opt/gz_common_vendor:/opt/ros/jazzy/opt/gz_math_vendor:/opt/ros/jazzy/opt/gz_utils_vendor:/opt/ros/jazzy/opt/gz_tools_vendor:/opt/ros/jazzy/opt/gz_ogre_next_vendor:/opt/ros/jazzy/opt/gz_dartsim_vendor:/opt/ros/jazzy/opt/gz_cmake_vendor:/home/saber/robox_ws/install/arduinobot_py_examples:/home/saber/arduinobot_ws/install/arduinobot_py_examples:/opt/ros/jazzy DEBUGINFOD_URLS=https://debuginfod.ubuntu.com PYTHONPATH=/home/saber/robox_ws/install/arm_description/lib/python3.12/site-packages:/home/saber/robox_ws/install/arduinobot_py_examples/lib/python3.12/site-packages:/home/saber/arduinobot_ws/install/arduinobot_py_examples/lib/python3.12/site-packages:/opt/ros/jazzy/lib/python3.12/site-packages /usr/bin/cmake --install /home/saber/robox_ws/build/robotic_arm_moveit_config
[0.961s] Level 1:colcon.colcon_core.environment:checking '/home/saber/robox_ws/install/robotic_arm_moveit_config' for CMake config files
[0.963s] Level 1:colcon.colcon_core.shell:create_environment_hook('robotic_arm_moveit_config', 'cmake_prefix_path')
[0.963s] INFO:colcon.colcon_core.shell:Creating environment descriptor '/home/saber/robox_ws/install/robotic_arm_moveit_config/share/robotic_arm_moveit_config/hook/cmake_prefix_path.dsv'
[0.963s] INFO:colcon.colcon_core.shell:Creating environment hook '/home/saber/robox_ws/install/robotic_arm_moveit_config/share/robotic_arm_moveit_config/hook/cmake_prefix_path.sh'
[0.964s] Level 1:colcon.colcon_core.environment:checking '/home/saber/robox_ws/install/robotic_arm_moveit_config/bin'
[0.964s] Level 1:colcon.colcon_core.environment:checking '/home/saber/robox_ws/install/robotic_arm_moveit_config/lib/pkgconfig/robotic_arm_moveit_config.pc'
[0.964s] Level 1:colcon.colcon_core.environment:checking '/home/saber/robox_ws/install/robotic_arm_moveit_config/lib/python3.12/site-packages'
[0.964s] Level 1:colcon.colcon_core.environment:checking '/home/saber/robox_ws/install/robotic_arm_moveit_config/bin'
[0.964s] INFO:colcon.colcon_core.shell:Creating package descriptor '/home/saber/robox_ws/install/robotic_arm_moveit_config/share/robotic_arm_moveit_config/package.dsv'
[0.964s] INFO:colcon.colcon_core.shell:Creating package script '/home/saber/robox_ws/install/robotic_arm_moveit_config/share/robotic_arm_moveit_config/package.sh'
[0.965s] INFO:colcon.colcon_core.shell:Creating package script '/home/saber/robox_ws/install/robotic_arm_moveit_config/share/robotic_arm_moveit_config/package.bash'
[0.965s] INFO:colcon.colcon_core.shell:Creating package script '/home/saber/robox_ws/install/robotic_arm_moveit_config/share/robotic_arm_moveit_config/package.zsh'
[0.965s] Level 1:colcon.colcon_core.environment:create_file_with_runtime_dependencies(/home/saber/robox_ws/install/robotic_arm_moveit_config/share/colcon-core/packages/robotic_arm_moveit_config)
[0.966s] Level 1:colcon.colcon_core.environment:create_environment_scripts_only(robotic_arm_moveit_config)
[0.966s] Level 1:colcon.colcon_core.environment:checking '/home/saber/robox_ws/install/robotic_arm_moveit_config' for CMake module files
[0.966s] Level 1:colcon.colcon_core.environment:checking '/home/saber/robox_ws/install/robotic_arm_moveit_config' for CMake config files
[0.966s] Level 1:colcon.colcon_core.shell:create_environment_hook('robotic_arm_moveit_config', 'cmake_prefix_path')
[0.966s] INFO:colcon.colcon_core.shell:Creating environment descriptor '/home/saber/robox_ws/install/robotic_arm_moveit_config/share/robotic_arm_moveit_config/hook/cmake_prefix_path.dsv'
[0.967s] INFO:colcon.colcon_core.shell:Creating environment hook '/home/saber/robox_ws/install/robotic_arm_moveit_config/share/robotic_arm_moveit_config/hook/cmake_prefix_path.sh'
[0.967s] Level 1:colcon.colcon_core.environment:checking '/home/saber/robox_ws/install/robotic_arm_moveit_config/bin'
[0.967s] Level 1:colcon.colcon_core.environment:checking '/home/saber/robox_ws/install/robotic_arm_moveit_config/lib/pkgconfig/robotic_arm_moveit_config.pc'
[0.967s] Level 1:colcon.colcon_core.environment:checking '/home/saber/robox_ws/install/robotic_arm_moveit_config/lib/python3.12/site-packages'
[0.967s] Level 1:colcon.colcon_core.environment:checking '/home/saber/robox_ws/install/robotic_arm_moveit_config/bin'
[0.968s] INFO:colcon.colcon_core.shell:Creating package descriptor '/home/saber/robox_ws/install/robotic_arm_moveit_config/share/robotic_arm_moveit_config/package.dsv'
[0.968s] INFO:colcon.colcon_core.shell:Creating package script '/home/saber/robox_ws/install/robotic_arm_moveit_config/share/robotic_arm_moveit_config/package.sh'
[0.972s] INFO:colcon.colcon_core.shell:Creating package script '/home/saber/robox_ws/install/robotic_arm_moveit_config/share/robotic_arm_moveit_config/package.bash'
[0.973s] INFO:colcon.colcon_core.shell:Creating package script '/home/saber/robox_ws/install/robotic_arm_moveit_config/share/robotic_arm_moveit_config/package.zsh'
[0.973s] Level 1:colcon.colcon_core.environment:create_file_with_runtime_dependencies(/home/saber/robox_ws/install/robotic_arm_moveit_config/share/colcon-core/packages/robotic_arm_moveit_config)
[0.973s] INFO:colcon.colcon_ros.task.ament_python.build:Building ROS package in '/home/saber/robox_ws/src/arduinobot_py_examples' with build type 'ament_python'
[0.973s] Level 1:colcon.colcon_core.shell:create_environment_hook('arduinobot_py_examples', 'ament_prefix_path')
[0.973s] INFO:colcon.colcon_core.shell:Creating environment descriptor '/home/saber/robox_ws/install/arduinobot_py_examples/share/arduinobot_py_examples/hook/ament_prefix_path.dsv'
[0.974s] INFO:colcon.colcon_core.shell:Creating environment hook '/home/saber/robox_ws/install/arduinobot_py_examples/share/arduinobot_py_examples/hook/ament_prefix_path.sh'
[0.974s] DEBUG:colcon.colcon_core.shell:Skip shell extension 'dsv' for command environment
[1.190s] INFO:colcon.colcon_core.task.python.build:Building Python package in '/home/saber/robox_ws/src/arduinobot_py_examples'
[1.191s] DEBUG:colcon.colcon_core.shell:Skip shell extension 'dsv' for command environment
[1.894s] DEBUG:colcon.colcon_core.event_handler.log_command:Invoking command in '/home/saber/robox_ws/src/arduinobot_py_examples': CMAKE_PREFIX_PATH=/home/saber/robox_ws/install/robotic_arm_moveit_config:/home/saber/robox_ws/install/arm_description:/home/saber/robox_ws/install/arm_moveit:/home/saber/arduinobot_ws/install/controller:/home/saber/arduinobot_ws/install/arm_description:/home/saber/arduinobot_ws/install/arduinobot_cpp_examples:/opt/ros/jazzy/opt/gz_sim_vendor:/opt/ros/jazzy/opt/gz_sensors_vendor:/opt/ros/jazzy/opt/gz_physics_vendor:/opt/ros/jazzy/opt/sdformat_vendor:/opt/ros/jazzy/opt/gz_gui_vendor:/opt/ros/jazzy/opt/gz_transport_vendor:/opt/ros/jazzy/opt/gz_rendering_vendor:/opt/ros/jazzy/opt/gz_plugin_vendor:/opt/ros/jazzy/opt/gz_fuel_tools_vendor:/opt/ros/jazzy/opt/gz_msgs_vendor:/opt/ros/jazzy/opt/gz_common_vendor:/opt/ros/jazzy/opt/gz_math_vendor:/opt/ros/jazzy/opt/gz_utils_vendor:/opt/ros/jazzy/opt/gz_tools_vendor:/opt/ros/jazzy/opt/gz_ogre_next_vendor:/opt/ros/jazzy/opt/gz_dartsim_vendor:/opt/ros/jazzy/opt/gz_cmake_vendor DEBUGINFOD_URLS=https://debuginfod.ubuntu.com PYTHONPATH=/home/saber/robox_ws/build/arduinobot_py_examples/prefix_override:/usr/lib/python3/dist-packages/colcon_core/task/python/colcon_distutils_commands:/home/saber/robox_ws/install/arduinobot_py_examples/lib/python3.12/site-packages:/home/saber/robox_ws/install/arm_description/lib/python3.12/site-packages:/home/saber/robox_ws/install/arduinobot_py_examples/lib/python3.12/site-packages:/home/saber/arduinobot_ws/install/arduinobot_py_examples/lib/python3.12/site-packages:/opt/ros/jazzy/lib/python3.12/site-packages /usr/bin/python3 -W ignore:setup.py install is deprecated -W ignore:easy_install command is deprecated setup.py egg_info --egg-base ../../build/arduinobot_py_examples build --build-base /home/saber/robox_ws/build/arduinobot_py_examples/build install --record /home/saber/robox_ws/build/arduinobot_py_examples/install.log --single-version-externally-managed install_data
[2.395s] Level 1:colcon.colcon_core.environment:checking '/home/saber/robox_ws/install/arduinobot_py_examples' for CMake module files
[2.396s] DEBUG:colcon.colcon_core.event_handler.log_command:Invoked command in '/home/saber/robox_ws/src/arduinobot_py_examples' returned '0': CMAKE_PREFIX_PATH=/home/saber/robox_ws/install/robotic_arm_moveit_config:/home/saber/robox_ws/install/arm_description:/home/saber/robox_ws/install/arm_moveit:/home/saber/arduinobot_ws/install/controller:/home/saber/arduinobot_ws/install/arm_description:/home/saber/arduinobot_ws/install/arduinobot_cpp_examples:/opt/ros/jazzy/opt/gz_sim_vendor:/opt/ros/jazzy/opt/gz_sensors_vendor:/opt/ros/jazzy/opt/gz_physics_vendor:/opt/ros/jazzy/opt/sdformat_vendor:/opt/ros/jazzy/opt/gz_gui_vendor:/opt/ros/jazzy/opt/gz_transport_vendor:/opt/ros/jazzy/opt/gz_rendering_vendor:/opt/ros/jazzy/opt/gz_plugin_vendor:/opt/ros/jazzy/opt/gz_fuel_tools_vendor:/opt/ros/jazzy/opt/gz_msgs_vendor:/opt/ros/jazzy/opt/gz_common_vendor:/opt/ros/jazzy/opt/gz_math_vendor:/opt/ros/jazzy/opt/gz_utils_vendor:/opt/ros/jazzy/opt/gz_tools_vendor:/opt/ros/jazzy/opt/gz_ogre_next_vendor:/opt/ros/jazzy/opt/gz_dartsim_vendor:/opt/ros/jazzy/opt/gz_cmake_vendor DEBUGINFOD_URLS=https://debuginfod.ubuntu.com PYTHONPATH=/home/saber/robox_ws/build/arduinobot_py_examples/prefix_override:/usr/lib/python3/dist-packages/colcon_core/task/python/colcon_distutils_commands:/home/saber/robox_ws/install/arduinobot_py_examples/lib/python3.12/site-packages:/home/saber/robox_ws/install/arm_description/lib/python3.12/site-packages:/home/saber/robox_ws/install/arduinobot_py_examples/lib/python3.12/site-packages:/home/saber/arduinobot_ws/install/arduinobot_py_examples/lib/python3.12/site-packages:/opt/ros/jazzy/lib/python3.12/site-packages /usr/bin/python3 -W ignore:setup.py install is deprecated -W ignore:easy_install command is deprecated setup.py egg_info --egg-base ../../build/arduinobot_py_examples build --build-base /home/saber/robox_ws/build/arduinobot_py_examples/build install --record /home/saber/robox_ws/build/arduinobot_py_examples/install.log --single-version-externally-managed install_data
[2.397s] Level 1:colcon.colcon_core.environment:checking '/home/saber/robox_ws/install/arduinobot_py_examples' for CMake config files
[2.398s] Level 1:colcon.colcon_core.environment:checking '/home/saber/robox_ws/install/arduinobot_py_examples/lib'
[2.398s] Level 1:colcon.colcon_core.environment:checking '/home/saber/robox_ws/install/arduinobot_py_examples/bin'
[2.398s] Level 1:colcon.colcon_core.environment:checking '/home/saber/robox_ws/install/arduinobot_py_examples/lib/pkgconfig/arduinobot_py_examples.pc'
[2.398s] Level 1:colcon.colcon_core.environment:checking '/home/saber/robox_ws/install/arduinobot_py_examples/lib/python3.12/site-packages'
[2.398s] Level 1:colcon.colcon_core.shell:create_environment_hook('arduinobot_py_examples', 'pythonpath')
[2.399s] INFO:colcon.colcon_core.shell:Creating environment descriptor '/home/saber/robox_ws/install/arduinobot_py_examples/share/arduinobot_py_examples/hook/pythonpath.dsv'
[2.399s] INFO:colcon.colcon_core.shell:Creating environment hook '/home/saber/robox_ws/install/arduinobot_py_examples/share/arduinobot_py_examples/hook/pythonpath.sh'
[2.399s] Level 1:colcon.colcon_core.environment:checking '/home/saber/robox_ws/install/arduinobot_py_examples/bin'
[2.399s] Level 1:colcon.colcon_core.environment:create_environment_scripts_only(arduinobot_py_examples)
[2.400s] INFO:colcon.colcon_core.shell:Creating package descriptor '/home/saber/robox_ws/install/arduinobot_py_examples/share/arduinobot_py_examples/package.dsv'
[2.400s] INFO:colcon.colcon_core.shell:Creating package script '/home/saber/robox_ws/install/arduinobot_py_examples/share/arduinobot_py_examples/package.sh'
[2.400s] INFO:colcon.colcon_core.shell:Creating package script '/home/saber/robox_ws/install/arduinobot_py_examples/share/arduinobot_py_examples/package.bash'
[2.401s] INFO:colcon.colcon_core.shell:Creating package script '/home/saber/robox_ws/install/arduinobot_py_examples/share/arduinobot_py_examples/package.zsh'
[2.401s] Level 1:colcon.colcon_core.environment:create_file_with_runtime_dependencies(/home/saber/robox_ws/install/arduinobot_py_examples/share/colcon-core/packages/arduinobot_py_examples)
[2.401s] DEBUG:colcon.colcon_parallel_executor.executor.parallel:closing loop
[2.401s] DEBUG:colcon.colcon_parallel_executor.executor.parallel:loop closed
[2.401s] DEBUG:colcon.colcon_parallel_executor.executor.parallel:run_until_complete finished with '0'
[2.401s] DEBUG:colcon.colcon_core.event_reactor:joining thread
[2.410s] INFO:colcon.colcon_core.plugin_system:Skipping extension 'colcon_notification.desktop_notification.terminal_notifier': Not used on non-Darwin systems
[2.410s] INFO:colcon.colcon_core.plugin_system:Skipping extension 'colcon_notification.desktop_notification.win32': Not used on non-Windows systems
[2.410s] INFO:colcon.colcon_notification.desktop_notification:Sending desktop notification using 'notify2'
[2.421s] DEBUG:colcon.colcon_core.event_reactor:joined thread
[2.421s] INFO:colcon.colcon_core.shell:Creating prefix script '/home/saber/robox_ws/install/local_setup.sh'
[2.422s] INFO:colcon.colcon_core.shell:Creating prefix util module '/home/saber/robox_ws/install/_local_setup_util_sh.py'
[2.423s] INFO:colcon.colcon_core.shell:Creating prefix chain script '/home/saber/robox_ws/install/setup.sh'
[2.424s] INFO:colcon.colcon_core.shell:Creating prefix script '/home/saber/robox_ws/install/local_setup.bash'
[2.425s] INFO:colcon.colcon_core.shell:Creating prefix chain script '/home/saber/robox_ws/install/setup.bash'
[2.426s] INFO:colcon.colcon_core.shell:Creating prefix script '/home/saber/robox_ws/install/local_setup.zsh'
[2.427s] INFO:colcon.colcon_core.shell:Creating prefix chain script '/home/saber/robox_ws/install/setup.zsh'
