-- The CXX compiler identification is GNU 13.3.0
-- Detecting CXX compiler ABI info
-- Detecting CXX compiler ABI info - done
-- Check for working CXX compiler: /usr/bin/c++ - skipped
-- Detecting CXX compile features
-- Detecting CXX compile features - done
-- Found ament_cmake: 2.5.4 (/opt/ros/jazzy/share/ament_cmake/cmake)
-- Found Python3: /usr/bin/python3 (found version "3.12.3") found components: Interpreter 
-- Override CMake install command with custom implementation using symlinks instead of copying resources
-- Found rclcpp_action: 28.1.9 (/opt/ros/jazzy/share/rclcpp_action/cmake)
-- Found rosidl_generator_c: 4.6.5 (/opt/ros/jazzy/share/rosidl_generator_c/cmake)
-- Found rosidl_generator_cpp: 4.6.5 (/opt/ros/jazzy/share/rosidl_generator_cpp/cmake)
-- Using all available rosidl_typesupport_c: rosidl_typesupport_fastrtps_c;rosidl_typesupport_introspection_c
-- Using all available rosidl_typesupport_cpp: rosidl_typesupport_fastrtps_cpp;rosidl_typesupport_introspection_cpp
-- Found rmw_implementation_cmake: 7.3.2 (/opt/ros/jazzy/share/rmw_implementation_cmake/cmake)
-- Found rmw_cyclonedds_cpp: 2.2.3 (/opt/ros/jazzy/share/rmw_cyclonedds_cpp/cmake)
-- Using RMW implementation 'rmw_cyclonedds_cpp' as default
-- Found controller_manager_msgs: 4.29.0 (/opt/ros/jazzy/share/controller_manager_msgs/cmake)
-- Found moveit_core: 2.12.3 (/home/saber/robox_ws/install/moveit_core/share/moveit_core/cmake)
-- Found Boost: /usr/lib/x86_64-linux-gnu/cmake/Boost-1.83.0/BoostConfig.cmake (found version "1.83.0") found components: chrono date_time filesystem iostreams program_options regex serialization system thread 
-- Found parameter_traits: 0.4.0 (/opt/ros/jazzy/share/parameter_traits/cmake)
-- Found rclcpp_lifecycle: 28.1.9 (/opt/ros/jazzy/share/rclcpp_lifecycle/cmake)
-- Found Boost: /usr/lib/x86_64-linux-gnu/cmake/Boost-1.83.0/BoostConfig.cmake (found version "1.83.0") found components: filesystem 
-- Found Eigen3: TRUE (found version "3.4.0") 
-- Ensuring Eigen3 include directory is part of orocos-kdl CMake target
-- Found TinyXML2 via Config file: /usr/lib/x86_64-linux-gnu/cmake/tinyxml2
-- Found moveit_simple_controller_manager: 2.12.3 (/home/saber/robox_ws/install/moveit_simple_controller_manager/share/moveit_simple_controller_manager/cmake)
-- Found Boost: /usr/lib/x86_64-linux-gnu/cmake/Boost-1.83.0/BoostConfig.cmake (found version "1.83.0") found components: thread 
-- Found moveit_common: 2.12.3 (/home/saber/robox_ws/install/moveit_common/share/moveit_common/cmake)
-- Found Boost: /usr/lib/x86_64-linux-gnu/cmake/Boost-1.83.0/BoostConfig.cmake (found version "1.83.0") found components: system thread 
-- Found ament_cmake_gtest: 2.5.4 (/opt/ros/jazzy/share/ament_cmake_gtest/cmake)
-- Found gtest sources under '/opt/ros/jazzy/src/gtest_vendor': C++ tests using 'Google Test' will be built
-- The C compiler identification is GNU 13.3.0
-- Detecting C compiler ABI info
-- Detecting C compiler ABI info - done
-- Check for working C compiler: /usr/bin/cc - skipped
-- Detecting C compile features
-- Detecting C compile features - done
-- Found Threads: TRUE  
-- Configuring done (2.3s)
-- Generating done (0.1s)
-- Build files have been written to: /home/saber/robox_ws/build/moveit_ros_control_interface
[ 18%] [32mBuilding CXX object gtest/CMakeFiles/gtest.dir/src/gtest-all.cc.o[0m
[ 18%] [32mBuilding CXX object CMakeFiles/moveit_ros_control_interface_parallel_gripper_plugin.dir/src/parallel_gripper_command_controller_plugin.cpp.o[0m
[ 43%] [32mBuilding CXX object gtest/CMakeFiles/gtest_main.dir/src/gtest_main.cc.o[0m
[ 43%] [32mBuilding CXX object CMakeFiles/moveit_ros_control_interface_gripper_plugin.dir/src/gripper_command_controller_plugin.cpp.o[0m
[ 43%] [32mBuilding CXX object CMakeFiles/moveit_ros_control_interface_empty_plugin.dir/src/empty_controller_plugin.cpp.o[0m
[ 43%] [32mBuilding CXX object CMakeFiles/moveit_ros_control_interface_plugin.dir/src/controller_manager_plugin.cpp.o[0m
[ 43%] [32mBuilding CXX object CMakeFiles/moveit_ros_control_interface_trajectory_plugin.dir/src/joint_trajectory_controller_plugin.cpp.o[0m
[ 50%] [32m[1mLinking CXX static library libgtest_main.a[0m
[ 50%] Built target gtest_main
[ 56%] [32m[1mLinking CXX shared library libmoveit_ros_control_interface_empty_plugin.so[0m
[ 56%] Built target moveit_ros_control_interface_empty_plugin
[ 62%] [32m[1mLinking CXX shared library libmoveit_ros_control_interface_trajectory_plugin.so[0m
[ 68%] [32m[1mLinking CXX shared library libmoveit_ros_control_interface_gripper_plugin.so[0m
[ 68%] Built target moveit_ros_control_interface_trajectory_plugin
[ 68%] Built target moveit_ros_control_interface_gripper_plugin
[ 75%] [32m[1mLinking CXX shared library libmoveit_ros_control_interface_parallel_gripper_plugin.so[0m
[ 75%] Built target moveit_ros_control_interface_parallel_gripper_plugin
[ 81%] [32m[1mLinking CXX static library libgtest.a[0m
[ 81%] Built target gtest
[ 87%] [32m[1mLinking CXX shared library libmoveit_ros_control_interface_plugin.so[0m
[ 87%] Built target moveit_ros_control_interface_plugin
[ 93%] [32mBuilding CXX object test/CMakeFiles/test_controller_manager_plugin.dir/test_controller_manager_plugin.cpp.o[0m
[100%] [32m[1mLinking CXX executable test_controller_manager_plugin[0m
[100%] Built target test_controller_manager_plugin
-- Install configuration: "Release"
-- Execute custom install script
-- Symlinking: /home/saber/robox_ws/install/moveit_ros_control_interface/include/moveit_ros_control_interface/moveit_ros_control_interface/ControllerHandle.h
-- Symlinking: /home/saber/robox_ws/install/moveit_ros_control_interface/include/moveit_ros_control_interface/moveit_ros_control_interface/ControllerHandle.hpp
-- Symlinking: /home/saber/robox_ws/install/moveit_ros_control_interface/share/moveit_ros_control_interface//moveit_core_plugins.xml
-- Symlinking: /home/saber/robox_ws/install/moveit_ros_control_interface/share/moveit_ros_control_interface//moveit_ros_control_interface_plugins.xml
-- Symlinking: /home/saber/robox_ws/install/moveit_ros_control_interface/share/moveit_ros_control_interface/environment/library_path.sh
-- Symlinking: /home/saber/robox_ws/install/moveit_ros_control_interface/share/moveit_ros_control_interface/environment/library_path.dsv
-- Symlinking: /home/saber/robox_ws/install/moveit_ros_control_interface/share/ament_index/resource_index/package_run_dependencies/moveit_ros_control_interface
-- Symlinking: /home/saber/robox_ws/install/moveit_ros_control_interface/share/ament_index/resource_index/parent_prefix_path/moveit_ros_control_interface
-- Symlinking: /home/saber/robox_ws/install/moveit_ros_control_interface/share/moveit_ros_control_interface/environment/ament_prefix_path.sh
-- Symlinking: /home/saber/robox_ws/install/moveit_ros_control_interface/share/moveit_ros_control_interface/environment/ament_prefix_path.dsv
-- Symlinking: /home/saber/robox_ws/install/moveit_ros_control_interface/share/moveit_ros_control_interface/environment/path.sh
-- Symlinking: /home/saber/robox_ws/install/moveit_ros_control_interface/share/moveit_ros_control_interface/environment/path.dsv
-- Symlinking: /home/saber/robox_ws/install/moveit_ros_control_interface/share/moveit_ros_control_interface/local_setup.bash
-- Symlinking: /home/saber/robox_ws/install/moveit_ros_control_interface/share/moveit_ros_control_interface/local_setup.sh
-- Symlinking: /home/saber/robox_ws/install/moveit_ros_control_interface/share/moveit_ros_control_interface/local_setup.zsh
-- Symlinking: /home/saber/robox_ws/install/moveit_ros_control_interface/share/moveit_ros_control_interface/local_setup.dsv
-- Symlinking: /home/saber/robox_ws/install/moveit_ros_control_interface/share/moveit_ros_control_interface/package.dsv
-- Symlinking: /home/saber/robox_ws/install/moveit_ros_control_interface/share/ament_index/resource_index/packages/moveit_ros_control_interface
-- Symlinking: /home/saber/robox_ws/install/moveit_ros_control_interface/share/ament_index/resource_index/moveit_core__pluginlib__plugin/moveit_ros_control_interface
-- Symlinking: /home/saber/robox_ws/install/moveit_ros_control_interface/share/ament_index/resource_index/moveit_ros_control_interface__pluginlib__plugin/moveit_ros_control_interface
-- Symlinking: /home/saber/robox_ws/install/moveit_ros_control_interface/share/moveit_ros_control_interface/cmake/ConfigExtras.cmake
-- Symlinking: /home/saber/robox_ws/install/moveit_ros_control_interface/share/moveit_ros_control_interface/cmake/ament_cmake_export_targets-extras.cmake
-- Symlinking: /home/saber/robox_ws/install/moveit_ros_control_interface/share/moveit_ros_control_interface/cmake/ament_cmake_export_dependencies-extras.cmake
-- Symlinking: /home/saber/robox_ws/install/moveit_ros_control_interface/share/moveit_ros_control_interface/cmake/moveit_ros_control_interfaceConfig.cmake
-- Symlinking: /home/saber/robox_ws/install/moveit_ros_control_interface/share/moveit_ros_control_interface/cmake/moveit_ros_control_interfaceConfig-version.cmake
-- Symlinking: /home/saber/robox_ws/install/moveit_ros_control_interface/share/moveit_ros_control_interface/package.xml
-- Installing: /home/saber/robox_ws/install/moveit_ros_control_interface/lib/libmoveit_ros_control_interface_plugin.so.2.12.3
-- Set non-toolchain portion of runtime path of "/home/saber/robox_ws/install/moveit_ros_control_interface/lib/libmoveit_ros_control_interface_plugin.so.2.12.3" to ""
-- Installing: /home/saber/robox_ws/install/moveit_ros_control_interface/lib/libmoveit_ros_control_interface_plugin.so
-- Installing: /home/saber/robox_ws/install/moveit_ros_control_interface/lib/libmoveit_ros_control_interface_trajectory_plugin.so.2.12.3
-- Set non-toolchain portion of runtime path of "/home/saber/robox_ws/install/moveit_ros_control_interface/lib/libmoveit_ros_control_interface_trajectory_plugin.so.2.12.3" to ""
-- Installing: /home/saber/robox_ws/install/moveit_ros_control_interface/lib/libmoveit_ros_control_interface_trajectory_plugin.so
-- Installing: /home/saber/robox_ws/install/moveit_ros_control_interface/lib/libmoveit_ros_control_interface_gripper_plugin.so.2.12.3
-- Set non-toolchain portion of runtime path of "/home/saber/robox_ws/install/moveit_ros_control_interface/lib/libmoveit_ros_control_interface_gripper_plugin.so.2.12.3" to ""
-- Installing: /home/saber/robox_ws/install/moveit_ros_control_interface/lib/libmoveit_ros_control_interface_gripper_plugin.so
-- Installing: /home/saber/robox_ws/install/moveit_ros_control_interface/lib/libmoveit_ros_control_interface_parallel_gripper_plugin.so.2.12.3
-- Set non-toolchain portion of runtime path of "/home/saber/robox_ws/install/moveit_ros_control_interface/lib/libmoveit_ros_control_interface_parallel_gripper_plugin.so.2.12.3" to ""
-- Installing: /home/saber/robox_ws/install/moveit_ros_control_interface/lib/libmoveit_ros_control_interface_parallel_gripper_plugin.so
-- Installing: /home/saber/robox_ws/install/moveit_ros_control_interface/lib/libmoveit_ros_control_interface_empty_plugin.so.2.12.3
-- Set non-toolchain portion of runtime path of "/home/saber/robox_ws/install/moveit_ros_control_interface/lib/libmoveit_ros_control_interface_empty_plugin.so.2.12.3" to ""
-- Installing: /home/saber/robox_ws/install/moveit_ros_control_interface/lib/libmoveit_ros_control_interface_empty_plugin.so
-- Installing: /home/saber/robox_ws/install/moveit_ros_control_interface/share/moveit_ros_control_interface/cmake/moveit_ros_control_interfaceTargetsExport.cmake
-- Installing: /home/saber/robox_ws/install/moveit_ros_control_interface/share/moveit_ros_control_interface/cmake/moveit_ros_control_interfaceTargetsExport-release.cmake
