[0.029s] Invoking command in '/home/saber/robox_ws/build/moveit_hybrid_planning': AMENT_PREFIX_PATH=/home/saber/robox_ws/install/moveit_ros_planning_interface:/home/saber/robox_ws/install/moveit_ros_move_group:/home/saber/robox_ws/install/moveit_ros_warehouse:/home/saber/robox_ws/install/moveit_planners_ompl:/home/saber/robox_ws/install/moveit_kinematics:/home/saber/robox_ws/install/moveit_ros_planning:/home/saber/robox_ws/install/moveit_simple_controller_manager:/home/saber/robox_ws/install/moveit_ros_occupancy_map_monitor:/home/saber/robox_ws/install/moveit_core:/home/saber/robox_ws/install/moveit_configs_utils:/home/saber/robox_ws/install/moveit_common:${AMENT_PREFIX_PATH} CMAKE_PREFIX_PATH=/home/saber/robox_ws/install/moveit_ros_planning_interface:/home/saber/robox_ws/install/moveit_ros_move_group:/home/saber/robox_ws/install/moveit_ros_warehouse:/home/saber/robox_ws/install/moveit_planners_ompl:/home/saber/robox_ws/install/moveit_kinematics:/home/saber/robox_ws/install/moveit_ros_planning:/home/saber/robox_ws/install/moveit_simple_controller_manager:/home/saber/robox_ws/install/moveit_ros_occupancy_map_monitor:/home/saber/robox_ws/install/moveit_core:/home/saber/robox_ws/install/moveit_common:/home/saber/arduinobot_ws/install/controller:/home/saber/arduinobot_ws/install/arm_description:/home/saber/arduinobot_ws/install/arduinobot_cpp_examples:/opt/ros/jazzy/opt/gz_sim_vendor:/opt/ros/jazzy/opt/gz_sensors_vendor:/opt/ros/jazzy/opt/gz_physics_vendor:/opt/ros/jazzy/opt/sdformat_vendor:/opt/ros/jazzy/opt/gz_gui_vendor:/opt/ros/jazzy/opt/gz_transport_vendor:/opt/ros/jazzy/opt/gz_rendering_vendor:/opt/ros/jazzy/opt/gz_plugin_vendor:/opt/ros/jazzy/opt/gz_fuel_tools_vendor:/opt/ros/jazzy/opt/gz_msgs_vendor:/opt/ros/jazzy/opt/gz_common_vendor:/opt/ros/jazzy/opt/gz_math_vendor:/opt/ros/jazzy/opt/gz_utils_vendor:/opt/ros/jazzy/opt/gz_tools_vendor:/opt/ros/jazzy/opt/gz_ogre_next_vendor:/opt/ros/jazzy/opt/gz_dartsim_vendor:/opt/ros/jazzy/opt/gz_cmake_vendor:/home/saber/arduinobot_ws/install/arduinobot_py_examples:/opt/ros/jazzy DEBUGINFOD_URLS=https://debuginfod.ubuntu.com LD_LIBRARY_PATH=/home/saber/robox_ws/install/moveit_ros_planning_interface/lib:/home/saber/robox_ws/install/moveit_ros_move_group/lib:/home/saber/robox_ws/install/moveit_ros_warehouse/lib:/home/saber/robox_ws/install/moveit_planners_ompl/lib:/home/saber/robox_ws/install/moveit_kinematics/lib:/home/saber/robox_ws/install/moveit_ros_planning/lib:/home/saber/robox_ws/install/moveit_simple_controller_manager/lib:/home/saber/robox_ws/install/moveit_ros_occupancy_map_monitor/lib:/home/saber/robox_ws/install/moveit_core/lib:${LD_LIBRARY_PATH} PATH=/home/saber/robox_ws/install/moveit_core/bin:${PATH} PYTHONPATH=/home/saber/robox_ws/install/moveit_configs_utils/lib/python3.12/site-packages:${PYTHONPATH} /usr/bin/cmake --build /home/saber/robox_ws/build/moveit_hybrid_planning -- -j16 -l16
[0.106s] [  9%] Built target hp_manager_parameters
[0.107s] [ 18%] Built target local_planner_parameters
[0.126s] [ 27%] Built target cancel_action
[0.139s] [ 36%] Built target simple_sampler_plugin
[0.142s] [ 45%] Built target forward_trajectory_plugin
[0.142s] [ 54%] Built target moveit_global_planner_component
[0.143s] [ 63%] Built target motion_planning_pipeline_plugin
[0.158s] [ 72%] Built target moveit_hybrid_planning_manager
[0.168s] [ 81%] Built target moveit_local_planner_component
[0.222s] [ 90%] Built target single_plan_execution_plugin
[0.285s] [100%] Built target replan_invalidated_trajectory_plugin
[0.304s] Invoked command in '/home/saber/robox_ws/build/moveit_hybrid_planning' returned '0': AMENT_PREFIX_PATH=/home/saber/robox_ws/install/moveit_ros_planning_interface:/home/saber/robox_ws/install/moveit_ros_move_group:/home/saber/robox_ws/install/moveit_ros_warehouse:/home/saber/robox_ws/install/moveit_planners_ompl:/home/saber/robox_ws/install/moveit_kinematics:/home/saber/robox_ws/install/moveit_ros_planning:/home/saber/robox_ws/install/moveit_simple_controller_manager:/home/saber/robox_ws/install/moveit_ros_occupancy_map_monitor:/home/saber/robox_ws/install/moveit_core:/home/saber/robox_ws/install/moveit_configs_utils:/home/saber/robox_ws/install/moveit_common:${AMENT_PREFIX_PATH} CMAKE_PREFIX_PATH=/home/saber/robox_ws/install/moveit_ros_planning_interface:/home/saber/robox_ws/install/moveit_ros_move_group:/home/saber/robox_ws/install/moveit_ros_warehouse:/home/saber/robox_ws/install/moveit_planners_ompl:/home/saber/robox_ws/install/moveit_kinematics:/home/saber/robox_ws/install/moveit_ros_planning:/home/saber/robox_ws/install/moveit_simple_controller_manager:/home/saber/robox_ws/install/moveit_ros_occupancy_map_monitor:/home/saber/robox_ws/install/moveit_core:/home/saber/robox_ws/install/moveit_common:/home/saber/arduinobot_ws/install/controller:/home/saber/arduinobot_ws/install/arm_description:/home/saber/arduinobot_ws/install/arduinobot_cpp_examples:/opt/ros/jazzy/opt/gz_sim_vendor:/opt/ros/jazzy/opt/gz_sensors_vendor:/opt/ros/jazzy/opt/gz_physics_vendor:/opt/ros/jazzy/opt/sdformat_vendor:/opt/ros/jazzy/opt/gz_gui_vendor:/opt/ros/jazzy/opt/gz_transport_vendor:/opt/ros/jazzy/opt/gz_rendering_vendor:/opt/ros/jazzy/opt/gz_plugin_vendor:/opt/ros/jazzy/opt/gz_fuel_tools_vendor:/opt/ros/jazzy/opt/gz_msgs_vendor:/opt/ros/jazzy/opt/gz_common_vendor:/opt/ros/jazzy/opt/gz_math_vendor:/opt/ros/jazzy/opt/gz_utils_vendor:/opt/ros/jazzy/opt/gz_tools_vendor:/opt/ros/jazzy/opt/gz_ogre_next_vendor:/opt/ros/jazzy/opt/gz_dartsim_vendor:/opt/ros/jazzy/opt/gz_cmake_vendor:/home/saber/arduinobot_ws/install/arduinobot_py_examples:/opt/ros/jazzy DEBUGINFOD_URLS=https://debuginfod.ubuntu.com LD_LIBRARY_PATH=/home/saber/robox_ws/install/moveit_ros_planning_interface/lib:/home/saber/robox_ws/install/moveit_ros_move_group/lib:/home/saber/robox_ws/install/moveit_ros_warehouse/lib:/home/saber/robox_ws/install/moveit_planners_ompl/lib:/home/saber/robox_ws/install/moveit_kinematics/lib:/home/saber/robox_ws/install/moveit_ros_planning/lib:/home/saber/robox_ws/install/moveit_simple_controller_manager/lib:/home/saber/robox_ws/install/moveit_ros_occupancy_map_monitor/lib:/home/saber/robox_ws/install/moveit_core/lib:${LD_LIBRARY_PATH} PATH=/home/saber/robox_ws/install/moveit_core/bin:${PATH} PYTHONPATH=/home/saber/robox_ws/install/moveit_configs_utils/lib/python3.12/site-packages:${PYTHONPATH} /usr/bin/cmake --build /home/saber/robox_ws/build/moveit_hybrid_planning -- -j16 -l16
[0.306s] Invoking command in '/home/saber/robox_ws/build/moveit_hybrid_planning': AMENT_PREFIX_PATH=/home/saber/robox_ws/install/moveit_ros_planning_interface:/home/saber/robox_ws/install/moveit_ros_move_group:/home/saber/robox_ws/install/moveit_ros_warehouse:/home/saber/robox_ws/install/moveit_planners_ompl:/home/saber/robox_ws/install/moveit_kinematics:/home/saber/robox_ws/install/moveit_ros_planning:/home/saber/robox_ws/install/moveit_simple_controller_manager:/home/saber/robox_ws/install/moveit_ros_occupancy_map_monitor:/home/saber/robox_ws/install/moveit_core:/home/saber/robox_ws/install/moveit_configs_utils:/home/saber/robox_ws/install/moveit_common:${AMENT_PREFIX_PATH} CMAKE_PREFIX_PATH=/home/saber/robox_ws/install/moveit_ros_planning_interface:/home/saber/robox_ws/install/moveit_ros_move_group:/home/saber/robox_ws/install/moveit_ros_warehouse:/home/saber/robox_ws/install/moveit_planners_ompl:/home/saber/robox_ws/install/moveit_kinematics:/home/saber/robox_ws/install/moveit_ros_planning:/home/saber/robox_ws/install/moveit_simple_controller_manager:/home/saber/robox_ws/install/moveit_ros_occupancy_map_monitor:/home/saber/robox_ws/install/moveit_core:/home/saber/robox_ws/install/moveit_common:/home/saber/arduinobot_ws/install/controller:/home/saber/arduinobot_ws/install/arm_description:/home/saber/arduinobot_ws/install/arduinobot_cpp_examples:/opt/ros/jazzy/opt/gz_sim_vendor:/opt/ros/jazzy/opt/gz_sensors_vendor:/opt/ros/jazzy/opt/gz_physics_vendor:/opt/ros/jazzy/opt/sdformat_vendor:/opt/ros/jazzy/opt/gz_gui_vendor:/opt/ros/jazzy/opt/gz_transport_vendor:/opt/ros/jazzy/opt/gz_rendering_vendor:/opt/ros/jazzy/opt/gz_plugin_vendor:/opt/ros/jazzy/opt/gz_fuel_tools_vendor:/opt/ros/jazzy/opt/gz_msgs_vendor:/opt/ros/jazzy/opt/gz_common_vendor:/opt/ros/jazzy/opt/gz_math_vendor:/opt/ros/jazzy/opt/gz_utils_vendor:/opt/ros/jazzy/opt/gz_tools_vendor:/opt/ros/jazzy/opt/gz_ogre_next_vendor:/opt/ros/jazzy/opt/gz_dartsim_vendor:/opt/ros/jazzy/opt/gz_cmake_vendor:/home/saber/arduinobot_ws/install/arduinobot_py_examples:/opt/ros/jazzy DEBUGINFOD_URLS=https://debuginfod.ubuntu.com LD_LIBRARY_PATH=/home/saber/robox_ws/install/moveit_ros_planning_interface/lib:/home/saber/robox_ws/install/moveit_ros_move_group/lib:/home/saber/robox_ws/install/moveit_ros_warehouse/lib:/home/saber/robox_ws/install/moveit_planners_ompl/lib:/home/saber/robox_ws/install/moveit_kinematics/lib:/home/saber/robox_ws/install/moveit_ros_planning/lib:/home/saber/robox_ws/install/moveit_simple_controller_manager/lib:/home/saber/robox_ws/install/moveit_ros_occupancy_map_monitor/lib:/home/saber/robox_ws/install/moveit_core/lib:${LD_LIBRARY_PATH} PATH=/home/saber/robox_ws/install/moveit_core/bin:${PATH} PYTHONPATH=/home/saber/robox_ws/install/moveit_configs_utils/lib/python3.12/site-packages:${PYTHONPATH} /usr/bin/cmake --install /home/saber/robox_ws/build/moveit_hybrid_planning
[0.316s] -- Install configuration: "Release"
[0.318s] -- Execute custom install script
[0.319s] -- Up-to-date symlink: /home/saber/robox_ws/install/moveit_hybrid_planning/include/moveit_hybrid_planning/hp_manager_parameters.hpp
[0.319s] -- Up-to-date symlink: /home/saber/robox_ws/install/moveit_hybrid_planning/include/moveit_hybrid_planning/local_planner_parameters.hpp
[0.320s] -- Up-to-date symlink: /home/saber/robox_ws/install/moveit_hybrid_planning/include/moveit_hybrid_planning/moveit/global_planner/global_planner_component.h
[0.320s] -- Up-to-date symlink: /home/saber/robox_ws/install/moveit_hybrid_planning/include/moveit_hybrid_planning/moveit/global_planner/global_planner_component.hpp
[0.321s] -- Up-to-date symlink: /home/saber/robox_ws/install/moveit_hybrid_planning/include/moveit_hybrid_planning/moveit/global_planner/global_planner_interface.h
[0.321s] -- Up-to-date symlink: /home/saber/robox_ws/install/moveit_hybrid_planning/include/moveit_hybrid_planning/moveit/global_planner/global_planner_interface.hpp
[0.322s] -- Up-to-date symlink: /home/saber/robox_ws/install/moveit_hybrid_planning/include/moveit_hybrid_planning/moveit/global_planner/moveit_planning_pipeline.h
[0.322s] -- Up-to-date symlink: /home/saber/robox_ws/install/moveit_hybrid_planning/include/moveit_hybrid_planning/moveit/global_planner/moveit_planning_pipeline.hpp
[0.324s] -- Up-to-date symlink: /home/saber/robox_ws/install/moveit_hybrid_planning/include/moveit_hybrid_planning/moveit/hybrid_planning_manager/hybrid_planning_events.h
[0.324s] -- Up-to-date symlink: /home/saber/robox_ws/install/moveit_hybrid_planning/include/moveit_hybrid_planning/moveit/hybrid_planning_manager/hybrid_planning_events.hpp
[0.324s] -- Up-to-date symlink: /home/saber/robox_ws/install/moveit_hybrid_planning/include/moveit_hybrid_planning/moveit/hybrid_planning_manager/hybrid_planning_manager.h
[0.324s] -- Up-to-date symlink: /home/saber/robox_ws/install/moveit_hybrid_planning/include/moveit_hybrid_planning/moveit/hybrid_planning_manager/hybrid_planning_manager.hpp
[0.325s] -- Up-to-date symlink: /home/saber/robox_ws/install/moveit_hybrid_planning/include/moveit_hybrid_planning/moveit/hybrid_planning_manager/planner_logic_interface.h
[0.325s] -- Up-to-date symlink: /home/saber/robox_ws/install/moveit_hybrid_planning/include/moveit_hybrid_planning/moveit/hybrid_planning_manager/planner_logic_interface.hpp
[0.325s] -- Up-to-date symlink: /home/saber/robox_ws/install/moveit_hybrid_planning/include/moveit_hybrid_planning/moveit/planner_logic_plugins/replan_invalidated_trajectory.h
[0.326s] -- Up-to-date symlink: /home/saber/robox_ws/install/moveit_hybrid_planning/include/moveit_hybrid_planning/moveit/planner_logic_plugins/replan_invalidated_trajectory.hpp
[0.326s] -- Up-to-date symlink: /home/saber/robox_ws/install/moveit_hybrid_planning/include/moveit_hybrid_planning/moveit/planner_logic_plugins/single_plan_execution.h
[0.326s] -- Up-to-date symlink: /home/saber/robox_ws/install/moveit_hybrid_planning/include/moveit_hybrid_planning/moveit/planner_logic_plugins/single_plan_execution.hpp
[0.326s] -- Up-to-date symlink: /home/saber/robox_ws/install/moveit_hybrid_planning/include/moveit_hybrid_planning/moveit/local_planner/feedback_types.h
[0.327s] -- Up-to-date symlink: /home/saber/robox_ws/install/moveit_hybrid_planning/include/moveit_hybrid_planning/moveit/local_planner/feedback_types.hpp
[0.327s] -- Up-to-date symlink: /home/saber/robox_ws/install/moveit_hybrid_planning/include/moveit_hybrid_planning/moveit/local_planner/local_constraint_solver_interface.h
[0.327s] -- Up-to-date symlink: /home/saber/robox_ws/install/moveit_hybrid_planning/include/moveit_hybrid_planning/moveit/local_planner/local_constraint_solver_interface.hpp
[0.327s] -- Up-to-date symlink: /home/saber/robox_ws/install/moveit_hybrid_planning/include/moveit_hybrid_planning/moveit/local_planner/local_planner_component.h
[0.327s] -- Up-to-date symlink: /home/saber/robox_ws/install/moveit_hybrid_planning/include/moveit_hybrid_planning/moveit/local_planner/local_planner_component.hpp
[0.328s] -- Up-to-date symlink: /home/saber/robox_ws/install/moveit_hybrid_planning/include/moveit_hybrid_planning/moveit/local_planner/trajectory_operator_interface.h
[0.328s] -- Up-to-date symlink: /home/saber/robox_ws/install/moveit_hybrid_planning/include/moveit_hybrid_planning/moveit/local_planner/trajectory_operator_interface.hpp
[0.328s] -- Up-to-date symlink: /home/saber/robox_ws/install/moveit_hybrid_planning/include/moveit_hybrid_planning/moveit/trajectory_operator_plugins/simple_sampler.h
[0.328s] -- Up-to-date symlink: /home/saber/robox_ws/install/moveit_hybrid_planning/include/moveit_hybrid_planning/moveit/trajectory_operator_plugins/simple_sampler.hpp
[0.329s] -- Up-to-date symlink: /home/saber/robox_ws/install/moveit_hybrid_planning/include/moveit_hybrid_planning/moveit/local_constraint_solver_plugins/forward_trajectory.h
[0.329s] -- Up-to-date symlink: /home/saber/robox_ws/install/moveit_hybrid_planning/include/moveit_hybrid_planning/moveit/local_constraint_solver_plugins/forward_trajectory.hpp
[0.330s] -- Up-to-date symlink: /home/saber/robox_ws/install/moveit_hybrid_planning/share/moveit_hybrid_planning/launch/hybrid_planning_common.py
[0.330s] -- Up-to-date symlink: /home/saber/robox_ws/install/moveit_hybrid_planning/share/moveit_hybrid_planning/launch/test_basic_integration.test.py
[0.331s] -- Up-to-date symlink: /home/saber/robox_ws/install/moveit_hybrid_planning/share/moveit_hybrid_planning/config/demo_controller.yaml
[0.331s] -- Up-to-date symlink: /home/saber/robox_ws/install/moveit_hybrid_planning/share/moveit_hybrid_planning/config/global_planner.yaml
[0.331s] -- Up-to-date symlink: /home/saber/robox_ws/install/moveit_hybrid_planning/share/moveit_hybrid_planning/config/hybrid_planning_demo.rviz
[0.331s] -- Up-to-date symlink: /home/saber/robox_ws/install/moveit_hybrid_planning/share/moveit_hybrid_planning/config/hybrid_planning_manager.yaml
[0.332s] -- Up-to-date symlink: /home/saber/robox_ws/install/moveit_hybrid_planning/share/moveit_hybrid_planning/config/local_planner.yaml
[0.332s] -- Up-to-date symlink: /home/saber/robox_ws/install/moveit_hybrid_planning/share/moveit_hybrid_planning//single_plan_execution_plugin.xml
[0.332s] -- Up-to-date symlink: /home/saber/robox_ws/install/moveit_hybrid_planning/share/moveit_hybrid_planning//moveit_planning_pipeline_plugin.xml
[0.332s] -- Up-to-date symlink: /home/saber/robox_ws/install/moveit_hybrid_planning/share/moveit_hybrid_planning//simple_sampler_plugin.xml
[0.333s] -- Up-to-date symlink: /home/saber/robox_ws/install/moveit_hybrid_planning/share/moveit_hybrid_planning//replan_invalidated_trajectory_plugin.xml
[0.333s] -- Up-to-date symlink: /home/saber/robox_ws/install/moveit_hybrid_planning/share/moveit_hybrid_planning//forward_trajectory_plugin.xml
[0.334s] -- Up-to-date symlink: /home/saber/robox_ws/install/moveit_hybrid_planning/share/moveit_hybrid_planning/environment/library_path.sh
[0.334s] -- Up-to-date symlink: /home/saber/robox_ws/install/moveit_hybrid_planning/share/moveit_hybrid_planning/environment/library_path.dsv
[0.334s] -- Up-to-date symlink: /home/saber/robox_ws/install/moveit_hybrid_planning/share/ament_index/resource_index/package_run_dependencies/moveit_hybrid_planning
[0.335s] -- Up-to-date symlink: /home/saber/robox_ws/install/moveit_hybrid_planning/share/ament_index/resource_index/parent_prefix_path/moveit_hybrid_planning
[0.335s] -- Up-to-date symlink: /home/saber/robox_ws/install/moveit_hybrid_planning/share/moveit_hybrid_planning/environment/ament_prefix_path.sh
[0.336s] -- Up-to-date symlink: /home/saber/robox_ws/install/moveit_hybrid_planning/share/moveit_hybrid_planning/environment/ament_prefix_path.dsv
[0.336s] -- Up-to-date symlink: /home/saber/robox_ws/install/moveit_hybrid_planning/share/moveit_hybrid_planning/environment/path.sh
[0.337s] -- Up-to-date symlink: /home/saber/robox_ws/install/moveit_hybrid_planning/share/moveit_hybrid_planning/environment/path.dsv
[0.337s] -- Up-to-date symlink: /home/saber/robox_ws/install/moveit_hybrid_planning/share/moveit_hybrid_planning/local_setup.bash
[0.337s] -- Up-to-date symlink: /home/saber/robox_ws/install/moveit_hybrid_planning/share/moveit_hybrid_planning/local_setup.sh
[0.338s] -- Up-to-date symlink: /home/saber/robox_ws/install/moveit_hybrid_planning/share/moveit_hybrid_planning/local_setup.zsh
[0.338s] -- Up-to-date symlink: /home/saber/robox_ws/install/moveit_hybrid_planning/share/moveit_hybrid_planning/local_setup.dsv
[0.338s] -- Symlinking: /home/saber/robox_ws/install/moveit_hybrid_planning/share/moveit_hybrid_planning/package.dsv
[0.349s] -- Up-to-date symlink: /home/saber/robox_ws/install/moveit_hybrid_planning/share/ament_index/resource_index/packages/moveit_hybrid_planning
[0.349s] -- Up-to-date symlink: /home/saber/robox_ws/install/moveit_hybrid_planning/share/ament_index/resource_index/moveit_hybrid_planning__pluginlib__plugin/moveit_hybrid_planning
[0.349s] -- Up-to-date symlink: /home/saber/robox_ws/install/moveit_hybrid_planning/share/ament_index/resource_index/rclcpp_components/moveit_hybrid_planning
[0.350s] -- Up-to-date symlink: /home/saber/robox_ws/install/moveit_hybrid_planning/share/moveit_hybrid_planning/cmake/ament_cmake_export_dependencies-extras.cmake
[0.350s] -- Up-to-date symlink: /home/saber/robox_ws/install/moveit_hybrid_planning/share/moveit_hybrid_planning/cmake/ament_cmake_export_targets-extras.cmake
[0.350s] -- Up-to-date symlink: /home/saber/robox_ws/install/moveit_hybrid_planning/share/moveit_hybrid_planning/cmake/moveit_hybrid_planningConfig.cmake
[0.350s] -- Up-to-date symlink: /home/saber/robox_ws/install/moveit_hybrid_planning/share/moveit_hybrid_planning/cmake/moveit_hybrid_planningConfig-version.cmake
[0.350s] -- Up-to-date symlink: /home/saber/robox_ws/install/moveit_hybrid_planning/share/moveit_hybrid_planning/package.xml
[0.354s] -- Up-to-date: /home/saber/robox_ws/install/moveit_hybrid_planning/lib/libmoveit_global_planner_component.so.2.12.3
[0.355s] -- Up-to-date: /home/saber/robox_ws/install/moveit_hybrid_planning/lib/libmoveit_global_planner_component.so
[0.356s] -- Up-to-date: /home/saber/robox_ws/install/moveit_hybrid_planning/lib/libmoveit_hybrid_planning_manager.so.2.12.3
[0.356s] -- Up-to-date: /home/saber/robox_ws/install/moveit_hybrid_planning/lib/libmoveit_hybrid_planning_manager.so
[0.357s] -- Up-to-date: /home/saber/robox_ws/install/moveit_hybrid_planning/lib/libmoveit_local_planner_component.so.2.12.3
[0.357s] -- Up-to-date: /home/saber/robox_ws/install/moveit_hybrid_planning/lib/libmoveit_local_planner_component.so
[0.358s] -- Up-to-date: /home/saber/robox_ws/install/moveit_hybrid_planning/lib/libforward_trajectory_plugin.so.2.12.3
[0.358s] -- Up-to-date: /home/saber/robox_ws/install/moveit_hybrid_planning/lib/libforward_trajectory_plugin.so
[0.359s] -- Up-to-date: /home/saber/robox_ws/install/moveit_hybrid_planning/lib/libmotion_planning_pipeline_plugin.so.2.12.3
[0.359s] -- Up-to-date: /home/saber/robox_ws/install/moveit_hybrid_planning/lib/libmotion_planning_pipeline_plugin.so
[0.359s] -- Up-to-date: /home/saber/robox_ws/install/moveit_hybrid_planning/lib/libreplan_invalidated_trajectory_plugin.so.2.12.3
[0.360s] -- Up-to-date: /home/saber/robox_ws/install/moveit_hybrid_planning/lib/libreplan_invalidated_trajectory_plugin.so
[0.360s] -- Up-to-date: /home/saber/robox_ws/install/moveit_hybrid_planning/lib/libsimple_sampler_plugin.so.2.12.3
[0.360s] -- Up-to-date: /home/saber/robox_ws/install/moveit_hybrid_planning/lib/libsimple_sampler_plugin.so
[0.361s] -- Up-to-date: /home/saber/robox_ws/install/moveit_hybrid_planning/lib/libsingle_plan_execution_plugin.so.2.12.3
[0.361s] -- Up-to-date: /home/saber/robox_ws/install/moveit_hybrid_planning/lib/libsingle_plan_execution_plugin.so
[0.361s] -- Up-to-date: /home/saber/robox_ws/install/moveit_hybrid_planning/lib/moveit_hybrid_planning/cancel_action
[0.363s] -- Up-to-date: /home/saber/robox_ws/install/moveit_hybrid_planning/share/moveit_hybrid_planning/cmake/moveit_hybrid_planningTargetsExport.cmake
[0.363s] -- Up-to-date: /home/saber/robox_ws/install/moveit_hybrid_planning/share/moveit_hybrid_planning/cmake/moveit_hybrid_planningTargetsExport-release.cmake
[0.365s] Invoked command in '/home/saber/robox_ws/build/moveit_hybrid_planning' returned '0': AMENT_PREFIX_PATH=/home/saber/robox_ws/install/moveit_ros_planning_interface:/home/saber/robox_ws/install/moveit_ros_move_group:/home/saber/robox_ws/install/moveit_ros_warehouse:/home/saber/robox_ws/install/moveit_planners_ompl:/home/saber/robox_ws/install/moveit_kinematics:/home/saber/robox_ws/install/moveit_ros_planning:/home/saber/robox_ws/install/moveit_simple_controller_manager:/home/saber/robox_ws/install/moveit_ros_occupancy_map_monitor:/home/saber/robox_ws/install/moveit_core:/home/saber/robox_ws/install/moveit_configs_utils:/home/saber/robox_ws/install/moveit_common:${AMENT_PREFIX_PATH} CMAKE_PREFIX_PATH=/home/saber/robox_ws/install/moveit_ros_planning_interface:/home/saber/robox_ws/install/moveit_ros_move_group:/home/saber/robox_ws/install/moveit_ros_warehouse:/home/saber/robox_ws/install/moveit_planners_ompl:/home/saber/robox_ws/install/moveit_kinematics:/home/saber/robox_ws/install/moveit_ros_planning:/home/saber/robox_ws/install/moveit_simple_controller_manager:/home/saber/robox_ws/install/moveit_ros_occupancy_map_monitor:/home/saber/robox_ws/install/moveit_core:/home/saber/robox_ws/install/moveit_common:/home/saber/arduinobot_ws/install/controller:/home/saber/arduinobot_ws/install/arm_description:/home/saber/arduinobot_ws/install/arduinobot_cpp_examples:/opt/ros/jazzy/opt/gz_sim_vendor:/opt/ros/jazzy/opt/gz_sensors_vendor:/opt/ros/jazzy/opt/gz_physics_vendor:/opt/ros/jazzy/opt/sdformat_vendor:/opt/ros/jazzy/opt/gz_gui_vendor:/opt/ros/jazzy/opt/gz_transport_vendor:/opt/ros/jazzy/opt/gz_rendering_vendor:/opt/ros/jazzy/opt/gz_plugin_vendor:/opt/ros/jazzy/opt/gz_fuel_tools_vendor:/opt/ros/jazzy/opt/gz_msgs_vendor:/opt/ros/jazzy/opt/gz_common_vendor:/opt/ros/jazzy/opt/gz_math_vendor:/opt/ros/jazzy/opt/gz_utils_vendor:/opt/ros/jazzy/opt/gz_tools_vendor:/opt/ros/jazzy/opt/gz_ogre_next_vendor:/opt/ros/jazzy/opt/gz_dartsim_vendor:/opt/ros/jazzy/opt/gz_cmake_vendor:/home/saber/arduinobot_ws/install/arduinobot_py_examples:/opt/ros/jazzy DEBUGINFOD_URLS=https://debuginfod.ubuntu.com LD_LIBRARY_PATH=/home/saber/robox_ws/install/moveit_ros_planning_interface/lib:/home/saber/robox_ws/install/moveit_ros_move_group/lib:/home/saber/robox_ws/install/moveit_ros_warehouse/lib:/home/saber/robox_ws/install/moveit_planners_ompl/lib:/home/saber/robox_ws/install/moveit_kinematics/lib:/home/saber/robox_ws/install/moveit_ros_planning/lib:/home/saber/robox_ws/install/moveit_simple_controller_manager/lib:/home/saber/robox_ws/install/moveit_ros_occupancy_map_monitor/lib:/home/saber/robox_ws/install/moveit_core/lib:${LD_LIBRARY_PATH} PATH=/home/saber/robox_ws/install/moveit_core/bin:${PATH} PYTHONPATH=/home/saber/robox_ws/install/moveit_configs_utils/lib/python3.12/site-packages:${PYTHONPATH} /usr/bin/cmake --install /home/saber/robox_ws/build/moveit_hybrid_planning
