[0.034s] Invoking command in '/home/saber/robox_ws/build/moveit_common': CMAKE_PREFIX_PATH=${CMAKE_PREFIX_PATH}:/home/saber/robox_ws/install/arduinobot_py_examples:/home/saber/robox_ws/install/moveit_configs_utils:/home/saber/arduinobot_ws/install/arduinobot_py_examples:/opt/ros/jazzy DEBUGINFOD_URLS=https://debuginfod.ubuntu.com /usr/bin/cmake /home/saber/robox_ws/src/moveit2/moveit_common -DAMENT_CMAKE_SYMLINK_INSTALL=1 -DCMAKE_INSTALL_PREFIX=/home/saber/robox_ws/install/moveit_common
[0.240s] -- Found ament_cmake: 2.5.4 (/opt/ros/jazzy/share/ament_cmake/cmake)
[0.240s] -- Override CMake install command with custom implementation using symlinks instead of copying resources
[0.240s] -- Configuring done (0.2s)
[0.240s] -- Generating done (0.0s)
[0.240s] -- Build files have been written to: /home/saber/robox_ws/build/moveit_common
[0.240s] Invoked command in '/home/saber/robox_ws/build/moveit_common' returned '0': CMAKE_PREFIX_PATH=${CMAKE_PREFIX_PATH}:/home/saber/robox_ws/install/arduinobot_py_examples:/home/saber/robox_ws/install/moveit_configs_utils:/home/saber/arduinobot_ws/install/arduinobot_py_examples:/opt/ros/jazzy DEBUGINFOD_URLS=https://debuginfod.ubuntu.com /usr/bin/cmake /home/saber/robox_ws/src/moveit2/moveit_common -DAMENT_CMAKE_SYMLINK_INSTALL=1 -DCMAKE_INSTALL_PREFIX=/home/saber/robox_ws/install/moveit_common
[0.242s] Invoking command in '/home/saber/robox_ws/build/moveit_common': CMAKE_PREFIX_PATH=${CMAKE_PREFIX_PATH}:/home/saber/robox_ws/install/arduinobot_py_examples:/home/saber/robox_ws/install/moveit_configs_utils:/home/saber/arduinobot_ws/install/arduinobot_py_examples:/opt/ros/jazzy DEBUGINFOD_URLS=https://debuginfod.ubuntu.com /usr/bin/cmake --build /home/saber/robox_ws/build/moveit_common -- -j16 -l16
[0.307s] Invoked command in '/home/saber/robox_ws/build/moveit_common' returned '0': CMAKE_PREFIX_PATH=${CMAKE_PREFIX_PATH}:/home/saber/robox_ws/install/arduinobot_py_examples:/home/saber/robox_ws/install/moveit_configs_utils:/home/saber/arduinobot_ws/install/arduinobot_py_examples:/opt/ros/jazzy DEBUGINFOD_URLS=https://debuginfod.ubuntu.com /usr/bin/cmake --build /home/saber/robox_ws/build/moveit_common -- -j16 -l16
[0.322s] Invoking command in '/home/saber/robox_ws/build/moveit_common': CMAKE_PREFIX_PATH=${CMAKE_PREFIX_PATH}:/home/saber/robox_ws/install/arduinobot_py_examples:/home/saber/robox_ws/install/moveit_configs_utils:/home/saber/arduinobot_ws/install/arduinobot_py_examples:/opt/ros/jazzy DEBUGINFOD_URLS=https://debuginfod.ubuntu.com /usr/bin/cmake --install /home/saber/robox_ws/build/moveit_common
[0.334s] -- Install configuration: "Release"
[0.335s] -- Execute custom install script
[0.338s] -- Up-to-date symlink: /home/saber/robox_ws/install/moveit_common/share/ament_index/resource_index/package_run_dependencies/moveit_common
[0.338s] -- Up-to-date symlink: /home/saber/robox_ws/install/moveit_common/share/ament_index/resource_index/parent_prefix_path/moveit_common
[0.338s] -- Up-to-date symlink: /home/saber/robox_ws/install/moveit_common/share/moveit_common/environment/ament_prefix_path.sh
[0.338s] -- Up-to-date symlink: /home/saber/robox_ws/install/moveit_common/share/moveit_common/environment/ament_prefix_path.dsv
[0.339s] -- Up-to-date symlink: /home/saber/robox_ws/install/moveit_common/share/moveit_common/environment/path.sh
[0.339s] -- Up-to-date symlink: /home/saber/robox_ws/install/moveit_common/share/moveit_common/environment/path.dsv
[0.339s] -- Up-to-date symlink: /home/saber/robox_ws/install/moveit_common/share/moveit_common/local_setup.bash
[0.339s] -- Up-to-date symlink: /home/saber/robox_ws/install/moveit_common/share/moveit_common/local_setup.sh
[0.339s] -- Up-to-date symlink: /home/saber/robox_ws/install/moveit_common/share/moveit_common/local_setup.zsh
[0.339s] -- Up-to-date symlink: /home/saber/robox_ws/install/moveit_common/share/moveit_common/local_setup.dsv
[0.339s] -- Symlinking: /home/saber/robox_ws/install/moveit_common/share/moveit_common/package.dsv
[0.354s] -- Up-to-date symlink: /home/saber/robox_ws/install/moveit_common/share/ament_index/resource_index/packages/moveit_common
[0.354s] -- Up-to-date symlink: /home/saber/robox_ws/install/moveit_common/share/moveit_common/cmake/moveit_common-extras.cmake
[0.354s] -- Up-to-date symlink: /home/saber/robox_ws/install/moveit_common/share/moveit_common/cmake/moveit_commonConfig.cmake
[0.354s] -- Up-to-date symlink: /home/saber/robox_ws/install/moveit_common/share/moveit_common/cmake/moveit_commonConfig-version.cmake
[0.354s] -- Up-to-date symlink: /home/saber/robox_ws/install/moveit_common/share/moveit_common/package.xml
[0.355s] -- Up-to-date symlink: /home/saber/robox_ws/install/moveit_common/share/moveit_common/cmake/moveit_package.cmake
[0.357s] Invoked command in '/home/saber/robox_ws/build/moveit_common' returned '0': CMAKE_PREFIX_PATH=${CMAKE_PREFIX_PATH}:/home/saber/robox_ws/install/arduinobot_py_examples:/home/saber/robox_ws/install/moveit_configs_utils:/home/saber/arduinobot_ws/install/arduinobot_py_examples:/opt/ros/jazzy DEBUGINFOD_URLS=https://debuginfod.ubuntu.com /usr/bin/cmake --install /home/saber/robox_ws/build/moveit_common
