[0.228s] Invoking command in '/home/saber/robox_ws/build/arm_moveit': CMAKE_PREFIX_PATH=${CMAKE_PREFIX_PATH}:/home/saber/robox_ws/install/arduinobot_py_examples:/home/saber/robox_ws/install/moveit_configs_utils:/home/saber/arduinobot_ws/install/arduinobot_py_examples:/opt/ros/jazzy DEBUGINFOD_URLS=https://debuginfod.ubuntu.com /usr/bin/cmake --build /home/saber/robox_ws/build/arm_moveit -- -j16 -l16
[0.283s] Invoked command in '/home/saber/robox_ws/build/arm_moveit' returned '0': CMAKE_PREFIX_PATH=${CMAKE_PREFIX_PATH}:/home/saber/robox_ws/install/arduinobot_py_examples:/home/saber/robox_ws/install/moveit_configs_utils:/home/saber/arduinobot_ws/install/arduinobot_py_examples:/opt/ros/jazzy DEBUGINFOD_URLS=https://debuginfod.ubuntu.com /usr/bin/cmake --build /home/saber/robox_ws/build/arm_moveit -- -j16 -l16
[0.284s] Invoking command in '/home/saber/robox_ws/build/arm_moveit': CMAKE_PREFIX_PATH=${CMAKE_PREFIX_PATH}:/home/saber/robox_ws/install/arduinobot_py_examples:/home/saber/robox_ws/install/moveit_configs_utils:/home/saber/arduinobot_ws/install/arduinobot_py_examples:/opt/ros/jazzy DEBUGINFOD_URLS=https://debuginfod.ubuntu.com /usr/bin/cmake --install /home/saber/robox_ws/build/arm_moveit
[0.296s] -- Install configuration: "Release"
[0.296s] -- Execute custom install script
[0.296s] -- Up-to-date symlink: /home/saber/robox_ws/install/arm_moveit/share/ament_index/resource_index/package_run_dependencies/arm_moveit
[0.296s] -- Up-to-date symlink: /home/saber/robox_ws/install/arm_moveit/share/ament_index/resource_index/parent_prefix_path/arm_moveit
[0.297s] -- Up-to-date symlink: /home/saber/robox_ws/install/arm_moveit/share/arm_moveit/environment/ament_prefix_path.sh
[0.297s] -- Up-to-date symlink: /home/saber/robox_ws/install/arm_moveit/share/arm_moveit/environment/ament_prefix_path.dsv
[0.297s] -- Up-to-date symlink: /home/saber/robox_ws/install/arm_moveit/share/arm_moveit/environment/path.sh
[0.297s] -- Up-to-date symlink: /home/saber/robox_ws/install/arm_moveit/share/arm_moveit/environment/path.dsv
[0.297s] -- Up-to-date symlink: /home/saber/robox_ws/install/arm_moveit/share/arm_moveit/local_setup.bash
[0.297s] -- Up-to-date symlink: /home/saber/robox_ws/install/arm_moveit/share/arm_moveit/local_setup.sh
[0.298s] -- Up-to-date symlink: /home/saber/robox_ws/install/arm_moveit/share/arm_moveit/local_setup.zsh
[0.298s] -- Up-to-date symlink: /home/saber/robox_ws/install/arm_moveit/share/arm_moveit/local_setup.dsv
[0.298s] -- Symlinking: /home/saber/robox_ws/install/arm_moveit/share/arm_moveit/package.dsv
[0.311s] -- Up-to-date symlink: /home/saber/robox_ws/install/arm_moveit/share/ament_index/resource_index/packages/arm_moveit
[0.311s] -- Up-to-date symlink: /home/saber/robox_ws/install/arm_moveit/share/arm_moveit/cmake/arm_moveitConfig.cmake
[0.311s] -- Up-to-date symlink: /home/saber/robox_ws/install/arm_moveit/share/arm_moveit/cmake/arm_moveitConfig-version.cmake
[0.311s] -- Up-to-date symlink: /home/saber/robox_ws/install/arm_moveit/share/arm_moveit/package.xml
[0.320s] Invoked command in '/home/saber/robox_ws/build/arm_moveit' returned '0': CMAKE_PREFIX_PATH=${CMAKE_PREFIX_PATH}:/home/saber/robox_ws/install/arduinobot_py_examples:/home/saber/robox_ws/install/moveit_configs_utils:/home/saber/arduinobot_ws/install/arduinobot_py_examples:/opt/ros/jazzy DEBUGINFOD_URLS=https://debuginfod.ubuntu.com /usr/bin/cmake --install /home/saber/robox_ws/build/arm_moveit
