[1.351s] Invoking command in '/home/saber/robox_ws/src/color_pose_publisher': DEBUGINFOD_URLS=https://debuginfod.ubuntu.com PYTHONPATH=/home/saber/robox_ws/build/color_pose_publisher/prefix_override:/usr/lib/python3/dist-packages/colcon_core/task/python/colcon_distutils_commands:/home/saber/robox_ws/install/color_pose_publisher/lib/python3.12/site-packages:${PYTHONPATH} /usr/bin/python3 -W ignore:setup.py install is deprecated -W ignore:easy_install command is deprecated setup.py egg_info --egg-base ../../build/color_pose_publisher build --build-base /home/saber/robox_ws/build/color_pose_publisher/build install --record /home/saber/robox_ws/build/color_pose_publisher/install.log --single-version-externally-managed install_data
[1.657s] running egg_info
[1.682s] writing ../../build/color_pose_publisher/color_pose_publisher.egg-info/PKG-INFO
[1.683s] writing dependency_links to ../../build/color_pose_publisher/color_pose_publisher.egg-info/dependency_links.txt
[1.683s] writing entry points to ../../build/color_pose_publisher/color_pose_publisher.egg-info/entry_points.txt
[1.683s] writing requirements to ../../build/color_pose_publisher/color_pose_publisher.egg-info/requires.txt
[1.683s] writing top-level names to ../../build/color_pose_publisher/color_pose_publisher.egg-info/top_level.txt
[1.737s] reading manifest file '../../build/color_pose_publisher/color_pose_publisher.egg-info/SOURCES.txt'
[1.738s] writing manifest file '../../build/color_pose_publisher/color_pose_publisher.egg-info/SOURCES.txt'
[1.738s] running build
[1.738s] running build_py
[1.738s] copying color_pose_publisher/ppc_action_client.py -> /home/saber/robox_ws/build/color_pose_publisher/build/lib/color_pose_publisher
[1.738s] running install
[1.744s] running install_lib
[1.771s] copying /home/saber/robox_ws/build/color_pose_publisher/build/lib/color_pose_publisher/ppc_action_client.py -> /home/saber/robox_ws/install/color_pose_publisher/lib/python3.12/site-packages/color_pose_publisher
[1.772s] byte-compiling /home/saber/robox_ws/install/color_pose_publisher/lib/python3.12/site-packages/color_pose_publisher/ppc_action_client.py to ppc_action_client.cpython-312.pyc
[1.774s] running install_data
[1.774s] running install_egg_info
[1.802s] removing '/home/saber/robox_ws/install/color_pose_publisher/lib/python3.12/site-packages/color_pose_publisher-0.0.1-py3.12.egg-info' (and everything under it)
[1.802s] Copying ../../build/color_pose_publisher/color_pose_publisher.egg-info to /home/saber/robox_ws/install/color_pose_publisher/lib/python3.12/site-packages/color_pose_publisher-0.0.1-py3.12.egg-info
[1.803s] running install_scripts
[1.966s] Installing color_pose_publisher_node script to /home/saber/robox_ws/install/color_pose_publisher/lib/color_pose_publisher
[1.966s] Installing ppc_action_client script to /home/saber/robox_ws/install/color_pose_publisher/lib/color_pose_publisher
[1.966s] writing list of installed files to '/home/saber/robox_ws/build/color_pose_publisher/install.log'
[2.006s] Invoked command in '/home/saber/robox_ws/src/color_pose_publisher' returned '0': DEBUGINFOD_URLS=https://debuginfod.ubuntu.com PYTHONPATH=/home/saber/robox_ws/build/color_pose_publisher/prefix_override:/usr/lib/python3/dist-packages/colcon_core/task/python/colcon_distutils_commands:/home/saber/robox_ws/install/color_pose_publisher/lib/python3.12/site-packages:${PYTHONPATH} /usr/bin/python3 -W ignore:setup.py install is deprecated -W ignore:easy_install command is deprecated setup.py egg_info --egg-base ../../build/color_pose_publisher build --build-base /home/saber/robox_ws/build/color_pose_publisher/build install --record /home/saber/robox_ws/build/color_pose_publisher/install.log --single-version-externally-managed install_data
