-- Found moveit_common: 2.12.3 (/home/saber/robox_ws/install/moveit_common/share/moveit_common/cmake)
-- Found ament_cmake: 2.5.4 (/opt/ros/jazzy/share/ament_cmake/cmake)
-- Override CMake install command with custom implementation using symlinks instead of copying resources
-- Found moveit_core: 2.12.3 (/home/saber/robox_ws/install/moveit_core/share/moveit_core/cmake)
-- Found Boost: /usr/lib/x86_64-linux-gnu/cmake/Boost-1.83.0/BoostConfig.cmake (found version "1.83.0") found components: chrono date_time filesystem iostreams program_options regex serialization system thread 
-- Found parameter_traits: 0.4.0 (/opt/ros/jazzy/share/parameter_traits/cmake)
-- Found rosidl_generator_c: 4.6.5 (/opt/ros/jazzy/share/rosidl_generator_c/cmake)
-- Found rosidl_generator_cpp: 4.6.5 (/opt/ros/jazzy/share/rosidl_generator_cpp/cmake)
-- Using all available rosidl_typesupport_c: rosidl_typesupport_fastrtps_c;rosidl_typesupport_introspection_c
-- Using all available rosidl_typesupport_cpp: rosidl_typesupport_fastrtps_cpp;rosidl_typesupport_introspection_cpp
-- Found rmw_implementation_cmake: 7.3.2 (/opt/ros/jazzy/share/rmw_implementation_cmake/cmake)
-- Found rmw_cyclonedds_cpp: 2.2.3 (/opt/ros/jazzy/share/rmw_cyclonedds_cpp/cmake)
-- Using RMW implementation 'rmw_cyclonedds_cpp' as default
-- Found rclcpp_lifecycle: 28.1.9 (/opt/ros/jazzy/share/rclcpp_lifecycle/cmake)
-- Found Boost: /usr/lib/x86_64-linux-gnu/cmake/Boost-1.83.0/BoostConfig.cmake (found version "1.83.0") found components: filesystem 
-- Ensuring Eigen3 include directory is part of orocos-kdl CMake target
-- Found TinyXML2 via Config file: /usr/lib/x86_64-linux-gnu/cmake/tinyxml2
-- Found moveit_ros_planning: 2.12.3 (/home/saber/robox_ws/install/moveit_ros_planning/share/moveit_ros_planning/cmake)
-- Found Boost: /usr/lib/x86_64-linux-gnu/cmake/Boost-1.83.0/BoostConfig.cmake (found version "1.83.0") found components: system filesystem date_time program_options thread chrono 
-- Found interactive_markers: 2.5.4 (/opt/ros/jazzy/share/interactive_markers/cmake)
-- Found ament_cmake_gtest: 2.5.4 (/opt/ros/jazzy/share/ament_cmake_gtest/cmake)
-- Found gtest sources under '/opt/ros/jazzy/src/gtest_vendor': C++ tests using 'Google Test' will be built
-- Configuring done (1.1s)
-- Generating done (0.0s)
-- Build files have been written to: /home/saber/robox_ws/build/moveit_ros_robot_interaction
[ 30%] Built target gtest_main
[ 30%] Built target gtest
[ 84%] Built target moveit_robot_interaction
[100%] Built target locked_robot_state_test
-- Install configuration: "Release"
-- Execute custom install script
-- Up-to-date symlink: /home/saber/robox_ws/install/moveit_ros_robot_interaction/include/moveit_ros_robot_interaction/moveit/robot_interaction/interaction.h
-- Up-to-date symlink: /home/saber/robox_ws/install/moveit_ros_robot_interaction/include/moveit_ros_robot_interaction/moveit/robot_interaction/interaction.hpp
-- Up-to-date symlink: /home/saber/robox_ws/install/moveit_ros_robot_interaction/include/moveit_ros_robot_interaction/moveit/robot_interaction/interaction_handler.h
-- Up-to-date symlink: /home/saber/robox_ws/install/moveit_ros_robot_interaction/include/moveit_ros_robot_interaction/moveit/robot_interaction/interaction_handler.hpp
-- Up-to-date symlink: /home/saber/robox_ws/install/moveit_ros_robot_interaction/include/moveit_ros_robot_interaction/moveit/robot_interaction/interactive_marker_helpers.h
-- Up-to-date symlink: /home/saber/robox_ws/install/moveit_ros_robot_interaction/include/moveit_ros_robot_interaction/moveit/robot_interaction/interactive_marker_helpers.hpp
-- Up-to-date symlink: /home/saber/robox_ws/install/moveit_ros_robot_interaction/include/moveit_ros_robot_interaction/moveit/robot_interaction/kinematic_options.h
-- Up-to-date symlink: /home/saber/robox_ws/install/moveit_ros_robot_interaction/include/moveit_ros_robot_interaction/moveit/robot_interaction/kinematic_options.hpp
-- Up-to-date symlink: /home/saber/robox_ws/install/moveit_ros_robot_interaction/include/moveit_ros_robot_interaction/moveit/robot_interaction/kinematic_options_map.h
-- Up-to-date symlink: /home/saber/robox_ws/install/moveit_ros_robot_interaction/include/moveit_ros_robot_interaction/moveit/robot_interaction/kinematic_options_map.hpp
-- Up-to-date symlink: /home/saber/robox_ws/install/moveit_ros_robot_interaction/include/moveit_ros_robot_interaction/moveit/robot_interaction/locked_robot_state.h
-- Up-to-date symlink: /home/saber/robox_ws/install/moveit_ros_robot_interaction/include/moveit_ros_robot_interaction/moveit/robot_interaction/locked_robot_state.hpp
-- Up-to-date symlink: /home/saber/robox_ws/install/moveit_ros_robot_interaction/include/moveit_ros_robot_interaction/moveit/robot_interaction/robot_interaction.h
-- Up-to-date symlink: /home/saber/robox_ws/install/moveit_ros_robot_interaction/include/moveit_ros_robot_interaction/moveit/robot_interaction/robot_interaction.hpp
-- Up-to-date symlink: /home/saber/robox_ws/install/moveit_ros_robot_interaction/include/moveit_ros_robot_interaction/moveit_robot_interaction_export.h
-- Up-to-date symlink: /home/saber/robox_ws/install/moveit_ros_robot_interaction/share/moveit_ros_robot_interaction/resources/access-denied.dae
-- Up-to-date symlink: /home/saber/robox_ws/install/moveit_ros_robot_interaction/share/moveit_ros_robot_interaction/resources/access-denied.stl
-- Up-to-date symlink: /home/saber/robox_ws/install/moveit_ros_robot_interaction/share/moveit_ros_robot_interaction/environment/library_path.sh
-- Up-to-date symlink: /home/saber/robox_ws/install/moveit_ros_robot_interaction/share/moveit_ros_robot_interaction/environment/library_path.dsv
-- Up-to-date symlink: /home/saber/robox_ws/install/moveit_ros_robot_interaction/share/ament_index/resource_index/package_run_dependencies/moveit_ros_robot_interaction
-- Up-to-date symlink: /home/saber/robox_ws/install/moveit_ros_robot_interaction/share/ament_index/resource_index/parent_prefix_path/moveit_ros_robot_interaction
-- Up-to-date symlink: /home/saber/robox_ws/install/moveit_ros_robot_interaction/share/moveit_ros_robot_interaction/environment/ament_prefix_path.sh
-- Up-to-date symlink: /home/saber/robox_ws/install/moveit_ros_robot_interaction/share/moveit_ros_robot_interaction/environment/ament_prefix_path.dsv
-- Up-to-date symlink: /home/saber/robox_ws/install/moveit_ros_robot_interaction/share/moveit_ros_robot_interaction/environment/path.sh
-- Up-to-date symlink: /home/saber/robox_ws/install/moveit_ros_robot_interaction/share/moveit_ros_robot_interaction/environment/path.dsv
-- Up-to-date symlink: /home/saber/robox_ws/install/moveit_ros_robot_interaction/share/moveit_ros_robot_interaction/local_setup.bash
-- Up-to-date symlink: /home/saber/robox_ws/install/moveit_ros_robot_interaction/share/moveit_ros_robot_interaction/local_setup.sh
-- Up-to-date symlink: /home/saber/robox_ws/install/moveit_ros_robot_interaction/share/moveit_ros_robot_interaction/local_setup.zsh
-- Up-to-date symlink: /home/saber/robox_ws/install/moveit_ros_robot_interaction/share/moveit_ros_robot_interaction/local_setup.dsv
-- Symlinking: /home/saber/robox_ws/install/moveit_ros_robot_interaction/share/moveit_ros_robot_interaction/package.dsv
-- Up-to-date symlink: /home/saber/robox_ws/install/moveit_ros_robot_interaction/share/ament_index/resource_index/packages/moveit_ros_robot_interaction
-- Up-to-date symlink: /home/saber/robox_ws/install/moveit_ros_robot_interaction/share/moveit_ros_robot_interaction/cmake/ament_cmake_export_targets-extras.cmake
-- Up-to-date symlink: /home/saber/robox_ws/install/moveit_ros_robot_interaction/share/moveit_ros_robot_interaction/cmake/ament_cmake_export_dependencies-extras.cmake
-- Up-to-date symlink: /home/saber/robox_ws/install/moveit_ros_robot_interaction/share/moveit_ros_robot_interaction/cmake/moveit_ros_robot_interactionConfig.cmake
-- Up-to-date symlink: /home/saber/robox_ws/install/moveit_ros_robot_interaction/share/moveit_ros_robot_interaction/cmake/moveit_ros_robot_interactionConfig-version.cmake
-- Up-to-date symlink: /home/saber/robox_ws/install/moveit_ros_robot_interaction/share/moveit_ros_robot_interaction/package.xml
-- Up-to-date: /home/saber/robox_ws/install/moveit_ros_robot_interaction/lib/libmoveit_robot_interaction.so.2.12.3
-- Up-to-date: /home/saber/robox_ws/install/moveit_ros_robot_interaction/lib/libmoveit_robot_interaction.so
-- Up-to-date: /home/saber/robox_ws/install/moveit_ros_robot_interaction/share/moveit_ros_robot_interaction/cmake/moveit_ros_robot_interactionTargetsExport.cmake
-- Up-to-date: /home/saber/robox_ws/install/moveit_ros_robot_interaction/share/moveit_ros_robot_interaction/cmake/moveit_ros_robot_interactionTargetsExport-release.cmake
