[0.027s] Invoking command in '/home/saber/robox_ws/build/moveit_kinematics': AMENT_PREFIX_PATH=/home/saber/robox_ws/install/moveit_ros_planning:/home/saber/robox_ws/install/moveit_ros_occupancy_map_monitor:/home/saber/robox_ws/install/moveit_core:/home/saber/robox_ws/install/moveit_configs_utils:/home/saber/robox_ws/install/moveit_common:${AMENT_PREFIX_PATH} CMAKE_PREFIX_PATH=/home/saber/robox_ws/install/moveit_ros_planning:/home/saber/robox_ws/install/moveit_ros_occupancy_map_monitor:/home/saber/robox_ws/install/moveit_core:/home/saber/robox_ws/install/moveit_common:/home/saber/arduinobot_ws/install/controller:/home/saber/arduinobot_ws/install/arm_description:/home/saber/arduinobot_ws/install/arduinobot_cpp_examples:/opt/ros/jazzy/opt/gz_sim_vendor:/opt/ros/jazzy/opt/gz_sensors_vendor:/opt/ros/jazzy/opt/gz_physics_vendor:/opt/ros/jazzy/opt/sdformat_vendor:/opt/ros/jazzy/opt/gz_gui_vendor:/opt/ros/jazzy/opt/gz_transport_vendor:/opt/ros/jazzy/opt/gz_rendering_vendor:/opt/ros/jazzy/opt/gz_plugin_vendor:/opt/ros/jazzy/opt/gz_fuel_tools_vendor:/opt/ros/jazzy/opt/gz_msgs_vendor:/opt/ros/jazzy/opt/gz_common_vendor:/opt/ros/jazzy/opt/gz_math_vendor:/opt/ros/jazzy/opt/gz_utils_vendor:/opt/ros/jazzy/opt/gz_tools_vendor:/opt/ros/jazzy/opt/gz_ogre_next_vendor:/opt/ros/jazzy/opt/gz_dartsim_vendor:/opt/ros/jazzy/opt/gz_cmake_vendor:/home/saber/arduinobot_ws/install/arduinobot_py_examples:/opt/ros/jazzy DEBUGINFOD_URLS=https://debuginfod.ubuntu.com LD_LIBRARY_PATH=/home/saber/robox_ws/install/moveit_ros_planning/lib:/home/saber/robox_ws/install/moveit_ros_occupancy_map_monitor/lib:/home/saber/robox_ws/install/moveit_core/lib:${LD_LIBRARY_PATH} PATH=/home/saber/robox_ws/install/moveit_core/bin:${PATH} PYTHONPATH=/home/saber/robox_ws/install/moveit_configs_utils/lib/python3.12/site-packages:${PYTHONPATH} /usr/bin/cmake --build /home/saber/robox_ws/build/moveit_kinematics -- -j16 -l16
[0.122s] [ 17%] Built target gtest_main
[0.123s] [ 17%] Built target cached_ik_kinematics_parameters
[0.126s] [ 26%] Built target srv_kinematics_parameters
[0.127s] [ 34%] Built target kdl_kinematics_parameters
[0.130s] [ 43%] Built target gtest
[0.149s] [ 52%] Built target benchmark_ik
[0.177s] [ 69%] Built target moveit_srv_kinematics_plugin
[0.178s] [ 73%] Built target moveit_kdl_kinematics_plugin
[0.178s] [ 82%] Built target moveit_cached_ik_kinematics_base
[0.246s] [ 91%] Built target moveit_cached_ik_kinematics_plugin
[0.249s] [100%] Built target test_kinematics_plugin
[0.278s] Invoked command in '/home/saber/robox_ws/build/moveit_kinematics' returned '0': AMENT_PREFIX_PATH=/home/saber/robox_ws/install/moveit_ros_planning:/home/saber/robox_ws/install/moveit_ros_occupancy_map_monitor:/home/saber/robox_ws/install/moveit_core:/home/saber/robox_ws/install/moveit_configs_utils:/home/saber/robox_ws/install/moveit_common:${AMENT_PREFIX_PATH} CMAKE_PREFIX_PATH=/home/saber/robox_ws/install/moveit_ros_planning:/home/saber/robox_ws/install/moveit_ros_occupancy_map_monitor:/home/saber/robox_ws/install/moveit_core:/home/saber/robox_ws/install/moveit_common:/home/saber/arduinobot_ws/install/controller:/home/saber/arduinobot_ws/install/arm_description:/home/saber/arduinobot_ws/install/arduinobot_cpp_examples:/opt/ros/jazzy/opt/gz_sim_vendor:/opt/ros/jazzy/opt/gz_sensors_vendor:/opt/ros/jazzy/opt/gz_physics_vendor:/opt/ros/jazzy/opt/sdformat_vendor:/opt/ros/jazzy/opt/gz_gui_vendor:/opt/ros/jazzy/opt/gz_transport_vendor:/opt/ros/jazzy/opt/gz_rendering_vendor:/opt/ros/jazzy/opt/gz_plugin_vendor:/opt/ros/jazzy/opt/gz_fuel_tools_vendor:/opt/ros/jazzy/opt/gz_msgs_vendor:/opt/ros/jazzy/opt/gz_common_vendor:/opt/ros/jazzy/opt/gz_math_vendor:/opt/ros/jazzy/opt/gz_utils_vendor:/opt/ros/jazzy/opt/gz_tools_vendor:/opt/ros/jazzy/opt/gz_ogre_next_vendor:/opt/ros/jazzy/opt/gz_dartsim_vendor:/opt/ros/jazzy/opt/gz_cmake_vendor:/home/saber/arduinobot_ws/install/arduinobot_py_examples:/opt/ros/jazzy DEBUGINFOD_URLS=https://debuginfod.ubuntu.com LD_LIBRARY_PATH=/home/saber/robox_ws/install/moveit_ros_planning/lib:/home/saber/robox_ws/install/moveit_ros_occupancy_map_monitor/lib:/home/saber/robox_ws/install/moveit_core/lib:${LD_LIBRARY_PATH} PATH=/home/saber/robox_ws/install/moveit_core/bin:${PATH} PYTHONPATH=/home/saber/robox_ws/install/moveit_configs_utils/lib/python3.12/site-packages:${PYTHONPATH} /usr/bin/cmake --build /home/saber/robox_ws/build/moveit_kinematics -- -j16 -l16
[0.280s] Invoking command in '/home/saber/robox_ws/build/moveit_kinematics': AMENT_PREFIX_PATH=/home/saber/robox_ws/install/moveit_ros_planning:/home/saber/robox_ws/install/moveit_ros_occupancy_map_monitor:/home/saber/robox_ws/install/moveit_core:/home/saber/robox_ws/install/moveit_configs_utils:/home/saber/robox_ws/install/moveit_common:${AMENT_PREFIX_PATH} CMAKE_PREFIX_PATH=/home/saber/robox_ws/install/moveit_ros_planning:/home/saber/robox_ws/install/moveit_ros_occupancy_map_monitor:/home/saber/robox_ws/install/moveit_core:/home/saber/robox_ws/install/moveit_common:/home/saber/arduinobot_ws/install/controller:/home/saber/arduinobot_ws/install/arm_description:/home/saber/arduinobot_ws/install/arduinobot_cpp_examples:/opt/ros/jazzy/opt/gz_sim_vendor:/opt/ros/jazzy/opt/gz_sensors_vendor:/opt/ros/jazzy/opt/gz_physics_vendor:/opt/ros/jazzy/opt/sdformat_vendor:/opt/ros/jazzy/opt/gz_gui_vendor:/opt/ros/jazzy/opt/gz_transport_vendor:/opt/ros/jazzy/opt/gz_rendering_vendor:/opt/ros/jazzy/opt/gz_plugin_vendor:/opt/ros/jazzy/opt/gz_fuel_tools_vendor:/opt/ros/jazzy/opt/gz_msgs_vendor:/opt/ros/jazzy/opt/gz_common_vendor:/opt/ros/jazzy/opt/gz_math_vendor:/opt/ros/jazzy/opt/gz_utils_vendor:/opt/ros/jazzy/opt/gz_tools_vendor:/opt/ros/jazzy/opt/gz_ogre_next_vendor:/opt/ros/jazzy/opt/gz_dartsim_vendor:/opt/ros/jazzy/opt/gz_cmake_vendor:/home/saber/arduinobot_ws/install/arduinobot_py_examples:/opt/ros/jazzy DEBUGINFOD_URLS=https://debuginfod.ubuntu.com LD_LIBRARY_PATH=/home/saber/robox_ws/install/moveit_ros_planning/lib:/home/saber/robox_ws/install/moveit_ros_occupancy_map_monitor/lib:/home/saber/robox_ws/install/moveit_core/lib:${LD_LIBRARY_PATH} PATH=/home/saber/robox_ws/install/moveit_core/bin:${PATH} PYTHONPATH=/home/saber/robox_ws/install/moveit_configs_utils/lib/python3.12/site-packages:${PYTHONPATH} /usr/bin/cmake --install /home/saber/robox_ws/build/moveit_kinematics
[0.288s] -- Install configuration: "Release"
[0.288s] -- Execute custom install script
[0.288s] -- Up-to-date symlink: /home/saber/robox_ws/install/moveit_kinematics/share/moveit_kinematics//kdl_kinematics_plugin_description.xml
[0.288s] -- Up-to-date symlink: /home/saber/robox_ws/install/moveit_kinematics/share/moveit_kinematics//srv_kinematics_plugin_description.xml
[0.289s] -- Up-to-date symlink: /home/saber/robox_ws/install/moveit_kinematics/share/moveit_kinematics//cached_ik_kinematics_plugin_description.xml
[0.290s] -- Up-to-date symlink: /home/saber/robox_ws/install/moveit_kinematics/include/moveit_kinematics/cached_ik_kinematics_parameters.hpp
[0.290s] -- Up-to-date symlink: /home/saber/robox_ws/install/moveit_kinematics/include/moveit_kinematics/moveit/cached_ik_kinematics_plugin/cached_ik_kinematics_parameters.yaml
[0.291s] -- Up-to-date symlink: /home/saber/robox_ws/install/moveit_kinematics/include/moveit_kinematics/moveit/cached_ik_kinematics_plugin/cached_ik_kinematics_plugin-inl.h
[0.291s] -- Up-to-date symlink: /home/saber/robox_ws/install/moveit_kinematics/include/moveit_kinematics/moveit/cached_ik_kinematics_plugin/cached_ik_kinematics_plugin-inl.hpp
[0.291s] -- Up-to-date symlink: /home/saber/robox_ws/install/moveit_kinematics/include/moveit_kinematics/moveit/cached_ik_kinematics_plugin/cached_ik_kinematics_plugin.h
[0.291s] -- Up-to-date symlink: /home/saber/robox_ws/install/moveit_kinematics/include/moveit_kinematics/moveit/cached_ik_kinematics_plugin/cached_ik_kinematics_plugin.hpp
[0.292s] -- Up-to-date symlink: /home/saber/robox_ws/install/moveit_kinematics/include/moveit_kinematics/moveit/cached_ik_kinematics_plugin/detail/GreedyKCenters.h
[0.292s] -- Up-to-date symlink: /home/saber/robox_ws/install/moveit_kinematics/include/moveit_kinematics/moveit/cached_ik_kinematics_plugin/detail/GreedyKCenters.hpp
[0.292s] -- Up-to-date symlink: /home/saber/robox_ws/install/moveit_kinematics/include/moveit_kinematics/moveit/cached_ik_kinematics_plugin/detail/NearestNeighbors.h
[0.292s] -- Up-to-date symlink: /home/saber/robox_ws/install/moveit_kinematics/include/moveit_kinematics/moveit/cached_ik_kinematics_plugin/detail/NearestNeighbors.hpp
[0.292s] -- Up-to-date symlink: /home/saber/robox_ws/install/moveit_kinematics/include/moveit_kinematics/moveit/cached_ik_kinematics_plugin/detail/NearestNeighborsGNAT.h
[0.293s] -- Up-to-date symlink: /home/saber/robox_ws/install/moveit_kinematics/include/moveit_kinematics/moveit/cached_ik_kinematics_plugin/detail/NearestNeighborsGNAT.hpp
[0.293s] -- Up-to-date symlink: /home/saber/robox_ws/install/moveit_kinematics/share/moveit_kinematics/launch/measure_ik_call_cost.launch
[0.294s] -- Up-to-date symlink: /home/saber/robox_ws/install/moveit_kinematics/lib/moveit_kinematics/auto_create_ikfast_moveit_plugin.sh
[0.294s] -- Up-to-date symlink: /home/saber/robox_ws/install/moveit_kinematics/lib/moveit_kinematics/create_ikfast_moveit_plugin.py
[0.294s] -- Up-to-date symlink: /home/saber/robox_ws/install/moveit_kinematics/lib/moveit_kinematics/round_collada_numbers.py
[0.294s] -- Up-to-date symlink: /home/saber/robox_ws/install/moveit_kinematics/share/moveit_kinematics/ikfast_kinematics_plugin/templates/CMakeLists.txt
[0.294s] -- Up-to-date symlink: /home/saber/robox_ws/install/moveit_kinematics/share/moveit_kinematics/ikfast_kinematics_plugin/templates/ikfast.h
[0.295s] -- Up-to-date symlink: /home/saber/robox_ws/install/moveit_kinematics/share/moveit_kinematics/ikfast_kinematics_plugin/templates/ikfast61_moveit_plugin_template.cpp
[0.295s] -- Up-to-date symlink: /home/saber/robox_ws/install/moveit_kinematics/share/moveit_kinematics/ikfast_kinematics_plugin/templates/ikfast_kinematics_parameters.yaml
[0.295s] -- Up-to-date symlink: /home/saber/robox_ws/install/moveit_kinematics/include/moveit_kinematics/kdl_kinematics_parameters.hpp
[0.295s] -- Up-to-date symlink: /home/saber/robox_ws/install/moveit_kinematics/include/moveit_kinematics/moveit/kdl_kinematics_plugin/chainiksolver_vel_mimic_svd.h
[0.295s] -- Up-to-date symlink: /home/saber/robox_ws/install/moveit_kinematics/include/moveit_kinematics/moveit/kdl_kinematics_plugin/chainiksolver_vel_mimic_svd.hpp
[0.295s] -- Up-to-date symlink: /home/saber/robox_ws/install/moveit_kinematics/include/moveit_kinematics/moveit/kdl_kinematics_plugin/joint_mimic.h
[0.295s] -- Up-to-date symlink: /home/saber/robox_ws/install/moveit_kinematics/include/moveit_kinematics/moveit/kdl_kinematics_plugin/joint_mimic.hpp
[0.296s] -- Up-to-date symlink: /home/saber/robox_ws/install/moveit_kinematics/include/moveit_kinematics/moveit/kdl_kinematics_plugin/kdl_kinematics_plugin.h
[0.296s] -- Up-to-date symlink: /home/saber/robox_ws/install/moveit_kinematics/include/moveit_kinematics/moveit/kdl_kinematics_plugin/kdl_kinematics_plugin.hpp
[0.296s] -- Up-to-date symlink: /home/saber/robox_ws/install/moveit_kinematics/include/moveit_kinematics/srv_kinematics_parameters.hpp
[0.296s] -- Up-to-date symlink: /home/saber/robox_ws/install/moveit_kinematics/include/moveit_kinematics/moveit/srv_kinematics_plugin/srv_kinematics_plugin.h
[0.296s] -- Up-to-date symlink: /home/saber/robox_ws/install/moveit_kinematics/include/moveit_kinematics/moveit/srv_kinematics_plugin/srv_kinematics_plugin.hpp
[0.296s] -- Up-to-date symlink: /home/saber/robox_ws/install/moveit_kinematics/share/moveit_kinematics/config/fanuc-kdl-singular-test.yaml
[0.296s] -- Up-to-date symlink: /home/saber/robox_ws/install/moveit_kinematics/share/moveit_kinematics/config/fanuc-kdl-test.yaml
[0.296s] -- Up-to-date symlink: /home/saber/robox_ws/install/moveit_kinematics/share/moveit_kinematics/config/panda-kdl-singular-test.yaml
[0.296s] -- Up-to-date symlink: /home/saber/robox_ws/install/moveit_kinematics/share/moveit_kinematics/config/panda-kdl-test.yaml
[0.296s] -- Up-to-date symlink: /home/saber/robox_ws/install/moveit_kinematics/share/moveit_kinematics/launch/fanuc-kdl-singular.test.py
[0.296s] -- Up-to-date symlink: /home/saber/robox_ws/install/moveit_kinematics/share/moveit_kinematics/launch/fanuc-kdl.test.py
[0.296s] -- Up-to-date symlink: /home/saber/robox_ws/install/moveit_kinematics/share/moveit_kinematics/launch/panda-kdl-singular.test.py
[0.297s] -- Up-to-date symlink: /home/saber/robox_ws/install/moveit_kinematics/share/moveit_kinematics/launch/panda-kdl.test.py
[0.297s] -- Up-to-date symlink: /home/saber/robox_ws/install/moveit_kinematics/lib/moveit_kinematics/benchmark_ik
[0.297s] -- Up-to-date symlink: /home/saber/robox_ws/install/moveit_kinematics/lib/moveit_kinematics/test_kinematics_plugin
[0.297s] -- Up-to-date symlink: /home/saber/robox_ws/install/moveit_kinematics/share/moveit_kinematics/environment/library_path.sh
[0.297s] -- Up-to-date symlink: /home/saber/robox_ws/install/moveit_kinematics/share/moveit_kinematics/environment/library_path.dsv
[0.297s] -- Up-to-date symlink: /home/saber/robox_ws/install/moveit_kinematics/share/ament_index/resource_index/package_run_dependencies/moveit_kinematics
[0.297s] -- Up-to-date symlink: /home/saber/robox_ws/install/moveit_kinematics/share/ament_index/resource_index/parent_prefix_path/moveit_kinematics
[0.298s] -- Up-to-date symlink: /home/saber/robox_ws/install/moveit_kinematics/share/moveit_kinematics/environment/ament_prefix_path.sh
[0.298s] -- Up-to-date symlink: /home/saber/robox_ws/install/moveit_kinematics/share/moveit_kinematics/environment/ament_prefix_path.dsv
[0.298s] -- Up-to-date symlink: /home/saber/robox_ws/install/moveit_kinematics/share/moveit_kinematics/environment/path.sh
[0.298s] -- Up-to-date symlink: /home/saber/robox_ws/install/moveit_kinematics/share/moveit_kinematics/environment/path.dsv
[0.298s] -- Up-to-date symlink: /home/saber/robox_ws/install/moveit_kinematics/share/moveit_kinematics/local_setup.bash
[0.298s] -- Up-to-date symlink: /home/saber/robox_ws/install/moveit_kinematics/share/moveit_kinematics/local_setup.sh
[0.299s] -- Up-to-date symlink: /home/saber/robox_ws/install/moveit_kinematics/share/moveit_kinematics/local_setup.zsh
[0.299s] -- Up-to-date symlink: /home/saber/robox_ws/install/moveit_kinematics/share/moveit_kinematics/local_setup.dsv
[0.299s] -- Symlinking: /home/saber/robox_ws/install/moveit_kinematics/share/moveit_kinematics/package.dsv
[0.310s] -- Up-to-date symlink: /home/saber/robox_ws/install/moveit_kinematics/share/ament_index/resource_index/packages/moveit_kinematics
[0.310s] -- Up-to-date symlink: /home/saber/robox_ws/install/moveit_kinematics/share/ament_index/resource_index/moveit_core__pluginlib__plugin/moveit_kinematics
[0.311s] -- Up-to-date symlink: /home/saber/robox_ws/install/moveit_kinematics/share/moveit_kinematics/cmake/ConfigExtras.cmake
[0.311s] -- Up-to-date symlink: /home/saber/robox_ws/install/moveit_kinematics/share/moveit_kinematics/cmake/ament_cmake_export_targets-extras.cmake
[0.311s] -- Up-to-date symlink: /home/saber/robox_ws/install/moveit_kinematics/share/moveit_kinematics/cmake/ament_cmake_export_dependencies-extras.cmake
[0.311s] -- Up-to-date symlink: /home/saber/robox_ws/install/moveit_kinematics/share/moveit_kinematics/cmake/moveit_kinematicsConfig.cmake
[0.311s] -- Up-to-date symlink: /home/saber/robox_ws/install/moveit_kinematics/share/moveit_kinematics/cmake/moveit_kinematicsConfig-version.cmake
[0.311s] -- Up-to-date symlink: /home/saber/robox_ws/install/moveit_kinematics/share/moveit_kinematics/package.xml
[0.312s] -- Up-to-date: /home/saber/robox_ws/install/moveit_kinematics/lib/libmoveit_cached_ik_kinematics_base.so.2.12.3
[0.312s] -- Up-to-date: /home/saber/robox_ws/install/moveit_kinematics/lib/libmoveit_cached_ik_kinematics_base.so
[0.313s] -- Up-to-date: /home/saber/robox_ws/install/moveit_kinematics/lib/libmoveit_cached_ik_kinematics_plugin.so.2.12.3
[0.313s] -- Up-to-date: /home/saber/robox_ws/install/moveit_kinematics/lib/libmoveit_cached_ik_kinematics_plugin.so
[0.313s] -- Up-to-date: /home/saber/robox_ws/install/moveit_kinematics/lib/libmoveit_kdl_kinematics_plugin.so
[0.313s] -- Up-to-date: /home/saber/robox_ws/install/moveit_kinematics/lib/libmoveit_srv_kinematics_plugin.so.2.12.3
[0.314s] -- Up-to-date: /home/saber/robox_ws/install/moveit_kinematics/lib/libmoveit_srv_kinematics_plugin.so
[0.314s] -- Up-to-date: /home/saber/robox_ws/install/moveit_kinematics/share/moveit_kinematics/cmake/moveit_kinematicsTargetsExport.cmake
[0.314s] -- Up-to-date: /home/saber/robox_ws/install/moveit_kinematics/share/moveit_kinematics/cmake/moveit_kinematicsTargetsExport-release.cmake
[0.331s] Invoked command in '/home/saber/robox_ws/build/moveit_kinematics' returned '0': AMENT_PREFIX_PATH=/home/saber/robox_ws/install/moveit_ros_planning:/home/saber/robox_ws/install/moveit_ros_occupancy_map_monitor:/home/saber/robox_ws/install/moveit_core:/home/saber/robox_ws/install/moveit_configs_utils:/home/saber/robox_ws/install/moveit_common:${AMENT_PREFIX_PATH} CMAKE_PREFIX_PATH=/home/saber/robox_ws/install/moveit_ros_planning:/home/saber/robox_ws/install/moveit_ros_occupancy_map_monitor:/home/saber/robox_ws/install/moveit_core:/home/saber/robox_ws/install/moveit_common:/home/saber/arduinobot_ws/install/controller:/home/saber/arduinobot_ws/install/arm_description:/home/saber/arduinobot_ws/install/arduinobot_cpp_examples:/opt/ros/jazzy/opt/gz_sim_vendor:/opt/ros/jazzy/opt/gz_sensors_vendor:/opt/ros/jazzy/opt/gz_physics_vendor:/opt/ros/jazzy/opt/sdformat_vendor:/opt/ros/jazzy/opt/gz_gui_vendor:/opt/ros/jazzy/opt/gz_transport_vendor:/opt/ros/jazzy/opt/gz_rendering_vendor:/opt/ros/jazzy/opt/gz_plugin_vendor:/opt/ros/jazzy/opt/gz_fuel_tools_vendor:/opt/ros/jazzy/opt/gz_msgs_vendor:/opt/ros/jazzy/opt/gz_common_vendor:/opt/ros/jazzy/opt/gz_math_vendor:/opt/ros/jazzy/opt/gz_utils_vendor:/opt/ros/jazzy/opt/gz_tools_vendor:/opt/ros/jazzy/opt/gz_ogre_next_vendor:/opt/ros/jazzy/opt/gz_dartsim_vendor:/opt/ros/jazzy/opt/gz_cmake_vendor:/home/saber/arduinobot_ws/install/arduinobot_py_examples:/opt/ros/jazzy DEBUGINFOD_URLS=https://debuginfod.ubuntu.com LD_LIBRARY_PATH=/home/saber/robox_ws/install/moveit_ros_planning/lib:/home/saber/robox_ws/install/moveit_ros_occupancy_map_monitor/lib:/home/saber/robox_ws/install/moveit_core/lib:${LD_LIBRARY_PATH} PATH=/home/saber/robox_ws/install/moveit_core/bin:${PATH} PYTHONPATH=/home/saber/robox_ws/install/moveit_configs_utils/lib/python3.12/site-packages:${PYTHONPATH} /usr/bin/cmake --install /home/saber/robox_ws/build/moveit_kinematics
