[2.398s] Invoking command in '/home/saber/robox_ws/src/color_pose_publisher': DEBUGINFOD_URLS=https://debuginfod.ubuntu.com PYTHONPATH=/home/saber/robox_ws/build/color_pose_publisher/prefix_override:/usr/lib/python3/dist-packages/colcon_core/task/python/colcon_distutils_commands:/home/saber/robox_ws/install/color_pose_publisher/lib/python3.12/site-packages:${PYTHONPATH} /usr/bin/python3 -W ignore:setup.py install is deprecated -W ignore:easy_install command is deprecated setup.py egg_info --egg-base ../../build/color_pose_publisher build --build-base /home/saber/robox_ws/build/color_pose_publisher/build install --record /home/saber/robox_ws/build/color_pose_publisher/install.log --single-version-externally-managed install_data
[3.036s] running egg_info
[3.091s] writing ../../build/color_pose_publisher/color_pose_publisher.egg-info/PKG-INFO
[3.091s] writing dependency_links to ../../build/color_pose_publisher/color_pose_publisher.egg-info/dependency_links.txt
[3.092s] writing entry points to ../../build/color_pose_publisher/color_pose_publisher.egg-info/entry_points.txt
[3.092s] writing requirements to ../../build/color_pose_publisher/color_pose_publisher.egg-info/requires.txt
[3.092s] writing top-level names to ../../build/color_pose_publisher/color_pose_publisher.egg-info/top_level.txt
[3.204s] reading manifest file '../../build/color_pose_publisher/color_pose_publisher.egg-info/SOURCES.txt'
[3.205s] writing manifest file '../../build/color_pose_publisher/color_pose_publisher.egg-info/SOURCES.txt'
[3.205s] running build
[3.206s] running build_py
[3.206s] copying color_pose_publisher/ppc_action_client.py -> /home/saber/robox_ws/build/color_pose_publisher/build/lib/color_pose_publisher
[3.207s] running install
[3.217s] running install_lib
[3.274s] copying /home/saber/robox_ws/build/color_pose_publisher/build/lib/color_pose_publisher/ppc_action_client.py -> /home/saber/robox_ws/install/color_pose_publisher/lib/python3.12/site-packages/color_pose_publisher
[3.275s] byte-compiling /home/saber/robox_ws/install/color_pose_publisher/lib/python3.12/site-packages/color_pose_publisher/ppc_action_client.py to ppc_action_client.cpython-312.pyc
[3.281s] running install_data
[3.281s] running install_egg_info
[3.339s] removing '/home/saber/robox_ws/install/color_pose_publisher/lib/python3.12/site-packages/color_pose_publisher-0.0.1-py3.12.egg-info' (and everything under it)
[3.340s] Copying ../../build/color_pose_publisher/color_pose_publisher.egg-info to /home/saber/robox_ws/install/color_pose_publisher/lib/python3.12/site-packages/color_pose_publisher-0.0.1-py3.12.egg-info
[3.342s] running install_scripts
[3.681s] Installing color_pose_publisher_node script to /home/saber/robox_ws/install/color_pose_publisher/lib/color_pose_publisher
[3.681s] Installing ppc_action_client script to /home/saber/robox_ws/install/color_pose_publisher/lib/color_pose_publisher
[3.682s] writing list of installed files to '/home/saber/robox_ws/build/color_pose_publisher/install.log'
[3.738s] Invoked command in '/home/saber/robox_ws/src/color_pose_publisher' returned '0': DEBUGINFOD_URLS=https://debuginfod.ubuntu.com PYTHONPATH=/home/saber/robox_ws/build/color_pose_publisher/prefix_override:/usr/lib/python3/dist-packages/colcon_core/task/python/colcon_distutils_commands:/home/saber/robox_ws/install/color_pose_publisher/lib/python3.12/site-packages:${PYTHONPATH} /usr/bin/python3 -W ignore:setup.py install is deprecated -W ignore:easy_install command is deprecated setup.py egg_info --egg-base ../../build/color_pose_publisher build --build-base /home/saber/robox_ws/build/color_pose_publisher/build install --record /home/saber/robox_ws/build/color_pose_publisher/install.log --single-version-externally-managed install_data
