[1.454s] Invoking command in '/home/saber/robox_ws/build/arduinobot_py_examples': DEBUGINFOD_URLS=https://debuginfod.ubuntu.com PYTHONPATH=/home/saber/robox_ws/build/arduinobot_py_examples/prefix_override:/usr/lib/python3/dist-packages/colcon_core/task/python/colcon_distutils_commands:/home/saber/robox_ws/install/arduinobot_py_examples/lib/python3.12/site-packages:${PYTHONPATH} /usr/bin/python3 -W ignore:setup.py install is deprecated -W ignore:easy_install command is deprecated setup.py develop --editable --build-directory /home/saber/robox_ws/build/arduinobot_py_examples/build --no-deps symlink_data --force
[1.824s] running develop
[2.115s] running egg_info
[2.143s] writing arduinobot_py_examples.egg-info/PKG-INFO
[2.143s] writing dependency_links to arduinobot_py_examples.egg-info/dependency_links.txt
[2.143s] writing entry points to arduinobot_py_examples.egg-info/entry_points.txt
[2.143s] writing requirements to arduinobot_py_examples.egg-info/requires.txt
[2.143s] writing top-level names to arduinobot_py_examples.egg-info/top_level.txt
[2.199s] reading manifest file 'arduinobot_py_examples.egg-info/SOURCES.txt'
[2.200s] writing manifest file 'arduinobot_py_examples.egg-info/SOURCES.txt'
[2.284s] running build_ext
[2.284s] Creating /home/saber/robox_ws/install/arduinobot_py_examples/lib/python3.12/site-packages/arduinobot-py-examples.egg-link (link to .)
[2.285s] Installing bridge script to /home/saber/robox_ws/install/arduinobot_py_examples/lib/arduinobot_py_examples
[2.285s] Installing color_tracking_sub script to /home/saber/robox_ws/install/arduinobot_py_examples/lib/arduinobot_py_examples
[2.286s] Installing cube_pose_publisher script to /home/saber/robox_ws/install/arduinobot_py_examples/lib/arduinobot_py_examples
[2.286s] Installing cube_pose_trajectory script to /home/saber/robox_ws/install/arduinobot_py_examples/lib/arduinobot_py_examples
[2.286s] Installing ik_solver script to /home/saber/robox_ws/install/arduinobot_py_examples/lib/arduinobot_py_examples
[2.286s] Installing ik_to_trajectory_client script to /home/saber/robox_ws/install/arduinobot_py_examples/lib/arduinobot_py_examples
[2.286s] Installing joystick_controller script to /home/saber/robox_ws/install/arduinobot_py_examples/lib/arduinobot_py_examples
[2.286s] Installing joystick_handler script to /home/saber/robox_ws/install/arduinobot_py_examples/lib/arduinobot_py_examples
[2.286s] Installing pose script to /home/saber/robox_ws/install/arduinobot_py_examples/lib/arduinobot_py_examples
[2.287s] Installing ppc_action_server script to /home/saber/robox_ws/install/arduinobot_py_examples/lib/arduinobot_py_examples
[2.287s] Installing ppc_action_server_stacking script to /home/saber/robox_ws/install/arduinobot_py_examples/lib/arduinobot_py_examples
[2.287s] Installing publisher script to /home/saber/robox_ws/install/arduinobot_py_examples/lib/arduinobot_py_examples
[2.287s] Installing qr_action_server script to /home/saber/robox_ws/install/arduinobot_py_examples/lib/arduinobot_py_examples
[2.287s] Installing reachability_map script to /home/saber/robox_ws/install/arduinobot_py_examples/lib/arduinobot_py_examples
[2.288s] Installing serial script to /home/saber/robox_ws/install/arduinobot_py_examples/lib/arduinobot_py_examples
[2.288s] Installing simple_moveit_interface script to /home/saber/robox_ws/install/arduinobot_py_examples/lib/arduinobot_py_examples
[2.288s] Installing simple_parameter script to /home/saber/robox_ws/install/arduinobot_py_examples/lib/arduinobot_py_examples
[2.288s] Installing subscriber script to /home/saber/robox_ws/install/arduinobot_py_examples/lib/arduinobot_py_examples
[2.288s] 
[2.288s] Installed /home/saber/robox_ws/build/arduinobot_py_examples
[2.288s] running symlink_data
[2.288s] symbolically linking /home/saber/robox_ws/build/arduinobot_py_examples/resource/arduinobot_py_examples -> /home/saber/robox_ws/install/arduinobot_py_examples/share/ament_index/resource_index/packages
[2.289s] symbolically linking /home/saber/robox_ws/build/arduinobot_py_examples/package.xml -> /home/saber/robox_ws/install/arduinobot_py_examples/share/arduinobot_py_examples
[2.391s] Invoked command in '/home/saber/robox_ws/build/arduinobot_py_examples' returned '0': DEBUGINFOD_URLS=https://debuginfod.ubuntu.com PYTHONPATH=/home/saber/robox_ws/build/arduinobot_py_examples/prefix_override:/usr/lib/python3/dist-packages/colcon_core/task/python/colcon_distutils_commands:/home/saber/robox_ws/install/arduinobot_py_examples/lib/python3.12/site-packages:${PYTHONPATH} /usr/bin/python3 -W ignore:setup.py install is deprecated -W ignore:easy_install command is deprecated setup.py develop --editable --build-directory /home/saber/robox_ws/build/arduinobot_py_examples/build --no-deps symlink_data --force
