-- Found ament_cmake: 2.5.4 (/opt/ros/jazzy/share/ament_cmake/cmake)
-- Found Python3: /usr/bin/python3 (found version "3.12.3") found components: Interpreter 
-- Override CMake install command with custom implementation using symlinks instead of copying resources
-- Found rclcpp: 28.1.9 (/opt/ros/jazzy/share/rclcpp/cmake)
-- Found rosidl_generator_c: 4.6.5 (/opt/ros/jazzy/share/rosidl_generator_c/cmake)
-- Found rosidl_generator_cpp: 4.6.5 (/opt/ros/jazzy/share/rosidl_generator_cpp/cmake)
-- Using all available rosidl_typesupport_c: rosidl_typesupport_fastrtps_c;rosidl_typesupport_introspection_c
-- Using all available rosidl_typesupport_cpp: rosidl_typesupport_fastrtps_cpp;rosidl_typesupport_introspection_cpp
-- Found rmw_implementation_cmake: 7.3.2 (/opt/ros/jazzy/share/rmw_implementation_cmake/cmake)
-- Found rmw_cyclonedds_cpp: 2.2.3 (/opt/ros/jazzy/share/rmw_cyclonedds_cpp/cmake)
-- Using RMW implementation 'rmw_cyclonedds_cpp' as default
-- Found geometry_msgs: 5.3.6 (/opt/ros/jazzy/share/geometry_msgs/cmake)
-- Found moveit_ros_planning_interface: 2.12.3 (/home/saber/robox_ws/install/moveit_ros_planning_interface/share/moveit_ros_planning_interface/cmake)
-- Found Boost: /usr/lib/x86_64-linux-gnu/cmake/Boost-1.83.0/BoostConfig.cmake (found version "1.83.0") found components: date_time filesystem program_options system thread 
-- Found Boost: /usr/lib/x86_64-linux-gnu/cmake/Boost-1.83.0/BoostConfig.cmake (found version "1.83.0") found components: chrono date_time filesystem iostreams program_options regex serialization system thread 
-- Found parameter_traits: 0.4.0 (/opt/ros/jazzy/share/parameter_traits/cmake)
-- Found rclcpp_lifecycle: 28.1.9 (/opt/ros/jazzy/share/rclcpp_lifecycle/cmake)
-- Found Boost: /usr/lib/x86_64-linux-gnu/cmake/Boost-1.83.0/BoostConfig.cmake (found version "1.83.0") found components: filesystem 
-- Ensuring Eigen3 include directory is part of orocos-kdl CMake target
-- Found TinyXML2 via Config file: /usr/lib/x86_64-linux-gnu/cmake/tinyxml2
-- Found Boost: /usr/lib/x86_64-linux-gnu/cmake/Boost-1.83.0/BoostConfig.cmake (found version "1.83.0") found components: system filesystem date_time program_options thread chrono 
-- Found Boost: /usr/lib/x86_64-linux-gnu/cmake/Boost-1.83.0/BoostConfig.cmake (found version "1.83.0") found components: thread system filesystem regex date_time program_options 
-- Found Boost: /usr/lib/x86_64-linux-gnu/cmake/Boost-1.83.0/BoostConfig.cmake (found version "1.83.0") found components: system filesystem date_time program_options thread 
-- Found controller_manager_msgs: 4.29.0 (/opt/ros/jazzy/share/controller_manager_msgs/cmake)
-- Found rosidl_default_generators: 1.6.0 (/opt/ros/jazzy/share/rosidl_default_generators/cmake)
-- Found rosidl_adapter: 4.6.5 (/opt/ros/jazzy/share/rosidl_adapter/cmake)
-- Found ament_cmake_ros: 0.12.0 (/opt/ros/jazzy/share/ament_cmake_ros/cmake)
-- Using all available rosidl_typesupport_c: rosidl_typesupport_fastrtps_c;rosidl_typesupport_introspection_c
-- Using all available rosidl_typesupport_cpp: rosidl_typesupport_fastrtps_cpp;rosidl_typesupport_introspection_cpp
-- Found python_cmake_module: 0.11.1 (/opt/ros/jazzy/share/python_cmake_module/cmake)
-- Found Python3: /usr/bin/python3 (found version "3.12.3") found components: Interpreter Development NumPy Development.Module Development.Embed 
-- Found ament_lint_auto: 0.17.2 (/opt/ros/jazzy/share/ament_lint_auto/cmake)
-- Added test 'cppcheck' to perform static code analysis on C / C++ code
-- Configured cppcheck include dirs: 
-- Configured cppcheck exclude dirs and/or files: 
-- Added test 'flake8' to check Python code syntax and style conventions
-- Configured 'flake8' exclude dirs and/or files: 
-- Added test 'lint_cmake' to check CMake code style
-- Added test 'pep257' to check Python code against some of the docstring style conventions in PEP 257
-- Added test 'uncrustify' to check C / C++ code style
-- Configured uncrustify additional arguments: 
-- Added test 'xmllint' to check XML markup files
-- Configuring done (2.1s)
-- Generating done (0.2s)
-- Build files have been written to: /home/saber/robox_ws/build/arm_description
/usr/bin/cmake -S/home/saber/robox_ws/src/arm_description -B/home/saber/robox_ws/build/arm_description --check-build-system CMakeFiles/Makefile.cmake 0
/usr/bin/cmake -E cmake_progress_start /home/saber/robox_ws/build/arm_description/CMakeFiles /home/saber/robox_ws/build/arm_description//CMakeFiles/progress.marks
/usr/bin/gmake  -f CMakeFiles/Makefile2 all
gmake[1]: Entering directory '/home/saber/robox_ws/build/arm_description'
/usr/bin/gmake  -f CMakeFiles/arm_description__rosidl_generator_type_description.dir/build.make CMakeFiles/arm_description__rosidl_generator_type_description.dir/depend
/usr/bin/gmake  -f CMakeFiles/ament_cmake_python_symlink_arm_description.dir/build.make CMakeFiles/ament_cmake_python_symlink_arm_description.dir/depend
gmake[2]: Entering directory '/home/saber/robox_ws/build/arm_description'
cd /home/saber/robox_ws/build/arm_description && /usr/bin/cmake -E cmake_depends "Unix Makefiles" /home/saber/robox_ws/src/arm_description /home/saber/robox_ws/src/arm_description /home/saber/robox_ws/build/arm_description /home/saber/robox_ws/build/arm_description /home/saber/robox_ws/build/arm_description/CMakeFiles/arm_description__rosidl_generator_type_description.dir/DependInfo.cmake "--color="
gmake[2]: Entering directory '/home/saber/robox_ws/build/arm_description'
cd /home/saber/robox_ws/build/arm_description && /usr/bin/cmake -E cmake_depends "Unix Makefiles" /home/saber/robox_ws/src/arm_description /home/saber/robox_ws/src/arm_description /home/saber/robox_ws/build/arm_description /home/saber/robox_ws/build/arm_description /home/saber/robox_ws/build/arm_description/CMakeFiles/ament_cmake_python_symlink_arm_description.dir/DependInfo.cmake "--color="
gmake[2]: Leaving directory '/home/saber/robox_ws/build/arm_description'
/usr/bin/gmake  -f CMakeFiles/arm_description__rosidl_generator_type_description.dir/build.make CMakeFiles/arm_description__rosidl_generator_type_description.dir/build
gmake[2]: Entering directory '/home/saber/robox_ws/build/arm_description'
gmake[2]: Nothing to be done for 'CMakeFiles/arm_description__rosidl_generator_type_description.dir/build'.
gmake[2]: Leaving directory '/home/saber/robox_ws/build/arm_description'
gmake[2]: Leaving directory '/home/saber/robox_ws/build/arm_description'
/usr/bin/gmake  -f CMakeFiles/ament_cmake_python_symlink_arm_description.dir/build.make CMakeFiles/ament_cmake_python_symlink_arm_description.dir/build
gmake[2]: Entering directory '/home/saber/robox_ws/build/arm_description'
/usr/bin/cmake -E create_symlink /home/saber/robox_ws/build/arm_description/rosidl_generator_py/arm_description /home/saber/robox_ws/build/arm_description/ament_cmake_python/arm_description/arm_description
[  2%] Built target arm_description__rosidl_generator_type_description
/usr/bin/gmake  -f CMakeFiles/arm_description__cpp.dir/build.make CMakeFiles/arm_description__cpp.dir/depend
/usr/bin/gmake  -f CMakeFiles/arm_description__rosidl_generator_c.dir/build.make CMakeFiles/arm_description__rosidl_generator_c.dir/depend
gmake[2]: Entering directory '/home/saber/robox_ws/build/arm_description'
cd /home/saber/robox_ws/build/arm_description && /usr/bin/cmake -E cmake_depends "Unix Makefiles" /home/saber/robox_ws/src/arm_description /home/saber/robox_ws/src/arm_description /home/saber/robox_ws/build/arm_description /home/saber/robox_ws/build/arm_description /home/saber/robox_ws/build/arm_description/CMakeFiles/arm_description__cpp.dir/DependInfo.cmake "--color="
gmake[2]: Entering directory '/home/saber/robox_ws/build/arm_description'
cd /home/saber/robox_ws/build/arm_description && /usr/bin/cmake -E cmake_depends "Unix Makefiles" /home/saber/robox_ws/src/arm_description /home/saber/robox_ws/src/arm_description /home/saber/robox_ws/build/arm_description /home/saber/robox_ws/build/arm_description /home/saber/robox_ws/build/arm_description/CMakeFiles/arm_description__rosidl_generator_c.dir/DependInfo.cmake "--color="
gmake[2]: Leaving directory '/home/saber/robox_ws/build/arm_description'
gmake[2]: Leaving directory '/home/saber/robox_ws/build/arm_description'
/usr/bin/gmake  -f CMakeFiles/arm_description__cpp.dir/build.make CMakeFiles/arm_description__cpp.dir/build
gmake[2]: Entering directory '/home/saber/robox_ws/build/arm_description'
gmake[2]: Nothing to be done for 'CMakeFiles/arm_description__cpp.dir/build'.
gmake[2]: Leaving directory '/home/saber/robox_ws/build/arm_description'
[  2%] Built target ament_cmake_python_symlink_arm_description
gmake[2]: Leaving directory '/home/saber/robox_ws/build/arm_description'
/usr/bin/gmake  -f CMakeFiles/arm_description__rosidl_generator_c.dir/build.make CMakeFiles/arm_description__rosidl_generator_c.dir/build
/usr/bin/gmake  -f CMakeFiles/ament_cmake_python_build_arm_description_egg.dir/build.make CMakeFiles/ament_cmake_python_build_arm_description_egg.dir/depend
gmake[2]: Entering directory '/home/saber/robox_ws/build/arm_description'
cd /home/saber/robox_ws/build/arm_description && /usr/bin/cmake -E cmake_depends "Unix Makefiles" /home/saber/robox_ws/src/arm_description /home/saber/robox_ws/src/arm_description /home/saber/robox_ws/build/arm_description /home/saber/robox_ws/build/arm_description /home/saber/robox_ws/build/arm_description/CMakeFiles/ament_cmake_python_build_arm_description_egg.dir/DependInfo.cmake "--color="
gmake[2]: Entering directory '/home/saber/robox_ws/build/arm_description'
gmake[2]: Nothing to be done for 'CMakeFiles/arm_description__rosidl_generator_c.dir/build'.
gmake[2]: Leaving directory '/home/saber/robox_ws/build/arm_description'
[  5%] Built target arm_description__cpp
[ 19%] Built target arm_description__rosidl_generator_c
/usr/bin/gmake  -f CMakeFiles/arm_description__rosidl_typesupport_cpp.dir/build.make CMakeFiles/arm_description__rosidl_typesupport_cpp.dir/depend
gmake[2]: Leaving directory '/home/saber/robox_ws/build/arm_description'
/usr/bin/gmake  -f CMakeFiles/arm_description__rosidl_typesupport_fastrtps_c.dir/build.make CMakeFiles/arm_description__rosidl_typesupport_fastrtps_c.dir/depend
/usr/bin/gmake  -f CMakeFiles/ament_cmake_python_build_arm_description_egg.dir/build.make CMakeFiles/ament_cmake_python_build_arm_description_egg.dir/build
/usr/bin/gmake  -f CMakeFiles/arm_description__rosidl_typesupport_fastrtps_cpp.dir/build.make CMakeFiles/arm_description__rosidl_typesupport_fastrtps_cpp.dir/depend
/usr/bin/gmake  -f CMakeFiles/arm_description__rosidl_typesupport_introspection_c.dir/build.make CMakeFiles/arm_description__rosidl_typesupport_introspection_c.dir/depend
/usr/bin/gmake  -f CMakeFiles/arm_description__rosidl_typesupport_c.dir/build.make CMakeFiles/arm_description__rosidl_typesupport_c.dir/depend
/usr/bin/gmake  -f CMakeFiles/arm_description__rosidl_typesupport_introspection_cpp.dir/build.make CMakeFiles/arm_description__rosidl_typesupport_introspection_cpp.dir/depend
gmake[2]: Entering directory '/home/saber/robox_ws/build/arm_description'
cd /home/saber/robox_ws/build/arm_description/ament_cmake_python/arm_description && /usr/bin/python3 setup.py egg_info
gmake[2]: Entering directory '/home/saber/robox_ws/build/arm_description'
cd /home/saber/robox_ws/build/arm_description && /usr/bin/cmake -E cmake_depends "Unix Makefiles" /home/saber/robox_ws/src/arm_description /home/saber/robox_ws/src/arm_description /home/saber/robox_ws/build/arm_description /home/saber/robox_ws/build/arm_description /home/saber/robox_ws/build/arm_description/CMakeFiles/arm_description__rosidl_typesupport_cpp.dir/DependInfo.cmake "--color="
gmake[2]: Entering directory '/home/saber/robox_ws/build/arm_description'
cd /home/saber/robox_ws/build/arm_description && /usr/bin/cmake -E cmake_depends "Unix Makefiles" /home/saber/robox_ws/src/arm_description /home/saber/robox_ws/src/arm_description /home/saber/robox_ws/build/arm_description /home/saber/robox_ws/build/arm_description /home/saber/robox_ws/build/arm_description/CMakeFiles/arm_description__rosidl_typesupport_fastrtps_c.dir/DependInfo.cmake "--color="
gmake[2]: Entering directory '/home/saber/robox_ws/build/arm_description'
cd /home/saber/robox_ws/build/arm_description && /usr/bin/cmake -E cmake_depends "Unix Makefiles" /home/saber/robox_ws/src/arm_description /home/saber/robox_ws/src/arm_description /home/saber/robox_ws/build/arm_description /home/saber/robox_ws/build/arm_description /home/saber/robox_ws/build/arm_description/CMakeFiles/arm_description__rosidl_typesupport_fastrtps_cpp.dir/DependInfo.cmake "--color="
gmake[2]: Entering directory '/home/saber/robox_ws/build/arm_description'
cd /home/saber/robox_ws/build/arm_description && /usr/bin/cmake -E cmake_depends "Unix Makefiles" /home/saber/robox_ws/src/arm_description /home/saber/robox_ws/src/arm_description /home/saber/robox_ws/build/arm_description /home/saber/robox_ws/build/arm_description /home/saber/robox_ws/build/arm_description/CMakeFiles/arm_description__rosidl_typesupport_c.dir/DependInfo.cmake "--color="
gmake[2]: Entering directory '/home/saber/robox_ws/build/arm_description'
cd /home/saber/robox_ws/build/arm_description && /usr/bin/cmake -E cmake_depends "Unix Makefiles" /home/saber/robox_ws/src/arm_description /home/saber/robox_ws/src/arm_description /home/saber/robox_ws/build/arm_description /home/saber/robox_ws/build/arm_description /home/saber/robox_ws/build/arm_description/CMakeFiles/arm_description__rosidl_typesupport_introspection_c.dir/DependInfo.cmake "--color="
gmake[2]: Entering directory '/home/saber/robox_ws/build/arm_description'
cd /home/saber/robox_ws/build/arm_description && /usr/bin/cmake -E cmake_depends "Unix Makefiles" /home/saber/robox_ws/src/arm_description /home/saber/robox_ws/src/arm_description /home/saber/robox_ws/build/arm_description /home/saber/robox_ws/build/arm_description /home/saber/robox_ws/build/arm_description/CMakeFiles/arm_description__rosidl_typesupport_introspection_cpp.dir/DependInfo.cmake "--color="
gmake[2]: Leaving directory '/home/saber/robox_ws/build/arm_description'
gmake[2]: Leaving directory '/home/saber/robox_ws/build/arm_description'
/usr/bin/gmake  -f CMakeFiles/arm_description__rosidl_typesupport_introspection_c.dir/build.make CMakeFiles/arm_description__rosidl_typesupport_introspection_c.dir/build
gmake[2]: Leaving directory '/home/saber/robox_ws/build/arm_description'
/usr/bin/gmake  -f CMakeFiles/arm_description__rosidl_typesupport_cpp.dir/build.make CMakeFiles/arm_description__rosidl_typesupport_cpp.dir/build
gmake[2]: Leaving directory '/home/saber/robox_ws/build/arm_description'
/usr/bin/gmake  -f CMakeFiles/arm_description__rosidl_typesupport_c.dir/build.make CMakeFiles/arm_description__rosidl_typesupport_c.dir/build
/usr/bin/gmake  -f CMakeFiles/arm_description__rosidl_typesupport_introspection_cpp.dir/build.make CMakeFiles/arm_description__rosidl_typesupport_introspection_cpp.dir/build
gmake[2]: Leaving directory '/home/saber/robox_ws/build/arm_description'
gmake[2]: Leaving directory '/home/saber/robox_ws/build/arm_description'
/usr/bin/gmake  -f CMakeFiles/arm_description__rosidl_typesupport_fastrtps_cpp.dir/build.make CMakeFiles/arm_description__rosidl_typesupport_fastrtps_cpp.dir/build
/usr/bin/gmake  -f CMakeFiles/arm_description__rosidl_typesupport_fastrtps_c.dir/build.make CMakeFiles/arm_description__rosidl_typesupport_fastrtps_c.dir/build
gmake[2]: Entering directory '/home/saber/robox_ws/build/arm_description'
gmake[2]: Nothing to be done for 'CMakeFiles/arm_description__rosidl_typesupport_c.dir/build'.
gmake[2]: Leaving directory '/home/saber/robox_ws/build/arm_description'
gmake[2]: Entering directory '/home/saber/robox_ws/build/arm_description'
gmake[2]: Nothing to be done for 'CMakeFiles/arm_description__rosidl_typesupport_introspection_c.dir/build'.
gmake[2]: Leaving directory '/home/saber/robox_ws/build/arm_description'
gmake[2]: Entering directory '/home/saber/robox_ws/build/arm_description'
gmake[2]: Nothing to be done for 'CMakeFiles/arm_description__rosidl_typesupport_cpp.dir/build'.
gmake[2]: Leaving directory '/home/saber/robox_ws/build/arm_description'
gmake[2]: Entering directory '/home/saber/robox_ws/build/arm_description'
gmake[2]: Nothing to be done for 'CMakeFiles/arm_description__rosidl_typesupport_introspection_cpp.dir/build'.
gmake[2]: Leaving directory '/home/saber/robox_ws/build/arm_description'
gmake[2]: Entering directory '/home/saber/robox_ws/build/arm_description'
gmake[2]: Nothing to be done for 'CMakeFiles/arm_description__rosidl_typesupport_fastrtps_c.dir/build'.
gmake[2]: Leaving directory '/home/saber/robox_ws/build/arm_description'
gmake[2]: Entering directory '/home/saber/robox_ws/build/arm_description'
gmake[2]: Nothing to be done for 'CMakeFiles/arm_description__rosidl_typesupport_fastrtps_cpp.dir/build'.
gmake[2]: Leaving directory '/home/saber/robox_ws/build/arm_description'
[ 52%] Built target arm_description__rosidl_typesupport_c
[ 52%] Built target arm_description__rosidl_typesupport_introspection_c
[ 52%] Built target arm_description__rosidl_typesupport_cpp
[ 52%] Built target arm_description__rosidl_typesupport_introspection_cpp
[ 61%] Built target arm_description__rosidl_typesupport_fastrtps_cpp
[ 69%] Built target arm_description__rosidl_typesupport_fastrtps_c
/usr/bin/gmake  -f CMakeFiles/arm_description.dir/build.make CMakeFiles/arm_description.dir/depend
gmake[2]: Entering directory '/home/saber/robox_ws/build/arm_description'
cd /home/saber/robox_ws/build/arm_description && /usr/bin/cmake -E cmake_depends "Unix Makefiles" /home/saber/robox_ws/src/arm_description /home/saber/robox_ws/src/arm_description /home/saber/robox_ws/build/arm_description /home/saber/robox_ws/build/arm_description /home/saber/robox_ws/build/arm_description/CMakeFiles/arm_description.dir/DependInfo.cmake "--color="
gmake[2]: Leaving directory '/home/saber/robox_ws/build/arm_description'
/usr/bin/gmake  -f CMakeFiles/arm_description.dir/build.make CMakeFiles/arm_description.dir/build
gmake[2]: Entering directory '/home/saber/robox_ws/build/arm_description'
gmake[2]: Nothing to be done for 'CMakeFiles/arm_description.dir/build'.
gmake[2]: Leaving directory '/home/saber/robox_ws/build/arm_description'
[ 69%] Built target arm_description
/usr/bin/gmake  -f /home/saber/robox_ws/build/arm_description/arm_description__py/CMakeFiles/arm_description__py.dir/build.make /home/saber/robox_ws/build/arm_description/arm_description__py/CMakeFiles/arm_description__py.dir/depend
/usr/bin/gmake  -f CMakeFiles/robot_arm_ik_node.dir/build.make CMakeFiles/robot_arm_ik_node.dir/depend
gmake[2]: Entering directory '/home/saber/robox_ws/build/arm_description'
cd /home/saber/robox_ws/build/arm_description && /usr/bin/cmake -E cmake_depends "Unix Makefiles" /home/saber/robox_ws/src/arm_description /home/saber/robox_ws/build/arm_description/arm_description__py /home/saber/robox_ws/build/arm_description /home/saber/robox_ws/build/arm_description/arm_description__py /home/saber/robox_ws/build/arm_description/arm_description__py/CMakeFiles/arm_description__py.dir/DependInfo.cmake "--color="
gmake[2]: Entering directory '/home/saber/robox_ws/build/arm_description'
cd /home/saber/robox_ws/build/arm_description && /usr/bin/cmake -E cmake_depends "Unix Makefiles" /home/saber/robox_ws/src/arm_description /home/saber/robox_ws/src/arm_description /home/saber/robox_ws/build/arm_description /home/saber/robox_ws/build/arm_description /home/saber/robox_ws/build/arm_description/CMakeFiles/robot_arm_ik_node.dir/DependInfo.cmake "--color="
gmake[2]: Leaving directory '/home/saber/robox_ws/build/arm_description'
/usr/bin/gmake  -f /home/saber/robox_ws/build/arm_description/arm_description__py/CMakeFiles/arm_description__py.dir/build.make /home/saber/robox_ws/build/arm_description/arm_description__py/CMakeFiles/arm_description__py.dir/build
gmake[2]: Entering directory '/home/saber/robox_ws/build/arm_description'
gmake[2]: Nothing to be done for '/home/saber/robox_ws/build/arm_description/arm_description__py/CMakeFiles/arm_description__py.dir/build'.
gmake[2]: Leaving directory '/home/saber/robox_ws/build/arm_description'
[ 72%] Built target arm_description__py
/usr/bin/gmake  -f CMakeFiles/arm_description__rosidl_generator_py.dir/build.make CMakeFiles/arm_description__rosidl_generator_py.dir/depend
gmake[2]: Entering directory '/home/saber/robox_ws/build/arm_description'
cd /home/saber/robox_ws/build/arm_description && /usr/bin/cmake -E cmake_depends "Unix Makefiles" /home/saber/robox_ws/src/arm_description /home/saber/robox_ws/src/arm_description /home/saber/robox_ws/build/arm_description /home/saber/robox_ws/build/arm_description /home/saber/robox_ws/build/arm_description/CMakeFiles/arm_description__rosidl_generator_py.dir/DependInfo.cmake "--color="
gmake[2]: Leaving directory '/home/saber/robox_ws/build/arm_description'
/usr/bin/gmake  -f CMakeFiles/arm_description__rosidl_generator_py.dir/build.make CMakeFiles/arm_description__rosidl_generator_py.dir/build
gmake[2]: Entering directory '/home/saber/robox_ws/build/arm_description'
gmake[2]: Nothing to be done for 'CMakeFiles/arm_description__rosidl_generator_py.dir/build'.
gmake[2]: Leaving directory '/home/saber/robox_ws/build/arm_description'
gmake[2]: Leaving directory '/home/saber/robox_ws/build/arm_description'
/usr/bin/gmake  -f CMakeFiles/robot_arm_ik_node.dir/build.make CMakeFiles/robot_arm_ik_node.dir/build
gmake[2]: Entering directory '/home/saber/robox_ws/build/arm_description'
gmake[2]: Nothing to be done for 'CMakeFiles/robot_arm_ik_node.dir/build'.
gmake[2]: Leaving directory '/home/saber/robox_ws/build/arm_description'
[ 77%] Built target arm_description__rosidl_generator_py
/usr/bin/gmake  -f CMakeFiles/arm_description_s__rosidl_typesupport_fastrtps_c.dir/build.make CMakeFiles/arm_description_s__rosidl_typesupport_fastrtps_c.dir/depend
/usr/bin/gmake  -f CMakeFiles/arm_description_s__rosidl_typesupport_introspection_c.dir/build.make CMakeFiles/arm_description_s__rosidl_typesupport_introspection_c.dir/depend
/usr/bin/gmake  -f CMakeFiles/arm_description_s__rosidl_typesupport_c.dir/build.make CMakeFiles/arm_description_s__rosidl_typesupport_c.dir/depend
gmake[2]: Entering directory '/home/saber/robox_ws/build/arm_description'
cd /home/saber/robox_ws/build/arm_description && /usr/bin/cmake -E cmake_depends "Unix Makefiles" /home/saber/robox_ws/src/arm_description /home/saber/robox_ws/src/arm_description /home/saber/robox_ws/build/arm_description /home/saber/robox_ws/build/arm_description /home/saber/robox_ws/build/arm_description/CMakeFiles/arm_description_s__rosidl_typesupport_introspection_c.dir/DependInfo.cmake "--color="
gmake[2]: Entering directory '/home/saber/robox_ws/build/arm_description'
cd /home/saber/robox_ws/build/arm_description && /usr/bin/cmake -E cmake_depends "Unix Makefiles" /home/saber/robox_ws/src/arm_description /home/saber/robox_ws/src/arm_description /home/saber/robox_ws/build/arm_description /home/saber/robox_ws/build/arm_description /home/saber/robox_ws/build/arm_description/CMakeFiles/arm_description_s__rosidl_typesupport_fastrtps_c.dir/DependInfo.cmake "--color="
gmake[2]: Entering directory '/home/saber/robox_ws/build/arm_description'
cd /home/saber/robox_ws/build/arm_description && /usr/bin/cmake -E cmake_depends "Unix Makefiles" /home/saber/robox_ws/src/arm_description /home/saber/robox_ws/src/arm_description /home/saber/robox_ws/build/arm_description /home/saber/robox_ws/build/arm_description /home/saber/robox_ws/build/arm_description/CMakeFiles/arm_description_s__rosidl_typesupport_c.dir/DependInfo.cmake "--color="
[ 83%] Built target robot_arm_ik_node
gmake[2]: Leaving directory '/home/saber/robox_ws/build/arm_description'
/usr/bin/gmake  -f CMakeFiles/arm_description_s__rosidl_typesupport_c.dir/build.make CMakeFiles/arm_description_s__rosidl_typesupport_c.dir/build
gmake[2]: Leaving directory '/home/saber/robox_ws/build/arm_description'
/usr/bin/gmake  -f CMakeFiles/arm_description_s__rosidl_typesupport_fastrtps_c.dir/build.make CMakeFiles/arm_description_s__rosidl_typesupport_fastrtps_c.dir/build
gmake[2]: Leaving directory '/home/saber/robox_ws/build/arm_description'
/usr/bin/gmake  -f CMakeFiles/arm_description_s__rosidl_typesupport_introspection_c.dir/build.make CMakeFiles/arm_description_s__rosidl_typesupport_introspection_c.dir/build
gmake[2]: Entering directory '/home/saber/robox_ws/build/arm_description'
gmake[2]: Nothing to be done for 'CMakeFiles/arm_description_s__rosidl_typesupport_c.dir/build'.
gmake[2]: Leaving directory '/home/saber/robox_ws/build/arm_description'
gmake[2]: Entering directory '/home/saber/robox_ws/build/arm_description'
gmake[2]: Nothing to be done for 'CMakeFiles/arm_description_s__rosidl_typesupport_fastrtps_c.dir/build'.
gmake[2]: Leaving directory '/home/saber/robox_ws/build/arm_description'
gmake[2]: Entering directory '/home/saber/robox_ws/build/arm_description'
gmake[2]: Nothing to be done for 'CMakeFiles/arm_description_s__rosidl_typesupport_introspection_c.dir/build'.
gmake[2]: Leaving directory '/home/saber/robox_ws/build/arm_description'
[ 88%] Built target arm_description_s__rosidl_typesupport_c
[ 94%] Built target arm_description_s__rosidl_typesupport_fastrtps_c
[100%] Built target arm_description_s__rosidl_typesupport_introspection_c
running egg_info
writing arm_description.egg-info/PKG-INFO
writing dependency_links to arm_description.egg-info/dependency_links.txt
writing top-level names to arm_description.egg-info/top_level.txt
reading manifest file 'arm_description.egg-info/SOURCES.txt'
writing manifest file 'arm_description.egg-info/SOURCES.txt'
gmake[2]: Leaving directory '/home/saber/robox_ws/build/arm_description'
[100%] Built target ament_cmake_python_build_arm_description_egg
gmake[1]: Leaving directory '/home/saber/robox_ws/build/arm_description'
/usr/bin/cmake -E cmake_progress_start /home/saber/robox_ws/build/arm_description/CMakeFiles 0
-- Install configuration: ""
-- Execute custom install script
-- Up-to-date symlink: /home/saber/robox_ws/install/arm_description/share/ament_index/resource_index/rosidl_interfaces/arm_description
-- Up-to-date symlink: /home/saber/robox_ws/install/arm_description/share/arm_description/srv/GoToPose.json
-- Up-to-date symlink: /home/saber/robox_ws/install/arm_description/include/arm_description/arm_description/msg/rosidl_generator_c__visibility_control.h
-- Up-to-date symlink: /home/saber/robox_ws/install/arm_description/include/arm_description/arm_description/srv/detail/go_to_pose__functions.h
-- Up-to-date symlink: /home/saber/robox_ws/install/arm_description/include/arm_description/arm_description/srv/detail/go_to_pose__struct.h
-- Up-to-date symlink: /home/saber/robox_ws/install/arm_description/include/arm_description/arm_description/srv/detail/go_to_pose__type_support.h
-- Up-to-date symlink: /home/saber/robox_ws/install/arm_description/include/arm_description/arm_description/srv/go_to_pose.h
-- Up-to-date symlink: /home/saber/robox_ws/install/arm_description/share/arm_description/environment/library_path.sh
-- Up-to-date symlink: /home/saber/robox_ws/install/arm_description/share/arm_description/environment/library_path.dsv
-- Up-to-date symlink: /home/saber/robox_ws/install/arm_description/include/arm_description/arm_description/msg/rosidl_typesupport_fastrtps_c__visibility_control.h
-- Up-to-date symlink: /home/saber/robox_ws/install/arm_description/include/arm_description/arm_description/srv/detail/go_to_pose__rosidl_typesupport_fastrtps_c.h
-- Up-to-date symlink: /home/saber/robox_ws/install/arm_description/include/arm_description/arm_description/msg/rosidl_generator_cpp__visibility_control.hpp
-- Up-to-date symlink: /home/saber/robox_ws/install/arm_description/include/arm_description/arm_description/srv/detail/go_to_pose__builder.hpp
-- Up-to-date symlink: /home/saber/robox_ws/install/arm_description/include/arm_description/arm_description/srv/detail/go_to_pose__struct.hpp
-- Up-to-date symlink: /home/saber/robox_ws/install/arm_description/include/arm_description/arm_description/srv/detail/go_to_pose__traits.hpp
-- Up-to-date symlink: /home/saber/robox_ws/install/arm_description/include/arm_description/arm_description/srv/detail/go_to_pose__type_support.hpp
-- Up-to-date symlink: /home/saber/robox_ws/install/arm_description/include/arm_description/arm_description/srv/go_to_pose.hpp
-- Up-to-date symlink: /home/saber/robox_ws/install/arm_description/include/arm_description/arm_description/msg/rosidl_typesupport_fastrtps_cpp__visibility_control.h
-- Up-to-date symlink: /home/saber/robox_ws/install/arm_description/include/arm_description/arm_description/srv/detail/go_to_pose__rosidl_typesupport_fastrtps_cpp.hpp
-- Up-to-date symlink: /home/saber/robox_ws/install/arm_description/include/arm_description/arm_description/msg/rosidl_typesupport_introspection_c__visibility_control.h
-- Up-to-date symlink: /home/saber/robox_ws/install/arm_description/include/arm_description/arm_description/srv/detail/go_to_pose__rosidl_typesupport_introspection_c.h
-- Up-to-date symlink: /home/saber/robox_ws/install/arm_description/include/arm_description/arm_description/srv/detail/go_to_pose__rosidl_typesupport_introspection_cpp.hpp
-- Up-to-date symlink: /home/saber/robox_ws/install/arm_description/share/arm_description/environment/pythonpath.sh
-- Up-to-date symlink: /home/saber/robox_ws/install/arm_description/share/arm_description/environment/pythonpath.dsv
-- Up-to-date symlink: /home/saber/robox_ws/install/arm_description/lib/python3.12/site-packages/arm_description-0.0.0-py3.12.egg-info/PKG-INFO
-- Up-to-date symlink: /home/saber/robox_ws/install/arm_description/lib/python3.12/site-packages/arm_description-0.0.0-py3.12.egg-info/SOURCES.txt
-- Up-to-date symlink: /home/saber/robox_ws/install/arm_description/lib/python3.12/site-packages/arm_description-0.0.0-py3.12.egg-info/dependency_links.txt
-- Up-to-date symlink: /home/saber/robox_ws/install/arm_description/lib/python3.12/site-packages/arm_description-0.0.0-py3.12.egg-info/top_level.txt
-- Up-to-date symlink: /home/saber/robox_ws/install/arm_description/lib/python3.12/site-packages/arm_description/__init__.py
-- Up-to-date symlink: /home/saber/robox_ws/install/arm_description/lib/python3.12/site-packages/arm_description/_arm_description_s.ep.rosidl_typesupport_c.c
-- Up-to-date symlink: /home/saber/robox_ws/install/arm_description/lib/python3.12/site-packages/arm_description/_arm_description_s.ep.rosidl_typesupport_fastrtps_c.c
-- Up-to-date symlink: /home/saber/robox_ws/install/arm_description/lib/python3.12/site-packages/arm_description/_arm_description_s.ep.rosidl_typesupport_introspection_c.c
-- Up-to-date symlink: /home/saber/robox_ws/install/arm_description/lib/python3.12/site-packages/arm_description/arm_description_s__rosidl_typesupport_c.so
-- Up-to-date symlink: /home/saber/robox_ws/install/arm_description/lib/python3.12/site-packages/arm_description/arm_description_s__rosidl_typesupport_fastrtps_c.so
-- Up-to-date symlink: /home/saber/robox_ws/install/arm_description/lib/python3.12/site-packages/arm_description/arm_description_s__rosidl_typesupport_introspection_c.so
-- Up-to-date symlink: /home/saber/robox_ws/install/arm_description/lib/python3.12/site-packages/arm_description/srv/__init__.py
-- Up-to-date symlink: /home/saber/robox_ws/install/arm_description/lib/python3.12/site-packages/arm_description/srv/_go_to_pose.py
-- Up-to-date symlink: /home/saber/robox_ws/install/arm_description/lib/python3.12/site-packages/arm_description/srv/_go_to_pose_s.c
-- Up-to-date symlink: /home/saber/robox_ws/install/arm_description/lib/python3.12/site-packages/arm_description/arm_description_s__rosidl_typesupport_fastrtps_c.so
-- Up-to-date symlink: /home/saber/robox_ws/install/arm_description/lib/python3.12/site-packages/arm_description/arm_description_s__rosidl_typesupport_introspection_c.so
-- Up-to-date symlink: /home/saber/robox_ws/install/arm_description/lib/python3.12/site-packages/arm_description/arm_description_s__rosidl_typesupport_c.so
-- Up-to-date symlink: /home/saber/robox_ws/install/arm_description/share/arm_description/srv/GoToPose.idl
-- Up-to-date symlink: /home/saber/robox_ws/install/arm_description/share/arm_description/srv/GoToPose.srv
-- Up-to-date symlink: /home/saber/robox_ws/install/arm_description/lib/arm_description/robot_arm_ik_node
-- Up-to-date symlink: /home/saber/robox_ws/install/arm_description/share/arm_description/meshes/base_link.STL
-- Up-to-date symlink: /home/saber/robox_ws/install/arm_description/share/arm_description/meshes/elbow_link.STL
-- Up-to-date symlink: /home/saber/robox_ws/install/arm_description/share/arm_description/meshes/forearm_link.STL
-- Up-to-date symlink: /home/saber/robox_ws/install/arm_description/share/arm_description/meshes/gripper_left_link.STL
-- Up-to-date symlink: /home/saber/robox_ws/install/arm_description/share/arm_description/meshes/gripper_right_link.STL
-- Up-to-date symlink: /home/saber/robox_ws/install/arm_description/share/arm_description/meshes/rotating_base_link.STL
-- Up-to-date symlink: /home/saber/robox_ws/install/arm_description/share/arm_description/meshes/shoulder_link.STL
-- Up-to-date symlink: /home/saber/robox_ws/install/arm_description/share/arm_description/meshes/wrist_link.STL
-- Up-to-date symlink: /home/saber/robox_ws/install/arm_description/share/arm_description/urdf/arm.urdf
-- Up-to-date symlink: /home/saber/robox_ws/install/arm_description/share/arm_description/urdf/arm_description.csv
-- Up-to-date symlink: /home/saber/robox_ws/install/arm_description/share/arm_description/launch/display.launch.py
-- Up-to-date symlink: /home/saber/robox_ws/install/arm_description/share/arm_description/launch/gazebo.launch.py
-- Up-to-date symlink: /home/saber/robox_ws/install/arm_description/share/arm_description/launch/moveit_ik_launch.py
-- Up-to-date symlink: /home/saber/robox_ws/install/arm_description/share/arm_description/rviz/robot.rviz
-- Up-to-date symlink: /home/saber/robox_ws/install/arm_description/share/arm_description/srv/GoToPose.srv
-- Up-to-date symlink: /home/saber/robox_ws/install/arm_description/share/ament_index/resource_index/package_run_dependencies/arm_description
-- Up-to-date symlink: /home/saber/robox_ws/install/arm_description/share/ament_index/resource_index/parent_prefix_path/arm_description
-- Up-to-date symlink: /home/saber/robox_ws/install/arm_description/share/arm_description/environment/ament_prefix_path.sh
-- Up-to-date symlink: /home/saber/robox_ws/install/arm_description/share/arm_description/environment/ament_prefix_path.dsv
-- Up-to-date symlink: /home/saber/robox_ws/install/arm_description/share/arm_description/environment/path.sh
-- Up-to-date symlink: /home/saber/robox_ws/install/arm_description/share/arm_description/environment/path.dsv
-- Up-to-date symlink: /home/saber/robox_ws/install/arm_description/share/arm_description/local_setup.bash
-- Up-to-date symlink: /home/saber/robox_ws/install/arm_description/share/arm_description/local_setup.sh
-- Up-to-date symlink: /home/saber/robox_ws/install/arm_description/share/arm_description/local_setup.zsh
-- Up-to-date symlink: /home/saber/robox_ws/install/arm_description/share/arm_description/local_setup.dsv
-- Symlinking: /home/saber/robox_ws/install/arm_description/share/arm_description/package.dsv
-- Up-to-date symlink: /home/saber/robox_ws/install/arm_description/share/ament_index/resource_index/packages/arm_description
-- Up-to-date symlink: /home/saber/robox_ws/install/arm_description/share/arm_description/cmake/rosidl_cmake-extras.cmake
-- Up-to-date symlink: /home/saber/robox_ws/install/arm_description/share/arm_description/cmake/ament_cmake_export_dependencies-extras.cmake
-- Up-to-date symlink: /home/saber/robox_ws/install/arm_description/share/arm_description/cmake/ament_cmake_export_include_directories-extras.cmake
-- Up-to-date symlink: /home/saber/robox_ws/install/arm_description/share/arm_description/cmake/ament_cmake_export_libraries-extras.cmake
-- Up-to-date symlink: /home/saber/robox_ws/install/arm_description/share/arm_description/cmake/ament_cmake_export_targets-extras.cmake
-- Up-to-date symlink: /home/saber/robox_ws/install/arm_description/share/arm_description/cmake/rosidl_cmake_export_typesupport_targets-extras.cmake
-- Up-to-date symlink: /home/saber/robox_ws/install/arm_description/share/arm_description/cmake/rosidl_cmake_export_typesupport_libraries-extras.cmake
-- Up-to-date symlink: /home/saber/robox_ws/install/arm_description/share/arm_description/cmake/arm_descriptionConfig.cmake
-- Up-to-date symlink: /home/saber/robox_ws/install/arm_description/share/arm_description/cmake/arm_descriptionConfig-version.cmake
-- Up-to-date symlink: /home/saber/robox_ws/install/arm_description/share/arm_description/package.xml
-- Up-to-date: /home/saber/robox_ws/install/arm_description/lib/libarm_description__rosidl_generator_c.so
-- Up-to-date: /home/saber/robox_ws/install/arm_description/lib/libarm_description__rosidl_typesupport_fastrtps_c.so
-- Up-to-date: /home/saber/robox_ws/install/arm_description/lib/libarm_description__rosidl_typesupport_fastrtps_cpp.so
-- Up-to-date: /home/saber/robox_ws/install/arm_description/lib/libarm_description__rosidl_typesupport_introspection_c.so
-- Up-to-date: /home/saber/robox_ws/install/arm_description/lib/libarm_description__rosidl_typesupport_c.so
-- Up-to-date: /home/saber/robox_ws/install/arm_description/lib/libarm_description__rosidl_typesupport_introspection_cpp.so
-- Up-to-date: /home/saber/robox_ws/install/arm_description/lib/libarm_description__rosidl_typesupport_cpp.so
Listing '/home/saber/robox_ws/install/arm_description/lib/python3.12/site-packages/arm_description'...
Compiling '/home/saber/robox_ws/install/arm_description/lib/python3.12/site-packages/arm_description/__init__.py'...
Listing '/home/saber/robox_ws/install/arm_description/lib/python3.12/site-packages/arm_description/srv'...
-- Up-to-date: /home/saber/robox_ws/install/arm_description/lib/libarm_description__rosidl_generator_py.so
-- Up-to-date: /home/saber/robox_ws/install/arm_description/share/arm_description/cmake/export_arm_description__rosidl_generator_cExport.cmake
-- Up-to-date: /home/saber/robox_ws/install/arm_description/share/arm_description/cmake/export_arm_description__rosidl_generator_cExport-noconfig.cmake
-- Up-to-date: /home/saber/robox_ws/install/arm_description/share/arm_description/cmake/export_arm_description__rosidl_typesupport_fastrtps_cExport.cmake
-- Up-to-date: /home/saber/robox_ws/install/arm_description/share/arm_description/cmake/export_arm_description__rosidl_typesupport_fastrtps_cExport-noconfig.cmake
-- Up-to-date: /home/saber/robox_ws/install/arm_description/share/arm_description/cmake/export_arm_description__rosidl_generator_cppExport.cmake
-- Up-to-date: /home/saber/robox_ws/install/arm_description/share/arm_description/cmake/export_arm_description__rosidl_typesupport_fastrtps_cppExport.cmake
-- Up-to-date: /home/saber/robox_ws/install/arm_description/share/arm_description/cmake/export_arm_description__rosidl_typesupport_fastrtps_cppExport-noconfig.cmake
-- Up-to-date: /home/saber/robox_ws/install/arm_description/share/arm_description/cmake/arm_description__rosidl_typesupport_introspection_cExport.cmake
-- Up-to-date: /home/saber/robox_ws/install/arm_description/share/arm_description/cmake/arm_description__rosidl_typesupport_introspection_cExport-noconfig.cmake
-- Up-to-date: /home/saber/robox_ws/install/arm_description/share/arm_description/cmake/arm_description__rosidl_typesupport_cExport.cmake
-- Up-to-date: /home/saber/robox_ws/install/arm_description/share/arm_description/cmake/arm_description__rosidl_typesupport_cExport-noconfig.cmake
-- Up-to-date: /home/saber/robox_ws/install/arm_description/share/arm_description/cmake/arm_description__rosidl_typesupport_introspection_cppExport.cmake
-- Up-to-date: /home/saber/robox_ws/install/arm_description/share/arm_description/cmake/arm_description__rosidl_typesupport_introspection_cppExport-noconfig.cmake
-- Up-to-date: /home/saber/robox_ws/install/arm_description/share/arm_description/cmake/arm_description__rosidl_typesupport_cppExport.cmake
-- Up-to-date: /home/saber/robox_ws/install/arm_description/share/arm_description/cmake/arm_description__rosidl_typesupport_cppExport-noconfig.cmake
-- Up-to-date: /home/saber/robox_ws/install/arm_description/share/arm_description/cmake/export_arm_description__rosidl_generator_pyExport.cmake
-- Up-to-date: /home/saber/robox_ws/install/arm_description/share/arm_description/cmake/export_arm_description__rosidl_generator_pyExport-noconfig.cmake
