[1.246s] Invoking command in '/home/saber/robox_ws/src/color_pose_publisher': DEBUGINFOD_URLS=https://debuginfod.ubuntu.com PYTHONPATH=/home/saber/robox_ws/build/color_pose_publisher/prefix_override:/usr/lib/python3/dist-packages/colcon_core/task/python/colcon_distutils_commands:/home/saber/robox_ws/install/color_pose_publisher/lib/python3.12/site-packages:${PYTHONPATH} /usr/bin/python3 -W ignore:setup.py install is deprecated -W ignore:easy_install command is deprecated setup.py egg_info --egg-base ../../build/color_pose_publisher build --build-base /home/saber/robox_ws/build/color_pose_publisher/build install --record /home/saber/robox_ws/build/color_pose_publisher/install.log --single-version-externally-managed install_data
[1.572s] running egg_info
[1.572s] creating ../../build/color_pose_publisher/color_pose_publisher.egg-info
[1.601s] writing ../../build/color_pose_publisher/color_pose_publisher.egg-info/PKG-INFO
[1.601s] writing dependency_links to ../../build/color_pose_publisher/color_pose_publisher.egg-info/dependency_links.txt
[1.601s] writing entry points to ../../build/color_pose_publisher/color_pose_publisher.egg-info/entry_points.txt
[1.601s] writing requirements to ../../build/color_pose_publisher/color_pose_publisher.egg-info/requires.txt
[1.601s] writing top-level names to ../../build/color_pose_publisher/color_pose_publisher.egg-info/top_level.txt
[1.601s] writing manifest file '../../build/color_pose_publisher/color_pose_publisher.egg-info/SOURCES.txt'
[1.657s] reading manifest file '../../build/color_pose_publisher/color_pose_publisher.egg-info/SOURCES.txt'
[1.657s] writing manifest file '../../build/color_pose_publisher/color_pose_publisher.egg-info/SOURCES.txt'
[1.658s] running build
[1.658s] running build_py
[1.658s] creating /home/saber/robox_ws/build/color_pose_publisher/build
[1.658s] creating /home/saber/robox_ws/build/color_pose_publisher/build/lib
[1.658s] creating /home/saber/robox_ws/build/color_pose_publisher/build/lib/color_pose_publisher
[1.658s] copying color_pose_publisher/__init__.py -> /home/saber/robox_ws/build/color_pose_publisher/build/lib/color_pose_publisher
[1.658s] copying color_pose_publisher/color_detection.py -> /home/saber/robox_ws/build/color_pose_publisher/build/lib/color_pose_publisher
[1.658s] copying color_pose_publisher/calibration_utils.py -> /home/saber/robox_ws/build/color_pose_publisher/build/lib/color_pose_publisher
[1.658s] copying color_pose_publisher/color_pose_publisher_node.py -> /home/saber/robox_ws/build/color_pose_publisher/build/lib/color_pose_publisher
[1.658s] copying color_pose_publisher/pose_estimation.py -> /home/saber/robox_ws/build/color_pose_publisher/build/lib/color_pose_publisher
[1.659s] copying color_pose_publisher/vision_utils.py -> /home/saber/robox_ws/build/color_pose_publisher/build/lib/color_pose_publisher
[1.659s] running install
[1.665s] running install_lib
[1.695s] creating /home/saber/robox_ws/install/color_pose_publisher/lib/python3.12/site-packages/color_pose_publisher
[1.695s] copying /home/saber/robox_ws/build/color_pose_publisher/build/lib/color_pose_publisher/__init__.py -> /home/saber/robox_ws/install/color_pose_publisher/lib/python3.12/site-packages/color_pose_publisher
[1.695s] copying /home/saber/robox_ws/build/color_pose_publisher/build/lib/color_pose_publisher/color_detection.py -> /home/saber/robox_ws/install/color_pose_publisher/lib/python3.12/site-packages/color_pose_publisher
[1.695s] copying /home/saber/robox_ws/build/color_pose_publisher/build/lib/color_pose_publisher/calibration_utils.py -> /home/saber/robox_ws/install/color_pose_publisher/lib/python3.12/site-packages/color_pose_publisher
[1.695s] copying /home/saber/robox_ws/build/color_pose_publisher/build/lib/color_pose_publisher/color_pose_publisher_node.py -> /home/saber/robox_ws/install/color_pose_publisher/lib/python3.12/site-packages/color_pose_publisher
[1.695s] copying /home/saber/robox_ws/build/color_pose_publisher/build/lib/color_pose_publisher/pose_estimation.py -> /home/saber/robox_ws/install/color_pose_publisher/lib/python3.12/site-packages/color_pose_publisher
[1.695s] copying /home/saber/robox_ws/build/color_pose_publisher/build/lib/color_pose_publisher/vision_utils.py -> /home/saber/robox_ws/install/color_pose_publisher/lib/python3.12/site-packages/color_pose_publisher
[1.696s] byte-compiling /home/saber/robox_ws/install/color_pose_publisher/lib/python3.12/site-packages/color_pose_publisher/__init__.py to __init__.cpython-312.pyc
[1.696s] byte-compiling /home/saber/robox_ws/install/color_pose_publisher/lib/python3.12/site-packages/color_pose_publisher/color_detection.py to color_detection.cpython-312.pyc
[1.697s] byte-compiling /home/saber/robox_ws/install/color_pose_publisher/lib/python3.12/site-packages/color_pose_publisher/calibration_utils.py to calibration_utils.cpython-312.pyc
[1.697s] byte-compiling /home/saber/robox_ws/install/color_pose_publisher/lib/python3.12/site-packages/color_pose_publisher/color_pose_publisher_node.py to color_pose_publisher_node.cpython-312.pyc
[1.698s] byte-compiling /home/saber/robox_ws/install/color_pose_publisher/lib/python3.12/site-packages/color_pose_publisher/pose_estimation.py to pose_estimation.cpython-312.pyc
[1.699s] byte-compiling /home/saber/robox_ws/install/color_pose_publisher/lib/python3.12/site-packages/color_pose_publisher/vision_utils.py to vision_utils.cpython-312.pyc
[1.699s] running install_data
[1.699s] creating /home/saber/robox_ws/install/color_pose_publisher/share/ament_index
[1.699s] creating /home/saber/robox_ws/install/color_pose_publisher/share/ament_index/resource_index
[1.699s] creating /home/saber/robox_ws/install/color_pose_publisher/share/ament_index/resource_index/packages
[1.699s] copying resource/color_pose_publisher -> /home/saber/robox_ws/install/color_pose_publisher/share/ament_index/resource_index/packages
[1.700s] copying package.xml -> /home/saber/robox_ws/install/color_pose_publisher/share/color_pose_publisher
[1.700s] creating /home/saber/robox_ws/install/color_pose_publisher/share/color_pose_publisher/assets
[1.700s] copying color_pose_publisher/assets/camera_calibration_data.npz -> /home/saber/robox_ws/install/color_pose_publisher/share/color_pose_publisher/assets
[1.700s] copying color_pose_publisher/assets/test.jpg -> /home/saber/robox_ws/install/color_pose_publisher/share/color_pose_publisher/assets
[1.712s] copying color_pose_publisher/assets/workspace.png -> /home/saber/robox_ws/install/color_pose_publisher/share/color_pose_publisher/assets
[1.713s] running install_egg_info
[1.746s] Copying ../../build/color_pose_publisher/color_pose_publisher.egg-info to /home/saber/robox_ws/install/color_pose_publisher/lib/python3.12/site-packages/color_pose_publisher-0.0.1-py3.12.egg-info
[1.747s] running install_scripts
[1.950s] Installing color_pose_publisher_node script to /home/saber/robox_ws/install/color_pose_publisher/lib/color_pose_publisher
[1.950s] writing list of installed files to '/home/saber/robox_ws/build/color_pose_publisher/install.log'
[2.017s] Invoked command in '/home/saber/robox_ws/src/color_pose_publisher' returned '0': DEBUGINFOD_URLS=https://debuginfod.ubuntu.com PYTHONPATH=/home/saber/robox_ws/build/color_pose_publisher/prefix_override:/usr/lib/python3/dist-packages/colcon_core/task/python/colcon_distutils_commands:/home/saber/robox_ws/install/color_pose_publisher/lib/python3.12/site-packages:${PYTHONPATH} /usr/bin/python3 -W ignore:setup.py install is deprecated -W ignore:easy_install command is deprecated setup.py egg_info --egg-base ../../build/color_pose_publisher build --build-base /home/saber/robox_ws/build/color_pose_publisher/build install --record /home/saber/robox_ws/build/color_pose_publisher/install.log --single-version-externally-managed install_data
