[0.150s] DEBUG:colcon:Command line arguments: ['/usr/bin/colcon', 'build']
[0.150s] DEBUG:colcon:Parsed command line arguments: Namespace(log_base=None, log_level=None, verb_name='build', build_base='build', install_base='install', merge_install=False, symlink_install=False, test_result_base=None, continue_on_error=False, executor='parallel', parallel_workers=16, event_handlers=None, ignore_user_meta=False, metas=['./colcon.meta'], base_paths=['.'], packages_ignore=None, packages_ignore_regex=None, paths=None, packages_up_to=None, packages_up_to_regex=None, packages_above=None, packages_above_and_dependencies=None, packages_above_depth=None, packages_select_by_dep=None, packages_skip_by_dep=None, packages_skip_up_to=None, packages_select_build_failed=False, packages_skip_build_finished=False, packages_select_test_failures=False, packages_skip_test_passed=False, packages_select=None, packages_skip=None, packages_select_regex=None, packages_skip_regex=None, packages_start=None, packages_end=None, allow_overriding=[], cmake_args=None, cmake_target=None, cmake_target_skip_unavailable=False, cmake_clean_cache=False, cmake_clean_first=False, cmake_force_configure=False, ament_cmake_args=None, catkin_cmake_args=None, catkin_skip_building_tests=False, mixin_files=None, mixin=None, verb_parser=<colcon_mixin.mixin.mixin_argument.MixinArgumentDecorator object at 0x7c2f1c3c99a0>, verb_extension=<colcon_core.verb.build.BuildVerb object at 0x7c2f1c2f36e0>, main=<bound method BuildVerb.main of <colcon_core.verb.build.BuildVerb object at 0x7c2f1c2f36e0>>, mixin_verb=('build',))
[0.190s] Level 1:colcon.colcon_core.package_discovery:discover_packages(colcon_meta) check parameters
[0.190s] Level 1:colcon.colcon_core.package_discovery:discover_packages(recursive) check parameters
[0.190s] Level 1:colcon.colcon_core.package_discovery:discover_packages(ignore) check parameters
[0.190s] Level 1:colcon.colcon_core.package_discovery:discover_packages(path) check parameters
[0.190s] Level 1:colcon.colcon_core.package_discovery:discover_packages(colcon_meta) discover
[0.190s] Level 1:colcon.colcon_core.package_discovery:discover_packages(recursive) discover
[0.190s] INFO:colcon.colcon_core.package_discovery:Crawling recursively for packages in '/home/saber/robox_ws'
[0.190s] Level 1:colcon.colcon_core.package_identification:_identify(.) by extensions ['ignore', 'ignore_ament_install']
[0.190s] Level 1:colcon.colcon_core.package_identification:_identify(.) by extension 'ignore'
[0.190s] Level 1:colcon.colcon_core.package_identification:_identify(.) by extension 'ignore_ament_install'
[0.190s] Level 1:colcon.colcon_core.package_identification:_identify(.) by extensions ['colcon_pkg']
[0.190s] Level 1:colcon.colcon_core.package_identification:_identify(.) by extension 'colcon_pkg'
[0.190s] Level 1:colcon.colcon_core.package_identification:_identify(.) by extensions ['colcon_meta']
[0.190s] Level 1:colcon.colcon_core.package_identification:_identify(.) by extension 'colcon_meta'
[0.190s] Level 1:colcon.colcon_core.package_identification:_identify(.) by extensions ['ros']
[0.190s] Level 1:colcon.colcon_core.package_identification:_identify(.) by extension 'ros'
[0.213s] Level 1:colcon.colcon_core.package_identification:_identify(.) by extensions ['cmake', 'python']
[0.213s] Level 1:colcon.colcon_core.package_identification:_identify(.) by extension 'cmake'
[0.213s] Level 1:colcon.colcon_core.package_identification:_identify(.) by extension 'python'
[0.213s] Level 1:colcon.colcon_core.package_identification:_identify(.) by extensions ['python_setup_py']
[0.213s] Level 1:colcon.colcon_core.package_identification:_identify(.) by extension 'python_setup_py'
[0.213s] Level 1:colcon.colcon_core.package_identification:_identify(PS2_Robot_Arm_under_production) by extensions ['ignore', 'ignore_ament_install']
[0.214s] Level 1:colcon.colcon_core.package_identification:_identify(PS2_Robot_Arm_under_production) by extension 'ignore'
[0.214s] Level 1:colcon.colcon_core.package_identification:_identify(PS2_Robot_Arm_under_production) by extension 'ignore_ament_install'
[0.214s] Level 1:colcon.colcon_core.package_identification:_identify(PS2_Robot_Arm_under_production) by extensions ['colcon_pkg']
[0.214s] Level 1:colcon.colcon_core.package_identification:_identify(PS2_Robot_Arm_under_production) by extension 'colcon_pkg'
[0.214s] Level 1:colcon.colcon_core.package_identification:_identify(PS2_Robot_Arm_under_production) by extensions ['colcon_meta']
[0.214s] Level 1:colcon.colcon_core.package_identification:_identify(PS2_Robot_Arm_under_production) by extension 'colcon_meta'
[0.214s] Level 1:colcon.colcon_core.package_identification:_identify(PS2_Robot_Arm_under_production) by extensions ['ros']
[0.214s] Level 1:colcon.colcon_core.package_identification:_identify(PS2_Robot_Arm_under_production) by extension 'ros'
[0.214s] Level 1:colcon.colcon_core.package_identification:_identify(PS2_Robot_Arm_under_production) by extensions ['cmake', 'python']
[0.214s] Level 1:colcon.colcon_core.package_identification:_identify(PS2_Robot_Arm_under_production) by extension 'cmake'
[0.214s] Level 1:colcon.colcon_core.package_identification:_identify(PS2_Robot_Arm_under_production) by extension 'python'
[0.214s] Level 1:colcon.colcon_core.package_identification:_identify(PS2_Robot_Arm_under_production) by extensions ['python_setup_py']
[0.214s] Level 1:colcon.colcon_core.package_identification:_identify(PS2_Robot_Arm_under_production) by extension 'python_setup_py'
[0.214s] Level 1:colcon.colcon_core.package_identification:_identify(build) by extensions ['ignore', 'ignore_ament_install']
[0.214s] Level 1:colcon.colcon_core.package_identification:_identify(build) by extension 'ignore'
[0.214s] Level 1:colcon.colcon_core.package_identification:_identify(build) ignored
[0.214s] Level 1:colcon.colcon_core.package_identification:_identify(install) by extensions ['ignore', 'ignore_ament_install']
[0.214s] Level 1:colcon.colcon_core.package_identification:_identify(install) by extension 'ignore'
[0.214s] Level 1:colcon.colcon_core.package_identification:_identify(install) ignored
[0.215s] Level 1:colcon.colcon_core.package_identification:_identify(log) by extensions ['ignore', 'ignore_ament_install']
[0.215s] Level 1:colcon.colcon_core.package_identification:_identify(log) by extension 'ignore'
[0.215s] Level 1:colcon.colcon_core.package_identification:_identify(log) ignored
[0.215s] Level 1:colcon.colcon_core.package_identification:_identify(src) by extensions ['ignore', 'ignore_ament_install']
[0.215s] Level 1:colcon.colcon_core.package_identification:_identify(src) by extension 'ignore'
[0.215s] Level 1:colcon.colcon_core.package_identification:_identify(src) by extension 'ignore_ament_install'
[0.215s] Level 1:colcon.colcon_core.package_identification:_identify(src) by extensions ['colcon_pkg']
[0.215s] Level 1:colcon.colcon_core.package_identification:_identify(src) by extension 'colcon_pkg'
[0.215s] Level 1:colcon.colcon_core.package_identification:_identify(src) by extensions ['colcon_meta']
[0.215s] Level 1:colcon.colcon_core.package_identification:_identify(src) by extension 'colcon_meta'
[0.215s] Level 1:colcon.colcon_core.package_identification:_identify(src) by extensions ['ros']
[0.215s] Level 1:colcon.colcon_core.package_identification:_identify(src) by extension 'ros'
[0.215s] Level 1:colcon.colcon_core.package_identification:_identify(src) by extensions ['cmake', 'python']
[0.215s] Level 1:colcon.colcon_core.package_identification:_identify(src) by extension 'cmake'
[0.215s] Level 1:colcon.colcon_core.package_identification:_identify(src) by extension 'python'
[0.215s] Level 1:colcon.colcon_core.package_identification:_identify(src) by extensions ['python_setup_py']
[0.215s] Level 1:colcon.colcon_core.package_identification:_identify(src) by extension 'python_setup_py'
[0.216s] Level 1:colcon.colcon_core.package_identification:_identify(src/arduino_arm_hardware_interface) by extensions ['ignore', 'ignore_ament_install']
[0.216s] Level 1:colcon.colcon_core.package_identification:_identify(src/arduino_arm_hardware_interface) by extension 'ignore'
[0.216s] Level 1:colcon.colcon_core.package_identification:_identify(src/arduino_arm_hardware_interface) by extension 'ignore_ament_install'
[0.216s] Level 1:colcon.colcon_core.package_identification:_identify(src/arduino_arm_hardware_interface) by extensions ['colcon_pkg']
[0.216s] Level 1:colcon.colcon_core.package_identification:_identify(src/arduino_arm_hardware_interface) by extension 'colcon_pkg'
[0.216s] Level 1:colcon.colcon_core.package_identification:_identify(src/arduino_arm_hardware_interface) by extensions ['colcon_meta']
[0.216s] Level 1:colcon.colcon_core.package_identification:_identify(src/arduino_arm_hardware_interface) by extension 'colcon_meta'
[0.216s] Level 1:colcon.colcon_core.package_identification:_identify(src/arduino_arm_hardware_interface) by extensions ['ros']
[0.216s] Level 1:colcon.colcon_core.package_identification:_identify(src/arduino_arm_hardware_interface) by extension 'ros'
[0.218s] DEBUG:colcon.colcon_core.package_identification:Package 'src/arduino_arm_hardware_interface' with type 'ros.catkin' and name 'arduino_arm_hardware_interface'
[0.218s] Level 1:colcon.colcon_core.package_identification:_identify(src/arduinobot_py_examples) by extensions ['ignore', 'ignore_ament_install']
[0.218s] Level 1:colcon.colcon_core.package_identification:_identify(src/arduinobot_py_examples) by extension 'ignore'
[0.218s] Level 1:colcon.colcon_core.package_identification:_identify(src/arduinobot_py_examples) by extension 'ignore_ament_install'
[0.218s] Level 1:colcon.colcon_core.package_identification:_identify(src/arduinobot_py_examples) by extensions ['colcon_pkg']
[0.218s] Level 1:colcon.colcon_core.package_identification:_identify(src/arduinobot_py_examples) by extension 'colcon_pkg'
[0.218s] Level 1:colcon.colcon_core.package_identification:_identify(src/arduinobot_py_examples) by extensions ['colcon_meta']
[0.218s] Level 1:colcon.colcon_core.package_identification:_identify(src/arduinobot_py_examples) by extension 'colcon_meta'
[0.218s] Level 1:colcon.colcon_core.package_identification:_identify(src/arduinobot_py_examples) by extensions ['ros']
[0.218s] Level 1:colcon.colcon_core.package_identification:_identify(src/arduinobot_py_examples) by extension 'ros'
[0.219s] DEBUG:colcon.colcon_core.package_identification:Package 'src/arduinobot_py_examples' with type 'ros.ament_python' and name 'arduinobot_py_examples'
[0.219s] Level 1:colcon.colcon_core.package_identification:_identify(src/build) by extensions ['ignore', 'ignore_ament_install']
[0.219s] Level 1:colcon.colcon_core.package_identification:_identify(src/build) by extension 'ignore'
[0.219s] Level 1:colcon.colcon_core.package_identification:_identify(src/build) ignored
[0.219s] Level 1:colcon.colcon_core.package_identification:_identify(src/color_pose_publisher) by extensions ['ignore', 'ignore_ament_install']
[0.219s] Level 1:colcon.colcon_core.package_identification:_identify(src/color_pose_publisher) by extension 'ignore'
[0.219s] Level 1:colcon.colcon_core.package_identification:_identify(src/color_pose_publisher) by extension 'ignore_ament_install'
[0.219s] Level 1:colcon.colcon_core.package_identification:_identify(src/color_pose_publisher) by extensions ['colcon_pkg']
[0.219s] Level 1:colcon.colcon_core.package_identification:_identify(src/color_pose_publisher) by extension 'colcon_pkg'
[0.219s] Level 1:colcon.colcon_core.package_identification:_identify(src/color_pose_publisher) by extensions ['colcon_meta']
[0.219s] Level 1:colcon.colcon_core.package_identification:_identify(src/color_pose_publisher) by extension 'colcon_meta'
[0.219s] Level 1:colcon.colcon_core.package_identification:_identify(src/color_pose_publisher) by extensions ['ros']
[0.219s] Level 1:colcon.colcon_core.package_identification:_identify(src/color_pose_publisher) by extension 'ros'
[0.220s] DEBUG:colcon.colcon_core.package_identification:Package 'src/color_pose_publisher' with type 'ros.ament_python' and name 'color_pose_publisher'
[0.220s] Level 1:colcon.colcon_core.package_identification:_identify(src/cube_msgs) by extensions ['ignore', 'ignore_ament_install']
[0.220s] Level 1:colcon.colcon_core.package_identification:_identify(src/cube_msgs) by extension 'ignore'
[0.221s] Level 1:colcon.colcon_core.package_identification:_identify(src/cube_msgs) by extension 'ignore_ament_install'
[0.221s] Level 1:colcon.colcon_core.package_identification:_identify(src/cube_msgs) by extensions ['colcon_pkg']
[0.221s] Level 1:colcon.colcon_core.package_identification:_identify(src/cube_msgs) by extension 'colcon_pkg'
[0.221s] Level 1:colcon.colcon_core.package_identification:_identify(src/cube_msgs) by extensions ['colcon_meta']
[0.221s] Level 1:colcon.colcon_core.package_identification:_identify(src/cube_msgs) by extension 'colcon_meta'
[0.221s] Level 1:colcon.colcon_core.package_identification:_identify(src/cube_msgs) by extensions ['ros']
[0.221s] Level 1:colcon.colcon_core.package_identification:_identify(src/cube_msgs) by extension 'ros'
[0.221s] DEBUG:colcon.colcon_core.package_identification:Package 'src/cube_msgs' with type 'ros.ament_cmake' and name 'cube_msgs'
[0.221s] Level 1:colcon.colcon_core.package_identification:_identify(src/install) by extensions ['ignore', 'ignore_ament_install']
[0.221s] Level 1:colcon.colcon_core.package_identification:_identify(src/install) by extension 'ignore'
[0.222s] Level 1:colcon.colcon_core.package_identification:_identify(src/install) ignored
[0.222s] Level 1:colcon.colcon_core.package_identification:_identify(src/log) by extensions ['ignore', 'ignore_ament_install']
[0.222s] Level 1:colcon.colcon_core.package_identification:_identify(src/log) by extension 'ignore'
[0.222s] Level 1:colcon.colcon_core.package_identification:_identify(src/log) ignored
[0.222s] Level 1:colcon.colcon_core.package_identification:_identify(src/robox_arm) by extensions ['ignore', 'ignore_ament_install']
[0.222s] Level 1:colcon.colcon_core.package_identification:_identify(src/robox_arm) by extension 'ignore'
[0.222s] Level 1:colcon.colcon_core.package_identification:_identify(src/robox_arm) by extension 'ignore_ament_install'
[0.222s] Level 1:colcon.colcon_core.package_identification:_identify(src/robox_arm) by extensions ['colcon_pkg']
[0.222s] Level 1:colcon.colcon_core.package_identification:_identify(src/robox_arm) by extension 'colcon_pkg'
[0.222s] Level 1:colcon.colcon_core.package_identification:_identify(src/robox_arm) by extensions ['colcon_meta']
[0.222s] Level 1:colcon.colcon_core.package_identification:_identify(src/robox_arm) by extension 'colcon_meta'
[0.222s] Level 1:colcon.colcon_core.package_identification:_identify(src/robox_arm) by extensions ['ros']
[0.222s] Level 1:colcon.colcon_core.package_identification:_identify(src/robox_arm) by extension 'ros'
[0.223s] DEBUG:colcon.colcon_core.package_identification:Package 'src/robox_arm' with type 'ros.ament_cmake' and name 'robox_arm'
[0.223s] Level 1:colcon.colcon_core.package_identification:_identify(src/robox_moveit_config) by extensions ['ignore', 'ignore_ament_install']
[0.223s] Level 1:colcon.colcon_core.package_identification:_identify(src/robox_moveit_config) by extension 'ignore'
[0.223s] Level 1:colcon.colcon_core.package_identification:_identify(src/robox_moveit_config) by extension 'ignore_ament_install'
[0.223s] Level 1:colcon.colcon_core.package_identification:_identify(src/robox_moveit_config) by extensions ['colcon_pkg']
[0.223s] Level 1:colcon.colcon_core.package_identification:_identify(src/robox_moveit_config) by extension 'colcon_pkg'
[0.223s] Level 1:colcon.colcon_core.package_identification:_identify(src/robox_moveit_config) by extensions ['colcon_meta']
[0.223s] Level 1:colcon.colcon_core.package_identification:_identify(src/robox_moveit_config) by extension 'colcon_meta'
[0.223s] Level 1:colcon.colcon_core.package_identification:_identify(src/robox_moveit_config) by extensions ['ros']
[0.223s] Level 1:colcon.colcon_core.package_identification:_identify(src/robox_moveit_config) by extension 'ros'
[0.224s] DEBUG:colcon.colcon_core.package_identification:Package 'src/robox_moveit_config' with type 'ros.ament_cmake' and name 'robox_moveit_config'
[0.224s] Level 1:colcon.colcon_core.package_discovery:discover_packages(recursive) using defaults
[0.224s] Level 1:colcon.colcon_core.package_discovery:discover_packages(ignore) discover
[0.224s] Level 1:colcon.colcon_core.package_discovery:discover_packages(ignore) using defaults
[0.224s] Level 1:colcon.colcon_core.package_discovery:discover_packages(path) discover
[0.224s] Level 1:colcon.colcon_core.package_discovery:discover_packages(path) using defaults
[0.248s] Level 1:colcon.colcon_core.package_discovery:discover_packages(prefix_path) check parameters
[0.248s] Level 1:colcon.colcon_core.package_discovery:discover_packages(prefix_path) discover
[0.252s] DEBUG:colcon.colcon_installed_package_information.package_discovery:Found 20 installed packages in /home/saber/robox_ws/install
[0.254s] DEBUG:colcon.colcon_installed_package_information.package_discovery:Found 435 installed packages in /opt/ros/jazzy
[0.255s] Level 1:colcon.colcon_core.package_discovery:discover_packages(prefix_path) using defaults
[0.376s] Level 5:colcon.colcon_core.verb:set package 'arduino_arm_hardware_interface' build argument 'cmake_args' from command line to 'None'
[0.376s] Level 5:colcon.colcon_core.verb:set package 'arduino_arm_hardware_interface' build argument 'cmake_target' from command line to 'None'
[0.376s] Level 5:colcon.colcon_core.verb:set package 'arduino_arm_hardware_interface' build argument 'cmake_target_skip_unavailable' from command line to 'False'
[0.376s] Level 5:colcon.colcon_core.verb:set package 'arduino_arm_hardware_interface' build argument 'cmake_clean_cache' from command line to 'False'
[0.376s] Level 5:colcon.colcon_core.verb:set package 'arduino_arm_hardware_interface' build argument 'cmake_clean_first' from command line to 'False'
[0.377s] Level 5:colcon.colcon_core.verb:set package 'arduino_arm_hardware_interface' build argument 'cmake_force_configure' from command line to 'False'
[0.377s] Level 5:colcon.colcon_core.verb:set package 'arduino_arm_hardware_interface' build argument 'ament_cmake_args' from command line to 'None'
[0.377s] Level 5:colcon.colcon_core.verb:set package 'arduino_arm_hardware_interface' build argument 'catkin_cmake_args' from command line to 'None'
[0.377s] Level 5:colcon.colcon_core.verb:set package 'arduino_arm_hardware_interface' build argument 'catkin_skip_building_tests' from command line to 'False'
[0.377s] DEBUG:colcon.colcon_core.verb:Building package 'arduino_arm_hardware_interface' with the following arguments: {'ament_cmake_args': None, 'build_base': '/home/saber/robox_ws/build/arduino_arm_hardware_interface', 'catkin_cmake_args': None, 'catkin_skip_building_tests': False, 'cmake_args': None, 'cmake_clean_cache': False, 'cmake_clean_first': False, 'cmake_force_configure': False, 'cmake_target': None, 'cmake_target_skip_unavailable': False, 'install_base': '/home/saber/robox_ws/install/arduino_arm_hardware_interface', 'merge_install': False, 'path': '/home/saber/robox_ws/src/arduino_arm_hardware_interface', 'symlink_install': False, 'test_result_base': None}
[0.377s] Level 5:colcon.colcon_core.verb:set package 'arduinobot_py_examples' build argument 'cmake_args' from command line to 'None'
[0.377s] Level 5:colcon.colcon_core.verb:set package 'arduinobot_py_examples' build argument 'cmake_target' from command line to 'None'
[0.377s] Level 5:colcon.colcon_core.verb:set package 'arduinobot_py_examples' build argument 'cmake_target_skip_unavailable' from command line to 'False'
[0.377s] Level 5:colcon.colcon_core.verb:set package 'arduinobot_py_examples' build argument 'cmake_clean_cache' from command line to 'False'
[0.377s] Level 5:colcon.colcon_core.verb:set package 'arduinobot_py_examples' build argument 'cmake_clean_first' from command line to 'False'
[0.377s] Level 5:colcon.colcon_core.verb:set package 'arduinobot_py_examples' build argument 'cmake_force_configure' from command line to 'False'
[0.377s] Level 5:colcon.colcon_core.verb:set package 'arduinobot_py_examples' build argument 'ament_cmake_args' from command line to 'None'
[0.377s] Level 5:colcon.colcon_core.verb:set package 'arduinobot_py_examples' build argument 'catkin_cmake_args' from command line to 'None'
[0.377s] Level 5:colcon.colcon_core.verb:set package 'arduinobot_py_examples' build argument 'catkin_skip_building_tests' from command line to 'False'
[0.377s] DEBUG:colcon.colcon_core.verb:Building package 'arduinobot_py_examples' with the following arguments: {'ament_cmake_args': None, 'build_base': '/home/saber/robox_ws/build/arduinobot_py_examples', 'catkin_cmake_args': None, 'catkin_skip_building_tests': False, 'cmake_args': None, 'cmake_clean_cache': False, 'cmake_clean_first': False, 'cmake_force_configure': False, 'cmake_target': None, 'cmake_target_skip_unavailable': False, 'install_base': '/home/saber/robox_ws/install/arduinobot_py_examples', 'merge_install': False, 'path': '/home/saber/robox_ws/src/arduinobot_py_examples', 'symlink_install': False, 'test_result_base': None}
[0.377s] Level 5:colcon.colcon_core.verb:set package 'color_pose_publisher' build argument 'cmake_args' from command line to 'None'
[0.377s] Level 5:colcon.colcon_core.verb:set package 'color_pose_publisher' build argument 'cmake_target' from command line to 'None'
[0.377s] Level 5:colcon.colcon_core.verb:set package 'color_pose_publisher' build argument 'cmake_target_skip_unavailable' from command line to 'False'
[0.377s] Level 5:colcon.colcon_core.verb:set package 'color_pose_publisher' build argument 'cmake_clean_cache' from command line to 'False'
[0.377s] Level 5:colcon.colcon_core.verb:set package 'color_pose_publisher' build argument 'cmake_clean_first' from command line to 'False'
[0.377s] Level 5:colcon.colcon_core.verb:set package 'color_pose_publisher' build argument 'cmake_force_configure' from command line to 'False'
[0.377s] Level 5:colcon.colcon_core.verb:set package 'color_pose_publisher' build argument 'ament_cmake_args' from command line to 'None'
[0.377s] Level 5:colcon.colcon_core.verb:set package 'color_pose_publisher' build argument 'catkin_cmake_args' from command line to 'None'
[0.377s] Level 5:colcon.colcon_core.verb:set package 'color_pose_publisher' build argument 'catkin_skip_building_tests' from command line to 'False'
[0.377s] DEBUG:colcon.colcon_core.verb:Building package 'color_pose_publisher' with the following arguments: {'ament_cmake_args': None, 'build_base': '/home/saber/robox_ws/build/color_pose_publisher', 'catkin_cmake_args': None, 'catkin_skip_building_tests': False, 'cmake_args': None, 'cmake_clean_cache': False, 'cmake_clean_first': False, 'cmake_force_configure': False, 'cmake_target': None, 'cmake_target_skip_unavailable': False, 'install_base': '/home/saber/robox_ws/install/color_pose_publisher', 'merge_install': False, 'path': '/home/saber/robox_ws/src/color_pose_publisher', 'symlink_install': False, 'test_result_base': None}
[0.378s] Level 5:colcon.colcon_core.verb:set package 'cube_msgs' build argument 'cmake_args' from command line to 'None'
[0.378s] Level 5:colcon.colcon_core.verb:set package 'cube_msgs' build argument 'cmake_target' from command line to 'None'
[0.378s] Level 5:colcon.colcon_core.verb:set package 'cube_msgs' build argument 'cmake_target_skip_unavailable' from command line to 'False'
[0.378s] Level 5:colcon.colcon_core.verb:set package 'cube_msgs' build argument 'cmake_clean_cache' from command line to 'False'
[0.378s] Level 5:colcon.colcon_core.verb:set package 'cube_msgs' build argument 'cmake_clean_first' from command line to 'False'
[0.378s] Level 5:colcon.colcon_core.verb:set package 'cube_msgs' build argument 'cmake_force_configure' from command line to 'False'
[0.378s] Level 5:colcon.colcon_core.verb:set package 'cube_msgs' build argument 'ament_cmake_args' from command line to 'None'
[0.378s] Level 5:colcon.colcon_core.verb:set package 'cube_msgs' build argument 'catkin_cmake_args' from command line to 'None'
[0.378s] Level 5:colcon.colcon_core.verb:set package 'cube_msgs' build argument 'catkin_skip_building_tests' from command line to 'False'
[0.378s] DEBUG:colcon.colcon_core.verb:Building package 'cube_msgs' with the following arguments: {'ament_cmake_args': None, 'build_base': '/home/saber/robox_ws/build/cube_msgs', 'catkin_cmake_args': None, 'catkin_skip_building_tests': False, 'cmake_args': None, 'cmake_clean_cache': False, 'cmake_clean_first': False, 'cmake_force_configure': False, 'cmake_target': None, 'cmake_target_skip_unavailable': False, 'install_base': '/home/saber/robox_ws/install/cube_msgs', 'merge_install': False, 'path': '/home/saber/robox_ws/src/cube_msgs', 'symlink_install': False, 'test_result_base': None}
[0.378s] Level 5:colcon.colcon_core.verb:set package 'robox_arm' build argument 'cmake_args' from command line to 'None'
[0.378s] Level 5:colcon.colcon_core.verb:set package 'robox_arm' build argument 'cmake_target' from command line to 'None'
[0.378s] Level 5:colcon.colcon_core.verb:set package 'robox_arm' build argument 'cmake_target_skip_unavailable' from command line to 'False'
[0.378s] Level 5:colcon.colcon_core.verb:set package 'robox_arm' build argument 'cmake_clean_cache' from command line to 'False'
[0.378s] Level 5:colcon.colcon_core.verb:set package 'robox_arm' build argument 'cmake_clean_first' from command line to 'False'
[0.378s] Level 5:colcon.colcon_core.verb:set package 'robox_arm' build argument 'cmake_force_configure' from command line to 'False'
[0.378s] Level 5:colcon.colcon_core.verb:set package 'robox_arm' build argument 'ament_cmake_args' from command line to 'None'
[0.378s] Level 5:colcon.colcon_core.verb:set package 'robox_arm' build argument 'catkin_cmake_args' from command line to 'None'
[0.378s] Level 5:colcon.colcon_core.verb:set package 'robox_arm' build argument 'catkin_skip_building_tests' from command line to 'False'
[0.378s] DEBUG:colcon.colcon_core.verb:Building package 'robox_arm' with the following arguments: {'ament_cmake_args': None, 'build_base': '/home/saber/robox_ws/build/robox_arm', 'catkin_cmake_args': None, 'catkin_skip_building_tests': False, 'cmake_args': None, 'cmake_clean_cache': False, 'cmake_clean_first': False, 'cmake_force_configure': False, 'cmake_target': None, 'cmake_target_skip_unavailable': False, 'install_base': '/home/saber/robox_ws/install/robox_arm', 'merge_install': False, 'path': '/home/saber/robox_ws/src/robox_arm', 'symlink_install': False, 'test_result_base': None}
[0.378s] Level 5:colcon.colcon_core.verb:set package 'robox_moveit_config' build argument 'cmake_args' from command line to 'None'
[0.378s] Level 5:colcon.colcon_core.verb:set package 'robox_moveit_config' build argument 'cmake_target' from command line to 'None'
[0.378s] Level 5:colcon.colcon_core.verb:set package 'robox_moveit_config' build argument 'cmake_target_skip_unavailable' from command line to 'False'
[0.378s] Level 5:colcon.colcon_core.verb:set package 'robox_moveit_config' build argument 'cmake_clean_cache' from command line to 'False'
[0.378s] Level 5:colcon.colcon_core.verb:set package 'robox_moveit_config' build argument 'cmake_clean_first' from command line to 'False'
[0.378s] Level 5:colcon.colcon_core.verb:set package 'robox_moveit_config' build argument 'cmake_force_configure' from command line to 'False'
[0.378s] Level 5:colcon.colcon_core.verb:set package 'robox_moveit_config' build argument 'ament_cmake_args' from command line to 'None'
[0.378s] Level 5:colcon.colcon_core.verb:set package 'robox_moveit_config' build argument 'catkin_cmake_args' from command line to 'None'
[0.378s] Level 5:colcon.colcon_core.verb:set package 'robox_moveit_config' build argument 'catkin_skip_building_tests' from command line to 'False'
[0.378s] DEBUG:colcon.colcon_core.verb:Building package 'robox_moveit_config' with the following arguments: {'ament_cmake_args': None, 'build_base': '/home/saber/robox_ws/build/robox_moveit_config', 'catkin_cmake_args': None, 'catkin_skip_building_tests': False, 'cmake_args': None, 'cmake_clean_cache': False, 'cmake_clean_first': False, 'cmake_force_configure': False, 'cmake_target': None, 'cmake_target_skip_unavailable': False, 'install_base': '/home/saber/robox_ws/install/robox_moveit_config', 'merge_install': False, 'path': '/home/saber/robox_ws/src/robox_moveit_config', 'symlink_install': False, 'test_result_base': None}
[0.378s] INFO:colcon.colcon_core.executor:Executing jobs using 'parallel' executor
[0.379s] DEBUG:colcon.colcon_parallel_executor.executor.parallel:run_until_complete
[0.379s] INFO:colcon.colcon_ros.task.ament_cmake.build:Building ROS package in '/home/saber/robox_ws/src/robox_arm' with build type 'ament_cmake'
[0.379s] INFO:colcon.colcon_cmake.task.cmake.build:Building CMake package in '/home/saber/robox_ws/src/robox_arm'
[0.385s] INFO:colcon.colcon_core.plugin_system:Skipping extension 'colcon_core.shell.bat': Not used on non-Windows systems
[0.385s] INFO:colcon.colcon_core.shell:Skip shell extension 'powershell' for command environment: Not usable outside of PowerShell
[0.385s] DEBUG:colcon.colcon_core.shell:Skip shell extension 'dsv' for command environment
[0.390s] INFO:colcon.colcon_ros.task.catkin.build:Building ROS package in '/home/saber/robox_ws/src/arduino_arm_hardware_interface' with build type 'catkin'
[0.390s] INFO:colcon.colcon_cmake.task.cmake.build:Building CMake package in '/home/saber/robox_ws/src/arduino_arm_hardware_interface'
[0.390s] INFO:colcon.colcon_core.shell:Skip shell extension 'powershell' for command environment: Not usable outside of PowerShell
[0.390s] DEBUG:colcon.colcon_core.shell:Skip shell extension 'dsv' for command environment
[0.395s] INFO:colcon.colcon_ros.task.ament_python.build:Building ROS package in '/home/saber/robox_ws/src/arduinobot_py_examples' with build type 'ament_python'
[0.395s] Level 1:colcon.colcon_core.shell:create_environment_hook('arduinobot_py_examples', 'ament_prefix_path')
[0.395s] INFO:colcon.colcon_core.shell:Creating environment hook '/home/saber/robox_ws/install/arduinobot_py_examples/share/arduinobot_py_examples/hook/ament_prefix_path.ps1'
[0.395s] INFO:colcon.colcon_core.shell:Creating environment descriptor '/home/saber/robox_ws/install/arduinobot_py_examples/share/arduinobot_py_examples/hook/ament_prefix_path.dsv'
[0.396s] INFO:colcon.colcon_core.shell:Creating environment hook '/home/saber/robox_ws/install/arduinobot_py_examples/share/arduinobot_py_examples/hook/ament_prefix_path.sh'
[0.396s] INFO:colcon.colcon_core.shell:Skip shell extension 'powershell' for command environment: Not usable outside of PowerShell
[0.396s] DEBUG:colcon.colcon_core.shell:Skip shell extension 'dsv' for command environment
[0.401s] INFO:colcon.colcon_ros.task.ament_python.build:Building ROS package in '/home/saber/robox_ws/src/color_pose_publisher' with build type 'ament_python'
[0.401s] Level 1:colcon.colcon_core.shell:create_environment_hook('color_pose_publisher', 'ament_prefix_path')
[0.401s] INFO:colcon.colcon_core.shell:Creating environment hook '/home/saber/robox_ws/install/color_pose_publisher/share/color_pose_publisher/hook/ament_prefix_path.ps1'
[0.402s] INFO:colcon.colcon_core.shell:Creating environment descriptor '/home/saber/robox_ws/install/color_pose_publisher/share/color_pose_publisher/hook/ament_prefix_path.dsv'
[0.402s] INFO:colcon.colcon_core.shell:Creating environment hook '/home/saber/robox_ws/install/color_pose_publisher/share/color_pose_publisher/hook/ament_prefix_path.sh'
[0.403s] INFO:colcon.colcon_core.shell:Skip shell extension 'powershell' for command environment: Not usable outside of PowerShell
[0.403s] DEBUG:colcon.colcon_core.shell:Skip shell extension 'dsv' for command environment
[0.408s] INFO:colcon.colcon_ros.task.ament_cmake.build:Building ROS package in '/home/saber/robox_ws/src/cube_msgs' with build type 'ament_cmake'
[0.408s] INFO:colcon.colcon_cmake.task.cmake.build:Building CMake package in '/home/saber/robox_ws/src/cube_msgs'
[0.408s] INFO:colcon.colcon_core.shell:Skip shell extension 'powershell' for command environment: Not usable outside of PowerShell
[0.408s] DEBUG:colcon.colcon_core.shell:Skip shell extension 'dsv' for command environment
[0.416s] DEBUG:colcon.colcon_core.event_handler.log_command:Invoking command in '/home/saber/robox_ws/build/robox_arm': CMAKE_PREFIX_PATH=/home/saber/robox_ws/install/robox_moveit_config:/home/saber/robox_ws/install/robox_arm:/home/saber/robox_ws/install/pilz_industrial_motion_planner_testutils:/home/saber/robox_ws/install/moveit_ros_control_interface:/home/saber/robox_ws/install/moveit_plugins:/home/saber/robox_ws/install/moveit_simple_controller_manager:/home/saber/robox_ws/install/moveit_ros_occupancy_map_monitor:/home/saber/robox_ws/install/moveit_resources_prbt_support:/home/saber/robox_ws/install/moveit_resources_prbt_ikfast_manipulator_plugin:/home/saber/robox_ws/install/moveit_planners_stomp:/home/saber/robox_ws/install/moveit_planners_chomp:/home/saber/robox_ws/install/chomp_motion_planner:/home/saber/robox_ws/install/moveit_core:/home/saber/robox_ws/install/moveit_common:/home/saber/robox_ws/install/cube_msgs:/home/saber/robox_ws/install/moveit_configs_utils:/home/saber/robox_ws/install/color_pose_publisher:/home/saber/robox_ws/install/arduinobot_py_examples:/opt/ros/jazzy:/home/saber/robox_ws/install/arduino_arm_hardware_interface:/opt/ros/jazzy/opt/gz_sim_vendor:/opt/ros/jazzy/opt/gz_sensors_vendor:/opt/ros/jazzy/opt/gz_physics_vendor:/opt/ros/jazzy/opt/sdformat_vendor:/opt/ros/jazzy/opt/gz_gui_vendor:/opt/ros/jazzy/opt/gz_transport_vendor:/opt/ros/jazzy/opt/gz_rendering_vendor:/opt/ros/jazzy/opt/gz_plugin_vendor:/opt/ros/jazzy/opt/gz_fuel_tools_vendor:/opt/ros/jazzy/opt/gz_msgs_vendor:/opt/ros/jazzy/opt/gz_common_vendor:/opt/ros/jazzy/opt/gz_math_vendor:/opt/ros/jazzy/opt/gz_utils_vendor:/opt/ros/jazzy/opt/gz_tools_vendor:/opt/ros/jazzy/opt/gz_ogre_next_vendor:/opt/ros/jazzy/opt/gz_dartsim_vendor:/opt/ros/jazzy/opt/gz_cmake_vendor DEBUGINFOD_URLS=https://debuginfod.ubuntu.com /usr/bin/cmake --build /home/saber/robox_ws/build/robox_arm -- -j16 -l16
[0.418s] DEBUG:colcon.colcon_core.event_handler.log_command:Invoking command in '/home/saber/robox_ws/build/arduino_arm_hardware_interface': DEBUGINFOD_URLS=https://debuginfod.ubuntu.com /usr/bin/cmake --build /home/saber/robox_ws/build/arduino_arm_hardware_interface -- -j16 -l16
[0.658s] INFO:colcon.colcon_core.task.python.build:Building Python package in '/home/saber/robox_ws/src/arduinobot_py_examples'
[0.658s] INFO:colcon.colcon_core.shell:Skip shell extension 'powershell' for command environment: Not usable outside of PowerShell
[0.659s] DEBUG:colcon.colcon_core.shell:Skip shell extension 'dsv' for command environment
[0.898s] INFO:colcon.colcon_core.task.python.build:Building Python package in '/home/saber/robox_ws/src/color_pose_publisher'
[0.899s] INFO:colcon.colcon_core.shell:Skip shell extension 'powershell' for command environment: Not usable outside of PowerShell
[0.899s] DEBUG:colcon.colcon_core.shell:Skip shell extension 'dsv' for command environment
[0.906s] DEBUG:colcon.colcon_core.event_handler.log_command:Invoked command in '/home/saber/robox_ws/build/robox_arm' returned '0': CMAKE_PREFIX_PATH=/home/saber/robox_ws/install/robox_moveit_config:/home/saber/robox_ws/install/robox_arm:/home/saber/robox_ws/install/pilz_industrial_motion_planner_testutils:/home/saber/robox_ws/install/moveit_ros_control_interface:/home/saber/robox_ws/install/moveit_plugins:/home/saber/robox_ws/install/moveit_simple_controller_manager:/home/saber/robox_ws/install/moveit_ros_occupancy_map_monitor:/home/saber/robox_ws/install/moveit_resources_prbt_support:/home/saber/robox_ws/install/moveit_resources_prbt_ikfast_manipulator_plugin:/home/saber/robox_ws/install/moveit_planners_stomp:/home/saber/robox_ws/install/moveit_planners_chomp:/home/saber/robox_ws/install/chomp_motion_planner:/home/saber/robox_ws/install/moveit_core:/home/saber/robox_ws/install/moveit_common:/home/saber/robox_ws/install/cube_msgs:/home/saber/robox_ws/install/moveit_configs_utils:/home/saber/robox_ws/install/color_pose_publisher:/home/saber/robox_ws/install/arduinobot_py_examples:/opt/ros/jazzy:/home/saber/robox_ws/install/arduino_arm_hardware_interface:/opt/ros/jazzy/opt/gz_sim_vendor:/opt/ros/jazzy/opt/gz_sensors_vendor:/opt/ros/jazzy/opt/gz_physics_vendor:/opt/ros/jazzy/opt/sdformat_vendor:/opt/ros/jazzy/opt/gz_gui_vendor:/opt/ros/jazzy/opt/gz_transport_vendor:/opt/ros/jazzy/opt/gz_rendering_vendor:/opt/ros/jazzy/opt/gz_plugin_vendor:/opt/ros/jazzy/opt/gz_fuel_tools_vendor:/opt/ros/jazzy/opt/gz_msgs_vendor:/opt/ros/jazzy/opt/gz_common_vendor:/opt/ros/jazzy/opt/gz_math_vendor:/opt/ros/jazzy/opt/gz_utils_vendor:/opt/ros/jazzy/opt/gz_tools_vendor:/opt/ros/jazzy/opt/gz_ogre_next_vendor:/opt/ros/jazzy/opt/gz_dartsim_vendor:/opt/ros/jazzy/opt/gz_cmake_vendor DEBUGINFOD_URLS=https://debuginfod.ubuntu.com /usr/bin/cmake --build /home/saber/robox_ws/build/robox_arm -- -j16 -l16
[0.919s] DEBUG:colcon.colcon_core.event_handler.log_command:Invoking command in '/home/saber/robox_ws/build/robox_arm': CMAKE_PREFIX_PATH=/home/saber/robox_ws/install/robox_moveit_config:/home/saber/robox_ws/install/robox_arm:/home/saber/robox_ws/install/pilz_industrial_motion_planner_testutils:/home/saber/robox_ws/install/moveit_ros_control_interface:/home/saber/robox_ws/install/moveit_plugins:/home/saber/robox_ws/install/moveit_simple_controller_manager:/home/saber/robox_ws/install/moveit_ros_occupancy_map_monitor:/home/saber/robox_ws/install/moveit_resources_prbt_support:/home/saber/robox_ws/install/moveit_resources_prbt_ikfast_manipulator_plugin:/home/saber/robox_ws/install/moveit_planners_stomp:/home/saber/robox_ws/install/moveit_planners_chomp:/home/saber/robox_ws/install/chomp_motion_planner:/home/saber/robox_ws/install/moveit_core:/home/saber/robox_ws/install/moveit_common:/home/saber/robox_ws/install/cube_msgs:/home/saber/robox_ws/install/moveit_configs_utils:/home/saber/robox_ws/install/color_pose_publisher:/home/saber/robox_ws/install/arduinobot_py_examples:/opt/ros/jazzy:/home/saber/robox_ws/install/arduino_arm_hardware_interface:/opt/ros/jazzy/opt/gz_sim_vendor:/opt/ros/jazzy/opt/gz_sensors_vendor:/opt/ros/jazzy/opt/gz_physics_vendor:/opt/ros/jazzy/opt/sdformat_vendor:/opt/ros/jazzy/opt/gz_gui_vendor:/opt/ros/jazzy/opt/gz_transport_vendor:/opt/ros/jazzy/opt/gz_rendering_vendor:/opt/ros/jazzy/opt/gz_plugin_vendor:/opt/ros/jazzy/opt/gz_fuel_tools_vendor:/opt/ros/jazzy/opt/gz_msgs_vendor:/opt/ros/jazzy/opt/gz_common_vendor:/opt/ros/jazzy/opt/gz_math_vendor:/opt/ros/jazzy/opt/gz_utils_vendor:/opt/ros/jazzy/opt/gz_tools_vendor:/opt/ros/jazzy/opt/gz_ogre_next_vendor:/opt/ros/jazzy/opt/gz_dartsim_vendor:/opt/ros/jazzy/opt/gz_cmake_vendor DEBUGINFOD_URLS=https://debuginfod.ubuntu.com /usr/bin/cmake --install /home/saber/robox_ws/build/robox_arm
[0.920s] DEBUG:colcon.colcon_core.event_handler.log_command:Invoked command in '/home/saber/robox_ws/build/arduino_arm_hardware_interface' returned '0': DEBUGINFOD_URLS=https://debuginfod.ubuntu.com /usr/bin/cmake --build /home/saber/robox_ws/build/arduino_arm_hardware_interface -- -j16 -l16
[0.920s] DEBUG:colcon.colcon_core.event_handler.log_command:Invoking command in '/home/saber/robox_ws/build/arduino_arm_hardware_interface': DEBUGINFOD_URLS=https://debuginfod.ubuntu.com /usr/bin/cmake --install /home/saber/robox_ws/build/arduino_arm_hardware_interface
[0.923s] DEBUG:colcon.colcon_core.event_handler.log_command:Invoking command in '/home/saber/robox_ws/build/cube_msgs': CMAKE_PREFIX_PATH=/home/saber/robox_ws/install/robox_moveit_config:/home/saber/robox_ws/install/robox_arm:/home/saber/robox_ws/install/pilz_industrial_motion_planner_testutils:/home/saber/robox_ws/install/moveit_ros_control_interface:/home/saber/robox_ws/install/moveit_plugins:/home/saber/robox_ws/install/moveit_simple_controller_manager:/home/saber/robox_ws/install/moveit_ros_occupancy_map_monitor:/home/saber/robox_ws/install/moveit_resources_prbt_support:/home/saber/robox_ws/install/moveit_resources_prbt_ikfast_manipulator_plugin:/home/saber/robox_ws/install/moveit_planners_stomp:/home/saber/robox_ws/install/moveit_planners_chomp:/home/saber/robox_ws/install/chomp_motion_planner:/home/saber/robox_ws/install/moveit_core:/home/saber/robox_ws/install/moveit_common:/home/saber/robox_ws/install/cube_msgs:/home/saber/robox_ws/install/moveit_configs_utils:/home/saber/robox_ws/install/color_pose_publisher:/home/saber/robox_ws/install/arduinobot_py_examples:/opt/ros/jazzy:/home/saber/robox_ws/install/arduino_arm_hardware_interface:/opt/ros/jazzy/opt/gz_sim_vendor:/opt/ros/jazzy/opt/gz_sensors_vendor:/opt/ros/jazzy/opt/gz_physics_vendor:/opt/ros/jazzy/opt/sdformat_vendor:/opt/ros/jazzy/opt/gz_gui_vendor:/opt/ros/jazzy/opt/gz_transport_vendor:/opt/ros/jazzy/opt/gz_rendering_vendor:/opt/ros/jazzy/opt/gz_plugin_vendor:/opt/ros/jazzy/opt/gz_fuel_tools_vendor:/opt/ros/jazzy/opt/gz_msgs_vendor:/opt/ros/jazzy/opt/gz_common_vendor:/opt/ros/jazzy/opt/gz_math_vendor:/opt/ros/jazzy/opt/gz_utils_vendor:/opt/ros/jazzy/opt/gz_tools_vendor:/opt/ros/jazzy/opt/gz_ogre_next_vendor:/opt/ros/jazzy/opt/gz_dartsim_vendor:/opt/ros/jazzy/opt/gz_cmake_vendor DEBUGINFOD_URLS=https://debuginfod.ubuntu.com /usr/bin/cmake --build /home/saber/robox_ws/build/cube_msgs -- -j16 -l16
[0.949s] Level 1:colcon.colcon_core.shell:create_environment_hook('arduino_arm_hardware_interface', 'ros_package_path')
[0.950s] INFO:colcon.colcon_core.shell:Creating environment hook '/home/saber/robox_ws/install/arduino_arm_hardware_interface/share/arduino_arm_hardware_interface/hook/ros_package_path.ps1'
[0.951s] INFO:colcon.colcon_core.shell:Creating environment descriptor '/home/saber/robox_ws/install/arduino_arm_hardware_interface/share/arduino_arm_hardware_interface/hook/ros_package_path.dsv'
[0.952s] INFO:colcon.colcon_core.shell:Creating environment hook '/home/saber/robox_ws/install/arduino_arm_hardware_interface/share/arduino_arm_hardware_interface/hook/ros_package_path.sh'
[0.953s] DEBUG:colcon.colcon_core.event_handler.log_command:Invoked command in '/home/saber/robox_ws/build/arduino_arm_hardware_interface' returned '0': DEBUGINFOD_URLS=https://debuginfod.ubuntu.com /usr/bin/cmake --install /home/saber/robox_ws/build/arduino_arm_hardware_interface
[0.954s] Level 1:colcon.colcon_core.shell:create_environment_hook('arduino_arm_hardware_interface', 'pkg_config_path')
[0.954s] INFO:colcon.colcon_core.shell:Creating environment hook '/home/saber/robox_ws/install/arduino_arm_hardware_interface/share/arduino_arm_hardware_interface/hook/pkg_config_path.ps1'
[0.955s] INFO:colcon.colcon_core.shell:Creating environment descriptor '/home/saber/robox_ws/install/arduino_arm_hardware_interface/share/arduino_arm_hardware_interface/hook/pkg_config_path.dsv'
[0.955s] INFO:colcon.colcon_core.shell:Creating environment hook '/home/saber/robox_ws/install/arduino_arm_hardware_interface/share/arduino_arm_hardware_interface/hook/pkg_config_path.sh'
[0.958s] Level 1:colcon.colcon_core.shell:create_environment_hook('arduino_arm_hardware_interface', 'pkg_config_path_multiarch')
[0.958s] INFO:colcon.colcon_core.shell:Creating environment hook '/home/saber/robox_ws/install/arduino_arm_hardware_interface/share/arduino_arm_hardware_interface/hook/pkg_config_path_multiarch.ps1'
[0.958s] INFO:colcon.colcon_core.shell:Creating environment descriptor '/home/saber/robox_ws/install/arduino_arm_hardware_interface/share/arduino_arm_hardware_interface/hook/pkg_config_path_multiarch.dsv'
[0.959s] INFO:colcon.colcon_core.shell:Creating environment hook '/home/saber/robox_ws/install/arduino_arm_hardware_interface/share/arduino_arm_hardware_interface/hook/pkg_config_path_multiarch.sh'
[0.960s] Level 1:colcon.colcon_core.environment:create_environment_scripts_only(arduino_arm_hardware_interface)
[0.964s] Level 1:colcon.colcon_core.environment:checking '/home/saber/robox_ws/install/arduino_arm_hardware_interface' for CMake module files
[0.964s] Level 1:colcon.colcon_core.environment:checking '/home/saber/robox_ws/install/arduino_arm_hardware_interface' for CMake config files
[0.964s] Level 1:colcon.colcon_core.shell:create_environment_hook('arduino_arm_hardware_interface', 'cmake_prefix_path')
[0.965s] INFO:colcon.colcon_core.shell:Creating environment hook '/home/saber/robox_ws/install/arduino_arm_hardware_interface/share/arduino_arm_hardware_interface/hook/cmake_prefix_path.ps1'
[0.965s] INFO:colcon.colcon_core.shell:Creating environment descriptor '/home/saber/robox_ws/install/arduino_arm_hardware_interface/share/arduino_arm_hardware_interface/hook/cmake_prefix_path.dsv'
[0.965s] INFO:colcon.colcon_core.shell:Creating environment hook '/home/saber/robox_ws/install/arduino_arm_hardware_interface/share/arduino_arm_hardware_interface/hook/cmake_prefix_path.sh'
[0.966s] Level 1:colcon.colcon_core.environment:checking '/home/saber/robox_ws/install/arduino_arm_hardware_interface/lib'
[0.966s] Level 1:colcon.colcon_core.shell:create_environment_hook('arduino_arm_hardware_interface', 'ld_library_path_lib')
[0.966s] INFO:colcon.colcon_core.shell:Creating environment hook '/home/saber/robox_ws/install/arduino_arm_hardware_interface/share/arduino_arm_hardware_interface/hook/ld_library_path_lib.ps1'
[0.966s] INFO:colcon.colcon_core.shell:Creating environment descriptor '/home/saber/robox_ws/install/arduino_arm_hardware_interface/share/arduino_arm_hardware_interface/hook/ld_library_path_lib.dsv'
[0.967s] INFO:colcon.colcon_core.shell:Creating environment hook '/home/saber/robox_ws/install/arduino_arm_hardware_interface/share/arduino_arm_hardware_interface/hook/ld_library_path_lib.sh'
[0.967s] Level 1:colcon.colcon_core.environment:checking '/home/saber/robox_ws/install/arduino_arm_hardware_interface/bin'
[0.967s] Level 1:colcon.colcon_core.environment:checking '/home/saber/robox_ws/install/arduino_arm_hardware_interface/lib/pkgconfig/arduino_arm_hardware_interface.pc'
[0.967s] Level 1:colcon.colcon_core.environment:checking '/home/saber/robox_ws/install/arduino_arm_hardware_interface/lib/python3.12/site-packages'
[0.967s] Level 1:colcon.colcon_core.environment:checking '/home/saber/robox_ws/install/arduino_arm_hardware_interface/bin'
[0.968s] INFO:colcon.colcon_core.shell:Creating package script '/home/saber/robox_ws/install/arduino_arm_hardware_interface/share/arduino_arm_hardware_interface/package.ps1'
[0.968s] INFO:colcon.colcon_core.shell:Creating package descriptor '/home/saber/robox_ws/install/arduino_arm_hardware_interface/share/arduino_arm_hardware_interface/package.dsv'
[0.969s] INFO:colcon.colcon_core.shell:Creating package script '/home/saber/robox_ws/install/arduino_arm_hardware_interface/share/arduino_arm_hardware_interface/package.sh'
[0.969s] INFO:colcon.colcon_core.shell:Creating package script '/home/saber/robox_ws/install/arduino_arm_hardware_interface/share/arduino_arm_hardware_interface/package.bash'
[0.970s] INFO:colcon.colcon_core.shell:Creating package script '/home/saber/robox_ws/install/arduino_arm_hardware_interface/share/arduino_arm_hardware_interface/package.zsh'
[0.970s] Level 1:colcon.colcon_core.environment:create_file_with_runtime_dependencies(/home/saber/robox_ws/install/arduino_arm_hardware_interface/share/colcon-core/packages/arduino_arm_hardware_interface)
[0.972s] Level 1:colcon.colcon_core.environment:create_environment_scripts_only(robox_arm)
[0.972s] Level 1:colcon.colcon_core.environment:checking '/home/saber/robox_ws/install/robox_arm' for CMake module files
[0.973s] DEBUG:colcon.colcon_core.event_handler.log_command:Invoked command in '/home/saber/robox_ws/build/robox_arm' returned '0': CMAKE_PREFIX_PATH=/home/saber/robox_ws/install/robox_moveit_config:/home/saber/robox_ws/install/robox_arm:/home/saber/robox_ws/install/pilz_industrial_motion_planner_testutils:/home/saber/robox_ws/install/moveit_ros_control_interface:/home/saber/robox_ws/install/moveit_plugins:/home/saber/robox_ws/install/moveit_simple_controller_manager:/home/saber/robox_ws/install/moveit_ros_occupancy_map_monitor:/home/saber/robox_ws/install/moveit_resources_prbt_support:/home/saber/robox_ws/install/moveit_resources_prbt_ikfast_manipulator_plugin:/home/saber/robox_ws/install/moveit_planners_stomp:/home/saber/robox_ws/install/moveit_planners_chomp:/home/saber/robox_ws/install/chomp_motion_planner:/home/saber/robox_ws/install/moveit_core:/home/saber/robox_ws/install/moveit_common:/home/saber/robox_ws/install/cube_msgs:/home/saber/robox_ws/install/moveit_configs_utils:/home/saber/robox_ws/install/color_pose_publisher:/home/saber/robox_ws/install/arduinobot_py_examples:/opt/ros/jazzy:/home/saber/robox_ws/install/arduino_arm_hardware_interface:/opt/ros/jazzy/opt/gz_sim_vendor:/opt/ros/jazzy/opt/gz_sensors_vendor:/opt/ros/jazzy/opt/gz_physics_vendor:/opt/ros/jazzy/opt/sdformat_vendor:/opt/ros/jazzy/opt/gz_gui_vendor:/opt/ros/jazzy/opt/gz_transport_vendor:/opt/ros/jazzy/opt/gz_rendering_vendor:/opt/ros/jazzy/opt/gz_plugin_vendor:/opt/ros/jazzy/opt/gz_fuel_tools_vendor:/opt/ros/jazzy/opt/gz_msgs_vendor:/opt/ros/jazzy/opt/gz_common_vendor:/opt/ros/jazzy/opt/gz_math_vendor:/opt/ros/jazzy/opt/gz_utils_vendor:/opt/ros/jazzy/opt/gz_tools_vendor:/opt/ros/jazzy/opt/gz_ogre_next_vendor:/opt/ros/jazzy/opt/gz_dartsim_vendor:/opt/ros/jazzy/opt/gz_cmake_vendor DEBUGINFOD_URLS=https://debuginfod.ubuntu.com /usr/bin/cmake --install /home/saber/robox_ws/build/robox_arm
[0.973s] Level 1:colcon.colcon_core.environment:checking '/home/saber/robox_ws/install/robox_arm' for CMake config files
[0.973s] Level 1:colcon.colcon_core.shell:create_environment_hook('robox_arm', 'cmake_prefix_path')
[0.973s] INFO:colcon.colcon_core.shell:Creating environment hook '/home/saber/robox_ws/install/robox_arm/share/robox_arm/hook/cmake_prefix_path.ps1'
[0.974s] INFO:colcon.colcon_core.shell:Creating environment descriptor '/home/saber/robox_ws/install/robox_arm/share/robox_arm/hook/cmake_prefix_path.dsv'
[0.974s] INFO:colcon.colcon_core.shell:Creating environment hook '/home/saber/robox_ws/install/robox_arm/share/robox_arm/hook/cmake_prefix_path.sh'
[0.975s] Level 1:colcon.colcon_core.environment:checking '/home/saber/robox_ws/install/robox_arm/bin'
[0.975s] Level 1:colcon.colcon_core.environment:checking '/home/saber/robox_ws/install/robox_arm/lib/pkgconfig/robox_arm.pc'
[0.975s] Level 1:colcon.colcon_core.environment:checking '/home/saber/robox_ws/install/robox_arm/lib/python3.12/site-packages'
[0.975s] Level 1:colcon.colcon_core.environment:checking '/home/saber/robox_ws/install/robox_arm/bin'
[0.975s] INFO:colcon.colcon_core.shell:Creating package script '/home/saber/robox_ws/install/robox_arm/share/robox_arm/package.ps1'
[0.976s] INFO:colcon.colcon_core.shell:Creating package descriptor '/home/saber/robox_ws/install/robox_arm/share/robox_arm/package.dsv'
[0.976s] INFO:colcon.colcon_core.shell:Creating package script '/home/saber/robox_ws/install/robox_arm/share/robox_arm/package.sh'
[0.977s] INFO:colcon.colcon_core.shell:Creating package script '/home/saber/robox_ws/install/robox_arm/share/robox_arm/package.bash'
[0.977s] INFO:colcon.colcon_core.shell:Creating package script '/home/saber/robox_ws/install/robox_arm/share/robox_arm/package.zsh'
[0.977s] Level 1:colcon.colcon_core.environment:create_file_with_runtime_dependencies(/home/saber/robox_ws/install/robox_arm/share/colcon-core/packages/robox_arm)
[0.978s] Level 1:colcon.colcon_core.environment:create_environment_scripts_only(robox_arm)
[0.978s] Level 1:colcon.colcon_core.environment:checking '/home/saber/robox_ws/install/robox_arm' for CMake module files
[0.978s] Level 1:colcon.colcon_core.environment:checking '/home/saber/robox_ws/install/robox_arm' for CMake config files
[0.979s] Level 1:colcon.colcon_core.shell:create_environment_hook('robox_arm', 'cmake_prefix_path')
[0.979s] INFO:colcon.colcon_core.shell:Creating environment hook '/home/saber/robox_ws/install/robox_arm/share/robox_arm/hook/cmake_prefix_path.ps1'
[0.979s] INFO:colcon.colcon_core.shell:Creating environment descriptor '/home/saber/robox_ws/install/robox_arm/share/robox_arm/hook/cmake_prefix_path.dsv'
[0.979s] INFO:colcon.colcon_core.shell:Creating environment hook '/home/saber/robox_ws/install/robox_arm/share/robox_arm/hook/cmake_prefix_path.sh'
[0.980s] Level 1:colcon.colcon_core.environment:checking '/home/saber/robox_ws/install/robox_arm/bin'
[0.980s] Level 1:colcon.colcon_core.environment:checking '/home/saber/robox_ws/install/robox_arm/lib/pkgconfig/robox_arm.pc'
[0.981s] Level 1:colcon.colcon_core.environment:checking '/home/saber/robox_ws/install/robox_arm/lib/python3.12/site-packages'
[0.981s] Level 1:colcon.colcon_core.environment:checking '/home/saber/robox_ws/install/robox_arm/bin'
[0.981s] INFO:colcon.colcon_core.shell:Creating package script '/home/saber/robox_ws/install/robox_arm/share/robox_arm/package.ps1'
[0.982s] INFO:colcon.colcon_core.shell:Creating package descriptor '/home/saber/robox_ws/install/robox_arm/share/robox_arm/package.dsv'
[0.982s] INFO:colcon.colcon_core.shell:Creating package script '/home/saber/robox_ws/install/robox_arm/share/robox_arm/package.sh'
[0.983s] INFO:colcon.colcon_core.shell:Creating package script '/home/saber/robox_ws/install/robox_arm/share/robox_arm/package.bash'
[0.983s] INFO:colcon.colcon_core.shell:Creating package script '/home/saber/robox_ws/install/robox_arm/share/robox_arm/package.zsh'
[0.983s] Level 1:colcon.colcon_core.environment:create_file_with_runtime_dependencies(/home/saber/robox_ws/install/robox_arm/share/colcon-core/packages/robox_arm)
[0.984s] INFO:colcon.colcon_ros.task.ament_cmake.build:Building ROS package in '/home/saber/robox_ws/src/robox_moveit_config' with build type 'ament_cmake'
[0.984s] INFO:colcon.colcon_cmake.task.cmake.build:Building CMake package in '/home/saber/robox_ws/src/robox_moveit_config'
[0.984s] INFO:colcon.colcon_core.shell:Skip shell extension 'powershell' for command environment: Not usable outside of PowerShell
[0.984s] DEBUG:colcon.colcon_core.shell:Skip shell extension 'dsv' for command environment
[0.995s] DEBUG:colcon.colcon_core.event_handler.log_command:Invoking command in '/home/saber/robox_ws/build/robox_moveit_config': CMAKE_PREFIX_PATH=/home/saber/robox_ws/install/robox_arm:/home/saber/robox_ws/install/robox_moveit_config:/home/saber/robox_ws/install/pilz_industrial_motion_planner_testutils:/home/saber/robox_ws/install/moveit_ros_control_interface:/home/saber/robox_ws/install/moveit_plugins:/home/saber/robox_ws/install/moveit_simple_controller_manager:/home/saber/robox_ws/install/moveit_ros_occupancy_map_monitor:/home/saber/robox_ws/install/moveit_resources_prbt_support:/home/saber/robox_ws/install/moveit_resources_prbt_ikfast_manipulator_plugin:/home/saber/robox_ws/install/moveit_planners_stomp:/home/saber/robox_ws/install/moveit_planners_chomp:/home/saber/robox_ws/install/chomp_motion_planner:/home/saber/robox_ws/install/moveit_core:/home/saber/robox_ws/install/moveit_common:/home/saber/robox_ws/install/cube_msgs:/home/saber/robox_ws/install/moveit_configs_utils:/home/saber/robox_ws/install/color_pose_publisher:/home/saber/robox_ws/install/arduinobot_py_examples:/opt/ros/jazzy:/home/saber/robox_ws/install/arduino_arm_hardware_interface:/opt/ros/jazzy/opt/gz_sim_vendor:/opt/ros/jazzy/opt/gz_sensors_vendor:/opt/ros/jazzy/opt/gz_physics_vendor:/opt/ros/jazzy/opt/sdformat_vendor:/opt/ros/jazzy/opt/gz_gui_vendor:/opt/ros/jazzy/opt/gz_transport_vendor:/opt/ros/jazzy/opt/gz_rendering_vendor:/opt/ros/jazzy/opt/gz_plugin_vendor:/opt/ros/jazzy/opt/gz_fuel_tools_vendor:/opt/ros/jazzy/opt/gz_msgs_vendor:/opt/ros/jazzy/opt/gz_common_vendor:/opt/ros/jazzy/opt/gz_math_vendor:/opt/ros/jazzy/opt/gz_utils_vendor:/opt/ros/jazzy/opt/gz_tools_vendor:/opt/ros/jazzy/opt/gz_ogre_next_vendor:/opt/ros/jazzy/opt/gz_dartsim_vendor:/opt/ros/jazzy/opt/gz_cmake_vendor DEBUGINFOD_URLS=https://debuginfod.ubuntu.com /usr/bin/cmake --build /home/saber/robox_ws/build/robox_moveit_config -- -j16 -l16
[1.058s] DEBUG:colcon.colcon_core.event_handler.log_command:Invoked command in '/home/saber/robox_ws/build/robox_moveit_config' returned '0': CMAKE_PREFIX_PATH=/home/saber/robox_ws/install/robox_arm:/home/saber/robox_ws/install/robox_moveit_config:/home/saber/robox_ws/install/pilz_industrial_motion_planner_testutils:/home/saber/robox_ws/install/moveit_ros_control_interface:/home/saber/robox_ws/install/moveit_plugins:/home/saber/robox_ws/install/moveit_simple_controller_manager:/home/saber/robox_ws/install/moveit_ros_occupancy_map_monitor:/home/saber/robox_ws/install/moveit_resources_prbt_support:/home/saber/robox_ws/install/moveit_resources_prbt_ikfast_manipulator_plugin:/home/saber/robox_ws/install/moveit_planners_stomp:/home/saber/robox_ws/install/moveit_planners_chomp:/home/saber/robox_ws/install/chomp_motion_planner:/home/saber/robox_ws/install/moveit_core:/home/saber/robox_ws/install/moveit_common:/home/saber/robox_ws/install/cube_msgs:/home/saber/robox_ws/install/moveit_configs_utils:/home/saber/robox_ws/install/color_pose_publisher:/home/saber/robox_ws/install/arduinobot_py_examples:/opt/ros/jazzy:/home/saber/robox_ws/install/arduino_arm_hardware_interface:/opt/ros/jazzy/opt/gz_sim_vendor:/opt/ros/jazzy/opt/gz_sensors_vendor:/opt/ros/jazzy/opt/gz_physics_vendor:/opt/ros/jazzy/opt/sdformat_vendor:/opt/ros/jazzy/opt/gz_gui_vendor:/opt/ros/jazzy/opt/gz_transport_vendor:/opt/ros/jazzy/opt/gz_rendering_vendor:/opt/ros/jazzy/opt/gz_plugin_vendor:/opt/ros/jazzy/opt/gz_fuel_tools_vendor:/opt/ros/jazzy/opt/gz_msgs_vendor:/opt/ros/jazzy/opt/gz_common_vendor:/opt/ros/jazzy/opt/gz_math_vendor:/opt/ros/jazzy/opt/gz_utils_vendor:/opt/ros/jazzy/opt/gz_tools_vendor:/opt/ros/jazzy/opt/gz_ogre_next_vendor:/opt/ros/jazzy/opt/gz_dartsim_vendor:/opt/ros/jazzy/opt/gz_cmake_vendor DEBUGINFOD_URLS=https://debuginfod.ubuntu.com /usr/bin/cmake --build /home/saber/robox_ws/build/robox_moveit_config -- -j16 -l16
[1.060s] DEBUG:colcon.colcon_core.event_handler.log_command:Invoking command in '/home/saber/robox_ws/build/robox_moveit_config': CMAKE_PREFIX_PATH=/home/saber/robox_ws/install/robox_arm:/home/saber/robox_ws/install/robox_moveit_config:/home/saber/robox_ws/install/pilz_industrial_motion_planner_testutils:/home/saber/robox_ws/install/moveit_ros_control_interface:/home/saber/robox_ws/install/moveit_plugins:/home/saber/robox_ws/install/moveit_simple_controller_manager:/home/saber/robox_ws/install/moveit_ros_occupancy_map_monitor:/home/saber/robox_ws/install/moveit_resources_prbt_support:/home/saber/robox_ws/install/moveit_resources_prbt_ikfast_manipulator_plugin:/home/saber/robox_ws/install/moveit_planners_stomp:/home/saber/robox_ws/install/moveit_planners_chomp:/home/saber/robox_ws/install/chomp_motion_planner:/home/saber/robox_ws/install/moveit_core:/home/saber/robox_ws/install/moveit_common:/home/saber/robox_ws/install/cube_msgs:/home/saber/robox_ws/install/moveit_configs_utils:/home/saber/robox_ws/install/color_pose_publisher:/home/saber/robox_ws/install/arduinobot_py_examples:/opt/ros/jazzy:/home/saber/robox_ws/install/arduino_arm_hardware_interface:/opt/ros/jazzy/opt/gz_sim_vendor:/opt/ros/jazzy/opt/gz_sensors_vendor:/opt/ros/jazzy/opt/gz_physics_vendor:/opt/ros/jazzy/opt/sdformat_vendor:/opt/ros/jazzy/opt/gz_gui_vendor:/opt/ros/jazzy/opt/gz_transport_vendor:/opt/ros/jazzy/opt/gz_rendering_vendor:/opt/ros/jazzy/opt/gz_plugin_vendor:/opt/ros/jazzy/opt/gz_fuel_tools_vendor:/opt/ros/jazzy/opt/gz_msgs_vendor:/opt/ros/jazzy/opt/gz_common_vendor:/opt/ros/jazzy/opt/gz_math_vendor:/opt/ros/jazzy/opt/gz_utils_vendor:/opt/ros/jazzy/opt/gz_tools_vendor:/opt/ros/jazzy/opt/gz_ogre_next_vendor:/opt/ros/jazzy/opt/gz_dartsim_vendor:/opt/ros/jazzy/opt/gz_cmake_vendor DEBUGINFOD_URLS=https://debuginfod.ubuntu.com /usr/bin/cmake --install /home/saber/robox_ws/build/robox_moveit_config
[1.085s] Level 1:colcon.colcon_core.environment:create_environment_scripts_only(robox_moveit_config)
[1.086s] Level 1:colcon.colcon_core.environment:checking '/home/saber/robox_ws/install/robox_moveit_config' for CMake module files
[1.086s] DEBUG:colcon.colcon_core.event_handler.log_command:Invoked command in '/home/saber/robox_ws/build/robox_moveit_config' returned '0': CMAKE_PREFIX_PATH=/home/saber/robox_ws/install/robox_arm:/home/saber/robox_ws/install/robox_moveit_config:/home/saber/robox_ws/install/pilz_industrial_motion_planner_testutils:/home/saber/robox_ws/install/moveit_ros_control_interface:/home/saber/robox_ws/install/moveit_plugins:/home/saber/robox_ws/install/moveit_simple_controller_manager:/home/saber/robox_ws/install/moveit_ros_occupancy_map_monitor:/home/saber/robox_ws/install/moveit_resources_prbt_support:/home/saber/robox_ws/install/moveit_resources_prbt_ikfast_manipulator_plugin:/home/saber/robox_ws/install/moveit_planners_stomp:/home/saber/robox_ws/install/moveit_planners_chomp:/home/saber/robox_ws/install/chomp_motion_planner:/home/saber/robox_ws/install/moveit_core:/home/saber/robox_ws/install/moveit_common:/home/saber/robox_ws/install/cube_msgs:/home/saber/robox_ws/install/moveit_configs_utils:/home/saber/robox_ws/install/color_pose_publisher:/home/saber/robox_ws/install/arduinobot_py_examples:/opt/ros/jazzy:/home/saber/robox_ws/install/arduino_arm_hardware_interface:/opt/ros/jazzy/opt/gz_sim_vendor:/opt/ros/jazzy/opt/gz_sensors_vendor:/opt/ros/jazzy/opt/gz_physics_vendor:/opt/ros/jazzy/opt/sdformat_vendor:/opt/ros/jazzy/opt/gz_gui_vendor:/opt/ros/jazzy/opt/gz_transport_vendor:/opt/ros/jazzy/opt/gz_rendering_vendor:/opt/ros/jazzy/opt/gz_plugin_vendor:/opt/ros/jazzy/opt/gz_fuel_tools_vendor:/opt/ros/jazzy/opt/gz_msgs_vendor:/opt/ros/jazzy/opt/gz_common_vendor:/opt/ros/jazzy/opt/gz_math_vendor:/opt/ros/jazzy/opt/gz_utils_vendor:/opt/ros/jazzy/opt/gz_tools_vendor:/opt/ros/jazzy/opt/gz_ogre_next_vendor:/opt/ros/jazzy/opt/gz_dartsim_vendor:/opt/ros/jazzy/opt/gz_cmake_vendor DEBUGINFOD_URLS=https://debuginfod.ubuntu.com /usr/bin/cmake --install /home/saber/robox_ws/build/robox_moveit_config
[1.087s] Level 1:colcon.colcon_core.environment:checking '/home/saber/robox_ws/install/robox_moveit_config' for CMake config files
[1.087s] Level 1:colcon.colcon_core.shell:create_environment_hook('robox_moveit_config', 'cmake_prefix_path')
[1.087s] INFO:colcon.colcon_core.shell:Creating environment hook '/home/saber/robox_ws/install/robox_moveit_config/share/robox_moveit_config/hook/cmake_prefix_path.ps1'
[1.088s] INFO:colcon.colcon_core.shell:Creating environment descriptor '/home/saber/robox_ws/install/robox_moveit_config/share/robox_moveit_config/hook/cmake_prefix_path.dsv'
[1.088s] INFO:colcon.colcon_core.shell:Creating environment hook '/home/saber/robox_ws/install/robox_moveit_config/share/robox_moveit_config/hook/cmake_prefix_path.sh'
[1.088s] Level 1:colcon.colcon_core.environment:checking '/home/saber/robox_ws/install/robox_moveit_config/bin'
[1.088s] Level 1:colcon.colcon_core.environment:checking '/home/saber/robox_ws/install/robox_moveit_config/lib/pkgconfig/robox_moveit_config.pc'
[1.089s] Level 1:colcon.colcon_core.environment:checking '/home/saber/robox_ws/install/robox_moveit_config/lib/python3.12/site-packages'
[1.089s] Level 1:colcon.colcon_core.environment:checking '/home/saber/robox_ws/install/robox_moveit_config/bin'
[1.089s] INFO:colcon.colcon_core.shell:Creating package script '/home/saber/robox_ws/install/robox_moveit_config/share/robox_moveit_config/package.ps1'
[1.089s] INFO:colcon.colcon_core.shell:Creating package descriptor '/home/saber/robox_ws/install/robox_moveit_config/share/robox_moveit_config/package.dsv'
[1.090s] INFO:colcon.colcon_core.shell:Creating package script '/home/saber/robox_ws/install/robox_moveit_config/share/robox_moveit_config/package.sh'
[1.090s] INFO:colcon.colcon_core.shell:Creating package script '/home/saber/robox_ws/install/robox_moveit_config/share/robox_moveit_config/package.bash'
[1.090s] INFO:colcon.colcon_core.shell:Creating package script '/home/saber/robox_ws/install/robox_moveit_config/share/robox_moveit_config/package.zsh'
[1.091s] Level 1:colcon.colcon_core.environment:create_file_with_runtime_dependencies(/home/saber/robox_ws/install/robox_moveit_config/share/colcon-core/packages/robox_moveit_config)
[1.091s] Level 1:colcon.colcon_core.environment:create_environment_scripts_only(robox_moveit_config)
[1.092s] Level 1:colcon.colcon_core.environment:checking '/home/saber/robox_ws/install/robox_moveit_config' for CMake module files
[1.092s] Level 1:colcon.colcon_core.environment:checking '/home/saber/robox_ws/install/robox_moveit_config' for CMake config files
[1.092s] Level 1:colcon.colcon_core.shell:create_environment_hook('robox_moveit_config', 'cmake_prefix_path')
[1.092s] INFO:colcon.colcon_core.shell:Creating environment hook '/home/saber/robox_ws/install/robox_moveit_config/share/robox_moveit_config/hook/cmake_prefix_path.ps1'
[1.093s] INFO:colcon.colcon_core.shell:Creating environment descriptor '/home/saber/robox_ws/install/robox_moveit_config/share/robox_moveit_config/hook/cmake_prefix_path.dsv'
[1.093s] INFO:colcon.colcon_core.shell:Creating environment hook '/home/saber/robox_ws/install/robox_moveit_config/share/robox_moveit_config/hook/cmake_prefix_path.sh'
[1.093s] Level 1:colcon.colcon_core.environment:checking '/home/saber/robox_ws/install/robox_moveit_config/bin'
[1.093s] Level 1:colcon.colcon_core.environment:checking '/home/saber/robox_ws/install/robox_moveit_config/lib/pkgconfig/robox_moveit_config.pc'
[1.094s] Level 1:colcon.colcon_core.environment:checking '/home/saber/robox_ws/install/robox_moveit_config/lib/python3.12/site-packages'
[1.094s] Level 1:colcon.colcon_core.environment:checking '/home/saber/robox_ws/install/robox_moveit_config/bin'
[1.094s] INFO:colcon.colcon_core.shell:Creating package script '/home/saber/robox_ws/install/robox_moveit_config/share/robox_moveit_config/package.ps1'
[1.094s] INFO:colcon.colcon_core.shell:Creating package descriptor '/home/saber/robox_ws/install/robox_moveit_config/share/robox_moveit_config/package.dsv'
[1.095s] INFO:colcon.colcon_core.shell:Creating package script '/home/saber/robox_ws/install/robox_moveit_config/share/robox_moveit_config/package.sh'
[1.095s] INFO:colcon.colcon_core.shell:Creating package script '/home/saber/robox_ws/install/robox_moveit_config/share/robox_moveit_config/package.bash'
[1.095s] INFO:colcon.colcon_core.shell:Creating package script '/home/saber/robox_ws/install/robox_moveit_config/share/robox_moveit_config/package.zsh'
[1.096s] Level 1:colcon.colcon_core.environment:create_file_with_runtime_dependencies(/home/saber/robox_ws/install/robox_moveit_config/share/colcon-core/packages/robox_moveit_config)
[1.466s] DEBUG:colcon.colcon_core.event_handler.log_command:Invoked command in '/home/saber/robox_ws/build/cube_msgs' returned '0': CMAKE_PREFIX_PATH=/home/saber/robox_ws/install/robox_moveit_config:/home/saber/robox_ws/install/robox_arm:/home/saber/robox_ws/install/pilz_industrial_motion_planner_testutils:/home/saber/robox_ws/install/moveit_ros_control_interface:/home/saber/robox_ws/install/moveit_plugins:/home/saber/robox_ws/install/moveit_simple_controller_manager:/home/saber/robox_ws/install/moveit_ros_occupancy_map_monitor:/home/saber/robox_ws/install/moveit_resources_prbt_support:/home/saber/robox_ws/install/moveit_resources_prbt_ikfast_manipulator_plugin:/home/saber/robox_ws/install/moveit_planners_stomp:/home/saber/robox_ws/install/moveit_planners_chomp:/home/saber/robox_ws/install/chomp_motion_planner:/home/saber/robox_ws/install/moveit_core:/home/saber/robox_ws/install/moveit_common:/home/saber/robox_ws/install/cube_msgs:/home/saber/robox_ws/install/moveit_configs_utils:/home/saber/robox_ws/install/color_pose_publisher:/home/saber/robox_ws/install/arduinobot_py_examples:/opt/ros/jazzy:/home/saber/robox_ws/install/arduino_arm_hardware_interface:/opt/ros/jazzy/opt/gz_sim_vendor:/opt/ros/jazzy/opt/gz_sensors_vendor:/opt/ros/jazzy/opt/gz_physics_vendor:/opt/ros/jazzy/opt/sdformat_vendor:/opt/ros/jazzy/opt/gz_gui_vendor:/opt/ros/jazzy/opt/gz_transport_vendor:/opt/ros/jazzy/opt/gz_rendering_vendor:/opt/ros/jazzy/opt/gz_plugin_vendor:/opt/ros/jazzy/opt/gz_fuel_tools_vendor:/opt/ros/jazzy/opt/gz_msgs_vendor:/opt/ros/jazzy/opt/gz_common_vendor:/opt/ros/jazzy/opt/gz_math_vendor:/opt/ros/jazzy/opt/gz_utils_vendor:/opt/ros/jazzy/opt/gz_tools_vendor:/opt/ros/jazzy/opt/gz_ogre_next_vendor:/opt/ros/jazzy/opt/gz_dartsim_vendor:/opt/ros/jazzy/opt/gz_cmake_vendor DEBUGINFOD_URLS=https://debuginfod.ubuntu.com /usr/bin/cmake --build /home/saber/robox_ws/build/cube_msgs -- -j16 -l16
[1.470s] DEBUG:colcon.colcon_core.event_handler.log_command:Invoking command in '/home/saber/robox_ws/build/cube_msgs': CMAKE_PREFIX_PATH=/home/saber/robox_ws/install/robox_moveit_config:/home/saber/robox_ws/install/robox_arm:/home/saber/robox_ws/install/pilz_industrial_motion_planner_testutils:/home/saber/robox_ws/install/moveit_ros_control_interface:/home/saber/robox_ws/install/moveit_plugins:/home/saber/robox_ws/install/moveit_simple_controller_manager:/home/saber/robox_ws/install/moveit_ros_occupancy_map_monitor:/home/saber/robox_ws/install/moveit_resources_prbt_support:/home/saber/robox_ws/install/moveit_resources_prbt_ikfast_manipulator_plugin:/home/saber/robox_ws/install/moveit_planners_stomp:/home/saber/robox_ws/install/moveit_planners_chomp:/home/saber/robox_ws/install/chomp_motion_planner:/home/saber/robox_ws/install/moveit_core:/home/saber/robox_ws/install/moveit_common:/home/saber/robox_ws/install/cube_msgs:/home/saber/robox_ws/install/moveit_configs_utils:/home/saber/robox_ws/install/color_pose_publisher:/home/saber/robox_ws/install/arduinobot_py_examples:/opt/ros/jazzy:/home/saber/robox_ws/install/arduino_arm_hardware_interface:/opt/ros/jazzy/opt/gz_sim_vendor:/opt/ros/jazzy/opt/gz_sensors_vendor:/opt/ros/jazzy/opt/gz_physics_vendor:/opt/ros/jazzy/opt/sdformat_vendor:/opt/ros/jazzy/opt/gz_gui_vendor:/opt/ros/jazzy/opt/gz_transport_vendor:/opt/ros/jazzy/opt/gz_rendering_vendor:/opt/ros/jazzy/opt/gz_plugin_vendor:/opt/ros/jazzy/opt/gz_fuel_tools_vendor:/opt/ros/jazzy/opt/gz_msgs_vendor:/opt/ros/jazzy/opt/gz_common_vendor:/opt/ros/jazzy/opt/gz_math_vendor:/opt/ros/jazzy/opt/gz_utils_vendor:/opt/ros/jazzy/opt/gz_tools_vendor:/opt/ros/jazzy/opt/gz_ogre_next_vendor:/opt/ros/jazzy/opt/gz_dartsim_vendor:/opt/ros/jazzy/opt/gz_cmake_vendor DEBUGINFOD_URLS=https://debuginfod.ubuntu.com /usr/bin/cmake --install /home/saber/robox_ws/build/cube_msgs
[1.536s] Level 1:colcon.colcon_core.environment:create_environment_scripts_only(cube_msgs)
[1.536s] Level 1:colcon.colcon_core.environment:checking '/home/saber/robox_ws/install/cube_msgs' for CMake module files
[1.537s] DEBUG:colcon.colcon_core.event_handler.log_command:Invoked command in '/home/saber/robox_ws/build/cube_msgs' returned '0': CMAKE_PREFIX_PATH=/home/saber/robox_ws/install/robox_moveit_config:/home/saber/robox_ws/install/robox_arm:/home/saber/robox_ws/install/pilz_industrial_motion_planner_testutils:/home/saber/robox_ws/install/moveit_ros_control_interface:/home/saber/robox_ws/install/moveit_plugins:/home/saber/robox_ws/install/moveit_simple_controller_manager:/home/saber/robox_ws/install/moveit_ros_occupancy_map_monitor:/home/saber/robox_ws/install/moveit_resources_prbt_support:/home/saber/robox_ws/install/moveit_resources_prbt_ikfast_manipulator_plugin:/home/saber/robox_ws/install/moveit_planners_stomp:/home/saber/robox_ws/install/moveit_planners_chomp:/home/saber/robox_ws/install/chomp_motion_planner:/home/saber/robox_ws/install/moveit_core:/home/saber/robox_ws/install/moveit_common:/home/saber/robox_ws/install/cube_msgs:/home/saber/robox_ws/install/moveit_configs_utils:/home/saber/robox_ws/install/color_pose_publisher:/home/saber/robox_ws/install/arduinobot_py_examples:/opt/ros/jazzy:/home/saber/robox_ws/install/arduino_arm_hardware_interface:/opt/ros/jazzy/opt/gz_sim_vendor:/opt/ros/jazzy/opt/gz_sensors_vendor:/opt/ros/jazzy/opt/gz_physics_vendor:/opt/ros/jazzy/opt/sdformat_vendor:/opt/ros/jazzy/opt/gz_gui_vendor:/opt/ros/jazzy/opt/gz_transport_vendor:/opt/ros/jazzy/opt/gz_rendering_vendor:/opt/ros/jazzy/opt/gz_plugin_vendor:/opt/ros/jazzy/opt/gz_fuel_tools_vendor:/opt/ros/jazzy/opt/gz_msgs_vendor:/opt/ros/jazzy/opt/gz_common_vendor:/opt/ros/jazzy/opt/gz_math_vendor:/opt/ros/jazzy/opt/gz_utils_vendor:/opt/ros/jazzy/opt/gz_tools_vendor:/opt/ros/jazzy/opt/gz_ogre_next_vendor:/opt/ros/jazzy/opt/gz_dartsim_vendor:/opt/ros/jazzy/opt/gz_cmake_vendor DEBUGINFOD_URLS=https://debuginfod.ubuntu.com /usr/bin/cmake --install /home/saber/robox_ws/build/cube_msgs
[1.537s] Level 1:colcon.colcon_core.environment:checking '/home/saber/robox_ws/install/cube_msgs' for CMake config files
[1.538s] Level 1:colcon.colcon_core.shell:create_environment_hook('cube_msgs', 'cmake_prefix_path')
[1.538s] INFO:colcon.colcon_core.shell:Creating environment hook '/home/saber/robox_ws/install/cube_msgs/share/cube_msgs/hook/cmake_prefix_path.ps1'
[1.538s] INFO:colcon.colcon_core.shell:Creating environment descriptor '/home/saber/robox_ws/install/cube_msgs/share/cube_msgs/hook/cmake_prefix_path.dsv'
[1.538s] INFO:colcon.colcon_core.shell:Creating environment hook '/home/saber/robox_ws/install/cube_msgs/share/cube_msgs/hook/cmake_prefix_path.sh'
[1.539s] Level 1:colcon.colcon_core.environment:checking '/home/saber/robox_ws/install/cube_msgs/lib'
[1.539s] Level 1:colcon.colcon_core.shell:create_environment_hook('cube_msgs', 'ld_library_path_lib')
[1.539s] INFO:colcon.colcon_core.shell:Creating environment hook '/home/saber/robox_ws/install/cube_msgs/share/cube_msgs/hook/ld_library_path_lib.ps1'
[1.539s] INFO:colcon.colcon_core.shell:Creating environment descriptor '/home/saber/robox_ws/install/cube_msgs/share/cube_msgs/hook/ld_library_path_lib.dsv'
[1.540s] INFO:colcon.colcon_core.shell:Creating environment hook '/home/saber/robox_ws/install/cube_msgs/share/cube_msgs/hook/ld_library_path_lib.sh'
[1.540s] Level 1:colcon.colcon_core.environment:checking '/home/saber/robox_ws/install/cube_msgs/bin'
[1.540s] Level 1:colcon.colcon_core.environment:checking '/home/saber/robox_ws/install/cube_msgs/lib/pkgconfig/cube_msgs.pc'
[1.540s] Level 1:colcon.colcon_core.environment:checking '/home/saber/robox_ws/install/cube_msgs/lib/python3.12/site-packages'
[1.540s] Level 1:colcon.colcon_core.shell:create_environment_hook('cube_msgs', 'pythonpath')
[1.540s] INFO:colcon.colcon_core.shell:Creating environment hook '/home/saber/robox_ws/install/cube_msgs/share/cube_msgs/hook/pythonpath.ps1'
[1.541s] INFO:colcon.colcon_core.shell:Creating environment descriptor '/home/saber/robox_ws/install/cube_msgs/share/cube_msgs/hook/pythonpath.dsv'
[1.541s] INFO:colcon.colcon_core.shell:Creating environment hook '/home/saber/robox_ws/install/cube_msgs/share/cube_msgs/hook/pythonpath.sh'
[1.541s] Level 1:colcon.colcon_core.environment:checking '/home/saber/robox_ws/install/cube_msgs/bin'
[1.541s] INFO:colcon.colcon_core.shell:Creating package script '/home/saber/robox_ws/install/cube_msgs/share/cube_msgs/package.ps1'
[1.542s] INFO:colcon.colcon_core.shell:Creating package descriptor '/home/saber/robox_ws/install/cube_msgs/share/cube_msgs/package.dsv'
[1.542s] INFO:colcon.colcon_core.shell:Creating package script '/home/saber/robox_ws/install/cube_msgs/share/cube_msgs/package.sh'
[1.543s] INFO:colcon.colcon_core.shell:Creating package script '/home/saber/robox_ws/install/cube_msgs/share/cube_msgs/package.bash'
[1.543s] INFO:colcon.colcon_core.shell:Creating package script '/home/saber/robox_ws/install/cube_msgs/share/cube_msgs/package.zsh'
[1.543s] Level 1:colcon.colcon_core.environment:create_file_with_runtime_dependencies(/home/saber/robox_ws/install/cube_msgs/share/colcon-core/packages/cube_msgs)
[1.544s] Level 1:colcon.colcon_core.environment:create_environment_scripts_only(cube_msgs)
[1.544s] Level 1:colcon.colcon_core.environment:checking '/home/saber/robox_ws/install/cube_msgs' for CMake module files
[1.544s] Level 1:colcon.colcon_core.environment:checking '/home/saber/robox_ws/install/cube_msgs' for CMake config files
[1.545s] Level 1:colcon.colcon_core.shell:create_environment_hook('cube_msgs', 'cmake_prefix_path')
[1.545s] INFO:colcon.colcon_core.shell:Creating environment hook '/home/saber/robox_ws/install/cube_msgs/share/cube_msgs/hook/cmake_prefix_path.ps1'
[1.545s] INFO:colcon.colcon_core.shell:Creating environment descriptor '/home/saber/robox_ws/install/cube_msgs/share/cube_msgs/hook/cmake_prefix_path.dsv'
[1.545s] INFO:colcon.colcon_core.shell:Creating environment hook '/home/saber/robox_ws/install/cube_msgs/share/cube_msgs/hook/cmake_prefix_path.sh'
[1.546s] Level 1:colcon.colcon_core.environment:checking '/home/saber/robox_ws/install/cube_msgs/lib'
[1.546s] Level 1:colcon.colcon_core.shell:create_environment_hook('cube_msgs', 'ld_library_path_lib')
[1.546s] INFO:colcon.colcon_core.shell:Creating environment hook '/home/saber/robox_ws/install/cube_msgs/share/cube_msgs/hook/ld_library_path_lib.ps1'
[1.546s] INFO:colcon.colcon_core.shell:Creating environment descriptor '/home/saber/robox_ws/install/cube_msgs/share/cube_msgs/hook/ld_library_path_lib.dsv'
[1.546s] INFO:colcon.colcon_core.shell:Creating environment hook '/home/saber/robox_ws/install/cube_msgs/share/cube_msgs/hook/ld_library_path_lib.sh'
[1.547s] Level 1:colcon.colcon_core.environment:checking '/home/saber/robox_ws/install/cube_msgs/bin'
[1.547s] Level 1:colcon.colcon_core.environment:checking '/home/saber/robox_ws/install/cube_msgs/lib/pkgconfig/cube_msgs.pc'
[1.547s] Level 1:colcon.colcon_core.environment:checking '/home/saber/robox_ws/install/cube_msgs/lib/python3.12/site-packages'
[1.547s] Level 1:colcon.colcon_core.shell:create_environment_hook('cube_msgs', 'pythonpath')
[1.547s] INFO:colcon.colcon_core.shell:Creating environment hook '/home/saber/robox_ws/install/cube_msgs/share/cube_msgs/hook/pythonpath.ps1'
[1.548s] INFO:colcon.colcon_core.shell:Creating environment descriptor '/home/saber/robox_ws/install/cube_msgs/share/cube_msgs/hook/pythonpath.dsv'
[1.548s] INFO:colcon.colcon_core.shell:Creating environment hook '/home/saber/robox_ws/install/cube_msgs/share/cube_msgs/hook/pythonpath.sh'
[1.548s] Level 1:colcon.colcon_core.environment:checking '/home/saber/robox_ws/install/cube_msgs/bin'
[1.548s] INFO:colcon.colcon_core.shell:Creating package script '/home/saber/robox_ws/install/cube_msgs/share/cube_msgs/package.ps1'
[1.549s] INFO:colcon.colcon_core.shell:Creating package descriptor '/home/saber/robox_ws/install/cube_msgs/share/cube_msgs/package.dsv'
[1.549s] INFO:colcon.colcon_core.shell:Creating package script '/home/saber/robox_ws/install/cube_msgs/share/cube_msgs/package.sh'
[1.550s] INFO:colcon.colcon_core.shell:Creating package script '/home/saber/robox_ws/install/cube_msgs/share/cube_msgs/package.bash'
[1.550s] INFO:colcon.colcon_core.shell:Creating package script '/home/saber/robox_ws/install/cube_msgs/share/cube_msgs/package.zsh'
[1.550s] Level 1:colcon.colcon_core.environment:create_file_with_runtime_dependencies(/home/saber/robox_ws/install/cube_msgs/share/colcon-core/packages/cube_msgs)
[1.777s] DEBUG:colcon.colcon_core.event_handler.log_command:Invoking command in '/home/saber/robox_ws/src/color_pose_publisher': DEBUGINFOD_URLS=https://debuginfod.ubuntu.com PYTHONPATH=/home/saber/robox_ws/build/color_pose_publisher/prefix_override:/usr/lib/python3/dist-packages/colcon_core/task/python/colcon_distutils_commands:/home/saber/robox_ws/install/color_pose_publisher/lib/python3.12/site-packages:${PYTHONPATH} /usr/bin/python3 -W ignore:setup.py install is deprecated -W ignore:easy_install command is deprecated setup.py egg_info --egg-base ../../build/color_pose_publisher build --build-base /home/saber/robox_ws/build/color_pose_publisher/build install --record /home/saber/robox_ws/build/color_pose_publisher/install.log --single-version-externally-managed install_data
[1.780s] DEBUG:colcon.colcon_core.event_handler.log_command:Invoking command in '/home/saber/robox_ws/src/arduinobot_py_examples': DEBUGINFOD_URLS=https://debuginfod.ubuntu.com PYTHONPATH=/home/saber/robox_ws/build/arduinobot_py_examples/prefix_override:/usr/lib/python3/dist-packages/colcon_core/task/python/colcon_distutils_commands:/home/saber/robox_ws/install/arduinobot_py_examples/lib/python3.12/site-packages:${PYTHONPATH} /usr/bin/python3 -W ignore:setup.py install is deprecated -W ignore:easy_install command is deprecated setup.py egg_info --egg-base ../../build/arduinobot_py_examples build --build-base /home/saber/robox_ws/build/arduinobot_py_examples/build install --record /home/saber/robox_ws/build/arduinobot_py_examples/install.log --single-version-externally-managed install_data
[2.526s] Level 1:colcon.colcon_core.environment:checking '/home/saber/robox_ws/install/color_pose_publisher' for CMake module files
[2.527s] DEBUG:colcon.colcon_core.event_handler.log_command:Invoked command in '/home/saber/robox_ws/src/color_pose_publisher' returned '0': DEBUGINFOD_URLS=https://debuginfod.ubuntu.com PYTHONPATH=/home/saber/robox_ws/build/color_pose_publisher/prefix_override:/usr/lib/python3/dist-packages/colcon_core/task/python/colcon_distutils_commands:/home/saber/robox_ws/install/color_pose_publisher/lib/python3.12/site-packages:${PYTHONPATH} /usr/bin/python3 -W ignore:setup.py install is deprecated -W ignore:easy_install command is deprecated setup.py egg_info --egg-base ../../build/color_pose_publisher build --build-base /home/saber/robox_ws/build/color_pose_publisher/build install --record /home/saber/robox_ws/build/color_pose_publisher/install.log --single-version-externally-managed install_data
[2.527s] Level 1:colcon.colcon_core.environment:checking '/home/saber/robox_ws/install/color_pose_publisher' for CMake config files
[2.528s] Level 1:colcon.colcon_core.environment:checking '/home/saber/robox_ws/install/color_pose_publisher/lib'
[2.528s] Level 1:colcon.colcon_core.environment:checking '/home/saber/robox_ws/install/color_pose_publisher/bin'
[2.528s] Level 1:colcon.colcon_core.environment:checking '/home/saber/robox_ws/install/color_pose_publisher/lib/pkgconfig/color_pose_publisher.pc'
[2.528s] Level 1:colcon.colcon_core.environment:checking '/home/saber/robox_ws/install/color_pose_publisher/lib/python3.12/site-packages'
[2.528s] Level 1:colcon.colcon_core.shell:create_environment_hook('color_pose_publisher', 'pythonpath')
[2.528s] INFO:colcon.colcon_core.shell:Creating environment hook '/home/saber/robox_ws/install/color_pose_publisher/share/color_pose_publisher/hook/pythonpath.ps1'
[2.529s] INFO:colcon.colcon_core.shell:Creating environment descriptor '/home/saber/robox_ws/install/color_pose_publisher/share/color_pose_publisher/hook/pythonpath.dsv'
[2.529s] INFO:colcon.colcon_core.shell:Creating environment hook '/home/saber/robox_ws/install/color_pose_publisher/share/color_pose_publisher/hook/pythonpath.sh'
[2.530s] Level 1:colcon.colcon_core.environment:checking '/home/saber/robox_ws/install/color_pose_publisher/bin'
[2.530s] Level 1:colcon.colcon_core.environment:create_environment_scripts_only(color_pose_publisher)
[2.530s] INFO:colcon.colcon_core.shell:Creating package script '/home/saber/robox_ws/install/color_pose_publisher/share/color_pose_publisher/package.ps1'
[2.530s] INFO:colcon.colcon_core.shell:Creating package descriptor '/home/saber/robox_ws/install/color_pose_publisher/share/color_pose_publisher/package.dsv'
[2.532s] INFO:colcon.colcon_core.shell:Creating package script '/home/saber/robox_ws/install/color_pose_publisher/share/color_pose_publisher/package.sh'
[2.532s] INFO:colcon.colcon_core.shell:Creating package script '/home/saber/robox_ws/install/color_pose_publisher/share/color_pose_publisher/package.bash'
[2.533s] INFO:colcon.colcon_core.shell:Creating package script '/home/saber/robox_ws/install/color_pose_publisher/share/color_pose_publisher/package.zsh'
[2.533s] Level 1:colcon.colcon_core.environment:create_file_with_runtime_dependencies(/home/saber/robox_ws/install/color_pose_publisher/share/colcon-core/packages/color_pose_publisher)
[2.542s] Level 1:colcon.colcon_core.environment:checking '/home/saber/robox_ws/install/arduinobot_py_examples' for CMake module files
[2.543s] DEBUG:colcon.colcon_core.event_handler.log_command:Invoked command in '/home/saber/robox_ws/src/arduinobot_py_examples' returned '0': DEBUGINFOD_URLS=https://debuginfod.ubuntu.com PYTHONPATH=/home/saber/robox_ws/build/arduinobot_py_examples/prefix_override:/usr/lib/python3/dist-packages/colcon_core/task/python/colcon_distutils_commands:/home/saber/robox_ws/install/arduinobot_py_examples/lib/python3.12/site-packages:${PYTHONPATH} /usr/bin/python3 -W ignore:setup.py install is deprecated -W ignore:easy_install command is deprecated setup.py egg_info --egg-base ../../build/arduinobot_py_examples build --build-base /home/saber/robox_ws/build/arduinobot_py_examples/build install --record /home/saber/robox_ws/build/arduinobot_py_examples/install.log --single-version-externally-managed install_data
[2.543s] Level 1:colcon.colcon_core.environment:checking '/home/saber/robox_ws/install/arduinobot_py_examples' for CMake config files
[2.543s] Level 1:colcon.colcon_core.environment:checking '/home/saber/robox_ws/install/arduinobot_py_examples/lib'
[2.543s] Level 1:colcon.colcon_core.environment:checking '/home/saber/robox_ws/install/arduinobot_py_examples/bin'
[2.544s] Level 1:colcon.colcon_core.environment:checking '/home/saber/robox_ws/install/arduinobot_py_examples/lib/pkgconfig/arduinobot_py_examples.pc'
[2.544s] Level 1:colcon.colcon_core.environment:checking '/home/saber/robox_ws/install/arduinobot_py_examples/lib/python3.12/site-packages'
[2.544s] Level 1:colcon.colcon_core.shell:create_environment_hook('arduinobot_py_examples', 'pythonpath')
[2.544s] INFO:colcon.colcon_core.shell:Creating environment hook '/home/saber/robox_ws/install/arduinobot_py_examples/share/arduinobot_py_examples/hook/pythonpath.ps1'
[2.544s] INFO:colcon.colcon_core.shell:Creating environment descriptor '/home/saber/robox_ws/install/arduinobot_py_examples/share/arduinobot_py_examples/hook/pythonpath.dsv'
[2.545s] INFO:colcon.colcon_core.shell:Creating environment hook '/home/saber/robox_ws/install/arduinobot_py_examples/share/arduinobot_py_examples/hook/pythonpath.sh'
[2.545s] Level 1:colcon.colcon_core.environment:checking '/home/saber/robox_ws/install/arduinobot_py_examples/bin'
[2.545s] Level 1:colcon.colcon_core.environment:create_environment_scripts_only(arduinobot_py_examples)
[2.545s] INFO:colcon.colcon_core.shell:Creating package script '/home/saber/robox_ws/install/arduinobot_py_examples/share/arduinobot_py_examples/package.ps1'
[2.546s] INFO:colcon.colcon_core.shell:Creating package descriptor '/home/saber/robox_ws/install/arduinobot_py_examples/share/arduinobot_py_examples/package.dsv'
[2.546s] INFO:colcon.colcon_core.shell:Creating package script '/home/saber/robox_ws/install/arduinobot_py_examples/share/arduinobot_py_examples/package.sh'
[2.547s] INFO:colcon.colcon_core.shell:Creating package script '/home/saber/robox_ws/install/arduinobot_py_examples/share/arduinobot_py_examples/package.bash'
[2.547s] INFO:colcon.colcon_core.shell:Creating package script '/home/saber/robox_ws/install/arduinobot_py_examples/share/arduinobot_py_examples/package.zsh'
[2.547s] Level 1:colcon.colcon_core.environment:create_file_with_runtime_dependencies(/home/saber/robox_ws/install/arduinobot_py_examples/share/colcon-core/packages/arduinobot_py_examples)
[2.548s] DEBUG:colcon.colcon_parallel_executor.executor.parallel:closing loop
[2.548s] DEBUG:colcon.colcon_parallel_executor.executor.parallel:loop closed
[2.548s] DEBUG:colcon.colcon_parallel_executor.executor.parallel:run_until_complete finished with '0'
[2.548s] DEBUG:colcon.colcon_core.event_reactor:joining thread
[2.558s] INFO:colcon.colcon_core.plugin_system:Skipping extension 'colcon_notification.desktop_notification.terminal_notifier': Not used on non-Darwin systems
[2.558s] INFO:colcon.colcon_core.plugin_system:Skipping extension 'colcon_notification.desktop_notification.win32': Not used on non-Windows systems
[2.558s] INFO:colcon.colcon_notification.desktop_notification:Sending desktop notification using 'notify2'
[2.571s] DEBUG:colcon.colcon_core.event_reactor:joined thread
[2.571s] INFO:colcon.colcon_core.shell:Creating prefix script '/home/saber/robox_ws/install/local_setup.ps1'
[2.573s] INFO:colcon.colcon_core.shell:Creating prefix util module '/home/saber/robox_ws/install/_local_setup_util_ps1.py'
[2.574s] INFO:colcon.colcon_core.shell:Creating prefix chain script '/home/saber/robox_ws/install/setup.ps1'
[2.577s] INFO:colcon.colcon_core.shell:Creating prefix script '/home/saber/robox_ws/install/local_setup.sh'
[2.577s] INFO:colcon.colcon_core.shell:Creating prefix util module '/home/saber/robox_ws/install/_local_setup_util_sh.py'
[2.578s] INFO:colcon.colcon_core.shell:Creating prefix chain script '/home/saber/robox_ws/install/setup.sh'
[2.582s] INFO:colcon.colcon_core.shell:Creating prefix script '/home/saber/robox_ws/install/local_setup.bash'
[2.582s] INFO:colcon.colcon_core.shell:Creating prefix chain script '/home/saber/robox_ws/install/setup.bash'
[2.585s] INFO:colcon.colcon_core.shell:Creating prefix script '/home/saber/robox_ws/install/local_setup.zsh'
[2.586s] INFO:colcon.colcon_core.shell:Creating prefix chain script '/home/saber/robox_ws/install/setup.zsh'
