[0.432s] Invoking command in '/home/saber/robox_ws/build/cube_msgs': CMAKE_PREFIX_PATH=${CMAKE_PREFIX_PATH}:/opt/ros/jazzy DEBUGINFOD_URLS=https://debuginfod.ubuntu.com /usr/bin/cmake --build /home/saber/robox_ws/build/cube_msgs -- -j16 -l16
[0.491s] [  2%] Built target cube_msgs__rosidl_generator_type_description
[0.502s] [  2%] Built target ament_cmake_python_symlink_cube_msgs
[0.514s] [  4%] Built target cube_msgs__cpp
[0.516s] [ 22%] Built target cube_msgs__rosidl_generator_c
[0.548s] [ 77%] Built target cube_msgs__rosidl_typesupport_introspection_c
[0.548s] [ 77%] Built target cube_msgs__rosidl_typesupport_cpp
[0.548s] [ 77%] Built target cube_msgs__rosidl_typesupport_c
[0.548s] [ 77%] Built target cube_msgs__rosidl_typesupport_fastrtps_c
[0.548s] [ 77%] Built target cube_msgs__rosidl_typesupport_fastrtps_cpp
[0.548s] [ 77%] Built target cube_msgs__rosidl_typesupport_introspection_cpp
[0.573s] [ 77%] Built target cube_msgs
[0.600s] [ 79%] Built target cube_msgs__py
[0.626s] [ 86%] Built target cube_msgs__rosidl_generator_py
[0.650s] [100%] Built target cube_msgs_s__rosidl_typesupport_c
[0.650s] [100%] Built target cube_msgs_s__rosidl_typesupport_fastrtps_c
[0.651s] [100%] Built target cube_msgs_s__rosidl_typesupport_introspection_c
[0.760s] running egg_info
[0.787s] writing cube_msgs.egg-info/PKG-INFO
[0.788s] writing dependency_links to cube_msgs.egg-info/dependency_links.txt
[0.788s] writing top-level names to cube_msgs.egg-info/top_level.txt
[0.867s] reading manifest file 'cube_msgs.egg-info/SOURCES.txt'
[0.868s] writing manifest file 'cube_msgs.egg-info/SOURCES.txt'
[0.896s] [100%] Built target ament_cmake_python_build_cube_msgs_egg
[0.909s] Invoked command in '/home/saber/robox_ws/build/cube_msgs' returned '0': CMAKE_PREFIX_PATH=${CMAKE_PREFIX_PATH}:/opt/ros/jazzy DEBUGINFOD_URLS=https://debuginfod.ubuntu.com /usr/bin/cmake --build /home/saber/robox_ws/build/cube_msgs -- -j16 -l16
[0.910s] Invoking command in '/home/saber/robox_ws/build/cube_msgs': CMAKE_PREFIX_PATH=${CMAKE_PREFIX_PATH}:/opt/ros/jazzy DEBUGINFOD_URLS=https://debuginfod.ubuntu.com /usr/bin/cmake --install /home/saber/robox_ws/build/cube_msgs
[0.919s] -- Install configuration: ""
[0.920s] -- Execute custom install script
[0.920s] -- Up-to-date symlink: /home/saber/robox_ws/install/cube_msgs/share/ament_index/resource_index/rosidl_interfaces/cube_msgs
[0.920s] -- Up-to-date symlink: /home/saber/robox_ws/install/cube_msgs/share/cube_msgs/msg/ColorPoseStamped.json
[0.921s] -- Up-to-date symlink: /home/saber/robox_ws/install/cube_msgs/share/cube_msgs/action/PickAndPlace.json
[0.921s] -- Up-to-date symlink: /home/saber/robox_ws/install/cube_msgs/include/cube_msgs/cube_msgs/action/detail/pick_and_place__functions.h
[0.921s] -- Up-to-date symlink: /home/saber/robox_ws/install/cube_msgs/include/cube_msgs/cube_msgs/action/detail/pick_and_place__struct.h
[0.922s] -- Up-to-date symlink: /home/saber/robox_ws/install/cube_msgs/include/cube_msgs/cube_msgs/action/detail/pick_and_place__type_support.h
[0.922s] -- Up-to-date symlink: /home/saber/robox_ws/install/cube_msgs/include/cube_msgs/cube_msgs/action/pick_and_place.h
[0.922s] -- Up-to-date symlink: /home/saber/robox_ws/install/cube_msgs/include/cube_msgs/cube_msgs/msg/color_pose_stamped.h
[0.922s] -- Up-to-date symlink: /home/saber/robox_ws/install/cube_msgs/include/cube_msgs/cube_msgs/msg/detail/color_pose_stamped__functions.h
[0.922s] -- Up-to-date symlink: /home/saber/robox_ws/install/cube_msgs/include/cube_msgs/cube_msgs/msg/detail/color_pose_stamped__struct.h
[0.922s] -- Up-to-date symlink: /home/saber/robox_ws/install/cube_msgs/include/cube_msgs/cube_msgs/msg/detail/color_pose_stamped__type_support.h
[0.922s] -- Up-to-date symlink: /home/saber/robox_ws/install/cube_msgs/include/cube_msgs/cube_msgs/msg/rosidl_generator_c__visibility_control.h
[0.923s] -- Up-to-date symlink: /home/saber/robox_ws/install/cube_msgs/share/cube_msgs/environment/library_path.sh
[0.923s] -- Up-to-date symlink: /home/saber/robox_ws/install/cube_msgs/share/cube_msgs/environment/library_path.dsv
[0.923s] -- Up-to-date symlink: /home/saber/robox_ws/install/cube_msgs/include/cube_msgs/cube_msgs/action/detail/pick_and_place__rosidl_typesupport_fastrtps_c.h
[0.923s] -- Up-to-date symlink: /home/saber/robox_ws/install/cube_msgs/include/cube_msgs/cube_msgs/msg/detail/color_pose_stamped__rosidl_typesupport_fastrtps_c.h
[0.924s] -- Up-to-date symlink: /home/saber/robox_ws/install/cube_msgs/include/cube_msgs/cube_msgs/msg/rosidl_typesupport_fastrtps_c__visibility_control.h
[0.924s] -- Up-to-date symlink: /home/saber/robox_ws/install/cube_msgs/include/cube_msgs/cube_msgs/action/detail/pick_and_place__rosidl_typesupport_introspection_c.h
[0.924s] -- Up-to-date symlink: /home/saber/robox_ws/install/cube_msgs/include/cube_msgs/cube_msgs/msg/detail/color_pose_stamped__rosidl_typesupport_introspection_c.h
[0.924s] -- Up-to-date symlink: /home/saber/robox_ws/install/cube_msgs/include/cube_msgs/cube_msgs/msg/rosidl_typesupport_introspection_c__visibility_control.h
[0.924s] -- Up-to-date symlink: /home/saber/robox_ws/install/cube_msgs/include/cube_msgs/cube_msgs/action/detail/pick_and_place__builder.hpp
[0.925s] -- Up-to-date symlink: /home/saber/robox_ws/install/cube_msgs/include/cube_msgs/cube_msgs/action/detail/pick_and_place__struct.hpp
[0.925s] -- Up-to-date symlink: /home/saber/robox_ws/install/cube_msgs/include/cube_msgs/cube_msgs/action/detail/pick_and_place__traits.hpp
[0.925s] -- Up-to-date symlink: /home/saber/robox_ws/install/cube_msgs/include/cube_msgs/cube_msgs/action/detail/pick_and_place__type_support.hpp
[0.925s] -- Up-to-date symlink: /home/saber/robox_ws/install/cube_msgs/include/cube_msgs/cube_msgs/action/pick_and_place.hpp
[0.925s] -- Up-to-date symlink: /home/saber/robox_ws/install/cube_msgs/include/cube_msgs/cube_msgs/msg/color_pose_stamped.hpp
[0.925s] -- Up-to-date symlink: /home/saber/robox_ws/install/cube_msgs/include/cube_msgs/cube_msgs/msg/detail/color_pose_stamped__builder.hpp
[0.925s] -- Up-to-date symlink: /home/saber/robox_ws/install/cube_msgs/include/cube_msgs/cube_msgs/msg/detail/color_pose_stamped__struct.hpp
[0.925s] -- Up-to-date symlink: /home/saber/robox_ws/install/cube_msgs/include/cube_msgs/cube_msgs/msg/detail/color_pose_stamped__traits.hpp
[0.925s] -- Up-to-date symlink: /home/saber/robox_ws/install/cube_msgs/include/cube_msgs/cube_msgs/msg/detail/color_pose_stamped__type_support.hpp
[0.925s] -- Up-to-date symlink: /home/saber/robox_ws/install/cube_msgs/include/cube_msgs/cube_msgs/msg/rosidl_generator_cpp__visibility_control.hpp
[0.926s] -- Up-to-date symlink: /home/saber/robox_ws/install/cube_msgs/include/cube_msgs/cube_msgs/action/detail/pick_and_place__rosidl_typesupport_fastrtps_cpp.hpp
[0.926s] -- Up-to-date symlink: /home/saber/robox_ws/install/cube_msgs/include/cube_msgs/cube_msgs/msg/detail/color_pose_stamped__rosidl_typesupport_fastrtps_cpp.hpp
[0.926s] -- Up-to-date symlink: /home/saber/robox_ws/install/cube_msgs/include/cube_msgs/cube_msgs/msg/rosidl_typesupport_fastrtps_cpp__visibility_control.h
[0.926s] -- Up-to-date symlink: /home/saber/robox_ws/install/cube_msgs/include/cube_msgs/cube_msgs/action/detail/pick_and_place__rosidl_typesupport_introspection_cpp.hpp
[0.927s] -- Up-to-date symlink: /home/saber/robox_ws/install/cube_msgs/include/cube_msgs/cube_msgs/msg/detail/color_pose_stamped__rosidl_typesupport_introspection_cpp.hpp
[0.927s] -- Up-to-date symlink: /home/saber/robox_ws/install/cube_msgs/share/cube_msgs/environment/pythonpath.sh
[0.927s] -- Up-to-date symlink: /home/saber/robox_ws/install/cube_msgs/share/cube_msgs/environment/pythonpath.dsv
[0.927s] -- Up-to-date symlink: /home/saber/robox_ws/install/cube_msgs/lib/python3.12/site-packages/cube_msgs-0.0.0-py3.12.egg-info/PKG-INFO
[0.927s] -- Up-to-date symlink: /home/saber/robox_ws/install/cube_msgs/lib/python3.12/site-packages/cube_msgs-0.0.0-py3.12.egg-info/SOURCES.txt
[0.927s] -- Up-to-date symlink: /home/saber/robox_ws/install/cube_msgs/lib/python3.12/site-packages/cube_msgs-0.0.0-py3.12.egg-info/dependency_links.txt
[0.927s] -- Up-to-date symlink: /home/saber/robox_ws/install/cube_msgs/lib/python3.12/site-packages/cube_msgs-0.0.0-py3.12.egg-info/top_level.txt
[0.928s] -- Up-to-date symlink: /home/saber/robox_ws/install/cube_msgs/lib/python3.12/site-packages/cube_msgs/__init__.py
[0.928s] -- Up-to-date symlink: /home/saber/robox_ws/install/cube_msgs/lib/python3.12/site-packages/cube_msgs/_cube_msgs_s.ep.rosidl_typesupport_c.c
[0.928s] -- Up-to-date symlink: /home/saber/robox_ws/install/cube_msgs/lib/python3.12/site-packages/cube_msgs/_cube_msgs_s.ep.rosidl_typesupport_fastrtps_c.c
[0.928s] -- Up-to-date symlink: /home/saber/robox_ws/install/cube_msgs/lib/python3.12/site-packages/cube_msgs/_cube_msgs_s.ep.rosidl_typesupport_introspection_c.c
[0.928s] -- Up-to-date symlink: /home/saber/robox_ws/install/cube_msgs/lib/python3.12/site-packages/cube_msgs/action/__init__.py
[0.928s] -- Up-to-date symlink: /home/saber/robox_ws/install/cube_msgs/lib/python3.12/site-packages/cube_msgs/action/_pick_and_place.py
[0.928s] -- Up-to-date symlink: /home/saber/robox_ws/install/cube_msgs/lib/python3.12/site-packages/cube_msgs/action/_pick_and_place_s.c
[0.929s] -- Up-to-date symlink: /home/saber/robox_ws/install/cube_msgs/lib/python3.12/site-packages/cube_msgs/cube_msgs_s__rosidl_typesupport_c.so
[0.929s] -- Up-to-date symlink: /home/saber/robox_ws/install/cube_msgs/lib/python3.12/site-packages/cube_msgs/cube_msgs_s__rosidl_typesupport_fastrtps_c.so
[0.929s] -- Up-to-date symlink: /home/saber/robox_ws/install/cube_msgs/lib/python3.12/site-packages/cube_msgs/cube_msgs_s__rosidl_typesupport_introspection_c.so
[0.929s] -- Up-to-date symlink: /home/saber/robox_ws/install/cube_msgs/lib/python3.12/site-packages/cube_msgs/msg/__init__.py
[0.929s] -- Up-to-date symlink: /home/saber/robox_ws/install/cube_msgs/lib/python3.12/site-packages/cube_msgs/msg/_color_pose_stamped.py
[0.929s] -- Up-to-date symlink: /home/saber/robox_ws/install/cube_msgs/lib/python3.12/site-packages/cube_msgs/msg/_color_pose_stamped_s.c
[0.929s] -- Up-to-date symlink: /home/saber/robox_ws/install/cube_msgs/lib/python3.12/site-packages/cube_msgs/cube_msgs_s__rosidl_typesupport_fastrtps_c.so
[0.929s] -- Up-to-date symlink: /home/saber/robox_ws/install/cube_msgs/lib/python3.12/site-packages/cube_msgs/cube_msgs_s__rosidl_typesupport_introspection_c.so
[0.930s] -- Up-to-date symlink: /home/saber/robox_ws/install/cube_msgs/lib/python3.12/site-packages/cube_msgs/cube_msgs_s__rosidl_typesupport_c.so
[0.930s] -- Up-to-date symlink: /home/saber/robox_ws/install/cube_msgs/share/cube_msgs/msg/ColorPoseStamped.idl
[0.930s] -- Up-to-date symlink: /home/saber/robox_ws/install/cube_msgs/share/cube_msgs/action/PickAndPlace.idl
[0.930s] -- Up-to-date symlink: /home/saber/robox_ws/install/cube_msgs/share/cube_msgs/msg/ColorPoseStamped.msg
[0.930s] -- Up-to-date symlink: /home/saber/robox_ws/install/cube_msgs/share/cube_msgs/action/PickAndPlace.action
[0.930s] -- Up-to-date symlink: /home/saber/robox_ws/install/cube_msgs/share/ament_index/resource_index/package_run_dependencies/cube_msgs
[0.930s] -- Up-to-date symlink: /home/saber/robox_ws/install/cube_msgs/share/ament_index/resource_index/parent_prefix_path/cube_msgs
[0.931s] -- Up-to-date symlink: /home/saber/robox_ws/install/cube_msgs/share/cube_msgs/environment/ament_prefix_path.sh
[0.931s] -- Up-to-date symlink: /home/saber/robox_ws/install/cube_msgs/share/cube_msgs/environment/ament_prefix_path.dsv
[0.931s] -- Up-to-date symlink: /home/saber/robox_ws/install/cube_msgs/share/cube_msgs/environment/path.sh
[0.931s] -- Up-to-date symlink: /home/saber/robox_ws/install/cube_msgs/share/cube_msgs/environment/path.dsv
[0.931s] -- Up-to-date symlink: /home/saber/robox_ws/install/cube_msgs/share/cube_msgs/local_setup.bash
[0.931s] -- Up-to-date symlink: /home/saber/robox_ws/install/cube_msgs/share/cube_msgs/local_setup.sh
[0.931s] -- Up-to-date symlink: /home/saber/robox_ws/install/cube_msgs/share/cube_msgs/local_setup.zsh
[0.931s] -- Up-to-date symlink: /home/saber/robox_ws/install/cube_msgs/share/cube_msgs/local_setup.dsv
[0.932s] -- Symlinking: /home/saber/robox_ws/install/cube_msgs/share/cube_msgs/package.dsv
[0.943s] -- Up-to-date symlink: /home/saber/robox_ws/install/cube_msgs/share/ament_index/resource_index/packages/cube_msgs
[0.943s] -- Up-to-date symlink: /home/saber/robox_ws/install/cube_msgs/share/cube_msgs/cmake/rosidl_cmake-extras.cmake
[0.943s] -- Up-to-date symlink: /home/saber/robox_ws/install/cube_msgs/share/cube_msgs/cmake/ament_cmake_export_dependencies-extras.cmake
[0.943s] -- Up-to-date symlink: /home/saber/robox_ws/install/cube_msgs/share/cube_msgs/cmake/ament_cmake_export_include_directories-extras.cmake
[0.943s] -- Up-to-date symlink: /home/saber/robox_ws/install/cube_msgs/share/cube_msgs/cmake/ament_cmake_export_libraries-extras.cmake
[0.943s] -- Up-to-date symlink: /home/saber/robox_ws/install/cube_msgs/share/cube_msgs/cmake/ament_cmake_export_targets-extras.cmake
[0.944s] -- Up-to-date symlink: /home/saber/robox_ws/install/cube_msgs/share/cube_msgs/cmake/rosidl_cmake_export_typesupport_targets-extras.cmake
[0.944s] -- Up-to-date symlink: /home/saber/robox_ws/install/cube_msgs/share/cube_msgs/cmake/rosidl_cmake_export_typesupport_libraries-extras.cmake
[0.944s] -- Up-to-date symlink: /home/saber/robox_ws/install/cube_msgs/share/cube_msgs/cmake/cube_msgsConfig.cmake
[0.944s] -- Up-to-date symlink: /home/saber/robox_ws/install/cube_msgs/share/cube_msgs/cmake/cube_msgsConfig-version.cmake
[0.944s] -- Up-to-date symlink: /home/saber/robox_ws/install/cube_msgs/share/cube_msgs/package.xml
[0.944s] -- Up-to-date: /home/saber/robox_ws/install/cube_msgs/lib/libcube_msgs__rosidl_generator_c.so
[0.945s] -- Up-to-date: /home/saber/robox_ws/install/cube_msgs/lib/libcube_msgs__rosidl_typesupport_fastrtps_c.so
[0.945s] -- Up-to-date: /home/saber/robox_ws/install/cube_msgs/lib/libcube_msgs__rosidl_typesupport_introspection_c.so
[0.945s] -- Up-to-date: /home/saber/robox_ws/install/cube_msgs/lib/libcube_msgs__rosidl_typesupport_c.so
[0.946s] -- Up-to-date: /home/saber/robox_ws/install/cube_msgs/lib/libcube_msgs__rosidl_typesupport_fastrtps_cpp.so
[0.946s] -- Up-to-date: /home/saber/robox_ws/install/cube_msgs/lib/libcube_msgs__rosidl_typesupport_introspection_cpp.so
[0.946s] -- Up-to-date: /home/saber/robox_ws/install/cube_msgs/lib/libcube_msgs__rosidl_typesupport_cpp.so
[0.977s] Listing '/home/saber/robox_ws/install/cube_msgs/lib/python3.12/site-packages/cube_msgs'...
[0.977s] Listing '/home/saber/robox_ws/install/cube_msgs/lib/python3.12/site-packages/cube_msgs/action'...
[0.977s] Listing '/home/saber/robox_ws/install/cube_msgs/lib/python3.12/site-packages/cube_msgs/msg'...
[0.984s] -- Up-to-date: /home/saber/robox_ws/install/cube_msgs/lib/libcube_msgs__rosidl_generator_py.so
[0.984s] -- Up-to-date: /home/saber/robox_ws/install/cube_msgs/share/cube_msgs/cmake/export_cube_msgs__rosidl_generator_cExport.cmake
[0.984s] -- Up-to-date: /home/saber/robox_ws/install/cube_msgs/share/cube_msgs/cmake/export_cube_msgs__rosidl_generator_cExport-noconfig.cmake
[0.984s] -- Up-to-date: /home/saber/robox_ws/install/cube_msgs/share/cube_msgs/cmake/export_cube_msgs__rosidl_typesupport_fastrtps_cExport.cmake
[0.984s] -- Up-to-date: /home/saber/robox_ws/install/cube_msgs/share/cube_msgs/cmake/export_cube_msgs__rosidl_typesupport_fastrtps_cExport-noconfig.cmake
[0.984s] -- Up-to-date: /home/saber/robox_ws/install/cube_msgs/share/cube_msgs/cmake/cube_msgs__rosidl_typesupport_introspection_cExport.cmake
[0.984s] -- Up-to-date: /home/saber/robox_ws/install/cube_msgs/share/cube_msgs/cmake/cube_msgs__rosidl_typesupport_introspection_cExport-noconfig.cmake
[0.984s] -- Up-to-date: /home/saber/robox_ws/install/cube_msgs/share/cube_msgs/cmake/cube_msgs__rosidl_typesupport_cExport.cmake
[0.984s] -- Up-to-date: /home/saber/robox_ws/install/cube_msgs/share/cube_msgs/cmake/cube_msgs__rosidl_typesupport_cExport-noconfig.cmake
[0.984s] -- Up-to-date: /home/saber/robox_ws/install/cube_msgs/share/cube_msgs/cmake/export_cube_msgs__rosidl_generator_cppExport.cmake
[0.984s] -- Up-to-date: /home/saber/robox_ws/install/cube_msgs/share/cube_msgs/cmake/export_cube_msgs__rosidl_typesupport_fastrtps_cppExport.cmake
[0.984s] -- Up-to-date: /home/saber/robox_ws/install/cube_msgs/share/cube_msgs/cmake/export_cube_msgs__rosidl_typesupport_fastrtps_cppExport-noconfig.cmake
[0.985s] -- Up-to-date: /home/saber/robox_ws/install/cube_msgs/share/cube_msgs/cmake/cube_msgs__rosidl_typesupport_introspection_cppExport.cmake
[0.985s] -- Up-to-date: /home/saber/robox_ws/install/cube_msgs/share/cube_msgs/cmake/cube_msgs__rosidl_typesupport_introspection_cppExport-noconfig.cmake
[0.985s] -- Up-to-date: /home/saber/robox_ws/install/cube_msgs/share/cube_msgs/cmake/cube_msgs__rosidl_typesupport_cppExport.cmake
[0.985s] -- Up-to-date: /home/saber/robox_ws/install/cube_msgs/share/cube_msgs/cmake/cube_msgs__rosidl_typesupport_cppExport-noconfig.cmake
[0.985s] -- Up-to-date: /home/saber/robox_ws/install/cube_msgs/share/cube_msgs/cmake/export_cube_msgs__rosidl_generator_pyExport.cmake
[0.985s] -- Up-to-date: /home/saber/robox_ws/install/cube_msgs/share/cube_msgs/cmake/export_cube_msgs__rosidl_generator_pyExport-noconfig.cmake
[0.987s] Invoked command in '/home/saber/robox_ws/build/cube_msgs' returned '0': CMAKE_PREFIX_PATH=${CMAKE_PREFIX_PATH}:/opt/ros/jazzy DEBUGINFOD_URLS=https://debuginfod.ubuntu.com /usr/bin/cmake --install /home/saber/robox_ws/build/cube_msgs
