[1.483s] Invoking command in '/home/saber/robox_ws/build/color_pose_publisher': DEBUGINFOD_URLS=https://debuginfod.ubuntu.com PYTHONPATH=/home/saber/robox_ws/build/color_pose_publisher/prefix_override:/usr/lib/python3/dist-packages/colcon_core/task/python/colcon_distutils_commands:/home/saber/robox_ws/install/color_pose_publisher/lib/python3.12/site-packages:${PYTHONPATH} /usr/bin/python3 -W ignore:setup.py install is deprecated -W ignore:easy_install command is deprecated setup.py develop --uninstall --editable --build-directory /home/saber/robox_ws/build/color_pose_publisher/build
[1.835s] running develop
[2.125s] Removing /home/saber/robox_ws/install/color_pose_publisher/lib/python3.12/site-packages/color-pose-publisher.egg-link (link to .)
[2.176s] Invoked command in '/home/saber/robox_ws/build/color_pose_publisher' returned '0': DEBUGINFOD_URLS=https://debuginfod.ubuntu.com PYTHONPATH=/home/saber/robox_ws/build/color_pose_publisher/prefix_override:/usr/lib/python3/dist-packages/colcon_core/task/python/colcon_distutils_commands:/home/saber/robox_ws/install/color_pose_publisher/lib/python3.12/site-packages:${PYTHONPATH} /usr/bin/python3 -W ignore:setup.py install is deprecated -W ignore:easy_install command is deprecated setup.py develop --uninstall --editable --build-directory /home/saber/robox_ws/build/color_pose_publisher/build
[2.178s] Invoking command in '/home/saber/robox_ws/src/color_pose_publisher': DEBUGINFOD_URLS=https://debuginfod.ubuntu.com PYTHONPATH=/home/saber/robox_ws/build/color_pose_publisher/prefix_override:/usr/lib/python3/dist-packages/colcon_core/task/python/colcon_distutils_commands:/home/saber/robox_ws/install/color_pose_publisher/lib/python3.12/site-packages:${PYTHONPATH} /usr/bin/python3 -W ignore:setup.py install is deprecated -W ignore:easy_install command is deprecated setup.py egg_info --egg-base ../../build/color_pose_publisher build --build-base /home/saber/robox_ws/build/color_pose_publisher/build install --record /home/saber/robox_ws/build/color_pose_publisher/install.log --single-version-externally-managed install_data --force
[2.525s] running egg_info
[2.553s] writing ../../build/color_pose_publisher/color_pose_publisher.egg-info/PKG-INFO
[2.553s] writing dependency_links to ../../build/color_pose_publisher/color_pose_publisher.egg-info/dependency_links.txt
[2.554s] writing entry points to ../../build/color_pose_publisher/color_pose_publisher.egg-info/entry_points.txt
[2.554s] writing requirements to ../../build/color_pose_publisher/color_pose_publisher.egg-info/requires.txt
[2.554s] writing top-level names to ../../build/color_pose_publisher/color_pose_publisher.egg-info/top_level.txt
[2.610s] reading manifest file '../../build/color_pose_publisher/color_pose_publisher.egg-info/SOURCES.txt'
[2.611s] writing manifest file '../../build/color_pose_publisher/color_pose_publisher.egg-info/SOURCES.txt'
[2.611s] running build
[2.611s] running build_py
[2.611s] copying color_pose_publisher/ppc_action_client.py -> /home/saber/robox_ws/build/color_pose_publisher/build/lib/color_pose_publisher
[2.612s] running install
[2.618s] running install_lib
[2.650s] creating /home/saber/robox_ws/install/color_pose_publisher/lib/python3.12/site-packages/color_pose_publisher
[2.651s] copying /home/saber/robox_ws/build/color_pose_publisher/build/lib/color_pose_publisher/__init__.py -> /home/saber/robox_ws/install/color_pose_publisher/lib/python3.12/site-packages/color_pose_publisher
[2.651s] copying /home/saber/robox_ws/build/color_pose_publisher/build/lib/color_pose_publisher/color_tracking_pub.py -> /home/saber/robox_ws/install/color_pose_publisher/lib/python3.12/site-packages/color_pose_publisher
[2.652s] copying /home/saber/robox_ws/build/color_pose_publisher/build/lib/color_pose_publisher/color_detection.py -> /home/saber/robox_ws/install/color_pose_publisher/lib/python3.12/site-packages/color_pose_publisher
[2.652s] copying /home/saber/robox_ws/build/color_pose_publisher/build/lib/color_pose_publisher/calibration_utils.py -> /home/saber/robox_ws/install/color_pose_publisher/lib/python3.12/site-packages/color_pose_publisher
[2.652s] copying /home/saber/robox_ws/build/color_pose_publisher/build/lib/color_pose_publisher/color_pose_publisher_node.py -> /home/saber/robox_ws/install/color_pose_publisher/lib/python3.12/site-packages/color_pose_publisher
[2.652s] copying /home/saber/robox_ws/build/color_pose_publisher/build/lib/color_pose_publisher/ppc_action_client.py -> /home/saber/robox_ws/install/color_pose_publisher/lib/python3.12/site-packages/color_pose_publisher
[2.653s] copying /home/saber/robox_ws/build/color_pose_publisher/build/lib/color_pose_publisher/QR_code_detection.py -> /home/saber/robox_ws/install/color_pose_publisher/lib/python3.12/site-packages/color_pose_publisher
[2.653s] copying /home/saber/robox_ws/build/color_pose_publisher/build/lib/color_pose_publisher/pose_estimation.py -> /home/saber/robox_ws/install/color_pose_publisher/lib/python3.12/site-packages/color_pose_publisher
[2.653s] copying /home/saber/robox_ws/build/color_pose_publisher/build/lib/color_pose_publisher/qr_action_client.py -> /home/saber/robox_ws/install/color_pose_publisher/lib/python3.12/site-packages/color_pose_publisher
[2.653s] copying /home/saber/robox_ws/build/color_pose_publisher/build/lib/color_pose_publisher/vision_utils.py -> /home/saber/robox_ws/install/color_pose_publisher/lib/python3.12/site-packages/color_pose_publisher
[2.654s] byte-compiling /home/saber/robox_ws/install/color_pose_publisher/lib/python3.12/site-packages/color_pose_publisher/__init__.py to __init__.cpython-312.pyc
[2.654s] byte-compiling /home/saber/robox_ws/install/color_pose_publisher/lib/python3.12/site-packages/color_pose_publisher/color_tracking_pub.py to color_tracking_pub.cpython-312.pyc
[2.655s] byte-compiling /home/saber/robox_ws/install/color_pose_publisher/lib/python3.12/site-packages/color_pose_publisher/color_detection.py to color_detection.cpython-312.pyc
[2.655s] byte-compiling /home/saber/robox_ws/install/color_pose_publisher/lib/python3.12/site-packages/color_pose_publisher/calibration_utils.py to calibration_utils.cpython-312.pyc
[2.656s] byte-compiling /home/saber/robox_ws/install/color_pose_publisher/lib/python3.12/site-packages/color_pose_publisher/color_pose_publisher_node.py to color_pose_publisher_node.cpython-312.pyc
[2.656s] byte-compiling /home/saber/robox_ws/install/color_pose_publisher/lib/python3.12/site-packages/color_pose_publisher/ppc_action_client.py to ppc_action_client.cpython-312.pyc
[2.657s] byte-compiling /home/saber/robox_ws/install/color_pose_publisher/lib/python3.12/site-packages/color_pose_publisher/QR_code_detection.py to QR_code_detection.cpython-312.pyc
[2.658s] byte-compiling /home/saber/robox_ws/install/color_pose_publisher/lib/python3.12/site-packages/color_pose_publisher/pose_estimation.py to pose_estimation.cpython-312.pyc
[2.658s] byte-compiling /home/saber/robox_ws/install/color_pose_publisher/lib/python3.12/site-packages/color_pose_publisher/qr_action_client.py to qr_action_client.cpython-312.pyc
[2.659s] byte-compiling /home/saber/robox_ws/install/color_pose_publisher/lib/python3.12/site-packages/color_pose_publisher/vision_utils.py to vision_utils.cpython-312.pyc
[2.660s] running install_data
[2.660s] copying resource/color_pose_publisher -> /home/saber/robox_ws/install/color_pose_publisher/share/ament_index/resource_index/packages
[2.660s] copying package.xml -> /home/saber/robox_ws/install/color_pose_publisher/share/color_pose_publisher
[2.661s] copying color_pose_publisher/assets/camera_calibration_data.npz -> /home/saber/robox_ws/install/color_pose_publisher/share/color_pose_publisher/assets
[2.661s] copying color_pose_publisher/assets/test.jpg -> /home/saber/robox_ws/install/color_pose_publisher/share/color_pose_publisher/assets
[2.693s] copying color_pose_publisher/assets/workspace.png -> /home/saber/robox_ws/install/color_pose_publisher/share/color_pose_publisher/assets
[2.694s] running install_egg_info
[2.727s] Copying ../../build/color_pose_publisher/color_pose_publisher.egg-info to /home/saber/robox_ws/install/color_pose_publisher/lib/python3.12/site-packages/color_pose_publisher-0.0.1-py3.12.egg-info
[2.728s] running install_scripts
[2.954s] Installing color_pose_publisher_node script to /home/saber/robox_ws/install/color_pose_publisher/lib/color_pose_publisher
[2.954s] Installing color_tracking_pub script to /home/saber/robox_ws/install/color_pose_publisher/lib/color_pose_publisher
[2.954s] Installing ppc_action_client script to /home/saber/robox_ws/install/color_pose_publisher/lib/color_pose_publisher
[2.954s] Installing qr_action_client script to /home/saber/robox_ws/install/color_pose_publisher/lib/color_pose_publisher
[2.955s] writing list of installed files to '/home/saber/robox_ws/build/color_pose_publisher/install.log'
[3.022s] Invoked command in '/home/saber/robox_ws/src/color_pose_publisher' returned '0': DEBUGINFOD_URLS=https://debuginfod.ubuntu.com PYTHONPATH=/home/saber/robox_ws/build/color_pose_publisher/prefix_override:/usr/lib/python3/dist-packages/colcon_core/task/python/colcon_distutils_commands:/home/saber/robox_ws/install/color_pose_publisher/lib/python3.12/site-packages:${PYTHONPATH} /usr/bin/python3 -W ignore:setup.py install is deprecated -W ignore:easy_install command is deprecated setup.py egg_info --egg-base ../../build/color_pose_publisher build --build-base /home/saber/robox_ws/build/color_pose_publisher/build install --record /home/saber/robox_ws/build/color_pose_publisher/install.log --single-version-externally-managed install_data --force
