[1.481s] Invoking command in '/home/saber/robox_ws/build/color_pose_publisher': DEBUGINFOD_URLS=https://debuginfod.ubuntu.com PYTHONPATH=/home/saber/robox_ws/build/color_pose_publisher/prefix_override:/usr/lib/python3/dist-packages/colcon_core/task/python/colcon_distutils_commands:/home/saber/robox_ws/install/color_pose_publisher/lib/python3.12/site-packages:${PYTHONPATH} /usr/bin/python3 -W ignore:setup.py install is deprecated -W ignore:easy_install command is deprecated setup.py develop --editable --build-directory /home/saber/robox_ws/build/color_pose_publisher/build --no-deps symlink_data --force
[1.853s] running develop
[2.151s] running egg_info
[2.178s] writing color_pose_publisher.egg-info/PKG-INFO
[2.178s] writing dependency_links to color_pose_publisher.egg-info/dependency_links.txt
[2.178s] writing entry points to color_pose_publisher.egg-info/entry_points.txt
[2.178s] writing requirements to color_pose_publisher.egg-info/requires.txt
[2.178s] writing top-level names to color_pose_publisher.egg-info/top_level.txt
[2.234s] reading manifest file 'color_pose_publisher.egg-info/SOURCES.txt'
[2.235s] writing manifest file 'color_pose_publisher.egg-info/SOURCES.txt'
[2.324s] running build_ext
[2.324s] Creating /home/saber/robox_ws/install/color_pose_publisher/lib/python3.12/site-packages/color-pose-publisher.egg-link (link to .)
[2.324s] Installing color_pose_publisher_node script to /home/saber/robox_ws/install/color_pose_publisher/lib/color_pose_publisher
[2.325s] Installing color_tracking_pub script to /home/saber/robox_ws/install/color_pose_publisher/lib/color_pose_publisher
[2.325s] Installing ppc_action_client script to /home/saber/robox_ws/install/color_pose_publisher/lib/color_pose_publisher
[2.325s] Installing qr_action_client script to /home/saber/robox_ws/install/color_pose_publisher/lib/color_pose_publisher
[2.325s] 
[2.325s] Installed /home/saber/robox_ws/build/color_pose_publisher
[2.325s] running symlink_data
[2.325s] symbolically linking /home/saber/robox_ws/build/color_pose_publisher/resource/color_pose_publisher -> /home/saber/robox_ws/install/color_pose_publisher/share/ament_index/resource_index/packages
[2.326s] symbolically linking /home/saber/robox_ws/build/color_pose_publisher/package.xml -> /home/saber/robox_ws/install/color_pose_publisher/share/color_pose_publisher
[2.326s] symbolically linking /home/saber/robox_ws/build/color_pose_publisher/color_pose_publisher/assets/camera_calibration_data.npz -> /home/saber/robox_ws/install/color_pose_publisher/share/color_pose_publisher/assets
[2.327s] symbolically linking /home/saber/robox_ws/build/color_pose_publisher/color_pose_publisher/assets/test.jpg -> /home/saber/robox_ws/install/color_pose_publisher/share/color_pose_publisher/assets
[2.327s] symbolically linking /home/saber/robox_ws/build/color_pose_publisher/color_pose_publisher/assets/workspace.png -> /home/saber/robox_ws/install/color_pose_publisher/share/color_pose_publisher/assets
[2.403s] Invoked command in '/home/saber/robox_ws/build/color_pose_publisher' returned '0': DEBUGINFOD_URLS=https://debuginfod.ubuntu.com PYTHONPATH=/home/saber/robox_ws/build/color_pose_publisher/prefix_override:/usr/lib/python3/dist-packages/colcon_core/task/python/colcon_distutils_commands:/home/saber/robox_ws/install/color_pose_publisher/lib/python3.12/site-packages:${PYTHONPATH} /usr/bin/python3 -W ignore:setup.py install is deprecated -W ignore:easy_install command is deprecated setup.py develop --editable --build-directory /home/saber/robox_ws/build/color_pose_publisher/build --no-deps symlink_data --force
