[0.614s] Invoking command in '/home/saber/robox_ws/build/cube_msgs': CMAKE_PREFIX_PATH=${CMAKE_PREFIX_PATH}:/home/saber/robox_ws/install/dashboard:/home/saber/robox_ws/install/color_pose_publisher:/home/saber/robox_ws/install/arduinobot_py_examples:/opt/ros/jazzy DEBUGINFOD_URLS=https://debuginfod.ubuntu.com /usr/bin/cmake --build /home/saber/robox_ws/build/cube_msgs -- -j16 -l16
[0.939s] [  2%] Built target cube_msgs__rosidl_generator_type_description
[0.939s] [  2%] Built target ament_cmake_python_copy_cube_msgs
[0.939s] [  6%] Built target cube_msgs__cpp
[0.939s] [ 22%] Built target cube_msgs__rosidl_generator_c
[0.939s] [ 70%] Built target cube_msgs__rosidl_typesupport_c
[0.939s] [ 70%] Built target cube_msgs__rosidl_typesupport_introspection_cpp
[0.940s] [ 70%] Built target cube_msgs__rosidl_typesupport_fastrtps_cpp
[0.940s] [ 70%] Built target cube_msgs__rosidl_typesupport_fastrtps_c
[0.940s] [ 70%] Built target cube_msgs__rosidl_typesupport_cpp
[0.940s] [ 77%] Built target cube_msgs__rosidl_typesupport_introspection_c
[0.940s] [ 77%] Built target cube_msgs
[0.940s] [ 79%] Built target cube_msgs__py
[0.940s] [ 86%] Built target cube_msgs__rosidl_generator_py
[0.940s] [100%] Built target cube_msgs_s__rosidl_typesupport_c
[0.940s] [100%] Built target cube_msgs_s__rosidl_typesupport_introspection_c
[0.940s] [100%] Built target cube_msgs_s__rosidl_typesupport_fastrtps_c
[1.035s] running egg_info
[1.064s] writing cube_msgs.egg-info/PKG-INFO
[1.064s] writing dependency_links to cube_msgs.egg-info/dependency_links.txt
[1.064s] writing top-level names to cube_msgs.egg-info/top_level.txt
[1.156s] reading manifest file 'cube_msgs.egg-info/SOURCES.txt'
[1.157s] writing manifest file 'cube_msgs.egg-info/SOURCES.txt'
[1.218s] [100%] Built target ament_cmake_python_build_cube_msgs_egg
[1.296s] Invoked command in '/home/saber/robox_ws/build/cube_msgs' returned '0': CMAKE_PREFIX_PATH=${CMAKE_PREFIX_PATH}:/home/saber/robox_ws/install/dashboard:/home/saber/robox_ws/install/color_pose_publisher:/home/saber/robox_ws/install/arduinobot_py_examples:/opt/ros/jazzy DEBUGINFOD_URLS=https://debuginfod.ubuntu.com /usr/bin/cmake --build /home/saber/robox_ws/build/cube_msgs -- -j16 -l16
[1.299s] Invoking command in '/home/saber/robox_ws/build/cube_msgs': CMAKE_PREFIX_PATH=${CMAKE_PREFIX_PATH}:/home/saber/robox_ws/install/dashboard:/home/saber/robox_ws/install/color_pose_publisher:/home/saber/robox_ws/install/arduinobot_py_examples:/opt/ros/jazzy DEBUGINFOD_URLS=https://debuginfod.ubuntu.com /usr/bin/cmake --install /home/saber/robox_ws/build/cube_msgs
[1.319s] -- Install configuration: ""
[1.320s] -- Up-to-date: /home/saber/robox_ws/install/cube_msgs/share/ament_index/resource_index/rosidl_interfaces/cube_msgs
[1.320s] -- Up-to-date: /home/saber/robox_ws/install/cube_msgs/share/cube_msgs/msg/ColorPoseStamped.json
[1.320s] -- Up-to-date: /home/saber/robox_ws/install/cube_msgs/share/cube_msgs/action/PickAndPlace.json
[1.321s] -- Up-to-date: /home/saber/robox_ws/install/cube_msgs/include/cube_msgs/cube_msgs
[1.321s] -- Up-to-date: /home/saber/robox_ws/install/cube_msgs/include/cube_msgs/cube_msgs/msg
[1.321s] -- Up-to-date: /home/saber/robox_ws/install/cube_msgs/include/cube_msgs/cube_msgs/msg/rosidl_generator_c__visibility_control.h
[1.321s] -- Up-to-date: /home/saber/robox_ws/install/cube_msgs/include/cube_msgs/cube_msgs/msg/color_pose_stamped.h
[1.321s] -- Up-to-date: /home/saber/robox_ws/install/cube_msgs/include/cube_msgs/cube_msgs/msg/detail
[1.321s] -- Up-to-date: /home/saber/robox_ws/install/cube_msgs/include/cube_msgs/cube_msgs/msg/detail/color_pose_stamped__type_support.h
[1.321s] -- Up-to-date: /home/saber/robox_ws/install/cube_msgs/include/cube_msgs/cube_msgs/msg/detail/color_pose_stamped__struct.h
[1.321s] -- Up-to-date: /home/saber/robox_ws/install/cube_msgs/include/cube_msgs/cube_msgs/msg/detail/color_pose_stamped__type_support.c
[1.322s] -- Up-to-date: /home/saber/robox_ws/install/cube_msgs/include/cube_msgs/cube_msgs/msg/detail/color_pose_stamped__functions.h
[1.322s] -- Up-to-date: /home/saber/robox_ws/install/cube_msgs/include/cube_msgs/cube_msgs/msg/detail/color_pose_stamped__description.c
[1.322s] -- Up-to-date: /home/saber/robox_ws/install/cube_msgs/include/cube_msgs/cube_msgs/msg/detail/color_pose_stamped__functions.c
[1.322s] -- Up-to-date: /home/saber/robox_ws/install/cube_msgs/include/cube_msgs/cube_msgs/action
[1.322s] -- Up-to-date: /home/saber/robox_ws/install/cube_msgs/include/cube_msgs/cube_msgs/action/pick_and_place.h
[1.322s] -- Up-to-date: /home/saber/robox_ws/install/cube_msgs/include/cube_msgs/cube_msgs/action/detail
[1.322s] -- Up-to-date: /home/saber/robox_ws/install/cube_msgs/include/cube_msgs/cube_msgs/action/detail/pick_and_place__description.c
[1.322s] -- Up-to-date: /home/saber/robox_ws/install/cube_msgs/include/cube_msgs/cube_msgs/action/detail/pick_and_place__functions.h
[1.322s] -- Up-to-date: /home/saber/robox_ws/install/cube_msgs/include/cube_msgs/cube_msgs/action/detail/pick_and_place__type_support.h
[1.323s] -- Up-to-date: /home/saber/robox_ws/install/cube_msgs/include/cube_msgs/cube_msgs/action/detail/pick_and_place__functions.c
[1.323s] -- Up-to-date: /home/saber/robox_ws/install/cube_msgs/include/cube_msgs/cube_msgs/action/detail/pick_and_place__type_support.c
[1.323s] -- Up-to-date: /home/saber/robox_ws/install/cube_msgs/include/cube_msgs/cube_msgs/action/detail/pick_and_place__struct.h
[1.323s] -- Up-to-date: /home/saber/robox_ws/install/cube_msgs/share/cube_msgs/environment/library_path.sh
[1.323s] -- Up-to-date: /home/saber/robox_ws/install/cube_msgs/share/cube_msgs/environment/library_path.dsv
[1.323s] -- Up-to-date: /home/saber/robox_ws/install/cube_msgs/lib/libcube_msgs__rosidl_generator_c.so
[1.323s] -- Up-to-date: /home/saber/robox_ws/install/cube_msgs/include/cube_msgs/cube_msgs
[1.323s] -- Up-to-date: /home/saber/robox_ws/install/cube_msgs/include/cube_msgs/cube_msgs/msg
[1.324s] -- Up-to-date: /home/saber/robox_ws/install/cube_msgs/include/cube_msgs/cube_msgs/msg/rosidl_typesupport_fastrtps_c__visibility_control.h
[1.324s] -- Up-to-date: /home/saber/robox_ws/install/cube_msgs/include/cube_msgs/cube_msgs/msg/detail
[1.324s] -- Up-to-date: /home/saber/robox_ws/install/cube_msgs/include/cube_msgs/cube_msgs/msg/detail/color_pose_stamped__rosidl_typesupport_fastrtps_c.h
[1.324s] -- Up-to-date: /home/saber/robox_ws/install/cube_msgs/include/cube_msgs/cube_msgs/action
[1.324s] -- Up-to-date: /home/saber/robox_ws/install/cube_msgs/include/cube_msgs/cube_msgs/action/detail
[1.324s] -- Up-to-date: /home/saber/robox_ws/install/cube_msgs/include/cube_msgs/cube_msgs/action/detail/pick_and_place__rosidl_typesupport_fastrtps_c.h
[1.324s] -- Up-to-date: /home/saber/robox_ws/install/cube_msgs/lib/libcube_msgs__rosidl_typesupport_fastrtps_c.so
[1.324s] -- Up-to-date: /home/saber/robox_ws/install/cube_msgs/include/cube_msgs/cube_msgs
[1.324s] -- Up-to-date: /home/saber/robox_ws/install/cube_msgs/include/cube_msgs/cube_msgs/msg
[1.325s] -- Up-to-date: /home/saber/robox_ws/install/cube_msgs/include/cube_msgs/cube_msgs/msg/rosidl_typesupport_introspection_c__visibility_control.h
[1.325s] -- Up-to-date: /home/saber/robox_ws/install/cube_msgs/include/cube_msgs/cube_msgs/msg/detail
[1.325s] -- Up-to-date: /home/saber/robox_ws/install/cube_msgs/include/cube_msgs/cube_msgs/msg/detail/color_pose_stamped__type_support.c
[1.325s] -- Up-to-date: /home/saber/robox_ws/install/cube_msgs/include/cube_msgs/cube_msgs/msg/detail/color_pose_stamped__rosidl_typesupport_introspection_c.h
[1.325s] -- Up-to-date: /home/saber/robox_ws/install/cube_msgs/include/cube_msgs/cube_msgs/action
[1.325s] -- Up-to-date: /home/saber/robox_ws/install/cube_msgs/include/cube_msgs/cube_msgs/action/detail
[1.325s] -- Up-to-date: /home/saber/robox_ws/install/cube_msgs/include/cube_msgs/cube_msgs/action/detail/pick_and_place__type_support.c
[1.325s] -- Up-to-date: /home/saber/robox_ws/install/cube_msgs/include/cube_msgs/cube_msgs/action/detail/pick_and_place__rosidl_typesupport_introspection_c.h
[1.326s] -- Up-to-date: /home/saber/robox_ws/install/cube_msgs/lib/libcube_msgs__rosidl_typesupport_introspection_c.so
[1.326s] -- Up-to-date: /home/saber/robox_ws/install/cube_msgs/lib/libcube_msgs__rosidl_typesupport_c.so
[1.326s] -- Up-to-date: /home/saber/robox_ws/install/cube_msgs/include/cube_msgs/cube_msgs
[1.326s] -- Up-to-date: /home/saber/robox_ws/install/cube_msgs/include/cube_msgs/cube_msgs/msg
[1.326s] -- Up-to-date: /home/saber/robox_ws/install/cube_msgs/include/cube_msgs/cube_msgs/msg/color_pose_stamped.hpp
[1.326s] -- Up-to-date: /home/saber/robox_ws/install/cube_msgs/include/cube_msgs/cube_msgs/msg/detail
[1.326s] -- Up-to-date: /home/saber/robox_ws/install/cube_msgs/include/cube_msgs/cube_msgs/msg/detail/color_pose_stamped__traits.hpp
[1.327s] -- Up-to-date: /home/saber/robox_ws/install/cube_msgs/include/cube_msgs/cube_msgs/msg/detail/color_pose_stamped__builder.hpp
[1.327s] -- Up-to-date: /home/saber/robox_ws/install/cube_msgs/include/cube_msgs/cube_msgs/msg/detail/color_pose_stamped__type_support.hpp
[1.327s] -- Up-to-date: /home/saber/robox_ws/install/cube_msgs/include/cube_msgs/cube_msgs/msg/detail/color_pose_stamped__struct.hpp
[1.327s] -- Up-to-date: /home/saber/robox_ws/install/cube_msgs/include/cube_msgs/cube_msgs/msg/rosidl_generator_cpp__visibility_control.hpp
[1.327s] -- Up-to-date: /home/saber/robox_ws/install/cube_msgs/include/cube_msgs/cube_msgs/action
[1.327s] -- Up-to-date: /home/saber/robox_ws/install/cube_msgs/include/cube_msgs/cube_msgs/action/detail
[1.327s] -- Up-to-date: /home/saber/robox_ws/install/cube_msgs/include/cube_msgs/cube_msgs/action/detail/pick_and_place__traits.hpp
[1.327s] -- Up-to-date: /home/saber/robox_ws/install/cube_msgs/include/cube_msgs/cube_msgs/action/detail/pick_and_place__builder.hpp
[1.328s] -- Up-to-date: /home/saber/robox_ws/install/cube_msgs/include/cube_msgs/cube_msgs/action/detail/pick_and_place__struct.hpp
[1.328s] -- Up-to-date: /home/saber/robox_ws/install/cube_msgs/include/cube_msgs/cube_msgs/action/detail/pick_and_place__type_support.hpp
[1.328s] -- Up-to-date: /home/saber/robox_ws/install/cube_msgs/include/cube_msgs/cube_msgs/action/pick_and_place.hpp
[1.328s] -- Up-to-date: /home/saber/robox_ws/install/cube_msgs/include/cube_msgs/cube_msgs
[1.328s] -- Up-to-date: /home/saber/robox_ws/install/cube_msgs/include/cube_msgs/cube_msgs/msg
[1.328s] -- Up-to-date: /home/saber/robox_ws/install/cube_msgs/include/cube_msgs/cube_msgs/msg/rosidl_typesupport_fastrtps_cpp__visibility_control.h
[1.328s] -- Up-to-date: /home/saber/robox_ws/install/cube_msgs/include/cube_msgs/cube_msgs/msg/detail
[1.329s] -- Up-to-date: /home/saber/robox_ws/install/cube_msgs/include/cube_msgs/cube_msgs/msg/detail/color_pose_stamped__rosidl_typesupport_fastrtps_cpp.hpp
[1.329s] -- Up-to-date: /home/saber/robox_ws/install/cube_msgs/include/cube_msgs/cube_msgs/msg/detail/dds_fastrtps
[1.329s] -- Up-to-date: /home/saber/robox_ws/install/cube_msgs/include/cube_msgs/cube_msgs/action
[1.329s] -- Up-to-date: /home/saber/robox_ws/install/cube_msgs/include/cube_msgs/cube_msgs/action/detail
[1.329s] -- Up-to-date: /home/saber/robox_ws/install/cube_msgs/include/cube_msgs/cube_msgs/action/detail/pick_and_place__rosidl_typesupport_fastrtps_cpp.hpp
[1.329s] -- Up-to-date: /home/saber/robox_ws/install/cube_msgs/include/cube_msgs/cube_msgs/action/detail/dds_fastrtps
[1.329s] -- Up-to-date: /home/saber/robox_ws/install/cube_msgs/lib/libcube_msgs__rosidl_typesupport_fastrtps_cpp.so
[1.329s] -- Up-to-date: /home/saber/robox_ws/install/cube_msgs/include/cube_msgs/cube_msgs
[1.329s] -- Up-to-date: /home/saber/robox_ws/install/cube_msgs/include/cube_msgs/cube_msgs/msg
[1.330s] -- Up-to-date: /home/saber/robox_ws/install/cube_msgs/include/cube_msgs/cube_msgs/msg/detail
[1.330s] -- Up-to-date: /home/saber/robox_ws/install/cube_msgs/include/cube_msgs/cube_msgs/msg/detail/color_pose_stamped__type_support.cpp
[1.330s] -- Up-to-date: /home/saber/robox_ws/install/cube_msgs/include/cube_msgs/cube_msgs/msg/detail/color_pose_stamped__rosidl_typesupport_introspection_cpp.hpp
[1.330s] -- Up-to-date: /home/saber/robox_ws/install/cube_msgs/include/cube_msgs/cube_msgs/action
[1.330s] -- Up-to-date: /home/saber/robox_ws/install/cube_msgs/include/cube_msgs/cube_msgs/action/detail
[1.330s] -- Up-to-date: /home/saber/robox_ws/install/cube_msgs/include/cube_msgs/cube_msgs/action/detail/pick_and_place__rosidl_typesupport_introspection_cpp.hpp
[1.330s] -- Up-to-date: /home/saber/robox_ws/install/cube_msgs/include/cube_msgs/cube_msgs/action/detail/pick_and_place__type_support.cpp
[1.330s] -- Up-to-date: /home/saber/robox_ws/install/cube_msgs/lib/libcube_msgs__rosidl_typesupport_introspection_cpp.so
[1.331s] -- Up-to-date: /home/saber/robox_ws/install/cube_msgs/lib/libcube_msgs__rosidl_typesupport_cpp.so
[1.331s] -- Up-to-date: /home/saber/robox_ws/install/cube_msgs/share/cube_msgs/environment/pythonpath.sh
[1.331s] -- Up-to-date: /home/saber/robox_ws/install/cube_msgs/share/cube_msgs/environment/pythonpath.dsv
[1.331s] -- Up-to-date: /home/saber/robox_ws/install/cube_msgs/lib/python3.12/site-packages/cube_msgs-0.0.0-py3.12.egg-info
[1.331s] -- Installing: /home/saber/robox_ws/install/cube_msgs/lib/python3.12/site-packages/cube_msgs-0.0.0-py3.12.egg-info/top_level.txt
[1.331s] -- Installing: /home/saber/robox_ws/install/cube_msgs/lib/python3.12/site-packages/cube_msgs-0.0.0-py3.12.egg-info/SOURCES.txt
[1.331s] -- Installing: /home/saber/robox_ws/install/cube_msgs/lib/python3.12/site-packages/cube_msgs-0.0.0-py3.12.egg-info/dependency_links.txt
[1.331s] -- Installing: /home/saber/robox_ws/install/cube_msgs/lib/python3.12/site-packages/cube_msgs-0.0.0-py3.12.egg-info/PKG-INFO
[1.331s] -- Up-to-date: /home/saber/robox_ws/install/cube_msgs/lib/python3.12/site-packages/cube_msgs
[1.332s] -- Up-to-date: /home/saber/robox_ws/install/cube_msgs/lib/python3.12/site-packages/cube_msgs/__init__.py
[1.332s] -- Up-to-date: /home/saber/robox_ws/install/cube_msgs/lib/python3.12/site-packages/cube_msgs/cube_msgs_s__rosidl_typesupport_c.so
[1.332s] -- Up-to-date: /home/saber/robox_ws/install/cube_msgs/lib/python3.12/site-packages/cube_msgs/cube_msgs_s__rosidl_typesupport_fastrtps_c.so
[1.332s] -- Up-to-date: /home/saber/robox_ws/install/cube_msgs/lib/python3.12/site-packages/cube_msgs/_cube_msgs_s.ep.rosidl_typesupport_introspection_c.c
[1.332s] -- Up-to-date: /home/saber/robox_ws/install/cube_msgs/lib/python3.12/site-packages/cube_msgs/msg
[1.332s] -- Up-to-date: /home/saber/robox_ws/install/cube_msgs/lib/python3.12/site-packages/cube_msgs/msg/_color_pose_stamped.py
[1.332s] -- Up-to-date: /home/saber/robox_ws/install/cube_msgs/lib/python3.12/site-packages/cube_msgs/msg/__init__.py
[1.332s] -- Up-to-date: /home/saber/robox_ws/install/cube_msgs/lib/python3.12/site-packages/cube_msgs/msg/_color_pose_stamped_s.c
[1.332s] -- Up-to-date: /home/saber/robox_ws/install/cube_msgs/lib/python3.12/site-packages/cube_msgs/action
[1.333s] -- Up-to-date: /home/saber/robox_ws/install/cube_msgs/lib/python3.12/site-packages/cube_msgs/action/__init__.py
[1.333s] -- Up-to-date: /home/saber/robox_ws/install/cube_msgs/lib/python3.12/site-packages/cube_msgs/action/_pick_and_place.py
[1.333s] -- Up-to-date: /home/saber/robox_ws/install/cube_msgs/lib/python3.12/site-packages/cube_msgs/action/_pick_and_place_s.c
[1.333s] -- Up-to-date: /home/saber/robox_ws/install/cube_msgs/lib/python3.12/site-packages/cube_msgs/_cube_msgs_s.ep.rosidl_typesupport_fastrtps_c.c
[1.333s] -- Up-to-date: /home/saber/robox_ws/install/cube_msgs/lib/python3.12/site-packages/cube_msgs/cube_msgs_s__rosidl_typesupport_introspection_c.so
[1.333s] -- Up-to-date: /home/saber/robox_ws/install/cube_msgs/lib/python3.12/site-packages/cube_msgs/_cube_msgs_s.ep.rosidl_typesupport_c.c
[1.378s] Listing '/home/saber/robox_ws/install/cube_msgs/lib/python3.12/site-packages/cube_msgs'...
[1.378s] Listing '/home/saber/robox_ws/install/cube_msgs/lib/python3.12/site-packages/cube_msgs/action'...
[1.378s] Listing '/home/saber/robox_ws/install/cube_msgs/lib/python3.12/site-packages/cube_msgs/msg'...
[1.391s] -- Up-to-date: /home/saber/robox_ws/install/cube_msgs/lib/python3.12/site-packages/cube_msgs/cube_msgs_s__rosidl_typesupport_fastrtps_c.so
[1.391s] -- Up-to-date: /home/saber/robox_ws/install/cube_msgs/lib/python3.12/site-packages/cube_msgs/cube_msgs_s__rosidl_typesupport_introspection_c.so
[1.391s] -- Up-to-date: /home/saber/robox_ws/install/cube_msgs/lib/python3.12/site-packages/cube_msgs/cube_msgs_s__rosidl_typesupport_c.so
[1.392s] -- Up-to-date: /home/saber/robox_ws/install/cube_msgs/lib/libcube_msgs__rosidl_generator_py.so
[1.392s] -- Up-to-date: /home/saber/robox_ws/install/cube_msgs/share/cube_msgs/msg/ColorPoseStamped.idl
[1.392s] -- Up-to-date: /home/saber/robox_ws/install/cube_msgs/share/cube_msgs/action/PickAndPlace.idl
[1.392s] -- Up-to-date: /home/saber/robox_ws/install/cube_msgs/share/cube_msgs/msg/ColorPoseStamped.msg
[1.392s] -- Up-to-date: /home/saber/robox_ws/install/cube_msgs/share/cube_msgs/action/PickAndPlace.action
[1.393s] -- Up-to-date: /home/saber/robox_ws/install/cube_msgs/share/ament_index/resource_index/package_run_dependencies/cube_msgs
[1.393s] -- Up-to-date: /home/saber/robox_ws/install/cube_msgs/share/ament_index/resource_index/parent_prefix_path/cube_msgs
[1.393s] -- Up-to-date: /home/saber/robox_ws/install/cube_msgs/share/cube_msgs/environment/ament_prefix_path.sh
[1.393s] -- Up-to-date: /home/saber/robox_ws/install/cube_msgs/share/cube_msgs/environment/ament_prefix_path.dsv
[1.393s] -- Up-to-date: /home/saber/robox_ws/install/cube_msgs/share/cube_msgs/environment/path.sh
[1.393s] -- Up-to-date: /home/saber/robox_ws/install/cube_msgs/share/cube_msgs/environment/path.dsv
[1.393s] -- Up-to-date: /home/saber/robox_ws/install/cube_msgs/share/cube_msgs/local_setup.bash
[1.393s] -- Up-to-date: /home/saber/robox_ws/install/cube_msgs/share/cube_msgs/local_setup.sh
[1.394s] -- Up-to-date: /home/saber/robox_ws/install/cube_msgs/share/cube_msgs/local_setup.zsh
[1.394s] -- Up-to-date: /home/saber/robox_ws/install/cube_msgs/share/cube_msgs/local_setup.dsv
[1.394s] -- Installing: /home/saber/robox_ws/install/cube_msgs/share/cube_msgs/package.dsv
[1.394s] -- Up-to-date: /home/saber/robox_ws/install/cube_msgs/share/ament_index/resource_index/packages/cube_msgs
[1.394s] -- Up-to-date: /home/saber/robox_ws/install/cube_msgs/share/cube_msgs/cmake/export_cube_msgs__rosidl_generator_cExport.cmake
[1.394s] -- Up-to-date: /home/saber/robox_ws/install/cube_msgs/share/cube_msgs/cmake/export_cube_msgs__rosidl_generator_cExport-noconfig.cmake
[1.394s] -- Up-to-date: /home/saber/robox_ws/install/cube_msgs/share/cube_msgs/cmake/export_cube_msgs__rosidl_typesupport_fastrtps_cExport.cmake
[1.394s] -- Up-to-date: /home/saber/robox_ws/install/cube_msgs/share/cube_msgs/cmake/export_cube_msgs__rosidl_typesupport_fastrtps_cExport-noconfig.cmake
[1.395s] -- Up-to-date: /home/saber/robox_ws/install/cube_msgs/share/cube_msgs/cmake/cube_msgs__rosidl_typesupport_introspection_cExport.cmake
[1.395s] -- Up-to-date: /home/saber/robox_ws/install/cube_msgs/share/cube_msgs/cmake/cube_msgs__rosidl_typesupport_introspection_cExport-noconfig.cmake
[1.395s] -- Up-to-date: /home/saber/robox_ws/install/cube_msgs/share/cube_msgs/cmake/cube_msgs__rosidl_typesupport_cExport.cmake
[1.395s] -- Up-to-date: /home/saber/robox_ws/install/cube_msgs/share/cube_msgs/cmake/cube_msgs__rosidl_typesupport_cExport-noconfig.cmake
[1.395s] -- Up-to-date: /home/saber/robox_ws/install/cube_msgs/share/cube_msgs/cmake/export_cube_msgs__rosidl_generator_cppExport.cmake
[1.396s] -- Up-to-date: /home/saber/robox_ws/install/cube_msgs/share/cube_msgs/cmake/export_cube_msgs__rosidl_typesupport_fastrtps_cppExport.cmake
[1.396s] -- Up-to-date: /home/saber/robox_ws/install/cube_msgs/share/cube_msgs/cmake/export_cube_msgs__rosidl_typesupport_fastrtps_cppExport-noconfig.cmake
[1.396s] -- Up-to-date: /home/saber/robox_ws/install/cube_msgs/share/cube_msgs/cmake/cube_msgs__rosidl_typesupport_introspection_cppExport.cmake
[1.397s] -- Up-to-date: /home/saber/robox_ws/install/cube_msgs/share/cube_msgs/cmake/cube_msgs__rosidl_typesupport_introspection_cppExport-noconfig.cmake
[1.397s] -- Up-to-date: /home/saber/robox_ws/install/cube_msgs/share/cube_msgs/cmake/cube_msgs__rosidl_typesupport_cppExport.cmake
[1.397s] -- Up-to-date: /home/saber/robox_ws/install/cube_msgs/share/cube_msgs/cmake/cube_msgs__rosidl_typesupport_cppExport-noconfig.cmake
[1.397s] -- Up-to-date: /home/saber/robox_ws/install/cube_msgs/share/cube_msgs/cmake/export_cube_msgs__rosidl_generator_pyExport.cmake
[1.397s] -- Up-to-date: /home/saber/robox_ws/install/cube_msgs/share/cube_msgs/cmake/export_cube_msgs__rosidl_generator_pyExport-noconfig.cmake
[1.397s] -- Up-to-date: /home/saber/robox_ws/install/cube_msgs/share/cube_msgs/cmake/rosidl_cmake-extras.cmake
[1.397s] -- Up-to-date: /home/saber/robox_ws/install/cube_msgs/share/cube_msgs/cmake/ament_cmake_export_dependencies-extras.cmake
[1.398s] -- Up-to-date: /home/saber/robox_ws/install/cube_msgs/share/cube_msgs/cmake/ament_cmake_export_include_directories-extras.cmake
[1.399s] -- Up-to-date: /home/saber/robox_ws/install/cube_msgs/share/cube_msgs/cmake/ament_cmake_export_libraries-extras.cmake
[1.399s] -- Up-to-date: /home/saber/robox_ws/install/cube_msgs/share/cube_msgs/cmake/ament_cmake_export_targets-extras.cmake
[1.400s] -- Up-to-date: /home/saber/robox_ws/install/cube_msgs/share/cube_msgs/cmake/rosidl_cmake_export_typesupport_targets-extras.cmake
[1.402s] -- Up-to-date: /home/saber/robox_ws/install/cube_msgs/share/cube_msgs/cmake/rosidl_cmake_export_typesupport_libraries-extras.cmake
[1.402s] -- Up-to-date: /home/saber/robox_ws/install/cube_msgs/share/cube_msgs/cmake/cube_msgsConfig.cmake
[1.402s] -- Up-to-date: /home/saber/robox_ws/install/cube_msgs/share/cube_msgs/cmake/cube_msgsConfig-version.cmake
[1.403s] -- Up-to-date: /home/saber/robox_ws/install/cube_msgs/share/cube_msgs/package.xml
[1.423s] Invoked command in '/home/saber/robox_ws/build/cube_msgs' returned '0': CMAKE_PREFIX_PATH=${CMAKE_PREFIX_PATH}:/home/saber/robox_ws/install/dashboard:/home/saber/robox_ws/install/color_pose_publisher:/home/saber/robox_ws/install/arduinobot_py_examples:/opt/ros/jazzy DEBUGINFOD_URLS=https://debuginfod.ubuntu.com /usr/bin/cmake --install /home/saber/robox_ws/build/cube_msgs
