[1.927s] Invoking command in '/home/saber/robox_ws/src/dashboard': DEBUGINFOD_URLS=https://debuginfod.ubuntu.com PYTHONPATH=/home/saber/robox_ws/build/dashboard/prefix_override:/usr/lib/python3/dist-packages/colcon_core/task/python/colcon_distutils_commands:/home/saber/robox_ws/install/dashboard/lib/python3.12/site-packages:${PYTHONPATH} /usr/bin/python3 -W ignore:setup.py install is deprecated -W ignore:easy_install command is deprecated setup.py egg_info --egg-base ../../build/dashboard build --build-base /home/saber/robox_ws/build/dashboard/build install --record /home/saber/robox_ws/build/dashboard/install.log --single-version-externally-managed install_data
[2.258s] running egg_info
[2.285s] writing ../../build/dashboard/dashboard.egg-info/PKG-INFO
[2.285s] writing dependency_links to ../../build/dashboard/dashboard.egg-info/dependency_links.txt
[2.285s] writing requirements to ../../build/dashboard/dashboard.egg-info/requires.txt
[2.285s] writing top-level names to ../../build/dashboard/dashboard.egg-info/top_level.txt
[2.341s] reading manifest file '../../build/dashboard/dashboard.egg-info/SOURCES.txt'
[2.341s] writing manifest file '../../build/dashboard/dashboard.egg-info/SOURCES.txt'
[2.342s] running build
[2.342s] running build_py
[2.342s] running install
[2.347s] running install_lib
[2.375s] running install_data
[2.376s] copying launch/color_stacking.launch.py -> /home/saber/robox_ws/install/dashboard/share/dashboard/launch
[2.376s] running install_egg_info
[2.405s] removing '/home/saber/robox_ws/install/dashboard/lib/python3.12/site-packages/dashboard-0.0.0-py3.12.egg-info' (and everything under it)
[2.405s] Copying ../../build/dashboard/dashboard.egg-info to /home/saber/robox_ws/install/dashboard/lib/python3.12/site-packages/dashboard-0.0.0-py3.12.egg-info
[2.406s] running install_scripts
[2.588s] writing list of installed files to '/home/saber/robox_ws/build/dashboard/install.log'
[2.652s] Invoked command in '/home/saber/robox_ws/src/dashboard' returned '0': DEBUGINFOD_URLS=https://debuginfod.ubuntu.com PYTHONPATH=/home/saber/robox_ws/build/dashboard/prefix_override:/usr/lib/python3/dist-packages/colcon_core/task/python/colcon_distutils_commands:/home/saber/robox_ws/install/dashboard/lib/python3.12/site-packages:${PYTHONPATH} /usr/bin/python3 -W ignore:setup.py install is deprecated -W ignore:easy_install command is deprecated setup.py egg_info --egg-base ../../build/dashboard build --build-base /home/saber/robox_ws/build/dashboard/build install --record /home/saber/robox_ws/build/dashboard/install.log --single-version-externally-managed install_data
