[1.915s] Invoking command in '/home/saber/robox_ws/src/color_pose_publisher': DEBUGINFOD_URLS=https://debuginfod.ubuntu.com PYTHONPATH=/home/saber/robox_ws/build/color_pose_publisher/prefix_override:/usr/lib/python3/dist-packages/colcon_core/task/python/colcon_distutils_commands:/home/saber/robox_ws/install/color_pose_publisher/lib/python3.12/site-packages:${PYTHONPATH} /usr/bin/python3 -W ignore:setup.py install is deprecated -W ignore:easy_install command is deprecated setup.py egg_info --egg-base ../../build/color_pose_publisher build --build-base /home/saber/robox_ws/build/color_pose_publisher/build install --record /home/saber/robox_ws/build/color_pose_publisher/install.log --single-version-externally-managed install_data
[2.278s] running egg_info
[2.309s] writing ../../build/color_pose_publisher/color_pose_publisher.egg-info/PKG-INFO
[2.310s] writing dependency_links to ../../build/color_pose_publisher/color_pose_publisher.egg-info/dependency_links.txt
[2.310s] writing entry points to ../../build/color_pose_publisher/color_pose_publisher.egg-info/entry_points.txt
[2.310s] writing requirements to ../../build/color_pose_publisher/color_pose_publisher.egg-info/requires.txt
[2.310s] writing top-level names to ../../build/color_pose_publisher/color_pose_publisher.egg-info/top_level.txt
[2.368s] reading manifest file '../../build/color_pose_publisher/color_pose_publisher.egg-info/SOURCES.txt'
[2.369s] writing manifest file '../../build/color_pose_publisher/color_pose_publisher.egg-info/SOURCES.txt'
[2.369s] running build
[2.369s] running build_py
[2.370s] copying color_pose_publisher/ppc_action_client_stacking.py -> /home/saber/robox_ws/build/color_pose_publisher/build/lib/color_pose_publisher
[2.370s] running install
[2.376s] running install_lib
[2.405s] copying /home/saber/robox_ws/build/color_pose_publisher/build/lib/color_pose_publisher/ppc_action_client_stacking.py -> /home/saber/robox_ws/install/color_pose_publisher/lib/python3.12/site-packages/color_pose_publisher
[2.406s] byte-compiling /home/saber/robox_ws/install/color_pose_publisher/lib/python3.12/site-packages/color_pose_publisher/ppc_action_client_stacking.py to ppc_action_client_stacking.cpython-312.pyc
[2.408s] running install_data
[2.408s] running install_egg_info
[2.440s] removing '/home/saber/robox_ws/install/color_pose_publisher/lib/python3.12/site-packages/color_pose_publisher-0.0.1-py3.12.egg-info' (and everything under it)
[2.441s] Copying ../../build/color_pose_publisher/color_pose_publisher.egg-info to /home/saber/robox_ws/install/color_pose_publisher/lib/python3.12/site-packages/color_pose_publisher-0.0.1-py3.12.egg-info
[2.442s] running install_scripts
[2.663s] Installing color_pose_publisher_node script to /home/saber/robox_ws/install/color_pose_publisher/lib/color_pose_publisher
[2.663s] Installing color_tracking_pub script to /home/saber/robox_ws/install/color_pose_publisher/lib/color_pose_publisher
[2.663s] Installing ppc_action_client script to /home/saber/robox_ws/install/color_pose_publisher/lib/color_pose_publisher
[2.663s] Installing ppc_action_client_stacking script to /home/saber/robox_ws/install/color_pose_publisher/lib/color_pose_publisher
[2.664s] Installing qr_action_client script to /home/saber/robox_ws/install/color_pose_publisher/lib/color_pose_publisher
[2.664s] writing list of installed files to '/home/saber/robox_ws/build/color_pose_publisher/install.log'
[2.743s] Invoked command in '/home/saber/robox_ws/src/color_pose_publisher' returned '0': DEBUGINFOD_URLS=https://debuginfod.ubuntu.com PYTHONPATH=/home/saber/robox_ws/build/color_pose_publisher/prefix_override:/usr/lib/python3/dist-packages/colcon_core/task/python/colcon_distutils_commands:/home/saber/robox_ws/install/color_pose_publisher/lib/python3.12/site-packages:${PYTHONPATH} /usr/bin/python3 -W ignore:setup.py install is deprecated -W ignore:easy_install command is deprecated setup.py egg_info --egg-base ../../build/color_pose_publisher build --build-base /home/saber/robox_ws/build/color_pose_publisher/build install --record /home/saber/robox_ws/build/color_pose_publisher/install.log --single-version-externally-managed install_data
