[2.307s] Invoking command in '/home/saber/robox_ws/src/color_pose_publisher': DEBUGINFOD_URLS=https://debuginfod.ubuntu.com PYTHONPATH=/home/saber/robox_ws/build/color_pose_publisher/prefix_override:/usr/lib/python3/dist-packages/colcon_core/task/python/colcon_distutils_commands:/home/saber/robox_ws/install/color_pose_publisher/lib/python3.12/site-packages:${PYTHONPATH} /usr/bin/python3 -W ignore:setup.py install is deprecated -W ignore:easy_install command is deprecated setup.py egg_info --egg-base ../../build/color_pose_publisher build --build-base /home/saber/robox_ws/build/color_pose_publisher/build install --record /home/saber/robox_ws/build/color_pose_publisher/install.log --single-version-externally-managed install_data
[2.883s] running egg_info
[2.933s] writing ../../build/color_pose_publisher/color_pose_publisher.egg-info/PKG-INFO
[2.934s] writing dependency_links to ../../build/color_pose_publisher/color_pose_publisher.egg-info/dependency_links.txt
[2.934s] writing entry points to ../../build/color_pose_publisher/color_pose_publisher.egg-info/entry_points.txt
[2.934s] writing requirements to ../../build/color_pose_publisher/color_pose_publisher.egg-info/requires.txt
[2.935s] writing top-level names to ../../build/color_pose_publisher/color_pose_publisher.egg-info/top_level.txt
[3.036s] reading manifest file '../../build/color_pose_publisher/color_pose_publisher.egg-info/SOURCES.txt'
[3.038s] writing manifest file '../../build/color_pose_publisher/color_pose_publisher.egg-info/SOURCES.txt'
[3.038s] running build
[3.038s] running build_py
[3.039s] running install
[3.049s] running install_lib
[3.105s] running install_data
[3.106s] running install_egg_info
[3.160s] removing '/home/saber/robox_ws/install/color_pose_publisher/lib/python3.12/site-packages/color_pose_publisher-0.0.1-py3.12.egg-info' (and everything under it)
[3.161s] Copying ../../build/color_pose_publisher/color_pose_publisher.egg-info to /home/saber/robox_ws/install/color_pose_publisher/lib/python3.12/site-packages/color_pose_publisher-0.0.1-py3.12.egg-info
[3.163s] running install_scripts
[3.494s] Installing color_pose_publisher_node script to /home/saber/robox_ws/install/color_pose_publisher/lib/color_pose_publisher
[3.495s] Installing ppc_action_client script to /home/saber/robox_ws/install/color_pose_publisher/lib/color_pose_publisher
[3.496s] writing list of installed files to '/home/saber/robox_ws/build/color_pose_publisher/install.log'
[3.553s] Invoked command in '/home/saber/robox_ws/src/color_pose_publisher' returned '0': DEBUGINFOD_URLS=https://debuginfod.ubuntu.com PYTHONPATH=/home/saber/robox_ws/build/color_pose_publisher/prefix_override:/usr/lib/python3/dist-packages/colcon_core/task/python/colcon_distutils_commands:/home/saber/robox_ws/install/color_pose_publisher/lib/python3.12/site-packages:${PYTHONPATH} /usr/bin/python3 -W ignore:setup.py install is deprecated -W ignore:easy_install command is deprecated setup.py egg_info --egg-base ../../build/color_pose_publisher build --build-base /home/saber/robox_ws/build/color_pose_publisher/build install --record /home/saber/robox_ws/build/color_pose_publisher/install.log --single-version-externally-managed install_data
