[0.066s] Invoking command in '/home/saber/robox_ws/build/moveit_ros_control_interface': AMENT_PREFIX_PATH=/home/saber/robox_ws/install/moveit_simple_controller_manager:/home/saber/robox_ws/install/moveit_core:/home/saber/robox_ws/install/moveit_common:${AMENT_PREFIX_PATH} CMAKE_PREFIX_PATH=/home/saber/robox_ws/install/moveit_simple_controller_manager:/home/saber/robox_ws/install/moveit_core:/home/saber/robox_ws/install/moveit_common:/home/saber/arduinobot_ws/install/controller:/home/saber/arduinobot_ws/install/arm_description:/home/saber/arduinobot_ws/install/arduinobot_cpp_examples:/opt/ros/jazzy/opt/gz_sim_vendor:/opt/ros/jazzy/opt/gz_sensors_vendor:/opt/ros/jazzy/opt/gz_physics_vendor:/opt/ros/jazzy/opt/sdformat_vendor:/opt/ros/jazzy/opt/gz_gui_vendor:/opt/ros/jazzy/opt/gz_transport_vendor:/opt/ros/jazzy/opt/gz_rendering_vendor:/opt/ros/jazzy/opt/gz_plugin_vendor:/opt/ros/jazzy/opt/gz_fuel_tools_vendor:/opt/ros/jazzy/opt/gz_msgs_vendor:/opt/ros/jazzy/opt/gz_common_vendor:/opt/ros/jazzy/opt/gz_math_vendor:/opt/ros/jazzy/opt/gz_utils_vendor:/opt/ros/jazzy/opt/gz_tools_vendor:/opt/ros/jazzy/opt/gz_ogre_next_vendor:/opt/ros/jazzy/opt/gz_dartsim_vendor:/opt/ros/jazzy/opt/gz_cmake_vendor:/home/saber/arduinobot_ws/install/arduinobot_py_examples:/opt/ros/jazzy DEBUGINFOD_URLS=https://debuginfod.ubuntu.com LD_LIBRARY_PATH=/home/saber/robox_ws/install/moveit_simple_controller_manager/lib:/home/saber/robox_ws/install/moveit_core/lib:${LD_LIBRARY_PATH} PATH=/home/saber/robox_ws/install/moveit_core/bin:${PATH} /usr/bin/cmake --build /home/saber/robox_ws/build/moveit_ros_control_interface -- -j16 -l16
[0.155s] [ 25%] Built target gtest
[0.155s] [ 25%] Built target gtest_main
[0.158s] [ 75%] Built target moveit_ros_control_interface_gripper_plugin
[0.158s] [ 75%] Built target moveit_ros_control_interface_parallel_gripper_plugin
[0.158s] [ 75%] Built target moveit_ros_control_interface_empty_plugin
[0.158s] [ 75%] Built target moveit_ros_control_interface_trajectory_plugin
[0.164s] [ 87%] Built target moveit_ros_control_interface_plugin
[0.201s] [100%] Built target test_controller_manager_plugin
[0.215s] Invoked command in '/home/saber/robox_ws/build/moveit_ros_control_interface' returned '0': AMENT_PREFIX_PATH=/home/saber/robox_ws/install/moveit_simple_controller_manager:/home/saber/robox_ws/install/moveit_core:/home/saber/robox_ws/install/moveit_common:${AMENT_PREFIX_PATH} CMAKE_PREFIX_PATH=/home/saber/robox_ws/install/moveit_simple_controller_manager:/home/saber/robox_ws/install/moveit_core:/home/saber/robox_ws/install/moveit_common:/home/saber/arduinobot_ws/install/controller:/home/saber/arduinobot_ws/install/arm_description:/home/saber/arduinobot_ws/install/arduinobot_cpp_examples:/opt/ros/jazzy/opt/gz_sim_vendor:/opt/ros/jazzy/opt/gz_sensors_vendor:/opt/ros/jazzy/opt/gz_physics_vendor:/opt/ros/jazzy/opt/sdformat_vendor:/opt/ros/jazzy/opt/gz_gui_vendor:/opt/ros/jazzy/opt/gz_transport_vendor:/opt/ros/jazzy/opt/gz_rendering_vendor:/opt/ros/jazzy/opt/gz_plugin_vendor:/opt/ros/jazzy/opt/gz_fuel_tools_vendor:/opt/ros/jazzy/opt/gz_msgs_vendor:/opt/ros/jazzy/opt/gz_common_vendor:/opt/ros/jazzy/opt/gz_math_vendor:/opt/ros/jazzy/opt/gz_utils_vendor:/opt/ros/jazzy/opt/gz_tools_vendor:/opt/ros/jazzy/opt/gz_ogre_next_vendor:/opt/ros/jazzy/opt/gz_dartsim_vendor:/opt/ros/jazzy/opt/gz_cmake_vendor:/home/saber/arduinobot_ws/install/arduinobot_py_examples:/opt/ros/jazzy DEBUGINFOD_URLS=https://debuginfod.ubuntu.com LD_LIBRARY_PATH=/home/saber/robox_ws/install/moveit_simple_controller_manager/lib:/home/saber/robox_ws/install/moveit_core/lib:${LD_LIBRARY_PATH} PATH=/home/saber/robox_ws/install/moveit_core/bin:${PATH} /usr/bin/cmake --build /home/saber/robox_ws/build/moveit_ros_control_interface -- -j16 -l16
[0.217s] Invoking command in '/home/saber/robox_ws/build/moveit_ros_control_interface': AMENT_PREFIX_PATH=/home/saber/robox_ws/install/moveit_simple_controller_manager:/home/saber/robox_ws/install/moveit_core:/home/saber/robox_ws/install/moveit_common:${AMENT_PREFIX_PATH} CMAKE_PREFIX_PATH=/home/saber/robox_ws/install/moveit_simple_controller_manager:/home/saber/robox_ws/install/moveit_core:/home/saber/robox_ws/install/moveit_common:/home/saber/arduinobot_ws/install/controller:/home/saber/arduinobot_ws/install/arm_description:/home/saber/arduinobot_ws/install/arduinobot_cpp_examples:/opt/ros/jazzy/opt/gz_sim_vendor:/opt/ros/jazzy/opt/gz_sensors_vendor:/opt/ros/jazzy/opt/gz_physics_vendor:/opt/ros/jazzy/opt/sdformat_vendor:/opt/ros/jazzy/opt/gz_gui_vendor:/opt/ros/jazzy/opt/gz_transport_vendor:/opt/ros/jazzy/opt/gz_rendering_vendor:/opt/ros/jazzy/opt/gz_plugin_vendor:/opt/ros/jazzy/opt/gz_fuel_tools_vendor:/opt/ros/jazzy/opt/gz_msgs_vendor:/opt/ros/jazzy/opt/gz_common_vendor:/opt/ros/jazzy/opt/gz_math_vendor:/opt/ros/jazzy/opt/gz_utils_vendor:/opt/ros/jazzy/opt/gz_tools_vendor:/opt/ros/jazzy/opt/gz_ogre_next_vendor:/opt/ros/jazzy/opt/gz_dartsim_vendor:/opt/ros/jazzy/opt/gz_cmake_vendor:/home/saber/arduinobot_ws/install/arduinobot_py_examples:/opt/ros/jazzy DEBUGINFOD_URLS=https://debuginfod.ubuntu.com LD_LIBRARY_PATH=/home/saber/robox_ws/install/moveit_simple_controller_manager/lib:/home/saber/robox_ws/install/moveit_core/lib:${LD_LIBRARY_PATH} PATH=/home/saber/robox_ws/install/moveit_core/bin:${PATH} /usr/bin/cmake --install /home/saber/robox_ws/build/moveit_ros_control_interface
[0.227s] -- Install configuration: "Release"
[0.227s] -- Execute custom install script
[0.227s] -- Up-to-date symlink: /home/saber/robox_ws/install/moveit_ros_control_interface/include/moveit_ros_control_interface/moveit_ros_control_interface/ControllerHandle.h
[0.227s] -- Up-to-date symlink: /home/saber/robox_ws/install/moveit_ros_control_interface/include/moveit_ros_control_interface/moveit_ros_control_interface/ControllerHandle.hpp
[0.227s] -- Up-to-date symlink: /home/saber/robox_ws/install/moveit_ros_control_interface/share/moveit_ros_control_interface//moveit_core_plugins.xml
[0.228s] -- Up-to-date symlink: /home/saber/robox_ws/install/moveit_ros_control_interface/share/moveit_ros_control_interface//moveit_ros_control_interface_plugins.xml
[0.228s] -- Up-to-date symlink: /home/saber/robox_ws/install/moveit_ros_control_interface/share/moveit_ros_control_interface/environment/library_path.sh
[0.228s] -- Up-to-date symlink: /home/saber/robox_ws/install/moveit_ros_control_interface/share/moveit_ros_control_interface/environment/library_path.dsv
[0.228s] -- Up-to-date symlink: /home/saber/robox_ws/install/moveit_ros_control_interface/share/ament_index/resource_index/package_run_dependencies/moveit_ros_control_interface
[0.228s] -- Up-to-date symlink: /home/saber/robox_ws/install/moveit_ros_control_interface/share/ament_index/resource_index/parent_prefix_path/moveit_ros_control_interface
[0.228s] -- Up-to-date symlink: /home/saber/robox_ws/install/moveit_ros_control_interface/share/moveit_ros_control_interface/environment/ament_prefix_path.sh
[0.228s] -- Up-to-date symlink: /home/saber/robox_ws/install/moveit_ros_control_interface/share/moveit_ros_control_interface/environment/ament_prefix_path.dsv
[0.229s] -- Up-to-date symlink: /home/saber/robox_ws/install/moveit_ros_control_interface/share/moveit_ros_control_interface/environment/path.sh
[0.229s] -- Up-to-date symlink: /home/saber/robox_ws/install/moveit_ros_control_interface/share/moveit_ros_control_interface/environment/path.dsv
[0.229s] -- Up-to-date symlink: /home/saber/robox_ws/install/moveit_ros_control_interface/share/moveit_ros_control_interface/local_setup.bash
[0.229s] -- Up-to-date symlink: /home/saber/robox_ws/install/moveit_ros_control_interface/share/moveit_ros_control_interface/local_setup.sh
[0.229s] -- Up-to-date symlink: /home/saber/robox_ws/install/moveit_ros_control_interface/share/moveit_ros_control_interface/local_setup.zsh
[0.229s] -- Up-to-date symlink: /home/saber/robox_ws/install/moveit_ros_control_interface/share/moveit_ros_control_interface/local_setup.dsv
[0.229s] -- Symlinking: /home/saber/robox_ws/install/moveit_ros_control_interface/share/moveit_ros_control_interface/package.dsv
[0.243s] -- Up-to-date symlink: /home/saber/robox_ws/install/moveit_ros_control_interface/share/ament_index/resource_index/packages/moveit_ros_control_interface
[0.243s] -- Up-to-date symlink: /home/saber/robox_ws/install/moveit_ros_control_interface/share/ament_index/resource_index/moveit_core__pluginlib__plugin/moveit_ros_control_interface
[0.243s] -- Up-to-date symlink: /home/saber/robox_ws/install/moveit_ros_control_interface/share/ament_index/resource_index/moveit_ros_control_interface__pluginlib__plugin/moveit_ros_control_interface
[0.243s] -- Up-to-date symlink: /home/saber/robox_ws/install/moveit_ros_control_interface/share/moveit_ros_control_interface/cmake/ConfigExtras.cmake
[0.243s] -- Up-to-date symlink: /home/saber/robox_ws/install/moveit_ros_control_interface/share/moveit_ros_control_interface/cmake/ament_cmake_export_targets-extras.cmake
[0.244s] -- Up-to-date symlink: /home/saber/robox_ws/install/moveit_ros_control_interface/share/moveit_ros_control_interface/cmake/ament_cmake_export_dependencies-extras.cmake
[0.244s] -- Up-to-date symlink: /home/saber/robox_ws/install/moveit_ros_control_interface/share/moveit_ros_control_interface/cmake/moveit_ros_control_interfaceConfig.cmake
[0.244s] -- Up-to-date symlink: /home/saber/robox_ws/install/moveit_ros_control_interface/share/moveit_ros_control_interface/cmake/moveit_ros_control_interfaceConfig-version.cmake
[0.244s] -- Up-to-date symlink: /home/saber/robox_ws/install/moveit_ros_control_interface/share/moveit_ros_control_interface/package.xml
[0.245s] -- Up-to-date: /home/saber/robox_ws/install/moveit_ros_control_interface/lib/libmoveit_ros_control_interface_plugin.so.2.12.3
[0.245s] -- Up-to-date: /home/saber/robox_ws/install/moveit_ros_control_interface/lib/libmoveit_ros_control_interface_plugin.so
[0.245s] -- Up-to-date: /home/saber/robox_ws/install/moveit_ros_control_interface/lib/libmoveit_ros_control_interface_trajectory_plugin.so.2.12.3
[0.245s] -- Up-to-date: /home/saber/robox_ws/install/moveit_ros_control_interface/lib/libmoveit_ros_control_interface_trajectory_plugin.so
[0.246s] -- Up-to-date: /home/saber/robox_ws/install/moveit_ros_control_interface/lib/libmoveit_ros_control_interface_gripper_plugin.so.2.12.3
[0.246s] -- Up-to-date: /home/saber/robox_ws/install/moveit_ros_control_interface/lib/libmoveit_ros_control_interface_gripper_plugin.so
[0.246s] -- Up-to-date: /home/saber/robox_ws/install/moveit_ros_control_interface/lib/libmoveit_ros_control_interface_parallel_gripper_plugin.so.2.12.3
[0.246s] -- Up-to-date: /home/saber/robox_ws/install/moveit_ros_control_interface/lib/libmoveit_ros_control_interface_parallel_gripper_plugin.so
[0.246s] -- Up-to-date: /home/saber/robox_ws/install/moveit_ros_control_interface/lib/libmoveit_ros_control_interface_empty_plugin.so.2.12.3
[0.247s] -- Up-to-date: /home/saber/robox_ws/install/moveit_ros_control_interface/lib/libmoveit_ros_control_interface_empty_plugin.so
[0.247s] -- Up-to-date: /home/saber/robox_ws/install/moveit_ros_control_interface/share/moveit_ros_control_interface/cmake/moveit_ros_control_interfaceTargetsExport.cmake
[0.247s] -- Up-to-date: /home/saber/robox_ws/install/moveit_ros_control_interface/share/moveit_ros_control_interface/cmake/moveit_ros_control_interfaceTargetsExport-release.cmake
[0.250s] Invoked command in '/home/saber/robox_ws/build/moveit_ros_control_interface' returned '0': AMENT_PREFIX_PATH=/home/saber/robox_ws/install/moveit_simple_controller_manager:/home/saber/robox_ws/install/moveit_core:/home/saber/robox_ws/install/moveit_common:${AMENT_PREFIX_PATH} CMAKE_PREFIX_PATH=/home/saber/robox_ws/install/moveit_simple_controller_manager:/home/saber/robox_ws/install/moveit_core:/home/saber/robox_ws/install/moveit_common:/home/saber/arduinobot_ws/install/controller:/home/saber/arduinobot_ws/install/arm_description:/home/saber/arduinobot_ws/install/arduinobot_cpp_examples:/opt/ros/jazzy/opt/gz_sim_vendor:/opt/ros/jazzy/opt/gz_sensors_vendor:/opt/ros/jazzy/opt/gz_physics_vendor:/opt/ros/jazzy/opt/sdformat_vendor:/opt/ros/jazzy/opt/gz_gui_vendor:/opt/ros/jazzy/opt/gz_transport_vendor:/opt/ros/jazzy/opt/gz_rendering_vendor:/opt/ros/jazzy/opt/gz_plugin_vendor:/opt/ros/jazzy/opt/gz_fuel_tools_vendor:/opt/ros/jazzy/opt/gz_msgs_vendor:/opt/ros/jazzy/opt/gz_common_vendor:/opt/ros/jazzy/opt/gz_math_vendor:/opt/ros/jazzy/opt/gz_utils_vendor:/opt/ros/jazzy/opt/gz_tools_vendor:/opt/ros/jazzy/opt/gz_ogre_next_vendor:/opt/ros/jazzy/opt/gz_dartsim_vendor:/opt/ros/jazzy/opt/gz_cmake_vendor:/home/saber/arduinobot_ws/install/arduinobot_py_examples:/opt/ros/jazzy DEBUGINFOD_URLS=https://debuginfod.ubuntu.com LD_LIBRARY_PATH=/home/saber/robox_ws/install/moveit_simple_controller_manager/lib:/home/saber/robox_ws/install/moveit_core/lib:${LD_LIBRARY_PATH} PATH=/home/saber/robox_ws/install/moveit_core/bin:${PATH} /usr/bin/cmake --install /home/saber/robox_ws/build/moveit_ros_control_interface
