-- Found ament_cmake: 2.5.4 (/opt/ros/jazzy/share/ament_cmake/cmake)
-- Found Python3: /usr/bin/python3 (found version "3.12.3") found components: Interpreter 
-- Override CMake install command with custom implementation using symlinks instead of copying resources
-- Found rclcpp: 28.1.9 (/opt/ros/jazzy/share/rclcpp/cmake)
-- Found rosidl_generator_c: 4.6.5 (/opt/ros/jazzy/share/rosidl_generator_c/cmake)
-- Found rosidl_generator_cpp: 4.6.5 (/opt/ros/jazzy/share/rosidl_generator_cpp/cmake)
-- Using all available rosidl_typesupport_c: rosidl_typesupport_fastrtps_c;rosidl_typesupport_introspection_c
-- Using all available rosidl_typesupport_cpp: rosidl_typesupport_fastrtps_cpp;rosidl_typesupport_introspection_cpp
-- Found rmw_implementation_cmake: 7.3.2 (/opt/ros/jazzy/share/rmw_implementation_cmake/cmake)
-- Found rmw_cyclonedds_cpp: 2.2.3 (/opt/ros/jazzy/share/rmw_cyclonedds_cpp/cmake)
-- Using RMW implementation 'rmw_cyclonedds_cpp' as default
-- Found geometry_msgs: 5.3.6 (/opt/ros/jazzy/share/geometry_msgs/cmake)
-- Found moveit_ros_planning_interface: 2.12.3 (/home/saber/robox_ws/install/moveit_ros_planning_interface/share/moveit_ros_planning_interface/cmake)
-- Found Boost: /usr/lib/x86_64-linux-gnu/cmake/Boost-1.83.0/BoostConfig.cmake (found version "1.83.0") found components: date_time filesystem program_options system thread 
-- Found Boost: /usr/lib/x86_64-linux-gnu/cmake/Boost-1.83.0/BoostConfig.cmake (found version "1.83.0") found components: chrono date_time filesystem iostreams program_options regex serialization system thread 
-- Found parameter_traits: 0.4.0 (/opt/ros/jazzy/share/parameter_traits/cmake)
-- Found rclcpp_lifecycle: 28.1.9 (/opt/ros/jazzy/share/rclcpp_lifecycle/cmake)
-- Found Boost: /usr/lib/x86_64-linux-gnu/cmake/Boost-1.83.0/BoostConfig.cmake (found version "1.83.0") found components: filesystem 
-- Ensuring Eigen3 include directory is part of orocos-kdl CMake target
-- Found TinyXML2 via Config file: /usr/lib/x86_64-linux-gnu/cmake/tinyxml2
-- Found Boost: /usr/lib/x86_64-linux-gnu/cmake/Boost-1.83.0/BoostConfig.cmake (found version "1.83.0") found components: system filesystem date_time program_options thread chrono 
-- Found Boost: /usr/lib/x86_64-linux-gnu/cmake/Boost-1.83.0/BoostConfig.cmake (found version "1.83.0") found components: thread system filesystem regex date_time program_options 
-- Found Boost: /usr/lib/x86_64-linux-gnu/cmake/Boost-1.83.0/BoostConfig.cmake (found version "1.83.0") found components: system filesystem date_time program_options thread 
-- Found controller_manager_msgs: 4.29.0 (/opt/ros/jazzy/share/controller_manager_msgs/cmake)
-- Found rosidl_default_generators: 1.6.0 (/opt/ros/jazzy/share/rosidl_default_generators/cmake)
-- Found rosidl_adapter: 4.6.5 (/opt/ros/jazzy/share/rosidl_adapter/cmake)
-- Found ament_cmake_ros: 0.12.0 (/opt/ros/jazzy/share/ament_cmake_ros/cmake)
-- Using all available rosidl_typesupport_c: rosidl_typesupport_fastrtps_c;rosidl_typesupport_introspection_c
-- Using all available rosidl_typesupport_cpp: rosidl_typesupport_fastrtps_cpp;rosidl_typesupport_introspection_cpp
-- Found python_cmake_module: 0.11.1 (/opt/ros/jazzy/share/python_cmake_module/cmake)
-- Found Python3: /usr/bin/python3 (found version "3.12.3") found components: Interpreter Development NumPy Development.Module Development.Embed 
-- Found ament_lint_auto: 0.17.2 (/opt/ros/jazzy/share/ament_lint_auto/cmake)
-- Added test 'cppcheck' to perform static code analysis on C / C++ code
-- Configured cppcheck include dirs: 
-- Configured cppcheck exclude dirs and/or files: 
-- Added test 'flake8' to check Python code syntax and style conventions
-- Configured 'flake8' exclude dirs and/or files: 
-- Added test 'lint_cmake' to check CMake code style
-- Added test 'pep257' to check Python code against some of the docstring style conventions in PEP 257
-- Added test 'uncrustify' to check C / C++ code style
-- Configured uncrustify additional arguments: 
-- Added test 'xmllint' to check XML markup files
-- Configuring done (2.3s)
-- Generating done (0.1s)
-- Build files have been written to: /home/saber/robox_ws/build/arm_description
/usr/bin/cmake -S/home/saber/robox_ws/src/arm_description -B/home/saber/robox_ws/build/arm_description --check-build-system CMakeFiles/Makefile.cmake 0
/usr/bin/cmake -E cmake_progress_start /home/saber/robox_ws/build/arm_description/CMakeFiles /home/saber/robox_ws/build/arm_description//CMakeFiles/progress.marks
/usr/bin/gmake  -f CMakeFiles/Makefile2 all
gmake[1]: Entering directory '/home/saber/robox_ws/build/arm_description'
/usr/bin/gmake  -f CMakeFiles/arm_description__rosidl_generator_type_description.dir/build.make CMakeFiles/arm_description__rosidl_generator_type_description.dir/depend
/usr/bin/gmake  -f CMakeFiles/ament_cmake_python_symlink_arm_description.dir/build.make CMakeFiles/ament_cmake_python_symlink_arm_description.dir/depend
gmake[2]: Entering directory '/home/saber/robox_ws/build/arm_description'
cd /home/saber/robox_ws/build/arm_description && /usr/bin/cmake -E cmake_depends "Unix Makefiles" /home/saber/robox_ws/src/arm_description /home/saber/robox_ws/src/arm_description /home/saber/robox_ws/build/arm_description /home/saber/robox_ws/build/arm_description /home/saber/robox_ws/build/arm_description/CMakeFiles/ament_cmake_python_symlink_arm_description.dir/DependInfo.cmake "--color="
gmake[2]: Entering directory '/home/saber/robox_ws/build/arm_description'
cd /home/saber/robox_ws/build/arm_description && /usr/bin/cmake -E cmake_depends "Unix Makefiles" /home/saber/robox_ws/src/arm_description /home/saber/robox_ws/src/arm_description /home/saber/robox_ws/build/arm_description /home/saber/robox_ws/build/arm_description /home/saber/robox_ws/build/arm_description/CMakeFiles/arm_description__rosidl_generator_type_description.dir/DependInfo.cmake "--color="
gmake[2]: Leaving directory '/home/saber/robox_ws/build/arm_description'
gmake[2]: Leaving directory '/home/saber/robox_ws/build/arm_description'
/usr/bin/gmake  -f CMakeFiles/ament_cmake_python_symlink_arm_description.dir/build.make CMakeFiles/ament_cmake_python_symlink_arm_description.dir/build
/usr/bin/gmake  -f CMakeFiles/arm_description__rosidl_generator_type_description.dir/build.make CMakeFiles/arm_description__rosidl_generator_type_description.dir/build
gmake[2]: Entering directory '/home/saber/robox_ws/build/arm_description'
/usr/bin/cmake -E create_symlink /home/saber/robox_ws/build/arm_description/rosidl_generator_py/arm_description /home/saber/robox_ws/build/arm_description/ament_cmake_python/arm_description/arm_description
gmake[2]: Entering directory '/home/saber/robox_ws/build/arm_description'
gmake[2]: Nothing to be done for 'CMakeFiles/arm_description__rosidl_generator_type_description.dir/build'.
gmake[2]: Leaving directory '/home/saber/robox_ws/build/arm_description'
gmake[2]: Leaving directory '/home/saber/robox_ws/build/arm_description'
[  2%] Built target arm_description__rosidl_generator_type_description
/usr/bin/gmake  -f CMakeFiles/arm_description__cpp.dir/build.make CMakeFiles/arm_description__cpp.dir/depend
/usr/bin/gmake  -f CMakeFiles/arm_description__rosidl_generator_c.dir/build.make CMakeFiles/arm_description__rosidl_generator_c.dir/depend
gmake[2]: Entering directory '/home/saber/robox_ws/build/arm_description'
cd /home/saber/robox_ws/build/arm_description && /usr/bin/cmake -E cmake_depends "Unix Makefiles" /home/saber/robox_ws/src/arm_description /home/saber/robox_ws/src/arm_description /home/saber/robox_ws/build/arm_description /home/saber/robox_ws/build/arm_description /home/saber/robox_ws/build/arm_description/CMakeFiles/arm_description__cpp.dir/DependInfo.cmake "--color="
gmake[2]: Entering directory '/home/saber/robox_ws/build/arm_description'
cd /home/saber/robox_ws/build/arm_description && /usr/bin/cmake -E cmake_depends "Unix Makefiles" /home/saber/robox_ws/src/arm_description /home/saber/robox_ws/src/arm_description /home/saber/robox_ws/build/arm_description /home/saber/robox_ws/build/arm_description /home/saber/robox_ws/build/arm_description/CMakeFiles/arm_description__rosidl_generator_c.dir/DependInfo.cmake "--color="
[  2%] Built target ament_cmake_python_symlink_arm_description
/usr/bin/gmake  -f CMakeFiles/ament_cmake_python_build_arm_description_egg.dir/build.make CMakeFiles/ament_cmake_python_build_arm_description_egg.dir/depend
gmake[2]: Entering directory '/home/saber/robox_ws/build/arm_description'
cd /home/saber/robox_ws/build/arm_description && /usr/bin/cmake -E cmake_depends "Unix Makefiles" /home/saber/robox_ws/src/arm_description /home/saber/robox_ws/src/arm_description /home/saber/robox_ws/build/arm_description /home/saber/robox_ws/build/arm_description /home/saber/robox_ws/build/arm_description/CMakeFiles/ament_cmake_python_build_arm_description_egg.dir/DependInfo.cmake "--color="
gmake[2]: Leaving directory '/home/saber/robox_ws/build/arm_description'
/usr/bin/gmake  -f CMakeFiles/arm_description__cpp.dir/build.make CMakeFiles/arm_description__cpp.dir/build
gmake[2]: Entering directory '/home/saber/robox_ws/build/arm_description'
gmake[2]: Nothing to be done for 'CMakeFiles/arm_description__cpp.dir/build'.
gmake[2]: Leaving directory '/home/saber/robox_ws/build/arm_description'
gmake[2]: Leaving directory '/home/saber/robox_ws/build/arm_description'
/usr/bin/gmake  -f CMakeFiles/arm_description__rosidl_generator_c.dir/build.make CMakeFiles/arm_description__rosidl_generator_c.dir/build
gmake[2]: Entering directory '/home/saber/robox_ws/build/arm_description'
gmake[2]: Nothing to be done for 'CMakeFiles/arm_description__rosidl_generator_c.dir/build'.
gmake[2]: Leaving directory '/home/saber/robox_ws/build/arm_description'
gmake[2]: Leaving directory '/home/saber/robox_ws/build/arm_description'
[  5%] Built target arm_description__cpp
/usr/bin/gmake  -f CMakeFiles/ament_cmake_python_build_arm_description_egg.dir/build.make CMakeFiles/ament_cmake_python_build_arm_description_egg.dir/build
gmake[2]: Entering directory '/home/saber/robox_ws/build/arm_description'
cd /home/saber/robox_ws/build/arm_description/ament_cmake_python/arm_description && /usr/bin/python3 setup.py egg_info
[ 19%] Built target arm_description__rosidl_generator_c
/usr/bin/gmake  -f CMakeFiles/arm_description__rosidl_typesupport_cpp.dir/build.make CMakeFiles/arm_description__rosidl_typesupport_cpp.dir/depend
/usr/bin/gmake  -f CMakeFiles/arm_description__rosidl_typesupport_fastrtps_c.dir/build.make CMakeFiles/arm_description__rosidl_typesupport_fastrtps_c.dir/depend
/usr/bin/gmake  -f CMakeFiles/arm_description__rosidl_typesupport_fastrtps_cpp.dir/build.make CMakeFiles/arm_description__rosidl_typesupport_fastrtps_cpp.dir/depend
/usr/bin/gmake  -f CMakeFiles/arm_description__rosidl_typesupport_introspection_c.dir/build.make CMakeFiles/arm_description__rosidl_typesupport_introspection_c.dir/depend
/usr/bin/gmake  -f CMakeFiles/arm_description__rosidl_typesupport_c.dir/build.make CMakeFiles/arm_description__rosidl_typesupport_c.dir/depend
/usr/bin/gmake  -f CMakeFiles/arm_description__rosidl_typesupport_introspection_cpp.dir/build.make CMakeFiles/arm_description__rosidl_typesupport_introspection_cpp.dir/depend
gmake[2]: Entering directory '/home/saber/robox_ws/build/arm_description'
cd /home/saber/robox_ws/build/arm_description && /usr/bin/cmake -E cmake_depends "Unix Makefiles" /home/saber/robox_ws/src/arm_description /home/saber/robox_ws/src/arm_description /home/saber/robox_ws/build/arm_description /home/saber/robox_ws/build/arm_description /home/saber/robox_ws/build/arm_description/CMakeFiles/arm_description__rosidl_typesupport_cpp.dir/DependInfo.cmake "--color="
gmake[2]: Entering directory '/home/saber/robox_ws/build/arm_description'
cd /home/saber/robox_ws/build/arm_description && /usr/bin/cmake -E cmake_depends "Unix Makefiles" /home/saber/robox_ws/src/arm_description /home/saber/robox_ws/src/arm_description /home/saber/robox_ws/build/arm_description /home/saber/robox_ws/build/arm_description /home/saber/robox_ws/build/arm_description/CMakeFiles/arm_description__rosidl_typesupport_fastrtps_cpp.dir/DependInfo.cmake "--color="
gmake[2]: Entering directory '/home/saber/robox_ws/build/arm_description'
cd /home/saber/robox_ws/build/arm_description && /usr/bin/cmake -E cmake_depends "Unix Makefiles" /home/saber/robox_ws/src/arm_description /home/saber/robox_ws/src/arm_description /home/saber/robox_ws/build/arm_description /home/saber/robox_ws/build/arm_description /home/saber/robox_ws/build/arm_description/CMakeFiles/arm_description__rosidl_typesupport_fastrtps_c.dir/DependInfo.cmake "--color="
gmake[2]: Entering directory '/home/saber/robox_ws/build/arm_description'
cd /home/saber/robox_ws/build/arm_description && /usr/bin/cmake -E cmake_depends "Unix Makefiles" /home/saber/robox_ws/src/arm_description /home/saber/robox_ws/src/arm_description /home/saber/robox_ws/build/arm_description /home/saber/robox_ws/build/arm_description /home/saber/robox_ws/build/arm_description/CMakeFiles/arm_description__rosidl_typesupport_c.dir/DependInfo.cmake "--color="
gmake[2]: Entering directory '/home/saber/robox_ws/build/arm_description'
cd /home/saber/robox_ws/build/arm_description && /usr/bin/cmake -E cmake_depends "Unix Makefiles" /home/saber/robox_ws/src/arm_description /home/saber/robox_ws/src/arm_description /home/saber/robox_ws/build/arm_description /home/saber/robox_ws/build/arm_description /home/saber/robox_ws/build/arm_description/CMakeFiles/arm_description__rosidl_typesupport_introspection_c.dir/DependInfo.cmake "--color="
gmake[2]: Entering directory '/home/saber/robox_ws/build/arm_description'
cd /home/saber/robox_ws/build/arm_description && /usr/bin/cmake -E cmake_depends "Unix Makefiles" /home/saber/robox_ws/src/arm_description /home/saber/robox_ws/src/arm_description /home/saber/robox_ws/build/arm_description /home/saber/robox_ws/build/arm_description /home/saber/robox_ws/build/arm_description/CMakeFiles/arm_description__rosidl_typesupport_introspection_cpp.dir/DependInfo.cmake "--color="
gmake[2]: Leaving directory '/home/saber/robox_ws/build/arm_description'
gmake[2]: Leaving directory '/home/saber/robox_ws/build/arm_description'
/usr/bin/gmake  -f CMakeFiles/arm_description__rosidl_typesupport_introspection_c.dir/build.make CMakeFiles/arm_description__rosidl_typesupport_introspection_c.dir/build
/usr/bin/gmake  -f CMakeFiles/arm_description__rosidl_typesupport_c.dir/build.make CMakeFiles/arm_description__rosidl_typesupport_c.dir/build
gmake[2]: Leaving directory '/home/saber/robox_ws/build/arm_description'
gmake[2]: Leaving directory '/home/saber/robox_ws/build/arm_description'
/usr/bin/gmake  -f CMakeFiles/arm_description__rosidl_typesupport_cpp.dir/build.make CMakeFiles/arm_description__rosidl_typesupport_cpp.dir/build
/usr/bin/gmake  -f CMakeFiles/arm_description__rosidl_typesupport_introspection_cpp.dir/build.make CMakeFiles/arm_description__rosidl_typesupport_introspection_cpp.dir/build
gmake[2]: Leaving directory '/home/saber/robox_ws/build/arm_description'
/usr/bin/gmake  -f CMakeFiles/arm_description__rosidl_typesupport_fastrtps_c.dir/build.make CMakeFiles/arm_description__rosidl_typesupport_fastrtps_c.dir/build
gmake[2]: Leaving directory '/home/saber/robox_ws/build/arm_description'
/usr/bin/gmake  -f CMakeFiles/arm_description__rosidl_typesupport_fastrtps_cpp.dir/build.make CMakeFiles/arm_description__rosidl_typesupport_fastrtps_cpp.dir/build
gmake[2]: Entering directory '/home/saber/robox_ws/build/arm_description'
gmake[2]: Nothing to be done for 'CMakeFiles/arm_description__rosidl_typesupport_introspection_c.dir/build'.
gmake[2]: Leaving directory '/home/saber/robox_ws/build/arm_description'
gmake[2]: Entering directory '/home/saber/robox_ws/build/arm_description'
gmake[2]: Nothing to be done for 'CMakeFiles/arm_description__rosidl_typesupport_c.dir/build'.
gmake[2]: Leaving directory '/home/saber/robox_ws/build/arm_description'
gmake[2]: Entering directory '/home/saber/robox_ws/build/arm_description'
gmake[2]: Entering directory '/home/saber/robox_ws/build/arm_description'
gmake[2]: Nothing to be done for 'CMakeFiles/arm_description__rosidl_typesupport_cpp.dir/build'.
gmake[2]: Nothing to be done for 'CMakeFiles/arm_description__rosidl_typesupport_fastrtps_c.dir/build'.
gmake[2]: Entering directory '/home/saber/robox_ws/build/arm_description'
gmake[2]: Entering directory '/home/saber/robox_ws/build/arm_description'
gmake[2]: Nothing to be done for 'CMakeFiles/arm_description__rosidl_typesupport_fastrtps_cpp.dir/build'.
gmake[2]: Nothing to be done for 'CMakeFiles/arm_description__rosidl_typesupport_introspection_cpp.dir/build'.
gmake[2]: Leaving directory '/home/saber/robox_ws/build/arm_description'
gmake[2]: Leaving directory '/home/saber/robox_ws/build/arm_description'
gmake[2]: Leaving directory '/home/saber/robox_ws/build/arm_description'
gmake[2]: Leaving directory '/home/saber/robox_ws/build/arm_description'
[ 27%] Built target arm_description__rosidl_typesupport_introspection_c
[ 36%] Built target arm_description__rosidl_typesupport_c
[ 52%] Built target arm_description__rosidl_typesupport_cpp
[ 52%] Built target arm_description__rosidl_typesupport_fastrtps_cpp
[ 61%] Built target arm_description__rosidl_typesupport_introspection_cpp
[ 69%] Built target arm_description__rosidl_typesupport_fastrtps_c
/usr/bin/gmake  -f CMakeFiles/arm_description.dir/build.make CMakeFiles/arm_description.dir/depend
gmake[2]: Entering directory '/home/saber/robox_ws/build/arm_description'
cd /home/saber/robox_ws/build/arm_description && /usr/bin/cmake -E cmake_depends "Unix Makefiles" /home/saber/robox_ws/src/arm_description /home/saber/robox_ws/src/arm_description /home/saber/robox_ws/build/arm_description /home/saber/robox_ws/build/arm_description /home/saber/robox_ws/build/arm_description/CMakeFiles/arm_description.dir/DependInfo.cmake "--color="
gmake[2]: Leaving directory '/home/saber/robox_ws/build/arm_description'
/usr/bin/gmake  -f CMakeFiles/arm_description.dir/build.make CMakeFiles/arm_description.dir/build
gmake[2]: Entering directory '/home/saber/robox_ws/build/arm_description'
gmake[2]: Nothing to be done for 'CMakeFiles/arm_description.dir/build'.
gmake[2]: Leaving directory '/home/saber/robox_ws/build/arm_description'
[ 69%] Built target arm_description
/usr/bin/gmake  -f /home/saber/robox_ws/build/arm_description/arm_description__py/CMakeFiles/arm_description__py.dir/build.make /home/saber/robox_ws/build/arm_description/arm_description__py/CMakeFiles/arm_description__py.dir/depend
/usr/bin/gmake  -f CMakeFiles/robot_arm_ik_node.dir/build.make CMakeFiles/robot_arm_ik_node.dir/depend
gmake[2]: Entering directory '/home/saber/robox_ws/build/arm_description'
cd /home/saber/robox_ws/build/arm_description && /usr/bin/cmake -E cmake_depends "Unix Makefiles" /home/saber/robox_ws/src/arm_description /home/saber/robox_ws/src/arm_description /home/saber/robox_ws/build/arm_description /home/saber/robox_ws/build/arm_description /home/saber/robox_ws/build/arm_description/CMakeFiles/robot_arm_ik_node.dir/DependInfo.cmake "--color="
gmake[2]: Entering directory '/home/saber/robox_ws/build/arm_description'
cd /home/saber/robox_ws/build/arm_description && /usr/bin/cmake -E cmake_depends "Unix Makefiles" /home/saber/robox_ws/src/arm_description /home/saber/robox_ws/build/arm_description/arm_description__py /home/saber/robox_ws/build/arm_description /home/saber/robox_ws/build/arm_description/arm_description__py /home/saber/robox_ws/build/arm_description/arm_description__py/CMakeFiles/arm_description__py.dir/DependInfo.cmake "--color="
gmake[2]: Leaving directory '/home/saber/robox_ws/build/arm_description'
/usr/bin/gmake  -f /home/saber/robox_ws/build/arm_description/arm_description__py/CMakeFiles/arm_description__py.dir/build.make /home/saber/robox_ws/build/arm_description/arm_description__py/CMakeFiles/arm_description__py.dir/build
gmake[2]: Leaving directory '/home/saber/robox_ws/build/arm_description'
/usr/bin/gmake  -f CMakeFiles/robot_arm_ik_node.dir/build.make CMakeFiles/robot_arm_ik_node.dir/build
gmake[2]: Entering directory '/home/saber/robox_ws/build/arm_description'
gmake[2]: Nothing to be done for '/home/saber/robox_ws/build/arm_description/arm_description__py/CMakeFiles/arm_description__py.dir/build'.
gmake[2]: Leaving directory '/home/saber/robox_ws/build/arm_description'
gmake[2]: Entering directory '/home/saber/robox_ws/build/arm_description'
[ 72%] Built target arm_description__py
/usr/bin/gmake  -f CMakeFiles/arm_description__rosidl_generator_py.dir/build.make CMakeFiles/arm_description__rosidl_generator_py.dir/depend
[ 75%] [32m[1mLinking CXX executable robot_arm_ik_node[0m
/usr/bin/cmake -E cmake_link_script CMakeFiles/robot_arm_ik_node.dir/link.txt --verbose=1
gmake[2]: Entering directory '/home/saber/robox_ws/build/arm_description'
cd /home/saber/robox_ws/build/arm_description && /usr/bin/cmake -E cmake_depends "Unix Makefiles" /home/saber/robox_ws/src/arm_description /home/saber/robox_ws/src/arm_description /home/saber/robox_ws/build/arm_description /home/saber/robox_ws/build/arm_description /home/saber/robox_ws/build/arm_description/CMakeFiles/arm_description__rosidl_generator_py.dir/DependInfo.cmake "--color="
/usr/bin/c++ -O3 -DNDEBUG CMakeFiles/robot_arm_ik_node.dir/src/pose.cpp.o -o robot_arm_ik_node  -Wl,-rpath,/home/saber/robox_ws/install/moveit_ros_planning_interface/lib:/home/saber/robox_ws/install/moveit_ros_move_group/lib:/home/saber/robox_ws/install/moveit_ros_warehouse/lib:/home/saber/robox_ws/install/moveit_ros_planning/lib:/home/saber/robox_ws/install/moveit_ros_occupancy_map_monitor/lib:/home/saber/robox_ws/install/moveit_core/lib:/opt/ros/jazzy/lib:/home/saber/robox_ws/build/arm_description:/opt/ros/jazzy/lib/x86_64-linux-gnu /home/saber/robox_ws/install/moveit_ros_planning_interface/lib/libmoveit_move_group_interface.so.2.12.3 /opt/ros/jazzy/lib/libcontroller_manager_msgs__rosidl_typesupport_fastrtps_c.so /opt/ros/jazzy/lib/libcontroller_manager_msgs__rosidl_typesupport_fastrtps_cpp.so /opt/ros/jazzy/lib/libcontroller_manager_msgs__rosidl_typesupport_introspection_c.so /opt/ros/jazzy/lib/libcontroller_manager_msgs__rosidl_typesupport_introspection_cpp.so /opt/ros/jazzy/lib/libcontroller_manager_msgs__rosidl_typesupport_cpp.so /opt/ros/jazzy/lib/libcontroller_manager_msgs__rosidl_generator_py.so libarm_description__rosidl_typesupport_cpp.so /opt/ros/jazzy/lib/libgeometry_msgs__rosidl_generator_c.so /opt/ros/jazzy/lib/libgeometry_msgs__rosidl_typesupport_fastrtps_c.so /opt/ros/jazzy/lib/libgeometry_msgs__rosidl_typesupport_introspection_c.so /opt/ros/jazzy/lib/libgeometry_msgs__rosidl_typesupport_c.so /opt/ros/jazzy/lib/libgeometry_msgs__rosidl_typesupport_fastrtps_cpp.so /opt/ros/jazzy/lib/libgeometry_msgs__rosidl_typesupport_introspection_cpp.so /opt/ros/jazzy/lib/libgeometry_msgs__rosidl_typesupport_cpp.so /opt/ros/jazzy/lib/libgeometry_msgs__rosidl_generator_py.so /opt/ros/jazzy/lib/libgeometry_msgs__rosidl_generator_c.so /opt/ros/jazzy/lib/libgeometry_msgs__rosidl_typesupport_fastrtps_c.so /opt/ros/jazzy/lib/libgeometry_msgs__rosidl_typesupport_introspection_c.so /opt/ros/jazzy/lib/libgeometry_msgs__rosidl_typesupport_c.so /opt/ros/jazzy/lib/libgeometry_msgs__rosidl_typesupport_fastrtps_cpp.so /opt/ros/jazzy/lib/libgeometry_msgs__rosidl_typesupport_introspection_cpp.so /opt/ros/jazzy/lib/libgeometry_msgs__rosidl_typesupport_cpp.so /opt/ros/jazzy/lib/libgeometry_msgs__rosidl_generator_py.so /opt/ros/jazzy/lib/librcutils.so -ldl /opt/ros/jazzy/lib/libgeometry_msgs__rosidl_generator_c.so /opt/ros/jazzy/lib/libgeometry_msgs__rosidl_typesupport_fastrtps_c.so /opt/ros/jazzy/lib/libgeometry_msgs__rosidl_typesupport_introspection_c.so /opt/ros/jazzy/lib/libgeometry_msgs__rosidl_typesupport_c.so /opt/ros/jazzy/lib/libgeometry_msgs__rosidl_typesupport_fastrtps_cpp.so /opt/ros/jazzy/lib/libgeometry_msgs__rosidl_typesupport_introspection_cpp.so /opt/ros/jazzy/lib/libgeometry_msgs__rosidl_typesupport_cpp.so /opt/ros/jazzy/lib/libgeometry_msgs__rosidl_generator_py.so /opt/ros/jazzy/lib/librcutils.so -ldl /opt/ros/jazzy/lib/libtf2.so /opt/ros/jazzy/lib/libtf2_ros.so /opt/ros/jazzy/lib/librcl_interfaces__rosidl_generator_c.so /opt/ros/jazzy/lib/librcl_interfaces__rosidl_typesupport_fastrtps_c.so /opt/ros/jazzy/lib/librcl_interfaces__rosidl_typesupport_introspection_c.so /opt/ros/jazzy/lib/librcl_interfaces__rosidl_typesupport_c.so /opt/ros/jazzy/lib/librcl_interfaces__rosidl_typesupport_fastrtps_cpp.so /opt/ros/jazzy/lib/librcl_interfaces__rosidl_typesupport_introspection_cpp.so /opt/ros/jazzy/lib/librcl_interfaces__rosidl_typesupport_cpp.so /opt/ros/jazzy/lib/librcl_interfaces__rosidl_generator_py.so /opt/ros/jazzy/lib/librcl_interfaces__rosidl_generator_c.so /opt/ros/jazzy/lib/librcl_interfaces__rosidl_typesupport_fastrtps_c.so /opt/ros/jazzy/lib/librcl_interfaces__rosidl_typesupport_introspection_c.so /opt/ros/jazzy/lib/librcl_interfaces__rosidl_typesupport_c.so /opt/ros/jazzy/lib/librcl_interfaces__rosidl_typesupport_fastrtps_cpp.so /opt/ros/jazzy/lib/librcl_interfaces__rosidl_typesupport_introspection_cpp.so /opt/ros/jazzy/lib/librcl_interfaces__rosidl_typesupport_cpp.so /opt/ros/jazzy/lib/librcl_interfaces__rosidl_generator_py.so /opt/ros/jazzy/lib/libservice_msgs__rosidl_generator_c.so /opt/ros/jazzy/lib/libservice_msgs__rosidl_typesupport_fastrtps_c.so /opt/ros/jazzy/lib/libservice_msgs__rosidl_typesupport_fastrtps_cpp.so /opt/ros/jazzy/lib/libservice_msgs__rosidl_typesupport_introspection_c.so /opt/ros/jazzy/lib/libservice_msgs__rosidl_typesupport_c.so /opt/ros/jazzy/lib/libservice_msgs__rosidl_typesupport_introspection_cpp.so /opt/ros/jazzy/lib/libservice_msgs__rosidl_typesupport_cpp.so /opt/ros/jazzy/lib/libservice_msgs__rosidl_generator_py.so /opt/ros/jazzy/lib/librosidl_typesupport_fastrtps_c.so /opt/ros/jazzy/lib/librmw.so /opt/ros/jazzy/lib/librosidl_typesupport_fastrtps_cpp.so /opt/ros/jazzy/lib/librcutils.so -ldl /opt/ros/jazzy/lib/librcpputils.so /opt/ros/jazzy/lib/librosidl_typesupport_c.so /opt/ros/jazzy/lib/librosidl_typesupport_cpp.so /opt/ros/jazzy/lib/librosidl_runtime_c.so /opt/ros/jazzy/lib/librosidl_typesupport_introspection_c.so /opt/ros/jazzy/lib/librosidl_typesupport_introspection_cpp.so /opt/ros/jazzy/lib/libcomposition_interfaces__rosidl_generator_c.so /opt/ros/jazzy/lib/libcomposition_interfaces__rosidl_typesupport_fastrtps_c.so /opt/ros/jazzy/lib/libcomposition_interfaces__rosidl_typesupport_introspection_c.so /opt/ros/jazzy/lib/libcomposition_interfaces__rosidl_typesupport_c.so /opt/ros/jazzy/lib/libcomposition_interfaces__rosidl_typesupport_fastrtps_cpp.so /opt/ros/jazzy/lib/libcomposition_interfaces__rosidl_typesupport_introspection_cpp.so /opt/ros/jazzy/lib/libcomposition_interfaces__rosidl_typesupport_cpp.so /opt/ros/jazzy/lib/libcomposition_interfaces__rosidl_generator_py.so /opt/ros/jazzy/lib/librclcpp.so /opt/ros/jazzy/lib/libcomponent_manager.so /opt/ros/jazzy/lib/librcl_interfaces__rosidl_generator_c.so /opt/ros/jazzy/lib/librcl_interfaces__rosidl_typesupport_fastrtps_c.so /opt/ros/jazzy/lib/librcl_interfaces__rosidl_typesupport_introspection_c.so /opt/ros/jazzy/lib/librcl_interfaces__rosidl_typesupport_c.so /opt/ros/jazzy/lib/librcl_interfaces__rosidl_typesupport_fastrtps_cpp.so /opt/ros/jazzy/lib/librcl_interfaces__rosidl_typesupport_introspection_cpp.so /opt/ros/jazzy/lib/librcl_interfaces__rosidl_typesupport_cpp.so /opt/ros/jazzy/lib/librcl_interfaces__rosidl_generator_py.so /opt/ros/jazzy/lib/libservice_msgs__rosidl_generator_c.so /opt/ros/jazzy/lib/libservice_msgs__rosidl_typesupport_fastrtps_c.so /opt/ros/jazzy/lib/libservice_msgs__rosidl_typesupport_fastrtps_cpp.so /opt/ros/jazzy/lib/libservice_msgs__rosidl_typesupport_introspection_c.so /opt/ros/jazzy/lib/libservice_msgs__rosidl_typesupport_c.so /opt/ros/jazzy/lib/libservice_msgs__rosidl_typesupport_introspection_cpp.so /opt/ros/jazzy/lib/libservice_msgs__rosidl_typesupport_cpp.so /opt/ros/jazzy/lib/libservice_msgs__rosidl_generator_py.so /opt/ros/jazzy/lib/librosidl_typesupport_fastrtps_c.so /opt/ros/jazzy/lib/librmw.so /opt/ros/jazzy/lib/librosidl_typesupport_fastrtps_cpp.so /opt/ros/jazzy/lib/librcutils.so -ldl /opt/ros/jazzy/lib/librcpputils.so /opt/ros/jazzy/lib/librosidl_typesupport_c.so /opt/ros/jazzy/lib/librosidl_typesupport_cpp.so /opt/ros/jazzy/lib/librosidl_runtime_c.so /opt/ros/jazzy/lib/librosidl_typesupport_introspection_c.so /opt/ros/jazzy/lib/librosidl_typesupport_introspection_cpp.so /opt/ros/jazzy/lib/libcomposition_interfaces__rosidl_generator_c.so /opt/ros/jazzy/lib/libcomposition_interfaces__rosidl_typesupport_fastrtps_c.so /opt/ros/jazzy/lib/libcomposition_interfaces__rosidl_typesupport_introspection_c.so /opt/ros/jazzy/lib/libcomposition_interfaces__rosidl_typesupport_c.so /opt/ros/jazzy/lib/libcomposition_interfaces__rosidl_typesupport_fastrtps_cpp.so /opt/ros/jazzy/lib/libcomposition_interfaces__rosidl_typesupport_introspection_cpp.so /opt/ros/jazzy/lib/libcomposition_interfaces__rosidl_typesupport_cpp.so /opt/ros/jazzy/lib/libcomposition_interfaces__rosidl_generator_py.so /opt/ros/jazzy/lib/librclcpp.so /opt/ros/jazzy/lib/libcomponent_manager.so /opt/ros/jazzy/lib/libbuiltin_interfaces__rosidl_generator_c.so /opt/ros/jazzy/lib/libbuiltin_interfaces__rosidl_typesupport_fastrtps_c.so /opt/ros/jazzy/lib/libbuiltin_interfaces__rosidl_typesupport_introspection_c.so /opt/ros/jazzy/lib/libbuiltin_interfaces__rosidl_typesupport_c.so /opt/ros/jazzy/lib/libbuiltin_interfaces__rosidl_typesupport_fastrtps_cpp.so /opt/ros/jazzy/lib/libbuiltin_interfaces__rosidl_typesupport_introspection_cpp.so /opt/ros/jazzy/lib/libbuiltin_interfaces__rosidl_typesupport_cpp.so /opt/ros/jazzy/lib/libbuiltin_interfaces__rosidl_generator_py.so /opt/ros/jazzy/lib/librcl_interfaces__rosidl_generator_c.so /opt/ros/jazzy/lib/librcl_interfaces__rosidl_typesupport_fastrtps_c.so /opt/ros/jazzy/lib/librcl_interfaces__rosidl_typesupport_introspection_c.so /opt/ros/jazzy/lib/librcl_interfaces__rosidl_typesupport_c.so /opt/ros/jazzy/lib/librcl_interfaces__rosidl_typesupport_fastrtps_cpp.so /opt/ros/jazzy/lib/librcl_interfaces__rosidl_typesupport_introspection_cpp.so /opt/ros/jazzy/lib/librcl_interfaces__rosidl_typesupport_cpp.so /opt/ros/jazzy/lib/librcl_interfaces__rosidl_generator_py.so /opt/ros/jazzy/lib/libservice_msgs__rosidl_generator_c.so /opt/ros/jazzy/lib/libservice_msgs__rosidl_typesupport_fastrtps_c.so /opt/ros/jazzy/lib/libservice_msgs__rosidl_typesupport_fastrtps_cpp.so /opt/ros/jazzy/lib/libservice_msgs__rosidl_typesupport_introspection_c.so /opt/ros/jazzy/lib/libservice_msgs__rosidl_typesupport_c.so /opt/ros/jazzy/lib/libservice_msgs__rosidl_typesupport_introspection_cpp.so /opt/ros/jazzy/lib/libservice_msgs__rosidl_typesupport_cpp.so /opt/ros/jazzy/lib/libservice_msgs__rosidl_generator_py.so /opt/ros/jazzy/lib/librosidl_typesupport_fastrtps_c.so /opt/ros/jazzy/lib/librmw.so /opt/ros/jazzy/lib/librosidl_typesupport_fastrtps_cpp.so /opt/ros/jazzy/lib/librcutils.so -ldl /opt/ros/jazzy/lib/librcpputils.so /opt/ros/jazzy/lib/librosidl_typesupport_c.so /opt/ros/jazzy/lib/librosidl_typesupport_cpp.so /opt/ros/jazzy/lib/librosidl_runtime_c.so /opt/ros/jazzy/lib/librosidl_typesupport_introspection_c.so /opt/ros/jazzy/lib/librosidl_typesupport_introspection_cpp.so /opt/ros/jazzy/lib/libcomposition_interfaces__rosidl_generator_c.so /opt/ros/jazzy/lib/libcomposition_interfaces__rosidl_typesupport_fastrtps_c.so /opt/ros/jazzy/lib/libcomposition_interfaces__rosidl_typesupport_introspection_c.so /opt/ros/jazzy/lib/libcomposition_interfaces__rosidl_typesupport_c.so /opt/ros/jazzy/lib/libcomposition_interfaces__rosidl_typesupport_fastrtps_cpp.so /opt/ros/jazzy/lib/libcomposition_interfaces__rosidl_typesupport_introspection_cpp.so /opt/ros/jazzy/lib/libcomposition_interfaces__rosidl_typesupport_cpp.so /opt/ros/jazzy/lib/libcomposition_interfaces__rosidl_generator_py.so /opt/ros/jazzy/lib/librclcpp.so /opt/ros/jazzy/lib/libcomponent_manager.so /opt/ros/jazzy/lib/libbuiltin_interfaces__rosidl_generator_c.so /opt/ros/jazzy/lib/libbuiltin_interfaces__rosidl_typesupport_fastrtps_c.so /opt/ros/jazzy/lib/libbuiltin_interfaces__rosidl_typesupport_introspection_c.so /opt/ros/jazzy/lib/libbuiltin_interfaces__rosidl_typesupport_c.so /opt/ros/jazzy/lib/libbuiltin_interfaces__rosidl_typesupport_fastrtps_cpp.so /opt/ros/jazzy/lib/libbuiltin_interfaces__rosidl_typesupport_introspection_cpp.so /opt/ros/jazzy/lib/libbuiltin_interfaces__rosidl_typesupport_cpp.so /opt/ros/jazzy/lib/libbuiltin_interfaces__rosidl_generator_py.so /opt/ros/jazzy/lib/libgeometry_msgs__rosidl_generator_c.so /opt/ros/jazzy/lib/libgeometry_msgs__rosidl_typesupport_fastrtps_c.so /opt/ros/jazzy/lib/libgeometry_msgs__rosidl_typesupport_introspection_c.so /opt/ros/jazzy/lib/libgeometry_msgs__rosidl_typesupport_c.so /opt/ros/jazzy/lib/libgeometry_msgs__rosidl_typesupport_fastrtps_cpp.so /opt/ros/jazzy/lib/libgeometry_msgs__rosidl_typesupport_introspection_cpp.so /opt/ros/jazzy/lib/libgeometry_msgs__rosidl_typesupport_cpp.so /opt/ros/jazzy/lib/libgeometry_msgs__rosidl_generator_py.so /opt/ros/jazzy/lib/librclcpp.so /opt/ros/jazzy/lib/librcutils.so -ldl /opt/ros/jazzy/lib/libstd_msgs__rosidl_generator_c.so /opt/ros/jazzy/lib/libstd_msgs__rosidl_typesupport_fastrtps_c.so /opt/ros/jazzy/lib/libstd_msgs__rosidl_typesupport_fastrtps_cpp.so /opt/ros/jazzy/lib/libstd_msgs__rosidl_typesupport_introspection_c.so /opt/ros/jazzy/lib/libstd_msgs__rosidl_typesupport_c.so /opt/ros/jazzy/lib/libstd_msgs__rosidl_typesupport_introspection_cpp.so /opt/ros/jazzy/lib/libstd_msgs__rosidl_typesupport_cpp.so /opt/ros/jazzy/lib/libstd_msgs__rosidl_generator_py.so /opt/ros/jazzy/lib/libmessage_filters.so /opt/ros/jazzy/lib/librcutils.so -ldl /opt/ros/jazzy/lib/libstd_msgs__rosidl_generator_c.so /opt/ros/jazzy/lib/libstd_msgs__rosidl_typesupport_fastrtps_c.so /opt/ros/jazzy/lib/libstd_msgs__rosidl_typesupport_fastrtps_cpp.so /opt/ros/jazzy/lib/libstd_msgs__rosidl_typesupport_introspection_c.so /opt/ros/jazzy/lib/libstd_msgs__rosidl_typesupport_c.so /opt/ros/jazzy/lib/libstd_msgs__rosidl_typesupport_introspection_cpp.so /opt/ros/jazzy/lib/libstd_msgs__rosidl_typesupport_cpp.so /opt/ros/jazzy/lib/libstd_msgs__rosidl_generator_py.so /opt/ros/jazzy/lib/libmessage_filters.so /opt/ros/jazzy/lib/librclcpp.so /opt/ros/jazzy/lib/libaction_msgs__rosidl_generator_c.so /opt/ros/jazzy/lib/libaction_msgs__rosidl_typesupport_fastrtps_c.so /opt/ros/jazzy/lib/libaction_msgs__rosidl_typesupport_fastrtps_cpp.so /opt/ros/jazzy/lib/libaction_msgs__rosidl_typesupport_introspection_c.so /opt/ros/jazzy/lib/libaction_msgs__rosidl_typesupport_c.so /opt/ros/jazzy/lib/libaction_msgs__rosidl_typesupport_introspection_cpp.so /opt/ros/jazzy/lib/libaction_msgs__rosidl_typesupport_cpp.so /opt/ros/jazzy/lib/libaction_msgs__rosidl_generator_py.so /opt/ros/jazzy/lib/librcl.so /opt/ros/jazzy/lib/librmw.so /opt/ros/jazzy/lib/librcl_action.so /opt/ros/jazzy/lib/librclcpp.so /opt/ros/jazzy/lib/librosidl_runtime_c.so /opt/ros/jazzy/lib/librclcpp_action.so /opt/ros/jazzy/lib/libaction_msgs__rosidl_generator_c.so /opt/ros/jazzy/lib/libaction_msgs__rosidl_typesupport_fastrtps_c.so /opt/ros/jazzy/lib/libaction_msgs__rosidl_typesupport_fastrtps_cpp.so /opt/ros/jazzy/lib/libaction_msgs__rosidl_typesupport_introspection_c.so /opt/ros/jazzy/lib/libaction_msgs__rosidl_typesupport_c.so /opt/ros/jazzy/lib/libaction_msgs__rosidl_typesupport_introspection_cpp.so /opt/ros/jazzy/lib/libaction_msgs__rosidl_typesupport_cpp.so /opt/ros/jazzy/lib/libaction_msgs__rosidl_generator_py.so /opt/ros/jazzy/lib/librcl.so /opt/ros/jazzy/lib/librmw.so /opt/ros/jazzy/lib/librcl_action.so /opt/ros/jazzy/lib/librclcpp.so /opt/ros/jazzy/lib/librosidl_runtime_c.so /opt/ros/jazzy/lib/librclcpp_action.so /opt/ros/jazzy/lib/libtf2.so /opt/ros/jazzy/lib/libbuiltin_interfaces__rosidl_generator_c.so /opt/ros/jazzy/lib/libbuiltin_interfaces__rosidl_typesupport_fastrtps_c.so /opt/ros/jazzy/lib/libbuiltin_interfaces__rosidl_typesupport_introspection_c.so /opt/ros/jazzy/lib/libbuiltin_interfaces__rosidl_typesupport_c.so /opt/ros/jazzy/lib/libbuiltin_interfaces__rosidl_typesupport_fastrtps_cpp.so /opt/ros/jazzy/lib/libbuiltin_interfaces__rosidl_typesupport_introspection_cpp.so /opt/ros/jazzy/lib/libbuiltin_interfaces__rosidl_typesupport_cpp.so /opt/ros/jazzy/lib/libbuiltin_interfaces__rosidl_generator_py.so /opt/ros/jazzy/lib/libgeometry_msgs__rosidl_generator_c.so /opt/ros/jazzy/lib/libgeometry_msgs__rosidl_typesupport_fastrtps_c.so /opt/ros/jazzy/lib/libgeometry_msgs__rosidl_typesupport_introspection_c.so /opt/ros/jazzy/lib/libgeometry_msgs__rosidl_typesupport_c.so /opt/ros/jazzy/lib/libgeometry_msgs__rosidl_typesupport_fastrtps_cpp.so /opt/ros/jazzy/lib/libgeometry_msgs__rosidl_typesupport_introspection_cpp.so /opt/ros/jazzy/lib/libgeometry_msgs__rosidl_typesupport_cpp.so /opt/ros/jazzy/lib/libgeometry_msgs__rosidl_generator_py.so /opt/ros/jazzy/lib/libservice_msgs__rosidl_generator_c.so /opt/ros/jazzy/lib/libservice_msgs__rosidl_typesupport_fastrtps_c.so /opt/ros/jazzy/lib/libservice_msgs__rosidl_typesupport_fastrtps_cpp.so /opt/ros/jazzy/lib/libservice_msgs__rosidl_typesupport_introspection_c.so /opt/ros/jazzy/lib/libservice_msgs__rosidl_typesupport_c.so /opt/ros/jazzy/lib/libservice_msgs__rosidl_typesupport_introspection_cpp.so /opt/ros/jazzy/lib/libservice_msgs__rosidl_typesupport_cpp.so /opt/ros/jazzy/lib/libservice_msgs__rosidl_generator_py.so /opt/ros/jazzy/lib/libaction_msgs__rosidl_generator_c.so /opt/ros/jazzy/lib/libaction_msgs__rosidl_typesupport_fastrtps_c.so /opt/ros/jazzy/lib/libaction_msgs__rosidl_typesupport_fastrtps_cpp.so /opt/ros/jazzy/lib/libaction_msgs__rosidl_typesupport_introspection_c.so /opt/ros/jazzy/lib/libaction_msgs__rosidl_typesupport_c.so /opt/ros/jazzy/lib/libaction_msgs__rosidl_typesupport_introspection_cpp.so /opt/ros/jazzy/lib/libaction_msgs__rosidl_typesupport_cpp.so /opt/ros/jazzy/lib/libaction_msgs__rosidl_generator_py.so /opt/ros/jazzy/lib/librcutils.so -ldl /opt/ros/jazzy/lib/librosidl_typesupport_fastrtps_c.so /opt/ros/jazzy/lib/librmw.so /opt/ros/jazzy/lib/librosidl_typesupport_fastrtps_cpp.so /opt/ros/jazzy/lib/librosidl_runtime_c.so /opt/ros/jazzy/lib/librosidl_typesupport_c.so /opt/ros/jazzy/lib/librosidl_typesupport_cpp.so /opt/ros/jazzy/lib/libtf2_msgs__rosidl_generator_c.so /opt/ros/jazzy/lib/libtf2_msgs__rosidl_typesupport_fastrtps_c.so /opt/ros/jazzy/lib/libtf2_msgs__rosidl_typesupport_introspection_c.so /opt/ros/jazzy/lib/libtf2_msgs__rosidl_typesupport_c.so /opt/ros/jazzy/lib/libtf2_msgs__rosidl_typesupport_fastrtps_cpp.so /opt/ros/jazzy/lib/libtf2_msgs__rosidl_typesupport_introspection_cpp.so /opt/ros/jazzy/lib/libtf2_msgs__rosidl_typesupport_cpp.so /opt/ros/jazzy/lib/libtf2_msgs__rosidl_generator_py.so /opt/ros/jazzy/lib/libgeometry_msgs__rosidl_generator_c.so /opt/ros/jazzy/lib/libgeometry_msgs__rosidl_typesupport_fastrtps_c.so /opt/ros/jazzy/lib/libgeometry_msgs__rosidl_typesupport_introspection_c.so /opt/ros/jazzy/lib/libgeometry_msgs__rosidl_typesupport_c.so /opt/ros/jazzy/lib/libgeometry_msgs__rosidl_typesupport_fastrtps_cpp.so /opt/ros/jazzy/lib/libgeometry_msgs__rosidl_typesupport_introspection_cpp.so /opt/ros/jazzy/lib/libgeometry_msgs__rosidl_typesupport_cpp.so /opt/ros/jazzy/lib/libgeometry_msgs__rosidl_generator_py.so /opt/ros/jazzy/lib/libgeometry_msgs__rosidl_generator_c.so /opt/ros/jazzy/lib/libgeometry_msgs__rosidl_typesupport_fastrtps_c.so /opt/ros/jazzy/lib/libgeometry_msgs__rosidl_typesupport_introspection_c.so /opt/ros/jazzy/lib/libgeometry_msgs__rosidl_typesupport_c.so /opt/ros/jazzy/lib/libgeometry_msgs__rosidl_typesupport_fastrtps_cpp.so /opt/ros/jazzy/lib/libgeometry_msgs__rosidl_typesupport_introspection_cpp.so /opt/ros/jazzy/lib/libgeometry_msgs__rosidl_typesupport_cpp.so /opt/ros/jazzy/lib/libgeometry_msgs__rosidl_generator_py.so /opt/ros/jazzy/lib/libgeometry_msgs__rosidl_generator_c.so /opt/ros/jazzy/lib/libgeometry_msgs__rosidl_typesupport_fastrtps_c.so /opt/ros/jazzy/lib/libgeometry_msgs__rosidl_typesupport_introspection_c.so /opt/ros/jazzy/lib/libgeometry_msgs__rosidl_typesupport_c.so /opt/ros/jazzy/lib/libgeometry_msgs__rosidl_typesupport_fastrtps_cpp.so /opt/ros/jazzy/lib/libgeometry_msgs__rosidl_typesupport_introspection_cpp.so /opt/ros/jazzy/lib/libgeometry_msgs__rosidl_typesupport_cpp.so /opt/ros/jazzy/lib/libgeometry_msgs__rosidl_generator_py.so /opt/ros/jazzy/lib/libgeometry_msgs__rosidl_generator_c.so /opt/ros/jazzy/lib/libgeometry_msgs__rosidl_typesupport_fastrtps_c.so /opt/ros/jazzy/lib/libgeometry_msgs__rosidl_typesupport_introspection_c.so /opt/ros/jazzy/lib/libgeometry_msgs__rosidl_typesupport_c.so /opt/ros/jazzy/lib/libgeometry_msgs__rosidl_typesupport_fastrtps_cpp.so /opt/ros/jazzy/lib/libgeometry_msgs__rosidl_typesupport_introspection_cpp.so /opt/ros/jazzy/lib/libgeometry_msgs__rosidl_typesupport_cpp.so /opt/ros/jazzy/lib/libgeometry_msgs__rosidl_generator_py.so /opt/ros/jazzy/lib/libtf2.so /opt/ros/jazzy/lib/libgeometry_msgs__rosidl_generator_c.so /opt/ros/jazzy/lib/libgeometry_msgs__rosidl_typesupport_fastrtps_c.so /opt/ros/jazzy/lib/libgeometry_msgs__rosidl_typesupport_introspection_c.so /opt/ros/jazzy/lib/libgeometry_msgs__rosidl_typesupport_c.so /opt/ros/jazzy/lib/libgeometry_msgs__rosidl_typesupport_fastrtps_cpp.so /opt/ros/jazzy/lib/libgeometry_msgs__rosidl_typesupport_introspection_cpp.so /opt/ros/jazzy/lib/libgeometry_msgs__rosidl_typesupport_cpp.so /opt/ros/jazzy/lib/libgeometry_msgs__rosidl_generator_py.so /opt/ros/jazzy/lib/libtf2.so /opt/ros/jazzy/lib/libtf2_ros.so /opt/ros/jazzy/lib/libstatic_transform_broadcaster_node.so /home/saber/robox_ws/install/moveit_ros_planning_interface/lib/libmoveit_common_planning_interface_objects.so.2.12.3 /home/saber/robox_ws/install/moveit_ros_planning_interface/lib/libmoveit_planning_scene_interface.so.2.12.3 /home/saber/robox_ws/install/moveit_ros_move_group/lib/libmoveit_move_group_capabilities_base.so.2.12.3 /opt/ros/jazzy/lib/libstd_srvs__rosidl_typesupport_fastrtps_c.so /opt/ros/jazzy/lib/libstd_srvs__rosidl_typesupport_introspection_c.so /opt/ros/jazzy/lib/libstd_srvs__rosidl_typesupport_fastrtps_cpp.so /opt/ros/jazzy/lib/libstd_srvs__rosidl_typesupport_introspection_cpp.so /opt/ros/jazzy/lib/libstd_srvs__rosidl_typesupport_cpp.so /opt/ros/jazzy/lib/libstd_srvs__rosidl_generator_py.so /opt/ros/jazzy/lib/libstd_srvs__rosidl_typesupport_c.so /opt/ros/jazzy/lib/libstd_srvs__rosidl_generator_c.so /home/saber/robox_ws/install/moveit_ros_warehouse/lib/libmoveit_warehouse.so.2.12.3 /home/saber/robox_ws/install/moveit_ros_planning/lib/libmoveit_constraint_sampler_manager_loader.so.2.12.3 /home/saber/robox_ws/install/moveit_ros_planning/lib/libmoveit_cpp.so.2.12.3 /home/saber/robox_ws/install/moveit_ros_planning/lib/libmoveit_plan_execution.so.2.12.3 /home/saber/robox_ws/install/moveit_ros_planning/lib/libmoveit_planning_pipeline_interfaces.so.2.12.3 /home/saber/robox_ws/install/moveit_ros_planning/lib/libmoveit_planning_pipeline.so.2.12.3 /home/saber/robox_ws/install/moveit_ros_planning/lib/libmoveit_trajectory_execution_manager.so.2.12.3 /home/saber/robox_ws/install/moveit_ros_planning/lib/libmoveit_planning_scene_monitor.so.2.12.3 /home/saber/robox_ws/install/moveit_ros_planning/lib/libmoveit_collision_plugin_loader.so.2.12.3 /home/saber/robox_ws/install/moveit_ros_planning/lib/libmoveit_robot_model_loader.so.2.12.3 /home/saber/robox_ws/install/moveit_ros_planning/lib/libmoveit_kinematics_plugin_loader.so.2.12.3 /home/saber/robox_ws/install/moveit_ros_planning/lib/libmoveit_rdf_loader.so.2.12.3 /home/saber/robox_ws/install/moveit_ros_occupancy_map_monitor/lib/libmoveit_ros_occupancy_map_monitor.so.2.12.3 /home/saber/robox_ws/install/moveit_core/lib/libmoveit_collision_detection_bullet.so.2.12.3 /usr/lib/x86_64-linux-gnu/libBulletDynamics.so /usr/lib/x86_64-linux-gnu/libBulletCollision.so /usr/lib/x86_64-linux-gnu/libLinearMath.so /usr/lib/x86_64-linux-gnu/libBulletSoftBody.so /home/saber/robox_ws/install/moveit_core/lib/libmoveit_collision_distance_field.so.2.12.3 /home/saber/robox_ws/install/moveit_core/lib/libmoveit_constraint_samplers.so.2.12.3 /home/saber/robox_ws/install/moveit_core/lib/libmoveit_distance_field.so.2.12.3 /home/saber/robox_ws/install/moveit_core/lib/libmoveit_dynamics_solver.so.2.12.3 /opt/ros/jazzy/lib/libkdl_parser.so /home/saber/robox_ws/install/moveit_core/lib/libmoveit_kinematics_metrics.so.2.12.3 /home/saber/robox_ws/install/moveit_core/lib/libmoveit_planning_interface.so.2.12.3 /home/saber/robox_ws/install/moveit_core/lib/libmoveit_planning_scene.so.2.12.3 /home/saber/robox_ws/install/moveit_core/lib/libmoveit_kinematic_constraints.so.2.12.3 /home/saber/robox_ws/install/moveit_core/lib/libmoveit_collision_detection_fcl.so.2.12.3 /home/saber/robox_ws/install/moveit_core/lib/libmoveit_collision_detection.so.2.12.3 /home/saber/robox_ws/install/moveit_core/lib/libmoveit_smoothing_base.so.2.12.3 /home/saber/robox_ws/install/moveit_core/lib/libmoveit_test_utils.so.2.12.3 /home/saber/robox_ws/install/moveit_core/lib/libmoveit_trajectory_processing.so.2.12.3 /home/saber/robox_ws/install/moveit_core/lib/libmoveit_robot_trajectory.so.2.12.3 /home/saber/robox_ws/install/moveit_core/lib/libmoveit_robot_state.so.2.12.3 /home/saber/robox_ws/install/moveit_core/lib/libmoveit_kinematics_base.so /home/saber/robox_ws/install/moveit_core/lib/libmoveit_robot_model.so.2.12.3 /home/saber/robox_ws/install/moveit_core/lib/libmoveit_exceptions.so.2.12.3 /opt/ros/jazzy/lib/libsrdfdom.so.2.0.7 /opt/ros/jazzy/lib/liburdf.so /opt/ros/jazzy/lib/x86_64-linux-gnu/libruckig.so /home/saber/robox_ws/install/moveit_core/lib/libmoveit_transforms.so.2.12.3 /opt/ros/jazzy/lib/x86_64-linux-gnu/liburdfdom_sensor.so.4.0 /opt/ros/jazzy/lib/x86_64-linux-gnu/liburdfdom_model_state.so.4.0 /opt/ros/jazzy/lib/x86_64-linux-gnu/liburdfdom_model.so.4.0 /opt/ros/jazzy/lib/x86_64-linux-gnu/liburdfdom_world.so.4.0 /home/saber/robox_ws/install/moveit_core/lib/libmoveit_utils.so.2.12.3 /opt/ros/jazzy/lib/libmoveit_msgs__rosidl_typesupport_fastrtps_c.so /opt/ros/jazzy/lib/libmoveit_msgs__rosidl_typesupport_introspection_c.so /opt/ros/jazzy/lib/libmoveit_msgs__rosidl_typesupport_fastrtps_cpp.so /opt/ros/jazzy/lib/libmoveit_msgs__rosidl_typesupport_introspection_cpp.so /opt/ros/jazzy/lib/libmoveit_msgs__rosidl_typesupport_cpp.so /opt/ros/jazzy/lib/libmoveit_msgs__rosidl_generator_py.so /opt/ros/jazzy/lib/libmoveit_msgs__rosidl_typesupport_c.so /opt/ros/jazzy/lib/libmoveit_msgs__rosidl_generator_c.so /opt/ros/jazzy/lib/libobject_recognition_msgs__rosidl_typesupport_fastrtps_c.so /opt/ros/jazzy/lib/liboctomap_msgs__rosidl_typesupport_fastrtps_c.so /opt/ros/jazzy/lib/libtrajectory_msgs__rosidl_typesupport_fastrtps_c.so /opt/ros/jazzy/lib/libobject_recognition_msgs__rosidl_typesupport_introspection_c.so /opt/ros/jazzy/lib/liboctomap_msgs__rosidl_typesupport_introspection_c.so /opt/ros/jazzy/lib/libtrajectory_msgs__rosidl_typesupport_introspection_c.so /opt/ros/jazzy/lib/libobject_recognition_msgs__rosidl_typesupport_fastrtps_cpp.so /opt/ros/jazzy/lib/liboctomap_msgs__rosidl_typesupport_fastrtps_cpp.so /opt/ros/jazzy/lib/libtrajectory_msgs__rosidl_typesupport_fastrtps_cpp.so /opt/ros/jazzy/lib/libobject_recognition_msgs__rosidl_typesupport_introspection_cpp.so /opt/ros/jazzy/lib/liboctomap_msgs__rosidl_typesupport_introspection_cpp.so /opt/ros/jazzy/lib/libtrajectory_msgs__rosidl_typesupport_introspection_cpp.so /opt/ros/jazzy/lib/libobject_recognition_msgs__rosidl_typesupport_cpp.so /opt/ros/jazzy/lib/liboctomap_msgs__rosidl_typesupport_cpp.so /opt/ros/jazzy/lib/libtrajectory_msgs__rosidl_typesupport_cpp.so /opt/ros/jazzy/lib/liboctomap_msgs__rosidl_generator_py.so /opt/ros/jazzy/lib/liboctomap_msgs__rosidl_typesupport_c.so /opt/ros/jazzy/lib/liboctomap_msgs__rosidl_generator_c.so /opt/ros/jazzy/lib/libobject_recognition_msgs__rosidl_typesupport_c.so /opt/ros/jazzy/lib/libobject_recognition_msgs__rosidl_generator_c.so /opt/ros/jazzy/lib/libtrajectory_msgs__rosidl_typesupport_c.so /opt/ros/jazzy/lib/libtrajectory_msgs__rosidl_generator_c.so /usr/lib/x86_64-linux-gnu/libboost_chrono.so.1.83.0 /usr/lib/x86_64-linux-gnu/libboost_iostreams.so.1.83.0 /usr/lib/x86_64-linux-gnu/libboost_serialization.so.1.83.0 /opt/ros/jazzy/lib/libgeometric_shapes.so.2.3.2 /opt/ros/jazzy/lib/libshape_msgs__rosidl_typesupport_fastrtps_c.so /opt/ros/jazzy/lib/libshape_msgs__rosidl_typesupport_introspection_c.so /opt/ros/jazzy/lib/libshape_msgs__rosidl_typesupport_fastrtps_cpp.so /opt/ros/jazzy/lib/libshape_msgs__rosidl_typesupport_introspection_cpp.so /opt/ros/jazzy/lib/libshape_msgs__rosidl_typesupport_cpp.so /opt/ros/jazzy/lib/libvisualization_msgs__rosidl_typesupport_fastrtps_c.so /opt/ros/jazzy/lib/libvisualization_msgs__rosidl_typesupport_fastrtps_cpp.so /opt/ros/jazzy/lib/libvisualization_msgs__rosidl_typesupport_introspection_c.so /opt/ros/jazzy/lib/libvisualization_msgs__rosidl_typesupport_introspection_cpp.so /opt/ros/jazzy/lib/libvisualization_msgs__rosidl_typesupport_cpp.so /opt/ros/jazzy/lib/libvisualization_msgs__rosidl_generator_py.so /opt/ros/jazzy/lib/libvisualization_msgs__rosidl_typesupport_c.so /opt/ros/jazzy/lib/libvisualization_msgs__rosidl_generator_c.so /usr/lib/x86_64-linux-gnu/libfcl.so.0.7.0 /usr/lib/x86_64-linux-gnu/libccd.so.2.0 -lm /usr/lib/x86_64-linux-gnu/liboctomap.so.1.9.7 /usr/lib/x86_64-linux-gnu/liboctomath.so.1.9.7 /opt/ros/jazzy/lib/libresource_retriever.so /opt/ros/jazzy/lib/libshape_msgs__rosidl_generator_py.so /opt/ros/jazzy/lib/libshape_msgs__rosidl_typesupport_c.so /opt/ros/jazzy/lib/libshape_msgs__rosidl_generator_c.so /opt/ros/jazzy/lib/librandom_numbers.so /opt/ros/jazzy/lib/libsensor_msgs__rosidl_typesupport_fastrtps_c.so /opt/ros/jazzy/lib/libsensor_msgs__rosidl_typesupport_introspection_c.so /opt/ros/jazzy/lib/libsensor_msgs__rosidl_typesupport_fastrtps_cpp.so /opt/ros/jazzy/lib/libsensor_msgs__rosidl_typesupport_introspection_cpp.so /opt/ros/jazzy/lib/libsensor_msgs__rosidl_generator_py.so /opt/ros/jazzy/lib/libsensor_msgs__rosidl_typesupport_c.so /opt/ros/jazzy/lib/libsensor_msgs__rosidl_typesupport_cpp.so /opt/ros/jazzy/lib/libsensor_msgs__rosidl_generator_c.so /opt/ros/jazzy/lib/librsl.so /usr/lib/x86_64-linux-gnu/libfmt.so.9.1.0 /opt/ros/jazzy/lib/librclcpp_lifecycle.so /opt/ros/jazzy/lib/librcl_lifecycle.so /home/saber/robox_ws/install/moveit_ros_planning/lib/libsrdf_publisher_node.so /opt/ros/jazzy/lib/libcomponent_manager.so /opt/ros/jazzy/lib/libcomposition_interfaces__rosidl_typesupport_fastrtps_c.so /opt/ros/jazzy/lib/libcomposition_interfaces__rosidl_typesupport_introspection_c.so /opt/ros/jazzy/lib/libcomposition_interfaces__rosidl_typesupport_fastrtps_cpp.so /opt/ros/jazzy/lib/libcomposition_interfaces__rosidl_typesupport_introspection_cpp.so /opt/ros/jazzy/lib/libcomposition_interfaces__rosidl_typesupport_cpp.so /opt/ros/jazzy/lib/libcomposition_interfaces__rosidl_generator_py.so /opt/ros/jazzy/lib/libcomposition_interfaces__rosidl_typesupport_c.so /opt/ros/jazzy/lib/libcomposition_interfaces__rosidl_generator_c.so /usr/lib/x86_64-linux-gnu/libboost_thread.so.1.83.0 /usr/lib/x86_64-linux-gnu/libboost_date_time.so.1.83.0 /usr/lib/x86_64-linux-gnu/libboost_filesystem.so.1.83.0 /usr/lib/x86_64-linux-gnu/libboost_atomic.so.1.83.0 /usr/lib/x86_64-linux-gnu/libboost_program_options.so.1.83.0 /usr/lib/x86_64-linux-gnu/libboost_regex.so.1.83.0 /usr/lib/x86_64-linux-gnu/libboost_system.so.1.83.0 /opt/ros/jazzy/lib/libwarehouse_ros.so /opt/ros/jazzy/lib/libstatic_transform_broadcaster_node.so /opt/ros/jazzy/lib/libtf2_ros.so /opt/ros/jazzy/lib/librclcpp_action.so /opt/ros/jazzy/lib/librcl_action.so /opt/ros/jazzy/lib/libtf2.so /opt/ros/jazzy/lib/libmessage_filters.so /opt/ros/jazzy/lib/librclcpp.so /opt/ros/jazzy/lib/liblibstatistics_collector.so /opt/ros/jazzy/lib/librcl.so /opt/ros/jazzy/lib/librmw_implementation.so /opt/ros/jazzy/lib/libtype_description_interfaces__rosidl_typesupport_fastrtps_c.so /opt/ros/jazzy/lib/libtype_description_interfaces__rosidl_typesupport_introspection_c.so /opt/ros/jazzy/lib/libtype_description_interfaces__rosidl_typesupport_fastrtps_cpp.so /opt/ros/jazzy/lib/libtype_description_interfaces__rosidl_typesupport_introspection_cpp.so /opt/ros/jazzy/lib/libtype_description_interfaces__rosidl_typesupport_cpp.so /opt/ros/jazzy/lib/libtype_description_interfaces__rosidl_generator_py.so /opt/ros/jazzy/lib/libtype_description_interfaces__rosidl_typesupport_c.so /opt/ros/jazzy/lib/libtype_description_interfaces__rosidl_generator_c.so /opt/ros/jazzy/lib/librcl_interfaces__rosidl_typesupport_fastrtps_c.so /opt/ros/jazzy/lib/librcl_interfaces__rosidl_typesupport_introspection_c.so /opt/ros/jazzy/lib/librcl_interfaces__rosidl_typesupport_fastrtps_cpp.so /opt/ros/jazzy/lib/librcl_interfaces__rosidl_typesupport_introspection_cpp.so /opt/ros/jazzy/lib/librcl_interfaces__rosidl_typesupport_cpp.so /opt/ros/jazzy/lib/librcl_interfaces__rosidl_generator_py.so /opt/ros/jazzy/lib/librcl_interfaces__rosidl_typesupport_c.so /opt/ros/jazzy/lib/librcl_interfaces__rosidl_generator_c.so /opt/ros/jazzy/lib/librcl_yaml_param_parser.so /opt/ros/jazzy/lib/librosgraph_msgs__rosidl_typesupport_fastrtps_c.so /opt/ros/jazzy/lib/librosgraph_msgs__rosidl_typesupport_fastrtps_cpp.so /opt/ros/jazzy/lib/librosgraph_msgs__rosidl_typesupport_introspection_c.so /opt/ros/jazzy/lib/librosgraph_msgs__rosidl_typesupport_introspection_cpp.so /opt/ros/jazzy/lib/librosgraph_msgs__rosidl_typesupport_cpp.so /opt/ros/jazzy/lib/librosgraph_msgs__rosidl_generator_py.so /opt/ros/jazzy/lib/librosgraph_msgs__rosidl_typesupport_c.so /opt/ros/jazzy/lib/librosgraph_msgs__rosidl_generator_c.so /opt/ros/jazzy/lib/libstatistics_msgs__rosidl_typesupport_fastrtps_c.so /opt/ros/jazzy/lib/libstatistics_msgs__rosidl_typesupport_fastrtps_cpp.so /opt/ros/jazzy/lib/libstatistics_msgs__rosidl_typesupport_introspection_c.so /opt/ros/jazzy/lib/libstatistics_msgs__rosidl_typesupport_introspection_cpp.so /opt/ros/jazzy/lib/libstatistics_msgs__rosidl_typesupport_cpp.so /opt/ros/jazzy/lib/libstatistics_msgs__rosidl_generator_py.so /opt/ros/jazzy/lib/libstatistics_msgs__rosidl_typesupport_c.so /opt/ros/jazzy/lib/libstatistics_msgs__rosidl_generator_c.so /opt/ros/jazzy/lib/libtracetools.so -llttng-ust -llttng-ust-common -rdynamic -ldl /opt/ros/jazzy/lib/librcl_logging_interface.so /opt/ros/jazzy/lib/libtf2_msgs__rosidl_typesupport_fastrtps_c.so /opt/ros/jazzy/lib/libtf2_msgs__rosidl_typesupport_introspection_c.so /opt/ros/jazzy/lib/libtf2_msgs__rosidl_typesupport_fastrtps_cpp.so /opt/ros/jazzy/lib/libtf2_msgs__rosidl_typesupport_introspection_cpp.so /opt/ros/jazzy/lib/libtf2_msgs__rosidl_typesupport_cpp.so /opt/ros/jazzy/lib/libtf2_msgs__rosidl_generator_py.so /opt/ros/jazzy/lib/libgeometry_msgs__rosidl_typesupport_fastrtps_c.so /opt/ros/jazzy/lib/libgeometry_msgs__rosidl_typesupport_introspection_c.so /opt/ros/jazzy/lib/libgeometry_msgs__rosidl_typesupport_fastrtps_cpp.so /opt/ros/jazzy/lib/libgeometry_msgs__rosidl_typesupport_introspection_cpp.so /opt/ros/jazzy/lib/libgeometry_msgs__rosidl_generator_py.so /opt/ros/jazzy/lib/libaction_msgs__rosidl_typesupport_fastrtps_c.so /opt/ros/jazzy/lib/libaction_msgs__rosidl_typesupport_fastrtps_cpp.so /opt/ros/jazzy/lib/libaction_msgs__rosidl_typesupport_introspection_c.so /opt/ros/jazzy/lib/libaction_msgs__rosidl_typesupport_introspection_cpp.so /opt/ros/jazzy/lib/libaction_msgs__rosidl_typesupport_cpp.so /opt/ros/jazzy/lib/libaction_msgs__rosidl_generator_py.so /opt/ros/jazzy/lib/libunique_identifier_msgs__rosidl_typesupport_fastrtps_c.so /opt/ros/jazzy/lib/libunique_identifier_msgs__rosidl_typesupport_fastrtps_cpp.so /opt/ros/jazzy/lib/libunique_identifier_msgs__rosidl_typesupport_introspection_c.so /opt/ros/jazzy/lib/libunique_identifier_msgs__rosidl_typesupport_introspection_cpp.so /opt/ros/jazzy/lib/libunique_identifier_msgs__rosidl_typesupport_cpp.so /opt/ros/jazzy/lib/libtf2_msgs__rosidl_typesupport_c.so /opt/ros/jazzy/lib/libgeometry_msgs__rosidl_typesupport_c.so /opt/ros/jazzy/lib/libaction_msgs__rosidl_typesupport_c.so /opt/ros/jazzy/lib/libtf2_msgs__rosidl_generator_c.so /opt/ros/jazzy/lib/libaction_msgs__rosidl_generator_c.so /opt/ros/jazzy/lib/libunique_identifier_msgs__rosidl_typesupport_c.so /opt/ros/jazzy/lib/libunique_identifier_msgs__rosidl_generator_c.so /usr/lib/x86_64-linux-gnu/liborocos-kdl.so /opt/ros/jazzy/lib/libclass_loader.so /usr/lib/x86_64-linux-gnu/libconsole_bridge.so.1.0 /opt/ros/jazzy/lib/libament_index_cpp.so /usr/lib/x86_64-linux-gnu/libtinyxml2.so.10.0.0 /usr/lib/x86_64-linux-gnu/libcrypto.so /opt/ros/jazzy/lib/libcontroller_manager_msgs__rosidl_typesupport_c.so /opt/ros/jazzy/lib/libcontroller_manager_msgs__rosidl_generator_c.so /opt/ros/jazzy/lib/libstd_msgs__rosidl_typesupport_fastrtps_c.so /opt/ros/jazzy/lib/libstd_msgs__rosidl_typesupport_introspection_c.so /opt/ros/jazzy/lib/libstd_msgs__rosidl_typesupport_fastrtps_cpp.so /opt/ros/jazzy/lib/libstd_msgs__rosidl_typesupport_introspection_cpp.so /opt/ros/jazzy/lib/libstd_msgs__rosidl_generator_py.so /opt/ros/jazzy/lib/libstd_msgs__rosidl_typesupport_c.so /opt/ros/jazzy/lib/liblifecycle_msgs__rosidl_typesupport_fastrtps_c.so /opt/ros/jazzy/lib/liblifecycle_msgs__rosidl_typesupport_fastrtps_cpp.so /opt/ros/jazzy/lib/liblifecycle_msgs__rosidl_typesupport_introspection_c.so /opt/ros/jazzy/lib/liblifecycle_msgs__rosidl_typesupport_introspection_cpp.so /opt/ros/jazzy/lib/liblifecycle_msgs__rosidl_typesupport_cpp.so /opt/ros/jazzy/lib/liblifecycle_msgs__rosidl_generator_py.so /opt/ros/jazzy/lib/libservice_msgs__rosidl_typesupport_fastrtps_c.so /opt/ros/jazzy/lib/libservice_msgs__rosidl_typesupport_introspection_c.so /opt/ros/jazzy/lib/libservice_msgs__rosidl_typesupport_fastrtps_cpp.so /opt/ros/jazzy/lib/libservice_msgs__rosidl_typesupport_introspection_cpp.so /opt/ros/jazzy/lib/liblifecycle_msgs__rosidl_typesupport_c.so /opt/ros/jazzy/lib/liblifecycle_msgs__rosidl_generator_c.so /opt/ros/jazzy/lib/libbuiltin_interfaces__rosidl_typesupport_fastrtps_c.so /opt/ros/jazzy/lib/librosidl_typesupport_fastrtps_c.so /opt/ros/jazzy/lib/libbuiltin_interfaces__rosidl_typesupport_introspection_c.so /opt/ros/jazzy/lib/libbuiltin_interfaces__rosidl_typesupport_fastrtps_cpp.so /opt/ros/jazzy/lib/librosidl_typesupport_fastrtps_cpp.so /opt/ros/jazzy/lib/libfastcdr.so.2.2.5 /opt/ros/jazzy/lib/librmw.so /opt/ros/jazzy/lib/librosidl_dynamic_typesupport.so /opt/ros/jazzy/lib/libbuiltin_interfaces__rosidl_typesupport_introspection_cpp.so /opt/ros/jazzy/lib/librosidl_typesupport_introspection_cpp.so /opt/ros/jazzy/lib/librosidl_typesupport_introspection_c.so /opt/ros/jazzy/lib/libservice_msgs__rosidl_typesupport_c.so /opt/ros/jazzy/lib/libbuiltin_interfaces__rosidl_generator_py.so /opt/ros/jazzy/lib/libbuiltin_interfaces__rosidl_typesupport_c.so /opt/ros/jazzy/lib/libgeometry_msgs__rosidl_typesupport_cpp.so /opt/ros/jazzy/lib/libstd_msgs__rosidl_typesupport_cpp.so /opt/ros/jazzy/lib/libservice_msgs__rosidl_typesupport_cpp.so /opt/ros/jazzy/lib/libbuiltin_interfaces__rosidl_typesupport_cpp.so /opt/ros/jazzy/lib/librosidl_typesupport_cpp.so /opt/ros/jazzy/lib/librosidl_typesupport_c.so /opt/ros/jazzy/lib/librcpputils.so libarm_description__rosidl_generator_c.so /opt/ros/jazzy/lib/libgeometry_msgs__rosidl_generator_c.so /opt/ros/jazzy/lib/libstd_msgs__rosidl_generator_c.so /opt/ros/jazzy/lib/libservice_msgs__rosidl_generator_c.so /opt/ros/jazzy/lib/libbuiltin_interfaces__rosidl_generator_c.so /opt/ros/jazzy/lib/librosidl_runtime_c.so /opt/ros/jazzy/lib/librcutils.so /opt/ros/jazzy/lib/librcutils.so /opt/ros/jazzy/lib/librcl_interfaces__rosidl_generator_c.so /opt/ros/jazzy/lib/librcl_interfaces__rosidl_typesupport_fastrtps_c.so /opt/ros/jazzy/lib/librcl_interfaces__rosidl_typesupport_introspection_c.so /opt/ros/jazzy/lib/librcl_interfaces__rosidl_typesupport_c.so /opt/ros/jazzy/lib/librcl_interfaces__rosidl_typesupport_fastrtps_cpp.so /opt/ros/jazzy/lib/librcl_interfaces__rosidl_typesupport_introspection_cpp.so /opt/ros/jazzy/lib/librcl_interfaces__rosidl_typesupport_cpp.so /opt/ros/jazzy/lib/librcl_interfaces__rosidl_generator_py.so /opt/ros/jazzy/lib/libservice_msgs__rosidl_generator_c.so /opt/ros/jazzy/lib/libservice_msgs__rosidl_typesupport_fastrtps_c.so /opt/ros/jazzy/lib/libservice_msgs__rosidl_typesupport_fastrtps_cpp.so /opt/ros/jazzy/lib/libservice_msgs__rosidl_typesupport_introspection_c.so /opt/ros/jazzy/lib/libservice_msgs__rosidl_typesupport_c.so /opt/ros/jazzy/lib/libservice_msgs__rosidl_typesupport_introspection_cpp.so /opt/ros/jazzy/lib/libservice_msgs__rosidl_typesupport_cpp.so /opt/ros/jazzy/lib/libservice_msgs__rosidl_generator_py.so /opt/ros/jazzy/lib/librosidl_typesupport_fastrtps_c.so /opt/ros/jazzy/lib/librmw.so /opt/ros/jazzy/lib/librosidl_typesupport_fastrtps_cpp.so /opt/ros/jazzy/lib/librcpputils.so /opt/ros/jazzy/lib/librosidl_typesupport_c.so /opt/ros/jazzy/lib/librosidl_typesupport_cpp.so /opt/ros/jazzy/lib/librosidl_runtime_c.so /opt/ros/jazzy/lib/librosidl_typesupport_introspection_c.so /opt/ros/jazzy/lib/librosidl_typesupport_introspection_cpp.so /opt/ros/jazzy/lib/libcomposition_interfaces__rosidl_generator_c.so /opt/ros/jazzy/lib/libcomposition_interfaces__rosidl_typesupport_fastrtps_c.so /opt/ros/jazzy/lib/libcomposition_interfaces__rosidl_typesupport_introspection_c.so /opt/ros/jazzy/lib/libcomposition_interfaces__rosidl_typesupport_c.so /opt/ros/jazzy/lib/libcomposition_interfaces__rosidl_typesupport_fastrtps_cpp.so /opt/ros/jazzy/lib/libcomposition_interfaces__rosidl_typesupport_introspection_cpp.so /opt/ros/jazzy/lib/libcomposition_interfaces__rosidl_typesupport_cpp.so /opt/ros/jazzy/lib/libcomposition_interfaces__rosidl_generator_py.so /opt/ros/jazzy/lib/librclcpp.so /opt/ros/jazzy/lib/libcomponent_manager.so /opt/ros/jazzy/lib/libbuiltin_interfaces__rosidl_generator_c.so /opt/ros/jazzy/lib/libbuiltin_interfaces__rosidl_typesupport_fastrtps_c.so /opt/ros/jazzy/lib/libbuiltin_interfaces__rosidl_typesupport_introspection_c.so /opt/ros/jazzy/lib/libbuiltin_interfaces__rosidl_typesupport_c.so /opt/ros/jazzy/lib/libbuiltin_interfaces__rosidl_typesupport_fastrtps_cpp.so /opt/ros/jazzy/lib/libbuiltin_interfaces__rosidl_typesupport_introspection_cpp.so /opt/ros/jazzy/lib/libbuiltin_interfaces__rosidl_typesupport_cpp.so /opt/ros/jazzy/lib/libbuiltin_interfaces__rosidl_generator_py.so /opt/ros/jazzy/lib/libstd_msgs__rosidl_generator_c.so /opt/ros/jazzy/lib/libstd_msgs__rosidl_typesupport_fastrtps_c.so /opt/ros/jazzy/lib/libstd_msgs__rosidl_typesupport_fastrtps_cpp.so /opt/ros/jazzy/lib/libstd_msgs__rosidl_typesupport_introspection_c.so /opt/ros/jazzy/lib/libstd_msgs__rosidl_typesupport_c.so /opt/ros/jazzy/lib/libstd_msgs__rosidl_typesupport_introspection_cpp.so /opt/ros/jazzy/lib/libstd_msgs__rosidl_typesupport_cpp.so /opt/ros/jazzy/lib/libstd_msgs__rosidl_generator_py.so /opt/ros/jazzy/lib/libmessage_filters.so /opt/ros/jazzy/lib/libaction_msgs__rosidl_generator_c.so /opt/ros/jazzy/lib/libaction_msgs__rosidl_typesupport_fastrtps_c.so /opt/ros/jazzy/lib/libaction_msgs__rosidl_typesupport_fastrtps_cpp.so /opt/ros/jazzy/lib/libaction_msgs__rosidl_typesupport_introspection_c.so /opt/ros/jazzy/lib/libaction_msgs__rosidl_typesupport_c.so /opt/ros/jazzy/lib/libaction_msgs__rosidl_typesupport_introspection_cpp.so /opt/ros/jazzy/lib/libaction_msgs__rosidl_typesupport_cpp.so /opt/ros/jazzy/lib/libaction_msgs__rosidl_generator_py.so /opt/ros/jazzy/lib/librcl.so /opt/ros/jazzy/lib/librcl_action.so /opt/ros/jazzy/lib/librclcpp_action.so /opt/ros/jazzy/lib/libtf2_msgs__rosidl_generator_c.so /opt/ros/jazzy/lib/libtf2_msgs__rosidl_typesupport_fastrtps_c.so /opt/ros/jazzy/lib/libtf2_msgs__rosidl_typesupport_introspection_c.so /opt/ros/jazzy/lib/libtf2_msgs__rosidl_typesupport_c.so /opt/ros/jazzy/lib/libtf2_msgs__rosidl_typesupport_fastrtps_cpp.so /opt/ros/jazzy/lib/libtf2_msgs__rosidl_typesupport_introspection_cpp.so /opt/ros/jazzy/lib/libtf2_msgs__rosidl_typesupport_cpp.so /opt/ros/jazzy/lib/libtf2_msgs__rosidl_generator_py.so -ldl /opt/ros/jazzy/lib/libstatic_transform_broadcaster_node.so -Wl,-rpath-link,/opt/ros/jazzy/lib 
gmake[2]: Leaving directory '/home/saber/robox_ws/build/arm_description'
/usr/bin/gmake  -f CMakeFiles/arm_description__rosidl_generator_py.dir/build.make CMakeFiles/arm_description__rosidl_generator_py.dir/build
gmake[2]: Entering directory '/home/saber/robox_ws/build/arm_description'
gmake[2]: Nothing to be done for 'CMakeFiles/arm_description__rosidl_generator_py.dir/build'.
gmake[2]: Leaving directory '/home/saber/robox_ws/build/arm_description'
[ 80%] Built target arm_description__rosidl_generator_py
/usr/bin/gmake  -f CMakeFiles/arm_description_s__rosidl_typesupport_fastrtps_c.dir/build.make CMakeFiles/arm_description_s__rosidl_typesupport_fastrtps_c.dir/depend
/usr/bin/gmake  -f CMakeFiles/arm_description_s__rosidl_typesupport_introspection_c.dir/build.make CMakeFiles/arm_description_s__rosidl_typesupport_introspection_c.dir/depend
/usr/bin/gmake  -f CMakeFiles/arm_description_s__rosidl_typesupport_c.dir/build.make CMakeFiles/arm_description_s__rosidl_typesupport_c.dir/depend
gmake[2]: Entering directory '/home/saber/robox_ws/build/arm_description'
cd /home/saber/robox_ws/build/arm_description && /usr/bin/cmake -E cmake_depends "Unix Makefiles" /home/saber/robox_ws/src/arm_description /home/saber/robox_ws/src/arm_description /home/saber/robox_ws/build/arm_description /home/saber/robox_ws/build/arm_description /home/saber/robox_ws/build/arm_description/CMakeFiles/arm_description_s__rosidl_typesupport_fastrtps_c.dir/DependInfo.cmake "--color="
gmake[2]: Entering directory '/home/saber/robox_ws/build/arm_description'
cd /home/saber/robox_ws/build/arm_description && /usr/bin/cmake -E cmake_depends "Unix Makefiles" /home/saber/robox_ws/src/arm_description /home/saber/robox_ws/src/arm_description /home/saber/robox_ws/build/arm_description /home/saber/robox_ws/build/arm_description /home/saber/robox_ws/build/arm_description/CMakeFiles/arm_description_s__rosidl_typesupport_introspection_c.dir/DependInfo.cmake "--color="
gmake[2]: Entering directory '/home/saber/robox_ws/build/arm_description'
cd /home/saber/robox_ws/build/arm_description && /usr/bin/cmake -E cmake_depends "Unix Makefiles" /home/saber/robox_ws/src/arm_description /home/saber/robox_ws/src/arm_description /home/saber/robox_ws/build/arm_description /home/saber/robox_ws/build/arm_description /home/saber/robox_ws/build/arm_description/CMakeFiles/arm_description_s__rosidl_typesupport_c.dir/DependInfo.cmake "--color="
gmake[2]: Leaving directory '/home/saber/robox_ws/build/arm_description'
/usr/bin/gmake  -f CMakeFiles/arm_description_s__rosidl_typesupport_fastrtps_c.dir/build.make CMakeFiles/arm_description_s__rosidl_typesupport_fastrtps_c.dir/build
gmake[2]: Leaving directory '/home/saber/robox_ws/build/arm_description'
/usr/bin/gmake  -f CMakeFiles/arm_description_s__rosidl_typesupport_c.dir/build.make CMakeFiles/arm_description_s__rosidl_typesupport_c.dir/build
gmake[2]: Leaving directory '/home/saber/robox_ws/build/arm_description'
/usr/bin/gmake  -f CMakeFiles/arm_description_s__rosidl_typesupport_introspection_c.dir/build.make CMakeFiles/arm_description_s__rosidl_typesupport_introspection_c.dir/build
gmake[2]: Entering directory '/home/saber/robox_ws/build/arm_description'
gmake[2]: Nothing to be done for 'CMakeFiles/arm_description_s__rosidl_typesupport_fastrtps_c.dir/build'.
gmake[2]: Leaving directory '/home/saber/robox_ws/build/arm_description'
gmake[2]: Entering directory '/home/saber/robox_ws/build/arm_description'
gmake[2]: Nothing to be done for 'CMakeFiles/arm_description_s__rosidl_typesupport_introspection_c.dir/build'.
gmake[2]: Leaving directory '/home/saber/robox_ws/build/arm_description'
gmake[2]: Entering directory '/home/saber/robox_ws/build/arm_description'
gmake[2]: Nothing to be done for 'CMakeFiles/arm_description_s__rosidl_typesupport_c.dir/build'.
gmake[2]: Leaving directory '/home/saber/robox_ws/build/arm_description'
[ 97%] Built target arm_description_s__rosidl_typesupport_fastrtps_c
[ 97%] Built target arm_description_s__rosidl_typesupport_introspection_c
[ 97%] Built target arm_description_s__rosidl_typesupport_c
running egg_info
writing arm_description.egg-info/PKG-INFO
writing dependency_links to arm_description.egg-info/dependency_links.txt
writing top-level names to arm_description.egg-info/top_level.txt
reading manifest file 'arm_description.egg-info/SOURCES.txt'
writing manifest file 'arm_description.egg-info/SOURCES.txt'
gmake[2]: Leaving directory '/home/saber/robox_ws/build/arm_description'
[ 97%] Built target ament_cmake_python_build_arm_description_egg
gmake[2]: Leaving directory '/home/saber/robox_ws/build/arm_description'
gmake[1]: Leaving directory '/home/saber/robox_ws/build/arm_description'
