[2.429s] Invoking command in '/home/saber/robox_ws/src/arduinobot_py_examples': DEBUGINFOD_URLS=https://debuginfod.ubuntu.com PYTHONPATH=/home/saber/robox_ws/build/arduinobot_py_examples/prefix_override:/usr/lib/python3/dist-packages/colcon_core/task/python/colcon_distutils_commands:/home/saber/robox_ws/install/arduinobot_py_examples/lib/python3.12/site-packages:${PYTHONPATH} /usr/bin/python3 -W ignore:setup.py install is deprecated -W ignore:easy_install command is deprecated setup.py egg_info --egg-base ../../build/arduinobot_py_examples build --build-base /home/saber/robox_ws/build/arduinobot_py_examples/build install --record /home/saber/robox_ws/build/arduinobot_py_examples/install.log --single-version-externally-managed install_data
[3.062s] running egg_info
[3.117s] writing ../../build/arduinobot_py_examples/arduinobot_py_examples.egg-info/PKG-INFO
[3.117s] writing dependency_links to ../../build/arduinobot_py_examples/arduinobot_py_examples.egg-info/dependency_links.txt
[3.118s] writing entry points to ../../build/arduinobot_py_examples/arduinobot_py_examples.egg-info/entry_points.txt
[3.118s] writing requirements to ../../build/arduinobot_py_examples/arduinobot_py_examples.egg-info/requires.txt
[3.118s] writing top-level names to ../../build/arduinobot_py_examples/arduinobot_py_examples.egg-info/top_level.txt
[3.229s] reading manifest file '../../build/arduinobot_py_examples/arduinobot_py_examples.egg-info/SOURCES.txt'
[3.230s] writing manifest file '../../build/arduinobot_py_examples/arduinobot_py_examples.egg-info/SOURCES.txt'
[3.231s] running build
[3.231s] running build_py
[3.233s] running install
[3.243s] running install_lib
[3.304s] running install_data
[3.304s] running install_egg_info
[3.361s] removing '/home/saber/robox_ws/install/arduinobot_py_examples/lib/python3.12/site-packages/arduinobot_py_examples-0.0.1-py3.12.egg-info' (and everything under it)
[3.362s] Copying ../../build/arduinobot_py_examples/arduinobot_py_examples.egg-info to /home/saber/robox_ws/install/arduinobot_py_examples/lib/python3.12/site-packages/arduinobot_py_examples-0.0.1-py3.12.egg-info
[3.364s] running install_scripts
[3.715s] Installing bridge script to /home/saber/robox_ws/install/arduinobot_py_examples/lib/arduinobot_py_examples
[3.715s] Installing cube_pose_publisher script to /home/saber/robox_ws/install/arduinobot_py_examples/lib/arduinobot_py_examples
[3.716s] Installing cube_pose_trajectory script to /home/saber/robox_ws/install/arduinobot_py_examples/lib/arduinobot_py_examples
[3.716s] Installing ik_solver script to /home/saber/robox_ws/install/arduinobot_py_examples/lib/arduinobot_py_examples
[3.716s] Installing ik_to_trajectory_client script to /home/saber/robox_ws/install/arduinobot_py_examples/lib/arduinobot_py_examples
[3.716s] Installing joystick_handler script to /home/saber/robox_ws/install/arduinobot_py_examples/lib/arduinobot_py_examples
[3.717s] Installing pose script to /home/saber/robox_ws/install/arduinobot_py_examples/lib/arduinobot_py_examples
[3.717s] Installing ppc_action_server script to /home/saber/robox_ws/install/arduinobot_py_examples/lib/arduinobot_py_examples
[3.717s] Installing publisher script to /home/saber/robox_ws/install/arduinobot_py_examples/lib/arduinobot_py_examples
[3.717s] Installing reachability_map script to /home/saber/robox_ws/install/arduinobot_py_examples/lib/arduinobot_py_examples
[3.717s] Installing serial script to /home/saber/robox_ws/install/arduinobot_py_examples/lib/arduinobot_py_examples
[3.718s] Installing simple_moveit_interface script to /home/saber/robox_ws/install/arduinobot_py_examples/lib/arduinobot_py_examples
[3.718s] Installing simple_parameter script to /home/saber/robox_ws/install/arduinobot_py_examples/lib/arduinobot_py_examples
[3.718s] Installing subscriber script to /home/saber/robox_ws/install/arduinobot_py_examples/lib/arduinobot_py_examples
[3.719s] writing list of installed files to '/home/saber/robox_ws/build/arduinobot_py_examples/install.log'
[3.770s] Invoked command in '/home/saber/robox_ws/src/arduinobot_py_examples' returned '0': DEBUGINFOD_URLS=https://debuginfod.ubuntu.com PYTHONPATH=/home/saber/robox_ws/build/arduinobot_py_examples/prefix_override:/usr/lib/python3/dist-packages/colcon_core/task/python/colcon_distutils_commands:/home/saber/robox_ws/install/arduinobot_py_examples/lib/python3.12/site-packages:${PYTHONPATH} /usr/bin/python3 -W ignore:setup.py install is deprecated -W ignore:easy_install command is deprecated setup.py egg_info --egg-base ../../build/arduinobot_py_examples build --build-base /home/saber/robox_ws/build/arduinobot_py_examples/build install --record /home/saber/robox_ws/build/arduinobot_py_examples/install.log --single-version-externally-managed install_data
