[0.041s] Invoking command in '/home/saber/robox_ws/build/moveit_servo': AMENT_PREFIX_PATH=/home/saber/robox_ws/install/moveit_ros_visualization:/home/saber/robox_ws/install/moveit_ros_planning_interface:/home/saber/robox_ws/install/moveit_ros_move_group:/home/saber/robox_ws/install/moveit_ros_warehouse:/home/saber/robox_ws/install/moveit_ros_robot_interaction:/home/saber/robox_ws/install/moveit_kinematics:/home/saber/robox_ws/install/moveit_ros_planning:/home/saber/robox_ws/install/moveit_simple_controller_manager:/home/saber/robox_ws/install/moveit_ros_occupancy_map_monitor:/home/saber/robox_ws/install/moveit_core:/home/saber/robox_ws/install/moveit_configs_utils:/home/saber/robox_ws/install/moveit_common:${AMENT_PREFIX_PATH} CMAKE_PREFIX_PATH=/home/saber/robox_ws/install/moveit_ros_visualization:/home/saber/robox_ws/install/moveit_ros_planning_interface:/home/saber/robox_ws/install/moveit_ros_move_group:/home/saber/robox_ws/install/moveit_ros_warehouse:/home/saber/robox_ws/install/moveit_ros_robot_interaction:/home/saber/robox_ws/install/moveit_kinematics:/home/saber/robox_ws/install/moveit_ros_planning:/home/saber/robox_ws/install/moveit_simple_controller_manager:/home/saber/robox_ws/install/moveit_ros_occupancy_map_monitor:/home/saber/robox_ws/install/moveit_core:/home/saber/robox_ws/install/moveit_common:/home/saber/arduinobot_ws/install/controller:/home/saber/arduinobot_ws/install/arm_description:/home/saber/arduinobot_ws/install/arduinobot_cpp_examples:/opt/ros/jazzy/opt/gz_sim_vendor:/opt/ros/jazzy/opt/gz_sensors_vendor:/opt/ros/jazzy/opt/gz_physics_vendor:/opt/ros/jazzy/opt/sdformat_vendor:/opt/ros/jazzy/opt/gz_gui_vendor:/opt/ros/jazzy/opt/gz_transport_vendor:/opt/ros/jazzy/opt/gz_rendering_vendor:/opt/ros/jazzy/opt/gz_plugin_vendor:/opt/ros/jazzy/opt/gz_fuel_tools_vendor:/opt/ros/jazzy/opt/gz_msgs_vendor:/opt/ros/jazzy/opt/gz_common_vendor:/opt/ros/jazzy/opt/gz_math_vendor:/opt/ros/jazzy/opt/gz_utils_vendor:/opt/ros/jazzy/opt/gz_tools_vendor:/opt/ros/jazzy/opt/gz_ogre_next_vendor:/opt/ros/jazzy/opt/gz_dartsim_vendor:/opt/ros/jazzy/opt/gz_cmake_vendor:/home/saber/arduinobot_ws/install/arduinobot_py_examples:/opt/ros/jazzy DEBUGINFOD_URLS=https://debuginfod.ubuntu.com LD_LIBRARY_PATH=/home/saber/robox_ws/install/moveit_ros_visualization/lib:/home/saber/robox_ws/install/moveit_ros_planning_interface/lib:/home/saber/robox_ws/install/moveit_ros_move_group/lib:/home/saber/robox_ws/install/moveit_ros_warehouse/lib:/home/saber/robox_ws/install/moveit_ros_robot_interaction/lib:/home/saber/robox_ws/install/moveit_kinematics/lib:/home/saber/robox_ws/install/moveit_ros_planning/lib:/home/saber/robox_ws/install/moveit_simple_controller_manager/lib:/home/saber/robox_ws/install/moveit_ros_occupancy_map_monitor/lib:/home/saber/robox_ws/install/moveit_core/lib:${LD_LIBRARY_PATH} PATH=/home/saber/robox_ws/install/moveit_core/bin:${PATH} PYTHONPATH=/home/saber/robox_ws/install/moveit_configs_utils/lib/python3.12/site-packages:${PYTHONPATH} /usr/bin/cmake --build /home/saber/robox_ws/build/moveit_servo -- -j16 -l16
[0.144s] [  6%] Built target moveit_servo_lib_parameters
[0.144s] [ 13%] Built target gtest
[0.145s] [ 20%] Built target gtest_main
[0.154s] [ 34%] Built target servo_node
[0.154s] [ 34%] Built target servo_keyboard_input
[0.216s] [ 41%] Built target moveit_servo_ros_integration_test
[0.243s] [ 58%] Built target moveit_servo_lib_cpp
[0.319s] [ 79%] Built target moveit_servo_utils_test
[0.319s] [ 79%] Built target demo_twist
[0.319s] [ 82%] Built target demo_joint_jog
[0.319s] [ 93%] Built target demo_pose
[0.319s] [ 93%] Built target moveit_servo_lib_ros
[0.323s] [100%] Built target moveit_servo_cpp_integration_test
[0.361s] Invoked command in '/home/saber/robox_ws/build/moveit_servo' returned '0': AMENT_PREFIX_PATH=/home/saber/robox_ws/install/moveit_ros_visualization:/home/saber/robox_ws/install/moveit_ros_planning_interface:/home/saber/robox_ws/install/moveit_ros_move_group:/home/saber/robox_ws/install/moveit_ros_warehouse:/home/saber/robox_ws/install/moveit_ros_robot_interaction:/home/saber/robox_ws/install/moveit_kinematics:/home/saber/robox_ws/install/moveit_ros_planning:/home/saber/robox_ws/install/moveit_simple_controller_manager:/home/saber/robox_ws/install/moveit_ros_occupancy_map_monitor:/home/saber/robox_ws/install/moveit_core:/home/saber/robox_ws/install/moveit_configs_utils:/home/saber/robox_ws/install/moveit_common:${AMENT_PREFIX_PATH} CMAKE_PREFIX_PATH=/home/saber/robox_ws/install/moveit_ros_visualization:/home/saber/robox_ws/install/moveit_ros_planning_interface:/home/saber/robox_ws/install/moveit_ros_move_group:/home/saber/robox_ws/install/moveit_ros_warehouse:/home/saber/robox_ws/install/moveit_ros_robot_interaction:/home/saber/robox_ws/install/moveit_kinematics:/home/saber/robox_ws/install/moveit_ros_planning:/home/saber/robox_ws/install/moveit_simple_controller_manager:/home/saber/robox_ws/install/moveit_ros_occupancy_map_monitor:/home/saber/robox_ws/install/moveit_core:/home/saber/robox_ws/install/moveit_common:/home/saber/arduinobot_ws/install/controller:/home/saber/arduinobot_ws/install/arm_description:/home/saber/arduinobot_ws/install/arduinobot_cpp_examples:/opt/ros/jazzy/opt/gz_sim_vendor:/opt/ros/jazzy/opt/gz_sensors_vendor:/opt/ros/jazzy/opt/gz_physics_vendor:/opt/ros/jazzy/opt/sdformat_vendor:/opt/ros/jazzy/opt/gz_gui_vendor:/opt/ros/jazzy/opt/gz_transport_vendor:/opt/ros/jazzy/opt/gz_rendering_vendor:/opt/ros/jazzy/opt/gz_plugin_vendor:/opt/ros/jazzy/opt/gz_fuel_tools_vendor:/opt/ros/jazzy/opt/gz_msgs_vendor:/opt/ros/jazzy/opt/gz_common_vendor:/opt/ros/jazzy/opt/gz_math_vendor:/opt/ros/jazzy/opt/gz_utils_vendor:/opt/ros/jazzy/opt/gz_tools_vendor:/opt/ros/jazzy/opt/gz_ogre_next_vendor:/opt/ros/jazzy/opt/gz_dartsim_vendor:/opt/ros/jazzy/opt/gz_cmake_vendor:/home/saber/arduinobot_ws/install/arduinobot_py_examples:/opt/ros/jazzy DEBUGINFOD_URLS=https://debuginfod.ubuntu.com LD_LIBRARY_PATH=/home/saber/robox_ws/install/moveit_ros_visualization/lib:/home/saber/robox_ws/install/moveit_ros_planning_interface/lib:/home/saber/robox_ws/install/moveit_ros_move_group/lib:/home/saber/robox_ws/install/moveit_ros_warehouse/lib:/home/saber/robox_ws/install/moveit_ros_robot_interaction/lib:/home/saber/robox_ws/install/moveit_kinematics/lib:/home/saber/robox_ws/install/moveit_ros_planning/lib:/home/saber/robox_ws/install/moveit_simple_controller_manager/lib:/home/saber/robox_ws/install/moveit_ros_occupancy_map_monitor/lib:/home/saber/robox_ws/install/moveit_core/lib:${LD_LIBRARY_PATH} PATH=/home/saber/robox_ws/install/moveit_core/bin:${PATH} PYTHONPATH=/home/saber/robox_ws/install/moveit_configs_utils/lib/python3.12/site-packages:${PYTHONPATH} /usr/bin/cmake --build /home/saber/robox_ws/build/moveit_servo -- -j16 -l16
[0.367s] Invoking command in '/home/saber/robox_ws/build/moveit_servo': AMENT_PREFIX_PATH=/home/saber/robox_ws/install/moveit_ros_visualization:/home/saber/robox_ws/install/moveit_ros_planning_interface:/home/saber/robox_ws/install/moveit_ros_move_group:/home/saber/robox_ws/install/moveit_ros_warehouse:/home/saber/robox_ws/install/moveit_ros_robot_interaction:/home/saber/robox_ws/install/moveit_kinematics:/home/saber/robox_ws/install/moveit_ros_planning:/home/saber/robox_ws/install/moveit_simple_controller_manager:/home/saber/robox_ws/install/moveit_ros_occupancy_map_monitor:/home/saber/robox_ws/install/moveit_core:/home/saber/robox_ws/install/moveit_configs_utils:/home/saber/robox_ws/install/moveit_common:${AMENT_PREFIX_PATH} CMAKE_PREFIX_PATH=/home/saber/robox_ws/install/moveit_ros_visualization:/home/saber/robox_ws/install/moveit_ros_planning_interface:/home/saber/robox_ws/install/moveit_ros_move_group:/home/saber/robox_ws/install/moveit_ros_warehouse:/home/saber/robox_ws/install/moveit_ros_robot_interaction:/home/saber/robox_ws/install/moveit_kinematics:/home/saber/robox_ws/install/moveit_ros_planning:/home/saber/robox_ws/install/moveit_simple_controller_manager:/home/saber/robox_ws/install/moveit_ros_occupancy_map_monitor:/home/saber/robox_ws/install/moveit_core:/home/saber/robox_ws/install/moveit_common:/home/saber/arduinobot_ws/install/controller:/home/saber/arduinobot_ws/install/arm_description:/home/saber/arduinobot_ws/install/arduinobot_cpp_examples:/opt/ros/jazzy/opt/gz_sim_vendor:/opt/ros/jazzy/opt/gz_sensors_vendor:/opt/ros/jazzy/opt/gz_physics_vendor:/opt/ros/jazzy/opt/sdformat_vendor:/opt/ros/jazzy/opt/gz_gui_vendor:/opt/ros/jazzy/opt/gz_transport_vendor:/opt/ros/jazzy/opt/gz_rendering_vendor:/opt/ros/jazzy/opt/gz_plugin_vendor:/opt/ros/jazzy/opt/gz_fuel_tools_vendor:/opt/ros/jazzy/opt/gz_msgs_vendor:/opt/ros/jazzy/opt/gz_common_vendor:/opt/ros/jazzy/opt/gz_math_vendor:/opt/ros/jazzy/opt/gz_utils_vendor:/opt/ros/jazzy/opt/gz_tools_vendor:/opt/ros/jazzy/opt/gz_ogre_next_vendor:/opt/ros/jazzy/opt/gz_dartsim_vendor:/opt/ros/jazzy/opt/gz_cmake_vendor:/home/saber/arduinobot_ws/install/arduinobot_py_examples:/opt/ros/jazzy DEBUGINFOD_URLS=https://debuginfod.ubuntu.com LD_LIBRARY_PATH=/home/saber/robox_ws/install/moveit_ros_visualization/lib:/home/saber/robox_ws/install/moveit_ros_planning_interface/lib:/home/saber/robox_ws/install/moveit_ros_move_group/lib:/home/saber/robox_ws/install/moveit_ros_warehouse/lib:/home/saber/robox_ws/install/moveit_ros_robot_interaction/lib:/home/saber/robox_ws/install/moveit_kinematics/lib:/home/saber/robox_ws/install/moveit_ros_planning/lib:/home/saber/robox_ws/install/moveit_simple_controller_manager/lib:/home/saber/robox_ws/install/moveit_ros_occupancy_map_monitor/lib:/home/saber/robox_ws/install/moveit_core/lib:${LD_LIBRARY_PATH} PATH=/home/saber/robox_ws/install/moveit_core/bin:${PATH} PYTHONPATH=/home/saber/robox_ws/install/moveit_configs_utils/lib/python3.12/site-packages:${PYTHONPATH} /usr/bin/cmake --install /home/saber/robox_ws/build/moveit_servo
[0.395s] -- Install configuration: "Release"
[0.398s] -- Execute custom install script
[0.398s] -- Up-to-date symlink: /home/saber/robox_ws/install/moveit_servo/include/moveit_servo/moveit_servo_lib_parameters.hpp
[0.399s] -- Up-to-date symlink: /home/saber/robox_ws/install/moveit_servo/lib/moveit_servo/servo_node
[0.400s] -- Up-to-date symlink: /home/saber/robox_ws/install/moveit_servo/lib/moveit_servo/demo_joint_jog
[0.400s] -- Up-to-date symlink: /home/saber/robox_ws/install/moveit_servo/lib/moveit_servo/demo_twist
[0.400s] -- Up-to-date symlink: /home/saber/robox_ws/install/moveit_servo/lib/moveit_servo/demo_pose
[0.400s] -- Up-to-date symlink: /home/saber/robox_ws/install/moveit_servo/lib/moveit_servo/servo_node
[0.400s] -- Up-to-date symlink: /home/saber/robox_ws/install/moveit_servo/lib/moveit_servo/servo_keyboard_input
[0.401s] -- Up-to-date symlink: /home/saber/robox_ws/install/moveit_servo/include/moveit_servo/moveit_servo/collision_monitor.h
[0.401s] -- Up-to-date symlink: /home/saber/robox_ws/install/moveit_servo/include/moveit_servo/moveit_servo/collision_monitor.hpp
[0.401s] -- Up-to-date symlink: /home/saber/robox_ws/install/moveit_servo/include/moveit_servo/moveit_servo/servo.h
[0.401s] -- Up-to-date symlink: /home/saber/robox_ws/install/moveit_servo/include/moveit_servo/moveit_servo/servo.hpp
[0.401s] -- Up-to-date symlink: /home/saber/robox_ws/install/moveit_servo/include/moveit_servo/moveit_servo/servo_node.h
[0.401s] -- Up-to-date symlink: /home/saber/robox_ws/install/moveit_servo/include/moveit_servo/moveit_servo/servo_node.hpp
[0.401s] -- Up-to-date symlink: /home/saber/robox_ws/install/moveit_servo/include/moveit_servo/moveit_servo/utils/command.h
[0.401s] -- Up-to-date symlink: /home/saber/robox_ws/install/moveit_servo/include/moveit_servo/moveit_servo/utils/command.hpp
[0.402s] -- Up-to-date symlink: /home/saber/robox_ws/install/moveit_servo/include/moveit_servo/moveit_servo/utils/common.h
[0.402s] -- Up-to-date symlink: /home/saber/robox_ws/install/moveit_servo/include/moveit_servo/moveit_servo/utils/common.hpp
[0.402s] -- Up-to-date symlink: /home/saber/robox_ws/install/moveit_servo/include/moveit_servo/moveit_servo/utils/datatypes.h
[0.402s] -- Up-to-date symlink: /home/saber/robox_ws/install/moveit_servo/include/moveit_servo/moveit_servo/utils/datatypes.hpp
[0.402s] -- Up-to-date symlink: /home/saber/robox_ws/install/moveit_servo/share/moveit_servo/launch/demo_joint_jog.launch.py
[0.402s] -- Up-to-date symlink: /home/saber/robox_ws/install/moveit_servo/share/moveit_servo/launch/demo_pose.launch.py
[0.402s] -- Up-to-date symlink: /home/saber/robox_ws/install/moveit_servo/share/moveit_servo/launch/demo_ros_api.launch.py
[0.404s] -- Up-to-date symlink: /home/saber/robox_ws/install/moveit_servo/share/moveit_servo/launch/demo_twist.launch.py
[0.404s] -- Up-to-date symlink: /home/saber/robox_ws/install/moveit_servo/share/moveit_servo/config/demo_rviz_config.rviz
[0.404s] -- Up-to-date symlink: /home/saber/robox_ws/install/moveit_servo/share/moveit_servo/config/demo_rviz_config_ros.rviz
[0.404s] -- Up-to-date symlink: /home/saber/robox_ws/install/moveit_servo/share/moveit_servo/config/panda_simulated_config.yaml
[0.404s] -- Up-to-date symlink: /home/saber/robox_ws/install/moveit_servo/share/moveit_servo/config/servo_parameters.yaml
[0.412s] -- Up-to-date symlink: /home/saber/robox_ws/install/moveit_servo/share/moveit_servo/config/test_config_panda.yaml
[0.413s] -- Up-to-date symlink: /home/saber/robox_ws/install/moveit_servo/share/moveit_servo/environment/library_path.sh
[0.414s] -- Up-to-date symlink: /home/saber/robox_ws/install/moveit_servo/share/moveit_servo/environment/library_path.dsv
[0.414s] -- Up-to-date symlink: /home/saber/robox_ws/install/moveit_servo/share/ament_index/resource_index/package_run_dependencies/moveit_servo
[0.414s] -- Up-to-date symlink: /home/saber/robox_ws/install/moveit_servo/share/ament_index/resource_index/parent_prefix_path/moveit_servo
[0.414s] -- Up-to-date symlink: /home/saber/robox_ws/install/moveit_servo/share/moveit_servo/environment/ament_prefix_path.sh
[0.414s] -- Up-to-date symlink: /home/saber/robox_ws/install/moveit_servo/share/moveit_servo/environment/ament_prefix_path.dsv
[0.415s] -- Up-to-date symlink: /home/saber/robox_ws/install/moveit_servo/share/moveit_servo/environment/path.sh
[0.415s] -- Up-to-date symlink: /home/saber/robox_ws/install/moveit_servo/share/moveit_servo/environment/path.dsv
[0.415s] -- Up-to-date symlink: /home/saber/robox_ws/install/moveit_servo/share/moveit_servo/local_setup.bash
[0.415s] -- Up-to-date symlink: /home/saber/robox_ws/install/moveit_servo/share/moveit_servo/local_setup.sh
[0.415s] -- Up-to-date symlink: /home/saber/robox_ws/install/moveit_servo/share/moveit_servo/local_setup.zsh
[0.415s] -- Up-to-date symlink: /home/saber/robox_ws/install/moveit_servo/share/moveit_servo/local_setup.dsv
[0.415s] -- Symlinking: /home/saber/robox_ws/install/moveit_servo/share/moveit_servo/package.dsv
[0.429s] -- Up-to-date symlink: /home/saber/robox_ws/install/moveit_servo/share/ament_index/resource_index/packages/moveit_servo
[0.431s] -- Up-to-date symlink: /home/saber/robox_ws/install/moveit_servo/share/ament_index/resource_index/rclcpp_components/moveit_servo
[0.432s] -- Up-to-date symlink: /home/saber/robox_ws/install/moveit_servo/share/moveit_servo/cmake/ament_cmake_export_dependencies-extras.cmake
[0.432s] -- Up-to-date symlink: /home/saber/robox_ws/install/moveit_servo/share/moveit_servo/cmake/ament_cmake_export_targets-extras.cmake
[0.432s] -- Up-to-date symlink: /home/saber/robox_ws/install/moveit_servo/share/moveit_servo/cmake/moveit_servoConfig.cmake
[0.432s] -- Up-to-date symlink: /home/saber/robox_ws/install/moveit_servo/share/moveit_servo/cmake/moveit_servoConfig-version.cmake
[0.432s] -- Up-to-date symlink: /home/saber/robox_ws/install/moveit_servo/share/moveit_servo/package.xml
[0.432s] -- Up-to-date: /home/saber/robox_ws/install/moveit_servo/lib/libmoveit_servo_lib_cpp.so.2.12.3
[0.432s] -- Up-to-date: /home/saber/robox_ws/install/moveit_servo/lib/libmoveit_servo_lib_cpp.so
[0.432s] -- Up-to-date: /home/saber/robox_ws/install/moveit_servo/lib/libmoveit_servo_lib_ros.so.2.12.3
[0.433s] -- Up-to-date: /home/saber/robox_ws/install/moveit_servo/lib/libmoveit_servo_lib_ros.so
[0.433s] -- Up-to-date: /home/saber/robox_ws/install/moveit_servo/share/moveit_servo/cmake/moveit_servoTargetsExport.cmake
[0.433s] -- Up-to-date: /home/saber/robox_ws/install/moveit_servo/share/moveit_servo/cmake/moveit_servoTargetsExport-release.cmake
[0.438s] Invoked command in '/home/saber/robox_ws/build/moveit_servo' returned '0': AMENT_PREFIX_PATH=/home/saber/robox_ws/install/moveit_ros_visualization:/home/saber/robox_ws/install/moveit_ros_planning_interface:/home/saber/robox_ws/install/moveit_ros_move_group:/home/saber/robox_ws/install/moveit_ros_warehouse:/home/saber/robox_ws/install/moveit_ros_robot_interaction:/home/saber/robox_ws/install/moveit_kinematics:/home/saber/robox_ws/install/moveit_ros_planning:/home/saber/robox_ws/install/moveit_simple_controller_manager:/home/saber/robox_ws/install/moveit_ros_occupancy_map_monitor:/home/saber/robox_ws/install/moveit_core:/home/saber/robox_ws/install/moveit_configs_utils:/home/saber/robox_ws/install/moveit_common:${AMENT_PREFIX_PATH} CMAKE_PREFIX_PATH=/home/saber/robox_ws/install/moveit_ros_visualization:/home/saber/robox_ws/install/moveit_ros_planning_interface:/home/saber/robox_ws/install/moveit_ros_move_group:/home/saber/robox_ws/install/moveit_ros_warehouse:/home/saber/robox_ws/install/moveit_ros_robot_interaction:/home/saber/robox_ws/install/moveit_kinematics:/home/saber/robox_ws/install/moveit_ros_planning:/home/saber/robox_ws/install/moveit_simple_controller_manager:/home/saber/robox_ws/install/moveit_ros_occupancy_map_monitor:/home/saber/robox_ws/install/moveit_core:/home/saber/robox_ws/install/moveit_common:/home/saber/arduinobot_ws/install/controller:/home/saber/arduinobot_ws/install/arm_description:/home/saber/arduinobot_ws/install/arduinobot_cpp_examples:/opt/ros/jazzy/opt/gz_sim_vendor:/opt/ros/jazzy/opt/gz_sensors_vendor:/opt/ros/jazzy/opt/gz_physics_vendor:/opt/ros/jazzy/opt/sdformat_vendor:/opt/ros/jazzy/opt/gz_gui_vendor:/opt/ros/jazzy/opt/gz_transport_vendor:/opt/ros/jazzy/opt/gz_rendering_vendor:/opt/ros/jazzy/opt/gz_plugin_vendor:/opt/ros/jazzy/opt/gz_fuel_tools_vendor:/opt/ros/jazzy/opt/gz_msgs_vendor:/opt/ros/jazzy/opt/gz_common_vendor:/opt/ros/jazzy/opt/gz_math_vendor:/opt/ros/jazzy/opt/gz_utils_vendor:/opt/ros/jazzy/opt/gz_tools_vendor:/opt/ros/jazzy/opt/gz_ogre_next_vendor:/opt/ros/jazzy/opt/gz_dartsim_vendor:/opt/ros/jazzy/opt/gz_cmake_vendor:/home/saber/arduinobot_ws/install/arduinobot_py_examples:/opt/ros/jazzy DEBUGINFOD_URLS=https://debuginfod.ubuntu.com LD_LIBRARY_PATH=/home/saber/robox_ws/install/moveit_ros_visualization/lib:/home/saber/robox_ws/install/moveit_ros_planning_interface/lib:/home/saber/robox_ws/install/moveit_ros_move_group/lib:/home/saber/robox_ws/install/moveit_ros_warehouse/lib:/home/saber/robox_ws/install/moveit_ros_robot_interaction/lib:/home/saber/robox_ws/install/moveit_kinematics/lib:/home/saber/robox_ws/install/moveit_ros_planning/lib:/home/saber/robox_ws/install/moveit_simple_controller_manager/lib:/home/saber/robox_ws/install/moveit_ros_occupancy_map_monitor/lib:/home/saber/robox_ws/install/moveit_core/lib:${LD_LIBRARY_PATH} PATH=/home/saber/robox_ws/install/moveit_core/bin:${PATH} PYTHONPATH=/home/saber/robox_ws/install/moveit_configs_utils/lib/python3.12/site-packages:${PYTHONPATH} /usr/bin/cmake --install /home/saber/robox_ws/build/moveit_servo
