[0.474s] Invoking command in '/home/saber/robox_ws/src/build/cube_msgs': CMAKE_PREFIX_PATH=/home/saber/robox_ws/install/robox_moveit_config:/home/saber/robox_ws/install/robox_arm:/home/saber/robox_ws/install/cube_msgs:/home/saber/robox_ws/install/color_pose_publisher:/home/saber/robox_ws/install/arduinobot_py_examples:/opt/ros/jazzy:/home/saber/robox_ws/install/arduino_arm_hardware_interface:/opt/ros/jazzy/opt/gz_sim_vendor:/opt/ros/jazzy/opt/gz_sensors_vendor:/opt/ros/jazzy/opt/gz_physics_vendor:/opt/ros/jazzy/opt/sdformat_vendor:/opt/ros/jazzy/opt/gz_gui_vendor:/opt/ros/jazzy/opt/gz_transport_vendor:/opt/ros/jazzy/opt/gz_rendering_vendor:/opt/ros/jazzy/opt/gz_plugin_vendor:/opt/ros/jazzy/opt/gz_fuel_tools_vendor:/opt/ros/jazzy/opt/gz_msgs_vendor:/opt/ros/jazzy/opt/gz_common_vendor:/opt/ros/jazzy/opt/gz_math_vendor:/opt/ros/jazzy/opt/gz_utils_vendor:/opt/ros/jazzy/opt/gz_tools_vendor:/opt/ros/jazzy/opt/gz_ogre_next_vendor:/opt/ros/jazzy/opt/gz_dartsim_vendor:/opt/ros/jazzy/opt/gz_cmake_vendor DEBUGINFOD_URLS=https://debuginfod.ubuntu.com /usr/bin/cmake /home/saber/robox_ws/src/cube_msgs -DCMAKE_INSTALL_PREFIX=/home/saber/robox_ws/src/install/cube_msgs
[0.589s] -- The C compiler identification is GNU 13.3.0
[0.693s] -- The CXX compiler identification is GNU 13.3.0
[0.718s] -- Detecting C compiler ABI info
[0.812s] -- Detecting C compiler ABI info - done
[0.821s] -- Check for working C compiler: /usr/bin/cc - skipped
[0.821s] -- Detecting C compile features
[0.822s] -- Detecting C compile features - done
[0.833s] -- Detecting CXX compiler ABI info
[0.944s] -- Detecting CXX compiler ABI info - done
[0.952s] -- Check for working CXX compiler: /usr/bin/c++ - skipped
[0.952s] -- Detecting CXX compile features
[0.952s] -- Detecting CXX compile features - done
[0.962s] -- Found ament_cmake: 2.5.4 (/opt/ros/jazzy/share/ament_cmake/cmake)
[1.127s] -- Found Python3: /usr/bin/python3 (found version "3.12.3") found components: Interpreter 
[1.247s] -- Found rosidl_default_generators: 1.6.0 (/opt/ros/jazzy/share/rosidl_default_generators/cmake)
[1.255s] -- Using all available rosidl_typesupport_c: rosidl_typesupport_fastrtps_c;rosidl_typesupport_introspection_c
[1.331s] -- Using all available rosidl_typesupport_cpp: rosidl_typesupport_fastrtps_cpp;rosidl_typesupport_introspection_cpp
[1.388s] -- Found rosidl_adapter: 4.6.5 (/opt/ros/jazzy/share/rosidl_adapter/cmake)
[1.393s] -- Found std_msgs: 5.3.6 (/opt/ros/jazzy/share/std_msgs/cmake)
[1.442s] -- Found geometry_msgs: 5.3.6 (/opt/ros/jazzy/share/geometry_msgs/cmake)
[2.245s] -- Found ament_cmake_ros: 0.12.0 (/opt/ros/jazzy/share/ament_cmake_ros/cmake)
[2.830s] -- Using all available rosidl_typesupport_c: rosidl_typesupport_fastrtps_c;rosidl_typesupport_introspection_c
[3.519s] -- Using all available rosidl_typesupport_cpp: rosidl_typesupport_fastrtps_cpp;rosidl_typesupport_introspection_cpp
[3.523s] -- Found python_cmake_module: 0.11.1 (/opt/ros/jazzy/share/python_cmake_module/cmake)
[3.673s] -- Found PythonExtra: /usr/bin/python3  
[4.113s] -- Found Python3: /usr/bin/python3 (found version "3.12.3") found components: Interpreter Development NumPy Development.Module Development.Embed 
[4.180s] -- Configuring done (3.7s)
[4.223s] -- Generating done (0.0s)
[4.234s] -- Build files have been written to: /home/saber/robox_ws/src/build/cube_msgs
[4.246s] Invoked command in '/home/saber/robox_ws/src/build/cube_msgs' returned '0': CMAKE_PREFIX_PATH=/home/saber/robox_ws/install/robox_moveit_config:/home/saber/robox_ws/install/robox_arm:/home/saber/robox_ws/install/cube_msgs:/home/saber/robox_ws/install/color_pose_publisher:/home/saber/robox_ws/install/arduinobot_py_examples:/opt/ros/jazzy:/home/saber/robox_ws/install/arduino_arm_hardware_interface:/opt/ros/jazzy/opt/gz_sim_vendor:/opt/ros/jazzy/opt/gz_sensors_vendor:/opt/ros/jazzy/opt/gz_physics_vendor:/opt/ros/jazzy/opt/sdformat_vendor:/opt/ros/jazzy/opt/gz_gui_vendor:/opt/ros/jazzy/opt/gz_transport_vendor:/opt/ros/jazzy/opt/gz_rendering_vendor:/opt/ros/jazzy/opt/gz_plugin_vendor:/opt/ros/jazzy/opt/gz_fuel_tools_vendor:/opt/ros/jazzy/opt/gz_msgs_vendor:/opt/ros/jazzy/opt/gz_common_vendor:/opt/ros/jazzy/opt/gz_math_vendor:/opt/ros/jazzy/opt/gz_utils_vendor:/opt/ros/jazzy/opt/gz_tools_vendor:/opt/ros/jazzy/opt/gz_ogre_next_vendor:/opt/ros/jazzy/opt/gz_dartsim_vendor:/opt/ros/jazzy/opt/gz_cmake_vendor DEBUGINFOD_URLS=https://debuginfod.ubuntu.com /usr/bin/cmake /home/saber/robox_ws/src/cube_msgs -DCMAKE_INSTALL_PREFIX=/home/saber/robox_ws/src/install/cube_msgs
[4.246s] Invoking command in '/home/saber/robox_ws/src/build/cube_msgs': CMAKE_PREFIX_PATH=/home/saber/robox_ws/install/robox_moveit_config:/home/saber/robox_ws/install/robox_arm:/home/saber/robox_ws/install/cube_msgs:/home/saber/robox_ws/install/color_pose_publisher:/home/saber/robox_ws/install/arduinobot_py_examples:/opt/ros/jazzy:/home/saber/robox_ws/install/arduino_arm_hardware_interface:/opt/ros/jazzy/opt/gz_sim_vendor:/opt/ros/jazzy/opt/gz_sensors_vendor:/opt/ros/jazzy/opt/gz_physics_vendor:/opt/ros/jazzy/opt/sdformat_vendor:/opt/ros/jazzy/opt/gz_gui_vendor:/opt/ros/jazzy/opt/gz_transport_vendor:/opt/ros/jazzy/opt/gz_rendering_vendor:/opt/ros/jazzy/opt/gz_plugin_vendor:/opt/ros/jazzy/opt/gz_fuel_tools_vendor:/opt/ros/jazzy/opt/gz_msgs_vendor:/opt/ros/jazzy/opt/gz_common_vendor:/opt/ros/jazzy/opt/gz_math_vendor:/opt/ros/jazzy/opt/gz_utils_vendor:/opt/ros/jazzy/opt/gz_tools_vendor:/opt/ros/jazzy/opt/gz_ogre_next_vendor:/opt/ros/jazzy/opt/gz_dartsim_vendor:/opt/ros/jazzy/opt/gz_cmake_vendor DEBUGINFOD_URLS=https://debuginfod.ubuntu.com /usr/bin/cmake --build /home/saber/robox_ws/src/build/cube_msgs -- -j16 -l16
[4.302s] [  2%] [34m[1mGenerating type hashes for ROS interfaces[0m
[4.312s] [  2%] Built target ament_cmake_python_copy_cube_msgs
[4.557s] [  2%] Built target cube_msgs__rosidl_generator_type_description
[4.564s] running egg_info
[4.565s] creating cube_msgs.egg-info
[4.570s] [  4%] [34m[1mGenerating C code for ROS interfaces[0m
[4.583s] [  6%] [34m[1mGenerating C++ code for ROS interfaces[0m
[4.594s] writing cube_msgs.egg-info/PKG-INFO
[4.594s] writing dependency_links to cube_msgs.egg-info/dependency_links.txt
[4.594s] writing top-level names to cube_msgs.egg-info/top_level.txt
[4.594s] writing manifest file 'cube_msgs.egg-info/SOURCES.txt'
[4.677s] reading manifest file 'cube_msgs.egg-info/SOURCES.txt'
[4.678s] writing manifest file 'cube_msgs.egg-info/SOURCES.txt'
[4.723s] [  6%] Built target ament_cmake_python_build_cube_msgs_egg
[5.051s] [  6%] Built target cube_msgs__cpp
[5.105s] [ 20%] [32mBuilding C object CMakeFiles/cube_msgs__rosidl_generator_c.dir/rosidl_generator_c/cube_msgs/action/detail/pick_and_place__functions.c.o[0m
[5.105s] [ 20%] [32mBuilding C object CMakeFiles/cube_msgs__rosidl_generator_c.dir/rosidl_generator_c/cube_msgs/action/detail/pick_and_place__type_support.c.o[0m
[5.105s] [ 20%] [32mBuilding C object CMakeFiles/cube_msgs__rosidl_generator_c.dir/rosidl_generator_c/cube_msgs/msg/detail/color_pose_stamped__type_support.c.o[0m
[5.105s] [ 20%] [32mBuilding C object CMakeFiles/cube_msgs__rosidl_generator_c.dir/rosidl_generator_c/cube_msgs/msg/detail/color_pose_stamped__functions.c.o[0m
[5.105s] [ 20%] [32mBuilding C object CMakeFiles/cube_msgs__rosidl_generator_c.dir/rosidl_generator_c/cube_msgs/msg/detail/color_pose_stamped__description.c.o[0m
[5.105s] [ 20%] [32mBuilding C object CMakeFiles/cube_msgs__rosidl_generator_c.dir/rosidl_generator_c/cube_msgs/action/detail/pick_and_place__description.c.o[0m
[5.268s] [ 22%] [32m[1mLinking C shared library libcube_msgs__rosidl_generator_c.so[0m
[5.318s] [ 22%] Built target cube_msgs__rosidl_generator_c
[5.334s] [ 36%] [34m[1mGenerating C introspection for ROS interfaces[0m
[5.335s] [ 36%] [34m[1mGenerating C type support for eProsima Fast-RTPS[0m
[5.335s] [ 36%] [34m[1mGenerating C type support dispatch for ROS interfaces[0m
[5.335s] [ 36%] [34m[1mGenerating C++ introspection for ROS interfaces[0m
[5.335s] [ 36%] [34m[1mGenerating C++ type support for eProsima Fast-RTPS[0m
[5.335s] [ 36%] [34m[1mGenerating C++ type support dispatch for ROS interfaces[0m
[5.769s] [ 40%] [32mBuilding CXX object CMakeFiles/cube_msgs__rosidl_typesupport_cpp.dir/rosidl_typesupport_cpp/cube_msgs/msg/color_pose_stamped__type_support.cpp.o[0m
[5.769s] [ 40%] [32mBuilding CXX object CMakeFiles/cube_msgs__rosidl_typesupport_cpp.dir/rosidl_typesupport_cpp/cube_msgs/action/pick_and_place__type_support.cpp.o[0m
[5.787s] [ 45%] [32mBuilding CXX object CMakeFiles/cube_msgs__rosidl_typesupport_c.dir/rosidl_typesupport_c/cube_msgs/msg/color_pose_stamped__type_support.cpp.o[0m
[5.787s] [ 45%] [32mBuilding CXX object CMakeFiles/cube_msgs__rosidl_typesupport_c.dir/rosidl_typesupport_c/cube_msgs/action/pick_and_place__type_support.cpp.o[0m
[5.839s] [ 50%] [32mBuilding CXX object CMakeFiles/cube_msgs__rosidl_typesupport_introspection_cpp.dir/rosidl_typesupport_introspection_cpp/cube_msgs/action/detail/pick_and_place__type_support.cpp.o[0m
[5.839s] [ 50%] [32mBuilding CXX object CMakeFiles/cube_msgs__rosidl_typesupport_introspection_cpp.dir/rosidl_typesupport_introspection_cpp/cube_msgs/msg/detail/color_pose_stamped__type_support.cpp.o[0m
[5.872s] [ 54%] [32mBuilding C object CMakeFiles/cube_msgs__rosidl_typesupport_introspection_c.dir/rosidl_typesupport_introspection_c/cube_msgs/action/detail/pick_and_place__type_support.c.o[0m
[5.872s] [ 54%] [32mBuilding C object CMakeFiles/cube_msgs__rosidl_typesupport_introspection_c.dir/rosidl_typesupport_introspection_c/cube_msgs/msg/detail/color_pose_stamped__type_support.c.o[0m
[5.885s] [ 56%] [32m[1mLinking CXX shared library libcube_msgs__rosidl_typesupport_c.so[0m
[5.972s] [ 56%] Built target cube_msgs__rosidl_typesupport_c
[5.994s] [ 59%] [32m[1mLinking C shared library libcube_msgs__rosidl_typesupport_introspection_c.so[0m
[6.043s] [ 63%] [32mBuilding CXX object CMakeFiles/cube_msgs__rosidl_typesupport_fastrtps_cpp.dir/rosidl_typesupport_fastrtps_cpp/cube_msgs/msg/detail/dds_fastrtps/color_pose_stamped__type_support.cpp.o[0m
[6.043s] [ 63%] [32mBuilding CXX object CMakeFiles/cube_msgs__rosidl_typesupport_fastrtps_cpp.dir/rosidl_typesupport_fastrtps_cpp/cube_msgs/action/detail/dds_fastrtps/pick_and_place__type_support.cpp.o[0m
[6.071s] [ 63%] Built target cube_msgs__rosidl_typesupport_introspection_c
[6.116s] [ 65%] [32mBuilding CXX object CMakeFiles/cube_msgs__rosidl_typesupport_fastrtps_c.dir/rosidl_typesupport_fastrtps_c/cube_msgs/msg/detail/color_pose_stamped__type_support_c.cpp.o[0m
[6.120s] [ 68%] [32mBuilding CXX object CMakeFiles/cube_msgs__rosidl_typesupport_fastrtps_c.dir/rosidl_typesupport_fastrtps_c/cube_msgs/action/detail/pick_and_place__type_support_c.cpp.o[0m
[6.733s] [ 70%] [32m[1mLinking CXX shared library libcube_msgs__rosidl_typesupport_cpp.so[0m
[6.791s] [ 72%] [32m[1mLinking CXX shared library libcube_msgs__rosidl_typesupport_introspection_cpp.so[0m
[6.840s] [ 75%] [32m[1mLinking CXX shared library libcube_msgs__rosidl_typesupport_fastrtps_c.so[0m
[6.855s] [ 75%] Built target cube_msgs__rosidl_typesupport_cpp
[6.923s] [ 75%] Built target cube_msgs__rosidl_typesupport_introspection_cpp
[6.957s] [ 75%] Built target cube_msgs__rosidl_typesupport_fastrtps_c
[7.192s] [ 77%] [32m[1mLinking CXX shared library libcube_msgs__rosidl_typesupport_fastrtps_cpp.so[0m
[7.288s] [ 77%] Built target cube_msgs__rosidl_typesupport_fastrtps_cpp
[7.315s] [ 77%] Built target cube_msgs
[7.345s] [ 79%] [34m[1mGenerating Python code for ROS interfaces[0m
[8.088s] [ 79%] Built target cube_msgs__py
[8.113s] [ 84%] [32mBuilding C object CMakeFiles/cube_msgs__rosidl_generator_py.dir/rosidl_generator_py/cube_msgs/msg/_color_pose_stamped_s.c.o[0m
[8.113s] [ 84%] [32mBuilding C object CMakeFiles/cube_msgs__rosidl_generator_py.dir/rosidl_generator_py/cube_msgs/action/_pick_and_place_s.c.o[0m
[8.322s] [ 86%] [32m[1mLinking C shared library libcube_msgs__rosidl_generator_py.so[0m
[8.373s] [ 86%] Built target cube_msgs__rosidl_generator_py
[8.396s] [ 93%] [32mBuilding C object CMakeFiles/cube_msgs_s__rosidl_typesupport_c.dir/rosidl_generator_py/cube_msgs/_cube_msgs_s.ep.rosidl_typesupport_c.c.o[0m
[8.396s] [ 93%] [32mBuilding C object CMakeFiles/cube_msgs_s__rosidl_typesupport_introspection_c.dir/rosidl_generator_py/cube_msgs/_cube_msgs_s.ep.rosidl_typesupport_introspection_c.c.o[0m
[8.397s] [ 93%] [32mBuilding C object CMakeFiles/cube_msgs_s__rosidl_typesupport_fastrtps_c.dir/rosidl_generator_py/cube_msgs/_cube_msgs_s.ep.rosidl_typesupport_fastrtps_c.c.o[0m
[8.512s] [ 97%] [32m[1mLinking C shared module rosidl_generator_py/cube_msgs/cube_msgs_s__rosidl_typesupport_c.so[0m
[8.512s] [ 97%] [32m[1mLinking C shared module rosidl_generator_py/cube_msgs/cube_msgs_s__rosidl_typesupport_introspection_c.so[0m
[8.517s] [100%] [32m[1mLinking C shared module rosidl_generator_py/cube_msgs/cube_msgs_s__rosidl_typesupport_fastrtps_c.so[0m
[8.547s] [100%] Built target cube_msgs_s__rosidl_typesupport_c
[8.547s] [100%] Built target cube_msgs_s__rosidl_typesupport_introspection_c
[8.551s] [100%] Built target cube_msgs_s__rosidl_typesupport_fastrtps_c
[8.565s] Invoked command in '/home/saber/robox_ws/src/build/cube_msgs' returned '0': CMAKE_PREFIX_PATH=/home/saber/robox_ws/install/robox_moveit_config:/home/saber/robox_ws/install/robox_arm:/home/saber/robox_ws/install/cube_msgs:/home/saber/robox_ws/install/color_pose_publisher:/home/saber/robox_ws/install/arduinobot_py_examples:/opt/ros/jazzy:/home/saber/robox_ws/install/arduino_arm_hardware_interface:/opt/ros/jazzy/opt/gz_sim_vendor:/opt/ros/jazzy/opt/gz_sensors_vendor:/opt/ros/jazzy/opt/gz_physics_vendor:/opt/ros/jazzy/opt/sdformat_vendor:/opt/ros/jazzy/opt/gz_gui_vendor:/opt/ros/jazzy/opt/gz_transport_vendor:/opt/ros/jazzy/opt/gz_rendering_vendor:/opt/ros/jazzy/opt/gz_plugin_vendor:/opt/ros/jazzy/opt/gz_fuel_tools_vendor:/opt/ros/jazzy/opt/gz_msgs_vendor:/opt/ros/jazzy/opt/gz_common_vendor:/opt/ros/jazzy/opt/gz_math_vendor:/opt/ros/jazzy/opt/gz_utils_vendor:/opt/ros/jazzy/opt/gz_tools_vendor:/opt/ros/jazzy/opt/gz_ogre_next_vendor:/opt/ros/jazzy/opt/gz_dartsim_vendor:/opt/ros/jazzy/opt/gz_cmake_vendor DEBUGINFOD_URLS=https://debuginfod.ubuntu.com /usr/bin/cmake --build /home/saber/robox_ws/src/build/cube_msgs -- -j16 -l16
[8.566s] Invoking command in '/home/saber/robox_ws/src/build/cube_msgs': CMAKE_PREFIX_PATH=/home/saber/robox_ws/install/robox_moveit_config:/home/saber/robox_ws/install/robox_arm:/home/saber/robox_ws/install/cube_msgs:/home/saber/robox_ws/install/color_pose_publisher:/home/saber/robox_ws/install/arduinobot_py_examples:/opt/ros/jazzy:/home/saber/robox_ws/install/arduino_arm_hardware_interface:/opt/ros/jazzy/opt/gz_sim_vendor:/opt/ros/jazzy/opt/gz_sensors_vendor:/opt/ros/jazzy/opt/gz_physics_vendor:/opt/ros/jazzy/opt/sdformat_vendor:/opt/ros/jazzy/opt/gz_gui_vendor:/opt/ros/jazzy/opt/gz_transport_vendor:/opt/ros/jazzy/opt/gz_rendering_vendor:/opt/ros/jazzy/opt/gz_plugin_vendor:/opt/ros/jazzy/opt/gz_fuel_tools_vendor:/opt/ros/jazzy/opt/gz_msgs_vendor:/opt/ros/jazzy/opt/gz_common_vendor:/opt/ros/jazzy/opt/gz_math_vendor:/opt/ros/jazzy/opt/gz_utils_vendor:/opt/ros/jazzy/opt/gz_tools_vendor:/opt/ros/jazzy/opt/gz_ogre_next_vendor:/opt/ros/jazzy/opt/gz_dartsim_vendor:/opt/ros/jazzy/opt/gz_cmake_vendor DEBUGINFOD_URLS=https://debuginfod.ubuntu.com /usr/bin/cmake --install /home/saber/robox_ws/src/build/cube_msgs
[8.575s] -- Install configuration: ""
[8.575s] -- Installing: /home/saber/robox_ws/src/install/cube_msgs/share/ament_index/resource_index/rosidl_interfaces/cube_msgs
[8.575s] -- Installing: /home/saber/robox_ws/src/install/cube_msgs/share/cube_msgs/msg/ColorPoseStamped.json
[8.576s] -- Installing: /home/saber/robox_ws/src/install/cube_msgs/share/cube_msgs/action/PickAndPlace.json
[8.576s] -- Installing: /home/saber/robox_ws/src/install/cube_msgs/include/cube_msgs/cube_msgs
[8.576s] -- Installing: /home/saber/robox_ws/src/install/cube_msgs/include/cube_msgs/cube_msgs/msg
[8.576s] -- Installing: /home/saber/robox_ws/src/install/cube_msgs/include/cube_msgs/cube_msgs/msg/rosidl_generator_c__visibility_control.h
[8.576s] -- Installing: /home/saber/robox_ws/src/install/cube_msgs/include/cube_msgs/cube_msgs/msg/color_pose_stamped.h
[8.576s] -- Installing: /home/saber/robox_ws/src/install/cube_msgs/include/cube_msgs/cube_msgs/msg/detail
[8.576s] -- Installing: /home/saber/robox_ws/src/install/cube_msgs/include/cube_msgs/cube_msgs/msg/detail/color_pose_stamped__type_support.h
[8.576s] -- Installing: /home/saber/robox_ws/src/install/cube_msgs/include/cube_msgs/cube_msgs/msg/detail/color_pose_stamped__struct.h
[8.576s] -- Installing: /home/saber/robox_ws/src/install/cube_msgs/include/cube_msgs/cube_msgs/msg/detail/color_pose_stamped__type_support.c
[8.576s] -- Installing: /home/saber/robox_ws/src/install/cube_msgs/include/cube_msgs/cube_msgs/msg/detail/color_pose_stamped__functions.h
[8.577s] -- Installing: /home/saber/robox_ws/src/install/cube_msgs/include/cube_msgs/cube_msgs/msg/detail/color_pose_stamped__description.c
[8.577s] -- Installing: /home/saber/robox_ws/src/install/cube_msgs/include/cube_msgs/cube_msgs/msg/detail/color_pose_stamped__functions.c
[8.577s] -- Installing: /home/saber/robox_ws/src/install/cube_msgs/include/cube_msgs/cube_msgs/action
[8.577s] -- Installing: /home/saber/robox_ws/src/install/cube_msgs/include/cube_msgs/cube_msgs/action/pick_and_place.h
[8.577s] -- Installing: /home/saber/robox_ws/src/install/cube_msgs/include/cube_msgs/cube_msgs/action/detail
[8.577s] -- Installing: /home/saber/robox_ws/src/install/cube_msgs/include/cube_msgs/cube_msgs/action/detail/pick_and_place__description.c
[8.577s] -- Installing: /home/saber/robox_ws/src/install/cube_msgs/include/cube_msgs/cube_msgs/action/detail/pick_and_place__functions.h
[8.578s] -- Installing: /home/saber/robox_ws/src/install/cube_msgs/include/cube_msgs/cube_msgs/action/detail/pick_and_place__type_support.h
[8.578s] -- Installing: /home/saber/robox_ws/src/install/cube_msgs/include/cube_msgs/cube_msgs/action/detail/pick_and_place__functions.c
[8.578s] -- Installing: /home/saber/robox_ws/src/install/cube_msgs/include/cube_msgs/cube_msgs/action/detail/pick_and_place__type_support.c
[8.578s] -- Installing: /home/saber/robox_ws/src/install/cube_msgs/include/cube_msgs/cube_msgs/action/detail/pick_and_place__struct.h
[8.578s] -- Installing: /home/saber/robox_ws/src/install/cube_msgs/share/cube_msgs/environment/library_path.sh
[8.578s] -- Installing: /home/saber/robox_ws/src/install/cube_msgs/share/cube_msgs/environment/library_path.dsv
[8.578s] -- Installing: /home/saber/robox_ws/src/install/cube_msgs/lib/libcube_msgs__rosidl_generator_c.so
[8.579s] -- Set non-toolchain portion of runtime path of "/home/saber/robox_ws/src/install/cube_msgs/lib/libcube_msgs__rosidl_generator_c.so" to ""
[8.579s] -- Up-to-date: /home/saber/robox_ws/src/install/cube_msgs/include/cube_msgs/cube_msgs
[8.579s] -- Up-to-date: /home/saber/robox_ws/src/install/cube_msgs/include/cube_msgs/cube_msgs/msg
[8.579s] -- Installing: /home/saber/robox_ws/src/install/cube_msgs/include/cube_msgs/cube_msgs/msg/rosidl_typesupport_fastrtps_c__visibility_control.h
[8.579s] -- Up-to-date: /home/saber/robox_ws/src/install/cube_msgs/include/cube_msgs/cube_msgs/msg/detail
[8.579s] -- Installing: /home/saber/robox_ws/src/install/cube_msgs/include/cube_msgs/cube_msgs/msg/detail/color_pose_stamped__rosidl_typesupport_fastrtps_c.h
[8.579s] -- Up-to-date: /home/saber/robox_ws/src/install/cube_msgs/include/cube_msgs/cube_msgs/action
[8.579s] -- Up-to-date: /home/saber/robox_ws/src/install/cube_msgs/include/cube_msgs/cube_msgs/action/detail
[8.580s] -- Installing: /home/saber/robox_ws/src/install/cube_msgs/include/cube_msgs/cube_msgs/action/detail/pick_and_place__rosidl_typesupport_fastrtps_c.h
[8.580s] -- Installing: /home/saber/robox_ws/src/install/cube_msgs/lib/libcube_msgs__rosidl_typesupport_fastrtps_c.so
[8.580s] -- Set non-toolchain portion of runtime path of "/home/saber/robox_ws/src/install/cube_msgs/lib/libcube_msgs__rosidl_typesupport_fastrtps_c.so" to ""
[8.580s] -- Up-to-date: /home/saber/robox_ws/src/install/cube_msgs/include/cube_msgs/cube_msgs
[8.580s] -- Up-to-date: /home/saber/robox_ws/src/install/cube_msgs/include/cube_msgs/cube_msgs/msg
[8.580s] -- Installing: /home/saber/robox_ws/src/install/cube_msgs/include/cube_msgs/cube_msgs/msg/rosidl_typesupport_introspection_c__visibility_control.h
[8.580s] -- Up-to-date: /home/saber/robox_ws/src/install/cube_msgs/include/cube_msgs/cube_msgs/msg/detail
[8.580s] -- Installing: /home/saber/robox_ws/src/install/cube_msgs/include/cube_msgs/cube_msgs/msg/detail/color_pose_stamped__type_support.c
[8.580s] -- Installing: /home/saber/robox_ws/src/install/cube_msgs/include/cube_msgs/cube_msgs/msg/detail/color_pose_stamped__rosidl_typesupport_introspection_c.h
[8.580s] -- Up-to-date: /home/saber/robox_ws/src/install/cube_msgs/include/cube_msgs/cube_msgs/action
[8.581s] -- Up-to-date: /home/saber/robox_ws/src/install/cube_msgs/include/cube_msgs/cube_msgs/action/detail
[8.581s] -- Installing: /home/saber/robox_ws/src/install/cube_msgs/include/cube_msgs/cube_msgs/action/detail/pick_and_place__type_support.c
[8.581s] -- Installing: /home/saber/robox_ws/src/install/cube_msgs/include/cube_msgs/cube_msgs/action/detail/pick_and_place__rosidl_typesupport_introspection_c.h
[8.581s] -- Installing: /home/saber/robox_ws/src/install/cube_msgs/lib/libcube_msgs__rosidl_typesupport_introspection_c.so
[8.581s] -- Set non-toolchain portion of runtime path of "/home/saber/robox_ws/src/install/cube_msgs/lib/libcube_msgs__rosidl_typesupport_introspection_c.so" to ""
[8.581s] -- Installing: /home/saber/robox_ws/src/install/cube_msgs/lib/libcube_msgs__rosidl_typesupport_c.so
[8.582s] -- Set non-toolchain portion of runtime path of "/home/saber/robox_ws/src/install/cube_msgs/lib/libcube_msgs__rosidl_typesupport_c.so" to ""
[8.582s] -- Up-to-date: /home/saber/robox_ws/src/install/cube_msgs/include/cube_msgs/cube_msgs
[8.582s] -- Up-to-date: /home/saber/robox_ws/src/install/cube_msgs/include/cube_msgs/cube_msgs/msg
[8.582s] -- Installing: /home/saber/robox_ws/src/install/cube_msgs/include/cube_msgs/cube_msgs/msg/color_pose_stamped.hpp
[8.582s] -- Up-to-date: /home/saber/robox_ws/src/install/cube_msgs/include/cube_msgs/cube_msgs/msg/detail
[8.582s] -- Installing: /home/saber/robox_ws/src/install/cube_msgs/include/cube_msgs/cube_msgs/msg/detail/color_pose_stamped__traits.hpp
[8.582s] -- Installing: /home/saber/robox_ws/src/install/cube_msgs/include/cube_msgs/cube_msgs/msg/detail/color_pose_stamped__builder.hpp
[8.582s] -- Installing: /home/saber/robox_ws/src/install/cube_msgs/include/cube_msgs/cube_msgs/msg/detail/color_pose_stamped__type_support.hpp
[8.582s] -- Installing: /home/saber/robox_ws/src/install/cube_msgs/include/cube_msgs/cube_msgs/msg/detail/color_pose_stamped__struct.hpp
[8.582s] -- Installing: /home/saber/robox_ws/src/install/cube_msgs/include/cube_msgs/cube_msgs/msg/rosidl_generator_cpp__visibility_control.hpp
[8.583s] -- Up-to-date: /home/saber/robox_ws/src/install/cube_msgs/include/cube_msgs/cube_msgs/action
[8.583s] -- Up-to-date: /home/saber/robox_ws/src/install/cube_msgs/include/cube_msgs/cube_msgs/action/detail
[8.583s] -- Installing: /home/saber/robox_ws/src/install/cube_msgs/include/cube_msgs/cube_msgs/action/detail/pick_and_place__traits.hpp
[8.583s] -- Installing: /home/saber/robox_ws/src/install/cube_msgs/include/cube_msgs/cube_msgs/action/detail/pick_and_place__builder.hpp
[8.583s] -- Installing: /home/saber/robox_ws/src/install/cube_msgs/include/cube_msgs/cube_msgs/action/detail/pick_and_place__struct.hpp
[8.583s] -- Installing: /home/saber/robox_ws/src/install/cube_msgs/include/cube_msgs/cube_msgs/action/detail/pick_and_place__type_support.hpp
[8.583s] -- Installing: /home/saber/robox_ws/src/install/cube_msgs/include/cube_msgs/cube_msgs/action/pick_and_place.hpp
[8.583s] -- Up-to-date: /home/saber/robox_ws/src/install/cube_msgs/include/cube_msgs/cube_msgs
[8.583s] -- Up-to-date: /home/saber/robox_ws/src/install/cube_msgs/include/cube_msgs/cube_msgs/msg
[8.583s] -- Installing: /home/saber/robox_ws/src/install/cube_msgs/include/cube_msgs/cube_msgs/msg/rosidl_typesupport_fastrtps_cpp__visibility_control.h
[8.584s] -- Up-to-date: /home/saber/robox_ws/src/install/cube_msgs/include/cube_msgs/cube_msgs/msg/detail
[8.584s] -- Installing: /home/saber/robox_ws/src/install/cube_msgs/include/cube_msgs/cube_msgs/msg/detail/color_pose_stamped__rosidl_typesupport_fastrtps_cpp.hpp
[8.584s] -- Installing: /home/saber/robox_ws/src/install/cube_msgs/include/cube_msgs/cube_msgs/msg/detail/dds_fastrtps
[8.584s] -- Up-to-date: /home/saber/robox_ws/src/install/cube_msgs/include/cube_msgs/cube_msgs/action
[8.584s] -- Up-to-date: /home/saber/robox_ws/src/install/cube_msgs/include/cube_msgs/cube_msgs/action/detail
[8.584s] -- Installing: /home/saber/robox_ws/src/install/cube_msgs/include/cube_msgs/cube_msgs/action/detail/pick_and_place__rosidl_typesupport_fastrtps_cpp.hpp
[8.584s] -- Installing: /home/saber/robox_ws/src/install/cube_msgs/include/cube_msgs/cube_msgs/action/detail/dds_fastrtps
[8.584s] -- Installing: /home/saber/robox_ws/src/install/cube_msgs/lib/libcube_msgs__rosidl_typesupport_fastrtps_cpp.so
[8.585s] -- Set non-toolchain portion of runtime path of "/home/saber/robox_ws/src/install/cube_msgs/lib/libcube_msgs__rosidl_typesupport_fastrtps_cpp.so" to ""
[8.585s] -- Up-to-date: /home/saber/robox_ws/src/install/cube_msgs/include/cube_msgs/cube_msgs
[8.585s] -- Up-to-date: /home/saber/robox_ws/src/install/cube_msgs/include/cube_msgs/cube_msgs/msg
[8.585s] -- Up-to-date: /home/saber/robox_ws/src/install/cube_msgs/include/cube_msgs/cube_msgs/msg/detail
[8.585s] -- Installing: /home/saber/robox_ws/src/install/cube_msgs/include/cube_msgs/cube_msgs/msg/detail/color_pose_stamped__type_support.cpp
[8.585s] -- Installing: /home/saber/robox_ws/src/install/cube_msgs/include/cube_msgs/cube_msgs/msg/detail/color_pose_stamped__rosidl_typesupport_introspection_cpp.hpp
[8.585s] -- Up-to-date: /home/saber/robox_ws/src/install/cube_msgs/include/cube_msgs/cube_msgs/action
[8.585s] -- Up-to-date: /home/saber/robox_ws/src/install/cube_msgs/include/cube_msgs/cube_msgs/action/detail
[8.585s] -- Installing: /home/saber/robox_ws/src/install/cube_msgs/include/cube_msgs/cube_msgs/action/detail/pick_and_place__rosidl_typesupport_introspection_cpp.hpp
[8.585s] -- Installing: /home/saber/robox_ws/src/install/cube_msgs/include/cube_msgs/cube_msgs/action/detail/pick_and_place__type_support.cpp
[8.586s] -- Installing: /home/saber/robox_ws/src/install/cube_msgs/lib/libcube_msgs__rosidl_typesupport_introspection_cpp.so
[8.586s] -- Set non-toolchain portion of runtime path of "/home/saber/robox_ws/src/install/cube_msgs/lib/libcube_msgs__rosidl_typesupport_introspection_cpp.so" to ""
[8.586s] -- Installing: /home/saber/robox_ws/src/install/cube_msgs/lib/libcube_msgs__rosidl_typesupport_cpp.so
[8.587s] -- Set non-toolchain portion of runtime path of "/home/saber/robox_ws/src/install/cube_msgs/lib/libcube_msgs__rosidl_typesupport_cpp.so" to ""
[8.587s] -- Installing: /home/saber/robox_ws/src/install/cube_msgs/share/cube_msgs/environment/pythonpath.sh
[8.587s] -- Installing: /home/saber/robox_ws/src/install/cube_msgs/share/cube_msgs/environment/pythonpath.dsv
[8.587s] -- Installing: /home/saber/robox_ws/src/install/cube_msgs/lib/python3.12/site-packages/cube_msgs-0.0.0-py3.12.egg-info
[8.587s] -- Installing: /home/saber/robox_ws/src/install/cube_msgs/lib/python3.12/site-packages/cube_msgs-0.0.0-py3.12.egg-info/top_level.txt
[8.587s] -- Installing: /home/saber/robox_ws/src/install/cube_msgs/lib/python3.12/site-packages/cube_msgs-0.0.0-py3.12.egg-info/SOURCES.txt
[8.587s] -- Installing: /home/saber/robox_ws/src/install/cube_msgs/lib/python3.12/site-packages/cube_msgs-0.0.0-py3.12.egg-info/dependency_links.txt
[8.588s] -- Installing: /home/saber/robox_ws/src/install/cube_msgs/lib/python3.12/site-packages/cube_msgs-0.0.0-py3.12.egg-info/PKG-INFO
[8.588s] -- Installing: /home/saber/robox_ws/src/install/cube_msgs/lib/python3.12/site-packages/cube_msgs
[8.588s] -- Installing: /home/saber/robox_ws/src/install/cube_msgs/lib/python3.12/site-packages/cube_msgs/__init__.py
[8.588s] -- Installing: /home/saber/robox_ws/src/install/cube_msgs/lib/python3.12/site-packages/cube_msgs/cube_msgs_s__rosidl_typesupport_c.so
[8.588s] -- Installing: /home/saber/robox_ws/src/install/cube_msgs/lib/python3.12/site-packages/cube_msgs/cube_msgs_s__rosidl_typesupport_fastrtps_c.so
[8.588s] -- Installing: /home/saber/robox_ws/src/install/cube_msgs/lib/python3.12/site-packages/cube_msgs/_cube_msgs_s.ep.rosidl_typesupport_introspection_c.c
[8.588s] -- Installing: /home/saber/robox_ws/src/install/cube_msgs/lib/python3.12/site-packages/cube_msgs/msg
[8.588s] -- Installing: /home/saber/robox_ws/src/install/cube_msgs/lib/python3.12/site-packages/cube_msgs/msg/_color_pose_stamped.py
[8.589s] -- Installing: /home/saber/robox_ws/src/install/cube_msgs/lib/python3.12/site-packages/cube_msgs/msg/__init__.py
[8.589s] -- Installing: /home/saber/robox_ws/src/install/cube_msgs/lib/python3.12/site-packages/cube_msgs/msg/_color_pose_stamped_s.c
[8.589s] -- Installing: /home/saber/robox_ws/src/install/cube_msgs/lib/python3.12/site-packages/cube_msgs/action
[8.589s] -- Installing: /home/saber/robox_ws/src/install/cube_msgs/lib/python3.12/site-packages/cube_msgs/action/__init__.py
[8.589s] -- Installing: /home/saber/robox_ws/src/install/cube_msgs/lib/python3.12/site-packages/cube_msgs/action/_pick_and_place.py
[8.589s] -- Installing: /home/saber/robox_ws/src/install/cube_msgs/lib/python3.12/site-packages/cube_msgs/action/_pick_and_place_s.c
[8.589s] -- Installing: /home/saber/robox_ws/src/install/cube_msgs/lib/python3.12/site-packages/cube_msgs/_cube_msgs_s.ep.rosidl_typesupport_fastrtps_c.c
[8.590s] -- Installing: /home/saber/robox_ws/src/install/cube_msgs/lib/python3.12/site-packages/cube_msgs/cube_msgs_s__rosidl_typesupport_introspection_c.so
[8.590s] -- Installing: /home/saber/robox_ws/src/install/cube_msgs/lib/python3.12/site-packages/cube_msgs/_cube_msgs_s.ep.rosidl_typesupport_c.c
[8.636s] Listing '/home/saber/robox_ws/src/install/cube_msgs/lib/python3.12/site-packages/cube_msgs'...
[8.636s] Compiling '/home/saber/robox_ws/src/install/cube_msgs/lib/python3.12/site-packages/cube_msgs/__init__.py'...
[8.636s] Listing '/home/saber/robox_ws/src/install/cube_msgs/lib/python3.12/site-packages/cube_msgs/action'...
[8.636s] Compiling '/home/saber/robox_ws/src/install/cube_msgs/lib/python3.12/site-packages/cube_msgs/action/__init__.py'...
[8.636s] Compiling '/home/saber/robox_ws/src/install/cube_msgs/lib/python3.12/site-packages/cube_msgs/action/_pick_and_place.py'...
[8.636s] Listing '/home/saber/robox_ws/src/install/cube_msgs/lib/python3.12/site-packages/cube_msgs/msg'...
[8.636s] Compiling '/home/saber/robox_ws/src/install/cube_msgs/lib/python3.12/site-packages/cube_msgs/msg/__init__.py'...
[8.636s] Compiling '/home/saber/robox_ws/src/install/cube_msgs/lib/python3.12/site-packages/cube_msgs/msg/_color_pose_stamped.py'...
[8.642s] -- Installing: /home/saber/robox_ws/src/install/cube_msgs/lib/python3.12/site-packages/cube_msgs/cube_msgs_s__rosidl_typesupport_fastrtps_c.so
[8.642s] -- Set non-toolchain portion of runtime path of "/home/saber/robox_ws/src/install/cube_msgs/lib/python3.12/site-packages/cube_msgs/cube_msgs_s__rosidl_typesupport_fastrtps_c.so" to ""
[8.642s] -- Installing: /home/saber/robox_ws/src/install/cube_msgs/lib/python3.12/site-packages/cube_msgs/cube_msgs_s__rosidl_typesupport_introspection_c.so
[8.643s] -- Set non-toolchain portion of runtime path of "/home/saber/robox_ws/src/install/cube_msgs/lib/python3.12/site-packages/cube_msgs/cube_msgs_s__rosidl_typesupport_introspection_c.so" to ""
[8.643s] -- Installing: /home/saber/robox_ws/src/install/cube_msgs/lib/python3.12/site-packages/cube_msgs/cube_msgs_s__rosidl_typesupport_c.so
[8.643s] -- Set non-toolchain portion of runtime path of "/home/saber/robox_ws/src/install/cube_msgs/lib/python3.12/site-packages/cube_msgs/cube_msgs_s__rosidl_typesupport_c.so" to ""
[8.643s] -- Installing: /home/saber/robox_ws/src/install/cube_msgs/lib/libcube_msgs__rosidl_generator_py.so
[8.644s] -- Set non-toolchain portion of runtime path of "/home/saber/robox_ws/src/install/cube_msgs/lib/libcube_msgs__rosidl_generator_py.so" to ""
[8.644s] -- Installing: /home/saber/robox_ws/src/install/cube_msgs/share/cube_msgs/msg/ColorPoseStamped.idl
[8.644s] -- Installing: /home/saber/robox_ws/src/install/cube_msgs/share/cube_msgs/action/PickAndPlace.idl
[8.644s] -- Installing: /home/saber/robox_ws/src/install/cube_msgs/share/cube_msgs/msg/ColorPoseStamped.msg
[8.644s] -- Installing: /home/saber/robox_ws/src/install/cube_msgs/share/cube_msgs/action/PickAndPlace.action
[8.644s] -- Installing: /home/saber/robox_ws/src/install/cube_msgs/share/ament_index/resource_index/package_run_dependencies/cube_msgs
[8.644s] -- Installing: /home/saber/robox_ws/src/install/cube_msgs/share/ament_index/resource_index/parent_prefix_path/cube_msgs
[8.645s] -- Installing: /home/saber/robox_ws/src/install/cube_msgs/share/cube_msgs/environment/ament_prefix_path.sh
[8.645s] -- Installing: /home/saber/robox_ws/src/install/cube_msgs/share/cube_msgs/environment/ament_prefix_path.dsv
[8.645s] -- Installing: /home/saber/robox_ws/src/install/cube_msgs/share/cube_msgs/environment/path.sh
[8.645s] -- Installing: /home/saber/robox_ws/src/install/cube_msgs/share/cube_msgs/environment/path.dsv
[8.645s] -- Installing: /home/saber/robox_ws/src/install/cube_msgs/share/cube_msgs/local_setup.bash
[8.645s] -- Installing: /home/saber/robox_ws/src/install/cube_msgs/share/cube_msgs/local_setup.sh
[8.645s] -- Installing: /home/saber/robox_ws/src/install/cube_msgs/share/cube_msgs/local_setup.zsh
[8.646s] -- Installing: /home/saber/robox_ws/src/install/cube_msgs/share/cube_msgs/local_setup.dsv
[8.646s] -- Installing: /home/saber/robox_ws/src/install/cube_msgs/share/cube_msgs/package.dsv
[8.646s] -- Installing: /home/saber/robox_ws/src/install/cube_msgs/share/ament_index/resource_index/packages/cube_msgs
[8.646s] -- Installing: /home/saber/robox_ws/src/install/cube_msgs/share/cube_msgs/cmake/export_cube_msgs__rosidl_generator_cExport.cmake
[8.646s] -- Installing: /home/saber/robox_ws/src/install/cube_msgs/share/cube_msgs/cmake/export_cube_msgs__rosidl_generator_cExport-noconfig.cmake
[8.646s] -- Installing: /home/saber/robox_ws/src/install/cube_msgs/share/cube_msgs/cmake/export_cube_msgs__rosidl_typesupport_fastrtps_cExport.cmake
[8.647s] -- Installing: /home/saber/robox_ws/src/install/cube_msgs/share/cube_msgs/cmake/export_cube_msgs__rosidl_typesupport_fastrtps_cExport-noconfig.cmake
[8.647s] -- Installing: /home/saber/robox_ws/src/install/cube_msgs/share/cube_msgs/cmake/cube_msgs__rosidl_typesupport_introspection_cExport.cmake
[8.647s] -- Installing: /home/saber/robox_ws/src/install/cube_msgs/share/cube_msgs/cmake/cube_msgs__rosidl_typesupport_introspection_cExport-noconfig.cmake
[8.647s] -- Installing: /home/saber/robox_ws/src/install/cube_msgs/share/cube_msgs/cmake/cube_msgs__rosidl_typesupport_cExport.cmake
[8.647s] -- Installing: /home/saber/robox_ws/src/install/cube_msgs/share/cube_msgs/cmake/cube_msgs__rosidl_typesupport_cExport-noconfig.cmake
[8.647s] -- Installing: /home/saber/robox_ws/src/install/cube_msgs/share/cube_msgs/cmake/export_cube_msgs__rosidl_generator_cppExport.cmake
[8.647s] -- Installing: /home/saber/robox_ws/src/install/cube_msgs/share/cube_msgs/cmake/export_cube_msgs__rosidl_typesupport_fastrtps_cppExport.cmake
[8.648s] -- Installing: /home/saber/robox_ws/src/install/cube_msgs/share/cube_msgs/cmake/export_cube_msgs__rosidl_typesupport_fastrtps_cppExport-noconfig.cmake
[8.648s] -- Installing: /home/saber/robox_ws/src/install/cube_msgs/share/cube_msgs/cmake/cube_msgs__rosidl_typesupport_introspection_cppExport.cmake
[8.648s] -- Installing: /home/saber/robox_ws/src/install/cube_msgs/share/cube_msgs/cmake/cube_msgs__rosidl_typesupport_introspection_cppExport-noconfig.cmake
[8.648s] -- Installing: /home/saber/robox_ws/src/install/cube_msgs/share/cube_msgs/cmake/cube_msgs__rosidl_typesupport_cppExport.cmake
[8.648s] -- Installing: /home/saber/robox_ws/src/install/cube_msgs/share/cube_msgs/cmake/cube_msgs__rosidl_typesupport_cppExport-noconfig.cmake
[8.648s] -- Installing: /home/saber/robox_ws/src/install/cube_msgs/share/cube_msgs/cmake/export_cube_msgs__rosidl_generator_pyExport.cmake
[8.648s] -- Installing: /home/saber/robox_ws/src/install/cube_msgs/share/cube_msgs/cmake/export_cube_msgs__rosidl_generator_pyExport-noconfig.cmake
[8.649s] -- Installing: /home/saber/robox_ws/src/install/cube_msgs/share/cube_msgs/cmake/rosidl_cmake-extras.cmake
[8.649s] -- Installing: /home/saber/robox_ws/src/install/cube_msgs/share/cube_msgs/cmake/ament_cmake_export_dependencies-extras.cmake
[8.649s] -- Installing: /home/saber/robox_ws/src/install/cube_msgs/share/cube_msgs/cmake/ament_cmake_export_include_directories-extras.cmake
[8.649s] -- Installing: /home/saber/robox_ws/src/install/cube_msgs/share/cube_msgs/cmake/ament_cmake_export_libraries-extras.cmake
[8.649s] -- Installing: /home/saber/robox_ws/src/install/cube_msgs/share/cube_msgs/cmake/ament_cmake_export_targets-extras.cmake
[8.649s] -- Installing: /home/saber/robox_ws/src/install/cube_msgs/share/cube_msgs/cmake/rosidl_cmake_export_typesupport_targets-extras.cmake
[8.649s] -- Installing: /home/saber/robox_ws/src/install/cube_msgs/share/cube_msgs/cmake/rosidl_cmake_export_typesupport_libraries-extras.cmake
[8.650s] -- Installing: /home/saber/robox_ws/src/install/cube_msgs/share/cube_msgs/cmake/cube_msgsConfig.cmake
[8.650s] -- Installing: /home/saber/robox_ws/src/install/cube_msgs/share/cube_msgs/cmake/cube_msgsConfig-version.cmake
[8.650s] -- Installing: /home/saber/robox_ws/src/install/cube_msgs/share/cube_msgs/package.xml
[8.653s] Invoked command in '/home/saber/robox_ws/src/build/cube_msgs' returned '0': CMAKE_PREFIX_PATH=/home/saber/robox_ws/install/robox_moveit_config:/home/saber/robox_ws/install/robox_arm:/home/saber/robox_ws/install/cube_msgs:/home/saber/robox_ws/install/color_pose_publisher:/home/saber/robox_ws/install/arduinobot_py_examples:/opt/ros/jazzy:/home/saber/robox_ws/install/arduino_arm_hardware_interface:/opt/ros/jazzy/opt/gz_sim_vendor:/opt/ros/jazzy/opt/gz_sensors_vendor:/opt/ros/jazzy/opt/gz_physics_vendor:/opt/ros/jazzy/opt/sdformat_vendor:/opt/ros/jazzy/opt/gz_gui_vendor:/opt/ros/jazzy/opt/gz_transport_vendor:/opt/ros/jazzy/opt/gz_rendering_vendor:/opt/ros/jazzy/opt/gz_plugin_vendor:/opt/ros/jazzy/opt/gz_fuel_tools_vendor:/opt/ros/jazzy/opt/gz_msgs_vendor:/opt/ros/jazzy/opt/gz_common_vendor:/opt/ros/jazzy/opt/gz_math_vendor:/opt/ros/jazzy/opt/gz_utils_vendor:/opt/ros/jazzy/opt/gz_tools_vendor:/opt/ros/jazzy/opt/gz_ogre_next_vendor:/opt/ros/jazzy/opt/gz_dartsim_vendor:/opt/ros/jazzy/opt/gz_cmake_vendor DEBUGINFOD_URLS=https://debuginfod.ubuntu.com /usr/bin/cmake --install /home/saber/robox_ws/src/build/cube_msgs
