[1.476s] Invoking command in '/home/saber/robox_ws/src/dashboard': DEBUGINFOD_URLS=https://debuginfod.ubuntu.com PYTHONPATH=/home/saber/robox_ws/build/dashboard/prefix_override:/usr/lib/python3/dist-packages/colcon_core/task/python/colcon_distutils_commands:/home/saber/robox_ws/install/dashboard/lib/python3.12/site-packages:${PYTHONPATH} /usr/bin/python3 -W ignore:setup.py install is deprecated -W ignore:easy_install command is deprecated setup.py egg_info --egg-base ../../build/dashboard build --build-base /home/saber/robox_ws/build/dashboard/build install --record /home/saber/robox_ws/build/dashboard/install.log --single-version-externally-managed install_data
[1.784s] running egg_info
[1.785s] creating ../../build/dashboard/dashboard.egg-info
[1.811s] writing ../../build/dashboard/dashboard.egg-info/PKG-INFO
[1.811s] writing dependency_links to ../../build/dashboard/dashboard.egg-info/dependency_links.txt
[1.811s] writing requirements to ../../build/dashboard/dashboard.egg-info/requires.txt
[1.811s] writing top-level names to ../../build/dashboard/dashboard.egg-info/top_level.txt
[1.811s] writing manifest file '../../build/dashboard/dashboard.egg-info/SOURCES.txt'
[1.863s] reading manifest file '../../build/dashboard/dashboard.egg-info/SOURCES.txt'
[1.864s] writing manifest file '../../build/dashboard/dashboard.egg-info/SOURCES.txt'
[1.864s] running build
[1.864s] running build_py
[1.864s] creating /home/saber/robox_ws/build/dashboard/build
[1.864s] creating /home/saber/robox_ws/build/dashboard/build/lib
[1.864s] creating /home/saber/robox_ws/build/dashboard/build/lib/dashboard
[1.865s] copying dashboard/__init__.py -> /home/saber/robox_ws/build/dashboard/build/lib/dashboard
[1.865s] running install
[1.870s] running install_lib
[1.896s] creating /home/saber/robox_ws/install/dashboard/lib/python3.12/site-packages/dashboard
[1.896s] copying /home/saber/robox_ws/build/dashboard/build/lib/dashboard/__init__.py -> /home/saber/robox_ws/install/dashboard/lib/python3.12/site-packages/dashboard
[1.897s] byte-compiling /home/saber/robox_ws/install/dashboard/lib/python3.12/site-packages/dashboard/__init__.py to __init__.cpython-312.pyc
[1.897s] running install_data
[1.897s] creating /home/saber/robox_ws/install/dashboard/share/ament_index
[1.897s] creating /home/saber/robox_ws/install/dashboard/share/ament_index/resource_index
[1.897s] creating /home/saber/robox_ws/install/dashboard/share/ament_index/resource_index/packages
[1.897s] copying resource/dashboard -> /home/saber/robox_ws/install/dashboard/share/ament_index/resource_index/packages
[1.897s] copying package.xml -> /home/saber/robox_ws/install/dashboard/share/dashboard
[1.897s] running install_egg_info
[1.925s] Copying ../../build/dashboard/dashboard.egg-info to /home/saber/robox_ws/install/dashboard/lib/python3.12/site-packages/dashboard-0.0.0-py3.12.egg-info
[1.925s] running install_scripts
[2.093s] writing list of installed files to '/home/saber/robox_ws/build/dashboard/install.log'
[2.140s] Invoked command in '/home/saber/robox_ws/src/dashboard' returned '0': DEBUGINFOD_URLS=https://debuginfod.ubuntu.com PYTHONPATH=/home/saber/robox_ws/build/dashboard/prefix_override:/usr/lib/python3/dist-packages/colcon_core/task/python/colcon_distutils_commands:/home/saber/robox_ws/install/dashboard/lib/python3.12/site-packages:${PYTHONPATH} /usr/bin/python3 -W ignore:setup.py install is deprecated -W ignore:easy_install command is deprecated setup.py egg_info --egg-base ../../build/dashboard build --build-base /home/saber/robox_ws/build/dashboard/build install --record /home/saber/robox_ws/build/dashboard/install.log --single-version-externally-managed install_data
