/home/saber/robox_ws/install/arduinobot_py_examples/lib/python3.12/site-packages/arduinobot_py_examples/serial.py
/home/saber/robox_ws/install/arduinobot_py_examples/lib/python3.12/site-packages/arduinobot_py_examples/__init__.py
/home/saber/robox_ws/install/arduinobot_py_examples/lib/python3.12/site-packages/arduinobot_py_examples/pose.py
/home/saber/robox_ws/install/arduinobot_py_examples/lib/python3.12/site-packages/arduinobot_py_examples/bridge.py
/home/saber/robox_ws/install/arduinobot_py_examples/lib/python3.12/site-packages/arduinobot_py_examples/subscriber.py
/home/saber/robox_ws/install/arduinobot_py_examples/lib/python3.12/site-packages/arduinobot_py_examples/simple_parameter.py
/home/saber/robox_ws/install/arduinobot_py_examples/lib/python3.12/site-packages/arduinobot_py_examples/ik_solver.py
/home/saber/robox_ws/install/arduinobot_py_examples/lib/python3.12/site-packages/arduinobot_py_examples/joystick_handler.py
/home/saber/robox_ws/install/arduinobot_py_examples/lib/python3.12/site-packages/arduinobot_py_examples/publisher.py
/home/saber/robox_ws/install/arduinobot_py_examples/lib/python3.12/site-packages/arduinobot_py_examples/simple_moveit_interface.py
/home/saber/robox_ws/install/arduinobot_py_examples/lib/python3.12/site-packages/arduinobot_py_examples/__pycache__/serial.cpython-312.pyc
/home/saber/robox_ws/install/arduinobot_py_examples/lib/python3.12/site-packages/arduinobot_py_examples/__pycache__/__init__.cpython-312.pyc
/home/saber/robox_ws/install/arduinobot_py_examples/lib/python3.12/site-packages/arduinobot_py_examples/__pycache__/pose.cpython-312.pyc
/home/saber/robox_ws/install/arduinobot_py_examples/lib/python3.12/site-packages/arduinobot_py_examples/__pycache__/bridge.cpython-312.pyc
/home/saber/robox_ws/install/arduinobot_py_examples/lib/python3.12/site-packages/arduinobot_py_examples/__pycache__/subscriber.cpython-312.pyc
/home/saber/robox_ws/install/arduinobot_py_examples/lib/python3.12/site-packages/arduinobot_py_examples/__pycache__/simple_parameter.cpython-312.pyc
/home/saber/robox_ws/install/arduinobot_py_examples/lib/python3.12/site-packages/arduinobot_py_examples/__pycache__/ik_solver.cpython-312.pyc
/home/saber/robox_ws/install/arduinobot_py_examples/lib/python3.12/site-packages/arduinobot_py_examples/__pycache__/joystick_handler.cpython-312.pyc
/home/saber/robox_ws/install/arduinobot_py_examples/lib/python3.12/site-packages/arduinobot_py_examples/__pycache__/publisher.cpython-312.pyc
/home/saber/robox_ws/install/arduinobot_py_examples/lib/python3.12/site-packages/arduinobot_py_examples/__pycache__/simple_moveit_interface.cpython-312.pyc
/home/saber/robox_ws/install/arduinobot_py_examples/share/ament_index/resource_index/packages/arduinobot_py_examples
/home/saber/robox_ws/install/arduinobot_py_examples/share/arduinobot_py_examples/package.xml
/home/saber/robox_ws/install/arduinobot_py_examples/lib/python3.12/site-packages/arduinobot_py_examples-0.0.1-py3.12.egg-info/requires.txt
/home/saber/robox_ws/install/arduinobot_py_examples/lib/python3.12/site-packages/arduinobot_py_examples-0.0.1-py3.12.egg-info/top_level.txt
/home/saber/robox_ws/install/arduinobot_py_examples/lib/python3.12/site-packages/arduinobot_py_examples-0.0.1-py3.12.egg-info/SOURCES.txt
/home/saber/robox_ws/install/arduinobot_py_examples/lib/python3.12/site-packages/arduinobot_py_examples-0.0.1-py3.12.egg-info/dependency_links.txt
/home/saber/robox_ws/install/arduinobot_py_examples/lib/python3.12/site-packages/arduinobot_py_examples-0.0.1-py3.12.egg-info/PKG-INFO
/home/saber/robox_ws/install/arduinobot_py_examples/lib/python3.12/site-packages/arduinobot_py_examples-0.0.1-py3.12.egg-info/entry_points.txt
/home/saber/robox_ws/install/arduinobot_py_examples/lib/python3.12/site-packages/arduinobot_py_examples-0.0.1-py3.12.egg-info/zip-safe
/home/saber/robox_ws/install/arduinobot_py_examples/lib/arduinobot_py_examples/bridge
/home/saber/robox_ws/install/arduinobot_py_examples/lib/arduinobot_py_examples/ik_solver
/home/saber/robox_ws/install/arduinobot_py_examples/lib/arduinobot_py_examples/joystick_handler
/home/saber/robox_ws/install/arduinobot_py_examples/lib/arduinobot_py_examples/pose
/home/saber/robox_ws/install/arduinobot_py_examples/lib/arduinobot_py_examples/publisher
/home/saber/robox_ws/install/arduinobot_py_examples/lib/arduinobot_py_examples/serial
/home/saber/robox_ws/install/arduinobot_py_examples/lib/arduinobot_py_examples/simple_moveit_interface
/home/saber/robox_ws/install/arduinobot_py_examples/lib/arduinobot_py_examples/simple_parameter
/home/saber/robox_ws/install/arduinobot_py_examples/lib/arduinobot_py_examples/subscriber
