[0.055s] Invoking command in '/home/saber/robox_ws/build/arduino_arm_hardware_interface': DEBUGINFOD_URLS=https://debuginfod.ubuntu.com /usr/bin/cmake --build /home/saber/robox_ws/build/arduino_arm_hardware_interface -- -j16 -l16
[0.967s] [100%] Built target arduino_arm_system
[0.992s] Invoked command in '/home/saber/robox_ws/build/arduino_arm_hardware_interface' returned '0': DEBUGINFOD_URLS=https://debuginfod.ubuntu.com /usr/bin/cmake --build /home/saber/robox_ws/build/arduino_arm_hardware_interface -- -j16 -l16
[0.994s] Invoking command in '/home/saber/robox_ws/build/arduino_arm_hardware_interface': DEBUGINFOD_URLS=https://debuginfod.ubuntu.com /usr/bin/cmake --install /home/saber/robox_ws/build/arduino_arm_hardware_interface
[1.031s] -- Install configuration: ""
[1.037s] -- Up-to-date: /home/saber/robox_ws/install/arduino_arm_hardware_interface/share/arduino_arm_hardware_interface/arduino_arm_system_plugin.xml
[1.037s] -- Up-to-date: /home/saber/robox_ws/install/arduino_arm_hardware_interface/include/
[1.037s] -- Up-to-date: /home/saber/robox_ws/install/arduino_arm_hardware_interface/include//arduino_arm_hardware_interface
[1.037s] -- Up-to-date: /home/saber/robox_ws/install/arduino_arm_hardware_interface/include//arduino_arm_hardware_interface/arduino_arm_system.hpp
[1.037s] -- Up-to-date: /home/saber/robox_ws/install/arduino_arm_hardware_interface/lib/libarduino_arm_system.so
[1.038s] -- Up-to-date: /home/saber/robox_ws/install/arduino_arm_hardware_interface/share/ament_index/resource_index/package_run_dependencies/arduino_arm_hardware_interface
[1.038s] -- Up-to-date: /home/saber/robox_ws/install/arduino_arm_hardware_interface/share/ament_index/resource_index/parent_prefix_path/arduino_arm_hardware_interface
[1.038s] -- Up-to-date: /home/saber/robox_ws/install/arduino_arm_hardware_interface/share/arduino_arm_hardware_interface/environment/ament_prefix_path.sh
[1.038s] -- Up-to-date: /home/saber/robox_ws/install/arduino_arm_hardware_interface/share/arduino_arm_hardware_interface/environment/ament_prefix_path.dsv
[1.038s] -- Up-to-date: /home/saber/robox_ws/install/arduino_arm_hardware_interface/share/arduino_arm_hardware_interface/environment/path.sh
[1.038s] -- Up-to-date: /home/saber/robox_ws/install/arduino_arm_hardware_interface/share/arduino_arm_hardware_interface/environment/path.dsv
[1.038s] -- Up-to-date: /home/saber/robox_ws/install/arduino_arm_hardware_interface/share/arduino_arm_hardware_interface/local_setup.bash
[1.038s] -- Up-to-date: /home/saber/robox_ws/install/arduino_arm_hardware_interface/share/arduino_arm_hardware_interface/local_setup.sh
[1.038s] -- Up-to-date: /home/saber/robox_ws/install/arduino_arm_hardware_interface/share/arduino_arm_hardware_interface/local_setup.zsh
[1.039s] -- Up-to-date: /home/saber/robox_ws/install/arduino_arm_hardware_interface/share/arduino_arm_hardware_interface/local_setup.dsv
[1.039s] -- Installing: /home/saber/robox_ws/install/arduino_arm_hardware_interface/share/arduino_arm_hardware_interface/package.dsv
[1.039s] -- Up-to-date: /home/saber/robox_ws/install/arduino_arm_hardware_interface/share/ament_index/resource_index/packages/arduino_arm_hardware_interface
[1.039s] -- Up-to-date: /home/saber/robox_ws/install/arduino_arm_hardware_interface/share/ament_index/resource_index/hardware_interface__pluginlib__plugin/arduino_arm_hardware_interface
[1.039s] -- Up-to-date: /home/saber/robox_ws/install/arduino_arm_hardware_interface/share/arduino_arm_hardware_interface/cmake/arduino_arm_hardware_interfaceConfig.cmake
[1.039s] -- Up-to-date: /home/saber/robox_ws/install/arduino_arm_hardware_interface/share/arduino_arm_hardware_interface/cmake/arduino_arm_hardware_interfaceConfig-version.cmake
[1.039s] -- Up-to-date: /home/saber/robox_ws/install/arduino_arm_hardware_interface/share/arduino_arm_hardware_interface/package.xml
[1.040s] Invoked command in '/home/saber/robox_ws/build/arduino_arm_hardware_interface' returned '0': DEBUGINFOD_URLS=https://debuginfod.ubuntu.com /usr/bin/cmake --install /home/saber/robox_ws/build/arduino_arm_hardware_interface
