[0.015s] Invoking command in '/home/saber/robox_ws/build/robox_arm': CMAKE_PREFIX_PATH=${CMAKE_PREFIX_PATH}:/home/saber/robox_ws/install/moveit_configs_utils:/home/saber/robox_ws/install/arduinobot_py_examples:/opt/ros/jazzy DEBUGINFOD_URLS=https://debuginfod.ubuntu.com /usr/bin/cmake --build /home/saber/robox_ws/build/robox_arm -- -j16 -l16
[0.052s] -- Found ament_cmake: 2.5.4 (/opt/ros/jazzy/share/ament_cmake/cmake)
[0.240s] -- Override CMake install command with custom implementation using symlinks instead of copying resources
[0.339s] -- Configuring done (0.3s)
[0.345s] -- Generating done (0.0s)
[0.347s] -- Build files have been written to: /home/saber/robox_ws/build/robox_arm
[0.372s] Invoked command in '/home/saber/robox_ws/build/robox_arm' returned '0': CMAKE_PREFIX_PATH=${CMAKE_PREFIX_PATH}:/home/saber/robox_ws/install/moveit_configs_utils:/home/saber/robox_ws/install/arduinobot_py_examples:/opt/ros/jazzy DEBUGINFOD_URLS=https://debuginfod.ubuntu.com /usr/bin/cmake --build /home/saber/robox_ws/build/robox_arm -- -j16 -l16
[0.383s] Invoking command in '/home/saber/robox_ws/build/robox_arm': CMAKE_PREFIX_PATH=${CMAKE_PREFIX_PATH}:/home/saber/robox_ws/install/moveit_configs_utils:/home/saber/robox_ws/install/arduinobot_py_examples:/opt/ros/jazzy DEBUGINFOD_URLS=https://debuginfod.ubuntu.com /usr/bin/cmake --install /home/saber/robox_ws/build/robox_arm
[0.391s] -- Install configuration: ""
[0.392s] -- Execute custom install script
[0.395s] -- Up-to-date symlink: /home/saber/robox_ws/install/robox_arm/share/robox_arm/meshes/base_link.STL
[0.395s] -- Up-to-date symlink: /home/saber/robox_ws/install/robox_arm/share/robox_arm/meshes/link_five.STL
[0.395s] -- Up-to-date symlink: /home/saber/robox_ws/install/robox_arm/share/robox_arm/meshes/link_four.STL
[0.395s] -- Up-to-date symlink: /home/saber/robox_ws/install/robox_arm/share/robox_arm/meshes/link_one.STL
[0.395s] -- Up-to-date symlink: /home/saber/robox_ws/install/robox_arm/share/robox_arm/meshes/link_seven.STL
[0.395s] -- Up-to-date symlink: /home/saber/robox_ws/install/robox_arm/share/robox_arm/meshes/link_six.STL
[0.396s] -- Up-to-date symlink: /home/saber/robox_ws/install/robox_arm/share/robox_arm/meshes/link_three.STL
[0.396s] -- Up-to-date symlink: /home/saber/robox_ws/install/robox_arm/share/robox_arm/meshes/link_two.STL
[0.396s] -- Up-to-date symlink: /home/saber/robox_ws/install/robox_arm/share/robox_arm/urdf/robox_arm.csv
[0.396s] -- Up-to-date symlink: /home/saber/robox_ws/install/robox_arm/share/robox_arm/urdf/robox_arm.urdf
[0.396s] -- Up-to-date symlink: /home/saber/robox_ws/install/robox_arm/share/robox_arm/launch/display.launch.py
[0.396s] -- Up-to-date symlink: /home/saber/robox_ws/install/robox_arm/share/robox_arm/launch/gazebo.launch
[0.396s] [31mCMake Error at ament_cmake_symlink_install/ament_cmake_symlink_install.cmake:100 (message):
[0.396s]   ament_cmake_symlink_install_directory() can't find
[0.396s]   '/home/saber/robox_ws/src/robox_arm/rviz'
[0.397s] Call Stack (most recent call first):
[0.397s]   ament_cmake_symlink_install/ament_cmake_symlink_install.cmake:314 (ament_cmake_symlink_install_directory)
[0.397s]   cmake_install.cmake:46 (include)
[0.397s] 
[0.397s] [0m
[0.398s] Invoked command in '/home/saber/robox_ws/build/robox_arm' returned '1': CMAKE_PREFIX_PATH=${CMAKE_PREFIX_PATH}:/home/saber/robox_ws/install/moveit_configs_utils:/home/saber/robox_ws/install/arduinobot_py_examples:/opt/ros/jazzy DEBUGINFOD_URLS=https://debuginfod.ubuntu.com /usr/bin/cmake --install /home/saber/robox_ws/build/robox_arm
