running egg_info
writing ../../build/color_pose_publisher/color_pose_publisher.egg-info/PKG-INFO
writing dependency_links to ../../build/color_pose_publisher/color_pose_publisher.egg-info/dependency_links.txt
writing entry points to ../../build/color_pose_publisher/color_pose_publisher.egg-info/entry_points.txt
writing requirements to ../../build/color_pose_publisher/color_pose_publisher.egg-info/requires.txt
writing top-level names to ../../build/color_pose_publisher/color_pose_publisher.egg-info/top_level.txt
reading manifest file '../../build/color_pose_publisher/color_pose_publisher.egg-info/SOURCES.txt'
writing manifest file '../../build/color_pose_publisher/color_pose_publisher.egg-info/SOURCES.txt'
running build
running build_py
copying color_pose_publisher/color_pose_publisher_node.py -> /home/saber/robox_ws/build/color_pose_publisher/build/lib/color_pose_publisher
running install
running install_lib
copying /home/saber/robox_ws/build/color_pose_publisher/build/lib/color_pose_publisher/color_pose_publisher_node.py -> /home/saber/robox_ws/install/color_pose_publisher/lib/python3.12/site-packages/color_pose_publisher
byte-compiling /home/saber/robox_ws/install/color_pose_publisher/lib/python3.12/site-packages/color_pose_publisher/color_pose_publisher_node.py to color_pose_publisher_node.cpython-312.pyc
running install_data
running install_egg_info
removing '/home/saber/robox_ws/install/color_pose_publisher/lib/python3.12/site-packages/color_pose_publisher-0.0.1-py3.12.egg-info' (and everything under it)
Copying ../../build/color_pose_publisher/color_pose_publisher.egg-info to /home/saber/robox_ws/install/color_pose_publisher/lib/python3.12/site-packages/color_pose_publisher-0.0.1-py3.12.egg-info
running install_scripts
Installing color_pose_publisher_node script to /home/saber/robox_ws/install/color_pose_publisher/lib/color_pose_publisher
writing list of installed files to '/home/saber/robox_ws/build/color_pose_publisher/install.log'
