[1.201s] Invoking command in '/home/saber/robox_ws/src/color_pose_publisher': DEBUGINFOD_URLS=https://debuginfod.ubuntu.com PYTHONPATH=/home/saber/robox_ws/build/color_pose_publisher/prefix_override:/usr/lib/python3/dist-packages/colcon_core/task/python/colcon_distutils_commands:/home/saber/robox_ws/install/color_pose_publisher/lib/python3.12/site-packages:${PYTHONPATH} /usr/bin/python3 -W ignore:setup.py install is deprecated -W ignore:easy_install command is deprecated setup.py egg_info --egg-base ../../build/color_pose_publisher build --build-base /home/saber/robox_ws/build/color_pose_publisher/build install --record /home/saber/robox_ws/build/color_pose_publisher/install.log --single-version-externally-managed install_data
[1.502s] running egg_info
[1.528s] writing ../../build/color_pose_publisher/color_pose_publisher.egg-info/PKG-INFO
[1.528s] writing dependency_links to ../../build/color_pose_publisher/color_pose_publisher.egg-info/dependency_links.txt
[1.528s] writing entry points to ../../build/color_pose_publisher/color_pose_publisher.egg-info/entry_points.txt
[1.528s] writing requirements to ../../build/color_pose_publisher/color_pose_publisher.egg-info/requires.txt
[1.529s] writing top-level names to ../../build/color_pose_publisher/color_pose_publisher.egg-info/top_level.txt
[1.580s] reading manifest file '../../build/color_pose_publisher/color_pose_publisher.egg-info/SOURCES.txt'
[1.581s] writing manifest file '../../build/color_pose_publisher/color_pose_publisher.egg-info/SOURCES.txt'
[1.581s] running build
[1.581s] running build_py
[1.581s] copying color_pose_publisher/color_detection.py -> /home/saber/robox_ws/build/color_pose_publisher/build/lib/color_pose_publisher
[1.581s] running install
[1.586s] running install_lib
[1.613s] copying /home/saber/robox_ws/build/color_pose_publisher/build/lib/color_pose_publisher/color_detection.py -> /home/saber/robox_ws/install/color_pose_publisher/lib/python3.12/site-packages/color_pose_publisher
[1.614s] byte-compiling /home/saber/robox_ws/install/color_pose_publisher/lib/python3.12/site-packages/color_pose_publisher/color_detection.py to color_detection.cpython-312.pyc
[1.614s] running install_data
[1.615s] running install_egg_info
[1.641s] removing '/home/saber/robox_ws/install/color_pose_publisher/lib/python3.12/site-packages/color_pose_publisher-0.0.1-py3.12.egg-info' (and everything under it)
[1.642s] Copying ../../build/color_pose_publisher/color_pose_publisher.egg-info to /home/saber/robox_ws/install/color_pose_publisher/lib/python3.12/site-packages/color_pose_publisher-0.0.1-py3.12.egg-info
[1.643s] running install_scripts
[1.809s] Installing color_pose_publisher_node script to /home/saber/robox_ws/install/color_pose_publisher/lib/color_pose_publisher
[1.810s] Installing ppc_action_client script to /home/saber/robox_ws/install/color_pose_publisher/lib/color_pose_publisher
[1.810s] writing list of installed files to '/home/saber/robox_ws/build/color_pose_publisher/install.log'
[1.854s] Invoked command in '/home/saber/robox_ws/src/color_pose_publisher' returned '0': DEBUGINFOD_URLS=https://debuginfod.ubuntu.com PYTHONPATH=/home/saber/robox_ws/build/color_pose_publisher/prefix_override:/usr/lib/python3/dist-packages/colcon_core/task/python/colcon_distutils_commands:/home/saber/robox_ws/install/color_pose_publisher/lib/python3.12/site-packages:${PYTHONPATH} /usr/bin/python3 -W ignore:setup.py install is deprecated -W ignore:easy_install command is deprecated setup.py egg_info --egg-base ../../build/color_pose_publisher build --build-base /home/saber/robox_ws/build/color_pose_publisher/build install --record /home/saber/robox_ws/build/color_pose_publisher/install.log --single-version-externally-managed install_data
