[0.027s] Invoking command in '/home/saber/robox_ws/build/arduino_arm_hardware_interface': DEBUGINFOD_URLS=https://debuginfod.ubuntu.com /usr/bin/cmake --build /home/saber/robox_ws/build/arduino_arm_hardware_interface -- -j16 -l16
[0.465s] [100%] Built target arduino_arm_system
[0.481s] Invoked command in '/home/saber/robox_ws/build/arduino_arm_hardware_interface' returned '0': DEBUGINFOD_URLS=https://debuginfod.ubuntu.com /usr/bin/cmake --build /home/saber/robox_ws/build/arduino_arm_hardware_interface -- -j16 -l16
[0.482s] Invoking command in '/home/saber/robox_ws/build/arduino_arm_hardware_interface': DEBUGINFOD_URLS=https://debuginfod.ubuntu.com /usr/bin/cmake --install /home/saber/robox_ws/build/arduino_arm_hardware_interface
[0.517s] -- Install configuration: ""
[0.517s] -- Up-to-date: /home/saber/robox_ws/install/arduino_arm_hardware_interface/share/arduino_arm_hardware_interface/arduino_arm_system_plugin.xml
[0.517s] -- Up-to-date: /home/saber/robox_ws/install/arduino_arm_hardware_interface/include/
[0.517s] -- Up-to-date: /home/saber/robox_ws/install/arduino_arm_hardware_interface/include//arduino_arm_hardware_interface
[0.517s] -- Up-to-date: /home/saber/robox_ws/install/arduino_arm_hardware_interface/include//arduino_arm_hardware_interface/arduino_arm_system.hpp
[0.517s] -- Up-to-date: /home/saber/robox_ws/install/arduino_arm_hardware_interface/lib/libarduino_arm_system.so
[0.517s] -- Up-to-date: /home/saber/robox_ws/install/arduino_arm_hardware_interface/share/ament_index/resource_index/package_run_dependencies/arduino_arm_hardware_interface
[0.517s] -- Up-to-date: /home/saber/robox_ws/install/arduino_arm_hardware_interface/share/ament_index/resource_index/parent_prefix_path/arduino_arm_hardware_interface
[0.517s] -- Up-to-date: /home/saber/robox_ws/install/arduino_arm_hardware_interface/share/arduino_arm_hardware_interface/environment/ament_prefix_path.sh
[0.518s] -- Up-to-date: /home/saber/robox_ws/install/arduino_arm_hardware_interface/share/arduino_arm_hardware_interface/environment/ament_prefix_path.dsv
[0.518s] -- Up-to-date: /home/saber/robox_ws/install/arduino_arm_hardware_interface/share/arduino_arm_hardware_interface/environment/path.sh
[0.518s] -- Up-to-date: /home/saber/robox_ws/install/arduino_arm_hardware_interface/share/arduino_arm_hardware_interface/environment/path.dsv
[0.518s] -- Up-to-date: /home/saber/robox_ws/install/arduino_arm_hardware_interface/share/arduino_arm_hardware_interface/local_setup.bash
[0.518s] -- Up-to-date: /home/saber/robox_ws/install/arduino_arm_hardware_interface/share/arduino_arm_hardware_interface/local_setup.sh
[0.518s] -- Up-to-date: /home/saber/robox_ws/install/arduino_arm_hardware_interface/share/arduino_arm_hardware_interface/local_setup.zsh
[0.518s] -- Up-to-date: /home/saber/robox_ws/install/arduino_arm_hardware_interface/share/arduino_arm_hardware_interface/local_setup.dsv
[0.518s] -- Installing: /home/saber/robox_ws/install/arduino_arm_hardware_interface/share/arduino_arm_hardware_interface/package.dsv
[0.518s] -- Up-to-date: /home/saber/robox_ws/install/arduino_arm_hardware_interface/share/ament_index/resource_index/packages/arduino_arm_hardware_interface
[0.518s] -- Up-to-date: /home/saber/robox_ws/install/arduino_arm_hardware_interface/share/ament_index/resource_index/hardware_interface__pluginlib__plugin/arduino_arm_hardware_interface
[0.518s] -- Up-to-date: /home/saber/robox_ws/install/arduino_arm_hardware_interface/share/arduino_arm_hardware_interface/cmake/arduino_arm_hardware_interfaceConfig.cmake
[0.518s] -- Up-to-date: /home/saber/robox_ws/install/arduino_arm_hardware_interface/share/arduino_arm_hardware_interface/cmake/arduino_arm_hardware_interfaceConfig-version.cmake
[0.518s] -- Up-to-date: /home/saber/robox_ws/install/arduino_arm_hardware_interface/share/arduino_arm_hardware_interface/package.xml
[0.521s] Invoked command in '/home/saber/robox_ws/build/arduino_arm_hardware_interface' returned '0': DEBUGINFOD_URLS=https://debuginfod.ubuntu.com /usr/bin/cmake --install /home/saber/robox_ws/build/arduino_arm_hardware_interface
