[2.696s] Invoking command in '/home/saber/robox_ws/src/arduinobot_py_examples': DEBUGINFOD_URLS=https://debuginfod.ubuntu.com PYTHONPATH=/home/saber/robox_ws/build/arduinobot_py_examples/prefix_override:/usr/lib/python3/dist-packages/colcon_core/task/python/colcon_distutils_commands:/home/saber/robox_ws/install/arduinobot_py_examples/lib/python3.12/site-packages:${PYTHONPATH} /usr/bin/python3 -W ignore:setup.py install is deprecated -W ignore:easy_install command is deprecated setup.py egg_info --egg-base ../../build/arduinobot_py_examples build --build-base /home/saber/robox_ws/build/arduinobot_py_examples/build install --record /home/saber/robox_ws/build/arduinobot_py_examples/install.log --single-version-externally-managed install_data
[3.329s] running egg_info
[3.384s] writing ../../build/arduinobot_py_examples/arduinobot_py_examples.egg-info/PKG-INFO
[3.384s] writing dependency_links to ../../build/arduinobot_py_examples/arduinobot_py_examples.egg-info/dependency_links.txt
[3.385s] writing entry points to ../../build/arduinobot_py_examples/arduinobot_py_examples.egg-info/entry_points.txt
[3.385s] writing requirements to ../../build/arduinobot_py_examples/arduinobot_py_examples.egg-info/requires.txt
[3.385s] writing top-level names to ../../build/arduinobot_py_examples/arduinobot_py_examples.egg-info/top_level.txt
[3.497s] reading manifest file '../../build/arduinobot_py_examples/arduinobot_py_examples.egg-info/SOURCES.txt'
[3.498s] writing manifest file '../../build/arduinobot_py_examples/arduinobot_py_examples.egg-info/SOURCES.txt'
[3.498s] running build
[3.499s] running build_py
[3.500s] running install
[3.511s] running install_lib
[3.567s] running install_data
[3.568s] running install_egg_info
[3.625s] removing '/home/saber/robox_ws/install/arduinobot_py_examples/lib/python3.12/site-packages/arduinobot_py_examples-0.0.1-py3.12.egg-info' (and everything under it)
[3.626s] Copying ../../build/arduinobot_py_examples/arduinobot_py_examples.egg-info to /home/saber/robox_ws/install/arduinobot_py_examples/lib/python3.12/site-packages/arduinobot_py_examples-0.0.1-py3.12.egg-info
[3.628s] running install_scripts
[3.984s] Installing bridge script to /home/saber/robox_ws/install/arduinobot_py_examples/lib/arduinobot_py_examples
[3.985s] Installing cube_pose_publisher script to /home/saber/robox_ws/install/arduinobot_py_examples/lib/arduinobot_py_examples
[3.985s] Installing cube_pose_trajectory script to /home/saber/robox_ws/install/arduinobot_py_examples/lib/arduinobot_py_examples
[3.985s] Installing ik_solver script to /home/saber/robox_ws/install/arduinobot_py_examples/lib/arduinobot_py_examples
[3.985s] Installing ik_to_trajectory_client script to /home/saber/robox_ws/install/arduinobot_py_examples/lib/arduinobot_py_examples
[3.985s] Installing joystick_handler script to /home/saber/robox_ws/install/arduinobot_py_examples/lib/arduinobot_py_examples
[3.986s] Installing pose script to /home/saber/robox_ws/install/arduinobot_py_examples/lib/arduinobot_py_examples
[3.986s] Installing ppc_action_server script to /home/saber/robox_ws/install/arduinobot_py_examples/lib/arduinobot_py_examples
[3.986s] Installing publisher script to /home/saber/robox_ws/install/arduinobot_py_examples/lib/arduinobot_py_examples
[3.986s] Installing reachability_map script to /home/saber/robox_ws/install/arduinobot_py_examples/lib/arduinobot_py_examples
[3.987s] Installing serial script to /home/saber/robox_ws/install/arduinobot_py_examples/lib/arduinobot_py_examples
[3.987s] Installing simple_moveit_interface script to /home/saber/robox_ws/install/arduinobot_py_examples/lib/arduinobot_py_examples
[3.987s] Installing simple_parameter script to /home/saber/robox_ws/install/arduinobot_py_examples/lib/arduinobot_py_examples
[3.988s] Installing subscriber script to /home/saber/robox_ws/install/arduinobot_py_examples/lib/arduinobot_py_examples
[3.989s] writing list of installed files to '/home/saber/robox_ws/build/arduinobot_py_examples/install.log'
[4.048s] Invoked command in '/home/saber/robox_ws/src/arduinobot_py_examples' returned '0': DEBUGINFOD_URLS=https://debuginfod.ubuntu.com PYTHONPATH=/home/saber/robox_ws/build/arduinobot_py_examples/prefix_override:/usr/lib/python3/dist-packages/colcon_core/task/python/colcon_distutils_commands:/home/saber/robox_ws/install/arduinobot_py_examples/lib/python3.12/site-packages:${PYTHONPATH} /usr/bin/python3 -W ignore:setup.py install is deprecated -W ignore:easy_install command is deprecated setup.py egg_info --egg-base ../../build/arduinobot_py_examples build --build-base /home/saber/robox_ws/build/arduinobot_py_examples/build install --record /home/saber/robox_ws/build/arduinobot_py_examples/install.log --single-version-externally-managed install_data
