[0.015s] Invoking command in '/home/saber/robox_ws/build/moveit_core': CMAKE_PREFIX_PATH=/home/saber/robox_ws/install/moveit_common:/home/saber/robox_ws/install/robotic_arm_moveit_config:/home/saber/robox_ws/install/pilz_industrial_motion_planner_testutils:/home/saber/robox_ws/install/moveit_runtime:/home/saber/robox_ws/install/moveit:/home/saber/robox_ws/install/moveit_planners:/home/saber/robox_ws/install/pilz_industrial_motion_planner:/home/saber/robox_ws/install/moveit_ros_control_interface:/home/saber/robox_ws/install/moveit_plugins:/home/saber/robox_ws/install/moveit_simple_controller_manager:/home/saber/robox_ws/install/moveit_setup_assistant:/home/saber/robox_ws/install/moveit_setup_srdf_plugins:/home/saber/robox_ws/install/moveit_setup_core_plugins:/home/saber/robox_ws/install/moveit_setup_controllers:/home/saber/robox_ws/install/moveit_setup_app_plugins:/home/saber/robox_ws/install/moveit_setup_framework:/home/saber/robox_ws/install/moveit_servo:/home/saber/robox_ws/install/moveit_ros_trajectory_cache:/home/saber/robox_ws/install/moveit_ros:/home/saber/robox_ws/install/arm_description:/home/saber/robox_ws/install/moveit_ros_visualization:/home/saber/robox_ws/install/moveit_py:/home/saber/robox_ws/install/moveit_hybrid_planning:/home/saber/robox_ws/install/moveit_ros_planning_interface:/home/saber/robox_ws/install/moveit_ros_benchmarks:/home/saber/robox_ws/install/moveit_ros_warehouse:/home/saber/robox_ws/install/moveit_ros_robot_interaction:/home/saber/robox_ws/install/moveit_ros_perception:/home/saber/robox_ws/install/moveit_resources_prbt_pg70_support:/home/saber/robox_ws/install/moveit_resources_prbt_moveit_config:/home/saber/robox_ws/install/moveit_ros_move_group:/home/saber/robox_ws/install/moveit_planners_ompl:/home/saber/robox_ws/install/moveit_kinematics:/home/saber/robox_ws/install/moveit_ros_planning:/home/saber/robox_ws/install/moveit_ros_occupancy_map_monitor:/home/saber/robox_ws/install/moveit_resources_prbt_support:/home/saber/robox_ws/install/moveit_resources_prbt_ikfast_manipulator_plugin:/home/saber/robox_ws/install/moveit_planners_stomp:/home/saber/robox_ws/install/moveit_planners_chomp:/home/saber/robox_ws/install/chomp_motion_planner:/home/saber/robox_ws/install/moveit_core:/home/saber/robox_ws/install/arm_moveit:/home/saber/arduinobot_ws/install/controller:/home/saber/arduinobot_ws/install/arm_description:/home/saber/arduinobot_ws/install/arduinobot_cpp_examples:/opt/ros/jazzy/opt/gz_sim_vendor:/opt/ros/jazzy/opt/gz_sensors_vendor:/opt/ros/jazzy/opt/gz_physics_vendor:/opt/ros/jazzy/opt/sdformat_vendor:/opt/ros/jazzy/opt/gz_gui_vendor:/opt/ros/jazzy/opt/gz_transport_vendor:/opt/ros/jazzy/opt/gz_rendering_vendor:/opt/ros/jazzy/opt/gz_plugin_vendor:/opt/ros/jazzy/opt/gz_fuel_tools_vendor:/opt/ros/jazzy/opt/gz_msgs_vendor:/opt/ros/jazzy/opt/gz_common_vendor:/opt/ros/jazzy/opt/gz_math_vendor:/opt/ros/jazzy/opt/gz_utils_vendor:/opt/ros/jazzy/opt/gz_tools_vendor:/opt/ros/jazzy/opt/gz_ogre_next_vendor:/opt/ros/jazzy/opt/gz_dartsim_vendor:/opt/ros/jazzy/opt/gz_cmake_vendor:/home/saber/robox_ws/install/arduinobot_py_examples:/home/saber/robox_ws/install/moveit_configs_utils:/home/saber/arduinobot_ws/install/arduinobot_py_examples:/opt/ros/jazzy DEBUGINFOD_URLS=https://debuginfod.ubuntu.com /usr/bin/cmake /home/saber/robox_ws/src/moveit2/moveit_core -DCMAKE_INSTALL_PREFIX=/home/saber/robox_ws/install/moveit_core
[0.033s] -- Found moveit_common: 2.12.3 (/home/saber/robox_ws/install/moveit_common/share/moveit_common/cmake)
[0.039s] -- Found ament_cmake: 2.5.4 (/opt/ros/jazzy/share/ament_cmake/cmake)
[0.255s] -- Override CMake install command with custom implementation using symlinks instead of copying resources
[0.345s] -- Found angles: 1.16.0 (/opt/ros/jazzy/share/angles/cmake)
[0.380s] -- Found common_interfaces: 5.3.6 (/opt/ros/jazzy/share/common_interfaces/cmake)
[0.380s] -- Found eigen_stl_containers: 1.1.0 (/opt/ros/jazzy/share/eigen_stl_containers/cmake)
[0.384s] -- Found eigen3_cmake_module: 0.3.0 (/opt/ros/jazzy/share/eigen3_cmake_module/cmake)
[0.390s] -- Found generate_parameter_library: 0.4.0 (/opt/ros/jazzy/share/generate_parameter_library/cmake)
[0.392s] -- Found parameter_traits: 0.4.0 (/opt/ros/jazzy/share/parameter_traits/cmake)
[0.425s] -- Found rosidl_generator_c: 4.6.5 (/opt/ros/jazzy/share/rosidl_generator_c/cmake)
[0.436s] -- Found rosidl_generator_cpp: 4.6.5 (/opt/ros/jazzy/share/rosidl_generator_cpp/cmake)
[0.452s] -- Using all available rosidl_typesupport_c: rosidl_typesupport_fastrtps_c;rosidl_typesupport_introspection_c
[0.469s] -- Using all available rosidl_typesupport_cpp: rosidl_typesupport_fastrtps_cpp;rosidl_typesupport_introspection_cpp
[0.540s] -- Found rmw_implementation_cmake: 7.3.2 (/opt/ros/jazzy/share/rmw_implementation_cmake/cmake)
[0.544s] -- Found rmw_cyclonedds_cpp: 2.2.3 (/opt/ros/jazzy/share/rmw_cyclonedds_cpp/cmake)
[0.575s] -- Using RMW implementation 'rmw_cyclonedds_cpp' as default
[0.645s] -- Found rclcpp_lifecycle: 28.1.9 (/opt/ros/jazzy/share/rclcpp_lifecycle/cmake)
[0.676s] -- Found geometric_shapes: 2.3.2 (/opt/ros/jazzy/share/geometric_shapes/cmake)
[0.683s] -- Found Boost: /usr/lib/x86_64-linux-gnu/cmake/Boost-1.83.0/BoostConfig.cmake (found version "1.83.0") found components: filesystem 
[0.804s] -- Found kdl_parser: 2.11.0 (/opt/ros/jazzy/share/kdl_parser/cmake)
[0.808s] -- Ensuring Eigen3 include directory is part of orocos-kdl CMake target
[0.811s] -- Found moveit_msgs: 2.6.0 (/opt/ros/jazzy/share/moveit_msgs/cmake)
[1.009s] -- Found pluginlib: 5.4.2 (/opt/ros/jazzy/share/pluginlib/cmake)
[1.016s] -- Found TinyXML2 via Config file: /usr/lib/x86_64-linux-gnu/cmake/tinyxml2
[1.019s] -- Found srdfdom: 2.0.7 (/opt/ros/jazzy/share/srdfdom/cmake)
[1.029s] -- Found tf2_eigen: 0.36.11 (/opt/ros/jazzy/share/tf2_eigen/cmake)
[1.119s] -- Found tf2_geometry_msgs: 0.36.11 (/opt/ros/jazzy/share/tf2_geometry_msgs/cmake)
[1.123s] -- Found tf2_kdl: 0.36.11 (/opt/ros/jazzy/share/tf2_kdl/cmake)
[1.146s] -- Found Boost: /usr/lib/x86_64-linux-gnu/cmake/Boost-1.83.0/BoostConfig.cmake (found version "1.83.0") found components: chrono date_time filesystem iostreams program_options regex serialization system thread 
[1.168s] -- Found ament_cmake_gtest: 2.5.4 (/opt/ros/jazzy/share/ament_cmake_gtest/cmake)
[1.169s] -- Found gtest sources under '/opt/ros/jazzy/src/gtest_vendor': C++ tests using 'Google Test' will be built
[1.190s] -- Found gtest sources under '/opt/ros/jazzy/src/gtest_vendor': C++ tests using 'Google Test' will be built
[1.210s] -- Found gtest sources under '/opt/ros/jazzy/src/gtest_vendor': C++ tests using 'Google Test' will be built
[1.229s] -- Found ament_cmake_gtest: 2.5.4 (/opt/ros/jazzy/share/ament_cmake_gtest/cmake)
[1.229s] -- Found gtest sources under '/opt/ros/jazzy/src/gtest_vendor': C++ tests using 'Google Test' will be built
[1.244s] -- Found ament_cmake_gmock: 2.5.4 (/opt/ros/jazzy/share/ament_cmake_gmock/cmake)
[1.247s] -- Found gmock sources under '/opt/ros/jazzy/src/gmock_vendor': C++ tests using 'Google Mock' will be built
[1.250s] -- Found ament_cmake_gtest: 2.5.4 (/opt/ros/jazzy/share/ament_cmake_gtest/cmake)
[1.251s] -- Found gtest sources under '/opt/ros/jazzy/src/gtest_vendor': C++ tests using 'Google Test' will be built
[1.269s] -- Found ament_cmake_gtest: 2.5.4 (/opt/ros/jazzy/share/ament_cmake_gtest/cmake)
[1.269s] -- Found gtest sources under '/opt/ros/jazzy/src/gtest_vendor': C++ tests using 'Google Test' will be built
[1.298s] -- Found ament_cmake_gtest: 2.5.4 (/opt/ros/jazzy/share/ament_cmake_gtest/cmake)
[1.298s] -- Found gtest sources under '/opt/ros/jazzy/src/gtest_vendor': C++ tests using 'Google Test' will be built
[1.345s] -- Found ament_cmake_gtest: 2.5.4 (/opt/ros/jazzy/share/ament_cmake_gtest/cmake)
[1.345s] -- Found gtest sources under '/opt/ros/jazzy/src/gtest_vendor': C++ tests using 'Google Test' will be built
[1.366s] -- Found ament_cmake_gtest: 2.5.4 (/opt/ros/jazzy/share/ament_cmake_gtest/cmake)
[1.366s] -- Found gtest sources under '/opt/ros/jazzy/src/gtest_vendor': C++ tests using 'Google Test' will be built
[1.391s] -- Found ament_cmake_gtest: 2.5.4 (/opt/ros/jazzy/share/ament_cmake_gtest/cmake)
[1.391s] -- Found gtest sources under '/opt/ros/jazzy/src/gtest_vendor': C++ tests using 'Google Test' will be built
[1.409s] -- Found ament_cmake_google_benchmark: 2.5.4 (/opt/ros/jazzy/share/ament_cmake_google_benchmark/cmake)
[1.411s] -- Found ament_cmake_gtest: 2.5.4 (/opt/ros/jazzy/share/ament_cmake_gtest/cmake)
[1.414s] -- Found gmock sources under '/opt/ros/jazzy/src/gmock_vendor': C++ tests using 'Google Mock' will be built
[1.414s] -- Found gtest sources under '/opt/ros/jazzy/src/gtest_vendor': C++ tests using 'Google Test' will be built
[1.420s] -- Performance tests are disabled by default, so Google Benchmark tests will be skipped. To enable these tests, set the CMake variable 'AMENT_RUN_PERFORMANCE_TESTS'.
[1.429s] -- Found gtest sources under '/opt/ros/jazzy/src/gtest_vendor': C++ tests using 'Google Test' will be built
[1.442s] -- Found ament_cmake_google_benchmark: 2.5.4 (/opt/ros/jazzy/share/ament_cmake_google_benchmark/cmake)
[1.443s] -- Found ament_cmake_gtest: 2.5.4 (/opt/ros/jazzy/share/ament_cmake_gtest/cmake)
[1.444s] -- Found gtest sources under '/opt/ros/jazzy/src/gtest_vendor': C++ tests using 'Google Test' will be built
[1.449s] -- Performance tests are disabled by default, so Google Benchmark tests will be skipped. To enable these tests, set the CMake variable 'AMENT_RUN_PERFORMANCE_TESTS'.
[1.463s] -- Found ament_cmake_gtest: 2.5.4 (/opt/ros/jazzy/share/ament_cmake_gtest/cmake)
[1.463s] -- Found gtest sources under '/opt/ros/jazzy/src/gtest_vendor': C++ tests using 'Google Test' will be built
[1.487s] -- Found launch_testing_ament_cmake: 3.4.4 (/opt/ros/jazzy/share/launch_testing_ament_cmake/cmake)
[1.488s] -- Found python_cmake_module: 0.11.1 (/opt/ros/jazzy/share/python_cmake_module/cmake)
[1.623s] --  *** Building MoveIt 2.12.3 devel ***
[1.635s] -- Configuring done (1.6s)
[2.426s] -- Generating done (0.7s)
[2.568s] -- Build files have been written to: /home/saber/robox_ws/build/moveit_core
[2.625s] Invoked command in '/home/saber/robox_ws/build/moveit_core' returned '0': CMAKE_PREFIX_PATH=/home/saber/robox_ws/install/moveit_common:/home/saber/robox_ws/install/robotic_arm_moveit_config:/home/saber/robox_ws/install/pilz_industrial_motion_planner_testutils:/home/saber/robox_ws/install/moveit_runtime:/home/saber/robox_ws/install/moveit:/home/saber/robox_ws/install/moveit_planners:/home/saber/robox_ws/install/pilz_industrial_motion_planner:/home/saber/robox_ws/install/moveit_ros_control_interface:/home/saber/robox_ws/install/moveit_plugins:/home/saber/robox_ws/install/moveit_simple_controller_manager:/home/saber/robox_ws/install/moveit_setup_assistant:/home/saber/robox_ws/install/moveit_setup_srdf_plugins:/home/saber/robox_ws/install/moveit_setup_core_plugins:/home/saber/robox_ws/install/moveit_setup_controllers:/home/saber/robox_ws/install/moveit_setup_app_plugins:/home/saber/robox_ws/install/moveit_setup_framework:/home/saber/robox_ws/install/moveit_servo:/home/saber/robox_ws/install/moveit_ros_trajectory_cache:/home/saber/robox_ws/install/moveit_ros:/home/saber/robox_ws/install/arm_description:/home/saber/robox_ws/install/moveit_ros_visualization:/home/saber/robox_ws/install/moveit_py:/home/saber/robox_ws/install/moveit_hybrid_planning:/home/saber/robox_ws/install/moveit_ros_planning_interface:/home/saber/robox_ws/install/moveit_ros_benchmarks:/home/saber/robox_ws/install/moveit_ros_warehouse:/home/saber/robox_ws/install/moveit_ros_robot_interaction:/home/saber/robox_ws/install/moveit_ros_perception:/home/saber/robox_ws/install/moveit_resources_prbt_pg70_support:/home/saber/robox_ws/install/moveit_resources_prbt_moveit_config:/home/saber/robox_ws/install/moveit_ros_move_group:/home/saber/robox_ws/install/moveit_planners_ompl:/home/saber/robox_ws/install/moveit_kinematics:/home/saber/robox_ws/install/moveit_ros_planning:/home/saber/robox_ws/install/moveit_ros_occupancy_map_monitor:/home/saber/robox_ws/install/moveit_resources_prbt_support:/home/saber/robox_ws/install/moveit_resources_prbt_ikfast_manipulator_plugin:/home/saber/robox_ws/install/moveit_planners_stomp:/home/saber/robox_ws/install/moveit_planners_chomp:/home/saber/robox_ws/install/chomp_motion_planner:/home/saber/robox_ws/install/moveit_core:/home/saber/robox_ws/install/arm_moveit:/home/saber/arduinobot_ws/install/controller:/home/saber/arduinobot_ws/install/arm_description:/home/saber/arduinobot_ws/install/arduinobot_cpp_examples:/opt/ros/jazzy/opt/gz_sim_vendor:/opt/ros/jazzy/opt/gz_sensors_vendor:/opt/ros/jazzy/opt/gz_physics_vendor:/opt/ros/jazzy/opt/sdformat_vendor:/opt/ros/jazzy/opt/gz_gui_vendor:/opt/ros/jazzy/opt/gz_transport_vendor:/opt/ros/jazzy/opt/gz_rendering_vendor:/opt/ros/jazzy/opt/gz_plugin_vendor:/opt/ros/jazzy/opt/gz_fuel_tools_vendor:/opt/ros/jazzy/opt/gz_msgs_vendor:/opt/ros/jazzy/opt/gz_common_vendor:/opt/ros/jazzy/opt/gz_math_vendor:/opt/ros/jazzy/opt/gz_utils_vendor:/opt/ros/jazzy/opt/gz_tools_vendor:/opt/ros/jazzy/opt/gz_ogre_next_vendor:/opt/ros/jazzy/opt/gz_dartsim_vendor:/opt/ros/jazzy/opt/gz_cmake_vendor:/home/saber/robox_ws/install/arduinobot_py_examples:/home/saber/robox_ws/install/moveit_configs_utils:/home/saber/arduinobot_ws/install/arduinobot_py_examples:/opt/ros/jazzy DEBUGINFOD_URLS=https://debuginfod.ubuntu.com /usr/bin/cmake /home/saber/robox_ws/src/moveit2/moveit_core -DCMAKE_INSTALL_PREFIX=/home/saber/robox_ws/install/moveit_core
[2.626s] Invoking command in '/home/saber/robox_ws/build/moveit_core': CMAKE_PREFIX_PATH=/home/saber/robox_ws/install/moveit_common:/home/saber/robox_ws/install/robotic_arm_moveit_config:/home/saber/robox_ws/install/pilz_industrial_motion_planner_testutils:/home/saber/robox_ws/install/moveit_runtime:/home/saber/robox_ws/install/moveit:/home/saber/robox_ws/install/moveit_planners:/home/saber/robox_ws/install/pilz_industrial_motion_planner:/home/saber/robox_ws/install/moveit_ros_control_interface:/home/saber/robox_ws/install/moveit_plugins:/home/saber/robox_ws/install/moveit_simple_controller_manager:/home/saber/robox_ws/install/moveit_setup_assistant:/home/saber/robox_ws/install/moveit_setup_srdf_plugins:/home/saber/robox_ws/install/moveit_setup_core_plugins:/home/saber/robox_ws/install/moveit_setup_controllers:/home/saber/robox_ws/install/moveit_setup_app_plugins:/home/saber/robox_ws/install/moveit_setup_framework:/home/saber/robox_ws/install/moveit_servo:/home/saber/robox_ws/install/moveit_ros_trajectory_cache:/home/saber/robox_ws/install/moveit_ros:/home/saber/robox_ws/install/arm_description:/home/saber/robox_ws/install/moveit_ros_visualization:/home/saber/robox_ws/install/moveit_py:/home/saber/robox_ws/install/moveit_hybrid_planning:/home/saber/robox_ws/install/moveit_ros_planning_interface:/home/saber/robox_ws/install/moveit_ros_benchmarks:/home/saber/robox_ws/install/moveit_ros_warehouse:/home/saber/robox_ws/install/moveit_ros_robot_interaction:/home/saber/robox_ws/install/moveit_ros_perception:/home/saber/robox_ws/install/moveit_resources_prbt_pg70_support:/home/saber/robox_ws/install/moveit_resources_prbt_moveit_config:/home/saber/robox_ws/install/moveit_ros_move_group:/home/saber/robox_ws/install/moveit_planners_ompl:/home/saber/robox_ws/install/moveit_kinematics:/home/saber/robox_ws/install/moveit_ros_planning:/home/saber/robox_ws/install/moveit_ros_occupancy_map_monitor:/home/saber/robox_ws/install/moveit_resources_prbt_support:/home/saber/robox_ws/install/moveit_resources_prbt_ikfast_manipulator_plugin:/home/saber/robox_ws/install/moveit_planners_stomp:/home/saber/robox_ws/install/moveit_planners_chomp:/home/saber/robox_ws/install/chomp_motion_planner:/home/saber/robox_ws/install/moveit_core:/home/saber/robox_ws/install/arm_moveit:/home/saber/arduinobot_ws/install/controller:/home/saber/arduinobot_ws/install/arm_description:/home/saber/arduinobot_ws/install/arduinobot_cpp_examples:/opt/ros/jazzy/opt/gz_sim_vendor:/opt/ros/jazzy/opt/gz_sensors_vendor:/opt/ros/jazzy/opt/gz_physics_vendor:/opt/ros/jazzy/opt/sdformat_vendor:/opt/ros/jazzy/opt/gz_gui_vendor:/opt/ros/jazzy/opt/gz_transport_vendor:/opt/ros/jazzy/opt/gz_rendering_vendor:/opt/ros/jazzy/opt/gz_plugin_vendor:/opt/ros/jazzy/opt/gz_fuel_tools_vendor:/opt/ros/jazzy/opt/gz_msgs_vendor:/opt/ros/jazzy/opt/gz_common_vendor:/opt/ros/jazzy/opt/gz_math_vendor:/opt/ros/jazzy/opt/gz_utils_vendor:/opt/ros/jazzy/opt/gz_tools_vendor:/opt/ros/jazzy/opt/gz_ogre_next_vendor:/opt/ros/jazzy/opt/gz_dartsim_vendor:/opt/ros/jazzy/opt/gz_cmake_vendor:/home/saber/robox_ws/install/arduinobot_py_examples:/home/saber/robox_ws/install/moveit_configs_utils:/home/saber/arduinobot_ws/install/arduinobot_py_examples:/opt/ros/jazzy DEBUGINFOD_URLS=https://debuginfod.ubuntu.com /usr/bin/cmake --build /home/saber/robox_ws/build/moveit_core -- -j16 -l16
[2.725s] [  4%] Built target moveit_ruckig_filter_parameters
[2.725s] [  4%] [34m[1mGenerate version header[0m
[2.725s] [  4%] Built target moveit_acceleration_filter_parameters
[2.725s] [  4%] Built target moveit_butterworth_filter_parameters
[2.735s] [  8%] Built target gtest
[2.736s] [  9%] Built target gmock
[2.736s] [  8%] Built target gtest_main
[2.736s] [  9%] Built target gmock_main
[2.755s] [ 13%] Built target moveit_smoothing_base
[2.755s] [ 14%] Built target moveit_utils
[2.781s] [ 15%] [34m[1mGenerating version.hpp[0m
[2.801s] [ 15%] Built target version_hpp
[2.803s] [ 17%] Built target moveit_exceptions
[2.804s] [ 18%] Built target logger_dut
[2.835s] [ 19%] Built target moveit_transforms
[2.842s] [ 20%] Built target moveit_version
[2.844s] [ 22%] Built target moveit_distance_field
[2.883s] [ 23%] Built target test_transforms
[2.893s] [ 26%] Built target test_voxel_grid
[2.893s] [ 30%] Built target moveit_robot_model
[2.904s] [ 31%] Built target test_distance_field
[2.943s] [ 32%] Built target moveit_kinematics_base
[2.946s] [ 33%] Built target moveit_butterworth_filter
[3.005s] [ 34%] Built target test_butterworth_filter
[3.011s] [ 35%] Built target moveit_test_utils
[3.028s] [ 38%] Built target moveit_robot_state
[3.087s] [ 39%] Built target test_robot_model
[3.106s] [ 43%] Built target moveit_robot_trajectory
[3.106s] [ 44%] Built target test_robot_state_complex
[3.106s] [ 43%] Built target moveit_dynamics_solver
[3.106s] [ 43%] Built target robot_state_benchmark
[3.106s] [ 44%] Built target moveit_kinematics_metrics
[3.107s] [ 45%] Built target moveit_ruckig_filter
[3.107s] [ 46%] Built target test_aabb
[3.107s] [ 49%] Built target moveit_acceleration_filter
[3.107s] [ 49%] Built target test_robot_state
[3.111s] [ 50%] Built target test_cartesian_interpolator
[3.151s] [ 56%] Built target moveit_collision_detection
[3.164s] [ 57%] Built target test_robot_trajectory
[3.170s] [ 58%] Built target test_acceleration_filter
[3.175s] [ 60%] Built target moveit_trajectory_processing
[3.199s] [ 62%] Built target test_world
[3.199s] [ 62%] Built target test_world_diff
[3.212s] [ 63%] Built target test_all_valid
[3.229s] [ 65%] Built target moveit_collision_detection_fcl
[3.236s] [ 68%] Built target test_ruckig_traj_smoothing
[3.236s] [ 68%] Built target test_time_optimal_trajectory_generation
[3.236s] [ 68%] Built target robot_trajectory_benchmark
[3.270s] [ 72%] Built target moveit_collision_detection_bullet
[3.294s] [ 74%] Built target test_fcl_collision_env
[3.294s] [ 74%] Built target test_fcl_collision_detection
[3.294s] [ 75%] Built target test_fcl_collision_detection_panda
[3.308s] [ 76%] Built target moveit_kinematic_constraints
[3.332s] [ 79%] Built target test_bullet_continuous_collision_checking
[3.332s] [ 79%] Built target test_bullet_collision_detection_panda
[3.332s] [ 80%] Built target test_bullet_collision_detection
[3.362s] [ 83%] Built target test_orientation_constraints
[3.362s] [ 83%] Built target test_constraints
[3.374s] [ 84%] Built target moveit_planning_scene
[3.439s] [ 87%] Built target test_collision_objects
[3.439s] [ 87%] Built target collision_detector_bullet_plugin
[3.439s] [ 87%] Built target collision_detector_fcl_plugin
[3.439s] [ 88%] Built target test_multi_threaded
[3.445s] [ 90%] Built target test_planning_scene
[3.445s] [ 91%] Built target moveit_planning_interface
[3.468s] [ 97%] Built target moveit_collision_distance_field
[3.468s] [ 97%] Built target moveit_constraint_samplers
[3.527s] [ 98%] Built target test_collision_distance_field
[3.538s] [100%] Built target test_constraint_samplers
[3.558s] Invoked command in '/home/saber/robox_ws/build/moveit_core' returned '0': CMAKE_PREFIX_PATH=/home/saber/robox_ws/install/moveit_common:/home/saber/robox_ws/install/robotic_arm_moveit_config:/home/saber/robox_ws/install/pilz_industrial_motion_planner_testutils:/home/saber/robox_ws/install/moveit_runtime:/home/saber/robox_ws/install/moveit:/home/saber/robox_ws/install/moveit_planners:/home/saber/robox_ws/install/pilz_industrial_motion_planner:/home/saber/robox_ws/install/moveit_ros_control_interface:/home/saber/robox_ws/install/moveit_plugins:/home/saber/robox_ws/install/moveit_simple_controller_manager:/home/saber/robox_ws/install/moveit_setup_assistant:/home/saber/robox_ws/install/moveit_setup_srdf_plugins:/home/saber/robox_ws/install/moveit_setup_core_plugins:/home/saber/robox_ws/install/moveit_setup_controllers:/home/saber/robox_ws/install/moveit_setup_app_plugins:/home/saber/robox_ws/install/moveit_setup_framework:/home/saber/robox_ws/install/moveit_servo:/home/saber/robox_ws/install/moveit_ros_trajectory_cache:/home/saber/robox_ws/install/moveit_ros:/home/saber/robox_ws/install/arm_description:/home/saber/robox_ws/install/moveit_ros_visualization:/home/saber/robox_ws/install/moveit_py:/home/saber/robox_ws/install/moveit_hybrid_planning:/home/saber/robox_ws/install/moveit_ros_planning_interface:/home/saber/robox_ws/install/moveit_ros_benchmarks:/home/saber/robox_ws/install/moveit_ros_warehouse:/home/saber/robox_ws/install/moveit_ros_robot_interaction:/home/saber/robox_ws/install/moveit_ros_perception:/home/saber/robox_ws/install/moveit_resources_prbt_pg70_support:/home/saber/robox_ws/install/moveit_resources_prbt_moveit_config:/home/saber/robox_ws/install/moveit_ros_move_group:/home/saber/robox_ws/install/moveit_planners_ompl:/home/saber/robox_ws/install/moveit_kinematics:/home/saber/robox_ws/install/moveit_ros_planning:/home/saber/robox_ws/install/moveit_ros_occupancy_map_monitor:/home/saber/robox_ws/install/moveit_resources_prbt_support:/home/saber/robox_ws/install/moveit_resources_prbt_ikfast_manipulator_plugin:/home/saber/robox_ws/install/moveit_planners_stomp:/home/saber/robox_ws/install/moveit_planners_chomp:/home/saber/robox_ws/install/chomp_motion_planner:/home/saber/robox_ws/install/moveit_core:/home/saber/robox_ws/install/arm_moveit:/home/saber/arduinobot_ws/install/controller:/home/saber/arduinobot_ws/install/arm_description:/home/saber/arduinobot_ws/install/arduinobot_cpp_examples:/opt/ros/jazzy/opt/gz_sim_vendor:/opt/ros/jazzy/opt/gz_sensors_vendor:/opt/ros/jazzy/opt/gz_physics_vendor:/opt/ros/jazzy/opt/sdformat_vendor:/opt/ros/jazzy/opt/gz_gui_vendor:/opt/ros/jazzy/opt/gz_transport_vendor:/opt/ros/jazzy/opt/gz_rendering_vendor:/opt/ros/jazzy/opt/gz_plugin_vendor:/opt/ros/jazzy/opt/gz_fuel_tools_vendor:/opt/ros/jazzy/opt/gz_msgs_vendor:/opt/ros/jazzy/opt/gz_common_vendor:/opt/ros/jazzy/opt/gz_math_vendor:/opt/ros/jazzy/opt/gz_utils_vendor:/opt/ros/jazzy/opt/gz_tools_vendor:/opt/ros/jazzy/opt/gz_ogre_next_vendor:/opt/ros/jazzy/opt/gz_dartsim_vendor:/opt/ros/jazzy/opt/gz_cmake_vendor:/home/saber/robox_ws/install/arduinobot_py_examples:/home/saber/robox_ws/install/moveit_configs_utils:/home/saber/arduinobot_ws/install/arduinobot_py_examples:/opt/ros/jazzy DEBUGINFOD_URLS=https://debuginfod.ubuntu.com /usr/bin/cmake --build /home/saber/robox_ws/build/moveit_core -- -j16 -l16
[3.560s] Invoking command in '/home/saber/robox_ws/build/moveit_core': CMAKE_PREFIX_PATH=/home/saber/robox_ws/install/moveit_common:/home/saber/robox_ws/install/robotic_arm_moveit_config:/home/saber/robox_ws/install/pilz_industrial_motion_planner_testutils:/home/saber/robox_ws/install/moveit_runtime:/home/saber/robox_ws/install/moveit:/home/saber/robox_ws/install/moveit_planners:/home/saber/robox_ws/install/pilz_industrial_motion_planner:/home/saber/robox_ws/install/moveit_ros_control_interface:/home/saber/robox_ws/install/moveit_plugins:/home/saber/robox_ws/install/moveit_simple_controller_manager:/home/saber/robox_ws/install/moveit_setup_assistant:/home/saber/robox_ws/install/moveit_setup_srdf_plugins:/home/saber/robox_ws/install/moveit_setup_core_plugins:/home/saber/robox_ws/install/moveit_setup_controllers:/home/saber/robox_ws/install/moveit_setup_app_plugins:/home/saber/robox_ws/install/moveit_setup_framework:/home/saber/robox_ws/install/moveit_servo:/home/saber/robox_ws/install/moveit_ros_trajectory_cache:/home/saber/robox_ws/install/moveit_ros:/home/saber/robox_ws/install/arm_description:/home/saber/robox_ws/install/moveit_ros_visualization:/home/saber/robox_ws/install/moveit_py:/home/saber/robox_ws/install/moveit_hybrid_planning:/home/saber/robox_ws/install/moveit_ros_planning_interface:/home/saber/robox_ws/install/moveit_ros_benchmarks:/home/saber/robox_ws/install/moveit_ros_warehouse:/home/saber/robox_ws/install/moveit_ros_robot_interaction:/home/saber/robox_ws/install/moveit_ros_perception:/home/saber/robox_ws/install/moveit_resources_prbt_pg70_support:/home/saber/robox_ws/install/moveit_resources_prbt_moveit_config:/home/saber/robox_ws/install/moveit_ros_move_group:/home/saber/robox_ws/install/moveit_planners_ompl:/home/saber/robox_ws/install/moveit_kinematics:/home/saber/robox_ws/install/moveit_ros_planning:/home/saber/robox_ws/install/moveit_ros_occupancy_map_monitor:/home/saber/robox_ws/install/moveit_resources_prbt_support:/home/saber/robox_ws/install/moveit_resources_prbt_ikfast_manipulator_plugin:/home/saber/robox_ws/install/moveit_planners_stomp:/home/saber/robox_ws/install/moveit_planners_chomp:/home/saber/robox_ws/install/chomp_motion_planner:/home/saber/robox_ws/install/moveit_core:/home/saber/robox_ws/install/arm_moveit:/home/saber/arduinobot_ws/install/controller:/home/saber/arduinobot_ws/install/arm_description:/home/saber/arduinobot_ws/install/arduinobot_cpp_examples:/opt/ros/jazzy/opt/gz_sim_vendor:/opt/ros/jazzy/opt/gz_sensors_vendor:/opt/ros/jazzy/opt/gz_physics_vendor:/opt/ros/jazzy/opt/sdformat_vendor:/opt/ros/jazzy/opt/gz_gui_vendor:/opt/ros/jazzy/opt/gz_transport_vendor:/opt/ros/jazzy/opt/gz_rendering_vendor:/opt/ros/jazzy/opt/gz_plugin_vendor:/opt/ros/jazzy/opt/gz_fuel_tools_vendor:/opt/ros/jazzy/opt/gz_msgs_vendor:/opt/ros/jazzy/opt/gz_common_vendor:/opt/ros/jazzy/opt/gz_math_vendor:/opt/ros/jazzy/opt/gz_utils_vendor:/opt/ros/jazzy/opt/gz_tools_vendor:/opt/ros/jazzy/opt/gz_ogre_next_vendor:/opt/ros/jazzy/opt/gz_dartsim_vendor:/opt/ros/jazzy/opt/gz_cmake_vendor:/home/saber/robox_ws/install/arduinobot_py_examples:/home/saber/robox_ws/install/moveit_configs_utils:/home/saber/arduinobot_ws/install/arduinobot_py_examples:/opt/ros/jazzy DEBUGINFOD_URLS=https://debuginfod.ubuntu.com /usr/bin/cmake --install /home/saber/robox_ws/build/moveit_core
[3.574s] -- Install configuration: "Release"
[3.574s] -- Execute custom install script
[3.575s] -- Up-to-date symlink: /home/saber/robox_ws/install/moveit_core/include/moveit_core/moveit/collision_detection_bullet/bullet_integration/basic_types.h
[3.575s] -- Up-to-date symlink: /home/saber/robox_ws/install/moveit_core/include/moveit_core/moveit/collision_detection_bullet/bullet_integration/basic_types.hpp
[3.575s] -- Up-to-date symlink: /home/saber/robox_ws/install/moveit_core/include/moveit_core/moveit/collision_detection_bullet/bullet_integration/bullet_bvh_manager.h
[3.575s] -- Up-to-date symlink: /home/saber/robox_ws/install/moveit_core/include/moveit_core/moveit/collision_detection_bullet/bullet_integration/bullet_bvh_manager.hpp
[3.575s] -- Up-to-date symlink: /home/saber/robox_ws/install/moveit_core/include/moveit_core/moveit/collision_detection_bullet/bullet_integration/bullet_cast_bvh_manager.h
[3.575s] -- Up-to-date symlink: /home/saber/robox_ws/install/moveit_core/include/moveit_core/moveit/collision_detection_bullet/bullet_integration/bullet_cast_bvh_manager.hpp
[3.575s] -- Up-to-date symlink: /home/saber/robox_ws/install/moveit_core/include/moveit_core/moveit/collision_detection_bullet/bullet_integration/bullet_discrete_bvh_manager.h
[3.576s] -- Up-to-date symlink: /home/saber/robox_ws/install/moveit_core/include/moveit_core/moveit/collision_detection_bullet/bullet_integration/bullet_discrete_bvh_manager.hpp
[3.576s] -- Up-to-date symlink: /home/saber/robox_ws/install/moveit_core/include/moveit_core/moveit/collision_detection_bullet/bullet_integration/bullet_utils.h
[3.576s] -- Up-to-date symlink: /home/saber/robox_ws/install/moveit_core/include/moveit_core/moveit/collision_detection_bullet/bullet_integration/bullet_utils.hpp
[3.576s] -- Up-to-date symlink: /home/saber/robox_ws/install/moveit_core/include/moveit_core/moveit/collision_detection_bullet/bullet_integration/contact_checker_common.h
[3.576s] -- Up-to-date symlink: /home/saber/robox_ws/install/moveit_core/include/moveit_core/moveit/collision_detection_bullet/bullet_integration/contact_checker_common.hpp
[3.576s] -- Up-to-date symlink: /home/saber/robox_ws/install/moveit_core/include/moveit_core/moveit/collision_detection_bullet/bullet_integration/ros_bullet_utils.h
[3.576s] -- Up-to-date symlink: /home/saber/robox_ws/install/moveit_core/include/moveit_core/moveit/collision_detection_bullet/bullet_integration/ros_bullet_utils.hpp
[3.576s] -- Up-to-date symlink: /home/saber/robox_ws/install/moveit_core/include/moveit_core/moveit/collision_detection_bullet/collision_detector_allocator_bullet.h
[3.576s] -- Up-to-date symlink: /home/saber/robox_ws/install/moveit_core/include/moveit_core/moveit/collision_detection_bullet/collision_detector_allocator_bullet.hpp
[3.576s] -- Up-to-date symlink: /home/saber/robox_ws/install/moveit_core/include/moveit_core/moveit/collision_detection_bullet/collision_detector_bullet_plugin_loader.h
[3.577s] -- Up-to-date symlink: /home/saber/robox_ws/install/moveit_core/include/moveit_core/moveit/collision_detection_bullet/collision_detector_bullet_plugin_loader.hpp
[3.577s] -- Up-to-date symlink: /home/saber/robox_ws/install/moveit_core/include/moveit_core/moveit/collision_detection_bullet/collision_env_bullet.h
[3.577s] -- Up-to-date symlink: /home/saber/robox_ws/install/moveit_core/include/moveit_core/moveit/collision_detection_bullet/collision_env_bullet.hpp
[3.577s] -- Up-to-date symlink: /home/saber/robox_ws/install/moveit_core/include/moveit_core/moveit_collision_detection_bullet_export.h
[3.577s] -- Up-to-date symlink: /home/saber/robox_ws/install/moveit_core/include/moveit_core/moveit/collision_detection_fcl/collision_common.h
[3.577s] -- Up-to-date symlink: /home/saber/robox_ws/install/moveit_core/include/moveit_core/moveit/collision_detection_fcl/collision_common.hpp
[3.578s] -- Up-to-date symlink: /home/saber/robox_ws/install/moveit_core/include/moveit_core/moveit/collision_detection_fcl/collision_detector_allocator_fcl.h
[3.578s] -- Up-to-date symlink: /home/saber/robox_ws/install/moveit_core/include/moveit_core/moveit/collision_detection_fcl/collision_detector_allocator_fcl.hpp
[3.578s] -- Up-to-date symlink: /home/saber/robox_ws/install/moveit_core/include/moveit_core/moveit/collision_detection_fcl/collision_detector_fcl_plugin_loader.h
[3.578s] -- Up-to-date symlink: /home/saber/robox_ws/install/moveit_core/include/moveit_core/moveit/collision_detection_fcl/collision_detector_fcl_plugin_loader.hpp
[3.578s] -- Up-to-date symlink: /home/saber/robox_ws/install/moveit_core/include/moveit_core/moveit/collision_detection_fcl/collision_env_fcl.h
[3.578s] -- Up-to-date symlink: /home/saber/robox_ws/install/moveit_core/include/moveit_core/moveit/collision_detection_fcl/collision_env_fcl.hpp
[3.578s] -- Up-to-date symlink: /home/saber/robox_ws/install/moveit_core/include/moveit_core/moveit/collision_detection_fcl/fcl_compat.h
[3.578s] -- Up-to-date symlink: /home/saber/robox_ws/install/moveit_core/include/moveit_core/moveit/collision_detection_fcl/fcl_compat.hpp
[3.578s] -- Up-to-date symlink: /home/saber/robox_ws/install/moveit_core/include/moveit_core/moveit_collision_detection_fcl_export.h
[3.579s] -- Up-to-date symlink: /home/saber/robox_ws/install/moveit_core/include/moveit_core/moveit/collision_detection/allvalid/collision_detector_allocator_allvalid.h
[3.579s] -- Up-to-date symlink: /home/saber/robox_ws/install/moveit_core/include/moveit_core/moveit/collision_detection/allvalid/collision_detector_allocator_allvalid.hpp
[3.579s] -- Up-to-date symlink: /home/saber/robox_ws/install/moveit_core/include/moveit_core/moveit/collision_detection/allvalid/collision_env_allvalid.h
[3.579s] -- Up-to-date symlink: /home/saber/robox_ws/install/moveit_core/include/moveit_core/moveit/collision_detection/allvalid/collision_env_allvalid.hpp
[3.579s] -- Up-to-date symlink: /home/saber/robox_ws/install/moveit_core/include/moveit_core/moveit/collision_detection/collision_common.h
[3.579s] -- Up-to-date symlink: /home/saber/robox_ws/install/moveit_core/include/moveit_core/moveit/collision_detection/collision_common.hpp
[3.580s] -- Up-to-date symlink: /home/saber/robox_ws/install/moveit_core/include/moveit_core/moveit/collision_detection/collision_detector_allocator.h
[3.580s] -- Up-to-date symlink: /home/saber/robox_ws/install/moveit_core/include/moveit_core/moveit/collision_detection/collision_detector_allocator.hpp
[3.580s] -- Up-to-date symlink: /home/saber/robox_ws/install/moveit_core/include/moveit_core/moveit/collision_detection/collision_env.h
[3.580s] -- Up-to-date symlink: /home/saber/robox_ws/install/moveit_core/include/moveit_core/moveit/collision_detection/collision_env.hpp
[3.580s] -- Up-to-date symlink: /home/saber/robox_ws/install/moveit_core/include/moveit_core/moveit/collision_detection/collision_matrix.h
[3.580s] -- Up-to-date symlink: /home/saber/robox_ws/install/moveit_core/include/moveit_core/moveit/collision_detection/collision_matrix.hpp
[3.580s] -- Up-to-date symlink: /home/saber/robox_ws/install/moveit_core/include/moveit_core/moveit/collision_detection/collision_octomap_filter.h
[3.580s] -- Up-to-date symlink: /home/saber/robox_ws/install/moveit_core/include/moveit_core/moveit/collision_detection/collision_octomap_filter.hpp
[3.580s] -- Up-to-date symlink: /home/saber/robox_ws/install/moveit_core/include/moveit_core/moveit/collision_detection/collision_plugin.h
[3.581s] -- Up-to-date symlink: /home/saber/robox_ws/install/moveit_core/include/moveit_core/moveit/collision_detection/collision_plugin.hpp
[3.581s] -- Up-to-date symlink: /home/saber/robox_ws/install/moveit_core/include/moveit_core/moveit/collision_detection/collision_plugin_cache.h
[3.581s] -- Up-to-date symlink: /home/saber/robox_ws/install/moveit_core/include/moveit_core/moveit/collision_detection/collision_plugin_cache.hpp
[3.581s] -- Up-to-date symlink: /home/saber/robox_ws/install/moveit_core/include/moveit_core/moveit/collision_detection/collision_tools.h
[3.581s] -- Up-to-date symlink: /home/saber/robox_ws/install/moveit_core/include/moveit_core/moveit/collision_detection/collision_tools.hpp
[3.581s] -- Up-to-date symlink: /home/saber/robox_ws/install/moveit_core/include/moveit_core/moveit/collision_detection/occupancy_map.h
[3.581s] -- Up-to-date symlink: /home/saber/robox_ws/install/moveit_core/include/moveit_core/moveit/collision_detection/occupancy_map.hpp
[3.581s] -- Up-to-date symlink: /home/saber/robox_ws/install/moveit_core/include/moveit_core/moveit/collision_detection/test_collision_common_panda.h
[3.581s] -- Up-to-date symlink: /home/saber/robox_ws/install/moveit_core/include/moveit_core/moveit/collision_detection/test_collision_common_panda.hpp
[3.581s] -- Up-to-date symlink: /home/saber/robox_ws/install/moveit_core/include/moveit_core/moveit/collision_detection/test_collision_common_pr2.h
[3.581s] -- Up-to-date symlink: /home/saber/robox_ws/install/moveit_core/include/moveit_core/moveit/collision_detection/test_collision_common_pr2.hpp
[3.582s] -- Up-to-date symlink: /home/saber/robox_ws/install/moveit_core/include/moveit_core/moveit/collision_detection/world.h
[3.582s] -- Up-to-date symlink: /home/saber/robox_ws/install/moveit_core/include/moveit_core/moveit/collision_detection/world.hpp
[3.582s] -- Up-to-date symlink: /home/saber/robox_ws/install/moveit_core/include/moveit_core/moveit/collision_detection/world_diff.h
[3.582s] -- Up-to-date symlink: /home/saber/robox_ws/install/moveit_core/include/moveit_core/moveit/collision_detection/world_diff.hpp
[3.582s] -- Up-to-date symlink: /home/saber/robox_ws/install/moveit_core/include/moveit_core/moveit_collision_detection_export.h
[3.582s] -- Up-to-date symlink: /home/saber/robox_ws/install/moveit_core/include/moveit_core/moveit/collision_distance_field/collision_common_distance_field.h
[3.583s] -- Up-to-date symlink: /home/saber/robox_ws/install/moveit_core/include/moveit_core/moveit/collision_distance_field/collision_common_distance_field.hpp
[3.583s] -- Up-to-date symlink: /home/saber/robox_ws/install/moveit_core/include/moveit_core/moveit/collision_distance_field/collision_detector_allocator_distance_field.h
[3.583s] -- Up-to-date symlink: /home/saber/robox_ws/install/moveit_core/include/moveit_core/moveit/collision_distance_field/collision_detector_allocator_distance_field.hpp
[3.583s] -- Up-to-date symlink: /home/saber/robox_ws/install/moveit_core/include/moveit_core/moveit/collision_distance_field/collision_detector_allocator_hybrid.h
[3.583s] -- Up-to-date symlink: /home/saber/robox_ws/install/moveit_core/include/moveit_core/moveit/collision_distance_field/collision_detector_allocator_hybrid.hpp
[3.583s] -- Up-to-date symlink: /home/saber/robox_ws/install/moveit_core/include/moveit_core/moveit/collision_distance_field/collision_distance_field_types.h
[3.583s] -- Up-to-date symlink: /home/saber/robox_ws/install/moveit_core/include/moveit_core/moveit/collision_distance_field/collision_distance_field_types.hpp
[3.583s] -- Up-to-date symlink: /home/saber/robox_ws/install/moveit_core/include/moveit_core/moveit/collision_distance_field/collision_env_distance_field.h
[3.583s] -- Up-to-date symlink: /home/saber/robox_ws/install/moveit_core/include/moveit_core/moveit/collision_distance_field/collision_env_distance_field.hpp
[3.583s] -- Up-to-date symlink: /home/saber/robox_ws/install/moveit_core/include/moveit_core/moveit/collision_distance_field/collision_env_hybrid.h
[3.584s] -- Up-to-date symlink: /home/saber/robox_ws/install/moveit_core/include/moveit_core/moveit/collision_distance_field/collision_env_hybrid.hpp
[3.584s] -- Up-to-date symlink: /home/saber/robox_ws/install/moveit_core/include/moveit_core/moveit_collision_distance_field_export.h
[3.584s] -- Up-to-date symlink: /home/saber/robox_ws/install/moveit_core/include/moveit_core/moveit/constraint_samplers/constraint_sampler.h
[3.584s] -- Up-to-date symlink: /home/saber/robox_ws/install/moveit_core/include/moveit_core/moveit/constraint_samplers/constraint_sampler.hpp
[3.584s] -- Up-to-date symlink: /home/saber/robox_ws/install/moveit_core/include/moveit_core/moveit/constraint_samplers/constraint_sampler_allocator.h
[3.584s] -- Up-to-date symlink: /home/saber/robox_ws/install/moveit_core/include/moveit_core/moveit/constraint_samplers/constraint_sampler_allocator.hpp
[3.585s] -- Up-to-date symlink: /home/saber/robox_ws/install/moveit_core/include/moveit_core/moveit/constraint_samplers/constraint_sampler_manager.h
[3.585s] -- Up-to-date symlink: /home/saber/robox_ws/install/moveit_core/include/moveit_core/moveit/constraint_samplers/constraint_sampler_manager.hpp
[3.585s] -- Up-to-date symlink: /home/saber/robox_ws/install/moveit_core/include/moveit_core/moveit/constraint_samplers/constraint_sampler_tools.h
[3.585s] -- Up-to-date symlink: /home/saber/robox_ws/install/moveit_core/include/moveit_core/moveit/constraint_samplers/constraint_sampler_tools.hpp
[3.585s] -- Up-to-date symlink: /home/saber/robox_ws/install/moveit_core/include/moveit_core/moveit/constraint_samplers/default_constraint_samplers.h
[3.585s] -- Up-to-date symlink: /home/saber/robox_ws/install/moveit_core/include/moveit_core/moveit/constraint_samplers/default_constraint_samplers.hpp
[3.585s] -- Up-to-date symlink: /home/saber/robox_ws/install/moveit_core/include/moveit_core/moveit/constraint_samplers/union_constraint_sampler.h
[3.585s] -- Up-to-date symlink: /home/saber/robox_ws/install/moveit_core/include/moveit_core/moveit/constraint_samplers/union_constraint_sampler.hpp
[3.585s] -- Up-to-date symlink: /home/saber/robox_ws/install/moveit_core/include/moveit_core/moveit/controller_manager/controller_manager.h
[3.586s] -- Up-to-date symlink: /home/saber/robox_ws/install/moveit_core/include/moveit_core/moveit/controller_manager/controller_manager.hpp
[3.586s] -- Up-to-date symlink: /home/saber/robox_ws/install/moveit_core/include/moveit_core/moveit/distance_field/distance_field.h
[3.586s] -- Up-to-date symlink: /home/saber/robox_ws/install/moveit_core/include/moveit_core/moveit/distance_field/distance_field.hpp
[3.586s] -- Up-to-date symlink: /home/saber/robox_ws/install/moveit_core/include/moveit_core/moveit/distance_field/find_internal_points.h
[3.586s] -- Up-to-date symlink: /home/saber/robox_ws/install/moveit_core/include/moveit_core/moveit/distance_field/find_internal_points.hpp
[3.586s] -- Up-to-date symlink: /home/saber/robox_ws/install/moveit_core/include/moveit_core/moveit/distance_field/propagation_distance_field.h
[3.586s] -- Up-to-date symlink: /home/saber/robox_ws/install/moveit_core/include/moveit_core/moveit/distance_field/propagation_distance_field.hpp
[3.586s] -- Up-to-date symlink: /home/saber/robox_ws/install/moveit_core/include/moveit_core/moveit/distance_field/voxel_grid.h
[3.587s] -- Up-to-date symlink: /home/saber/robox_ws/install/moveit_core/include/moveit_core/moveit/distance_field/voxel_grid.hpp
[3.587s] -- Up-to-date symlink: /home/saber/robox_ws/install/moveit_core/include/moveit_core/moveit/dynamics_solver/dynamics_solver.h
[3.587s] -- Up-to-date symlink: /home/saber/robox_ws/install/moveit_core/include/moveit_core/moveit/dynamics_solver/dynamics_solver.hpp
[3.587s] -- Up-to-date symlink: /home/saber/robox_ws/install/moveit_core/include/moveit_core/moveit/exceptions/exceptions.h
[3.587s] -- Up-to-date symlink: /home/saber/robox_ws/install/moveit_core/include/moveit_core/moveit/exceptions/exceptions.hpp
[3.588s] -- Up-to-date symlink: /home/saber/robox_ws/install/moveit_core/include/moveit_core/moveit/kinematic_constraints/kinematic_constraint.h
[3.588s] -- Up-to-date symlink: /home/saber/robox_ws/install/moveit_core/include/moveit_core/moveit/kinematic_constraints/kinematic_constraint.hpp
[3.588s] -- Up-to-date symlink: /home/saber/robox_ws/install/moveit_core/include/moveit_core/moveit/kinematic_constraints/utils.h
[3.588s] -- Up-to-date symlink: /home/saber/robox_ws/install/moveit_core/include/moveit_core/moveit/kinematic_constraints/utils.hpp
[3.588s] -- Up-to-date symlink: /home/saber/robox_ws/install/moveit_core/include/moveit_core/moveit/kinematics_base/kinematics_base.h
[3.588s] -- Up-to-date symlink: /home/saber/robox_ws/install/moveit_core/include/moveit_core/moveit/kinematics_base/kinematics_base.hpp
[3.588s] -- Up-to-date symlink: /home/saber/robox_ws/install/moveit_core/include/moveit_core/moveit_kinematics_base_export.h
[3.589s] -- Up-to-date symlink: /home/saber/robox_ws/install/moveit_core/include/moveit_core/moveit/kinematics_metrics/kinematics_metrics.h
[3.589s] -- Up-to-date symlink: /home/saber/robox_ws/install/moveit_core/include/moveit_core/moveit/kinematics_metrics/kinematics_metrics.hpp
[3.589s] -- Up-to-date symlink: /home/saber/robox_ws/install/moveit_core/include/moveit_core/moveit/macros/class_forward.h
[3.589s] -- Up-to-date symlink: /home/saber/robox_ws/install/moveit_core/include/moveit_core/moveit/macros/class_forward.hpp
[3.589s] -- Up-to-date symlink: /home/saber/robox_ws/install/moveit_core/include/moveit_core/moveit/macros/console_colors.h
[3.589s] -- Up-to-date symlink: /home/saber/robox_ws/install/moveit_core/include/moveit_core/moveit/macros/console_colors.hpp
[3.589s] -- Up-to-date symlink: /home/saber/robox_ws/install/moveit_core/include/moveit_core/moveit/macros/declare_ptr.h
[3.590s] -- Up-to-date symlink: /home/saber/robox_ws/install/moveit_core/include/moveit_core/moveit/macros/declare_ptr.hpp
[3.590s] -- Up-to-date symlink: /home/saber/robox_ws/install/moveit_core/include/moveit_core/moveit_acceleration_filter_parameters.hpp
[3.590s] -- Up-to-date symlink: /home/saber/robox_ws/install/moveit_core/include/moveit_core/moveit_butterworth_filter_parameters.hpp
[3.590s] -- Up-to-date symlink: /home/saber/robox_ws/install/moveit_core/include/moveit_core/moveit_ruckig_filter_parameters.hpp
[3.590s] -- Up-to-date symlink: /home/saber/robox_ws/install/moveit_core/include/moveit_core/moveit_acceleration_filter_parameters.hpp
[3.590s] -- Up-to-date symlink: /home/saber/robox_ws/install/moveit_core/include/moveit_core/moveit_butterworth_filter_parameters.hpp
[3.590s] -- Up-to-date symlink: /home/saber/robox_ws/install/moveit_core/include/moveit_core/moveit_ruckig_filter_parameters.hpp
[3.591s] -- Up-to-date symlink: /home/saber/robox_ws/install/moveit_core/include/moveit_core/moveit_acceleration_filter_parameters.hpp
[3.591s] -- Up-to-date symlink: /home/saber/robox_ws/install/moveit_core/include/moveit_core/moveit_butterworth_filter_parameters.hpp
[3.591s] -- Up-to-date symlink: /home/saber/robox_ws/install/moveit_core/include/moveit_core/moveit_ruckig_filter_parameters.hpp
[3.591s] -- Up-to-date symlink: /home/saber/robox_ws/install/moveit_core/include/moveit_core/moveit/online_signal_smoothing/acceleration_filter.h
[3.591s] -- Up-to-date symlink: /home/saber/robox_ws/install/moveit_core/include/moveit_core/moveit/online_signal_smoothing/acceleration_filter.hpp
[3.591s] -- Up-to-date symlink: /home/saber/robox_ws/install/moveit_core/include/moveit_core/moveit/online_signal_smoothing/butterworth_filter.h
[3.591s] -- Up-to-date symlink: /home/saber/robox_ws/install/moveit_core/include/moveit_core/moveit/online_signal_smoothing/butterworth_filter.hpp
[3.592s] -- Up-to-date symlink: /home/saber/robox_ws/install/moveit_core/include/moveit_core/moveit/online_signal_smoothing/ruckig_filter.h
[3.592s] -- Up-to-date symlink: /home/saber/robox_ws/install/moveit_core/include/moveit_core/moveit/online_signal_smoothing/ruckig_filter.hpp
[3.592s] -- Up-to-date symlink: /home/saber/robox_ws/install/moveit_core/include/moveit_core/moveit/online_signal_smoothing/smoothing_base_class.h
[3.592s] -- Up-to-date symlink: /home/saber/robox_ws/install/moveit_core/include/moveit_core/moveit/online_signal_smoothing/smoothing_base_class.hpp
[3.592s] -- Up-to-date symlink: /home/saber/robox_ws/install/moveit_core/include/moveit_core/moveit_smoothing_base_export.h
[3.592s] -- Up-to-date symlink: /home/saber/robox_ws/install/moveit_core/include/moveit_core/moveit_acceleration_filter_export.h
[3.592s] -- Up-to-date symlink: /home/saber/robox_ws/install/moveit_core/include/moveit_core/moveit_butterworth_filter_export.h
[3.592s] -- Up-to-date symlink: /home/saber/robox_ws/install/moveit_core/include/moveit_core/moveit_ruckig_filter_export.h
[3.593s] -- Up-to-date symlink: /home/saber/robox_ws/install/moveit_core/include/moveit_core/moveit/planning_interface/planning_interface.h
[3.593s] -- Up-to-date symlink: /home/saber/robox_ws/install/moveit_core/include/moveit_core/moveit/planning_interface/planning_interface.hpp
[3.593s] -- Up-to-date symlink: /home/saber/robox_ws/install/moveit_core/include/moveit_core/moveit/planning_interface/planning_request.h
[3.593s] -- Up-to-date symlink: /home/saber/robox_ws/install/moveit_core/include/moveit_core/moveit/planning_interface/planning_request.hpp
[3.593s] -- Up-to-date symlink: /home/saber/robox_ws/install/moveit_core/include/moveit_core/moveit/planning_interface/planning_request_adapter.h
[3.593s] -- Up-to-date symlink: /home/saber/robox_ws/install/moveit_core/include/moveit_core/moveit/planning_interface/planning_request_adapter.hpp
[3.593s] -- Up-to-date symlink: /home/saber/robox_ws/install/moveit_core/include/moveit_core/moveit/planning_interface/planning_response.h
[3.593s] -- Up-to-date symlink: /home/saber/robox_ws/install/moveit_core/include/moveit_core/moveit/planning_interface/planning_response.hpp
[3.593s] -- Up-to-date symlink: /home/saber/robox_ws/install/moveit_core/include/moveit_core/moveit/planning_interface/planning_response_adapter.h
[3.594s] -- Up-to-date symlink: /home/saber/robox_ws/install/moveit_core/include/moveit_core/moveit/planning_interface/planning_response_adapter.hpp
[3.594s] -- Up-to-date symlink: /home/saber/robox_ws/install/moveit_core/include/moveit_core/moveit/planning_scene/planning_scene.h
[3.594s] -- Up-to-date symlink: /home/saber/robox_ws/install/moveit_core/include/moveit_core/moveit/planning_scene/planning_scene.hpp
[3.594s] -- Up-to-date symlink: /home/saber/robox_ws/install/moveit_core/include/moveit_core/moveit_planning_scene_export.h
[3.595s] -- Up-to-date symlink: /home/saber/robox_ws/install/moveit_core/include/moveit_core/moveit/robot_model/aabb.h
[3.595s] -- Up-to-date symlink: /home/saber/robox_ws/install/moveit_core/include/moveit_core/moveit/robot_model/aabb.hpp
[3.595s] -- Up-to-date symlink: /home/saber/robox_ws/install/moveit_core/include/moveit_core/moveit/robot_model/fixed_joint_model.h
[3.595s] -- Up-to-date symlink: /home/saber/robox_ws/install/moveit_core/include/moveit_core/moveit/robot_model/fixed_joint_model.hpp
[3.595s] -- Up-to-date symlink: /home/saber/robox_ws/install/moveit_core/include/moveit_core/moveit/robot_model/floating_joint_model.h
[3.595s] -- Up-to-date symlink: /home/saber/robox_ws/install/moveit_core/include/moveit_core/moveit/robot_model/floating_joint_model.hpp
[3.595s] -- Up-to-date symlink: /home/saber/robox_ws/install/moveit_core/include/moveit_core/moveit/robot_model/joint_model.h
[3.595s] -- Up-to-date symlink: /home/saber/robox_ws/install/moveit_core/include/moveit_core/moveit/robot_model/joint_model.hpp
[3.595s] -- Up-to-date symlink: /home/saber/robox_ws/install/moveit_core/include/moveit_core/moveit/robot_model/joint_model_group.h
[3.595s] -- Up-to-date symlink: /home/saber/robox_ws/install/moveit_core/include/moveit_core/moveit/robot_model/joint_model_group.hpp
[3.596s] -- Up-to-date symlink: /home/saber/robox_ws/install/moveit_core/include/moveit_core/moveit/robot_model/link_model.h
[3.596s] -- Up-to-date symlink: /home/saber/robox_ws/install/moveit_core/include/moveit_core/moveit/robot_model/link_model.hpp
[3.596s] -- Up-to-date symlink: /home/saber/robox_ws/install/moveit_core/include/moveit_core/moveit/robot_model/planar_joint_model.h
[3.596s] -- Up-to-date symlink: /home/saber/robox_ws/install/moveit_core/include/moveit_core/moveit/robot_model/planar_joint_model.hpp
[3.596s] -- Up-to-date symlink: /home/saber/robox_ws/install/moveit_core/include/moveit_core/moveit/robot_model/prismatic_joint_model.h
[3.596s] -- Up-to-date symlink: /home/saber/robox_ws/install/moveit_core/include/moveit_core/moveit/robot_model/prismatic_joint_model.hpp
[3.596s] -- Up-to-date symlink: /home/saber/robox_ws/install/moveit_core/include/moveit_core/moveit/robot_model/revolute_joint_model.h
[3.596s] -- Up-to-date symlink: /home/saber/robox_ws/install/moveit_core/include/moveit_core/moveit/robot_model/revolute_joint_model.hpp
[3.596s] -- Up-to-date symlink: /home/saber/robox_ws/install/moveit_core/include/moveit_core/moveit/robot_model/robot_model.h
[3.597s] -- Up-to-date symlink: /home/saber/robox_ws/install/moveit_core/include/moveit_core/moveit/robot_model/robot_model.hpp
[3.597s] -- Up-to-date symlink: /home/saber/robox_ws/install/moveit_core/include/moveit_core/moveit/robot_state/attached_body.h
[3.597s] -- Up-to-date symlink: /home/saber/robox_ws/install/moveit_core/include/moveit_core/moveit/robot_state/attached_body.hpp
[3.597s] -- Up-to-date symlink: /home/saber/robox_ws/install/moveit_core/include/moveit_core/moveit/robot_state/cartesian_interpolator.h
[3.597s] -- Up-to-date symlink: /home/saber/robox_ws/install/moveit_core/include/moveit_core/moveit/robot_state/cartesian_interpolator.hpp
[3.597s] -- Up-to-date symlink: /home/saber/robox_ws/install/moveit_core/include/moveit_core/moveit/robot_state/conversions.h
[3.597s] -- Up-to-date symlink: /home/saber/robox_ws/install/moveit_core/include/moveit_core/moveit/robot_state/conversions.hpp
[3.597s] -- Up-to-date symlink: /home/saber/robox_ws/install/moveit_core/include/moveit_core/moveit/robot_state/robot_state.h
[3.598s] -- Up-to-date symlink: /home/saber/robox_ws/install/moveit_core/include/moveit_core/moveit/robot_state/robot_state.hpp
[3.598s] -- Up-to-date symlink: /home/saber/robox_ws/install/moveit_core/include/moveit_core/moveit/robot_trajectory/robot_trajectory.h
[3.598s] -- Up-to-date symlink: /home/saber/robox_ws/install/moveit_core/include/moveit_core/moveit/robot_trajectory/robot_trajectory.hpp
[3.598s] -- Up-to-date symlink: /home/saber/robox_ws/install/moveit_core/include/moveit_core/moveit/trajectory_processing/ruckig_traj_smoothing.h
[3.598s] -- Up-to-date symlink: /home/saber/robox_ws/install/moveit_core/include/moveit_core/moveit/trajectory_processing/ruckig_traj_smoothing.hpp
[3.598s] -- Up-to-date symlink: /home/saber/robox_ws/install/moveit_core/include/moveit_core/moveit/trajectory_processing/time_optimal_trajectory_generation.h
[3.599s] -- Up-to-date symlink: /home/saber/robox_ws/install/moveit_core/include/moveit_core/moveit/trajectory_processing/time_optimal_trajectory_generation.hpp
[3.599s] -- Up-to-date symlink: /home/saber/robox_ws/install/moveit_core/include/moveit_core/moveit/trajectory_processing/time_parameterization.h
[3.599s] -- Up-to-date symlink: /home/saber/robox_ws/install/moveit_core/include/moveit_core/moveit/trajectory_processing/time_parameterization.hpp
[3.599s] -- Up-to-date symlink: /home/saber/robox_ws/install/moveit_core/include/moveit_core/moveit/trajectory_processing/trajectory_tools.h
[3.599s] -- Up-to-date symlink: /home/saber/robox_ws/install/moveit_core/include/moveit_core/moveit/trajectory_processing/trajectory_tools.hpp
[3.599s] -- Up-to-date symlink: /home/saber/robox_ws/install/moveit_core/include/moveit_core/moveit/transforms/transforms.h
[3.599s] -- Up-to-date symlink: /home/saber/robox_ws/install/moveit_core/include/moveit_core/moveit/transforms/transforms.hpp
[3.600s] -- Up-to-date symlink: /home/saber/robox_ws/install/moveit_core/include/moveit_core/moveit/utils/eigen_test_utils.h
[3.600s] -- Up-to-date symlink: /home/saber/robox_ws/install/moveit_core/include/moveit_core/moveit/utils/eigen_test_utils.hpp
[3.600s] -- Up-to-date symlink: /home/saber/robox_ws/install/moveit_core/include/moveit_core/moveit/utils/lexical_casts.h
[3.600s] -- Up-to-date symlink: /home/saber/robox_ws/install/moveit_core/include/moveit_core/moveit/utils/lexical_casts.hpp
[3.600s] -- Up-to-date symlink: /home/saber/robox_ws/install/moveit_core/include/moveit_core/moveit/utils/logger.h
[3.600s] -- Up-to-date symlink: /home/saber/robox_ws/install/moveit_core/include/moveit_core/moveit/utils/logger.hpp
[3.600s] -- Up-to-date symlink: /home/saber/robox_ws/install/moveit_core/include/moveit_core/moveit/utils/message_checks.h
[3.600s] -- Up-to-date symlink: /home/saber/robox_ws/install/moveit_core/include/moveit_core/moveit/utils/message_checks.hpp
[3.600s] -- Up-to-date symlink: /home/saber/robox_ws/install/moveit_core/include/moveit_core/moveit/utils/moveit_error_code.h
[3.601s] -- Up-to-date symlink: /home/saber/robox_ws/install/moveit_core/include/moveit_core/moveit/utils/moveit_error_code.hpp
[3.601s] -- Up-to-date symlink: /home/saber/robox_ws/install/moveit_core/include/moveit_core/moveit/utils/rclcpp_utils.h
[3.601s] -- Up-to-date symlink: /home/saber/robox_ws/install/moveit_core/include/moveit_core/moveit/utils/rclcpp_utils.hpp
[3.601s] -- Up-to-date symlink: /home/saber/robox_ws/install/moveit_core/include/moveit_core/moveit/utils/robot_model_test_utils.h
[3.601s] -- Up-to-date symlink: /home/saber/robox_ws/install/moveit_core/include/moveit_core/moveit/utils/robot_model_test_utils.hpp
[3.601s] -- Up-to-date symlink: /home/saber/robox_ws/install/moveit_core/lib/moveit_core/logger_dut
[3.601s] -- Up-to-date symlink: /home/saber/robox_ws/install/moveit_core/include/moveit_core/moveit/version.hpp
[3.602s] -- Up-to-date symlink: /home/saber/robox_ws/install/moveit_core/bin/moveit_version
[3.602s] -- Up-to-date symlink: /home/saber/robox_ws/install/moveit_core/share/moveit_core/environment/library_path.sh
[3.602s] -- Up-to-date symlink: /home/saber/robox_ws/install/moveit_core/share/moveit_core/environment/library_path.dsv
[3.602s] -- Up-to-date symlink: /home/saber/robox_ws/install/moveit_core/share/moveit_core//collision_detector_fcl_description.xml
[3.602s] -- Up-to-date symlink: /home/saber/robox_ws/install/moveit_core/share/moveit_core//collision_detector_bullet_description.xml
[3.602s] -- Up-to-date symlink: /home/saber/robox_ws/install/moveit_core/share/moveit_core//filter_plugin_acceleration.xml
[3.602s] -- Up-to-date symlink: /home/saber/robox_ws/install/moveit_core/share/moveit_core//filter_plugin_butterworth.xml
[3.602s] -- Up-to-date symlink: /home/saber/robox_ws/install/moveit_core/share/moveit_core//filter_plugin_ruckig.xml
[3.603s] -- Up-to-date symlink: /home/saber/robox_ws/install/moveit_core/share/ament_index/resource_index/package_run_dependencies/moveit_core
[3.603s] -- Up-to-date symlink: /home/saber/robox_ws/install/moveit_core/share/ament_index/resource_index/parent_prefix_path/moveit_core
[3.603s] -- Up-to-date symlink: /home/saber/robox_ws/install/moveit_core/share/moveit_core/environment/ament_prefix_path.sh
[3.603s] -- Up-to-date symlink: /home/saber/robox_ws/install/moveit_core/share/moveit_core/environment/ament_prefix_path.dsv
[3.603s] -- Up-to-date symlink: /home/saber/robox_ws/install/moveit_core/share/moveit_core/environment/path.sh
[3.603s] -- Up-to-date symlink: /home/saber/robox_ws/install/moveit_core/share/moveit_core/environment/path.dsv
[3.603s] -- Up-to-date symlink: /home/saber/robox_ws/install/moveit_core/share/moveit_core/local_setup.bash
[3.604s] -- Up-to-date symlink: /home/saber/robox_ws/install/moveit_core/share/moveit_core/local_setup.sh
[3.604s] -- Up-to-date symlink: /home/saber/robox_ws/install/moveit_core/share/moveit_core/local_setup.zsh
[3.604s] -- Up-to-date symlink: /home/saber/robox_ws/install/moveit_core/share/moveit_core/local_setup.dsv
[3.604s] -- Symlinking: /home/saber/robox_ws/install/moveit_core/share/moveit_core/package.dsv
[3.621s] -- Up-to-date symlink: /home/saber/robox_ws/install/moveit_core/share/ament_index/resource_index/packages/moveit_core
[3.621s] -- Up-to-date symlink: /home/saber/robox_ws/install/moveit_core/share/ament_index/resource_index/moveit_core__pluginlib__plugin/moveit_core
[3.621s] -- Up-to-date symlink: /home/saber/robox_ws/install/moveit_core/share/moveit_core/cmake/ConfigExtras.cmake
[3.621s] -- Up-to-date symlink: /home/saber/robox_ws/install/moveit_core/share/moveit_core/cmake/ament_cmake_export_targets-extras.cmake
[3.621s] -- Up-to-date symlink: /home/saber/robox_ws/install/moveit_core/share/moveit_core/cmake/ament_cmake_export_dependencies-extras.cmake
[3.621s] -- Up-to-date symlink: /home/saber/robox_ws/install/moveit_core/share/moveit_core/cmake/moveit_coreConfig.cmake
[3.622s] -- Up-to-date symlink: /home/saber/robox_ws/install/moveit_core/share/moveit_core/cmake/moveit_coreConfig-version.cmake
[3.622s] -- Up-to-date symlink: /home/saber/robox_ws/install/moveit_core/share/moveit_core/package.xml
[3.624s] -- Up-to-date: /home/saber/robox_ws/install/moveit_core/lib/libmoveit_collision_detection.so.2.12.3
[3.624s] -- Up-to-date: /home/saber/robox_ws/install/moveit_core/lib/libmoveit_collision_detection.so
[3.625s] -- Up-to-date: /home/saber/robox_ws/install/moveit_core/lib/libmoveit_collision_detection_bullet.so.2.12.3
[3.625s] -- Up-to-date: /home/saber/robox_ws/install/moveit_core/lib/libmoveit_collision_detection_bullet.so
[3.625s] -- Up-to-date: /home/saber/robox_ws/install/moveit_core/lib/libmoveit_collision_detection_fcl.so.2.12.3
[3.625s] -- Up-to-date: /home/saber/robox_ws/install/moveit_core/lib/libmoveit_collision_detection_fcl.so
[3.626s] -- Up-to-date: /home/saber/robox_ws/install/moveit_core/lib/libmoveit_collision_distance_field.so.2.12.3
[3.626s] -- Up-to-date: /home/saber/robox_ws/install/moveit_core/lib/libmoveit_collision_distance_field.so
[3.626s] -- Up-to-date: /home/saber/robox_ws/install/moveit_core/lib/libmoveit_constraint_samplers.so.2.12.3
[3.626s] -- Up-to-date: /home/saber/robox_ws/install/moveit_core/lib/libmoveit_constraint_samplers.so
[3.626s] -- Up-to-date: /home/saber/robox_ws/install/moveit_core/lib/libmoveit_distance_field.so.2.12.3
[3.627s] -- Up-to-date: /home/saber/robox_ws/install/moveit_core/lib/libmoveit_distance_field.so
[3.627s] -- Up-to-date: /home/saber/robox_ws/install/moveit_core/lib/libmoveit_dynamics_solver.so.2.12.3
[3.627s] -- Up-to-date: /home/saber/robox_ws/install/moveit_core/lib/libmoveit_dynamics_solver.so
[3.627s] -- Up-to-date: /home/saber/robox_ws/install/moveit_core/lib/libmoveit_exceptions.so.2.12.3
[3.627s] -- Up-to-date: /home/saber/robox_ws/install/moveit_core/lib/libmoveit_exceptions.so
[3.628s] -- Up-to-date: /home/saber/robox_ws/install/moveit_core/lib/libmoveit_kinematic_constraints.so.2.12.3
[3.628s] -- Up-to-date: /home/saber/robox_ws/install/moveit_core/lib/libmoveit_kinematic_constraints.so
[3.628s] -- Up-to-date: /home/saber/robox_ws/install/moveit_core/lib/libmoveit_kinematics_base.so
[3.629s] -- Up-to-date: /home/saber/robox_ws/install/moveit_core/lib/libmoveit_kinematics_metrics.so.2.12.3
[3.629s] -- Up-to-date: /home/saber/robox_ws/install/moveit_core/lib/libmoveit_kinematics_metrics.so
[3.629s] -- Up-to-date: /home/saber/robox_ws/install/moveit_core/lib/libmoveit_planning_interface.so.2.12.3
[3.630s] -- Up-to-date: /home/saber/robox_ws/install/moveit_core/lib/libmoveit_planning_interface.so
[3.630s] -- Up-to-date: /home/saber/robox_ws/install/moveit_core/lib/libmoveit_planning_scene.so.2.12.3
[3.630s] -- Up-to-date: /home/saber/robox_ws/install/moveit_core/lib/libmoveit_planning_scene.so
[3.631s] -- Up-to-date: /home/saber/robox_ws/install/moveit_core/lib/libmoveit_robot_model.so.2.12.3
[3.631s] -- Up-to-date: /home/saber/robox_ws/install/moveit_core/lib/libmoveit_robot_model.so
[3.631s] -- Up-to-date: /home/saber/robox_ws/install/moveit_core/lib/libmoveit_robot_state.so.2.12.3
[3.631s] -- Up-to-date: /home/saber/robox_ws/install/moveit_core/lib/libmoveit_robot_state.so
[3.631s] -- Up-to-date: /home/saber/robox_ws/install/moveit_core/lib/libmoveit_robot_trajectory.so.2.12.3
[3.632s] -- Up-to-date: /home/saber/robox_ws/install/moveit_core/lib/libmoveit_robot_trajectory.so
[3.632s] -- Up-to-date: /home/saber/robox_ws/install/moveit_core/lib/libmoveit_smoothing_base.so.2.12.3
[3.632s] -- Up-to-date: /home/saber/robox_ws/install/moveit_core/lib/libmoveit_smoothing_base.so
[3.632s] -- Up-to-date: /home/saber/robox_ws/install/moveit_core/lib/libmoveit_test_utils.so.2.12.3
[3.632s] -- Up-to-date: /home/saber/robox_ws/install/moveit_core/lib/libmoveit_test_utils.so
[3.633s] -- Up-to-date: /home/saber/robox_ws/install/moveit_core/lib/libmoveit_trajectory_processing.so.2.12.3
[3.633s] -- Up-to-date: /home/saber/robox_ws/install/moveit_core/lib/libmoveit_trajectory_processing.so
[3.633s] -- Up-to-date: /home/saber/robox_ws/install/moveit_core/lib/libmoveit_transforms.so.2.12.3
[3.633s] -- Up-to-date: /home/saber/robox_ws/install/moveit_core/lib/libmoveit_transforms.so
[3.633s] -- Up-to-date: /home/saber/robox_ws/install/moveit_core/lib/libmoveit_utils.so.2.12.3
[3.633s] -- Up-to-date: /home/saber/robox_ws/install/moveit_core/lib/libmoveit_utils.so
[3.634s] -- Up-to-date: /home/saber/robox_ws/install/moveit_core/lib/libcollision_detector_bullet_plugin.so.2.12.3
[3.634s] -- Up-to-date: /home/saber/robox_ws/install/moveit_core/lib/libcollision_detector_bullet_plugin.so
[3.635s] -- Up-to-date: /home/saber/robox_ws/install/moveit_core/lib/libcollision_detector_fcl_plugin.so.2.12.3
[3.635s] -- Up-to-date: /home/saber/robox_ws/install/moveit_core/lib/libcollision_detector_fcl_plugin.so
[3.636s] -- Up-to-date: /home/saber/robox_ws/install/moveit_core/lib/libmoveit_acceleration_filter.so.2.12.3
[3.636s] -- Up-to-date: /home/saber/robox_ws/install/moveit_core/lib/libmoveit_acceleration_filter.so
[3.637s] -- Up-to-date: /home/saber/robox_ws/install/moveit_core/lib/libmoveit_butterworth_filter.so.2.12.3
[3.637s] -- Up-to-date: /home/saber/robox_ws/install/moveit_core/lib/libmoveit_butterworth_filter.so
[3.638s] -- Up-to-date: /home/saber/robox_ws/install/moveit_core/lib/libmoveit_ruckig_filter.so.2.12.3
[3.638s] -- Up-to-date: /home/saber/robox_ws/install/moveit_core/lib/libmoveit_ruckig_filter.so
[3.638s] -- Up-to-date: /home/saber/robox_ws/install/moveit_core/share/moveit_core/cmake/moveit_coreTargetsExport.cmake
[3.638s] -- Up-to-date: /home/saber/robox_ws/install/moveit_core/share/moveit_core/cmake/moveit_coreTargetsExport-release.cmake
[3.640s] Invoked command in '/home/saber/robox_ws/build/moveit_core' returned '0': CMAKE_PREFIX_PATH=/home/saber/robox_ws/install/moveit_common:/home/saber/robox_ws/install/robotic_arm_moveit_config:/home/saber/robox_ws/install/pilz_industrial_motion_planner_testutils:/home/saber/robox_ws/install/moveit_runtime:/home/saber/robox_ws/install/moveit:/home/saber/robox_ws/install/moveit_planners:/home/saber/robox_ws/install/pilz_industrial_motion_planner:/home/saber/robox_ws/install/moveit_ros_control_interface:/home/saber/robox_ws/install/moveit_plugins:/home/saber/robox_ws/install/moveit_simple_controller_manager:/home/saber/robox_ws/install/moveit_setup_assistant:/home/saber/robox_ws/install/moveit_setup_srdf_plugins:/home/saber/robox_ws/install/moveit_setup_core_plugins:/home/saber/robox_ws/install/moveit_setup_controllers:/home/saber/robox_ws/install/moveit_setup_app_plugins:/home/saber/robox_ws/install/moveit_setup_framework:/home/saber/robox_ws/install/moveit_servo:/home/saber/robox_ws/install/moveit_ros_trajectory_cache:/home/saber/robox_ws/install/moveit_ros:/home/saber/robox_ws/install/arm_description:/home/saber/robox_ws/install/moveit_ros_visualization:/home/saber/robox_ws/install/moveit_py:/home/saber/robox_ws/install/moveit_hybrid_planning:/home/saber/robox_ws/install/moveit_ros_planning_interface:/home/saber/robox_ws/install/moveit_ros_benchmarks:/home/saber/robox_ws/install/moveit_ros_warehouse:/home/saber/robox_ws/install/moveit_ros_robot_interaction:/home/saber/robox_ws/install/moveit_ros_perception:/home/saber/robox_ws/install/moveit_resources_prbt_pg70_support:/home/saber/robox_ws/install/moveit_resources_prbt_moveit_config:/home/saber/robox_ws/install/moveit_ros_move_group:/home/saber/robox_ws/install/moveit_planners_ompl:/home/saber/robox_ws/install/moveit_kinematics:/home/saber/robox_ws/install/moveit_ros_planning:/home/saber/robox_ws/install/moveit_ros_occupancy_map_monitor:/home/saber/robox_ws/install/moveit_resources_prbt_support:/home/saber/robox_ws/install/moveit_resources_prbt_ikfast_manipulator_plugin:/home/saber/robox_ws/install/moveit_planners_stomp:/home/saber/robox_ws/install/moveit_planners_chomp:/home/saber/robox_ws/install/chomp_motion_planner:/home/saber/robox_ws/install/moveit_core:/home/saber/robox_ws/install/arm_moveit:/home/saber/arduinobot_ws/install/controller:/home/saber/arduinobot_ws/install/arm_description:/home/saber/arduinobot_ws/install/arduinobot_cpp_examples:/opt/ros/jazzy/opt/gz_sim_vendor:/opt/ros/jazzy/opt/gz_sensors_vendor:/opt/ros/jazzy/opt/gz_physics_vendor:/opt/ros/jazzy/opt/sdformat_vendor:/opt/ros/jazzy/opt/gz_gui_vendor:/opt/ros/jazzy/opt/gz_transport_vendor:/opt/ros/jazzy/opt/gz_rendering_vendor:/opt/ros/jazzy/opt/gz_plugin_vendor:/opt/ros/jazzy/opt/gz_fuel_tools_vendor:/opt/ros/jazzy/opt/gz_msgs_vendor:/opt/ros/jazzy/opt/gz_common_vendor:/opt/ros/jazzy/opt/gz_math_vendor:/opt/ros/jazzy/opt/gz_utils_vendor:/opt/ros/jazzy/opt/gz_tools_vendor:/opt/ros/jazzy/opt/gz_ogre_next_vendor:/opt/ros/jazzy/opt/gz_dartsim_vendor:/opt/ros/jazzy/opt/gz_cmake_vendor:/home/saber/robox_ws/install/arduinobot_py_examples:/home/saber/robox_ws/install/moveit_configs_utils:/home/saber/arduinobot_ws/install/arduinobot_py_examples:/opt/ros/jazzy DEBUGINFOD_URLS=https://debuginfod.ubuntu.com /usr/bin/cmake --install /home/saber/robox_ws/build/moveit_core
