[0.016s] Invoking command in '/home/saber/robox_ws/build/arm_description': CMAKE_PREFIX_PATH=${CMAKE_PREFIX_PATH}:/home/saber/robox_ws/install/arduinobot_py_examples:/home/saber/arduinobot_ws/install/arduinobot_py_examples:/opt/ros/jazzy DEBUGINFOD_URLS=https://debuginfod.ubuntu.com /usr/bin/cmake --build /home/saber/robox_ws/build/arm_description -- -j16 -l16
[0.029s] /usr/bin/cmake -S/home/saber/robox_ws/src/arm_description -B/home/saber/robox_ws/build/arm_description --check-build-system CMakeFiles/Makefile.cmake 0
[0.046s] /usr/bin/cmake -E cmake_progress_start /home/saber/robox_ws/build/arm_description/CMakeFiles /home/saber/robox_ws/build/arm_description//CMakeFiles/progress.marks
[0.055s] /usr/bin/gmake  -f CMakeFiles/Makefile2 all
[0.057s] gmake[1]: Entering directory '/home/saber/robox_ws/build/arm_description'
[0.057s] /usr/bin/gmake  -f CMakeFiles/arm_description__rosidl_generator_type_description.dir/build.make CMakeFiles/arm_description__rosidl_generator_type_description.dir/depend
[0.057s] /usr/bin/gmake  -f CMakeFiles/ament_cmake_python_copy_arm_description.dir/build.make CMakeFiles/ament_cmake_python_copy_arm_description.dir/depend
[0.058s] gmake[2]: Entering directory '/home/saber/robox_ws/build/arm_description'
[0.058s] cd /home/saber/robox_ws/build/arm_description && /usr/bin/cmake -E cmake_depends "Unix Makefiles" /home/saber/robox_ws/src/arm_description /home/saber/robox_ws/src/arm_description /home/saber/robox_ws/build/arm_description /home/saber/robox_ws/build/arm_description /home/saber/robox_ws/build/arm_description/CMakeFiles/arm_description__rosidl_generator_type_description.dir/DependInfo.cmake "--color="
[0.058s] gmake[2]: Entering directory '/home/saber/robox_ws/build/arm_description'
[0.058s] cd /home/saber/robox_ws/build/arm_description && /usr/bin/cmake -E cmake_depends "Unix Makefiles" /home/saber/robox_ws/src/arm_description /home/saber/robox_ws/src/arm_description /home/saber/robox_ws/build/arm_description /home/saber/robox_ws/build/arm_description /home/saber/robox_ws/build/arm_description/CMakeFiles/ament_cmake_python_copy_arm_description.dir/DependInfo.cmake "--color="
[0.069s] gmake[2]: Leaving directory '/home/saber/robox_ws/build/arm_description'
[0.069s] gmake[2]: Leaving directory '/home/saber/robox_ws/build/arm_description'
[0.069s] /usr/bin/gmake  -f CMakeFiles/ament_cmake_python_copy_arm_description.dir/build.make CMakeFiles/ament_cmake_python_copy_arm_description.dir/build
[0.069s] /usr/bin/gmake  -f CMakeFiles/arm_description__rosidl_generator_type_description.dir/build.make CMakeFiles/arm_description__rosidl_generator_type_description.dir/build
[0.070s] gmake[2]: Entering directory '/home/saber/robox_ws/build/arm_description'
[0.070s] /usr/bin/cmake -E copy_directory /home/saber/robox_ws/build/arm_description/rosidl_generator_py/arm_description /home/saber/robox_ws/build/arm_description/ament_cmake_python/arm_description/arm_description
[0.070s] gmake[2]: Entering directory '/home/saber/robox_ws/build/arm_description'
[0.070s] gmake[2]: Nothing to be done for 'CMakeFiles/arm_description__rosidl_generator_type_description.dir/build'.
[0.070s] gmake[2]: Leaving directory '/home/saber/robox_ws/build/arm_description'
[0.080s] [  2%] Built target arm_description__rosidl_generator_type_description
[0.081s] /usr/bin/gmake  -f CMakeFiles/arm_description__cpp.dir/build.make CMakeFiles/arm_description__cpp.dir/depend
[0.081s] /usr/bin/gmake  -f CMakeFiles/arm_description__rosidl_generator_c.dir/build.make CMakeFiles/arm_description__rosidl_generator_c.dir/depend
[0.082s] gmake[2]: Leaving directory '/home/saber/robox_ws/build/arm_description'
[0.082s] gmake[2]: Entering directory '/home/saber/robox_ws/build/arm_description'
[0.082s] cd /home/saber/robox_ws/build/arm_description && /usr/bin/cmake -E cmake_depends "Unix Makefiles" /home/saber/robox_ws/src/arm_description /home/saber/robox_ws/src/arm_description /home/saber/robox_ws/build/arm_description /home/saber/robox_ws/build/arm_description /home/saber/robox_ws/build/arm_description/CMakeFiles/arm_description__cpp.dir/DependInfo.cmake "--color="
[0.083s] gmake[2]: Entering directory '/home/saber/robox_ws/build/arm_description'
[0.083s] cd /home/saber/robox_ws/build/arm_description && /usr/bin/cmake -E cmake_depends "Unix Makefiles" /home/saber/robox_ws/src/arm_description /home/saber/robox_ws/src/arm_description /home/saber/robox_ws/build/arm_description /home/saber/robox_ws/build/arm_description /home/saber/robox_ws/build/arm_description/CMakeFiles/arm_description__rosidl_generator_c.dir/DependInfo.cmake "--color="
[0.092s] [  2%] Built target ament_cmake_python_copy_arm_description
[0.094s] /usr/bin/gmake  -f CMakeFiles/ament_cmake_python_build_arm_description_egg.dir/build.make CMakeFiles/ament_cmake_python_build_arm_description_egg.dir/depend
[0.094s] gmake[2]: Leaving directory '/home/saber/robox_ws/build/arm_description'
[0.094s] gmake[2]: Leaving directory '/home/saber/robox_ws/build/arm_description'
[0.094s] /usr/bin/gmake  -f CMakeFiles/arm_description__cpp.dir/build.make CMakeFiles/arm_description__cpp.dir/build
[0.094s] /usr/bin/gmake  -f CMakeFiles/arm_description__rosidl_generator_c.dir/build.make CMakeFiles/arm_description__rosidl_generator_c.dir/build
[0.095s] gmake[2]: Entering directory '/home/saber/robox_ws/build/arm_description'
[0.095s] cd /home/saber/robox_ws/build/arm_description && /usr/bin/cmake -E cmake_depends "Unix Makefiles" /home/saber/robox_ws/src/arm_description /home/saber/robox_ws/src/arm_description /home/saber/robox_ws/build/arm_description /home/saber/robox_ws/build/arm_description /home/saber/robox_ws/build/arm_description/CMakeFiles/ament_cmake_python_build_arm_description_egg.dir/DependInfo.cmake "--color="
[0.095s] gmake[2]: Entering directory '/home/saber/robox_ws/build/arm_description'
[0.095s] gmake[2]: Nothing to be done for 'CMakeFiles/arm_description__cpp.dir/build'.
[0.095s] gmake[2]: Leaving directory '/home/saber/robox_ws/build/arm_description'
[0.096s] gmake[2]: Entering directory '/home/saber/robox_ws/build/arm_description'
[0.097s] gmake[2]: Nothing to be done for 'CMakeFiles/arm_description__rosidl_generator_c.dir/build'.
[0.097s] gmake[2]: Leaving directory '/home/saber/robox_ws/build/arm_description'
[0.106s] [  8%] Built target arm_description__cpp
[0.106s] [ 19%] Built target arm_description__rosidl_generator_c
[0.107s] gmake[2]: Leaving directory '/home/saber/robox_ws/build/arm_description'
[0.107s] /usr/bin/gmake  -f CMakeFiles/arm_description__rosidl_typesupport_fastrtps_c.dir/build.make CMakeFiles/arm_description__rosidl_typesupport_fastrtps_c.dir/depend
[0.108s] /usr/bin/gmake  -f CMakeFiles/ament_cmake_python_build_arm_description_egg.dir/build.make CMakeFiles/ament_cmake_python_build_arm_description_egg.dir/build
[0.108s] /usr/bin/gmake  -f CMakeFiles/arm_description__rosidl_typesupport_fastrtps_cpp.dir/build.make CMakeFiles/arm_description__rosidl_typesupport_fastrtps_cpp.dir/depend
[0.108s] /usr/bin/gmake  -f CMakeFiles/arm_description__rosidl_typesupport_introspection_c.dir/build.make CMakeFiles/arm_description__rosidl_typesupport_introspection_c.dir/depend
[0.108s] /usr/bin/gmake  -f CMakeFiles/arm_description__rosidl_typesupport_c.dir/build.make CMakeFiles/arm_description__rosidl_typesupport_c.dir/depend
[0.108s] /usr/bin/gmake  -f CMakeFiles/arm_description__rosidl_typesupport_introspection_cpp.dir/build.make CMakeFiles/arm_description__rosidl_typesupport_introspection_cpp.dir/depend
[0.109s] gmake[2]: Entering directory '/home/saber/robox_ws/build/arm_description'
[0.109s] cd /home/saber/robox_ws/build/arm_description/ament_cmake_python/arm_description && /usr/bin/python3 setup.py egg_info
[0.110s] gmake[2]: Entering directory '/home/saber/robox_ws/build/arm_description'
[0.110s] cd /home/saber/robox_ws/build/arm_description && /usr/bin/cmake -E cmake_depends "Unix Makefiles" /home/saber/robox_ws/src/arm_description /home/saber/robox_ws/src/arm_description /home/saber/robox_ws/build/arm_description /home/saber/robox_ws/build/arm_description /home/saber/robox_ws/build/arm_description/CMakeFiles/arm_description__rosidl_typesupport_fastrtps_c.dir/DependInfo.cmake "--color="
[0.111s] gmake[2]: Entering directory '/home/saber/robox_ws/build/arm_description'
[0.111s] cd /home/saber/robox_ws/build/arm_description && /usr/bin/cmake -E cmake_depends "Unix Makefiles" /home/saber/robox_ws/src/arm_description /home/saber/robox_ws/src/arm_description /home/saber/robox_ws/build/arm_description /home/saber/robox_ws/build/arm_description /home/saber/robox_ws/build/arm_description/CMakeFiles/arm_description__rosidl_typesupport_introspection_c.dir/DependInfo.cmake "--color="
[0.111s] gmake[2]: Entering directory '/home/saber/robox_ws/build/arm_description'
[0.111s] cd /home/saber/robox_ws/build/arm_description && /usr/bin/cmake -E cmake_depends "Unix Makefiles" /home/saber/robox_ws/src/arm_description /home/saber/robox_ws/src/arm_description /home/saber/robox_ws/build/arm_description /home/saber/robox_ws/build/arm_description /home/saber/robox_ws/build/arm_description/CMakeFiles/arm_description__rosidl_typesupport_c.dir/DependInfo.cmake "--color="
[0.111s] gmake[2]: Entering directory '/home/saber/robox_ws/build/arm_description'
[0.111s] cd /home/saber/robox_ws/build/arm_description && /usr/bin/cmake -E cmake_depends "Unix Makefiles" /home/saber/robox_ws/src/arm_description /home/saber/robox_ws/src/arm_description /home/saber/robox_ws/build/arm_description /home/saber/robox_ws/build/arm_description /home/saber/robox_ws/build/arm_description/CMakeFiles/arm_description__rosidl_typesupport_fastrtps_cpp.dir/DependInfo.cmake "--color="
[0.112s] gmake[2]: Entering directory '/home/saber/robox_ws/build/arm_description'
[0.112s] cd /home/saber/robox_ws/build/arm_description && /usr/bin/cmake -E cmake_depends "Unix Makefiles" /home/saber/robox_ws/src/arm_description /home/saber/robox_ws/src/arm_description /home/saber/robox_ws/build/arm_description /home/saber/robox_ws/build/arm_description /home/saber/robox_ws/build/arm_description/CMakeFiles/arm_description__rosidl_typesupport_introspection_cpp.dir/DependInfo.cmake "--color="
[0.123s] gmake[2]: Leaving directory '/home/saber/robox_ws/build/arm_description'
[0.123s] gmake[2]: Leaving directory '/home/saber/robox_ws/build/arm_description'
[0.123s] gmake[2]: Leaving directory '/home/saber/robox_ws/build/arm_description'
[0.123s] gmake[2]: Leaving directory '/home/saber/robox_ws/build/arm_description'
[0.123s] gmake[2]: Leaving directory '/home/saber/robox_ws/build/arm_description'
[0.123s] /usr/bin/gmake  -f CMakeFiles/arm_description__rosidl_typesupport_fastrtps_c.dir/build.make CMakeFiles/arm_description__rosidl_typesupport_fastrtps_c.dir/build
[0.123s] /usr/bin/gmake  -f CMakeFiles/arm_description__rosidl_typesupport_fastrtps_cpp.dir/build.make CMakeFiles/arm_description__rosidl_typesupport_fastrtps_cpp.dir/build
[0.123s] /usr/bin/gmake  -f CMakeFiles/arm_description__rosidl_typesupport_introspection_c.dir/build.make CMakeFiles/arm_description__rosidl_typesupport_introspection_c.dir/build
[0.123s] /usr/bin/gmake  -f CMakeFiles/arm_description__rosidl_typesupport_c.dir/build.make CMakeFiles/arm_description__rosidl_typesupport_c.dir/build
[0.123s] /usr/bin/gmake  -f CMakeFiles/arm_description__rosidl_typesupport_introspection_cpp.dir/build.make CMakeFiles/arm_description__rosidl_typesupport_introspection_cpp.dir/build
[0.125s] gmake[2]: Entering directory '/home/saber/robox_ws/build/arm_description'
[0.125s] gmake[2]: Nothing to be done for 'CMakeFiles/arm_description__rosidl_typesupport_introspection_c.dir/build'.
[0.125s] gmake[2]: Entering directory '/home/saber/robox_ws/build/arm_description'
[0.125s] gmake[2]: Leaving directory '/home/saber/robox_ws/build/arm_description'
[0.126s] gmake[2]: Nothing to be done for 'CMakeFiles/arm_description__rosidl_typesupport_c.dir/build'.
[0.126s] gmake[2]: Leaving directory '/home/saber/robox_ws/build/arm_description'
[0.126s] gmake[2]: Entering directory '/home/saber/robox_ws/build/arm_description'
[0.126s] gmake[2]: Nothing to be done for 'CMakeFiles/arm_description__rosidl_typesupport_fastrtps_c.dir/build'.
[0.126s] gmake[2]: Leaving directory '/home/saber/robox_ws/build/arm_description'
[0.126s] gmake[2]: Entering directory '/home/saber/robox_ws/build/arm_description'
[0.126s] gmake[2]: Nothing to be done for 'CMakeFiles/arm_description__rosidl_typesupport_fastrtps_cpp.dir/build'.
[0.126s] gmake[2]: Leaving directory '/home/saber/robox_ws/build/arm_description'
[0.126s] gmake[2]: Entering directory '/home/saber/robox_ws/build/arm_description'
[0.127s] gmake[2]: Nothing to be done for 'CMakeFiles/arm_description__rosidl_typesupport_introspection_cpp.dir/build'.
[0.127s] gmake[2]: Leaving directory '/home/saber/robox_ws/build/arm_description'
[0.137s] [ 52%] Built target arm_description__rosidl_typesupport_introspection_c
[0.137s] [ 52%] Built target arm_description__rosidl_typesupport_c
[0.137s] [ 61%] Built target arm_description__rosidl_typesupport_fastrtps_cpp
[0.137s] [ 61%] Built target arm_description__rosidl_typesupport_fastrtps_c
[0.137s] [ 61%] Built target arm_description__rosidl_typesupport_introspection_cpp
[0.138s] /usr/bin/gmake  -f CMakeFiles/arm_description__rosidl_typesupport_cpp.dir/build.make CMakeFiles/arm_description__rosidl_typesupport_cpp.dir/depend
[0.140s] gmake[2]: Entering directory '/home/saber/robox_ws/build/arm_description'
[0.140s] cd /home/saber/robox_ws/build/arm_description && /usr/bin/cmake -E cmake_depends "Unix Makefiles" /home/saber/robox_ws/src/arm_description /home/saber/robox_ws/src/arm_description /home/saber/robox_ws/build/arm_description /home/saber/robox_ws/build/arm_description /home/saber/robox_ws/build/arm_description/CMakeFiles/arm_description__rosidl_typesupport_cpp.dir/DependInfo.cmake "--color="
[0.152s] gmake[2]: Leaving directory '/home/saber/robox_ws/build/arm_description'
[0.152s] /usr/bin/gmake  -f CMakeFiles/arm_description__rosidl_typesupport_cpp.dir/build.make CMakeFiles/arm_description__rosidl_typesupport_cpp.dir/build
[0.154s] gmake[2]: Entering directory '/home/saber/robox_ws/build/arm_description'
[0.154s] gmake[2]: Nothing to be done for 'CMakeFiles/arm_description__rosidl_typesupport_cpp.dir/build'.
[0.155s] gmake[2]: Leaving directory '/home/saber/robox_ws/build/arm_description'
[0.165s] [ 69%] Built target arm_description__rosidl_typesupport_cpp
[0.166s] /usr/bin/gmake  -f CMakeFiles/arm_description.dir/build.make CMakeFiles/arm_description.dir/depend
[0.168s] gmake[2]: Entering directory '/home/saber/robox_ws/build/arm_description'
[0.168s] cd /home/saber/robox_ws/build/arm_description && /usr/bin/cmake -E cmake_depends "Unix Makefiles" /home/saber/robox_ws/src/arm_description /home/saber/robox_ws/src/arm_description /home/saber/robox_ws/build/arm_description /home/saber/robox_ws/build/arm_description /home/saber/robox_ws/build/arm_description/CMakeFiles/arm_description.dir/DependInfo.cmake "--color="
[0.180s] gmake[2]: Leaving directory '/home/saber/robox_ws/build/arm_description'
[0.180s] /usr/bin/gmake  -f CMakeFiles/arm_description.dir/build.make CMakeFiles/arm_description.dir/build
[0.181s] gmake[2]: Entering directory '/home/saber/robox_ws/build/arm_description'
[0.181s] gmake[2]: Nothing to be done for 'CMakeFiles/arm_description.dir/build'.
[0.182s] gmake[2]: Leaving directory '/home/saber/robox_ws/build/arm_description'
[0.191s] [ 69%] Built target arm_description
[0.193s] /usr/bin/gmake  -f /home/saber/robox_ws/build/arm_description/arm_description__py/CMakeFiles/arm_description__py.dir/build.make /home/saber/robox_ws/build/arm_description/arm_description__py/CMakeFiles/arm_description__py.dir/depend
[0.193s] /usr/bin/gmake  -f CMakeFiles/robot_arm_ik_node.dir/build.make CMakeFiles/robot_arm_ik_node.dir/depend
[0.194s] gmake[2]: Entering directory '/home/saber/robox_ws/build/arm_description'
[0.194s] cd /home/saber/robox_ws/build/arm_description && /usr/bin/cmake -E cmake_depends "Unix Makefiles" /home/saber/robox_ws/src/arm_description /home/saber/robox_ws/build/arm_description/arm_description__py /home/saber/robox_ws/build/arm_description /home/saber/robox_ws/build/arm_description/arm_description__py /home/saber/robox_ws/build/arm_description/arm_description__py/CMakeFiles/arm_description__py.dir/DependInfo.cmake "--color="
[0.199s] gmake[2]: Entering directory '/home/saber/robox_ws/build/arm_description'
[0.199s] cd /home/saber/robox_ws/build/arm_description && /usr/bin/cmake -E cmake_depends "Unix Makefiles" /home/saber/robox_ws/src/arm_description /home/saber/robox_ws/src/arm_description /home/saber/robox_ws/build/arm_description /home/saber/robox_ws/build/arm_description /home/saber/robox_ws/build/arm_description/CMakeFiles/robot_arm_ik_node.dir/DependInfo.cmake "--color="
[0.211s] gmake[2]: Leaving directory '/home/saber/robox_ws/build/arm_description'
[0.211s] /usr/bin/gmake  -f /home/saber/robox_ws/build/arm_description/arm_description__py/CMakeFiles/arm_description__py.dir/build.make /home/saber/robox_ws/build/arm_description/arm_description__py/CMakeFiles/arm_description__py.dir/build
[0.214s] gmake[2]: Entering directory '/home/saber/robox_ws/build/arm_description'
[0.214s] gmake[2]: Nothing to be done for '/home/saber/robox_ws/build/arm_description/arm_description__py/CMakeFiles/arm_description__py.dir/build'.
[0.214s] gmake[2]: Leaving directory '/home/saber/robox_ws/build/arm_description'
[0.217s] gmake[2]: Leaving directory '/home/saber/robox_ws/build/arm_description'
[0.217s] /usr/bin/gmake  -f CMakeFiles/robot_arm_ik_node.dir/build.make CMakeFiles/robot_arm_ik_node.dir/build
[0.229s] [ 72%] Built target arm_description__py
[0.230s] gmake[2]: Entering directory '/home/saber/robox_ws/build/arm_description'
[0.230s] gmake[2]: Nothing to be done for 'CMakeFiles/robot_arm_ik_node.dir/build'.
[0.230s] gmake[2]: Leaving directory '/home/saber/robox_ws/build/arm_description'
[0.232s] /usr/bin/gmake  -f CMakeFiles/arm_description__rosidl_generator_py.dir/build.make CMakeFiles/arm_description__rosidl_generator_py.dir/depend
[0.234s] gmake[2]: Entering directory '/home/saber/robox_ws/build/arm_description'
[0.234s] cd /home/saber/robox_ws/build/arm_description && /usr/bin/cmake -E cmake_depends "Unix Makefiles" /home/saber/robox_ws/src/arm_description /home/saber/robox_ws/src/arm_description /home/saber/robox_ws/build/arm_description /home/saber/robox_ws/build/arm_description /home/saber/robox_ws/build/arm_description/CMakeFiles/arm_description__rosidl_generator_py.dir/DependInfo.cmake "--color="
[0.248s] [ 77%] Built target robot_arm_ik_node
[0.250s] gmake[2]: Leaving directory '/home/saber/robox_ws/build/arm_description'
[0.250s] /usr/bin/gmake  -f CMakeFiles/arm_description__rosidl_generator_py.dir/build.make CMakeFiles/arm_description__rosidl_generator_py.dir/build
[0.254s] gmake[2]: Entering directory '/home/saber/robox_ws/build/arm_description'
[0.254s] gmake[2]: Nothing to be done for 'CMakeFiles/arm_description__rosidl_generator_py.dir/build'.
[0.254s] gmake[2]: Leaving directory '/home/saber/robox_ws/build/arm_description'
[0.271s] [ 83%] Built target arm_description__rosidl_generator_py
[0.273s] /usr/bin/gmake  -f CMakeFiles/arm_description_s__rosidl_typesupport_fastrtps_c.dir/build.make CMakeFiles/arm_description_s__rosidl_typesupport_fastrtps_c.dir/depend
[0.273s] /usr/bin/gmake  -f CMakeFiles/arm_description_s__rosidl_typesupport_introspection_c.dir/build.make CMakeFiles/arm_description_s__rosidl_typesupport_introspection_c.dir/depend
[0.274s] /usr/bin/gmake  -f CMakeFiles/arm_description_s__rosidl_typesupport_c.dir/build.make CMakeFiles/arm_description_s__rosidl_typesupport_c.dir/depend
[0.276s] gmake[2]: Entering directory '/home/saber/robox_ws/build/arm_description'
[0.276s] gmake[2]: Entering directory '/home/saber/robox_ws/build/arm_description'
[0.276s] cd /home/saber/robox_ws/build/arm_description && /usr/bin/cmake -E cmake_depends "Unix Makefiles" /home/saber/robox_ws/src/arm_description /home/saber/robox_ws/src/arm_description /home/saber/robox_ws/build/arm_description /home/saber/robox_ws/build/arm_description /home/saber/robox_ws/build/arm_description/CMakeFiles/arm_description_s__rosidl_typesupport_introspection_c.dir/DependInfo.cmake "--color="
[0.276s] cd /home/saber/robox_ws/build/arm_description && /usr/bin/cmake -E cmake_depends "Unix Makefiles" /home/saber/robox_ws/src/arm_description /home/saber/robox_ws/src/arm_description /home/saber/robox_ws/build/arm_description /home/saber/robox_ws/build/arm_description /home/saber/robox_ws/build/arm_description/CMakeFiles/arm_description_s__rosidl_typesupport_fastrtps_c.dir/DependInfo.cmake "--color="
[0.276s] gmake[2]: Entering directory '/home/saber/robox_ws/build/arm_description'
[0.276s] cd /home/saber/robox_ws/build/arm_description && /usr/bin/cmake -E cmake_depends "Unix Makefiles" /home/saber/robox_ws/src/arm_description /home/saber/robox_ws/src/arm_description /home/saber/robox_ws/build/arm_description /home/saber/robox_ws/build/arm_description /home/saber/robox_ws/build/arm_description/CMakeFiles/arm_description_s__rosidl_typesupport_c.dir/DependInfo.cmake "--color="
[0.291s] gmake[2]: Leaving directory '/home/saber/robox_ws/build/arm_description'
[0.291s] gmake[2]: Leaving directory '/home/saber/robox_ws/build/arm_description'
[0.291s] gmake[2]: Leaving directory '/home/saber/robox_ws/build/arm_description'
[0.291s] /usr/bin/gmake  -f CMakeFiles/arm_description_s__rosidl_typesupport_fastrtps_c.dir/build.make CMakeFiles/arm_description_s__rosidl_typesupport_fastrtps_c.dir/build
[0.291s] /usr/bin/gmake  -f CMakeFiles/arm_description_s__rosidl_typesupport_introspection_c.dir/build.make CMakeFiles/arm_description_s__rosidl_typesupport_introspection_c.dir/build
[0.291s] /usr/bin/gmake  -f CMakeFiles/arm_description_s__rosidl_typesupport_c.dir/build.make CMakeFiles/arm_description_s__rosidl_typesupport_c.dir/build
[0.294s] gmake[2]: Entering directory '/home/saber/robox_ws/build/arm_description'
[0.294s] gmake[2]: Nothing to be done for 'CMakeFiles/arm_description_s__rosidl_typesupport_c.dir/build'.
[0.294s] gmake[2]: Entering directory '/home/saber/robox_ws/build/arm_description'
[0.294s] gmake[2]: Entering directory '/home/saber/robox_ws/build/arm_description'
[0.294s] gmake[2]: Nothing to be done for 'CMakeFiles/arm_description_s__rosidl_typesupport_introspection_c.dir/build'.
[0.294s] gmake[2]: Leaving directory '/home/saber/robox_ws/build/arm_description'
[0.294s] gmake[2]: Nothing to be done for 'CMakeFiles/arm_description_s__rosidl_typesupport_fastrtps_c.dir/build'.
[0.294s] gmake[2]: Leaving directory '/home/saber/robox_ws/build/arm_description'
[0.294s] gmake[2]: Leaving directory '/home/saber/robox_ws/build/arm_description'
[0.305s] [100%] Built target arm_description_s__rosidl_typesupport_fastrtps_c
[0.305s] [100%] Built target arm_description_s__rosidl_typesupport_introspection_c
[0.306s] [100%] Built target arm_description_s__rosidl_typesupport_c
[0.319s] running egg_info
[0.339s] writing arm_description.egg-info/PKG-INFO
[0.339s] writing dependency_links to arm_description.egg-info/dependency_links.txt
[0.339s] writing top-level names to arm_description.egg-info/top_level.txt
[0.400s] reading manifest file 'arm_description.egg-info/SOURCES.txt'
[0.400s] writing manifest file 'arm_description.egg-info/SOURCES.txt'
[0.424s] gmake[2]: Leaving directory '/home/saber/robox_ws/build/arm_description'
[0.434s] [100%] Built target ament_cmake_python_build_arm_description_egg
[0.435s] gmake[1]: Leaving directory '/home/saber/robox_ws/build/arm_description'
[0.435s] /usr/bin/cmake -E cmake_progress_start /home/saber/robox_ws/build/arm_description/CMakeFiles 0
[0.448s] Invoked command in '/home/saber/robox_ws/build/arm_description' returned '0': CMAKE_PREFIX_PATH=${CMAKE_PREFIX_PATH}:/home/saber/robox_ws/install/arduinobot_py_examples:/home/saber/arduinobot_ws/install/arduinobot_py_examples:/opt/ros/jazzy DEBUGINFOD_URLS=https://debuginfod.ubuntu.com /usr/bin/cmake --build /home/saber/robox_ws/build/arm_description -- -j16 -l16
[0.449s] Invoking command in '/home/saber/robox_ws/build/arm_description': CMAKE_PREFIX_PATH=${CMAKE_PREFIX_PATH}:/home/saber/robox_ws/install/arduinobot_py_examples:/home/saber/arduinobot_ws/install/arduinobot_py_examples:/opt/ros/jazzy DEBUGINFOD_URLS=https://debuginfod.ubuntu.com /usr/bin/cmake --install /home/saber/robox_ws/build/arm_description
[0.459s] -- Install configuration: ""
[0.460s] -- Up-to-date: /home/saber/robox_ws/install/arm_description/share/ament_index/resource_index/rosidl_interfaces/arm_description
[0.460s] -- Up-to-date: /home/saber/robox_ws/install/arm_description/share/arm_description/srv/GoToPose.json
[0.460s] -- Up-to-date: /home/saber/robox_ws/install/arm_description/include/arm_description/arm_description
[0.460s] -- Up-to-date: /home/saber/robox_ws/install/arm_description/include/arm_description/arm_description/msg
[0.460s] -- Up-to-date: /home/saber/robox_ws/install/arm_description/include/arm_description/arm_description/msg/rosidl_generator_c__visibility_control.h
[0.460s] -- Up-to-date: /home/saber/robox_ws/install/arm_description/include/arm_description/arm_description/srv
[0.460s] -- Up-to-date: /home/saber/robox_ws/install/arm_description/include/arm_description/arm_description/srv/go_to_pose.h
[0.460s] -- Up-to-date: /home/saber/robox_ws/install/arm_description/include/arm_description/arm_description/srv/detail
[0.460s] -- Up-to-date: /home/saber/robox_ws/install/arm_description/include/arm_description/arm_description/srv/detail/go_to_pose__functions.h
[0.460s] -- Up-to-date: /home/saber/robox_ws/install/arm_description/include/arm_description/arm_description/srv/detail/go_to_pose__struct.h
[0.460s] -- Up-to-date: /home/saber/robox_ws/install/arm_description/include/arm_description/arm_description/srv/detail/go_to_pose__type_support.c
[0.460s] -- Up-to-date: /home/saber/robox_ws/install/arm_description/include/arm_description/arm_description/srv/detail/go_to_pose__functions.c
[0.461s] -- Up-to-date: /home/saber/robox_ws/install/arm_description/include/arm_description/arm_description/srv/detail/go_to_pose__description.c
[0.461s] -- Up-to-date: /home/saber/robox_ws/install/arm_description/include/arm_description/arm_description/srv/detail/go_to_pose__type_support.h
[0.461s] -- Up-to-date: /home/saber/robox_ws/install/arm_description/share/arm_description/environment/library_path.sh
[0.461s] -- Up-to-date: /home/saber/robox_ws/install/arm_description/share/arm_description/environment/library_path.dsv
[0.461s] -- Up-to-date: /home/saber/robox_ws/install/arm_description/lib/libarm_description__rosidl_generator_c.so
[0.461s] -- Up-to-date: /home/saber/robox_ws/install/arm_description/include/arm_description/arm_description
[0.461s] -- Up-to-date: /home/saber/robox_ws/install/arm_description/include/arm_description/arm_description/msg
[0.461s] -- Up-to-date: /home/saber/robox_ws/install/arm_description/include/arm_description/arm_description/msg/rosidl_typesupport_fastrtps_c__visibility_control.h
[0.461s] -- Up-to-date: /home/saber/robox_ws/install/arm_description/include/arm_description/arm_description/srv
[0.461s] -- Up-to-date: /home/saber/robox_ws/install/arm_description/include/arm_description/arm_description/srv/detail
[0.461s] -- Up-to-date: /home/saber/robox_ws/install/arm_description/include/arm_description/arm_description/srv/detail/go_to_pose__rosidl_typesupport_fastrtps_c.h
[0.461s] -- Up-to-date: /home/saber/robox_ws/install/arm_description/lib/libarm_description__rosidl_typesupport_fastrtps_c.so
[0.461s] -- Up-to-date: /home/saber/robox_ws/install/arm_description/include/arm_description/arm_description
[0.461s] -- Up-to-date: /home/saber/robox_ws/install/arm_description/include/arm_description/arm_description/msg
[0.461s] -- Up-to-date: /home/saber/robox_ws/install/arm_description/include/arm_description/arm_description/msg/rosidl_generator_cpp__visibility_control.hpp
[0.462s] -- Up-to-date: /home/saber/robox_ws/install/arm_description/include/arm_description/arm_description/srv
[0.462s] -- Up-to-date: /home/saber/robox_ws/install/arm_description/include/arm_description/arm_description/srv/go_to_pose.hpp
[0.462s] -- Up-to-date: /home/saber/robox_ws/install/arm_description/include/arm_description/arm_description/srv/detail
[0.462s] -- Up-to-date: /home/saber/robox_ws/install/arm_description/include/arm_description/arm_description/srv/detail/go_to_pose__type_support.hpp
[0.462s] -- Up-to-date: /home/saber/robox_ws/install/arm_description/include/arm_description/arm_description/srv/detail/go_to_pose__traits.hpp
[0.462s] -- Up-to-date: /home/saber/robox_ws/install/arm_description/include/arm_description/arm_description/srv/detail/go_to_pose__struct.hpp
[0.462s] -- Up-to-date: /home/saber/robox_ws/install/arm_description/include/arm_description/arm_description/srv/detail/go_to_pose__builder.hpp
[0.462s] -- Up-to-date: /home/saber/robox_ws/install/arm_description/include/arm_description/arm_description
[0.462s] -- Up-to-date: /home/saber/robox_ws/install/arm_description/include/arm_description/arm_description/msg
[0.462s] -- Up-to-date: /home/saber/robox_ws/install/arm_description/include/arm_description/arm_description/msg/rosidl_typesupport_fastrtps_cpp__visibility_control.h
[0.462s] -- Up-to-date: /home/saber/robox_ws/install/arm_description/include/arm_description/arm_description/srv
[0.462s] -- Up-to-date: /home/saber/robox_ws/install/arm_description/include/arm_description/arm_description/srv/detail
[0.462s] -- Up-to-date: /home/saber/robox_ws/install/arm_description/include/arm_description/arm_description/srv/detail/go_to_pose__rosidl_typesupport_fastrtps_cpp.hpp
[0.462s] -- Up-to-date: /home/saber/robox_ws/install/arm_description/include/arm_description/arm_description/srv/detail/dds_fastrtps
[0.462s] -- Up-to-date: /home/saber/robox_ws/install/arm_description/lib/libarm_description__rosidl_typesupport_fastrtps_cpp.so
[0.462s] -- Up-to-date: /home/saber/robox_ws/install/arm_description/include/arm_description/arm_description
[0.462s] -- Up-to-date: /home/saber/robox_ws/install/arm_description/include/arm_description/arm_description/msg
[0.463s] -- Up-to-date: /home/saber/robox_ws/install/arm_description/include/arm_description/arm_description/msg/rosidl_typesupport_introspection_c__visibility_control.h
[0.463s] -- Up-to-date: /home/saber/robox_ws/install/arm_description/include/arm_description/arm_description/srv
[0.463s] -- Up-to-date: /home/saber/robox_ws/install/arm_description/include/arm_description/arm_description/srv/detail
[0.463s] -- Up-to-date: /home/saber/robox_ws/install/arm_description/include/arm_description/arm_description/srv/detail/go_to_pose__type_support.c
[0.463s] -- Up-to-date: /home/saber/robox_ws/install/arm_description/include/arm_description/arm_description/srv/detail/go_to_pose__rosidl_typesupport_introspection_c.h
[0.463s] -- Up-to-date: /home/saber/robox_ws/install/arm_description/lib/libarm_description__rosidl_typesupport_introspection_c.so
[0.463s] -- Up-to-date: /home/saber/robox_ws/install/arm_description/lib/libarm_description__rosidl_typesupport_c.so
[0.463s] -- Up-to-date: /home/saber/robox_ws/install/arm_description/include/arm_description/arm_description
[0.463s] -- Up-to-date: /home/saber/robox_ws/install/arm_description/include/arm_description/arm_description/srv
[0.463s] -- Up-to-date: /home/saber/robox_ws/install/arm_description/include/arm_description/arm_description/srv/detail
[0.463s] -- Up-to-date: /home/saber/robox_ws/install/arm_description/include/arm_description/arm_description/srv/detail/go_to_pose__rosidl_typesupport_introspection_cpp.hpp
[0.463s] -- Up-to-date: /home/saber/robox_ws/install/arm_description/include/arm_description/arm_description/srv/detail/go_to_pose__type_support.cpp
[0.463s] -- Up-to-date: /home/saber/robox_ws/install/arm_description/lib/libarm_description__rosidl_typesupport_introspection_cpp.so
[0.463s] -- Up-to-date: /home/saber/robox_ws/install/arm_description/lib/libarm_description__rosidl_typesupport_cpp.so
[0.463s] -- Up-to-date: /home/saber/robox_ws/install/arm_description/share/arm_description/environment/pythonpath.sh
[0.463s] -- Up-to-date: /home/saber/robox_ws/install/arm_description/share/arm_description/environment/pythonpath.dsv
[0.463s] -- Up-to-date: /home/saber/robox_ws/install/arm_description/lib/python3.12/site-packages/arm_description-0.0.0-py3.12.egg-info
[0.464s] -- Installing: /home/saber/robox_ws/install/arm_description/lib/python3.12/site-packages/arm_description-0.0.0-py3.12.egg-info/top_level.txt
[0.464s] -- Installing: /home/saber/robox_ws/install/arm_description/lib/python3.12/site-packages/arm_description-0.0.0-py3.12.egg-info/SOURCES.txt
[0.464s] -- Installing: /home/saber/robox_ws/install/arm_description/lib/python3.12/site-packages/arm_description-0.0.0-py3.12.egg-info/dependency_links.txt
[0.464s] -- Installing: /home/saber/robox_ws/install/arm_description/lib/python3.12/site-packages/arm_description-0.0.0-py3.12.egg-info/PKG-INFO
[0.464s] -- Up-to-date: /home/saber/robox_ws/install/arm_description/lib/python3.12/site-packages/arm_description
[0.464s] -- Up-to-date: /home/saber/robox_ws/install/arm_description/lib/python3.12/site-packages/arm_description/__init__.py
[0.464s] -- Up-to-date: /home/saber/robox_ws/install/arm_description/lib/python3.12/site-packages/arm_description/_arm_description_s.ep.rosidl_typesupport_fastrtps_c.c
[0.464s] -- Up-to-date: /home/saber/robox_ws/install/arm_description/lib/python3.12/site-packages/arm_description/arm_description_s__rosidl_typesupport_c.so
[0.464s] -- Up-to-date: /home/saber/robox_ws/install/arm_description/lib/python3.12/site-packages/arm_description/_arm_description_s.ep.rosidl_typesupport_c.c
[0.464s] -- Up-to-date: /home/saber/robox_ws/install/arm_description/lib/python3.12/site-packages/arm_description/arm_description_s__rosidl_typesupport_fastrtps_c.so
[0.464s] -- Up-to-date: /home/saber/robox_ws/install/arm_description/lib/python3.12/site-packages/arm_description/arm_description_s__rosidl_typesupport_introspection_c.so
[0.464s] -- Up-to-date: /home/saber/robox_ws/install/arm_description/lib/python3.12/site-packages/arm_description/srv
[0.464s] -- Up-to-date: /home/saber/robox_ws/install/arm_description/lib/python3.12/site-packages/arm_description/srv/__init__.py
[0.464s] -- Up-to-date: /home/saber/robox_ws/install/arm_description/lib/python3.12/site-packages/arm_description/srv/_go_to_pose_s.c
[0.464s] -- Up-to-date: /home/saber/robox_ws/install/arm_description/lib/python3.12/site-packages/arm_description/srv/_go_to_pose.py
[0.464s] -- Up-to-date: /home/saber/robox_ws/install/arm_description/lib/python3.12/site-packages/arm_description/_arm_description_s.ep.rosidl_typesupport_introspection_c.c
[0.503s] Listing '/home/saber/robox_ws/install/arm_description/lib/python3.12/site-packages/arm_description'...
[0.503s] Listing '/home/saber/robox_ws/install/arm_description/lib/python3.12/site-packages/arm_description/srv'...
[0.511s] -- Up-to-date: /home/saber/robox_ws/install/arm_description/lib/python3.12/site-packages/arm_description/arm_description_s__rosidl_typesupport_fastrtps_c.so
[0.512s] -- Up-to-date: /home/saber/robox_ws/install/arm_description/lib/python3.12/site-packages/arm_description/arm_description_s__rosidl_typesupport_introspection_c.so
[0.512s] -- Up-to-date: /home/saber/robox_ws/install/arm_description/lib/python3.12/site-packages/arm_description/arm_description_s__rosidl_typesupport_c.so
[0.512s] -- Up-to-date: /home/saber/robox_ws/install/arm_description/lib/libarm_description__rosidl_generator_py.so
[0.512s] -- Up-to-date: /home/saber/robox_ws/install/arm_description/share/arm_description/srv/GoToPose.idl
[0.512s] -- Up-to-date: /home/saber/robox_ws/install/arm_description/share/arm_description/srv/GoToPose.srv
[0.512s] -- Up-to-date: /home/saber/robox_ws/install/arm_description/lib/arm_description/robot_arm_ik_node
[0.513s] -- Up-to-date: /home/saber/robox_ws/install/arm_description/share/arm_description/meshes
[0.513s] -- Up-to-date: /home/saber/robox_ws/install/arm_description/share/arm_description/meshes/gripper_right_link.STL
[0.513s] -- Up-to-date: /home/saber/robox_ws/install/arm_description/share/arm_description/meshes/gripper_left_link.STL
[0.513s] -- Up-to-date: /home/saber/robox_ws/install/arm_description/share/arm_description/meshes/forearm_link.STL
[0.513s] -- Up-to-date: /home/saber/robox_ws/install/arm_description/share/arm_description/meshes/rotating_base_link.STL
[0.513s] -- Up-to-date: /home/saber/robox_ws/install/arm_description/share/arm_description/meshes/wrist_link.STL
[0.513s] -- Up-to-date: /home/saber/robox_ws/install/arm_description/share/arm_description/meshes/base_link.STL
[0.513s] -- Up-to-date: /home/saber/robox_ws/install/arm_description/share/arm_description/meshes/shoulder_link.STL
[0.513s] -- Up-to-date: /home/saber/robox_ws/install/arm_description/share/arm_description/meshes/elbow_link.STL
[0.513s] -- Up-to-date: /home/saber/robox_ws/install/arm_description/share/arm_description/urdf
[0.513s] -- Up-to-date: /home/saber/robox_ws/install/arm_description/share/arm_description/urdf/arm.urdf
[0.513s] -- Up-to-date: /home/saber/robox_ws/install/arm_description/share/arm_description/urdf/arm_description.csv
[0.514s] -- Up-to-date: /home/saber/robox_ws/install/arm_description/share/arm_description/launch
[0.514s] -- Up-to-date: /home/saber/robox_ws/install/arm_description/share/arm_description/launch/display.launch.py
[0.514s] -- Up-to-date: /home/saber/robox_ws/install/arm_description/share/arm_description/launch/gazebo.launch.py
[0.514s] -- Up-to-date: /home/saber/robox_ws/install/arm_description/share/arm_description/launch/moveit_ik_launch.py
[0.514s] -- Up-to-date: /home/saber/robox_ws/install/arm_description/share/arm_description/rviz
[0.514s] -- Up-to-date: /home/saber/robox_ws/install/arm_description/share/arm_description/rviz/robot.rviz
[0.514s] -- Up-to-date: /home/saber/robox_ws/install/arm_description/share/arm_description/srv
[0.514s] -- Up-to-date: /home/saber/robox_ws/install/arm_description/share/arm_description/srv/GoToPose.srv
[0.514s] -- Up-to-date: /home/saber/robox_ws/install/arm_description/share/ament_index/resource_index/package_run_dependencies/arm_description
[0.514s] -- Up-to-date: /home/saber/robox_ws/install/arm_description/share/ament_index/resource_index/parent_prefix_path/arm_description
[0.514s] -- Up-to-date: /home/saber/robox_ws/install/arm_description/share/arm_description/environment/ament_prefix_path.sh
[0.514s] -- Up-to-date: /home/saber/robox_ws/install/arm_description/share/arm_description/environment/ament_prefix_path.dsv
[0.514s] -- Up-to-date: /home/saber/robox_ws/install/arm_description/share/arm_description/environment/path.sh
[0.514s] -- Up-to-date: /home/saber/robox_ws/install/arm_description/share/arm_description/environment/path.dsv
[0.514s] -- Up-to-date: /home/saber/robox_ws/install/arm_description/share/arm_description/local_setup.bash
[0.514s] -- Up-to-date: /home/saber/robox_ws/install/arm_description/share/arm_description/local_setup.sh
[0.515s] -- Up-to-date: /home/saber/robox_ws/install/arm_description/share/arm_description/local_setup.zsh
[0.515s] -- Up-to-date: /home/saber/robox_ws/install/arm_description/share/arm_description/local_setup.dsv
[0.515s] -- Installing: /home/saber/robox_ws/install/arm_description/share/arm_description/package.dsv
[0.515s] -- Up-to-date: /home/saber/robox_ws/install/arm_description/share/ament_index/resource_index/packages/arm_description
[0.515s] -- Up-to-date: /home/saber/robox_ws/install/arm_description/share/arm_description/cmake/export_arm_description__rosidl_generator_cExport.cmake
[0.515s] -- Up-to-date: /home/saber/robox_ws/install/arm_description/share/arm_description/cmake/export_arm_description__rosidl_generator_cExport-noconfig.cmake
[0.515s] -- Up-to-date: /home/saber/robox_ws/install/arm_description/share/arm_description/cmake/export_arm_description__rosidl_typesupport_fastrtps_cExport.cmake
[0.515s] -- Up-to-date: /home/saber/robox_ws/install/arm_description/share/arm_description/cmake/export_arm_description__rosidl_typesupport_fastrtps_cExport-noconfig.cmake
[0.515s] -- Up-to-date: /home/saber/robox_ws/install/arm_description/share/arm_description/cmake/export_arm_description__rosidl_generator_cppExport.cmake
[0.515s] -- Up-to-date: /home/saber/robox_ws/install/arm_description/share/arm_description/cmake/export_arm_description__rosidl_typesupport_fastrtps_cppExport.cmake
[0.515s] -- Up-to-date: /home/saber/robox_ws/install/arm_description/share/arm_description/cmake/export_arm_description__rosidl_typesupport_fastrtps_cppExport-noconfig.cmake
[0.515s] -- Up-to-date: /home/saber/robox_ws/install/arm_description/share/arm_description/cmake/arm_description__rosidl_typesupport_introspection_cExport.cmake
[0.516s] -- Up-to-date: /home/saber/robox_ws/install/arm_description/share/arm_description/cmake/arm_description__rosidl_typesupport_introspection_cExport-noconfig.cmake
[0.516s] -- Up-to-date: /home/saber/robox_ws/install/arm_description/share/arm_description/cmake/arm_description__rosidl_typesupport_cExport.cmake
[0.516s] -- Up-to-date: /home/saber/robox_ws/install/arm_description/share/arm_description/cmake/arm_description__rosidl_typesupport_cExport-noconfig.cmake
[0.516s] -- Up-to-date: /home/saber/robox_ws/install/arm_description/share/arm_description/cmake/arm_description__rosidl_typesupport_introspection_cppExport.cmake
[0.516s] -- Up-to-date: /home/saber/robox_ws/install/arm_description/share/arm_description/cmake/arm_description__rosidl_typesupport_introspection_cppExport-noconfig.cmake
[0.516s] -- Up-to-date: /home/saber/robox_ws/install/arm_description/share/arm_description/cmake/arm_description__rosidl_typesupport_cppExport.cmake
[0.516s] -- Up-to-date: /home/saber/robox_ws/install/arm_description/share/arm_description/cmake/arm_description__rosidl_typesupport_cppExport-noconfig.cmake
[0.516s] -- Up-to-date: /home/saber/robox_ws/install/arm_description/share/arm_description/cmake/export_arm_description__rosidl_generator_pyExport.cmake
[0.516s] -- Up-to-date: /home/saber/robox_ws/install/arm_description/share/arm_description/cmake/export_arm_description__rosidl_generator_pyExport-noconfig.cmake
[0.516s] -- Up-to-date: /home/saber/robox_ws/install/arm_description/share/arm_description/cmake/rosidl_cmake-extras.cmake
[0.516s] -- Up-to-date: /home/saber/robox_ws/install/arm_description/share/arm_description/cmake/ament_cmake_export_dependencies-extras.cmake
[0.516s] -- Up-to-date: /home/saber/robox_ws/install/arm_description/share/arm_description/cmake/ament_cmake_export_include_directories-extras.cmake
[0.516s] -- Up-to-date: /home/saber/robox_ws/install/arm_description/share/arm_description/cmake/ament_cmake_export_libraries-extras.cmake
[0.517s] -- Up-to-date: /home/saber/robox_ws/install/arm_description/share/arm_description/cmake/ament_cmake_export_targets-extras.cmake
[0.517s] -- Up-to-date: /home/saber/robox_ws/install/arm_description/share/arm_description/cmake/rosidl_cmake_export_typesupport_targets-extras.cmake
[0.517s] -- Up-to-date: /home/saber/robox_ws/install/arm_description/share/arm_description/cmake/rosidl_cmake_export_typesupport_libraries-extras.cmake
[0.517s] -- Up-to-date: /home/saber/robox_ws/install/arm_description/share/arm_description/cmake/arm_descriptionConfig.cmake
[0.517s] -- Up-to-date: /home/saber/robox_ws/install/arm_description/share/arm_description/cmake/arm_descriptionConfig-version.cmake
[0.517s] -- Up-to-date: /home/saber/robox_ws/install/arm_description/share/arm_description/package.xml
[0.521s] Invoked command in '/home/saber/robox_ws/build/arm_description' returned '0': CMAKE_PREFIX_PATH=${CMAKE_PREFIX_PATH}:/home/saber/robox_ws/install/arduinobot_py_examples:/home/saber/arduinobot_ws/install/arduinobot_py_examples:/opt/ros/jazzy DEBUGINFOD_URLS=https://debuginfod.ubuntu.com /usr/bin/cmake --install /home/saber/robox_ws/build/arm_description
