[1.039s] Invoking command in '/home/saber/robox_ws/build/cube_msgs': CMAKE_PREFIX_PATH=${CMAKE_PREFIX_PATH}:/opt/ros/jazzy DEBUGINFOD_URLS=https://debuginfod.ubuntu.com /usr/bin/cmake --build /home/saber/robox_ws/build/cube_msgs -- -j16 -l16
[1.157s] [  2%] Built target cube_msgs__rosidl_generator_type_description
[1.174s] [  2%] Built target ament_cmake_python_symlink_cube_msgs
[1.197s] [  4%] Built target cube_msgs__cpp
[1.203s] [ 22%] Built target cube_msgs__rosidl_generator_c
[1.249s] [ 50%] Built target cube_msgs__rosidl_typesupport_c
[1.250s] [ 50%] Built target cube_msgs__rosidl_typesupport_introspection_c
[1.250s] [ 50%] Built target cube_msgs__rosidl_typesupport_introspection_cpp
[1.250s] [ 65%] Built target cube_msgs__rosidl_typesupport_fastrtps_c
[1.251s] [ 68%] Built target cube_msgs__rosidl_typesupport_cpp
[1.253s] [ 77%] Built target cube_msgs__rosidl_typesupport_fastrtps_cpp
[1.294s] [ 77%] Built target cube_msgs
[1.337s] [ 79%] Built target cube_msgs__py
[1.384s] [ 86%] Built target cube_msgs__rosidl_generator_py
[1.431s] [ 97%] Built target cube_msgs_s__rosidl_typesupport_c
[1.431s] [ 97%] Built target cube_msgs_s__rosidl_typesupport_introspection_c
[1.431s] [100%] Built target cube_msgs_s__rosidl_typesupport_fastrtps_c
[1.653s] running egg_info
[1.707s] writing cube_msgs.egg-info/PKG-INFO
[1.707s] writing dependency_links to cube_msgs.egg-info/dependency_links.txt
[1.707s] writing top-level names to cube_msgs.egg-info/top_level.txt
[1.872s] reading manifest file 'cube_msgs.egg-info/SOURCES.txt'
[1.873s] writing manifest file 'cube_msgs.egg-info/SOURCES.txt'
[1.917s] [100%] Built target ament_cmake_python_build_cube_msgs_egg
[1.942s] Invoked command in '/home/saber/robox_ws/build/cube_msgs' returned '0': CMAKE_PREFIX_PATH=${CMAKE_PREFIX_PATH}:/opt/ros/jazzy DEBUGINFOD_URLS=https://debuginfod.ubuntu.com /usr/bin/cmake --build /home/saber/robox_ws/build/cube_msgs -- -j16 -l16
[1.944s] Invoking command in '/home/saber/robox_ws/build/cube_msgs': CMAKE_PREFIX_PATH=${CMAKE_PREFIX_PATH}:/opt/ros/jazzy DEBUGINFOD_URLS=https://debuginfod.ubuntu.com /usr/bin/cmake --install /home/saber/robox_ws/build/cube_msgs
[1.961s] -- Install configuration: ""
[1.962s] -- Execute custom install script
[1.962s] -- Up-to-date symlink: /home/saber/robox_ws/install/cube_msgs/share/ament_index/resource_index/rosidl_interfaces/cube_msgs
[1.963s] -- Up-to-date symlink: /home/saber/robox_ws/install/cube_msgs/share/cube_msgs/msg/ColorPoseStamped.json
[1.963s] -- Up-to-date symlink: /home/saber/robox_ws/install/cube_msgs/share/cube_msgs/action/PickAndPlace.json
[1.964s] -- Up-to-date symlink: /home/saber/robox_ws/install/cube_msgs/include/cube_msgs/cube_msgs/action/detail/pick_and_place__functions.h
[1.964s] -- Up-to-date symlink: /home/saber/robox_ws/install/cube_msgs/include/cube_msgs/cube_msgs/action/detail/pick_and_place__struct.h
[1.964s] -- Up-to-date symlink: /home/saber/robox_ws/install/cube_msgs/include/cube_msgs/cube_msgs/action/detail/pick_and_place__type_support.h
[1.965s] -- Up-to-date symlink: /home/saber/robox_ws/install/cube_msgs/include/cube_msgs/cube_msgs/action/pick_and_place.h
[1.965s] -- Up-to-date symlink: /home/saber/robox_ws/install/cube_msgs/include/cube_msgs/cube_msgs/msg/color_pose_stamped.h
[1.965s] -- Up-to-date symlink: /home/saber/robox_ws/install/cube_msgs/include/cube_msgs/cube_msgs/msg/detail/color_pose_stamped__functions.h
[1.965s] -- Up-to-date symlink: /home/saber/robox_ws/install/cube_msgs/include/cube_msgs/cube_msgs/msg/detail/color_pose_stamped__struct.h
[1.966s] -- Up-to-date symlink: /home/saber/robox_ws/install/cube_msgs/include/cube_msgs/cube_msgs/msg/detail/color_pose_stamped__type_support.h
[1.966s] -- Up-to-date symlink: /home/saber/robox_ws/install/cube_msgs/include/cube_msgs/cube_msgs/msg/rosidl_generator_c__visibility_control.h
[1.966s] -- Up-to-date symlink: /home/saber/robox_ws/install/cube_msgs/share/cube_msgs/environment/library_path.sh
[1.966s] -- Up-to-date symlink: /home/saber/robox_ws/install/cube_msgs/share/cube_msgs/environment/library_path.dsv
[1.967s] -- Up-to-date symlink: /home/saber/robox_ws/install/cube_msgs/include/cube_msgs/cube_msgs/action/detail/pick_and_place__rosidl_typesupport_fastrtps_c.h
[1.968s] -- Up-to-date symlink: /home/saber/robox_ws/install/cube_msgs/include/cube_msgs/cube_msgs/msg/detail/color_pose_stamped__rosidl_typesupport_fastrtps_c.h
[1.968s] -- Up-to-date symlink: /home/saber/robox_ws/install/cube_msgs/include/cube_msgs/cube_msgs/msg/rosidl_typesupport_fastrtps_c__visibility_control.h
[1.969s] -- Up-to-date symlink: /home/saber/robox_ws/install/cube_msgs/include/cube_msgs/cube_msgs/action/detail/pick_and_place__rosidl_typesupport_introspection_c.h
[1.969s] -- Up-to-date symlink: /home/saber/robox_ws/install/cube_msgs/include/cube_msgs/cube_msgs/msg/detail/color_pose_stamped__rosidl_typesupport_introspection_c.h
[1.969s] -- Up-to-date symlink: /home/saber/robox_ws/install/cube_msgs/include/cube_msgs/cube_msgs/msg/rosidl_typesupport_introspection_c__visibility_control.h
[1.970s] -- Up-to-date symlink: /home/saber/robox_ws/install/cube_msgs/include/cube_msgs/cube_msgs/action/detail/pick_and_place__builder.hpp
[1.971s] -- Up-to-date symlink: /home/saber/robox_ws/install/cube_msgs/include/cube_msgs/cube_msgs/action/detail/pick_and_place__struct.hpp
[1.971s] -- Up-to-date symlink: /home/saber/robox_ws/install/cube_msgs/include/cube_msgs/cube_msgs/action/detail/pick_and_place__traits.hpp
[1.971s] -- Up-to-date symlink: /home/saber/robox_ws/install/cube_msgs/include/cube_msgs/cube_msgs/action/detail/pick_and_place__type_support.hpp
[1.971s] -- Up-to-date symlink: /home/saber/robox_ws/install/cube_msgs/include/cube_msgs/cube_msgs/action/pick_and_place.hpp
[1.972s] -- Up-to-date symlink: /home/saber/robox_ws/install/cube_msgs/include/cube_msgs/cube_msgs/msg/color_pose_stamped.hpp
[1.972s] -- Up-to-date symlink: /home/saber/robox_ws/install/cube_msgs/include/cube_msgs/cube_msgs/msg/detail/color_pose_stamped__builder.hpp
[1.972s] -- Up-to-date symlink: /home/saber/robox_ws/install/cube_msgs/include/cube_msgs/cube_msgs/msg/detail/color_pose_stamped__struct.hpp
[1.972s] -- Up-to-date symlink: /home/saber/robox_ws/install/cube_msgs/include/cube_msgs/cube_msgs/msg/detail/color_pose_stamped__traits.hpp
[1.973s] -- Up-to-date symlink: /home/saber/robox_ws/install/cube_msgs/include/cube_msgs/cube_msgs/msg/detail/color_pose_stamped__type_support.hpp
[1.973s] -- Up-to-date symlink: /home/saber/robox_ws/install/cube_msgs/include/cube_msgs/cube_msgs/msg/rosidl_generator_cpp__visibility_control.hpp
[1.973s] -- Up-to-date symlink: /home/saber/robox_ws/install/cube_msgs/include/cube_msgs/cube_msgs/action/detail/pick_and_place__rosidl_typesupport_fastrtps_cpp.hpp
[1.973s] -- Up-to-date symlink: /home/saber/robox_ws/install/cube_msgs/include/cube_msgs/cube_msgs/msg/detail/color_pose_stamped__rosidl_typesupport_fastrtps_cpp.hpp
[1.974s] -- Up-to-date symlink: /home/saber/robox_ws/install/cube_msgs/include/cube_msgs/cube_msgs/msg/rosidl_typesupport_fastrtps_cpp__visibility_control.h
[1.974s] -- Up-to-date symlink: /home/saber/robox_ws/install/cube_msgs/include/cube_msgs/cube_msgs/action/detail/pick_and_place__rosidl_typesupport_introspection_cpp.hpp
[1.974s] -- Up-to-date symlink: /home/saber/robox_ws/install/cube_msgs/include/cube_msgs/cube_msgs/msg/detail/color_pose_stamped__rosidl_typesupport_introspection_cpp.hpp
[1.975s] -- Up-to-date symlink: /home/saber/robox_ws/install/cube_msgs/share/cube_msgs/environment/pythonpath.sh
[1.975s] -- Up-to-date symlink: /home/saber/robox_ws/install/cube_msgs/share/cube_msgs/environment/pythonpath.dsv
[1.975s] -- Up-to-date symlink: /home/saber/robox_ws/install/cube_msgs/lib/python3.12/site-packages/cube_msgs-0.0.0-py3.12.egg-info/PKG-INFO
[1.975s] -- Up-to-date symlink: /home/saber/robox_ws/install/cube_msgs/lib/python3.12/site-packages/cube_msgs-0.0.0-py3.12.egg-info/SOURCES.txt
[1.976s] -- Up-to-date symlink: /home/saber/robox_ws/install/cube_msgs/lib/python3.12/site-packages/cube_msgs-0.0.0-py3.12.egg-info/dependency_links.txt
[1.976s] -- Up-to-date symlink: /home/saber/robox_ws/install/cube_msgs/lib/python3.12/site-packages/cube_msgs-0.0.0-py3.12.egg-info/top_level.txt
[1.977s] -- Up-to-date symlink: /home/saber/robox_ws/install/cube_msgs/lib/python3.12/site-packages/cube_msgs/__init__.py
[1.977s] -- Up-to-date symlink: /home/saber/robox_ws/install/cube_msgs/lib/python3.12/site-packages/cube_msgs/_cube_msgs_s.ep.rosidl_typesupport_c.c
[1.977s] -- Up-to-date symlink: /home/saber/robox_ws/install/cube_msgs/lib/python3.12/site-packages/cube_msgs/_cube_msgs_s.ep.rosidl_typesupport_fastrtps_c.c
[1.978s] -- Up-to-date symlink: /home/saber/robox_ws/install/cube_msgs/lib/python3.12/site-packages/cube_msgs/_cube_msgs_s.ep.rosidl_typesupport_introspection_c.c
[1.978s] -- Up-to-date symlink: /home/saber/robox_ws/install/cube_msgs/lib/python3.12/site-packages/cube_msgs/action/__init__.py
[1.978s] -- Up-to-date symlink: /home/saber/robox_ws/install/cube_msgs/lib/python3.12/site-packages/cube_msgs/action/_pick_and_place.py
[1.979s] -- Up-to-date symlink: /home/saber/robox_ws/install/cube_msgs/lib/python3.12/site-packages/cube_msgs/action/_pick_and_place_s.c
[1.979s] -- Up-to-date symlink: /home/saber/robox_ws/install/cube_msgs/lib/python3.12/site-packages/cube_msgs/cube_msgs_s__rosidl_typesupport_c.so
[1.979s] -- Up-to-date symlink: /home/saber/robox_ws/install/cube_msgs/lib/python3.12/site-packages/cube_msgs/cube_msgs_s__rosidl_typesupport_fastrtps_c.so
[1.980s] -- Up-to-date symlink: /home/saber/robox_ws/install/cube_msgs/lib/python3.12/site-packages/cube_msgs/cube_msgs_s__rosidl_typesupport_introspection_c.so
[1.980s] -- Up-to-date symlink: /home/saber/robox_ws/install/cube_msgs/lib/python3.12/site-packages/cube_msgs/msg/__init__.py
[1.980s] -- Up-to-date symlink: /home/saber/robox_ws/install/cube_msgs/lib/python3.12/site-packages/cube_msgs/msg/_color_pose_stamped.py
[1.980s] -- Up-to-date symlink: /home/saber/robox_ws/install/cube_msgs/lib/python3.12/site-packages/cube_msgs/msg/_color_pose_stamped_s.c
[1.981s] -- Up-to-date symlink: /home/saber/robox_ws/install/cube_msgs/lib/python3.12/site-packages/cube_msgs/cube_msgs_s__rosidl_typesupport_fastrtps_c.so
[1.981s] -- Up-to-date symlink: /home/saber/robox_ws/install/cube_msgs/lib/python3.12/site-packages/cube_msgs/cube_msgs_s__rosidl_typesupport_introspection_c.so
[1.981s] -- Up-to-date symlink: /home/saber/robox_ws/install/cube_msgs/lib/python3.12/site-packages/cube_msgs/cube_msgs_s__rosidl_typesupport_c.so
[1.982s] -- Up-to-date symlink: /home/saber/robox_ws/install/cube_msgs/share/cube_msgs/msg/ColorPoseStamped.idl
[1.982s] -- Up-to-date symlink: /home/saber/robox_ws/install/cube_msgs/share/cube_msgs/action/PickAndPlace.idl
[1.982s] -- Up-to-date symlink: /home/saber/robox_ws/install/cube_msgs/share/cube_msgs/msg/ColorPoseStamped.msg
[1.982s] -- Up-to-date symlink: /home/saber/robox_ws/install/cube_msgs/share/cube_msgs/action/PickAndPlace.action
[1.983s] -- Up-to-date symlink: /home/saber/robox_ws/install/cube_msgs/share/ament_index/resource_index/package_run_dependencies/cube_msgs
[1.983s] -- Up-to-date symlink: /home/saber/robox_ws/install/cube_msgs/share/ament_index/resource_index/parent_prefix_path/cube_msgs
[1.983s] -- Up-to-date symlink: /home/saber/robox_ws/install/cube_msgs/share/cube_msgs/environment/ament_prefix_path.sh
[1.984s] -- Up-to-date symlink: /home/saber/robox_ws/install/cube_msgs/share/cube_msgs/environment/ament_prefix_path.dsv
[1.984s] -- Up-to-date symlink: /home/saber/robox_ws/install/cube_msgs/share/cube_msgs/environment/path.sh
[1.984s] -- Up-to-date symlink: /home/saber/robox_ws/install/cube_msgs/share/cube_msgs/environment/path.dsv
[1.984s] -- Up-to-date symlink: /home/saber/robox_ws/install/cube_msgs/share/cube_msgs/local_setup.bash
[1.985s] -- Up-to-date symlink: /home/saber/robox_ws/install/cube_msgs/share/cube_msgs/local_setup.sh
[1.985s] -- Up-to-date symlink: /home/saber/robox_ws/install/cube_msgs/share/cube_msgs/local_setup.zsh
[1.985s] -- Up-to-date symlink: /home/saber/robox_ws/install/cube_msgs/share/cube_msgs/local_setup.dsv
[1.986s] -- Symlinking: /home/saber/robox_ws/install/cube_msgs/share/cube_msgs/package.dsv
[2.005s] -- Up-to-date symlink: /home/saber/robox_ws/install/cube_msgs/share/ament_index/resource_index/packages/cube_msgs
[2.005s] -- Up-to-date symlink: /home/saber/robox_ws/install/cube_msgs/share/cube_msgs/cmake/rosidl_cmake-extras.cmake
[2.006s] -- Up-to-date symlink: /home/saber/robox_ws/install/cube_msgs/share/cube_msgs/cmake/ament_cmake_export_dependencies-extras.cmake
[2.006s] -- Up-to-date symlink: /home/saber/robox_ws/install/cube_msgs/share/cube_msgs/cmake/ament_cmake_export_include_directories-extras.cmake
[2.006s] -- Up-to-date symlink: /home/saber/robox_ws/install/cube_msgs/share/cube_msgs/cmake/ament_cmake_export_libraries-extras.cmake
[2.007s] -- Up-to-date symlink: /home/saber/robox_ws/install/cube_msgs/share/cube_msgs/cmake/ament_cmake_export_targets-extras.cmake
[2.007s] -- Up-to-date symlink: /home/saber/robox_ws/install/cube_msgs/share/cube_msgs/cmake/rosidl_cmake_export_typesupport_targets-extras.cmake
[2.007s] -- Up-to-date symlink: /home/saber/robox_ws/install/cube_msgs/share/cube_msgs/cmake/rosidl_cmake_export_typesupport_libraries-extras.cmake
[2.008s] -- Up-to-date symlink: /home/saber/robox_ws/install/cube_msgs/share/cube_msgs/cmake/cube_msgsConfig.cmake
[2.008s] -- Up-to-date symlink: /home/saber/robox_ws/install/cube_msgs/share/cube_msgs/cmake/cube_msgsConfig-version.cmake
[2.008s] -- Up-to-date symlink: /home/saber/robox_ws/install/cube_msgs/share/cube_msgs/package.xml
[2.009s] -- Up-to-date: /home/saber/robox_ws/install/cube_msgs/lib/libcube_msgs__rosidl_generator_c.so
[2.009s] -- Up-to-date: /home/saber/robox_ws/install/cube_msgs/lib/libcube_msgs__rosidl_typesupport_fastrtps_c.so
[2.010s] -- Up-to-date: /home/saber/robox_ws/install/cube_msgs/lib/libcube_msgs__rosidl_typesupport_introspection_c.so
[2.010s] -- Up-to-date: /home/saber/robox_ws/install/cube_msgs/lib/libcube_msgs__rosidl_typesupport_c.so
[2.011s] -- Up-to-date: /home/saber/robox_ws/install/cube_msgs/lib/libcube_msgs__rosidl_typesupport_fastrtps_cpp.so
[2.011s] -- Up-to-date: /home/saber/robox_ws/install/cube_msgs/lib/libcube_msgs__rosidl_typesupport_introspection_cpp.so
[2.012s] -- Up-to-date: /home/saber/robox_ws/install/cube_msgs/lib/libcube_msgs__rosidl_typesupport_cpp.so
[2.074s] Listing '/home/saber/robox_ws/install/cube_msgs/lib/python3.12/site-packages/cube_msgs'...
[2.074s] Listing '/home/saber/robox_ws/install/cube_msgs/lib/python3.12/site-packages/cube_msgs/action'...
[2.074s] Listing '/home/saber/robox_ws/install/cube_msgs/lib/python3.12/site-packages/cube_msgs/msg'...
[2.084s] -- Up-to-date: /home/saber/robox_ws/install/cube_msgs/lib/libcube_msgs__rosidl_generator_py.so
[2.084s] -- Up-to-date: /home/saber/robox_ws/install/cube_msgs/share/cube_msgs/cmake/export_cube_msgs__rosidl_generator_cExport.cmake
[2.084s] -- Up-to-date: /home/saber/robox_ws/install/cube_msgs/share/cube_msgs/cmake/export_cube_msgs__rosidl_generator_cExport-noconfig.cmake
[2.085s] -- Up-to-date: /home/saber/robox_ws/install/cube_msgs/share/cube_msgs/cmake/export_cube_msgs__rosidl_typesupport_fastrtps_cExport.cmake
[2.085s] -- Up-to-date: /home/saber/robox_ws/install/cube_msgs/share/cube_msgs/cmake/export_cube_msgs__rosidl_typesupport_fastrtps_cExport-noconfig.cmake
[2.085s] -- Up-to-date: /home/saber/robox_ws/install/cube_msgs/share/cube_msgs/cmake/cube_msgs__rosidl_typesupport_introspection_cExport.cmake
[2.085s] -- Up-to-date: /home/saber/robox_ws/install/cube_msgs/share/cube_msgs/cmake/cube_msgs__rosidl_typesupport_introspection_cExport-noconfig.cmake
[2.085s] -- Up-to-date: /home/saber/robox_ws/install/cube_msgs/share/cube_msgs/cmake/cube_msgs__rosidl_typesupport_cExport.cmake
[2.085s] -- Up-to-date: /home/saber/robox_ws/install/cube_msgs/share/cube_msgs/cmake/cube_msgs__rosidl_typesupport_cExport-noconfig.cmake
[2.085s] -- Up-to-date: /home/saber/robox_ws/install/cube_msgs/share/cube_msgs/cmake/export_cube_msgs__rosidl_generator_cppExport.cmake
[2.085s] -- Up-to-date: /home/saber/robox_ws/install/cube_msgs/share/cube_msgs/cmake/export_cube_msgs__rosidl_typesupport_fastrtps_cppExport.cmake
[2.086s] -- Up-to-date: /home/saber/robox_ws/install/cube_msgs/share/cube_msgs/cmake/export_cube_msgs__rosidl_typesupport_fastrtps_cppExport-noconfig.cmake
[2.086s] -- Up-to-date: /home/saber/robox_ws/install/cube_msgs/share/cube_msgs/cmake/cube_msgs__rosidl_typesupport_introspection_cppExport.cmake
[2.086s] -- Up-to-date: /home/saber/robox_ws/install/cube_msgs/share/cube_msgs/cmake/cube_msgs__rosidl_typesupport_introspection_cppExport-noconfig.cmake
[2.086s] -- Up-to-date: /home/saber/robox_ws/install/cube_msgs/share/cube_msgs/cmake/cube_msgs__rosidl_typesupport_cppExport.cmake
[2.086s] -- Up-to-date: /home/saber/robox_ws/install/cube_msgs/share/cube_msgs/cmake/cube_msgs__rosidl_typesupport_cppExport-noconfig.cmake
[2.086s] -- Up-to-date: /home/saber/robox_ws/install/cube_msgs/share/cube_msgs/cmake/export_cube_msgs__rosidl_generator_pyExport.cmake
[2.086s] -- Up-to-date: /home/saber/robox_ws/install/cube_msgs/share/cube_msgs/cmake/export_cube_msgs__rosidl_generator_pyExport-noconfig.cmake
[2.091s] Invoked command in '/home/saber/robox_ws/build/cube_msgs' returned '0': CMAKE_PREFIX_PATH=${CMAKE_PREFIX_PATH}:/opt/ros/jazzy DEBUGINFOD_URLS=https://debuginfod.ubuntu.com /usr/bin/cmake --install /home/saber/robox_ws/build/cube_msgs
