[0.451s] Invoking command in '/home/saber/robox_ws/build/cube_msgs': CMAKE_PREFIX_PATH=/home/saber/robox_ws/install/robox_moveit_config:/home/saber/robox_ws/install/robox_arm:/home/saber/robox_ws/install/pilz_industrial_motion_planner_testutils:/home/saber/robox_ws/install/moveit_ros_control_interface:/home/saber/robox_ws/install/moveit_plugins:/home/saber/robox_ws/install/moveit_simple_controller_manager:/home/saber/robox_ws/install/moveit_ros_occupancy_map_monitor:/home/saber/robox_ws/install/moveit_resources_prbt_support:/home/saber/robox_ws/install/moveit_resources_prbt_ikfast_manipulator_plugin:/home/saber/robox_ws/install/moveit_planners_stomp:/home/saber/robox_ws/install/moveit_planners_chomp:/home/saber/robox_ws/install/chomp_motion_planner:/home/saber/robox_ws/install/moveit_core:/home/saber/robox_ws/install/moveit_common:/home/saber/robox_ws/install/cube_msgs:/home/saber/robox_ws/install/moveit_configs_utils:/home/saber/robox_ws/install/color_pose_publisher:/home/saber/robox_ws/install/arduinobot_py_examples:/opt/ros/jazzy:/home/saber/robox_ws/install/arduino_arm_hardware_interface:/opt/ros/jazzy/opt/gz_sim_vendor:/opt/ros/jazzy/opt/gz_sensors_vendor:/opt/ros/jazzy/opt/gz_physics_vendor:/opt/ros/jazzy/opt/sdformat_vendor:/opt/ros/jazzy/opt/gz_gui_vendor:/opt/ros/jazzy/opt/gz_transport_vendor:/opt/ros/jazzy/opt/gz_rendering_vendor:/opt/ros/jazzy/opt/gz_plugin_vendor:/opt/ros/jazzy/opt/gz_fuel_tools_vendor:/opt/ros/jazzy/opt/gz_msgs_vendor:/opt/ros/jazzy/opt/gz_common_vendor:/opt/ros/jazzy/opt/gz_math_vendor:/opt/ros/jazzy/opt/gz_utils_vendor:/opt/ros/jazzy/opt/gz_tools_vendor:/opt/ros/jazzy/opt/gz_ogre_next_vendor:/opt/ros/jazzy/opt/gz_dartsim_vendor:/opt/ros/jazzy/opt/gz_cmake_vendor DEBUGINFOD_URLS=https://debuginfod.ubuntu.com /usr/bin/cmake --build /home/saber/robox_ws/build/cube_msgs -- -j16 -l16
[0.489s] -- Found ament_cmake: 2.5.4 (/opt/ros/jazzy/share/ament_cmake/cmake)
[0.521s] -- Found Python3: /usr/bin/python3 (found version "3.12.3") found components: Interpreter 
[0.613s] -- Found rosidl_default_generators: 1.6.0 (/opt/ros/jazzy/share/rosidl_default_generators/cmake)
[0.618s] -- Using all available rosidl_typesupport_c: rosidl_typesupport_fastrtps_c;rosidl_typesupport_introspection_c
[0.671s] -- Using all available rosidl_typesupport_cpp: rosidl_typesupport_fastrtps_cpp;rosidl_typesupport_introspection_cpp
[0.702s] -- Found rosidl_adapter: 4.6.5 (/opt/ros/jazzy/share/rosidl_adapter/cmake)
[0.706s] -- Found std_msgs: 5.3.6 (/opt/ros/jazzy/share/std_msgs/cmake)
[0.738s] -- Found geometry_msgs: 5.3.6 (/opt/ros/jazzy/share/geometry_msgs/cmake)
[1.094s] -- Found ament_cmake_ros: 0.12.0 (/opt/ros/jazzy/share/ament_cmake_ros/cmake)
[1.264s] -- Using all available rosidl_typesupport_c: rosidl_typesupport_fastrtps_c;rosidl_typesupport_introspection_c
[1.493s] -- Using all available rosidl_typesupport_cpp: rosidl_typesupport_fastrtps_cpp;rosidl_typesupport_introspection_cpp
[1.494s] -- Found python_cmake_module: 0.11.1 (/opt/ros/jazzy/share/python_cmake_module/cmake)
[1.741s] -- Found Python3: /usr/bin/python3 (found version "3.12.3") found components: Interpreter Development NumPy Development.Module Development.Embed 
[1.784s] -- Configuring done (1.3s)
[1.835s] -- Generating done (0.0s)
[1.848s] -- Build files have been written to: /home/saber/robox_ws/build/cube_msgs
[1.895s] [  2%] [34m[1mGenerating type hashes for ROS interfaces[0m
[1.907s] [  2%] Built target ament_cmake_python_copy_cube_msgs
[2.162s] running egg_info
[2.166s] [  2%] Built target cube_msgs__rosidl_generator_type_description
[2.180s] [  4%] [34m[1mGenerating C code for ROS interfaces[0m
[2.190s] writing cube_msgs.egg-info/PKG-INFO
[2.190s] writing dependency_links to cube_msgs.egg-info/dependency_links.txt
[2.190s] writing top-level names to cube_msgs.egg-info/top_level.txt
[2.195s] [  6%] [34m[1mGenerating C++ code for ROS interfaces[0m
[2.276s] reading manifest file 'cube_msgs.egg-info/SOURCES.txt'
[2.277s] writing manifest file 'cube_msgs.egg-info/SOURCES.txt'
[2.316s] [  6%] Built target ament_cmake_python_build_cube_msgs_egg
[2.712s] [  6%] Built target cube_msgs__cpp
[2.744s] [ 20%] [32mBuilding C object CMakeFiles/cube_msgs__rosidl_generator_c.dir/rosidl_generator_c/cube_msgs/msg/detail/color_pose_stamped__functions.c.o[0m
[2.745s] [ 20%] [32mBuilding C object CMakeFiles/cube_msgs__rosidl_generator_c.dir/rosidl_generator_c/cube_msgs/msg/detail/color_pose_stamped__description.c.o[0m
[2.745s] [ 20%] [32mBuilding C object CMakeFiles/cube_msgs__rosidl_generator_c.dir/rosidl_generator_c/cube_msgs/action/detail/pick_and_place__description.c.o[0m
[2.745s] [ 20%] [32mBuilding C object CMakeFiles/cube_msgs__rosidl_generator_c.dir/rosidl_generator_c/cube_msgs/msg/detail/color_pose_stamped__type_support.c.o[0m
[2.745s] [ 20%] [32mBuilding C object CMakeFiles/cube_msgs__rosidl_generator_c.dir/rosidl_generator_c/cube_msgs/action/detail/pick_and_place__functions.c.o[0m
[2.745s] [ 20%] [32mBuilding C object CMakeFiles/cube_msgs__rosidl_generator_c.dir/rosidl_generator_c/cube_msgs/action/detail/pick_and_place__type_support.c.o[0m
[2.936s] [ 22%] [32m[1mLinking C shared library libcube_msgs__rosidl_generator_c.so[0m
[3.002s] [ 22%] Built target cube_msgs__rosidl_generator_c
[3.019s] [ 36%] [34m[1mGenerating C type support dispatch for ROS interfaces[0m
[3.019s] [ 36%] [34m[1mGenerating C++ type support for eProsima Fast-RTPS[0m
[3.019s] [ 36%] [34m[1mGenerating C++ type support dispatch for ROS interfaces[0m
[3.019s] [ 36%] [34m[1mGenerating C introspection for ROS interfaces[0m
[3.019s] [ 36%] [34m[1mGenerating C type support for eProsima Fast-RTPS[0m
[3.019s] [ 36%] [34m[1mGenerating C++ introspection for ROS interfaces[0m
[3.430s] [ 43%] [32mBuilding CXX object CMakeFiles/cube_msgs__rosidl_typesupport_cpp.dir/rosidl_typesupport_cpp/cube_msgs/msg/color_pose_stamped__type_support.cpp.o[0m
[3.430s] [ 43%] [32mBuilding CXX object CMakeFiles/cube_msgs__rosidl_typesupport_c.dir/rosidl_typesupport_c/cube_msgs/msg/color_pose_stamped__type_support.cpp.o[0m
[3.430s] [ 43%] [32mBuilding CXX object CMakeFiles/cube_msgs__rosidl_typesupport_c.dir/rosidl_typesupport_c/cube_msgs/action/pick_and_place__type_support.cpp.o[0m
[3.430s] [ 45%] [32mBuilding CXX object CMakeFiles/cube_msgs__rosidl_typesupport_cpp.dir/rosidl_typesupport_cpp/cube_msgs/action/pick_and_place__type_support.cpp.o[0m
[3.484s] [ 47%] [32mBuilding CXX object CMakeFiles/cube_msgs__rosidl_typesupport_introspection_cpp.dir/rosidl_typesupport_introspection_cpp/cube_msgs/msg/detail/color_pose_stamped__type_support.cpp.o[0m
[3.485s] [ 50%] [32mBuilding CXX object CMakeFiles/cube_msgs__rosidl_typesupport_introspection_cpp.dir/rosidl_typesupport_introspection_cpp/cube_msgs/action/detail/pick_and_place__type_support.cpp.o[0m
[3.503s] [ 54%] [32mBuilding C object CMakeFiles/cube_msgs__rosidl_typesupport_introspection_c.dir/rosidl_typesupport_introspection_c/cube_msgs/msg/detail/color_pose_stamped__type_support.c.o[0m
[3.503s] [ 54%] [32mBuilding C object CMakeFiles/cube_msgs__rosidl_typesupport_introspection_c.dir/rosidl_typesupport_introspection_c/cube_msgs/action/detail/pick_and_place__type_support.c.o[0m
[3.555s] [ 56%] [32m[1mLinking CXX shared library libcube_msgs__rosidl_typesupport_c.so[0m
[3.617s] [ 59%] [32m[1mLinking C shared library libcube_msgs__rosidl_typesupport_introspection_c.so[0m
[3.647s] [ 59%] Built target cube_msgs__rosidl_typesupport_c
[3.668s] [ 61%] [32mBuilding CXX object CMakeFiles/cube_msgs__rosidl_typesupport_fastrtps_cpp.dir/rosidl_typesupport_fastrtps_cpp/cube_msgs/action/detail/dds_fastrtps/pick_and_place__type_support.cpp.o[0m
[3.672s] [ 63%] [32mBuilding CXX object CMakeFiles/cube_msgs__rosidl_typesupport_fastrtps_cpp.dir/rosidl_typesupport_fastrtps_cpp/cube_msgs/msg/detail/dds_fastrtps/color_pose_stamped__type_support.cpp.o[0m
[3.674s] [ 63%] Built target cube_msgs__rosidl_typesupport_introspection_c
[3.714s] [ 65%] [32mBuilding CXX object CMakeFiles/cube_msgs__rosidl_typesupport_fastrtps_c.dir/rosidl_typesupport_fastrtps_c/cube_msgs/msg/detail/color_pose_stamped__type_support_c.cpp.o[0m
[3.717s] [ 68%] [32mBuilding CXX object CMakeFiles/cube_msgs__rosidl_typesupport_fastrtps_c.dir/rosidl_typesupport_fastrtps_c/cube_msgs/action/detail/pick_and_place__type_support_c.cpp.o[0m
[4.406s] [ 70%] [32m[1mLinking CXX shared library libcube_msgs__rosidl_typesupport_cpp.so[0m
[4.472s] [ 72%] [32m[1mLinking CXX shared library libcube_msgs__rosidl_typesupport_fastrtps_c.so[0m
[4.478s] [ 75%] [32m[1mLinking CXX shared library libcube_msgs__rosidl_typesupport_introspection_cpp.so[0m
[4.551s] [ 75%] Built target cube_msgs__rosidl_typesupport_cpp
[4.612s] [ 75%] Built target cube_msgs__rosidl_typesupport_fastrtps_c
[4.624s] [ 75%] Built target cube_msgs__rosidl_typesupport_introspection_cpp
[4.836s] [ 77%] [32m[1mLinking CXX shared library libcube_msgs__rosidl_typesupport_fastrtps_cpp.so[0m
[4.912s] [ 77%] Built target cube_msgs__rosidl_typesupport_fastrtps_cpp
[4.935s] [ 77%] Built target cube_msgs
[4.959s] [ 79%] [34m[1mGenerating Python code for ROS interfaces[0m
[5.634s] [ 79%] Built target cube_msgs__py
[5.660s] [ 84%] [32mBuilding C object CMakeFiles/cube_msgs__rosidl_generator_py.dir/rosidl_generator_py/cube_msgs/msg/_color_pose_stamped_s.c.o[0m
[5.660s] [ 84%] [32mBuilding C object CMakeFiles/cube_msgs__rosidl_generator_py.dir/rosidl_generator_py/cube_msgs/action/_pick_and_place_s.c.o[0m
[5.868s] [ 86%] [32m[1mLinking C shared library libcube_msgs__rosidl_generator_py.so[0m
[5.920s] [ 86%] Built target cube_msgs__rosidl_generator_py
[5.951s] [ 93%] [32mBuilding C object CMakeFiles/cube_msgs_s__rosidl_typesupport_introspection_c.dir/rosidl_generator_py/cube_msgs/_cube_msgs_s.ep.rosidl_typesupport_introspection_c.c.o[0m
[5.951s] [ 93%] [32mBuilding C object CMakeFiles/cube_msgs_s__rosidl_typesupport_c.dir/rosidl_generator_py/cube_msgs/_cube_msgs_s.ep.rosidl_typesupport_c.c.o[0m
[5.951s] [ 93%] [32mBuilding C object CMakeFiles/cube_msgs_s__rosidl_typesupport_fastrtps_c.dir/rosidl_generator_py/cube_msgs/_cube_msgs_s.ep.rosidl_typesupport_fastrtps_c.c.o[0m
[6.079s] [ 97%] [32m[1mLinking C shared module rosidl_generator_py/cube_msgs/cube_msgs_s__rosidl_typesupport_c.so[0m
[6.079s] [ 97%] [32m[1mLinking C shared module rosidl_generator_py/cube_msgs/cube_msgs_s__rosidl_typesupport_introspection_c.so[0m
[6.083s] [100%] [32m[1mLinking C shared module rosidl_generator_py/cube_msgs/cube_msgs_s__rosidl_typesupport_fastrtps_c.so[0m
[6.118s] [100%] Built target cube_msgs_s__rosidl_typesupport_c
[6.118s] [100%] Built target cube_msgs_s__rosidl_typesupport_introspection_c
[6.121s] [100%] Built target cube_msgs_s__rosidl_typesupport_fastrtps_c
[6.136s] Invoked command in '/home/saber/robox_ws/build/cube_msgs' returned '0': CMAKE_PREFIX_PATH=/home/saber/robox_ws/install/robox_moveit_config:/home/saber/robox_ws/install/robox_arm:/home/saber/robox_ws/install/pilz_industrial_motion_planner_testutils:/home/saber/robox_ws/install/moveit_ros_control_interface:/home/saber/robox_ws/install/moveit_plugins:/home/saber/robox_ws/install/moveit_simple_controller_manager:/home/saber/robox_ws/install/moveit_ros_occupancy_map_monitor:/home/saber/robox_ws/install/moveit_resources_prbt_support:/home/saber/robox_ws/install/moveit_resources_prbt_ikfast_manipulator_plugin:/home/saber/robox_ws/install/moveit_planners_stomp:/home/saber/robox_ws/install/moveit_planners_chomp:/home/saber/robox_ws/install/chomp_motion_planner:/home/saber/robox_ws/install/moveit_core:/home/saber/robox_ws/install/moveit_common:/home/saber/robox_ws/install/cube_msgs:/home/saber/robox_ws/install/moveit_configs_utils:/home/saber/robox_ws/install/color_pose_publisher:/home/saber/robox_ws/install/arduinobot_py_examples:/opt/ros/jazzy:/home/saber/robox_ws/install/arduino_arm_hardware_interface:/opt/ros/jazzy/opt/gz_sim_vendor:/opt/ros/jazzy/opt/gz_sensors_vendor:/opt/ros/jazzy/opt/gz_physics_vendor:/opt/ros/jazzy/opt/sdformat_vendor:/opt/ros/jazzy/opt/gz_gui_vendor:/opt/ros/jazzy/opt/gz_transport_vendor:/opt/ros/jazzy/opt/gz_rendering_vendor:/opt/ros/jazzy/opt/gz_plugin_vendor:/opt/ros/jazzy/opt/gz_fuel_tools_vendor:/opt/ros/jazzy/opt/gz_msgs_vendor:/opt/ros/jazzy/opt/gz_common_vendor:/opt/ros/jazzy/opt/gz_math_vendor:/opt/ros/jazzy/opt/gz_utils_vendor:/opt/ros/jazzy/opt/gz_tools_vendor:/opt/ros/jazzy/opt/gz_ogre_next_vendor:/opt/ros/jazzy/opt/gz_dartsim_vendor:/opt/ros/jazzy/opt/gz_cmake_vendor DEBUGINFOD_URLS=https://debuginfod.ubuntu.com /usr/bin/cmake --build /home/saber/robox_ws/build/cube_msgs -- -j16 -l16
[6.137s] Invoking command in '/home/saber/robox_ws/build/cube_msgs': CMAKE_PREFIX_PATH=/home/saber/robox_ws/install/robox_moveit_config:/home/saber/robox_ws/install/robox_arm:/home/saber/robox_ws/install/pilz_industrial_motion_planner_testutils:/home/saber/robox_ws/install/moveit_ros_control_interface:/home/saber/robox_ws/install/moveit_plugins:/home/saber/robox_ws/install/moveit_simple_controller_manager:/home/saber/robox_ws/install/moveit_ros_occupancy_map_monitor:/home/saber/robox_ws/install/moveit_resources_prbt_support:/home/saber/robox_ws/install/moveit_resources_prbt_ikfast_manipulator_plugin:/home/saber/robox_ws/install/moveit_planners_stomp:/home/saber/robox_ws/install/moveit_planners_chomp:/home/saber/robox_ws/install/chomp_motion_planner:/home/saber/robox_ws/install/moveit_core:/home/saber/robox_ws/install/moveit_common:/home/saber/robox_ws/install/cube_msgs:/home/saber/robox_ws/install/moveit_configs_utils:/home/saber/robox_ws/install/color_pose_publisher:/home/saber/robox_ws/install/arduinobot_py_examples:/opt/ros/jazzy:/home/saber/robox_ws/install/arduino_arm_hardware_interface:/opt/ros/jazzy/opt/gz_sim_vendor:/opt/ros/jazzy/opt/gz_sensors_vendor:/opt/ros/jazzy/opt/gz_physics_vendor:/opt/ros/jazzy/opt/sdformat_vendor:/opt/ros/jazzy/opt/gz_gui_vendor:/opt/ros/jazzy/opt/gz_transport_vendor:/opt/ros/jazzy/opt/gz_rendering_vendor:/opt/ros/jazzy/opt/gz_plugin_vendor:/opt/ros/jazzy/opt/gz_fuel_tools_vendor:/opt/ros/jazzy/opt/gz_msgs_vendor:/opt/ros/jazzy/opt/gz_common_vendor:/opt/ros/jazzy/opt/gz_math_vendor:/opt/ros/jazzy/opt/gz_utils_vendor:/opt/ros/jazzy/opt/gz_tools_vendor:/opt/ros/jazzy/opt/gz_ogre_next_vendor:/opt/ros/jazzy/opt/gz_dartsim_vendor:/opt/ros/jazzy/opt/gz_cmake_vendor DEBUGINFOD_URLS=https://debuginfod.ubuntu.com /usr/bin/cmake --install /home/saber/robox_ws/build/cube_msgs
[6.147s] -- Install configuration: ""
[6.147s] -- Installing: /home/saber/robox_ws/install/cube_msgs/share/ament_index/resource_index/rosidl_interfaces/cube_msgs
[6.147s] -- Installing: /home/saber/robox_ws/install/cube_msgs/share/cube_msgs/msg/ColorPoseStamped.json
[6.148s] -- Installing: /home/saber/robox_ws/install/cube_msgs/share/cube_msgs/action/PickAndPlace.json
[6.148s] -- Up-to-date: /home/saber/robox_ws/install/cube_msgs/include/cube_msgs/cube_msgs
[6.148s] -- Up-to-date: /home/saber/robox_ws/install/cube_msgs/include/cube_msgs/cube_msgs/msg
[6.148s] -- Up-to-date: /home/saber/robox_ws/install/cube_msgs/include/cube_msgs/cube_msgs/msg/rosidl_generator_c__visibility_control.h
[6.148s] -- Installing: /home/saber/robox_ws/install/cube_msgs/include/cube_msgs/cube_msgs/msg/color_pose_stamped.h
[6.148s] -- Up-to-date: /home/saber/robox_ws/install/cube_msgs/include/cube_msgs/cube_msgs/msg/detail
[6.148s] -- Installing: /home/saber/robox_ws/install/cube_msgs/include/cube_msgs/cube_msgs/msg/detail/color_pose_stamped__type_support.h
[6.148s] -- Installing: /home/saber/robox_ws/install/cube_msgs/include/cube_msgs/cube_msgs/msg/detail/color_pose_stamped__struct.h
[6.148s] -- Installing: /home/saber/robox_ws/install/cube_msgs/include/cube_msgs/cube_msgs/msg/detail/color_pose_stamped__type_support.c
[6.148s] -- Installing: /home/saber/robox_ws/install/cube_msgs/include/cube_msgs/cube_msgs/msg/detail/color_pose_stamped__functions.h
[6.149s] -- Installing: /home/saber/robox_ws/install/cube_msgs/include/cube_msgs/cube_msgs/msg/detail/color_pose_stamped__description.c
[6.149s] -- Installing: /home/saber/robox_ws/install/cube_msgs/include/cube_msgs/cube_msgs/msg/detail/color_pose_stamped__functions.c
[6.149s] -- Installing: /home/saber/robox_ws/install/cube_msgs/include/cube_msgs/cube_msgs/action
[6.149s] -- Installing: /home/saber/robox_ws/install/cube_msgs/include/cube_msgs/cube_msgs/action/pick_and_place.h
[6.149s] -- Installing: /home/saber/robox_ws/install/cube_msgs/include/cube_msgs/cube_msgs/action/detail
[6.149s] -- Installing: /home/saber/robox_ws/install/cube_msgs/include/cube_msgs/cube_msgs/action/detail/pick_and_place__description.c
[6.149s] -- Installing: /home/saber/robox_ws/install/cube_msgs/include/cube_msgs/cube_msgs/action/detail/pick_and_place__functions.h
[6.149s] -- Installing: /home/saber/robox_ws/install/cube_msgs/include/cube_msgs/cube_msgs/action/detail/pick_and_place__type_support.h
[6.150s] -- Installing: /home/saber/robox_ws/install/cube_msgs/include/cube_msgs/cube_msgs/action/detail/pick_and_place__functions.c
[6.150s] -- Installing: /home/saber/robox_ws/install/cube_msgs/include/cube_msgs/cube_msgs/action/detail/pick_and_place__type_support.c
[6.150s] -- Installing: /home/saber/robox_ws/install/cube_msgs/include/cube_msgs/cube_msgs/action/detail/pick_and_place__struct.h
[6.150s] -- Up-to-date: /home/saber/robox_ws/install/cube_msgs/share/cube_msgs/environment/library_path.sh
[6.150s] -- Up-to-date: /home/saber/robox_ws/install/cube_msgs/share/cube_msgs/environment/library_path.dsv
[6.150s] -- Installing: /home/saber/robox_ws/install/cube_msgs/lib/libcube_msgs__rosidl_generator_c.so
[6.151s] -- Set non-toolchain portion of runtime path of "/home/saber/robox_ws/install/cube_msgs/lib/libcube_msgs__rosidl_generator_c.so" to ""
[6.151s] -- Up-to-date: /home/saber/robox_ws/install/cube_msgs/include/cube_msgs/cube_msgs
[6.151s] -- Up-to-date: /home/saber/robox_ws/install/cube_msgs/include/cube_msgs/cube_msgs/msg
[6.151s] -- Up-to-date: /home/saber/robox_ws/install/cube_msgs/include/cube_msgs/cube_msgs/msg/rosidl_typesupport_fastrtps_c__visibility_control.h
[6.151s] -- Up-to-date: /home/saber/robox_ws/install/cube_msgs/include/cube_msgs/cube_msgs/msg/detail
[6.151s] -- Installing: /home/saber/robox_ws/install/cube_msgs/include/cube_msgs/cube_msgs/msg/detail/color_pose_stamped__rosidl_typesupport_fastrtps_c.h
[6.151s] -- Up-to-date: /home/saber/robox_ws/install/cube_msgs/include/cube_msgs/cube_msgs/action
[6.151s] -- Up-to-date: /home/saber/robox_ws/install/cube_msgs/include/cube_msgs/cube_msgs/action/detail
[6.152s] -- Installing: /home/saber/robox_ws/install/cube_msgs/include/cube_msgs/cube_msgs/action/detail/pick_and_place__rosidl_typesupport_fastrtps_c.h
[6.152s] -- Installing: /home/saber/robox_ws/install/cube_msgs/lib/libcube_msgs__rosidl_typesupport_fastrtps_c.so
[6.152s] -- Set non-toolchain portion of runtime path of "/home/saber/robox_ws/install/cube_msgs/lib/libcube_msgs__rosidl_typesupport_fastrtps_c.so" to ""
[6.152s] -- Up-to-date: /home/saber/robox_ws/install/cube_msgs/include/cube_msgs/cube_msgs
[6.152s] -- Up-to-date: /home/saber/robox_ws/install/cube_msgs/include/cube_msgs/cube_msgs/msg
[6.152s] -- Up-to-date: /home/saber/robox_ws/install/cube_msgs/include/cube_msgs/cube_msgs/msg/rosidl_typesupport_introspection_c__visibility_control.h
[6.152s] -- Up-to-date: /home/saber/robox_ws/install/cube_msgs/include/cube_msgs/cube_msgs/msg/detail
[6.152s] -- Up-to-date: /home/saber/robox_ws/install/cube_msgs/include/cube_msgs/cube_msgs/msg/detail/color_pose_stamped__type_support.c
[6.152s] -- Installing: /home/saber/robox_ws/install/cube_msgs/include/cube_msgs/cube_msgs/msg/detail/color_pose_stamped__rosidl_typesupport_introspection_c.h
[6.152s] -- Up-to-date: /home/saber/robox_ws/install/cube_msgs/include/cube_msgs/cube_msgs/action
[6.152s] -- Up-to-date: /home/saber/robox_ws/install/cube_msgs/include/cube_msgs/cube_msgs/action/detail
[6.153s] -- Up-to-date: /home/saber/robox_ws/install/cube_msgs/include/cube_msgs/cube_msgs/action/detail/pick_and_place__type_support.c
[6.153s] -- Installing: /home/saber/robox_ws/install/cube_msgs/include/cube_msgs/cube_msgs/action/detail/pick_and_place__rosidl_typesupport_introspection_c.h
[6.153s] -- Installing: /home/saber/robox_ws/install/cube_msgs/lib/libcube_msgs__rosidl_typesupport_introspection_c.so
[6.153s] -- Set non-toolchain portion of runtime path of "/home/saber/robox_ws/install/cube_msgs/lib/libcube_msgs__rosidl_typesupport_introspection_c.so" to ""
[6.153s] -- Installing: /home/saber/robox_ws/install/cube_msgs/lib/libcube_msgs__rosidl_typesupport_c.so
[6.154s] -- Set non-toolchain portion of runtime path of "/home/saber/robox_ws/install/cube_msgs/lib/libcube_msgs__rosidl_typesupport_c.so" to ""
[6.154s] -- Up-to-date: /home/saber/robox_ws/install/cube_msgs/include/cube_msgs/cube_msgs
[6.154s] -- Up-to-date: /home/saber/robox_ws/install/cube_msgs/include/cube_msgs/cube_msgs/msg
[6.154s] -- Installing: /home/saber/robox_ws/install/cube_msgs/include/cube_msgs/cube_msgs/msg/color_pose_stamped.hpp
[6.154s] -- Up-to-date: /home/saber/robox_ws/install/cube_msgs/include/cube_msgs/cube_msgs/msg/detail
[6.154s] -- Installing: /home/saber/robox_ws/install/cube_msgs/include/cube_msgs/cube_msgs/msg/detail/color_pose_stamped__traits.hpp
[6.154s] -- Installing: /home/saber/robox_ws/install/cube_msgs/include/cube_msgs/cube_msgs/msg/detail/color_pose_stamped__builder.hpp
[6.154s] -- Installing: /home/saber/robox_ws/install/cube_msgs/include/cube_msgs/cube_msgs/msg/detail/color_pose_stamped__type_support.hpp
[6.154s] -- Installing: /home/saber/robox_ws/install/cube_msgs/include/cube_msgs/cube_msgs/msg/detail/color_pose_stamped__struct.hpp
[6.154s] -- Installing: /home/saber/robox_ws/install/cube_msgs/include/cube_msgs/cube_msgs/msg/rosidl_generator_cpp__visibility_control.hpp
[6.155s] -- Up-to-date: /home/saber/robox_ws/install/cube_msgs/include/cube_msgs/cube_msgs/action
[6.155s] -- Up-to-date: /home/saber/robox_ws/install/cube_msgs/include/cube_msgs/cube_msgs/action/detail
[6.155s] -- Installing: /home/saber/robox_ws/install/cube_msgs/include/cube_msgs/cube_msgs/action/detail/pick_and_place__traits.hpp
[6.155s] -- Installing: /home/saber/robox_ws/install/cube_msgs/include/cube_msgs/cube_msgs/action/detail/pick_and_place__builder.hpp
[6.155s] -- Installing: /home/saber/robox_ws/install/cube_msgs/include/cube_msgs/cube_msgs/action/detail/pick_and_place__struct.hpp
[6.155s] -- Installing: /home/saber/robox_ws/install/cube_msgs/include/cube_msgs/cube_msgs/action/detail/pick_and_place__type_support.hpp
[6.155s] -- Installing: /home/saber/robox_ws/install/cube_msgs/include/cube_msgs/cube_msgs/action/pick_and_place.hpp
[6.155s] -- Up-to-date: /home/saber/robox_ws/install/cube_msgs/include/cube_msgs/cube_msgs
[6.155s] -- Up-to-date: /home/saber/robox_ws/install/cube_msgs/include/cube_msgs/cube_msgs/msg
[6.155s] -- Up-to-date: /home/saber/robox_ws/install/cube_msgs/include/cube_msgs/cube_msgs/msg/rosidl_typesupport_fastrtps_cpp__visibility_control.h
[6.156s] -- Up-to-date: /home/saber/robox_ws/install/cube_msgs/include/cube_msgs/cube_msgs/msg/detail
[6.156s] -- Installing: /home/saber/robox_ws/install/cube_msgs/include/cube_msgs/cube_msgs/msg/detail/color_pose_stamped__rosidl_typesupport_fastrtps_cpp.hpp
[6.156s] -- Up-to-date: /home/saber/robox_ws/install/cube_msgs/include/cube_msgs/cube_msgs/msg/detail/dds_fastrtps
[6.156s] -- Up-to-date: /home/saber/robox_ws/install/cube_msgs/include/cube_msgs/cube_msgs/action
[6.156s] -- Up-to-date: /home/saber/robox_ws/install/cube_msgs/include/cube_msgs/cube_msgs/action/detail
[6.156s] -- Installing: /home/saber/robox_ws/install/cube_msgs/include/cube_msgs/cube_msgs/action/detail/pick_and_place__rosidl_typesupport_fastrtps_cpp.hpp
[6.156s] -- Installing: /home/saber/robox_ws/install/cube_msgs/include/cube_msgs/cube_msgs/action/detail/dds_fastrtps
[6.156s] -- Installing: /home/saber/robox_ws/install/cube_msgs/lib/libcube_msgs__rosidl_typesupport_fastrtps_cpp.so
[6.157s] -- Set non-toolchain portion of runtime path of "/home/saber/robox_ws/install/cube_msgs/lib/libcube_msgs__rosidl_typesupport_fastrtps_cpp.so" to ""
[6.157s] -- Up-to-date: /home/saber/robox_ws/install/cube_msgs/include/cube_msgs/cube_msgs
[6.157s] -- Up-to-date: /home/saber/robox_ws/install/cube_msgs/include/cube_msgs/cube_msgs/msg
[6.157s] -- Up-to-date: /home/saber/robox_ws/install/cube_msgs/include/cube_msgs/cube_msgs/msg/detail
[6.157s] -- Installing: /home/saber/robox_ws/install/cube_msgs/include/cube_msgs/cube_msgs/msg/detail/color_pose_stamped__type_support.cpp
[6.157s] -- Installing: /home/saber/robox_ws/install/cube_msgs/include/cube_msgs/cube_msgs/msg/detail/color_pose_stamped__rosidl_typesupport_introspection_cpp.hpp
[6.157s] -- Up-to-date: /home/saber/robox_ws/install/cube_msgs/include/cube_msgs/cube_msgs/action
[6.157s] -- Up-to-date: /home/saber/robox_ws/install/cube_msgs/include/cube_msgs/cube_msgs/action/detail
[6.157s] -- Installing: /home/saber/robox_ws/install/cube_msgs/include/cube_msgs/cube_msgs/action/detail/pick_and_place__rosidl_typesupport_introspection_cpp.hpp
[6.157s] -- Installing: /home/saber/robox_ws/install/cube_msgs/include/cube_msgs/cube_msgs/action/detail/pick_and_place__type_support.cpp
[6.158s] -- Installing: /home/saber/robox_ws/install/cube_msgs/lib/libcube_msgs__rosidl_typesupport_introspection_cpp.so
[6.158s] -- Set non-toolchain portion of runtime path of "/home/saber/robox_ws/install/cube_msgs/lib/libcube_msgs__rosidl_typesupport_introspection_cpp.so" to ""
[6.159s] -- Installing: /home/saber/robox_ws/install/cube_msgs/lib/libcube_msgs__rosidl_typesupport_cpp.so
[6.159s] -- Set non-toolchain portion of runtime path of "/home/saber/robox_ws/install/cube_msgs/lib/libcube_msgs__rosidl_typesupport_cpp.so" to ""
[6.159s] -- Up-to-date: /home/saber/robox_ws/install/cube_msgs/share/cube_msgs/environment/pythonpath.sh
[6.159s] -- Up-to-date: /home/saber/robox_ws/install/cube_msgs/share/cube_msgs/environment/pythonpath.dsv
[6.159s] -- Up-to-date: /home/saber/robox_ws/install/cube_msgs/lib/python3.12/site-packages/cube_msgs-0.0.0-py3.12.egg-info
[6.159s] -- Installing: /home/saber/robox_ws/install/cube_msgs/lib/python3.12/site-packages/cube_msgs-0.0.0-py3.12.egg-info/top_level.txt
[6.160s] -- Installing: /home/saber/robox_ws/install/cube_msgs/lib/python3.12/site-packages/cube_msgs-0.0.0-py3.12.egg-info/SOURCES.txt
[6.160s] -- Installing: /home/saber/robox_ws/install/cube_msgs/lib/python3.12/site-packages/cube_msgs-0.0.0-py3.12.egg-info/dependency_links.txt
[6.160s] -- Installing: /home/saber/robox_ws/install/cube_msgs/lib/python3.12/site-packages/cube_msgs-0.0.0-py3.12.egg-info/PKG-INFO
[6.160s] -- Up-to-date: /home/saber/robox_ws/install/cube_msgs/lib/python3.12/site-packages/cube_msgs
[6.160s] -- Installing: /home/saber/robox_ws/install/cube_msgs/lib/python3.12/site-packages/cube_msgs/__init__.py
[6.160s] -- Installing: /home/saber/robox_ws/install/cube_msgs/lib/python3.12/site-packages/cube_msgs/cube_msgs_s__rosidl_typesupport_c.so
[6.160s] -- Installing: /home/saber/robox_ws/install/cube_msgs/lib/python3.12/site-packages/cube_msgs/cube_msgs_s__rosidl_typesupport_fastrtps_c.so
[6.160s] -- Installing: /home/saber/robox_ws/install/cube_msgs/lib/python3.12/site-packages/cube_msgs/_cube_msgs_s.ep.rosidl_typesupport_introspection_c.c
[6.161s] -- Up-to-date: /home/saber/robox_ws/install/cube_msgs/lib/python3.12/site-packages/cube_msgs/msg
[6.161s] -- Installing: /home/saber/robox_ws/install/cube_msgs/lib/python3.12/site-packages/cube_msgs/msg/_color_pose_stamped.py
[6.161s] -- Installing: /home/saber/robox_ws/install/cube_msgs/lib/python3.12/site-packages/cube_msgs/msg/__init__.py
[6.161s] -- Installing: /home/saber/robox_ws/install/cube_msgs/lib/python3.12/site-packages/cube_msgs/msg/_color_pose_stamped_s.c
[6.161s] -- Installing: /home/saber/robox_ws/install/cube_msgs/lib/python3.12/site-packages/cube_msgs/action
[6.161s] -- Installing: /home/saber/robox_ws/install/cube_msgs/lib/python3.12/site-packages/cube_msgs/action/__init__.py
[6.161s] -- Installing: /home/saber/robox_ws/install/cube_msgs/lib/python3.12/site-packages/cube_msgs/action/_pick_and_place.py
[6.162s] -- Installing: /home/saber/robox_ws/install/cube_msgs/lib/python3.12/site-packages/cube_msgs/action/_pick_and_place_s.c
[6.162s] -- Installing: /home/saber/robox_ws/install/cube_msgs/lib/python3.12/site-packages/cube_msgs/_cube_msgs_s.ep.rosidl_typesupport_fastrtps_c.c
[6.162s] -- Installing: /home/saber/robox_ws/install/cube_msgs/lib/python3.12/site-packages/cube_msgs/cube_msgs_s__rosidl_typesupport_introspection_c.so
[6.162s] -- Installing: /home/saber/robox_ws/install/cube_msgs/lib/python3.12/site-packages/cube_msgs/_cube_msgs_s.ep.rosidl_typesupport_c.c
[6.213s] Listing '/home/saber/robox_ws/install/cube_msgs/lib/python3.12/site-packages/cube_msgs'...
[6.213s] Compiling '/home/saber/robox_ws/install/cube_msgs/lib/python3.12/site-packages/cube_msgs/__init__.py'...
[6.213s] Listing '/home/saber/robox_ws/install/cube_msgs/lib/python3.12/site-packages/cube_msgs/action'...
[6.213s] Compiling '/home/saber/robox_ws/install/cube_msgs/lib/python3.12/site-packages/cube_msgs/action/__init__.py'...
[6.213s] Compiling '/home/saber/robox_ws/install/cube_msgs/lib/python3.12/site-packages/cube_msgs/action/_pick_and_place.py'...
[6.213s] Listing '/home/saber/robox_ws/install/cube_msgs/lib/python3.12/site-packages/cube_msgs/msg'...
[6.213s] Compiling '/home/saber/robox_ws/install/cube_msgs/lib/python3.12/site-packages/cube_msgs/msg/__init__.py'...
[6.214s] Compiling '/home/saber/robox_ws/install/cube_msgs/lib/python3.12/site-packages/cube_msgs/msg/_color_pose_stamped.py'...
[6.219s] -- Installing: /home/saber/robox_ws/install/cube_msgs/lib/python3.12/site-packages/cube_msgs/cube_msgs_s__rosidl_typesupport_fastrtps_c.so
[6.219s] -- Set non-toolchain portion of runtime path of "/home/saber/robox_ws/install/cube_msgs/lib/python3.12/site-packages/cube_msgs/cube_msgs_s__rosidl_typesupport_fastrtps_c.so" to ""
[6.219s] -- Installing: /home/saber/robox_ws/install/cube_msgs/lib/python3.12/site-packages/cube_msgs/cube_msgs_s__rosidl_typesupport_introspection_c.so
[6.220s] -- Set non-toolchain portion of runtime path of "/home/saber/robox_ws/install/cube_msgs/lib/python3.12/site-packages/cube_msgs/cube_msgs_s__rosidl_typesupport_introspection_c.so" to ""
[6.220s] -- Installing: /home/saber/robox_ws/install/cube_msgs/lib/python3.12/site-packages/cube_msgs/cube_msgs_s__rosidl_typesupport_c.so
[6.220s] -- Set non-toolchain portion of runtime path of "/home/saber/robox_ws/install/cube_msgs/lib/python3.12/site-packages/cube_msgs/cube_msgs_s__rosidl_typesupport_c.so" to ""
[6.221s] -- Installing: /home/saber/robox_ws/install/cube_msgs/lib/libcube_msgs__rosidl_generator_py.so
[6.221s] -- Set non-toolchain portion of runtime path of "/home/saber/robox_ws/install/cube_msgs/lib/libcube_msgs__rosidl_generator_py.so" to ""
[6.221s] -- Up-to-date: /home/saber/robox_ws/install/cube_msgs/share/cube_msgs/msg/ColorPoseStamped.idl
[6.221s] -- Installing: /home/saber/robox_ws/install/cube_msgs/share/cube_msgs/action/PickAndPlace.idl
[6.221s] -- Up-to-date: /home/saber/robox_ws/install/cube_msgs/share/cube_msgs/msg/ColorPoseStamped.msg
[6.221s] -- Installing: /home/saber/robox_ws/install/cube_msgs/share/cube_msgs/action/PickAndPlace.action
[6.221s] -- Up-to-date: /home/saber/robox_ws/install/cube_msgs/share/ament_index/resource_index/package_run_dependencies/cube_msgs
[6.221s] -- Installing: /home/saber/robox_ws/install/cube_msgs/share/ament_index/resource_index/parent_prefix_path/cube_msgs
[6.222s] -- Up-to-date: /home/saber/robox_ws/install/cube_msgs/share/cube_msgs/environment/ament_prefix_path.sh
[6.222s] -- Up-to-date: /home/saber/robox_ws/install/cube_msgs/share/cube_msgs/environment/ament_prefix_path.dsv
[6.222s] -- Up-to-date: /home/saber/robox_ws/install/cube_msgs/share/cube_msgs/environment/path.sh
[6.222s] -- Up-to-date: /home/saber/robox_ws/install/cube_msgs/share/cube_msgs/environment/path.dsv
[6.222s] -- Up-to-date: /home/saber/robox_ws/install/cube_msgs/share/cube_msgs/local_setup.bash
[6.222s] -- Up-to-date: /home/saber/robox_ws/install/cube_msgs/share/cube_msgs/local_setup.sh
[6.222s] -- Up-to-date: /home/saber/robox_ws/install/cube_msgs/share/cube_msgs/local_setup.zsh
[6.222s] -- Up-to-date: /home/saber/robox_ws/install/cube_msgs/share/cube_msgs/local_setup.dsv
[6.222s] -- Installing: /home/saber/robox_ws/install/cube_msgs/share/cube_msgs/package.dsv
[6.222s] -- Up-to-date: /home/saber/robox_ws/install/cube_msgs/share/ament_index/resource_index/packages/cube_msgs
[6.222s] -- Old export file "/home/saber/robox_ws/install/cube_msgs/share/cube_msgs/cmake/export_cube_msgs__rosidl_generator_cExport.cmake" will be replaced.  Removing files [/home/saber/robox_ws/install/cube_msgs/share/cube_msgs/cmake/export_cube_msgs__rosidl_generator_cExport-noconfig.cmake].
[6.222s] -- Installing: /home/saber/robox_ws/install/cube_msgs/share/cube_msgs/cmake/export_cube_msgs__rosidl_generator_cExport.cmake
[6.222s] -- Installing: /home/saber/robox_ws/install/cube_msgs/share/cube_msgs/cmake/export_cube_msgs__rosidl_generator_cExport-noconfig.cmake
[6.223s] -- Old export file "/home/saber/robox_ws/install/cube_msgs/share/cube_msgs/cmake/export_cube_msgs__rosidl_typesupport_fastrtps_cExport.cmake" will be replaced.  Removing files [/home/saber/robox_ws/install/cube_msgs/share/cube_msgs/cmake/export_cube_msgs__rosidl_typesupport_fastrtps_cExport-noconfig.cmake].
[6.223s] -- Installing: /home/saber/robox_ws/install/cube_msgs/share/cube_msgs/cmake/export_cube_msgs__rosidl_typesupport_fastrtps_cExport.cmake
[6.223s] -- Installing: /home/saber/robox_ws/install/cube_msgs/share/cube_msgs/cmake/export_cube_msgs__rosidl_typesupport_fastrtps_cExport-noconfig.cmake
[6.223s] -- Old export file "/home/saber/robox_ws/install/cube_msgs/share/cube_msgs/cmake/cube_msgs__rosidl_typesupport_introspection_cExport.cmake" will be replaced.  Removing files [/home/saber/robox_ws/install/cube_msgs/share/cube_msgs/cmake/cube_msgs__rosidl_typesupport_introspection_cExport-noconfig.cmake].
[6.223s] -- Installing: /home/saber/robox_ws/install/cube_msgs/share/cube_msgs/cmake/cube_msgs__rosidl_typesupport_introspection_cExport.cmake
[6.223s] -- Installing: /home/saber/robox_ws/install/cube_msgs/share/cube_msgs/cmake/cube_msgs__rosidl_typesupport_introspection_cExport-noconfig.cmake
[6.224s] -- Old export file "/home/saber/robox_ws/install/cube_msgs/share/cube_msgs/cmake/cube_msgs__rosidl_typesupport_cExport.cmake" will be replaced.  Removing files [/home/saber/robox_ws/install/cube_msgs/share/cube_msgs/cmake/cube_msgs__rosidl_typesupport_cExport-noconfig.cmake].
[6.224s] -- Installing: /home/saber/robox_ws/install/cube_msgs/share/cube_msgs/cmake/cube_msgs__rosidl_typesupport_cExport.cmake
[6.224s] -- Installing: /home/saber/robox_ws/install/cube_msgs/share/cube_msgs/cmake/cube_msgs__rosidl_typesupport_cExport-noconfig.cmake
[6.224s] -- Installing: /home/saber/robox_ws/install/cube_msgs/share/cube_msgs/cmake/export_cube_msgs__rosidl_generator_cppExport.cmake
[6.224s] -- Old export file "/home/saber/robox_ws/install/cube_msgs/share/cube_msgs/cmake/export_cube_msgs__rosidl_typesupport_fastrtps_cppExport.cmake" will be replaced.  Removing files [/home/saber/robox_ws/install/cube_msgs/share/cube_msgs/cmake/export_cube_msgs__rosidl_typesupport_fastrtps_cppExport-noconfig.cmake].
[6.224s] -- Installing: /home/saber/robox_ws/install/cube_msgs/share/cube_msgs/cmake/export_cube_msgs__rosidl_typesupport_fastrtps_cppExport.cmake
[6.224s] -- Installing: /home/saber/robox_ws/install/cube_msgs/share/cube_msgs/cmake/export_cube_msgs__rosidl_typesupport_fastrtps_cppExport-noconfig.cmake
[6.225s] -- Old export file "/home/saber/robox_ws/install/cube_msgs/share/cube_msgs/cmake/cube_msgs__rosidl_typesupport_introspection_cppExport.cmake" will be replaced.  Removing files [/home/saber/robox_ws/install/cube_msgs/share/cube_msgs/cmake/cube_msgs__rosidl_typesupport_introspection_cppExport-noconfig.cmake].
[6.225s] -- Installing: /home/saber/robox_ws/install/cube_msgs/share/cube_msgs/cmake/cube_msgs__rosidl_typesupport_introspection_cppExport.cmake
[6.225s] -- Installing: /home/saber/robox_ws/install/cube_msgs/share/cube_msgs/cmake/cube_msgs__rosidl_typesupport_introspection_cppExport-noconfig.cmake
[6.225s] -- Old export file "/home/saber/robox_ws/install/cube_msgs/share/cube_msgs/cmake/cube_msgs__rosidl_typesupport_cppExport.cmake" will be replaced.  Removing files [/home/saber/robox_ws/install/cube_msgs/share/cube_msgs/cmake/cube_msgs__rosidl_typesupport_cppExport-noconfig.cmake].
[6.225s] -- Installing: /home/saber/robox_ws/install/cube_msgs/share/cube_msgs/cmake/cube_msgs__rosidl_typesupport_cppExport.cmake
[6.225s] -- Installing: /home/saber/robox_ws/install/cube_msgs/share/cube_msgs/cmake/cube_msgs__rosidl_typesupport_cppExport-noconfig.cmake
[6.226s] -- Up-to-date: /home/saber/robox_ws/install/cube_msgs/share/cube_msgs/cmake/export_cube_msgs__rosidl_generator_pyExport.cmake
[6.226s] -- Installing: /home/saber/robox_ws/install/cube_msgs/share/cube_msgs/cmake/export_cube_msgs__rosidl_generator_pyExport-noconfig.cmake
[6.226s] -- Installing: /home/saber/robox_ws/install/cube_msgs/share/cube_msgs/cmake/rosidl_cmake-extras.cmake
[6.226s] -- Installing: /home/saber/robox_ws/install/cube_msgs/share/cube_msgs/cmake/ament_cmake_export_dependencies-extras.cmake
[6.226s] -- Up-to-date: /home/saber/robox_ws/install/cube_msgs/share/cube_msgs/cmake/ament_cmake_export_include_directories-extras.cmake
[6.226s] -- Up-to-date: /home/saber/robox_ws/install/cube_msgs/share/cube_msgs/cmake/ament_cmake_export_libraries-extras.cmake
[6.226s] -- Up-to-date: /home/saber/robox_ws/install/cube_msgs/share/cube_msgs/cmake/ament_cmake_export_targets-extras.cmake
[6.226s] -- Up-to-date: /home/saber/robox_ws/install/cube_msgs/share/cube_msgs/cmake/rosidl_cmake_export_typesupport_targets-extras.cmake
[6.226s] -- Up-to-date: /home/saber/robox_ws/install/cube_msgs/share/cube_msgs/cmake/rosidl_cmake_export_typesupport_libraries-extras.cmake
[6.226s] -- Up-to-date: /home/saber/robox_ws/install/cube_msgs/share/cube_msgs/cmake/cube_msgsConfig.cmake
[6.226s] -- Up-to-date: /home/saber/robox_ws/install/cube_msgs/share/cube_msgs/cmake/cube_msgsConfig-version.cmake
[6.227s] -- Up-to-date: /home/saber/robox_ws/install/cube_msgs/share/cube_msgs/package.xml
[6.229s] Invoked command in '/home/saber/robox_ws/build/cube_msgs' returned '0': CMAKE_PREFIX_PATH=/home/saber/robox_ws/install/robox_moveit_config:/home/saber/robox_ws/install/robox_arm:/home/saber/robox_ws/install/pilz_industrial_motion_planner_testutils:/home/saber/robox_ws/install/moveit_ros_control_interface:/home/saber/robox_ws/install/moveit_plugins:/home/saber/robox_ws/install/moveit_simple_controller_manager:/home/saber/robox_ws/install/moveit_ros_occupancy_map_monitor:/home/saber/robox_ws/install/moveit_resources_prbt_support:/home/saber/robox_ws/install/moveit_resources_prbt_ikfast_manipulator_plugin:/home/saber/robox_ws/install/moveit_planners_stomp:/home/saber/robox_ws/install/moveit_planners_chomp:/home/saber/robox_ws/install/chomp_motion_planner:/home/saber/robox_ws/install/moveit_core:/home/saber/robox_ws/install/moveit_common:/home/saber/robox_ws/install/cube_msgs:/home/saber/robox_ws/install/moveit_configs_utils:/home/saber/robox_ws/install/color_pose_publisher:/home/saber/robox_ws/install/arduinobot_py_examples:/opt/ros/jazzy:/home/saber/robox_ws/install/arduino_arm_hardware_interface:/opt/ros/jazzy/opt/gz_sim_vendor:/opt/ros/jazzy/opt/gz_sensors_vendor:/opt/ros/jazzy/opt/gz_physics_vendor:/opt/ros/jazzy/opt/sdformat_vendor:/opt/ros/jazzy/opt/gz_gui_vendor:/opt/ros/jazzy/opt/gz_transport_vendor:/opt/ros/jazzy/opt/gz_rendering_vendor:/opt/ros/jazzy/opt/gz_plugin_vendor:/opt/ros/jazzy/opt/gz_fuel_tools_vendor:/opt/ros/jazzy/opt/gz_msgs_vendor:/opt/ros/jazzy/opt/gz_common_vendor:/opt/ros/jazzy/opt/gz_math_vendor:/opt/ros/jazzy/opt/gz_utils_vendor:/opt/ros/jazzy/opt/gz_tools_vendor:/opt/ros/jazzy/opt/gz_ogre_next_vendor:/opt/ros/jazzy/opt/gz_dartsim_vendor:/opt/ros/jazzy/opt/gz_cmake_vendor DEBUGINFOD_URLS=https://debuginfod.ubuntu.com /usr/bin/cmake --install /home/saber/robox_ws/build/cube_msgs
