[0.010s] Invoking command in '/home/saber/robox_ws/build/robox_moveit_config': CMAKE_PREFIX_PATH=${CMAKE_PREFIX_PATH}:/home/saber/robox_ws/install/arduinobot_py_examples:/home/saber/robox_ws/install/moveit_configs_utils:/opt/ros/jazzy DEBUGINFOD_URLS=https://debuginfod.ubuntu.com /usr/bin/cmake --build /home/saber/robox_ws/build/robox_moveit_config -- -j16 -l16
[0.054s] Invoked command in '/home/saber/robox_ws/build/robox_moveit_config' returned '0': CMAKE_PREFIX_PATH=${CMAKE_PREFIX_PATH}:/home/saber/robox_ws/install/arduinobot_py_examples:/home/saber/robox_ws/install/moveit_configs_utils:/opt/ros/jazzy DEBUGINFOD_URLS=https://debuginfod.ubuntu.com /usr/bin/cmake --build /home/saber/robox_ws/build/robox_moveit_config -- -j16 -l16
[0.055s] Invoking command in '/home/saber/robox_ws/build/robox_moveit_config': CMAKE_PREFIX_PATH=${CMAKE_PREFIX_PATH}:/home/saber/robox_ws/install/arduinobot_py_examples:/home/saber/robox_ws/install/moveit_configs_utils:/opt/ros/jazzy DEBUGINFOD_URLS=https://debuginfod.ubuntu.com /usr/bin/cmake --install /home/saber/robox_ws/build/robox_moveit_config
[0.063s] -- Install configuration: ""
[0.064s] -- Up-to-date: /home/saber/robox_ws/install/robox_moveit_config/share/ament_index/resource_index/package_run_dependencies/robox_moveit_config
[0.064s] -- Up-to-date: /home/saber/robox_ws/install/robox_moveit_config/share/ament_index/resource_index/parent_prefix_path/robox_moveit_config
[0.064s] -- Up-to-date: /home/saber/robox_ws/install/robox_moveit_config/share/robox_moveit_config/environment/ament_prefix_path.sh
[0.064s] -- Up-to-date: /home/saber/robox_ws/install/robox_moveit_config/share/robox_moveit_config/environment/ament_prefix_path.dsv
[0.064s] -- Up-to-date: /home/saber/robox_ws/install/robox_moveit_config/share/robox_moveit_config/environment/path.sh
[0.064s] -- Up-to-date: /home/saber/robox_ws/install/robox_moveit_config/share/robox_moveit_config/environment/path.dsv
[0.064s] -- Up-to-date: /home/saber/robox_ws/install/robox_moveit_config/share/robox_moveit_config/local_setup.bash
[0.064s] -- Up-to-date: /home/saber/robox_ws/install/robox_moveit_config/share/robox_moveit_config/local_setup.sh
[0.064s] -- Up-to-date: /home/saber/robox_ws/install/robox_moveit_config/share/robox_moveit_config/local_setup.zsh
[0.064s] -- Up-to-date: /home/saber/robox_ws/install/robox_moveit_config/share/robox_moveit_config/local_setup.dsv
[0.065s] -- Up-to-date: /home/saber/robox_ws/install/robox_moveit_config/share/robox_moveit_config/package.dsv
[0.065s] -- Up-to-date: /home/saber/robox_ws/install/robox_moveit_config/share/ament_index/resource_index/packages/robox_moveit_config
[0.065s] -- Up-to-date: /home/saber/robox_ws/install/robox_moveit_config/share/robox_moveit_config/cmake/robox_moveit_configConfig.cmake
[0.065s] -- Up-to-date: /home/saber/robox_ws/install/robox_moveit_config/share/robox_moveit_config/cmake/robox_moveit_configConfig-version.cmake
[0.065s] -- Up-to-date: /home/saber/robox_ws/install/robox_moveit_config/share/robox_moveit_config/package.xml
[0.065s] -- Up-to-date: /home/saber/robox_ws/install/robox_moveit_config/share/robox_moveit_config/launch
[0.065s] -- Up-to-date: /home/saber/robox_ws/install/robox_moveit_config/share/robox_moveit_config/launch/static_virtual_joint_tfs.launch.py
[0.065s] -- Up-to-date: /home/saber/robox_ws/install/robox_moveit_config/share/robox_moveit_config/launch/moveit_rviz.launch.py
[0.065s] -- Up-to-date: /home/saber/robox_ws/install/robox_moveit_config/share/robox_moveit_config/launch/warehouse_db.launch.py
[0.065s] -- Up-to-date: /home/saber/robox_ws/install/robox_moveit_config/share/robox_moveit_config/launch/move_group.launch.py
[0.065s] -- Up-to-date: /home/saber/robox_ws/install/robox_moveit_config/share/robox_moveit_config/launch/rsp.launch.py
[0.065s] -- Up-to-date: /home/saber/robox_ws/install/robox_moveit_config/share/robox_moveit_config/launch/demo.launch.py
[0.065s] -- Up-to-date: /home/saber/robox_ws/install/robox_moveit_config/share/robox_moveit_config/launch/setup_assistant.launch.py
[0.065s] -- Up-to-date: /home/saber/robox_ws/install/robox_moveit_config/share/robox_moveit_config/launch/spawn_controllers.launch.py
[0.065s] -- Up-to-date: /home/saber/robox_ws/install/robox_moveit_config/share/robox_moveit_config/config
[0.065s] -- Up-to-date: /home/saber/robox_ws/install/robox_moveit_config/share/robox_moveit_config/config/ros2_controllers.yaml
[0.065s] -- Up-to-date: /home/saber/robox_ws/install/robox_moveit_config/share/robox_moveit_config/config/robox_arm.srdf
[0.065s] -- Up-to-date: /home/saber/robox_ws/install/robox_moveit_config/share/robox_moveit_config/config/robox_arm.urdf.xacro
[0.066s] -- Up-to-date: /home/saber/robox_ws/install/robox_moveit_config/share/robox_moveit_config/config/pilz_cartesian_limits.yaml
[0.066s] -- Up-to-date: /home/saber/robox_ws/install/robox_moveit_config/share/robox_moveit_config/config/joint_limits.yaml
[0.066s] -- Up-to-date: /home/saber/robox_ws/install/robox_moveit_config/share/robox_moveit_config/config/moveit.rviz
[0.066s] -- Up-to-date: /home/saber/robox_ws/install/robox_moveit_config/share/robox_moveit_config/config/moveit_controllers.yaml
[0.066s] -- Up-to-date: /home/saber/robox_ws/install/robox_moveit_config/share/robox_moveit_config/config/robox_arm.ros2_control.xacro
[0.066s] -- Up-to-date: /home/saber/robox_ws/install/robox_moveit_config/share/robox_moveit_config/config/initial_positions.yaml
[0.066s] -- Up-to-date: /home/saber/robox_ws/install/robox_moveit_config/share/robox_moveit_config/config/kinematics.yaml
[0.066s] -- Up-to-date: /home/saber/robox_ws/install/robox_moveit_config/share/robox_moveit_config/.setup_assistant
[0.067s] Invoked command in '/home/saber/robox_ws/build/robox_moveit_config' returned '0': CMAKE_PREFIX_PATH=${CMAKE_PREFIX_PATH}:/home/saber/robox_ws/install/arduinobot_py_examples:/home/saber/robox_ws/install/moveit_configs_utils:/opt/ros/jazzy DEBUGINFOD_URLS=https://debuginfod.ubuntu.com /usr/bin/cmake --install /home/saber/robox_ws/build/robox_moveit_config
