[31mCMake Error at /home/saber/robox_ws/install/moveit_ros_planning_interface/share/moveit_ros_planning_interface/cmake/moveit_ros_planning_interfaceConfig.cmake:41 (include):
  include could not find requested file:

    /home/saber/robox_ws/install/moveit_ros_planning_interface/share/moveit_ros_planning_interface/cmake/ConfigExtras.cmake
Call Stack (most recent call first):
  CMakeLists.txt:15 (find_package)

[0m
[31mCMake Error at /home/saber/robox_ws/install/moveit_core/share/moveit_core/cmake/moveit_coreConfig.cmake:41 (include):
  include could not find requested file:

    /home/saber/robox_ws/install/moveit_core/share/moveit_core/cmake/ConfigExtras.cmake
Call Stack (most recent call first):
  /home/saber/robox_ws/install/moveit_ros_planning_interface/share/moveit_ros_planning_interface/cmake/ament_cmake_export_dependencies-extras.cmake:21 (find_package)
  /home/saber/robox_ws/install/moveit_ros_planning_interface/share/moveit_ros_planning_interface/cmake/moveit_ros_planning_interfaceConfig.cmake:41 (include)
  CMakeLists.txt:15 (find_package)

[0m
[31mCMake Error at /home/saber/robox_ws/install/moveit_ros_planning/share/moveit_ros_planning/cmake/moveit_ros_planningConfig.cmake:41 (include):
  include could not find requested file:

    /home/saber/robox_ws/install/moveit_ros_planning/share/moveit_ros_planning/cmake/ConfigExtras.cmake
Call Stack (most recent call first):
  /home/saber/robox_ws/install/moveit_ros_planning_interface/share/moveit_ros_planning_interface/cmake/ament_cmake_export_dependencies-extras.cmake:21 (find_package)
  /home/saber/robox_ws/install/moveit_ros_planning_interface/share/moveit_ros_planning_interface/cmake/moveit_ros_planning_interfaceConfig.cmake:41 (include)
  CMakeLists.txt:15 (find_package)

[0m
[31mCMake Error at /home/saber/robox_ws/install/moveit_ros_warehouse/share/moveit_ros_warehouse/cmake/moveit_ros_warehouseConfig.cmake:41 (include):
  include could not find requested file:

    /home/saber/robox_ws/install/moveit_ros_warehouse/share/moveit_ros_warehouse/cmake/ConfigExtras.cmake
Call Stack (most recent call first):
  /home/saber/robox_ws/install/moveit_ros_planning_interface/share/moveit_ros_planning_interface/cmake/ament_cmake_export_dependencies-extras.cmake:21 (find_package)
  /home/saber/robox_ws/install/moveit_ros_planning_interface/share/moveit_ros_planning_interface/cmake/moveit_ros_planning_interfaceConfig.cmake:41 (include)
  CMakeLists.txt:15 (find_package)

[0m
[31mCMake Error at /home/saber/robox_ws/install/moveit_ros_move_group/share/moveit_ros_move_group/cmake/moveit_ros_move_groupConfig.cmake:41 (include):
  include could not find requested file:

    /home/saber/robox_ws/install/moveit_ros_move_group/share/moveit_ros_move_group/cmake/ConfigExtras.cmake
Call Stack (most recent call first):
  /home/saber/robox_ws/install/moveit_ros_planning_interface/share/moveit_ros_planning_interface/cmake/ament_cmake_export_dependencies-extras.cmake:21 (find_package)
  /home/saber/robox_ws/install/moveit_ros_planning_interface/share/moveit_ros_planning_interface/cmake/moveit_ros_planning_interfaceConfig.cmake:41 (include)
  CMakeLists.txt:15 (find_package)

[0m
gmake: *** [Makefile:859: cmake_check_build_system] Error 1
