/usr/bin/cmake -S/home/saber/robox_ws/src/arm_description -B/home/saber/robox_ws/build/arm_description --check-build-system CMakeFiles/Makefile.cmake 0
-- Found ament_cmake: 2.5.4 (/opt/ros/jazzy/share/ament_cmake/cmake)
-- Found Python3: /usr/bin/python3 (found version "3.12.3") found components: Interpreter 
-- Override CMake install command with custom implementation using symlinks instead of copying resources
-- Found rclcpp: 28.1.9 (/opt/ros/jazzy/share/rclcpp/cmake)
-- Found rosidl_generator_c: 4.6.5 (/opt/ros/jazzy/share/rosidl_generator_c/cmake)
-- Found rosidl_generator_cpp: 4.6.5 (/opt/ros/jazzy/share/rosidl_generator_cpp/cmake)
-- Using all available rosidl_typesupport_c: rosidl_typesupport_fastrtps_c;rosidl_typesupport_introspection_c
-- Using all available rosidl_typesupport_cpp: rosidl_typesupport_fastrtps_cpp;rosidl_typesupport_introspection_cpp
-- Found rmw_implementation_cmake: 7.3.2 (/opt/ros/jazzy/share/rmw_implementation_cmake/cmake)
-- Found rmw_cyclonedds_cpp: 2.2.3 (/opt/ros/jazzy/share/rmw_cyclonedds_cpp/cmake)
-- Using RMW implementation 'rmw_cyclonedds_cpp' as default
-- Found geometry_msgs: 5.3.6 (/opt/ros/jazzy/share/geometry_msgs/cmake)
-- Found moveit_ros_planning_interface: 2.12.3 (/home/saber/robox_ws/install/moveit_ros_planning_interface/share/moveit_ros_planning_interface/cmake)
[31mCMake Error at /home/saber/robox_ws/install/moveit_ros_planning_interface/share/moveit_ros_planning_interface/cmake/moveit_ros_planning_interfaceConfig.cmake:41 (include):
  include could not find requested file:

    /home/saber/robox_ws/install/moveit_ros_planning_interface/share/moveit_ros_planning_interface/cmake/ConfigExtras.cmake
Call Stack (most recent call first):
  CMakeLists.txt:15 (find_package)

[0m
[31mCMake Error at /home/saber/robox_ws/install/moveit_core/share/moveit_core/cmake/moveit_coreConfig.cmake:41 (include):
  include could not find requested file:

    /home/saber/robox_ws/install/moveit_core/share/moveit_core/cmake/ConfigExtras.cmake
Call Stack (most recent call first):
  /home/saber/robox_ws/install/moveit_ros_planning_interface/share/moveit_ros_planning_interface/cmake/ament_cmake_export_dependencies-extras.cmake:21 (find_package)
  /home/saber/robox_ws/install/moveit_ros_planning_interface/share/moveit_ros_planning_interface/cmake/moveit_ros_planning_interfaceConfig.cmake:41 (include)
  CMakeLists.txt:15 (find_package)

[0m
-- Found parameter_traits: 0.4.0 (/opt/ros/jazzy/share/parameter_traits/cmake)
-- Found rclcpp_lifecycle: 28.1.9 (/opt/ros/jazzy/share/rclcpp_lifecycle/cmake)
-- Found Boost: /usr/lib/x86_64-linux-gnu/cmake/Boost-1.83.0/BoostConfig.cmake (found version "1.83.0") found components: filesystem 
-- Ensuring Eigen3 include directory is part of orocos-kdl CMake target
-- Found TinyXML2 via Config file: /usr/lib/x86_64-linux-gnu/cmake/tinyxml2
[31mCMake Error at /home/saber/robox_ws/install/moveit_ros_planning/share/moveit_ros_planning/cmake/moveit_ros_planningConfig.cmake:41 (include):
  include could not find requested file:

    /home/saber/robox_ws/install/moveit_ros_planning/share/moveit_ros_planning/cmake/ConfigExtras.cmake
Call Stack (most recent call first):
  /home/saber/robox_ws/install/moveit_ros_planning_interface/share/moveit_ros_planning_interface/cmake/ament_cmake_export_dependencies-extras.cmake:21 (find_package)
  /home/saber/robox_ws/install/moveit_ros_planning_interface/share/moveit_ros_planning_interface/cmake/moveit_ros_planning_interfaceConfig.cmake:41 (include)
  CMakeLists.txt:15 (find_package)

[0m
[31mCMake Error at /home/saber/robox_ws/install/moveit_ros_warehouse/share/moveit_ros_warehouse/cmake/moveit_ros_warehouseConfig.cmake:41 (include):
  include could not find requested file:

    /home/saber/robox_ws/install/moveit_ros_warehouse/share/moveit_ros_warehouse/cmake/ConfigExtras.cmake
Call Stack (most recent call first):
  /home/saber/robox_ws/install/moveit_ros_planning_interface/share/moveit_ros_planning_interface/cmake/ament_cmake_export_dependencies-extras.cmake:21 (find_package)
  /home/saber/robox_ws/install/moveit_ros_planning_interface/share/moveit_ros_planning_interface/cmake/moveit_ros_planning_interfaceConfig.cmake:41 (include)
  CMakeLists.txt:15 (find_package)

[0m
[31mCMake Error at /home/saber/robox_ws/install/moveit_ros_move_group/share/moveit_ros_move_group/cmake/moveit_ros_move_groupConfig.cmake:41 (include):
  include could not find requested file:

    /home/saber/robox_ws/install/moveit_ros_move_group/share/moveit_ros_move_group/cmake/ConfigExtras.cmake
Call Stack (most recent call first):
  /home/saber/robox_ws/install/moveit_ros_planning_interface/share/moveit_ros_planning_interface/cmake/ament_cmake_export_dependencies-extras.cmake:21 (find_package)
  /home/saber/robox_ws/install/moveit_ros_planning_interface/share/moveit_ros_planning_interface/cmake/moveit_ros_planning_interfaceConfig.cmake:41 (include)
  CMakeLists.txt:15 (find_package)

[0m
-- Found controller_manager_msgs: 4.29.0 (/opt/ros/jazzy/share/controller_manager_msgs/cmake)
-- Found rosidl_default_generators: 1.6.0 (/opt/ros/jazzy/share/rosidl_default_generators/cmake)
-- Found rosidl_adapter: 4.6.5 (/opt/ros/jazzy/share/rosidl_adapter/cmake)
-- Found ament_cmake_ros: 0.12.0 (/opt/ros/jazzy/share/ament_cmake_ros/cmake)
-- Using all available rosidl_typesupport_c: rosidl_typesupport_fastrtps_c;rosidl_typesupport_introspection_c
-- Using all available rosidl_typesupport_cpp: rosidl_typesupport_fastrtps_cpp;rosidl_typesupport_introspection_cpp
-- Found python_cmake_module: 0.11.1 (/opt/ros/jazzy/share/python_cmake_module/cmake)
-- Found Python3: /usr/bin/python3 (found version "3.12.3") found components: Interpreter Development NumPy Development.Module Development.Embed 
-- Found ament_lint_auto: 0.17.2 (/opt/ros/jazzy/share/ament_lint_auto/cmake)
-- Added test 'cppcheck' to perform static code analysis on C / C++ code
-- Configured cppcheck include dirs: 
-- Configured cppcheck exclude dirs and/or files: 
-- Added test 'flake8' to check Python code syntax and style conventions
-- Configured 'flake8' exclude dirs and/or files: 
-- Added test 'lint_cmake' to check CMake code style
-- Added test 'pep257' to check Python code against some of the docstring style conventions in PEP 257
-- Added test 'uncrustify' to check C / C++ code style
-- Configured uncrustify additional arguments: 
-- Added test 'xmllint' to check XML markup files
-- Configuring incomplete, errors occurred!
gmake: *** [Makefile:859: cmake_check_build_system] Error 1
