[0.247s] DEBUG:colcon:Command line arguments: ['/usr/bin/colcon', 'build']
[0.247s] DEBUG:colcon:Parsed command line arguments: Namespace(log_base=None, log_level=None, verb_name='build', build_base='build', install_base='install', merge_install=False, symlink_install=False, test_result_base=None, continue_on_error=False, executor='parallel', parallel_workers=16, event_handlers=None, ignore_user_meta=False, metas=['./colcon.meta'], base_paths=['.'], packages_ignore=None, packages_ignore_regex=None, paths=None, packages_up_to=None, packages_up_to_regex=None, packages_above=None, packages_above_and_dependencies=None, packages_above_depth=None, packages_select_by_dep=None, packages_skip_by_dep=None, packages_skip_up_to=None, packages_select_build_failed=False, packages_skip_build_finished=False, packages_select_test_failures=False, packages_skip_test_passed=False, packages_select=None, packages_skip=None, packages_select_regex=None, packages_skip_regex=None, packages_start=None, packages_end=None, allow_overriding=[], cmake_args=None, cmake_target=None, cmake_target_skip_unavailable=False, cmake_clean_cache=False, cmake_clean_first=False, cmake_force_configure=False, ament_cmake_args=None, catkin_cmake_args=None, catkin_skip_building_tests=False, mixin_files=None, mixin=None, verb_parser=<colcon_mixin.mixin.mixin_argument.MixinArgumentDecorator object at 0x7f4dd4dc99a0>, verb_extension=<colcon_core.verb.build.BuildVerb object at 0x7f4dd4cf3a10>, main=<bound method BuildVerb.main of <colcon_core.verb.build.BuildVerb object at 0x7f4dd4cf3a10>>, mixin_verb=('build',))
[0.317s] Level 1:colcon.colcon_core.package_discovery:discover_packages(colcon_meta) check parameters
[0.317s] Level 1:colcon.colcon_core.package_discovery:discover_packages(recursive) check parameters
[0.317s] Level 1:colcon.colcon_core.package_discovery:discover_packages(ignore) check parameters
[0.317s] Level 1:colcon.colcon_core.package_discovery:discover_packages(path) check parameters
[0.317s] Level 1:colcon.colcon_core.package_discovery:discover_packages(colcon_meta) discover
[0.317s] Level 1:colcon.colcon_core.package_discovery:discover_packages(recursive) discover
[0.317s] INFO:colcon.colcon_core.package_discovery:Crawling recursively for packages in '/home/saber/robox_ws'
[0.317s] Level 1:colcon.colcon_core.package_identification:_identify(.) by extensions ['ignore', 'ignore_ament_install']
[0.318s] Level 1:colcon.colcon_core.package_identification:_identify(.) by extension 'ignore'
[0.318s] Level 1:colcon.colcon_core.package_identification:_identify(.) by extension 'ignore_ament_install'
[0.318s] Level 1:colcon.colcon_core.package_identification:_identify(.) by extensions ['colcon_pkg']
[0.318s] Level 1:colcon.colcon_core.package_identification:_identify(.) by extension 'colcon_pkg'
[0.318s] Level 1:colcon.colcon_core.package_identification:_identify(.) by extensions ['colcon_meta']
[0.318s] Level 1:colcon.colcon_core.package_identification:_identify(.) by extension 'colcon_meta'
[0.318s] Level 1:colcon.colcon_core.package_identification:_identify(.) by extensions ['ros']
[0.318s] Level 1:colcon.colcon_core.package_identification:_identify(.) by extension 'ros'
[0.361s] Level 1:colcon.colcon_core.package_identification:_identify(.) by extensions ['cmake', 'python']
[0.361s] Level 1:colcon.colcon_core.package_identification:_identify(.) by extension 'cmake'
[0.361s] Level 1:colcon.colcon_core.package_identification:_identify(.) by extension 'python'
[0.361s] Level 1:colcon.colcon_core.package_identification:_identify(.) by extensions ['python_setup_py']
[0.361s] Level 1:colcon.colcon_core.package_identification:_identify(.) by extension 'python_setup_py'
[0.361s] Level 1:colcon.colcon_core.package_identification:_identify(PS2_Robot_Arm_under_production) by extensions ['ignore', 'ignore_ament_install']
[0.362s] Level 1:colcon.colcon_core.package_identification:_identify(PS2_Robot_Arm_under_production) by extension 'ignore'
[0.362s] Level 1:colcon.colcon_core.package_identification:_identify(PS2_Robot_Arm_under_production) by extension 'ignore_ament_install'
[0.362s] Level 1:colcon.colcon_core.package_identification:_identify(PS2_Robot_Arm_under_production) by extensions ['colcon_pkg']
[0.362s] Level 1:colcon.colcon_core.package_identification:_identify(PS2_Robot_Arm_under_production) by extension 'colcon_pkg'
[0.362s] Level 1:colcon.colcon_core.package_identification:_identify(PS2_Robot_Arm_under_production) by extensions ['colcon_meta']
[0.362s] Level 1:colcon.colcon_core.package_identification:_identify(PS2_Robot_Arm_under_production) by extension 'colcon_meta'
[0.362s] Level 1:colcon.colcon_core.package_identification:_identify(PS2_Robot_Arm_under_production) by extensions ['ros']
[0.362s] Level 1:colcon.colcon_core.package_identification:_identify(PS2_Robot_Arm_under_production) by extension 'ros'
[0.363s] Level 1:colcon.colcon_core.package_identification:_identify(PS2_Robot_Arm_under_production) by extensions ['cmake', 'python']
[0.363s] Level 1:colcon.colcon_core.package_identification:_identify(PS2_Robot_Arm_under_production) by extension 'cmake'
[0.363s] Level 1:colcon.colcon_core.package_identification:_identify(PS2_Robot_Arm_under_production) by extension 'python'
[0.363s] Level 1:colcon.colcon_core.package_identification:_identify(PS2_Robot_Arm_under_production) by extensions ['python_setup_py']
[0.363s] Level 1:colcon.colcon_core.package_identification:_identify(PS2_Robot_Arm_under_production) by extension 'python_setup_py'
[0.363s] Level 1:colcon.colcon_core.package_identification:_identify(Robot_Arm_ROS) by extensions ['ignore', 'ignore_ament_install']
[0.364s] Level 1:colcon.colcon_core.package_identification:_identify(Robot_Arm_ROS) by extension 'ignore'
[0.364s] Level 1:colcon.colcon_core.package_identification:_identify(Robot_Arm_ROS) by extension 'ignore_ament_install'
[0.364s] Level 1:colcon.colcon_core.package_identification:_identify(Robot_Arm_ROS) by extensions ['colcon_pkg']
[0.364s] Level 1:colcon.colcon_core.package_identification:_identify(Robot_Arm_ROS) by extension 'colcon_pkg'
[0.364s] Level 1:colcon.colcon_core.package_identification:_identify(Robot_Arm_ROS) by extensions ['colcon_meta']
[0.364s] Level 1:colcon.colcon_core.package_identification:_identify(Robot_Arm_ROS) by extension 'colcon_meta'
[0.364s] Level 1:colcon.colcon_core.package_identification:_identify(Robot_Arm_ROS) by extensions ['ros']
[0.364s] Level 1:colcon.colcon_core.package_identification:_identify(Robot_Arm_ROS) by extension 'ros'
[0.365s] Level 1:colcon.colcon_core.package_identification:_identify(Robot_Arm_ROS) by extensions ['cmake', 'python']
[0.365s] Level 1:colcon.colcon_core.package_identification:_identify(Robot_Arm_ROS) by extension 'cmake'
[0.365s] Level 1:colcon.colcon_core.package_identification:_identify(Robot_Arm_ROS) by extension 'python'
[0.365s] Level 1:colcon.colcon_core.package_identification:_identify(Robot_Arm_ROS) by extensions ['python_setup_py']
[0.365s] Level 1:colcon.colcon_core.package_identification:_identify(Robot_Arm_ROS) by extension 'python_setup_py'
[0.366s] Level 1:colcon.colcon_core.package_identification:_identify(build) by extensions ['ignore', 'ignore_ament_install']
[0.366s] Level 1:colcon.colcon_core.package_identification:_identify(build) by extension 'ignore'
[0.366s] Level 1:colcon.colcon_core.package_identification:_identify(build) ignored
[0.366s] Level 1:colcon.colcon_core.package_identification:_identify(install) by extensions ['ignore', 'ignore_ament_install']
[0.366s] Level 1:colcon.colcon_core.package_identification:_identify(install) by extension 'ignore'
[0.366s] Level 1:colcon.colcon_core.package_identification:_identify(install) ignored
[0.367s] Level 1:colcon.colcon_core.package_identification:_identify(log) by extensions ['ignore', 'ignore_ament_install']
[0.368s] Level 1:colcon.colcon_core.package_identification:_identify(log) by extension 'ignore'
[0.368s] Level 1:colcon.colcon_core.package_identification:_identify(log) ignored
[0.368s] Level 1:colcon.colcon_core.package_identification:_identify(src) by extensions ['ignore', 'ignore_ament_install']
[0.368s] Level 1:colcon.colcon_core.package_identification:_identify(src) by extension 'ignore'
[0.368s] Level 1:colcon.colcon_core.package_identification:_identify(src) by extension 'ignore_ament_install'
[0.368s] Level 1:colcon.colcon_core.package_identification:_identify(src) by extensions ['colcon_pkg']
[0.368s] Level 1:colcon.colcon_core.package_identification:_identify(src) by extension 'colcon_pkg'
[0.368s] Level 1:colcon.colcon_core.package_identification:_identify(src) by extensions ['colcon_meta']
[0.368s] Level 1:colcon.colcon_core.package_identification:_identify(src) by extension 'colcon_meta'
[0.368s] Level 1:colcon.colcon_core.package_identification:_identify(src) by extensions ['ros']
[0.368s] Level 1:colcon.colcon_core.package_identification:_identify(src) by extension 'ros'
[0.369s] Level 1:colcon.colcon_core.package_identification:_identify(src) by extensions ['cmake', 'python']
[0.369s] Level 1:colcon.colcon_core.package_identification:_identify(src) by extension 'cmake'
[0.369s] Level 1:colcon.colcon_core.package_identification:_identify(src) by extension 'python'
[0.369s] Level 1:colcon.colcon_core.package_identification:_identify(src) by extensions ['python_setup_py']
[0.369s] Level 1:colcon.colcon_core.package_identification:_identify(src) by extension 'python_setup_py'
[0.369s] Level 1:colcon.colcon_core.package_identification:_identify(src/arduino_arm_hardware_interface) by extensions ['ignore', 'ignore_ament_install']
[0.369s] Level 1:colcon.colcon_core.package_identification:_identify(src/arduino_arm_hardware_interface) by extension 'ignore'
[0.369s] Level 1:colcon.colcon_core.package_identification:_identify(src/arduino_arm_hardware_interface) by extension 'ignore_ament_install'
[0.369s] Level 1:colcon.colcon_core.package_identification:_identify(src/arduino_arm_hardware_interface) by extensions ['colcon_pkg']
[0.369s] Level 1:colcon.colcon_core.package_identification:_identify(src/arduino_arm_hardware_interface) by extension 'colcon_pkg'
[0.369s] Level 1:colcon.colcon_core.package_identification:_identify(src/arduino_arm_hardware_interface) by extensions ['colcon_meta']
[0.369s] Level 1:colcon.colcon_core.package_identification:_identify(src/arduino_arm_hardware_interface) by extension 'colcon_meta'
[0.370s] Level 1:colcon.colcon_core.package_identification:_identify(src/arduino_arm_hardware_interface) by extensions ['ros']
[0.370s] Level 1:colcon.colcon_core.package_identification:_identify(src/arduino_arm_hardware_interface) by extension 'ros'
[0.374s] DEBUG:colcon.colcon_core.package_identification:Package 'src/arduino_arm_hardware_interface' with type 'ros.catkin' and name 'arduino_arm_hardware_interface'
[0.375s] Level 1:colcon.colcon_core.package_identification:_identify(src/arduinobot_py_examples) by extensions ['ignore', 'ignore_ament_install']
[0.375s] Level 1:colcon.colcon_core.package_identification:_identify(src/arduinobot_py_examples) by extension 'ignore'
[0.375s] Level 1:colcon.colcon_core.package_identification:_identify(src/arduinobot_py_examples) by extension 'ignore_ament_install'
[0.375s] Level 1:colcon.colcon_core.package_identification:_identify(src/arduinobot_py_examples) by extensions ['colcon_pkg']
[0.375s] Level 1:colcon.colcon_core.package_identification:_identify(src/arduinobot_py_examples) by extension 'colcon_pkg'
[0.375s] Level 1:colcon.colcon_core.package_identification:_identify(src/arduinobot_py_examples) by extensions ['colcon_meta']
[0.375s] Level 1:colcon.colcon_core.package_identification:_identify(src/arduinobot_py_examples) by extension 'colcon_meta'
[0.375s] Level 1:colcon.colcon_core.package_identification:_identify(src/arduinobot_py_examples) by extensions ['ros']
[0.375s] Level 1:colcon.colcon_core.package_identification:_identify(src/arduinobot_py_examples) by extension 'ros'
[0.376s] DEBUG:colcon.colcon_core.package_identification:Package 'src/arduinobot_py_examples' with type 'ros.ament_python' and name 'arduinobot_py_examples'
[0.376s] Level 1:colcon.colcon_core.package_identification:_identify(src/build) by extensions ['ignore', 'ignore_ament_install']
[0.377s] Level 1:colcon.colcon_core.package_identification:_identify(src/build) by extension 'ignore'
[0.377s] Level 1:colcon.colcon_core.package_identification:_identify(src/build) ignored
[0.377s] Level 1:colcon.colcon_core.package_identification:_identify(src/color_pose_publisher) by extensions ['ignore', 'ignore_ament_install']
[0.377s] Level 1:colcon.colcon_core.package_identification:_identify(src/color_pose_publisher) by extension 'ignore'
[0.377s] Level 1:colcon.colcon_core.package_identification:_identify(src/color_pose_publisher) by extension 'ignore_ament_install'
[0.377s] Level 1:colcon.colcon_core.package_identification:_identify(src/color_pose_publisher) by extensions ['colcon_pkg']
[0.377s] Level 1:colcon.colcon_core.package_identification:_identify(src/color_pose_publisher) by extension 'colcon_pkg'
[0.377s] Level 1:colcon.colcon_core.package_identification:_identify(src/color_pose_publisher) by extensions ['colcon_meta']
[0.377s] Level 1:colcon.colcon_core.package_identification:_identify(src/color_pose_publisher) by extension 'colcon_meta'
[0.377s] Level 1:colcon.colcon_core.package_identification:_identify(src/color_pose_publisher) by extensions ['ros']
[0.377s] Level 1:colcon.colcon_core.package_identification:_identify(src/color_pose_publisher) by extension 'ros'
[0.379s] DEBUG:colcon.colcon_core.package_identification:Package 'src/color_pose_publisher' with type 'ros.ament_python' and name 'color_pose_publisher'
[0.379s] Level 1:colcon.colcon_core.package_identification:_identify(src/cube_msgs) by extensions ['ignore', 'ignore_ament_install']
[0.379s] Level 1:colcon.colcon_core.package_identification:_identify(src/cube_msgs) by extension 'ignore'
[0.380s] Level 1:colcon.colcon_core.package_identification:_identify(src/cube_msgs) by extension 'ignore_ament_install'
[0.380s] Level 1:colcon.colcon_core.package_identification:_identify(src/cube_msgs) by extensions ['colcon_pkg']
[0.380s] Level 1:colcon.colcon_core.package_identification:_identify(src/cube_msgs) by extension 'colcon_pkg'
[0.380s] Level 1:colcon.colcon_core.package_identification:_identify(src/cube_msgs) by extensions ['colcon_meta']
[0.380s] Level 1:colcon.colcon_core.package_identification:_identify(src/cube_msgs) by extension 'colcon_meta'
[0.380s] Level 1:colcon.colcon_core.package_identification:_identify(src/cube_msgs) by extensions ['ros']
[0.380s] Level 1:colcon.colcon_core.package_identification:_identify(src/cube_msgs) by extension 'ros'
[0.381s] DEBUG:colcon.colcon_core.package_identification:Package 'src/cube_msgs' with type 'ros.ament_cmake' and name 'cube_msgs'
[0.381s] Level 1:colcon.colcon_core.package_identification:_identify(src/install) by extensions ['ignore', 'ignore_ament_install']
[0.381s] Level 1:colcon.colcon_core.package_identification:_identify(src/install) by extension 'ignore'
[0.381s] Level 1:colcon.colcon_core.package_identification:_identify(src/install) ignored
[0.381s] Level 1:colcon.colcon_core.package_identification:_identify(src/log) by extensions ['ignore', 'ignore_ament_install']
[0.382s] Level 1:colcon.colcon_core.package_identification:_identify(src/log) by extension 'ignore'
[0.382s] Level 1:colcon.colcon_core.package_identification:_identify(src/log) ignored
[0.382s] Level 1:colcon.colcon_core.package_identification:_identify(src/robox_arm) by extensions ['ignore', 'ignore_ament_install']
[0.382s] Level 1:colcon.colcon_core.package_identification:_identify(src/robox_arm) by extension 'ignore'
[0.382s] Level 1:colcon.colcon_core.package_identification:_identify(src/robox_arm) by extension 'ignore_ament_install'
[0.382s] Level 1:colcon.colcon_core.package_identification:_identify(src/robox_arm) by extensions ['colcon_pkg']
[0.382s] Level 1:colcon.colcon_core.package_identification:_identify(src/robox_arm) by extension 'colcon_pkg'
[0.382s] Level 1:colcon.colcon_core.package_identification:_identify(src/robox_arm) by extensions ['colcon_meta']
[0.382s] Level 1:colcon.colcon_core.package_identification:_identify(src/robox_arm) by extension 'colcon_meta'
[0.382s] Level 1:colcon.colcon_core.package_identification:_identify(src/robox_arm) by extensions ['ros']
[0.382s] Level 1:colcon.colcon_core.package_identification:_identify(src/robox_arm) by extension 'ros'
[0.384s] DEBUG:colcon.colcon_core.package_identification:Package 'src/robox_arm' with type 'ros.ament_cmake' and name 'robox_arm'
[0.384s] Level 1:colcon.colcon_core.package_identification:_identify(src/robox_moveit_config) by extensions ['ignore', 'ignore_ament_install']
[0.384s] Level 1:colcon.colcon_core.package_identification:_identify(src/robox_moveit_config) by extension 'ignore'
[0.384s] Level 1:colcon.colcon_core.package_identification:_identify(src/robox_moveit_config) by extension 'ignore_ament_install'
[0.384s] Level 1:colcon.colcon_core.package_identification:_identify(src/robox_moveit_config) by extensions ['colcon_pkg']
[0.384s] Level 1:colcon.colcon_core.package_identification:_identify(src/robox_moveit_config) by extension 'colcon_pkg'
[0.385s] Level 1:colcon.colcon_core.package_identification:_identify(src/robox_moveit_config) by extensions ['colcon_meta']
[0.385s] Level 1:colcon.colcon_core.package_identification:_identify(src/robox_moveit_config) by extension 'colcon_meta'
[0.385s] Level 1:colcon.colcon_core.package_identification:_identify(src/robox_moveit_config) by extensions ['ros']
[0.385s] Level 1:colcon.colcon_core.package_identification:_identify(src/robox_moveit_config) by extension 'ros'
[0.386s] DEBUG:colcon.colcon_core.package_identification:Package 'src/robox_moveit_config' with type 'ros.ament_cmake' and name 'robox_moveit_config'
[0.386s] Level 1:colcon.colcon_core.package_discovery:discover_packages(recursive) using defaults
[0.386s] Level 1:colcon.colcon_core.package_discovery:discover_packages(ignore) discover
[0.386s] Level 1:colcon.colcon_core.package_discovery:discover_packages(ignore) using defaults
[0.386s] Level 1:colcon.colcon_core.package_discovery:discover_packages(path) discover
[0.386s] Level 1:colcon.colcon_core.package_discovery:discover_packages(path) using defaults
[0.417s] Level 1:colcon.colcon_core.package_discovery:discover_packages(prefix_path) check parameters
[0.417s] Level 1:colcon.colcon_core.package_discovery:discover_packages(prefix_path) discover
[0.423s] DEBUG:colcon.colcon_installed_package_information.package_discovery:Found 20 installed packages in /home/saber/robox_ws/install
[0.427s] DEBUG:colcon.colcon_installed_package_information.package_discovery:Found 435 installed packages in /opt/ros/jazzy
[0.429s] Level 1:colcon.colcon_core.package_discovery:discover_packages(prefix_path) using defaults
[0.572s] Level 5:colcon.colcon_core.verb:set package 'arduino_arm_hardware_interface' build argument 'cmake_args' from command line to 'None'
[0.573s] Level 5:colcon.colcon_core.verb:set package 'arduino_arm_hardware_interface' build argument 'cmake_target' from command line to 'None'
[0.573s] Level 5:colcon.colcon_core.verb:set package 'arduino_arm_hardware_interface' build argument 'cmake_target_skip_unavailable' from command line to 'False'
[0.573s] Level 5:colcon.colcon_core.verb:set package 'arduino_arm_hardware_interface' build argument 'cmake_clean_cache' from command line to 'False'
[0.573s] Level 5:colcon.colcon_core.verb:set package 'arduino_arm_hardware_interface' build argument 'cmake_clean_first' from command line to 'False'
[0.573s] Level 5:colcon.colcon_core.verb:set package 'arduino_arm_hardware_interface' build argument 'cmake_force_configure' from command line to 'False'
[0.573s] Level 5:colcon.colcon_core.verb:set package 'arduino_arm_hardware_interface' build argument 'ament_cmake_args' from command line to 'None'
[0.573s] Level 5:colcon.colcon_core.verb:set package 'arduino_arm_hardware_interface' build argument 'catkin_cmake_args' from command line to 'None'
[0.573s] Level 5:colcon.colcon_core.verb:set package 'arduino_arm_hardware_interface' build argument 'catkin_skip_building_tests' from command line to 'False'
[0.573s] DEBUG:colcon.colcon_core.verb:Building package 'arduino_arm_hardware_interface' with the following arguments: {'ament_cmake_args': None, 'build_base': '/home/saber/robox_ws/build/arduino_arm_hardware_interface', 'catkin_cmake_args': None, 'catkin_skip_building_tests': False, 'cmake_args': None, 'cmake_clean_cache': False, 'cmake_clean_first': False, 'cmake_force_configure': False, 'cmake_target': None, 'cmake_target_skip_unavailable': False, 'install_base': '/home/saber/robox_ws/install/arduino_arm_hardware_interface', 'merge_install': False, 'path': '/home/saber/robox_ws/src/arduino_arm_hardware_interface', 'symlink_install': False, 'test_result_base': None}
[0.574s] Level 5:colcon.colcon_core.verb:set package 'arduinobot_py_examples' build argument 'cmake_args' from command line to 'None'
[0.574s] Level 5:colcon.colcon_core.verb:set package 'arduinobot_py_examples' build argument 'cmake_target' from command line to 'None'
[0.574s] Level 5:colcon.colcon_core.verb:set package 'arduinobot_py_examples' build argument 'cmake_target_skip_unavailable' from command line to 'False'
[0.574s] Level 5:colcon.colcon_core.verb:set package 'arduinobot_py_examples' build argument 'cmake_clean_cache' from command line to 'False'
[0.574s] Level 5:colcon.colcon_core.verb:set package 'arduinobot_py_examples' build argument 'cmake_clean_first' from command line to 'False'
[0.574s] Level 5:colcon.colcon_core.verb:set package 'arduinobot_py_examples' build argument 'cmake_force_configure' from command line to 'False'
[0.574s] Level 5:colcon.colcon_core.verb:set package 'arduinobot_py_examples' build argument 'ament_cmake_args' from command line to 'None'
[0.574s] Level 5:colcon.colcon_core.verb:set package 'arduinobot_py_examples' build argument 'catkin_cmake_args' from command line to 'None'
[0.574s] Level 5:colcon.colcon_core.verb:set package 'arduinobot_py_examples' build argument 'catkin_skip_building_tests' from command line to 'False'
[0.574s] DEBUG:colcon.colcon_core.verb:Building package 'arduinobot_py_examples' with the following arguments: {'ament_cmake_args': None, 'build_base': '/home/saber/robox_ws/build/arduinobot_py_examples', 'catkin_cmake_args': None, 'catkin_skip_building_tests': False, 'cmake_args': None, 'cmake_clean_cache': False, 'cmake_clean_first': False, 'cmake_force_configure': False, 'cmake_target': None, 'cmake_target_skip_unavailable': False, 'install_base': '/home/saber/robox_ws/install/arduinobot_py_examples', 'merge_install': False, 'path': '/home/saber/robox_ws/src/arduinobot_py_examples', 'symlink_install': False, 'test_result_base': None}
[0.574s] Level 5:colcon.colcon_core.verb:set package 'color_pose_publisher' build argument 'cmake_args' from command line to 'None'
[0.574s] Level 5:colcon.colcon_core.verb:set package 'color_pose_publisher' build argument 'cmake_target' from command line to 'None'
[0.574s] Level 5:colcon.colcon_core.verb:set package 'color_pose_publisher' build argument 'cmake_target_skip_unavailable' from command line to 'False'
[0.574s] Level 5:colcon.colcon_core.verb:set package 'color_pose_publisher' build argument 'cmake_clean_cache' from command line to 'False'
[0.575s] Level 5:colcon.colcon_core.verb:set package 'color_pose_publisher' build argument 'cmake_clean_first' from command line to 'False'
[0.575s] Level 5:colcon.colcon_core.verb:set package 'color_pose_publisher' build argument 'cmake_force_configure' from command line to 'False'
[0.575s] Level 5:colcon.colcon_core.verb:set package 'color_pose_publisher' build argument 'ament_cmake_args' from command line to 'None'
[0.575s] Level 5:colcon.colcon_core.verb:set package 'color_pose_publisher' build argument 'catkin_cmake_args' from command line to 'None'
[0.575s] Level 5:colcon.colcon_core.verb:set package 'color_pose_publisher' build argument 'catkin_skip_building_tests' from command line to 'False'
[0.575s] DEBUG:colcon.colcon_core.verb:Building package 'color_pose_publisher' with the following arguments: {'ament_cmake_args': None, 'build_base': '/home/saber/robox_ws/build/color_pose_publisher', 'catkin_cmake_args': None, 'catkin_skip_building_tests': False, 'cmake_args': None, 'cmake_clean_cache': False, 'cmake_clean_first': False, 'cmake_force_configure': False, 'cmake_target': None, 'cmake_target_skip_unavailable': False, 'install_base': '/home/saber/robox_ws/install/color_pose_publisher', 'merge_install': False, 'path': '/home/saber/robox_ws/src/color_pose_publisher', 'symlink_install': False, 'test_result_base': None}
[0.575s] Level 5:colcon.colcon_core.verb:set package 'cube_msgs' build argument 'cmake_args' from command line to 'None'
[0.575s] Level 5:colcon.colcon_core.verb:set package 'cube_msgs' build argument 'cmake_target' from command line to 'None'
[0.575s] Level 5:colcon.colcon_core.verb:set package 'cube_msgs' build argument 'cmake_target_skip_unavailable' from command line to 'False'
[0.575s] Level 5:colcon.colcon_core.verb:set package 'cube_msgs' build argument 'cmake_clean_cache' from command line to 'False'
[0.575s] Level 5:colcon.colcon_core.verb:set package 'cube_msgs' build argument 'cmake_clean_first' from command line to 'False'
[0.575s] Level 5:colcon.colcon_core.verb:set package 'cube_msgs' build argument 'cmake_force_configure' from command line to 'False'
[0.575s] Level 5:colcon.colcon_core.verb:set package 'cube_msgs' build argument 'ament_cmake_args' from command line to 'None'
[0.575s] Level 5:colcon.colcon_core.verb:set package 'cube_msgs' build argument 'catkin_cmake_args' from command line to 'None'
[0.575s] Level 5:colcon.colcon_core.verb:set package 'cube_msgs' build argument 'catkin_skip_building_tests' from command line to 'False'
[0.575s] DEBUG:colcon.colcon_core.verb:Building package 'cube_msgs' with the following arguments: {'ament_cmake_args': None, 'build_base': '/home/saber/robox_ws/build/cube_msgs', 'catkin_cmake_args': None, 'catkin_skip_building_tests': False, 'cmake_args': None, 'cmake_clean_cache': False, 'cmake_clean_first': False, 'cmake_force_configure': False, 'cmake_target': None, 'cmake_target_skip_unavailable': False, 'install_base': '/home/saber/robox_ws/install/cube_msgs', 'merge_install': False, 'path': '/home/saber/robox_ws/src/cube_msgs', 'symlink_install': False, 'test_result_base': None}
[0.576s] Level 5:colcon.colcon_core.verb:set package 'robox_arm' build argument 'cmake_args' from command line to 'None'
[0.576s] Level 5:colcon.colcon_core.verb:set package 'robox_arm' build argument 'cmake_target' from command line to 'None'
[0.576s] Level 5:colcon.colcon_core.verb:set package 'robox_arm' build argument 'cmake_target_skip_unavailable' from command line to 'False'
[0.576s] Level 5:colcon.colcon_core.verb:set package 'robox_arm' build argument 'cmake_clean_cache' from command line to 'False'
[0.576s] Level 5:colcon.colcon_core.verb:set package 'robox_arm' build argument 'cmake_clean_first' from command line to 'False'
[0.576s] Level 5:colcon.colcon_core.verb:set package 'robox_arm' build argument 'cmake_force_configure' from command line to 'False'
[0.576s] Level 5:colcon.colcon_core.verb:set package 'robox_arm' build argument 'ament_cmake_args' from command line to 'None'
[0.576s] Level 5:colcon.colcon_core.verb:set package 'robox_arm' build argument 'catkin_cmake_args' from command line to 'None'
[0.576s] Level 5:colcon.colcon_core.verb:set package 'robox_arm' build argument 'catkin_skip_building_tests' from command line to 'False'
[0.576s] DEBUG:colcon.colcon_core.verb:Building package 'robox_arm' with the following arguments: {'ament_cmake_args': None, 'build_base': '/home/saber/robox_ws/build/robox_arm', 'catkin_cmake_args': None, 'catkin_skip_building_tests': False, 'cmake_args': None, 'cmake_clean_cache': False, 'cmake_clean_first': False, 'cmake_force_configure': False, 'cmake_target': None, 'cmake_target_skip_unavailable': False, 'install_base': '/home/saber/robox_ws/install/robox_arm', 'merge_install': False, 'path': '/home/saber/robox_ws/src/robox_arm', 'symlink_install': False, 'test_result_base': None}
[0.577s] Level 5:colcon.colcon_core.verb:set package 'robox_moveit_config' build argument 'cmake_args' from command line to 'None'
[0.577s] Level 5:colcon.colcon_core.verb:set package 'robox_moveit_config' build argument 'cmake_target' from command line to 'None'
[0.577s] Level 5:colcon.colcon_core.verb:set package 'robox_moveit_config' build argument 'cmake_target_skip_unavailable' from command line to 'False'
[0.577s] Level 5:colcon.colcon_core.verb:set package 'robox_moveit_config' build argument 'cmake_clean_cache' from command line to 'False'
[0.577s] Level 5:colcon.colcon_core.verb:set package 'robox_moveit_config' build argument 'cmake_clean_first' from command line to 'False'
[0.577s] Level 5:colcon.colcon_core.verb:set package 'robox_moveit_config' build argument 'cmake_force_configure' from command line to 'False'
[0.577s] Level 5:colcon.colcon_core.verb:set package 'robox_moveit_config' build argument 'ament_cmake_args' from command line to 'None'
[0.577s] Level 5:colcon.colcon_core.verb:set package 'robox_moveit_config' build argument 'catkin_cmake_args' from command line to 'None'
[0.577s] Level 5:colcon.colcon_core.verb:set package 'robox_moveit_config' build argument 'catkin_skip_building_tests' from command line to 'False'
[0.577s] DEBUG:colcon.colcon_core.verb:Building package 'robox_moveit_config' with the following arguments: {'ament_cmake_args': None, 'build_base': '/home/saber/robox_ws/build/robox_moveit_config', 'catkin_cmake_args': None, 'catkin_skip_building_tests': False, 'cmake_args': None, 'cmake_clean_cache': False, 'cmake_clean_first': False, 'cmake_force_configure': False, 'cmake_target': None, 'cmake_target_skip_unavailable': False, 'install_base': '/home/saber/robox_ws/install/robox_moveit_config', 'merge_install': False, 'path': '/home/saber/robox_ws/src/robox_moveit_config', 'symlink_install': False, 'test_result_base': None}
[0.577s] INFO:colcon.colcon_core.executor:Executing jobs using 'parallel' executor
[0.578s] DEBUG:colcon.colcon_parallel_executor.executor.parallel:run_until_complete
[0.579s] INFO:colcon.colcon_ros.task.ament_cmake.build:Building ROS package in '/home/saber/robox_ws/src/robox_arm' with build type 'ament_cmake'
[0.579s] INFO:colcon.colcon_cmake.task.cmake.build:Building CMake package in '/home/saber/robox_ws/src/robox_arm'
[0.583s] INFO:colcon.colcon_core.plugin_system:Skipping extension 'colcon_core.shell.bat': Not used on non-Windows systems
[0.583s] INFO:colcon.colcon_core.shell:Skip shell extension 'powershell' for command environment: Not usable outside of PowerShell
[0.583s] DEBUG:colcon.colcon_core.shell:Skip shell extension 'dsv' for command environment
[0.592s] INFO:colcon.colcon_ros.task.catkin.build:Building ROS package in '/home/saber/robox_ws/src/arduino_arm_hardware_interface' with build type 'catkin'
[0.592s] INFO:colcon.colcon_cmake.task.cmake.build:Building CMake package in '/home/saber/robox_ws/src/arduino_arm_hardware_interface'
[0.592s] INFO:colcon.colcon_core.shell:Skip shell extension 'powershell' for command environment: Not usable outside of PowerShell
[0.592s] DEBUG:colcon.colcon_core.shell:Skip shell extension 'dsv' for command environment
[0.602s] INFO:colcon.colcon_ros.task.ament_python.build:Building ROS package in '/home/saber/robox_ws/src/arduinobot_py_examples' with build type 'ament_python'
[0.602s] Level 1:colcon.colcon_core.shell:create_environment_hook('arduinobot_py_examples', 'ament_prefix_path')
[0.602s] INFO:colcon.colcon_core.shell:Creating environment hook '/home/saber/robox_ws/install/arduinobot_py_examples/share/arduinobot_py_examples/hook/ament_prefix_path.ps1'
[0.604s] INFO:colcon.colcon_core.shell:Creating environment descriptor '/home/saber/robox_ws/install/arduinobot_py_examples/share/arduinobot_py_examples/hook/ament_prefix_path.dsv'
[0.604s] INFO:colcon.colcon_core.shell:Creating environment hook '/home/saber/robox_ws/install/arduinobot_py_examples/share/arduinobot_py_examples/hook/ament_prefix_path.sh'
[0.606s] INFO:colcon.colcon_core.shell:Skip shell extension 'powershell' for command environment: Not usable outside of PowerShell
[0.606s] DEBUG:colcon.colcon_core.shell:Skip shell extension 'dsv' for command environment
[0.615s] INFO:colcon.colcon_ros.task.ament_python.build:Building ROS package in '/home/saber/robox_ws/src/color_pose_publisher' with build type 'ament_python'
[0.615s] Level 1:colcon.colcon_core.shell:create_environment_hook('color_pose_publisher', 'ament_prefix_path')
[0.615s] INFO:colcon.colcon_core.shell:Creating environment hook '/home/saber/robox_ws/install/color_pose_publisher/share/color_pose_publisher/hook/ament_prefix_path.ps1'
[0.617s] INFO:colcon.colcon_core.shell:Creating environment descriptor '/home/saber/robox_ws/install/color_pose_publisher/share/color_pose_publisher/hook/ament_prefix_path.dsv'
[0.617s] INFO:colcon.colcon_core.shell:Creating environment hook '/home/saber/robox_ws/install/color_pose_publisher/share/color_pose_publisher/hook/ament_prefix_path.sh'
[0.618s] INFO:colcon.colcon_core.shell:Skip shell extension 'powershell' for command environment: Not usable outside of PowerShell
[0.618s] DEBUG:colcon.colcon_core.shell:Skip shell extension 'dsv' for command environment
[0.627s] INFO:colcon.colcon_ros.task.ament_cmake.build:Building ROS package in '/home/saber/robox_ws/src/cube_msgs' with build type 'ament_cmake'
[0.627s] INFO:colcon.colcon_cmake.task.cmake.build:Building CMake package in '/home/saber/robox_ws/src/cube_msgs'
[0.628s] INFO:colcon.colcon_core.shell:Skip shell extension 'powershell' for command environment: Not usable outside of PowerShell
[0.628s] DEBUG:colcon.colcon_core.shell:Skip shell extension 'dsv' for command environment
[0.645s] DEBUG:colcon.colcon_core.event_handler.log_command:Invoking command in '/home/saber/robox_ws/build/robox_arm': CMAKE_PREFIX_PATH=/home/saber/robox_ws/install/robox_moveit_config:/home/saber/robox_ws/install/robox_arm:/home/saber/robox_ws/install/pilz_industrial_motion_planner_testutils:/home/saber/robox_ws/install/moveit_ros_control_interface:/home/saber/robox_ws/install/moveit_plugins:/home/saber/robox_ws/install/moveit_simple_controller_manager:/home/saber/robox_ws/install/moveit_ros_occupancy_map_monitor:/home/saber/robox_ws/install/moveit_resources_prbt_support:/home/saber/robox_ws/install/moveit_resources_prbt_ikfast_manipulator_plugin:/home/saber/robox_ws/install/moveit_planners_stomp:/home/saber/robox_ws/install/moveit_planners_chomp:/home/saber/robox_ws/install/chomp_motion_planner:/home/saber/robox_ws/install/moveit_core:/home/saber/robox_ws/install/moveit_common:/home/saber/robox_ws/install/cube_msgs:/home/saber/robox_ws/install/moveit_configs_utils:/home/saber/robox_ws/install/color_pose_publisher:/home/saber/robox_ws/install/arduinobot_py_examples:/opt/ros/jazzy:/home/saber/robox_ws/install/arduino_arm_hardware_interface:/opt/ros/jazzy/opt/gz_sim_vendor:/opt/ros/jazzy/opt/gz_sensors_vendor:/opt/ros/jazzy/opt/gz_physics_vendor:/opt/ros/jazzy/opt/sdformat_vendor:/opt/ros/jazzy/opt/gz_gui_vendor:/opt/ros/jazzy/opt/gz_transport_vendor:/opt/ros/jazzy/opt/gz_rendering_vendor:/opt/ros/jazzy/opt/gz_plugin_vendor:/opt/ros/jazzy/opt/gz_fuel_tools_vendor:/opt/ros/jazzy/opt/gz_msgs_vendor:/opt/ros/jazzy/opt/gz_common_vendor:/opt/ros/jazzy/opt/gz_math_vendor:/opt/ros/jazzy/opt/gz_utils_vendor:/opt/ros/jazzy/opt/gz_tools_vendor:/opt/ros/jazzy/opt/gz_ogre_next_vendor:/opt/ros/jazzy/opt/gz_dartsim_vendor:/opt/ros/jazzy/opt/gz_cmake_vendor DEBUGINFOD_URLS=https://debuginfod.ubuntu.com /usr/bin/cmake --build /home/saber/robox_ws/build/robox_arm -- -j16 -l16
[0.649s] DEBUG:colcon.colcon_core.event_handler.log_command:Invoking command in '/home/saber/robox_ws/build/arduino_arm_hardware_interface': DEBUGINFOD_URLS=https://debuginfod.ubuntu.com /usr/bin/cmake --build /home/saber/robox_ws/build/arduino_arm_hardware_interface -- -j16 -l16
[1.118s] INFO:colcon.colcon_core.task.python.build:Building Python package in '/home/saber/robox_ws/src/arduinobot_py_examples'
[1.119s] INFO:colcon.colcon_core.shell:Skip shell extension 'powershell' for command environment: Not usable outside of PowerShell
[1.119s] DEBUG:colcon.colcon_core.shell:Skip shell extension 'dsv' for command environment
[1.583s] INFO:colcon.colcon_core.task.python.build:Building Python package in '/home/saber/robox_ws/src/color_pose_publisher'
[1.584s] INFO:colcon.colcon_core.shell:Skip shell extension 'powershell' for command environment: Not usable outside of PowerShell
[1.584s] DEBUG:colcon.colcon_core.shell:Skip shell extension 'dsv' for command environment
[1.599s] DEBUG:colcon.colcon_core.event_handler.log_command:Invoked command in '/home/saber/robox_ws/build/robox_arm' returned '0': CMAKE_PREFIX_PATH=/home/saber/robox_ws/install/robox_moveit_config:/home/saber/robox_ws/install/robox_arm:/home/saber/robox_ws/install/pilz_industrial_motion_planner_testutils:/home/saber/robox_ws/install/moveit_ros_control_interface:/home/saber/robox_ws/install/moveit_plugins:/home/saber/robox_ws/install/moveit_simple_controller_manager:/home/saber/robox_ws/install/moveit_ros_occupancy_map_monitor:/home/saber/robox_ws/install/moveit_resources_prbt_support:/home/saber/robox_ws/install/moveit_resources_prbt_ikfast_manipulator_plugin:/home/saber/robox_ws/install/moveit_planners_stomp:/home/saber/robox_ws/install/moveit_planners_chomp:/home/saber/robox_ws/install/chomp_motion_planner:/home/saber/robox_ws/install/moveit_core:/home/saber/robox_ws/install/moveit_common:/home/saber/robox_ws/install/cube_msgs:/home/saber/robox_ws/install/moveit_configs_utils:/home/saber/robox_ws/install/color_pose_publisher:/home/saber/robox_ws/install/arduinobot_py_examples:/opt/ros/jazzy:/home/saber/robox_ws/install/arduino_arm_hardware_interface:/opt/ros/jazzy/opt/gz_sim_vendor:/opt/ros/jazzy/opt/gz_sensors_vendor:/opt/ros/jazzy/opt/gz_physics_vendor:/opt/ros/jazzy/opt/sdformat_vendor:/opt/ros/jazzy/opt/gz_gui_vendor:/opt/ros/jazzy/opt/gz_transport_vendor:/opt/ros/jazzy/opt/gz_rendering_vendor:/opt/ros/jazzy/opt/gz_plugin_vendor:/opt/ros/jazzy/opt/gz_fuel_tools_vendor:/opt/ros/jazzy/opt/gz_msgs_vendor:/opt/ros/jazzy/opt/gz_common_vendor:/opt/ros/jazzy/opt/gz_math_vendor:/opt/ros/jazzy/opt/gz_utils_vendor:/opt/ros/jazzy/opt/gz_tools_vendor:/opt/ros/jazzy/opt/gz_ogre_next_vendor:/opt/ros/jazzy/opt/gz_dartsim_vendor:/opt/ros/jazzy/opt/gz_cmake_vendor DEBUGINFOD_URLS=https://debuginfod.ubuntu.com /usr/bin/cmake --build /home/saber/robox_ws/build/robox_arm -- -j16 -l16
[1.624s] DEBUG:colcon.colcon_core.event_handler.log_command:Invoking command in '/home/saber/robox_ws/build/robox_arm': CMAKE_PREFIX_PATH=/home/saber/robox_ws/install/robox_moveit_config:/home/saber/robox_ws/install/robox_arm:/home/saber/robox_ws/install/pilz_industrial_motion_planner_testutils:/home/saber/robox_ws/install/moveit_ros_control_interface:/home/saber/robox_ws/install/moveit_plugins:/home/saber/robox_ws/install/moveit_simple_controller_manager:/home/saber/robox_ws/install/moveit_ros_occupancy_map_monitor:/home/saber/robox_ws/install/moveit_resources_prbt_support:/home/saber/robox_ws/install/moveit_resources_prbt_ikfast_manipulator_plugin:/home/saber/robox_ws/install/moveit_planners_stomp:/home/saber/robox_ws/install/moveit_planners_chomp:/home/saber/robox_ws/install/chomp_motion_planner:/home/saber/robox_ws/install/moveit_core:/home/saber/robox_ws/install/moveit_common:/home/saber/robox_ws/install/cube_msgs:/home/saber/robox_ws/install/moveit_configs_utils:/home/saber/robox_ws/install/color_pose_publisher:/home/saber/robox_ws/install/arduinobot_py_examples:/opt/ros/jazzy:/home/saber/robox_ws/install/arduino_arm_hardware_interface:/opt/ros/jazzy/opt/gz_sim_vendor:/opt/ros/jazzy/opt/gz_sensors_vendor:/opt/ros/jazzy/opt/gz_physics_vendor:/opt/ros/jazzy/opt/sdformat_vendor:/opt/ros/jazzy/opt/gz_gui_vendor:/opt/ros/jazzy/opt/gz_transport_vendor:/opt/ros/jazzy/opt/gz_rendering_vendor:/opt/ros/jazzy/opt/gz_plugin_vendor:/opt/ros/jazzy/opt/gz_fuel_tools_vendor:/opt/ros/jazzy/opt/gz_msgs_vendor:/opt/ros/jazzy/opt/gz_common_vendor:/opt/ros/jazzy/opt/gz_math_vendor:/opt/ros/jazzy/opt/gz_utils_vendor:/opt/ros/jazzy/opt/gz_tools_vendor:/opt/ros/jazzy/opt/gz_ogre_next_vendor:/opt/ros/jazzy/opt/gz_dartsim_vendor:/opt/ros/jazzy/opt/gz_cmake_vendor DEBUGINFOD_URLS=https://debuginfod.ubuntu.com /usr/bin/cmake --install /home/saber/robox_ws/build/robox_arm
[1.625s] DEBUG:colcon.colcon_core.event_handler.log_command:Invoked command in '/home/saber/robox_ws/build/arduino_arm_hardware_interface' returned '0': DEBUGINFOD_URLS=https://debuginfod.ubuntu.com /usr/bin/cmake --build /home/saber/robox_ws/build/arduino_arm_hardware_interface -- -j16 -l16
[1.627s] DEBUG:colcon.colcon_core.event_handler.log_command:Invoking command in '/home/saber/robox_ws/build/arduino_arm_hardware_interface': DEBUGINFOD_URLS=https://debuginfod.ubuntu.com /usr/bin/cmake --install /home/saber/robox_ws/build/arduino_arm_hardware_interface
[1.633s] DEBUG:colcon.colcon_core.event_handler.log_command:Invoking command in '/home/saber/robox_ws/build/cube_msgs': CMAKE_PREFIX_PATH=/home/saber/robox_ws/install/robox_moveit_config:/home/saber/robox_ws/install/robox_arm:/home/saber/robox_ws/install/pilz_industrial_motion_planner_testutils:/home/saber/robox_ws/install/moveit_ros_control_interface:/home/saber/robox_ws/install/moveit_plugins:/home/saber/robox_ws/install/moveit_simple_controller_manager:/home/saber/robox_ws/install/moveit_ros_occupancy_map_monitor:/home/saber/robox_ws/install/moveit_resources_prbt_support:/home/saber/robox_ws/install/moveit_resources_prbt_ikfast_manipulator_plugin:/home/saber/robox_ws/install/moveit_planners_stomp:/home/saber/robox_ws/install/moveit_planners_chomp:/home/saber/robox_ws/install/chomp_motion_planner:/home/saber/robox_ws/install/moveit_core:/home/saber/robox_ws/install/moveit_common:/home/saber/robox_ws/install/cube_msgs:/home/saber/robox_ws/install/moveit_configs_utils:/home/saber/robox_ws/install/color_pose_publisher:/home/saber/robox_ws/install/arduinobot_py_examples:/opt/ros/jazzy:/home/saber/robox_ws/install/arduino_arm_hardware_interface:/opt/ros/jazzy/opt/gz_sim_vendor:/opt/ros/jazzy/opt/gz_sensors_vendor:/opt/ros/jazzy/opt/gz_physics_vendor:/opt/ros/jazzy/opt/sdformat_vendor:/opt/ros/jazzy/opt/gz_gui_vendor:/opt/ros/jazzy/opt/gz_transport_vendor:/opt/ros/jazzy/opt/gz_rendering_vendor:/opt/ros/jazzy/opt/gz_plugin_vendor:/opt/ros/jazzy/opt/gz_fuel_tools_vendor:/opt/ros/jazzy/opt/gz_msgs_vendor:/opt/ros/jazzy/opt/gz_common_vendor:/opt/ros/jazzy/opt/gz_math_vendor:/opt/ros/jazzy/opt/gz_utils_vendor:/opt/ros/jazzy/opt/gz_tools_vendor:/opt/ros/jazzy/opt/gz_ogre_next_vendor:/opt/ros/jazzy/opt/gz_dartsim_vendor:/opt/ros/jazzy/opt/gz_cmake_vendor DEBUGINFOD_URLS=https://debuginfod.ubuntu.com /usr/bin/cmake --build /home/saber/robox_ws/build/cube_msgs -- -j16 -l16
[1.666s] Level 1:colcon.colcon_core.shell:create_environment_hook('arduino_arm_hardware_interface', 'ros_package_path')
[1.666s] INFO:colcon.colcon_core.shell:Creating environment hook '/home/saber/robox_ws/install/arduino_arm_hardware_interface/share/arduino_arm_hardware_interface/hook/ros_package_path.ps1'
[1.668s] INFO:colcon.colcon_core.shell:Creating environment descriptor '/home/saber/robox_ws/install/arduino_arm_hardware_interface/share/arduino_arm_hardware_interface/hook/ros_package_path.dsv'
[1.669s] INFO:colcon.colcon_core.shell:Creating environment hook '/home/saber/robox_ws/install/arduino_arm_hardware_interface/share/arduino_arm_hardware_interface/hook/ros_package_path.sh'
[1.671s] Level 1:colcon.colcon_core.shell:create_environment_hook('arduino_arm_hardware_interface', 'pkg_config_path')
[1.672s] INFO:colcon.colcon_core.shell:Creating environment hook '/home/saber/robox_ws/install/arduino_arm_hardware_interface/share/arduino_arm_hardware_interface/hook/pkg_config_path.ps1'
[1.673s] INFO:colcon.colcon_core.shell:Creating environment descriptor '/home/saber/robox_ws/install/arduino_arm_hardware_interface/share/arduino_arm_hardware_interface/hook/pkg_config_path.dsv'
[1.674s] INFO:colcon.colcon_core.shell:Creating environment hook '/home/saber/robox_ws/install/arduino_arm_hardware_interface/share/arduino_arm_hardware_interface/hook/pkg_config_path.sh'
[1.677s] DEBUG:colcon.colcon_core.event_handler.log_command:Invoked command in '/home/saber/robox_ws/build/arduino_arm_hardware_interface' returned '0': DEBUGINFOD_URLS=https://debuginfod.ubuntu.com /usr/bin/cmake --install /home/saber/robox_ws/build/arduino_arm_hardware_interface
[1.678s] Level 1:colcon.colcon_core.shell:create_environment_hook('arduino_arm_hardware_interface', 'pkg_config_path_multiarch')
[1.679s] INFO:colcon.colcon_core.shell:Creating environment hook '/home/saber/robox_ws/install/arduino_arm_hardware_interface/share/arduino_arm_hardware_interface/hook/pkg_config_path_multiarch.ps1'
[1.679s] INFO:colcon.colcon_core.shell:Creating environment descriptor '/home/saber/robox_ws/install/arduino_arm_hardware_interface/share/arduino_arm_hardware_interface/hook/pkg_config_path_multiarch.dsv'
[1.680s] INFO:colcon.colcon_core.shell:Creating environment hook '/home/saber/robox_ws/install/arduino_arm_hardware_interface/share/arduino_arm_hardware_interface/hook/pkg_config_path_multiarch.sh'
[1.682s] Level 1:colcon.colcon_core.environment:create_environment_scripts_only(arduino_arm_hardware_interface)
[1.686s] Level 1:colcon.colcon_core.environment:checking '/home/saber/robox_ws/install/arduino_arm_hardware_interface' for CMake module files
[1.687s] Level 1:colcon.colcon_core.environment:checking '/home/saber/robox_ws/install/arduino_arm_hardware_interface' for CMake config files
[1.687s] Level 1:colcon.colcon_core.shell:create_environment_hook('arduino_arm_hardware_interface', 'cmake_prefix_path')
[1.688s] INFO:colcon.colcon_core.shell:Creating environment hook '/home/saber/robox_ws/install/arduino_arm_hardware_interface/share/arduino_arm_hardware_interface/hook/cmake_prefix_path.ps1'
[1.688s] INFO:colcon.colcon_core.shell:Creating environment descriptor '/home/saber/robox_ws/install/arduino_arm_hardware_interface/share/arduino_arm_hardware_interface/hook/cmake_prefix_path.dsv'
[1.689s] INFO:colcon.colcon_core.shell:Creating environment hook '/home/saber/robox_ws/install/arduino_arm_hardware_interface/share/arduino_arm_hardware_interface/hook/cmake_prefix_path.sh'
[1.690s] Level 1:colcon.colcon_core.environment:checking '/home/saber/robox_ws/install/arduino_arm_hardware_interface/lib'
[1.690s] Level 1:colcon.colcon_core.shell:create_environment_hook('arduino_arm_hardware_interface', 'ld_library_path_lib')
[1.690s] INFO:colcon.colcon_core.shell:Creating environment hook '/home/saber/robox_ws/install/arduino_arm_hardware_interface/share/arduino_arm_hardware_interface/hook/ld_library_path_lib.ps1'
[1.691s] INFO:colcon.colcon_core.shell:Creating environment descriptor '/home/saber/robox_ws/install/arduino_arm_hardware_interface/share/arduino_arm_hardware_interface/hook/ld_library_path_lib.dsv'
[1.692s] INFO:colcon.colcon_core.shell:Creating environment hook '/home/saber/robox_ws/install/arduino_arm_hardware_interface/share/arduino_arm_hardware_interface/hook/ld_library_path_lib.sh'
[1.692s] Level 1:colcon.colcon_core.environment:checking '/home/saber/robox_ws/install/arduino_arm_hardware_interface/bin'
[1.692s] Level 1:colcon.colcon_core.environment:checking '/home/saber/robox_ws/install/arduino_arm_hardware_interface/lib/pkgconfig/arduino_arm_hardware_interface.pc'
[1.693s] Level 1:colcon.colcon_core.environment:checking '/home/saber/robox_ws/install/arduino_arm_hardware_interface/lib/python3.12/site-packages'
[1.693s] Level 1:colcon.colcon_core.environment:checking '/home/saber/robox_ws/install/arduino_arm_hardware_interface/bin'
[1.694s] INFO:colcon.colcon_core.shell:Creating package script '/home/saber/robox_ws/install/arduino_arm_hardware_interface/share/arduino_arm_hardware_interface/package.ps1'
[1.695s] INFO:colcon.colcon_core.shell:Creating package descriptor '/home/saber/robox_ws/install/arduino_arm_hardware_interface/share/arduino_arm_hardware_interface/package.dsv'
[1.697s] INFO:colcon.colcon_core.shell:Creating package script '/home/saber/robox_ws/install/arduino_arm_hardware_interface/share/arduino_arm_hardware_interface/package.sh'
[1.698s] INFO:colcon.colcon_core.shell:Creating package script '/home/saber/robox_ws/install/arduino_arm_hardware_interface/share/arduino_arm_hardware_interface/package.bash'
[1.699s] INFO:colcon.colcon_core.shell:Creating package script '/home/saber/robox_ws/install/arduino_arm_hardware_interface/share/arduino_arm_hardware_interface/package.zsh'
[1.700s] Level 1:colcon.colcon_core.environment:create_file_with_runtime_dependencies(/home/saber/robox_ws/install/arduino_arm_hardware_interface/share/colcon-core/packages/arduino_arm_hardware_interface)
[1.702s] Level 1:colcon.colcon_core.environment:create_environment_scripts_only(robox_arm)
[1.702s] Level 1:colcon.colcon_core.environment:checking '/home/saber/robox_ws/install/robox_arm' for CMake module files
[1.703s] DEBUG:colcon.colcon_core.event_handler.log_command:Invoked command in '/home/saber/robox_ws/build/robox_arm' returned '0': CMAKE_PREFIX_PATH=/home/saber/robox_ws/install/robox_moveit_config:/home/saber/robox_ws/install/robox_arm:/home/saber/robox_ws/install/pilz_industrial_motion_planner_testutils:/home/saber/robox_ws/install/moveit_ros_control_interface:/home/saber/robox_ws/install/moveit_plugins:/home/saber/robox_ws/install/moveit_simple_controller_manager:/home/saber/robox_ws/install/moveit_ros_occupancy_map_monitor:/home/saber/robox_ws/install/moveit_resources_prbt_support:/home/saber/robox_ws/install/moveit_resources_prbt_ikfast_manipulator_plugin:/home/saber/robox_ws/install/moveit_planners_stomp:/home/saber/robox_ws/install/moveit_planners_chomp:/home/saber/robox_ws/install/chomp_motion_planner:/home/saber/robox_ws/install/moveit_core:/home/saber/robox_ws/install/moveit_common:/home/saber/robox_ws/install/cube_msgs:/home/saber/robox_ws/install/moveit_configs_utils:/home/saber/robox_ws/install/color_pose_publisher:/home/saber/robox_ws/install/arduinobot_py_examples:/opt/ros/jazzy:/home/saber/robox_ws/install/arduino_arm_hardware_interface:/opt/ros/jazzy/opt/gz_sim_vendor:/opt/ros/jazzy/opt/gz_sensors_vendor:/opt/ros/jazzy/opt/gz_physics_vendor:/opt/ros/jazzy/opt/sdformat_vendor:/opt/ros/jazzy/opt/gz_gui_vendor:/opt/ros/jazzy/opt/gz_transport_vendor:/opt/ros/jazzy/opt/gz_rendering_vendor:/opt/ros/jazzy/opt/gz_plugin_vendor:/opt/ros/jazzy/opt/gz_fuel_tools_vendor:/opt/ros/jazzy/opt/gz_msgs_vendor:/opt/ros/jazzy/opt/gz_common_vendor:/opt/ros/jazzy/opt/gz_math_vendor:/opt/ros/jazzy/opt/gz_utils_vendor:/opt/ros/jazzy/opt/gz_tools_vendor:/opt/ros/jazzy/opt/gz_ogre_next_vendor:/opt/ros/jazzy/opt/gz_dartsim_vendor:/opt/ros/jazzy/opt/gz_cmake_vendor DEBUGINFOD_URLS=https://debuginfod.ubuntu.com /usr/bin/cmake --install /home/saber/robox_ws/build/robox_arm
[1.704s] Level 1:colcon.colcon_core.environment:checking '/home/saber/robox_ws/install/robox_arm' for CMake config files
[1.704s] Level 1:colcon.colcon_core.shell:create_environment_hook('robox_arm', 'cmake_prefix_path')
[1.705s] INFO:colcon.colcon_core.shell:Creating environment hook '/home/saber/robox_ws/install/robox_arm/share/robox_arm/hook/cmake_prefix_path.ps1'
[1.705s] INFO:colcon.colcon_core.shell:Creating environment descriptor '/home/saber/robox_ws/install/robox_arm/share/robox_arm/hook/cmake_prefix_path.dsv'
[1.706s] INFO:colcon.colcon_core.shell:Creating environment hook '/home/saber/robox_ws/install/robox_arm/share/robox_arm/hook/cmake_prefix_path.sh'
[1.707s] Level 1:colcon.colcon_core.environment:checking '/home/saber/robox_ws/install/robox_arm/bin'
[1.707s] Level 1:colcon.colcon_core.environment:checking '/home/saber/robox_ws/install/robox_arm/lib/pkgconfig/robox_arm.pc'
[1.707s] Level 1:colcon.colcon_core.environment:checking '/home/saber/robox_ws/install/robox_arm/lib/python3.12/site-packages'
[1.707s] Level 1:colcon.colcon_core.environment:checking '/home/saber/robox_ws/install/robox_arm/bin'
[1.708s] INFO:colcon.colcon_core.shell:Creating package script '/home/saber/robox_ws/install/robox_arm/share/robox_arm/package.ps1'
[1.708s] INFO:colcon.colcon_core.shell:Creating package descriptor '/home/saber/robox_ws/install/robox_arm/share/robox_arm/package.dsv'
[1.709s] INFO:colcon.colcon_core.shell:Creating package script '/home/saber/robox_ws/install/robox_arm/share/robox_arm/package.sh'
[1.710s] INFO:colcon.colcon_core.shell:Creating package script '/home/saber/robox_ws/install/robox_arm/share/robox_arm/package.bash'
[1.710s] INFO:colcon.colcon_core.shell:Creating package script '/home/saber/robox_ws/install/robox_arm/share/robox_arm/package.zsh'
[1.711s] Level 1:colcon.colcon_core.environment:create_file_with_runtime_dependencies(/home/saber/robox_ws/install/robox_arm/share/colcon-core/packages/robox_arm)
[1.712s] Level 1:colcon.colcon_core.environment:create_environment_scripts_only(robox_arm)
[1.712s] Level 1:colcon.colcon_core.environment:checking '/home/saber/robox_ws/install/robox_arm' for CMake module files
[1.713s] Level 1:colcon.colcon_core.environment:checking '/home/saber/robox_ws/install/robox_arm' for CMake config files
[1.714s] Level 1:colcon.colcon_core.shell:create_environment_hook('robox_arm', 'cmake_prefix_path')
[1.714s] INFO:colcon.colcon_core.shell:Creating environment hook '/home/saber/robox_ws/install/robox_arm/share/robox_arm/hook/cmake_prefix_path.ps1'
[1.715s] INFO:colcon.colcon_core.shell:Creating environment descriptor '/home/saber/robox_ws/install/robox_arm/share/robox_arm/hook/cmake_prefix_path.dsv'
[1.716s] INFO:colcon.colcon_core.shell:Creating environment hook '/home/saber/robox_ws/install/robox_arm/share/robox_arm/hook/cmake_prefix_path.sh'
[1.717s] Level 1:colcon.colcon_core.environment:checking '/home/saber/robox_ws/install/robox_arm/bin'
[1.717s] Level 1:colcon.colcon_core.environment:checking '/home/saber/robox_ws/install/robox_arm/lib/pkgconfig/robox_arm.pc'
[1.717s] Level 1:colcon.colcon_core.environment:checking '/home/saber/robox_ws/install/robox_arm/lib/python3.12/site-packages'
[1.718s] Level 1:colcon.colcon_core.environment:checking '/home/saber/robox_ws/install/robox_arm/bin'
[1.718s] INFO:colcon.colcon_core.shell:Creating package script '/home/saber/robox_ws/install/robox_arm/share/robox_arm/package.ps1'
[1.719s] INFO:colcon.colcon_core.shell:Creating package descriptor '/home/saber/robox_ws/install/robox_arm/share/robox_arm/package.dsv'
[1.720s] INFO:colcon.colcon_core.shell:Creating package script '/home/saber/robox_ws/install/robox_arm/share/robox_arm/package.sh'
[1.720s] INFO:colcon.colcon_core.shell:Creating package script '/home/saber/robox_ws/install/robox_arm/share/robox_arm/package.bash'
[1.721s] INFO:colcon.colcon_core.shell:Creating package script '/home/saber/robox_ws/install/robox_arm/share/robox_arm/package.zsh'
[1.722s] Level 1:colcon.colcon_core.environment:create_file_with_runtime_dependencies(/home/saber/robox_ws/install/robox_arm/share/colcon-core/packages/robox_arm)
[1.722s] INFO:colcon.colcon_ros.task.ament_cmake.build:Building ROS package in '/home/saber/robox_ws/src/robox_moveit_config' with build type 'ament_cmake'
[1.723s] INFO:colcon.colcon_cmake.task.cmake.build:Building CMake package in '/home/saber/robox_ws/src/robox_moveit_config'
[1.723s] INFO:colcon.colcon_core.shell:Skip shell extension 'powershell' for command environment: Not usable outside of PowerShell
[1.723s] DEBUG:colcon.colcon_core.shell:Skip shell extension 'dsv' for command environment
[1.742s] DEBUG:colcon.colcon_core.event_handler.log_command:Invoking command in '/home/saber/robox_ws/build/robox_moveit_config': CMAKE_PREFIX_PATH=/home/saber/robox_ws/install/robox_arm:/home/saber/robox_ws/install/robox_moveit_config:/home/saber/robox_ws/install/pilz_industrial_motion_planner_testutils:/home/saber/robox_ws/install/moveit_ros_control_interface:/home/saber/robox_ws/install/moveit_plugins:/home/saber/robox_ws/install/moveit_simple_controller_manager:/home/saber/robox_ws/install/moveit_ros_occupancy_map_monitor:/home/saber/robox_ws/install/moveit_resources_prbt_support:/home/saber/robox_ws/install/moveit_resources_prbt_ikfast_manipulator_plugin:/home/saber/robox_ws/install/moveit_planners_stomp:/home/saber/robox_ws/install/moveit_planners_chomp:/home/saber/robox_ws/install/chomp_motion_planner:/home/saber/robox_ws/install/moveit_core:/home/saber/robox_ws/install/moveit_common:/home/saber/robox_ws/install/cube_msgs:/home/saber/robox_ws/install/moveit_configs_utils:/home/saber/robox_ws/install/color_pose_publisher:/home/saber/robox_ws/install/arduinobot_py_examples:/opt/ros/jazzy:/home/saber/robox_ws/install/arduino_arm_hardware_interface:/opt/ros/jazzy/opt/gz_sim_vendor:/opt/ros/jazzy/opt/gz_sensors_vendor:/opt/ros/jazzy/opt/gz_physics_vendor:/opt/ros/jazzy/opt/sdformat_vendor:/opt/ros/jazzy/opt/gz_gui_vendor:/opt/ros/jazzy/opt/gz_transport_vendor:/opt/ros/jazzy/opt/gz_rendering_vendor:/opt/ros/jazzy/opt/gz_plugin_vendor:/opt/ros/jazzy/opt/gz_fuel_tools_vendor:/opt/ros/jazzy/opt/gz_msgs_vendor:/opt/ros/jazzy/opt/gz_common_vendor:/opt/ros/jazzy/opt/gz_math_vendor:/opt/ros/jazzy/opt/gz_utils_vendor:/opt/ros/jazzy/opt/gz_tools_vendor:/opt/ros/jazzy/opt/gz_ogre_next_vendor:/opt/ros/jazzy/opt/gz_dartsim_vendor:/opt/ros/jazzy/opt/gz_cmake_vendor DEBUGINFOD_URLS=https://debuginfod.ubuntu.com /usr/bin/cmake --build /home/saber/robox_ws/build/robox_moveit_config -- -j16 -l16
[1.828s] DEBUG:colcon.colcon_core.event_handler.log_command:Invoked command in '/home/saber/robox_ws/build/robox_moveit_config' returned '0': CMAKE_PREFIX_PATH=/home/saber/robox_ws/install/robox_arm:/home/saber/robox_ws/install/robox_moveit_config:/home/saber/robox_ws/install/pilz_industrial_motion_planner_testutils:/home/saber/robox_ws/install/moveit_ros_control_interface:/home/saber/robox_ws/install/moveit_plugins:/home/saber/robox_ws/install/moveit_simple_controller_manager:/home/saber/robox_ws/install/moveit_ros_occupancy_map_monitor:/home/saber/robox_ws/install/moveit_resources_prbt_support:/home/saber/robox_ws/install/moveit_resources_prbt_ikfast_manipulator_plugin:/home/saber/robox_ws/install/moveit_planners_stomp:/home/saber/robox_ws/install/moveit_planners_chomp:/home/saber/robox_ws/install/chomp_motion_planner:/home/saber/robox_ws/install/moveit_core:/home/saber/robox_ws/install/moveit_common:/home/saber/robox_ws/install/cube_msgs:/home/saber/robox_ws/install/moveit_configs_utils:/home/saber/robox_ws/install/color_pose_publisher:/home/saber/robox_ws/install/arduinobot_py_examples:/opt/ros/jazzy:/home/saber/robox_ws/install/arduino_arm_hardware_interface:/opt/ros/jazzy/opt/gz_sim_vendor:/opt/ros/jazzy/opt/gz_sensors_vendor:/opt/ros/jazzy/opt/gz_physics_vendor:/opt/ros/jazzy/opt/sdformat_vendor:/opt/ros/jazzy/opt/gz_gui_vendor:/opt/ros/jazzy/opt/gz_transport_vendor:/opt/ros/jazzy/opt/gz_rendering_vendor:/opt/ros/jazzy/opt/gz_plugin_vendor:/opt/ros/jazzy/opt/gz_fuel_tools_vendor:/opt/ros/jazzy/opt/gz_msgs_vendor:/opt/ros/jazzy/opt/gz_common_vendor:/opt/ros/jazzy/opt/gz_math_vendor:/opt/ros/jazzy/opt/gz_utils_vendor:/opt/ros/jazzy/opt/gz_tools_vendor:/opt/ros/jazzy/opt/gz_ogre_next_vendor:/opt/ros/jazzy/opt/gz_dartsim_vendor:/opt/ros/jazzy/opt/gz_cmake_vendor DEBUGINFOD_URLS=https://debuginfod.ubuntu.com /usr/bin/cmake --build /home/saber/robox_ws/build/robox_moveit_config -- -j16 -l16
[1.830s] DEBUG:colcon.colcon_core.event_handler.log_command:Invoking command in '/home/saber/robox_ws/build/robox_moveit_config': CMAKE_PREFIX_PATH=/home/saber/robox_ws/install/robox_arm:/home/saber/robox_ws/install/robox_moveit_config:/home/saber/robox_ws/install/pilz_industrial_motion_planner_testutils:/home/saber/robox_ws/install/moveit_ros_control_interface:/home/saber/robox_ws/install/moveit_plugins:/home/saber/robox_ws/install/moveit_simple_controller_manager:/home/saber/robox_ws/install/moveit_ros_occupancy_map_monitor:/home/saber/robox_ws/install/moveit_resources_prbt_support:/home/saber/robox_ws/install/moveit_resources_prbt_ikfast_manipulator_plugin:/home/saber/robox_ws/install/moveit_planners_stomp:/home/saber/robox_ws/install/moveit_planners_chomp:/home/saber/robox_ws/install/chomp_motion_planner:/home/saber/robox_ws/install/moveit_core:/home/saber/robox_ws/install/moveit_common:/home/saber/robox_ws/install/cube_msgs:/home/saber/robox_ws/install/moveit_configs_utils:/home/saber/robox_ws/install/color_pose_publisher:/home/saber/robox_ws/install/arduinobot_py_examples:/opt/ros/jazzy:/home/saber/robox_ws/install/arduino_arm_hardware_interface:/opt/ros/jazzy/opt/gz_sim_vendor:/opt/ros/jazzy/opt/gz_sensors_vendor:/opt/ros/jazzy/opt/gz_physics_vendor:/opt/ros/jazzy/opt/sdformat_vendor:/opt/ros/jazzy/opt/gz_gui_vendor:/opt/ros/jazzy/opt/gz_transport_vendor:/opt/ros/jazzy/opt/gz_rendering_vendor:/opt/ros/jazzy/opt/gz_plugin_vendor:/opt/ros/jazzy/opt/gz_fuel_tools_vendor:/opt/ros/jazzy/opt/gz_msgs_vendor:/opt/ros/jazzy/opt/gz_common_vendor:/opt/ros/jazzy/opt/gz_math_vendor:/opt/ros/jazzy/opt/gz_utils_vendor:/opt/ros/jazzy/opt/gz_tools_vendor:/opt/ros/jazzy/opt/gz_ogre_next_vendor:/opt/ros/jazzy/opt/gz_dartsim_vendor:/opt/ros/jazzy/opt/gz_cmake_vendor DEBUGINFOD_URLS=https://debuginfod.ubuntu.com /usr/bin/cmake --install /home/saber/robox_ws/build/robox_moveit_config
[1.856s] Level 1:colcon.colcon_core.environment:create_environment_scripts_only(robox_moveit_config)
[1.857s] Level 1:colcon.colcon_core.environment:checking '/home/saber/robox_ws/install/robox_moveit_config' for CMake module files
[1.859s] Level 1:colcon.colcon_core.environment:checking '/home/saber/robox_ws/install/robox_moveit_config' for CMake config files
[1.861s] DEBUG:colcon.colcon_core.event_handler.log_command:Invoked command in '/home/saber/robox_ws/build/robox_moveit_config' returned '0': CMAKE_PREFIX_PATH=/home/saber/robox_ws/install/robox_arm:/home/saber/robox_ws/install/robox_moveit_config:/home/saber/robox_ws/install/pilz_industrial_motion_planner_testutils:/home/saber/robox_ws/install/moveit_ros_control_interface:/home/saber/robox_ws/install/moveit_plugins:/home/saber/robox_ws/install/moveit_simple_controller_manager:/home/saber/robox_ws/install/moveit_ros_occupancy_map_monitor:/home/saber/robox_ws/install/moveit_resources_prbt_support:/home/saber/robox_ws/install/moveit_resources_prbt_ikfast_manipulator_plugin:/home/saber/robox_ws/install/moveit_planners_stomp:/home/saber/robox_ws/install/moveit_planners_chomp:/home/saber/robox_ws/install/chomp_motion_planner:/home/saber/robox_ws/install/moveit_core:/home/saber/robox_ws/install/moveit_common:/home/saber/robox_ws/install/cube_msgs:/home/saber/robox_ws/install/moveit_configs_utils:/home/saber/robox_ws/install/color_pose_publisher:/home/saber/robox_ws/install/arduinobot_py_examples:/opt/ros/jazzy:/home/saber/robox_ws/install/arduino_arm_hardware_interface:/opt/ros/jazzy/opt/gz_sim_vendor:/opt/ros/jazzy/opt/gz_sensors_vendor:/opt/ros/jazzy/opt/gz_physics_vendor:/opt/ros/jazzy/opt/sdformat_vendor:/opt/ros/jazzy/opt/gz_gui_vendor:/opt/ros/jazzy/opt/gz_transport_vendor:/opt/ros/jazzy/opt/gz_rendering_vendor:/opt/ros/jazzy/opt/gz_plugin_vendor:/opt/ros/jazzy/opt/gz_fuel_tools_vendor:/opt/ros/jazzy/opt/gz_msgs_vendor:/opt/ros/jazzy/opt/gz_common_vendor:/opt/ros/jazzy/opt/gz_math_vendor:/opt/ros/jazzy/opt/gz_utils_vendor:/opt/ros/jazzy/opt/gz_tools_vendor:/opt/ros/jazzy/opt/gz_ogre_next_vendor:/opt/ros/jazzy/opt/gz_dartsim_vendor:/opt/ros/jazzy/opt/gz_cmake_vendor DEBUGINFOD_URLS=https://debuginfod.ubuntu.com /usr/bin/cmake --install /home/saber/robox_ws/build/robox_moveit_config
[1.861s] Level 1:colcon.colcon_core.shell:create_environment_hook('robox_moveit_config', 'cmake_prefix_path')
[1.862s] INFO:colcon.colcon_core.shell:Creating environment hook '/home/saber/robox_ws/install/robox_moveit_config/share/robox_moveit_config/hook/cmake_prefix_path.ps1'
[1.862s] INFO:colcon.colcon_core.shell:Creating environment descriptor '/home/saber/robox_ws/install/robox_moveit_config/share/robox_moveit_config/hook/cmake_prefix_path.dsv'
[1.863s] INFO:colcon.colcon_core.shell:Creating environment hook '/home/saber/robox_ws/install/robox_moveit_config/share/robox_moveit_config/hook/cmake_prefix_path.sh'
[1.864s] Level 1:colcon.colcon_core.environment:checking '/home/saber/robox_ws/install/robox_moveit_config/bin'
[1.864s] Level 1:colcon.colcon_core.environment:checking '/home/saber/robox_ws/install/robox_moveit_config/lib/pkgconfig/robox_moveit_config.pc'
[1.865s] Level 1:colcon.colcon_core.environment:checking '/home/saber/robox_ws/install/robox_moveit_config/lib/python3.12/site-packages'
[1.865s] Level 1:colcon.colcon_core.environment:checking '/home/saber/robox_ws/install/robox_moveit_config/bin'
[1.866s] INFO:colcon.colcon_core.shell:Creating package script '/home/saber/robox_ws/install/robox_moveit_config/share/robox_moveit_config/package.ps1'
[1.866s] INFO:colcon.colcon_core.shell:Creating package descriptor '/home/saber/robox_ws/install/robox_moveit_config/share/robox_moveit_config/package.dsv'
[1.867s] INFO:colcon.colcon_core.shell:Creating package script '/home/saber/robox_ws/install/robox_moveit_config/share/robox_moveit_config/package.sh'
[1.868s] INFO:colcon.colcon_core.shell:Creating package script '/home/saber/robox_ws/install/robox_moveit_config/share/robox_moveit_config/package.bash'
[1.868s] INFO:colcon.colcon_core.shell:Creating package script '/home/saber/robox_ws/install/robox_moveit_config/share/robox_moveit_config/package.zsh'
[1.869s] Level 1:colcon.colcon_core.environment:create_file_with_runtime_dependencies(/home/saber/robox_ws/install/robox_moveit_config/share/colcon-core/packages/robox_moveit_config)
[1.869s] Level 1:colcon.colcon_core.environment:create_environment_scripts_only(robox_moveit_config)
[1.870s] Level 1:colcon.colcon_core.environment:checking '/home/saber/robox_ws/install/robox_moveit_config' for CMake module files
[1.870s] Level 1:colcon.colcon_core.environment:checking '/home/saber/robox_ws/install/robox_moveit_config' for CMake config files
[1.871s] Level 1:colcon.colcon_core.shell:create_environment_hook('robox_moveit_config', 'cmake_prefix_path')
[1.871s] INFO:colcon.colcon_core.shell:Creating environment hook '/home/saber/robox_ws/install/robox_moveit_config/share/robox_moveit_config/hook/cmake_prefix_path.ps1'
[1.871s] INFO:colcon.colcon_core.shell:Creating environment descriptor '/home/saber/robox_ws/install/robox_moveit_config/share/robox_moveit_config/hook/cmake_prefix_path.dsv'
[1.872s] INFO:colcon.colcon_core.shell:Creating environment hook '/home/saber/robox_ws/install/robox_moveit_config/share/robox_moveit_config/hook/cmake_prefix_path.sh'
[1.873s] Level 1:colcon.colcon_core.environment:checking '/home/saber/robox_ws/install/robox_moveit_config/bin'
[1.873s] Level 1:colcon.colcon_core.environment:checking '/home/saber/robox_ws/install/robox_moveit_config/lib/pkgconfig/robox_moveit_config.pc'
[1.873s] Level 1:colcon.colcon_core.environment:checking '/home/saber/robox_ws/install/robox_moveit_config/lib/python3.12/site-packages'
[1.874s] Level 1:colcon.colcon_core.environment:checking '/home/saber/robox_ws/install/robox_moveit_config/bin'
[1.874s] INFO:colcon.colcon_core.shell:Creating package script '/home/saber/robox_ws/install/robox_moveit_config/share/robox_moveit_config/package.ps1'
[1.875s] INFO:colcon.colcon_core.shell:Creating package descriptor '/home/saber/robox_ws/install/robox_moveit_config/share/robox_moveit_config/package.dsv'
[1.875s] INFO:colcon.colcon_core.shell:Creating package script '/home/saber/robox_ws/install/robox_moveit_config/share/robox_moveit_config/package.sh'
[1.876s] INFO:colcon.colcon_core.shell:Creating package script '/home/saber/robox_ws/install/robox_moveit_config/share/robox_moveit_config/package.bash'
[1.877s] INFO:colcon.colcon_core.shell:Creating package script '/home/saber/robox_ws/install/robox_moveit_config/share/robox_moveit_config/package.zsh'
[1.877s] Level 1:colcon.colcon_core.environment:create_file_with_runtime_dependencies(/home/saber/robox_ws/install/robox_moveit_config/share/colcon-core/packages/robox_moveit_config)
[2.557s] DEBUG:colcon.colcon_core.event_handler.log_command:Invoked command in '/home/saber/robox_ws/build/cube_msgs' returned '0': CMAKE_PREFIX_PATH=/home/saber/robox_ws/install/robox_moveit_config:/home/saber/robox_ws/install/robox_arm:/home/saber/robox_ws/install/pilz_industrial_motion_planner_testutils:/home/saber/robox_ws/install/moveit_ros_control_interface:/home/saber/robox_ws/install/moveit_plugins:/home/saber/robox_ws/install/moveit_simple_controller_manager:/home/saber/robox_ws/install/moveit_ros_occupancy_map_monitor:/home/saber/robox_ws/install/moveit_resources_prbt_support:/home/saber/robox_ws/install/moveit_resources_prbt_ikfast_manipulator_plugin:/home/saber/robox_ws/install/moveit_planners_stomp:/home/saber/robox_ws/install/moveit_planners_chomp:/home/saber/robox_ws/install/chomp_motion_planner:/home/saber/robox_ws/install/moveit_core:/home/saber/robox_ws/install/moveit_common:/home/saber/robox_ws/install/cube_msgs:/home/saber/robox_ws/install/moveit_configs_utils:/home/saber/robox_ws/install/color_pose_publisher:/home/saber/robox_ws/install/arduinobot_py_examples:/opt/ros/jazzy:/home/saber/robox_ws/install/arduino_arm_hardware_interface:/opt/ros/jazzy/opt/gz_sim_vendor:/opt/ros/jazzy/opt/gz_sensors_vendor:/opt/ros/jazzy/opt/gz_physics_vendor:/opt/ros/jazzy/opt/sdformat_vendor:/opt/ros/jazzy/opt/gz_gui_vendor:/opt/ros/jazzy/opt/gz_transport_vendor:/opt/ros/jazzy/opt/gz_rendering_vendor:/opt/ros/jazzy/opt/gz_plugin_vendor:/opt/ros/jazzy/opt/gz_fuel_tools_vendor:/opt/ros/jazzy/opt/gz_msgs_vendor:/opt/ros/jazzy/opt/gz_common_vendor:/opt/ros/jazzy/opt/gz_math_vendor:/opt/ros/jazzy/opt/gz_utils_vendor:/opt/ros/jazzy/opt/gz_tools_vendor:/opt/ros/jazzy/opt/gz_ogre_next_vendor:/opt/ros/jazzy/opt/gz_dartsim_vendor:/opt/ros/jazzy/opt/gz_cmake_vendor DEBUGINFOD_URLS=https://debuginfod.ubuntu.com /usr/bin/cmake --build /home/saber/robox_ws/build/cube_msgs -- -j16 -l16
[2.559s] DEBUG:colcon.colcon_core.event_handler.log_command:Invoking command in '/home/saber/robox_ws/build/cube_msgs': CMAKE_PREFIX_PATH=/home/saber/robox_ws/install/robox_moveit_config:/home/saber/robox_ws/install/robox_arm:/home/saber/robox_ws/install/pilz_industrial_motion_planner_testutils:/home/saber/robox_ws/install/moveit_ros_control_interface:/home/saber/robox_ws/install/moveit_plugins:/home/saber/robox_ws/install/moveit_simple_controller_manager:/home/saber/robox_ws/install/moveit_ros_occupancy_map_monitor:/home/saber/robox_ws/install/moveit_resources_prbt_support:/home/saber/robox_ws/install/moveit_resources_prbt_ikfast_manipulator_plugin:/home/saber/robox_ws/install/moveit_planners_stomp:/home/saber/robox_ws/install/moveit_planners_chomp:/home/saber/robox_ws/install/chomp_motion_planner:/home/saber/robox_ws/install/moveit_core:/home/saber/robox_ws/install/moveit_common:/home/saber/robox_ws/install/cube_msgs:/home/saber/robox_ws/install/moveit_configs_utils:/home/saber/robox_ws/install/color_pose_publisher:/home/saber/robox_ws/install/arduinobot_py_examples:/opt/ros/jazzy:/home/saber/robox_ws/install/arduino_arm_hardware_interface:/opt/ros/jazzy/opt/gz_sim_vendor:/opt/ros/jazzy/opt/gz_sensors_vendor:/opt/ros/jazzy/opt/gz_physics_vendor:/opt/ros/jazzy/opt/sdformat_vendor:/opt/ros/jazzy/opt/gz_gui_vendor:/opt/ros/jazzy/opt/gz_transport_vendor:/opt/ros/jazzy/opt/gz_rendering_vendor:/opt/ros/jazzy/opt/gz_plugin_vendor:/opt/ros/jazzy/opt/gz_fuel_tools_vendor:/opt/ros/jazzy/opt/gz_msgs_vendor:/opt/ros/jazzy/opt/gz_common_vendor:/opt/ros/jazzy/opt/gz_math_vendor:/opt/ros/jazzy/opt/gz_utils_vendor:/opt/ros/jazzy/opt/gz_tools_vendor:/opt/ros/jazzy/opt/gz_ogre_next_vendor:/opt/ros/jazzy/opt/gz_dartsim_vendor:/opt/ros/jazzy/opt/gz_cmake_vendor DEBUGINFOD_URLS=https://debuginfod.ubuntu.com /usr/bin/cmake --install /home/saber/robox_ws/build/cube_msgs
[2.670s] Level 1:colcon.colcon_core.environment:create_environment_scripts_only(cube_msgs)
[2.670s] Level 1:colcon.colcon_core.environment:checking '/home/saber/robox_ws/install/cube_msgs' for CMake module files
[2.671s] DEBUG:colcon.colcon_core.event_handler.log_command:Invoked command in '/home/saber/robox_ws/build/cube_msgs' returned '0': CMAKE_PREFIX_PATH=/home/saber/robox_ws/install/robox_moveit_config:/home/saber/robox_ws/install/robox_arm:/home/saber/robox_ws/install/pilz_industrial_motion_planner_testutils:/home/saber/robox_ws/install/moveit_ros_control_interface:/home/saber/robox_ws/install/moveit_plugins:/home/saber/robox_ws/install/moveit_simple_controller_manager:/home/saber/robox_ws/install/moveit_ros_occupancy_map_monitor:/home/saber/robox_ws/install/moveit_resources_prbt_support:/home/saber/robox_ws/install/moveit_resources_prbt_ikfast_manipulator_plugin:/home/saber/robox_ws/install/moveit_planners_stomp:/home/saber/robox_ws/install/moveit_planners_chomp:/home/saber/robox_ws/install/chomp_motion_planner:/home/saber/robox_ws/install/moveit_core:/home/saber/robox_ws/install/moveit_common:/home/saber/robox_ws/install/cube_msgs:/home/saber/robox_ws/install/moveit_configs_utils:/home/saber/robox_ws/install/color_pose_publisher:/home/saber/robox_ws/install/arduinobot_py_examples:/opt/ros/jazzy:/home/saber/robox_ws/install/arduino_arm_hardware_interface:/opt/ros/jazzy/opt/gz_sim_vendor:/opt/ros/jazzy/opt/gz_sensors_vendor:/opt/ros/jazzy/opt/gz_physics_vendor:/opt/ros/jazzy/opt/sdformat_vendor:/opt/ros/jazzy/opt/gz_gui_vendor:/opt/ros/jazzy/opt/gz_transport_vendor:/opt/ros/jazzy/opt/gz_rendering_vendor:/opt/ros/jazzy/opt/gz_plugin_vendor:/opt/ros/jazzy/opt/gz_fuel_tools_vendor:/opt/ros/jazzy/opt/gz_msgs_vendor:/opt/ros/jazzy/opt/gz_common_vendor:/opt/ros/jazzy/opt/gz_math_vendor:/opt/ros/jazzy/opt/gz_utils_vendor:/opt/ros/jazzy/opt/gz_tools_vendor:/opt/ros/jazzy/opt/gz_ogre_next_vendor:/opt/ros/jazzy/opt/gz_dartsim_vendor:/opt/ros/jazzy/opt/gz_cmake_vendor DEBUGINFOD_URLS=https://debuginfod.ubuntu.com /usr/bin/cmake --install /home/saber/robox_ws/build/cube_msgs
[2.672s] Level 1:colcon.colcon_core.environment:checking '/home/saber/robox_ws/install/cube_msgs' for CMake config files
[2.673s] Level 1:colcon.colcon_core.shell:create_environment_hook('cube_msgs', 'cmake_prefix_path')
[2.673s] INFO:colcon.colcon_core.shell:Creating environment hook '/home/saber/robox_ws/install/cube_msgs/share/cube_msgs/hook/cmake_prefix_path.ps1'
[2.674s] INFO:colcon.colcon_core.shell:Creating environment descriptor '/home/saber/robox_ws/install/cube_msgs/share/cube_msgs/hook/cmake_prefix_path.dsv'
[2.675s] INFO:colcon.colcon_core.shell:Creating environment hook '/home/saber/robox_ws/install/cube_msgs/share/cube_msgs/hook/cmake_prefix_path.sh'
[2.676s] Level 1:colcon.colcon_core.environment:checking '/home/saber/robox_ws/install/cube_msgs/lib'
[2.676s] Level 1:colcon.colcon_core.shell:create_environment_hook('cube_msgs', 'ld_library_path_lib')
[2.676s] INFO:colcon.colcon_core.shell:Creating environment hook '/home/saber/robox_ws/install/cube_msgs/share/cube_msgs/hook/ld_library_path_lib.ps1'
[2.677s] INFO:colcon.colcon_core.shell:Creating environment descriptor '/home/saber/robox_ws/install/cube_msgs/share/cube_msgs/hook/ld_library_path_lib.dsv'
[2.678s] INFO:colcon.colcon_core.shell:Creating environment hook '/home/saber/robox_ws/install/cube_msgs/share/cube_msgs/hook/ld_library_path_lib.sh'
[2.679s] Level 1:colcon.colcon_core.environment:checking '/home/saber/robox_ws/install/cube_msgs/bin'
[2.679s] Level 1:colcon.colcon_core.environment:checking '/home/saber/robox_ws/install/cube_msgs/lib/pkgconfig/cube_msgs.pc'
[2.679s] Level 1:colcon.colcon_core.environment:checking '/home/saber/robox_ws/install/cube_msgs/lib/python3.12/site-packages'
[2.679s] Level 1:colcon.colcon_core.shell:create_environment_hook('cube_msgs', 'pythonpath')
[2.680s] INFO:colcon.colcon_core.shell:Creating environment hook '/home/saber/robox_ws/install/cube_msgs/share/cube_msgs/hook/pythonpath.ps1'
[2.680s] INFO:colcon.colcon_core.shell:Creating environment descriptor '/home/saber/robox_ws/install/cube_msgs/share/cube_msgs/hook/pythonpath.dsv'
[2.681s] INFO:colcon.colcon_core.shell:Creating environment hook '/home/saber/robox_ws/install/cube_msgs/share/cube_msgs/hook/pythonpath.sh'
[2.682s] Level 1:colcon.colcon_core.environment:checking '/home/saber/robox_ws/install/cube_msgs/bin'
[2.682s] INFO:colcon.colcon_core.shell:Creating package script '/home/saber/robox_ws/install/cube_msgs/share/cube_msgs/package.ps1'
[2.683s] INFO:colcon.colcon_core.shell:Creating package descriptor '/home/saber/robox_ws/install/cube_msgs/share/cube_msgs/package.dsv'
[2.684s] INFO:colcon.colcon_core.shell:Creating package script '/home/saber/robox_ws/install/cube_msgs/share/cube_msgs/package.sh'
[2.685s] INFO:colcon.colcon_core.shell:Creating package script '/home/saber/robox_ws/install/cube_msgs/share/cube_msgs/package.bash'
[2.686s] INFO:colcon.colcon_core.shell:Creating package script '/home/saber/robox_ws/install/cube_msgs/share/cube_msgs/package.zsh'
[2.686s] Level 1:colcon.colcon_core.environment:create_file_with_runtime_dependencies(/home/saber/robox_ws/install/cube_msgs/share/colcon-core/packages/cube_msgs)
[2.687s] Level 1:colcon.colcon_core.environment:create_environment_scripts_only(cube_msgs)
[2.687s] Level 1:colcon.colcon_core.environment:checking '/home/saber/robox_ws/install/cube_msgs' for CMake module files
[2.688s] Level 1:colcon.colcon_core.environment:checking '/home/saber/robox_ws/install/cube_msgs' for CMake config files
[2.689s] Level 1:colcon.colcon_core.shell:create_environment_hook('cube_msgs', 'cmake_prefix_path')
[2.690s] INFO:colcon.colcon_core.shell:Creating environment hook '/home/saber/robox_ws/install/cube_msgs/share/cube_msgs/hook/cmake_prefix_path.ps1'
[2.690s] INFO:colcon.colcon_core.shell:Creating environment descriptor '/home/saber/robox_ws/install/cube_msgs/share/cube_msgs/hook/cmake_prefix_path.dsv'
[2.691s] INFO:colcon.colcon_core.shell:Creating environment hook '/home/saber/robox_ws/install/cube_msgs/share/cube_msgs/hook/cmake_prefix_path.sh'
[2.692s] Level 1:colcon.colcon_core.environment:checking '/home/saber/robox_ws/install/cube_msgs/lib'
[2.692s] Level 1:colcon.colcon_core.shell:create_environment_hook('cube_msgs', 'ld_library_path_lib')
[2.692s] INFO:colcon.colcon_core.shell:Creating environment hook '/home/saber/robox_ws/install/cube_msgs/share/cube_msgs/hook/ld_library_path_lib.ps1'
[2.693s] INFO:colcon.colcon_core.shell:Creating environment descriptor '/home/saber/robox_ws/install/cube_msgs/share/cube_msgs/hook/ld_library_path_lib.dsv'
[2.694s] INFO:colcon.colcon_core.shell:Creating environment hook '/home/saber/robox_ws/install/cube_msgs/share/cube_msgs/hook/ld_library_path_lib.sh'
[2.695s] Level 1:colcon.colcon_core.environment:checking '/home/saber/robox_ws/install/cube_msgs/bin'
[2.695s] Level 1:colcon.colcon_core.environment:checking '/home/saber/robox_ws/install/cube_msgs/lib/pkgconfig/cube_msgs.pc'
[2.695s] Level 1:colcon.colcon_core.environment:checking '/home/saber/robox_ws/install/cube_msgs/lib/python3.12/site-packages'
[2.695s] Level 1:colcon.colcon_core.shell:create_environment_hook('cube_msgs', 'pythonpath')
[2.696s] INFO:colcon.colcon_core.shell:Creating environment hook '/home/saber/robox_ws/install/cube_msgs/share/cube_msgs/hook/pythonpath.ps1'
[2.696s] INFO:colcon.colcon_core.shell:Creating environment descriptor '/home/saber/robox_ws/install/cube_msgs/share/cube_msgs/hook/pythonpath.dsv'
[2.697s] INFO:colcon.colcon_core.shell:Creating environment hook '/home/saber/robox_ws/install/cube_msgs/share/cube_msgs/hook/pythonpath.sh'
[2.698s] Level 1:colcon.colcon_core.environment:checking '/home/saber/robox_ws/install/cube_msgs/bin'
[2.698s] INFO:colcon.colcon_core.shell:Creating package script '/home/saber/robox_ws/install/cube_msgs/share/cube_msgs/package.ps1'
[2.699s] INFO:colcon.colcon_core.shell:Creating package descriptor '/home/saber/robox_ws/install/cube_msgs/share/cube_msgs/package.dsv'
[2.700s] INFO:colcon.colcon_core.shell:Creating package script '/home/saber/robox_ws/install/cube_msgs/share/cube_msgs/package.sh'
[2.700s] INFO:colcon.colcon_core.shell:Creating package script '/home/saber/robox_ws/install/cube_msgs/share/cube_msgs/package.bash'
[2.701s] INFO:colcon.colcon_core.shell:Creating package script '/home/saber/robox_ws/install/cube_msgs/share/cube_msgs/package.zsh'
[2.702s] Level 1:colcon.colcon_core.environment:create_file_with_runtime_dependencies(/home/saber/robox_ws/install/cube_msgs/share/colcon-core/packages/cube_msgs)
[3.029s] DEBUG:colcon.colcon_core.event_handler.log_command:Invoking command in '/home/saber/robox_ws/src/color_pose_publisher': DEBUGINFOD_URLS=https://debuginfod.ubuntu.com PYTHONPATH=/home/saber/robox_ws/build/color_pose_publisher/prefix_override:/usr/lib/python3/dist-packages/colcon_core/task/python/colcon_distutils_commands:/home/saber/robox_ws/install/color_pose_publisher/lib/python3.12/site-packages:${PYTHONPATH} /usr/bin/python3 -W ignore:setup.py install is deprecated -W ignore:easy_install command is deprecated setup.py egg_info --egg-base ../../build/color_pose_publisher build --build-base /home/saber/robox_ws/build/color_pose_publisher/build install --record /home/saber/robox_ws/build/color_pose_publisher/install.log --single-version-externally-managed install_data
[3.047s] DEBUG:colcon.colcon_core.event_handler.log_command:Invoking command in '/home/saber/robox_ws/src/arduinobot_py_examples': DEBUGINFOD_URLS=https://debuginfod.ubuntu.com PYTHONPATH=/home/saber/robox_ws/build/arduinobot_py_examples/prefix_override:/usr/lib/python3/dist-packages/colcon_core/task/python/colcon_distutils_commands:/home/saber/robox_ws/install/arduinobot_py_examples/lib/python3.12/site-packages:${PYTHONPATH} /usr/bin/python3 -W ignore:setup.py install is deprecated -W ignore:easy_install command is deprecated setup.py egg_info --egg-base ../../build/arduinobot_py_examples build --build-base /home/saber/robox_ws/build/arduinobot_py_examples/build install --record /home/saber/robox_ws/build/arduinobot_py_examples/install.log --single-version-externally-managed install_data
[4.370s] Level 1:colcon.colcon_core.environment:checking '/home/saber/robox_ws/install/color_pose_publisher' for CMake module files
[4.371s] DEBUG:colcon.colcon_core.event_handler.log_command:Invoked command in '/home/saber/robox_ws/src/color_pose_publisher' returned '0': DEBUGINFOD_URLS=https://debuginfod.ubuntu.com PYTHONPATH=/home/saber/robox_ws/build/color_pose_publisher/prefix_override:/usr/lib/python3/dist-packages/colcon_core/task/python/colcon_distutils_commands:/home/saber/robox_ws/install/color_pose_publisher/lib/python3.12/site-packages:${PYTHONPATH} /usr/bin/python3 -W ignore:setup.py install is deprecated -W ignore:easy_install command is deprecated setup.py egg_info --egg-base ../../build/color_pose_publisher build --build-base /home/saber/robox_ws/build/color_pose_publisher/build install --record /home/saber/robox_ws/build/color_pose_publisher/install.log --single-version-externally-managed install_data
[4.372s] Level 1:colcon.colcon_core.environment:checking '/home/saber/robox_ws/install/color_pose_publisher' for CMake config files
[4.373s] Level 1:colcon.colcon_core.environment:checking '/home/saber/robox_ws/install/color_pose_publisher/lib'
[4.373s] Level 1:colcon.colcon_core.environment:checking '/home/saber/robox_ws/install/color_pose_publisher/bin'
[4.373s] Level 1:colcon.colcon_core.environment:checking '/home/saber/robox_ws/install/color_pose_publisher/lib/pkgconfig/color_pose_publisher.pc'
[4.374s] Level 1:colcon.colcon_core.environment:checking '/home/saber/robox_ws/install/color_pose_publisher/lib/python3.12/site-packages'
[4.374s] Level 1:colcon.colcon_core.shell:create_environment_hook('color_pose_publisher', 'pythonpath')
[4.374s] INFO:colcon.colcon_core.shell:Creating environment hook '/home/saber/robox_ws/install/color_pose_publisher/share/color_pose_publisher/hook/pythonpath.ps1'
[4.375s] INFO:colcon.colcon_core.shell:Creating environment descriptor '/home/saber/robox_ws/install/color_pose_publisher/share/color_pose_publisher/hook/pythonpath.dsv'
[4.375s] INFO:colcon.colcon_core.shell:Creating environment hook '/home/saber/robox_ws/install/color_pose_publisher/share/color_pose_publisher/hook/pythonpath.sh'
[4.376s] Level 1:colcon.colcon_core.environment:checking '/home/saber/robox_ws/install/color_pose_publisher/bin'
[4.377s] Level 1:colcon.colcon_core.environment:create_environment_scripts_only(color_pose_publisher)
[4.377s] INFO:colcon.colcon_core.shell:Creating package script '/home/saber/robox_ws/install/color_pose_publisher/share/color_pose_publisher/package.ps1'
[4.378s] INFO:colcon.colcon_core.shell:Creating package descriptor '/home/saber/robox_ws/install/color_pose_publisher/share/color_pose_publisher/package.dsv'
[4.378s] INFO:colcon.colcon_core.shell:Creating package script '/home/saber/robox_ws/install/color_pose_publisher/share/color_pose_publisher/package.sh'
[4.379s] INFO:colcon.colcon_core.shell:Creating package script '/home/saber/robox_ws/install/color_pose_publisher/share/color_pose_publisher/package.bash'
[4.380s] INFO:colcon.colcon_core.shell:Creating package script '/home/saber/robox_ws/install/color_pose_publisher/share/color_pose_publisher/package.zsh'
[4.380s] Level 1:colcon.colcon_core.environment:create_file_with_runtime_dependencies(/home/saber/robox_ws/install/color_pose_publisher/share/colcon-core/packages/color_pose_publisher)
[4.383s] Level 1:colcon.colcon_core.environment:checking '/home/saber/robox_ws/install/arduinobot_py_examples' for CMake module files
[4.384s] DEBUG:colcon.colcon_core.event_handler.log_command:Invoked command in '/home/saber/robox_ws/src/arduinobot_py_examples' returned '0': DEBUGINFOD_URLS=https://debuginfod.ubuntu.com PYTHONPATH=/home/saber/robox_ws/build/arduinobot_py_examples/prefix_override:/usr/lib/python3/dist-packages/colcon_core/task/python/colcon_distutils_commands:/home/saber/robox_ws/install/arduinobot_py_examples/lib/python3.12/site-packages:${PYTHONPATH} /usr/bin/python3 -W ignore:setup.py install is deprecated -W ignore:easy_install command is deprecated setup.py egg_info --egg-base ../../build/arduinobot_py_examples build --build-base /home/saber/robox_ws/build/arduinobot_py_examples/build install --record /home/saber/robox_ws/build/arduinobot_py_examples/install.log --single-version-externally-managed install_data
[4.385s] Level 1:colcon.colcon_core.environment:checking '/home/saber/robox_ws/install/arduinobot_py_examples' for CMake config files
[4.386s] Level 1:colcon.colcon_core.environment:checking '/home/saber/robox_ws/install/arduinobot_py_examples/lib'
[4.386s] Level 1:colcon.colcon_core.environment:checking '/home/saber/robox_ws/install/arduinobot_py_examples/bin'
[4.386s] Level 1:colcon.colcon_core.environment:checking '/home/saber/robox_ws/install/arduinobot_py_examples/lib/pkgconfig/arduinobot_py_examples.pc'
[4.387s] Level 1:colcon.colcon_core.environment:checking '/home/saber/robox_ws/install/arduinobot_py_examples/lib/python3.12/site-packages'
[4.387s] Level 1:colcon.colcon_core.shell:create_environment_hook('arduinobot_py_examples', 'pythonpath')
[4.387s] INFO:colcon.colcon_core.shell:Creating environment hook '/home/saber/robox_ws/install/arduinobot_py_examples/share/arduinobot_py_examples/hook/pythonpath.ps1'
[4.388s] INFO:colcon.colcon_core.shell:Creating environment descriptor '/home/saber/robox_ws/install/arduinobot_py_examples/share/arduinobot_py_examples/hook/pythonpath.dsv'
[4.389s] INFO:colcon.colcon_core.shell:Creating environment hook '/home/saber/robox_ws/install/arduinobot_py_examples/share/arduinobot_py_examples/hook/pythonpath.sh'
[4.390s] Level 1:colcon.colcon_core.environment:checking '/home/saber/robox_ws/install/arduinobot_py_examples/bin'
[4.390s] Level 1:colcon.colcon_core.environment:create_environment_scripts_only(arduinobot_py_examples)
[4.390s] INFO:colcon.colcon_core.shell:Creating package script '/home/saber/robox_ws/install/arduinobot_py_examples/share/arduinobot_py_examples/package.ps1'
[4.391s] INFO:colcon.colcon_core.shell:Creating package descriptor '/home/saber/robox_ws/install/arduinobot_py_examples/share/arduinobot_py_examples/package.dsv'
[4.391s] INFO:colcon.colcon_core.shell:Creating package script '/home/saber/robox_ws/install/arduinobot_py_examples/share/arduinobot_py_examples/package.sh'
[4.392s] INFO:colcon.colcon_core.shell:Creating package script '/home/saber/robox_ws/install/arduinobot_py_examples/share/arduinobot_py_examples/package.bash'
[4.393s] INFO:colcon.colcon_core.shell:Creating package script '/home/saber/robox_ws/install/arduinobot_py_examples/share/arduinobot_py_examples/package.zsh'
[4.394s] Level 1:colcon.colcon_core.environment:create_file_with_runtime_dependencies(/home/saber/robox_ws/install/arduinobot_py_examples/share/colcon-core/packages/arduinobot_py_examples)
[4.394s] DEBUG:colcon.colcon_parallel_executor.executor.parallel:closing loop
[4.394s] DEBUG:colcon.colcon_parallel_executor.executor.parallel:loop closed
[4.394s] DEBUG:colcon.colcon_parallel_executor.executor.parallel:run_until_complete finished with '0'
[4.395s] DEBUG:colcon.colcon_core.event_reactor:joining thread
[4.406s] INFO:colcon.colcon_core.plugin_system:Skipping extension 'colcon_notification.desktop_notification.terminal_notifier': Not used on non-Darwin systems
[4.407s] INFO:colcon.colcon_core.plugin_system:Skipping extension 'colcon_notification.desktop_notification.win32': Not used on non-Windows systems
[4.407s] INFO:colcon.colcon_notification.desktop_notification:Sending desktop notification using 'notify2'
[4.428s] DEBUG:colcon.colcon_core.event_reactor:joined thread
[4.428s] INFO:colcon.colcon_core.shell:Creating prefix script '/home/saber/robox_ws/install/local_setup.ps1'
[4.430s] INFO:colcon.colcon_core.shell:Creating prefix util module '/home/saber/robox_ws/install/_local_setup_util_ps1.py'
[4.432s] INFO:colcon.colcon_core.shell:Creating prefix chain script '/home/saber/robox_ws/install/setup.ps1'
[4.436s] INFO:colcon.colcon_core.shell:Creating prefix script '/home/saber/robox_ws/install/local_setup.sh'
[4.437s] INFO:colcon.colcon_core.shell:Creating prefix util module '/home/saber/robox_ws/install/_local_setup_util_sh.py'
[4.438s] INFO:colcon.colcon_core.shell:Creating prefix chain script '/home/saber/robox_ws/install/setup.sh'
[4.441s] INFO:colcon.colcon_core.shell:Creating prefix script '/home/saber/robox_ws/install/local_setup.bash'
[4.441s] INFO:colcon.colcon_core.shell:Creating prefix chain script '/home/saber/robox_ws/install/setup.bash'
[4.444s] INFO:colcon.colcon_core.shell:Creating prefix script '/home/saber/robox_ws/install/local_setup.zsh'
[4.445s] INFO:colcon.colcon_core.shell:Creating prefix chain script '/home/saber/robox_ws/install/setup.zsh'
