[0.082s] DEBUG:colcon:Command line arguments: ['/usr/bin/colcon', 'build']
[0.082s] DEBUG:colcon:Parsed command line arguments: Namespace(log_base=None, log_level=None, verb_name='build', build_base='build', install_base='install', merge_install=False, symlink_install=False, test_result_base=None, continue_on_error=False, executor='parallel', parallel_workers=16, event_handlers=None, ignore_user_meta=False, metas=['./colcon.meta'], base_paths=['.'], packages_ignore=None, packages_ignore_regex=None, paths=None, packages_up_to=None, packages_up_to_regex=None, packages_above=None, packages_above_and_dependencies=None, packages_above_depth=None, packages_select_by_dep=None, packages_skip_by_dep=None, packages_skip_up_to=None, packages_select_build_failed=False, packages_skip_build_finished=False, packages_select_test_failures=False, packages_skip_test_passed=False, packages_select=None, packages_skip=None, packages_select_regex=None, packages_skip_regex=None, packages_start=None, packages_end=None, cmake_args=None, cmake_target=None, cmake_target_skip_unavailable=False, cmake_clean_cache=False, cmake_clean_first=False, cmake_force_configure=False, ament_cmake_args=None, catkin_cmake_args=None, catkin_skip_building_tests=False, verb_parser=<colcon_defaults.argument_parser.defaults.DefaultArgumentsDecorator object at 0x7c8863623410>, verb_extension=<colcon_core.verb.build.BuildVerb object at 0x7c8863747890>, main=<bound method BuildVerb.main of <colcon_core.verb.build.BuildVerb object at 0x7c8863747890>>)
[0.113s] Level 1:colcon.colcon_core.package_discovery:discover_packages(colcon_meta) check parameters
[0.113s] Level 1:colcon.colcon_core.package_discovery:discover_packages(recursive) check parameters
[0.113s] Level 1:colcon.colcon_core.package_discovery:discover_packages(ignore) check parameters
[0.113s] Level 1:colcon.colcon_core.package_discovery:discover_packages(path) check parameters
[0.113s] Level 1:colcon.colcon_core.package_discovery:discover_packages(colcon_meta) discover
[0.113s] Level 1:colcon.colcon_core.package_discovery:discover_packages(recursive) discover
[0.113s] INFO:colcon.colcon_core.package_discovery:Crawling recursively for packages in '/home/saber/robox_ws'
[0.113s] Level 1:colcon.colcon_core.package_identification:_identify(.) by extensions ['ignore', 'ignore_ament_install']
[0.113s] Level 1:colcon.colcon_core.package_identification:_identify(.) by extension 'ignore'
[0.113s] Level 1:colcon.colcon_core.package_identification:_identify(.) by extension 'ignore_ament_install'
[0.113s] Level 1:colcon.colcon_core.package_identification:_identify(.) by extensions ['colcon_pkg']
[0.113s] Level 1:colcon.colcon_core.package_identification:_identify(.) by extension 'colcon_pkg'
[0.113s] Level 1:colcon.colcon_core.package_identification:_identify(.) by extensions ['colcon_meta']
[0.114s] Level 1:colcon.colcon_core.package_identification:_identify(.) by extension 'colcon_meta'
[0.114s] Level 1:colcon.colcon_core.package_identification:_identify(.) by extensions ['ros']
[0.114s] Level 1:colcon.colcon_core.package_identification:_identify(.) by extension 'ros'
[0.133s] Level 1:colcon.colcon_core.package_identification:_identify(.) by extensions ['cmake', 'python']
[0.133s] Level 1:colcon.colcon_core.package_identification:_identify(.) by extension 'cmake'
[0.133s] Level 1:colcon.colcon_core.package_identification:_identify(.) by extension 'python'
[0.133s] Level 1:colcon.colcon_core.package_identification:_identify(.) by extensions ['python_setup_py']
[0.133s] Level 1:colcon.colcon_core.package_identification:_identify(.) by extension 'python_setup_py'
[0.133s] Level 1:colcon.colcon_core.package_identification:_identify(PS2_Robot_Arm_under_production) by extensions ['ignore', 'ignore_ament_install']
[0.133s] Level 1:colcon.colcon_core.package_identification:_identify(PS2_Robot_Arm_under_production) by extension 'ignore'
[0.133s] Level 1:colcon.colcon_core.package_identification:_identify(PS2_Robot_Arm_under_production) by extension 'ignore_ament_install'
[0.133s] Level 1:colcon.colcon_core.package_identification:_identify(PS2_Robot_Arm_under_production) by extensions ['colcon_pkg']
[0.133s] Level 1:colcon.colcon_core.package_identification:_identify(PS2_Robot_Arm_under_production) by extension 'colcon_pkg'
[0.133s] Level 1:colcon.colcon_core.package_identification:_identify(PS2_Robot_Arm_under_production) by extensions ['colcon_meta']
[0.133s] Level 1:colcon.colcon_core.package_identification:_identify(PS2_Robot_Arm_under_production) by extension 'colcon_meta'
[0.133s] Level 1:colcon.colcon_core.package_identification:_identify(PS2_Robot_Arm_under_production) by extensions ['ros']
[0.133s] Level 1:colcon.colcon_core.package_identification:_identify(PS2_Robot_Arm_under_production) by extension 'ros'
[0.133s] Level 1:colcon.colcon_core.package_identification:_identify(PS2_Robot_Arm_under_production) by extensions ['cmake', 'python']
[0.134s] Level 1:colcon.colcon_core.package_identification:_identify(PS2_Robot_Arm_under_production) by extension 'cmake'
[0.134s] Level 1:colcon.colcon_core.package_identification:_identify(PS2_Robot_Arm_under_production) by extension 'python'
[0.134s] Level 1:colcon.colcon_core.package_identification:_identify(PS2_Robot_Arm_under_production) by extensions ['python_setup_py']
[0.134s] Level 1:colcon.colcon_core.package_identification:_identify(PS2_Robot_Arm_under_production) by extension 'python_setup_py'
[0.134s] Level 1:colcon.colcon_core.package_identification:_identify(build) by extensions ['ignore', 'ignore_ament_install']
[0.134s] Level 1:colcon.colcon_core.package_identification:_identify(build) by extension 'ignore'
[0.134s] Level 1:colcon.colcon_core.package_identification:_identify(build) ignored
[0.134s] Level 1:colcon.colcon_core.package_identification:_identify(ik_interface) by extensions ['ignore', 'ignore_ament_install']
[0.134s] Level 1:colcon.colcon_core.package_identification:_identify(ik_interface) by extension 'ignore'
[0.134s] Level 1:colcon.colcon_core.package_identification:_identify(ik_interface) by extension 'ignore_ament_install'
[0.134s] Level 1:colcon.colcon_core.package_identification:_identify(ik_interface) by extensions ['colcon_pkg']
[0.134s] Level 1:colcon.colcon_core.package_identification:_identify(ik_interface) by extension 'colcon_pkg'
[0.134s] Level 1:colcon.colcon_core.package_identification:_identify(ik_interface) by extensions ['colcon_meta']
[0.134s] Level 1:colcon.colcon_core.package_identification:_identify(ik_interface) by extension 'colcon_meta'
[0.134s] Level 1:colcon.colcon_core.package_identification:_identify(ik_interface) by extensions ['ros']
[0.134s] Level 1:colcon.colcon_core.package_identification:_identify(ik_interface) by extension 'ros'
[0.134s] Level 1:colcon.colcon_core.package_identification:_identify(ik_interface) by extensions ['cmake', 'python']
[0.134s] Level 1:colcon.colcon_core.package_identification:_identify(ik_interface) by extension 'cmake'
[0.134s] Level 1:colcon.colcon_core.package_identification:_identify(ik_interface) by extension 'python'
[0.134s] Level 1:colcon.colcon_core.package_identification:_identify(ik_interface) by extensions ['python_setup_py']
[0.134s] Level 1:colcon.colcon_core.package_identification:_identify(ik_interface) by extension 'python_setup_py'
[0.134s] Level 1:colcon.colcon_core.package_identification:_identify(ik_interface/ik_interface) by extensions ['ignore', 'ignore_ament_install']
[0.135s] Level 1:colcon.colcon_core.package_identification:_identify(ik_interface/ik_interface) by extension 'ignore'
[0.135s] Level 1:colcon.colcon_core.package_identification:_identify(ik_interface/ik_interface) by extension 'ignore_ament_install'
[0.135s] Level 1:colcon.colcon_core.package_identification:_identify(ik_interface/ik_interface) by extensions ['colcon_pkg']
[0.135s] Level 1:colcon.colcon_core.package_identification:_identify(ik_interface/ik_interface) by extension 'colcon_pkg'
[0.135s] Level 1:colcon.colcon_core.package_identification:_identify(ik_interface/ik_interface) by extensions ['colcon_meta']
[0.135s] Level 1:colcon.colcon_core.package_identification:_identify(ik_interface/ik_interface) by extension 'colcon_meta'
[0.135s] Level 1:colcon.colcon_core.package_identification:_identify(ik_interface/ik_interface) by extensions ['ros']
[0.135s] Level 1:colcon.colcon_core.package_identification:_identify(ik_interface/ik_interface) by extension 'ros'
[0.135s] Level 1:colcon.colcon_core.package_identification:_identify(ik_interface/ik_interface) by extensions ['cmake', 'python']
[0.135s] Level 1:colcon.colcon_core.package_identification:_identify(ik_interface/ik_interface) by extension 'cmake'
[0.135s] Level 1:colcon.colcon_core.package_identification:_identify(ik_interface/ik_interface) by extension 'python'
[0.135s] Level 1:colcon.colcon_core.package_identification:_identify(ik_interface/ik_interface) by extensions ['python_setup_py']
[0.135s] Level 1:colcon.colcon_core.package_identification:_identify(ik_interface/ik_interface) by extension 'python_setup_py'
[0.135s] Level 1:colcon.colcon_core.package_identification:_identify(install) by extensions ['ignore', 'ignore_ament_install']
[0.135s] Level 1:colcon.colcon_core.package_identification:_identify(install) by extension 'ignore'
[0.135s] Level 1:colcon.colcon_core.package_identification:_identify(install) ignored
[0.135s] Level 1:colcon.colcon_core.package_identification:_identify(log) by extensions ['ignore', 'ignore_ament_install']
[0.135s] Level 1:colcon.colcon_core.package_identification:_identify(log) by extension 'ignore'
[0.135s] Level 1:colcon.colcon_core.package_identification:_identify(log) ignored
[0.135s] Level 1:colcon.colcon_core.package_identification:_identify(src) by extensions ['ignore', 'ignore_ament_install']
[0.136s] Level 1:colcon.colcon_core.package_identification:_identify(src) by extension 'ignore'
[0.136s] Level 1:colcon.colcon_core.package_identification:_identify(src) by extension 'ignore_ament_install'
[0.136s] Level 1:colcon.colcon_core.package_identification:_identify(src) by extensions ['colcon_pkg']
[0.136s] Level 1:colcon.colcon_core.package_identification:_identify(src) by extension 'colcon_pkg'
[0.136s] Level 1:colcon.colcon_core.package_identification:_identify(src) by extensions ['colcon_meta']
[0.136s] Level 1:colcon.colcon_core.package_identification:_identify(src) by extension 'colcon_meta'
[0.136s] Level 1:colcon.colcon_core.package_identification:_identify(src) by extensions ['ros']
[0.136s] Level 1:colcon.colcon_core.package_identification:_identify(src) by extension 'ros'
[0.136s] Level 1:colcon.colcon_core.package_identification:_identify(src) by extensions ['cmake', 'python']
[0.136s] Level 1:colcon.colcon_core.package_identification:_identify(src) by extension 'cmake'
[0.136s] Level 1:colcon.colcon_core.package_identification:_identify(src) by extension 'python'
[0.136s] Level 1:colcon.colcon_core.package_identification:_identify(src) by extensions ['python_setup_py']
[0.136s] Level 1:colcon.colcon_core.package_identification:_identify(src) by extension 'python_setup_py'
[0.136s] Level 1:colcon.colcon_core.package_identification:_identify(src/arduinobot_py_examples) by extensions ['ignore', 'ignore_ament_install']
[0.136s] Level 1:colcon.colcon_core.package_identification:_identify(src/arduinobot_py_examples) by extension 'ignore'
[0.136s] Level 1:colcon.colcon_core.package_identification:_identify(src/arduinobot_py_examples) by extension 'ignore_ament_install'
[0.136s] Level 1:colcon.colcon_core.package_identification:_identify(src/arduinobot_py_examples) by extensions ['colcon_pkg']
[0.136s] Level 1:colcon.colcon_core.package_identification:_identify(src/arduinobot_py_examples) by extension 'colcon_pkg'
[0.136s] Level 1:colcon.colcon_core.package_identification:_identify(src/arduinobot_py_examples) by extensions ['colcon_meta']
[0.136s] Level 1:colcon.colcon_core.package_identification:_identify(src/arduinobot_py_examples) by extension 'colcon_meta'
[0.136s] Level 1:colcon.colcon_core.package_identification:_identify(src/arduinobot_py_examples) by extensions ['ros']
[0.136s] Level 1:colcon.colcon_core.package_identification:_identify(src/arduinobot_py_examples) by extension 'ros'
[0.138s] DEBUG:colcon.colcon_core.package_identification:Package 'src/arduinobot_py_examples' with type 'ros.ament_python' and name 'arduinobot_py_examples'
[0.138s] Level 1:colcon.colcon_core.package_identification:_identify(src/arm_description) by extensions ['ignore', 'ignore_ament_install']
[0.138s] Level 1:colcon.colcon_core.package_identification:_identify(src/arm_description) by extension 'ignore'
[0.138s] Level 1:colcon.colcon_core.package_identification:_identify(src/arm_description) by extension 'ignore_ament_install'
[0.138s] Level 1:colcon.colcon_core.package_identification:_identify(src/arm_description) by extensions ['colcon_pkg']
[0.139s] Level 1:colcon.colcon_core.package_identification:_identify(src/arm_description) by extension 'colcon_pkg'
[0.139s] Level 1:colcon.colcon_core.package_identification:_identify(src/arm_description) by extensions ['colcon_meta']
[0.139s] Level 1:colcon.colcon_core.package_identification:_identify(src/arm_description) by extension 'colcon_meta'
[0.139s] Level 1:colcon.colcon_core.package_identification:_identify(src/arm_description) by extensions ['ros']
[0.139s] Level 1:colcon.colcon_core.package_identification:_identify(src/arm_description) by extension 'ros'
[0.141s] DEBUG:colcon.colcon_core.package_identification:Package 'src/arm_description' with type 'ros.ament_cmake' and name 'arm_description'
[0.141s] Level 1:colcon.colcon_core.package_identification:_identify(src/arm_moveit) by extensions ['ignore', 'ignore_ament_install']
[0.141s] Level 1:colcon.colcon_core.package_identification:_identify(src/arm_moveit) by extension 'ignore'
[0.142s] Level 1:colcon.colcon_core.package_identification:_identify(src/arm_moveit) by extension 'ignore_ament_install'
[0.142s] Level 1:colcon.colcon_core.package_identification:_identify(src/arm_moveit) by extensions ['colcon_pkg']
[0.142s] Level 1:colcon.colcon_core.package_identification:_identify(src/arm_moveit) by extension 'colcon_pkg'
[0.142s] Level 1:colcon.colcon_core.package_identification:_identify(src/arm_moveit) by extensions ['colcon_meta']
[0.142s] Level 1:colcon.colcon_core.package_identification:_identify(src/arm_moveit) by extension 'colcon_meta'
[0.142s] Level 1:colcon.colcon_core.package_identification:_identify(src/arm_moveit) by extensions ['ros']
[0.142s] Level 1:colcon.colcon_core.package_identification:_identify(src/arm_moveit) by extension 'ros'
[0.142s] DEBUG:colcon.colcon_core.package_identification:Package 'src/arm_moveit' with type 'ros.ament_cmake' and name 'arm_moveit'
[0.142s] Level 1:colcon.colcon_core.package_identification:_identify(src/build) by extensions ['ignore', 'ignore_ament_install']
[0.142s] Level 1:colcon.colcon_core.package_identification:_identify(src/build) by extension 'ignore'
[0.142s] Level 1:colcon.colcon_core.package_identification:_identify(src/build) ignored
[0.142s] Level 1:colcon.colcon_core.package_identification:_identify(src/install) by extensions ['ignore', 'ignore_ament_install']
[0.142s] Level 1:colcon.colcon_core.package_identification:_identify(src/install) by extension 'ignore'
[0.142s] Level 1:colcon.colcon_core.package_identification:_identify(src/install) ignored
[0.142s] Level 1:colcon.colcon_core.package_identification:_identify(src/log) by extensions ['ignore', 'ignore_ament_install']
[0.143s] Level 1:colcon.colcon_core.package_identification:_identify(src/log) by extension 'ignore'
[0.143s] Level 1:colcon.colcon_core.package_identification:_identify(src/log) ignored
[0.143s] Level 1:colcon.colcon_core.package_identification:_identify(src/robotic_arm_moveit_config) by extensions ['ignore', 'ignore_ament_install']
[0.143s] Level 1:colcon.colcon_core.package_identification:_identify(src/robotic_arm_moveit_config) by extension 'ignore'
[0.143s] Level 1:colcon.colcon_core.package_identification:_identify(src/robotic_arm_moveit_config) by extension 'ignore_ament_install'
[0.143s] Level 1:colcon.colcon_core.package_identification:_identify(src/robotic_arm_moveit_config) by extensions ['colcon_pkg']
[0.143s] Level 1:colcon.colcon_core.package_identification:_identify(src/robotic_arm_moveit_config) by extension 'colcon_pkg'
[0.143s] Level 1:colcon.colcon_core.package_identification:_identify(src/robotic_arm_moveit_config) by extensions ['colcon_meta']
[0.143s] Level 1:colcon.colcon_core.package_identification:_identify(src/robotic_arm_moveit_config) by extension 'colcon_meta'
[0.143s] Level 1:colcon.colcon_core.package_identification:_identify(src/robotic_arm_moveit_config) by extensions ['ros']
[0.143s] Level 1:colcon.colcon_core.package_identification:_identify(src/robotic_arm_moveit_config) by extension 'ros'
[0.143s] DEBUG:colcon.colcon_core.package_identification:Package 'src/robotic_arm_moveit_config' with type 'ros.ament_cmake' and name 'robotic_arm_moveit_config'
[0.143s] Level 1:colcon.colcon_core.package_discovery:discover_packages(recursive) using defaults
[0.144s] Level 1:colcon.colcon_core.package_discovery:discover_packages(ignore) discover
[0.144s] Level 1:colcon.colcon_core.package_discovery:discover_packages(ignore) using defaults
[0.144s] Level 1:colcon.colcon_core.package_discovery:discover_packages(path) discover
[0.144s] Level 1:colcon.colcon_core.package_discovery:discover_packages(path) using defaults
[0.158s] Level 5:colcon.colcon_core.verb:set package 'arm_description' build argument 'cmake_args' from command line to 'None'
[0.158s] Level 5:colcon.colcon_core.verb:set package 'arm_description' build argument 'cmake_target' from command line to 'None'
[0.158s] Level 5:colcon.colcon_core.verb:set package 'arm_description' build argument 'cmake_target_skip_unavailable' from command line to 'False'
[0.158s] Level 5:colcon.colcon_core.verb:set package 'arm_description' build argument 'cmake_clean_cache' from command line to 'False'
[0.158s] Level 5:colcon.colcon_core.verb:set package 'arm_description' build argument 'cmake_clean_first' from command line to 'False'
[0.158s] Level 5:colcon.colcon_core.verb:set package 'arm_description' build argument 'cmake_force_configure' from command line to 'False'
[0.158s] Level 5:colcon.colcon_core.verb:set package 'arm_description' build argument 'ament_cmake_args' from command line to 'None'
[0.158s] Level 5:colcon.colcon_core.verb:set package 'arm_description' build argument 'catkin_cmake_args' from command line to 'None'
[0.158s] Level 5:colcon.colcon_core.verb:set package 'arm_description' build argument 'catkin_skip_building_tests' from command line to 'False'
[0.158s] DEBUG:colcon.colcon_core.verb:Building package 'arm_description' with the following arguments: {'ament_cmake_args': None, 'build_base': '/home/saber/robox_ws/build/arm_description', 'catkin_cmake_args': None, 'catkin_skip_building_tests': False, 'cmake_args': None, 'cmake_clean_cache': False, 'cmake_clean_first': False, 'cmake_force_configure': False, 'cmake_target': None, 'cmake_target_skip_unavailable': False, 'install_base': '/home/saber/robox_ws/install/arm_description', 'merge_install': False, 'path': '/home/saber/robox_ws/src/arm_description', 'symlink_install': False, 'test_result_base': None}
[0.159s] Level 5:colcon.colcon_core.verb:set package 'arm_moveit' build argument 'cmake_args' from command line to 'None'
[0.159s] Level 5:colcon.colcon_core.verb:set package 'arm_moveit' build argument 'cmake_target' from command line to 'None'
[0.159s] Level 5:colcon.colcon_core.verb:set package 'arm_moveit' build argument 'cmake_target_skip_unavailable' from command line to 'False'
[0.159s] Level 5:colcon.colcon_core.verb:set package 'arm_moveit' build argument 'cmake_clean_cache' from command line to 'False'
[0.159s] Level 5:colcon.colcon_core.verb:set package 'arm_moveit' build argument 'cmake_clean_first' from command line to 'False'
[0.159s] Level 5:colcon.colcon_core.verb:set package 'arm_moveit' build argument 'cmake_force_configure' from command line to 'False'
[0.159s] Level 5:colcon.colcon_core.verb:set package 'arm_moveit' build argument 'ament_cmake_args' from command line to 'None'
[0.159s] Level 5:colcon.colcon_core.verb:set package 'arm_moveit' build argument 'catkin_cmake_args' from command line to 'None'
[0.159s] Level 5:colcon.colcon_core.verb:set package 'arm_moveit' build argument 'catkin_skip_building_tests' from command line to 'False'
[0.159s] DEBUG:colcon.colcon_core.verb:Building package 'arm_moveit' with the following arguments: {'ament_cmake_args': None, 'build_base': '/home/saber/robox_ws/build/arm_moveit', 'catkin_cmake_args': None, 'catkin_skip_building_tests': False, 'cmake_args': None, 'cmake_clean_cache': False, 'cmake_clean_first': False, 'cmake_force_configure': False, 'cmake_target': None, 'cmake_target_skip_unavailable': False, 'install_base': '/home/saber/robox_ws/install/arm_moveit', 'merge_install': False, 'path': '/home/saber/robox_ws/src/arm_moveit', 'symlink_install': False, 'test_result_base': None}
[0.159s] Level 5:colcon.colcon_core.verb:set package 'robotic_arm_moveit_config' build argument 'cmake_args' from command line to 'None'
[0.159s] Level 5:colcon.colcon_core.verb:set package 'robotic_arm_moveit_config' build argument 'cmake_target' from command line to 'None'
[0.159s] Level 5:colcon.colcon_core.verb:set package 'robotic_arm_moveit_config' build argument 'cmake_target_skip_unavailable' from command line to 'False'
[0.159s] Level 5:colcon.colcon_core.verb:set package 'robotic_arm_moveit_config' build argument 'cmake_clean_cache' from command line to 'False'
[0.159s] Level 5:colcon.colcon_core.verb:set package 'robotic_arm_moveit_config' build argument 'cmake_clean_first' from command line to 'False'
[0.159s] Level 5:colcon.colcon_core.verb:set package 'robotic_arm_moveit_config' build argument 'cmake_force_configure' from command line to 'False'
[0.159s] Level 5:colcon.colcon_core.verb:set package 'robotic_arm_moveit_config' build argument 'ament_cmake_args' from command line to 'None'
[0.159s] Level 5:colcon.colcon_core.verb:set package 'robotic_arm_moveit_config' build argument 'catkin_cmake_args' from command line to 'None'
[0.159s] Level 5:colcon.colcon_core.verb:set package 'robotic_arm_moveit_config' build argument 'catkin_skip_building_tests' from command line to 'False'
[0.159s] DEBUG:colcon.colcon_core.verb:Building package 'robotic_arm_moveit_config' with the following arguments: {'ament_cmake_args': None, 'build_base': '/home/saber/robox_ws/build/robotic_arm_moveit_config', 'catkin_cmake_args': None, 'catkin_skip_building_tests': False, 'cmake_args': None, 'cmake_clean_cache': False, 'cmake_clean_first': False, 'cmake_force_configure': False, 'cmake_target': None, 'cmake_target_skip_unavailable': False, 'install_base': '/home/saber/robox_ws/install/robotic_arm_moveit_config', 'merge_install': False, 'path': '/home/saber/robox_ws/src/robotic_arm_moveit_config', 'symlink_install': False, 'test_result_base': None}
[0.159s] Level 5:colcon.colcon_core.verb:set package 'arduinobot_py_examples' build argument 'cmake_args' from command line to 'None'
[0.159s] Level 5:colcon.colcon_core.verb:set package 'arduinobot_py_examples' build argument 'cmake_target' from command line to 'None'
[0.159s] Level 5:colcon.colcon_core.verb:set package 'arduinobot_py_examples' build argument 'cmake_target_skip_unavailable' from command line to 'False'
[0.159s] Level 5:colcon.colcon_core.verb:set package 'arduinobot_py_examples' build argument 'cmake_clean_cache' from command line to 'False'
[0.159s] Level 5:colcon.colcon_core.verb:set package 'arduinobot_py_examples' build argument 'cmake_clean_first' from command line to 'False'
[0.159s] Level 5:colcon.colcon_core.verb:set package 'arduinobot_py_examples' build argument 'cmake_force_configure' from command line to 'False'
[0.159s] Level 5:colcon.colcon_core.verb:set package 'arduinobot_py_examples' build argument 'ament_cmake_args' from command line to 'None'
[0.159s] Level 5:colcon.colcon_core.verb:set package 'arduinobot_py_examples' build argument 'catkin_cmake_args' from command line to 'None'
[0.159s] Level 5:colcon.colcon_core.verb:set package 'arduinobot_py_examples' build argument 'catkin_skip_building_tests' from command line to 'False'
[0.159s] DEBUG:colcon.colcon_core.verb:Building package 'arduinobot_py_examples' with the following arguments: {'ament_cmake_args': None, 'build_base': '/home/saber/robox_ws/build/arduinobot_py_examples', 'catkin_cmake_args': None, 'catkin_skip_building_tests': False, 'cmake_args': None, 'cmake_clean_cache': False, 'cmake_clean_first': False, 'cmake_force_configure': False, 'cmake_target': None, 'cmake_target_skip_unavailable': False, 'install_base': '/home/saber/robox_ws/install/arduinobot_py_examples', 'merge_install': False, 'path': '/home/saber/robox_ws/src/arduinobot_py_examples', 'symlink_install': False, 'test_result_base': None}
[0.160s] INFO:colcon.colcon_core.executor:Executing jobs using 'parallel' executor
[0.160s] DEBUG:colcon.colcon_parallel_executor.executor.parallel:run_until_complete
[0.161s] INFO:colcon.colcon_ros.task.ament_cmake.build:Building ROS package in '/home/saber/robox_ws/src/arm_description' with build type 'ament_cmake'
[0.161s] INFO:colcon.colcon_cmake.task.cmake.build:Building CMake package in '/home/saber/robox_ws/src/arm_description'
[0.162s] INFO:colcon.colcon_core.plugin_system:Skipping extension 'colcon_core.shell.bat': Not used on non-Windows systems
[0.162s] DEBUG:colcon.colcon_core.shell:Skip shell extension 'dsv' for command environment
[0.170s] INFO:colcon.colcon_ros.task.ament_cmake.build:Building ROS package in '/home/saber/robox_ws/src/arm_moveit' with build type 'ament_cmake'
[0.170s] INFO:colcon.colcon_cmake.task.cmake.build:Building CMake package in '/home/saber/robox_ws/src/arm_moveit'
[0.170s] DEBUG:colcon.colcon_core.shell:Skip shell extension 'dsv' for command environment
[0.182s] DEBUG:colcon.colcon_core.event_handler.log_command:Invoking command in '/home/saber/robox_ws/build/arm_description': CMAKE_PREFIX_PATH=${CMAKE_PREFIX_PATH}:/home/saber/robox_ws/install/arduinobot_py_examples:/home/saber/robox_ws/install/moveit_configs_utils:/home/saber/arduinobot_ws/install/arduinobot_py_examples:/opt/ros/jazzy DEBUGINFOD_URLS=https://debuginfod.ubuntu.com /usr/bin/cmake --build /home/saber/robox_ws/build/arm_description -- -j16 -l16
[0.186s] DEBUG:colcon.colcon_core.event_handler.log_command:Invoking command in '/home/saber/robox_ws/build/arm_moveit': CMAKE_PREFIX_PATH=${CMAKE_PREFIX_PATH}:/home/saber/robox_ws/install/arduinobot_py_examples:/home/saber/robox_ws/install/moveit_configs_utils:/home/saber/arduinobot_ws/install/arduinobot_py_examples:/opt/ros/jazzy DEBUGINFOD_URLS=https://debuginfod.ubuntu.com /usr/bin/cmake --build /home/saber/robox_ws/build/arm_moveit -- -j16 -l16
[0.236s] DEBUG:colcon.colcon_core.event_handler.log_command:Invoked command in '/home/saber/robox_ws/build/arm_moveit' returned '0': CMAKE_PREFIX_PATH=${CMAKE_PREFIX_PATH}:/home/saber/robox_ws/install/arduinobot_py_examples:/home/saber/robox_ws/install/moveit_configs_utils:/home/saber/arduinobot_ws/install/arduinobot_py_examples:/opt/ros/jazzy DEBUGINFOD_URLS=https://debuginfod.ubuntu.com /usr/bin/cmake --build /home/saber/robox_ws/build/arm_moveit -- -j16 -l16
[0.249s] DEBUG:colcon.colcon_core.event_handler.log_command:Invoking command in '/home/saber/robox_ws/build/arm_moveit': CMAKE_PREFIX_PATH=${CMAKE_PREFIX_PATH}:/home/saber/robox_ws/install/arduinobot_py_examples:/home/saber/robox_ws/install/moveit_configs_utils:/home/saber/arduinobot_ws/install/arduinobot_py_examples:/opt/ros/jazzy DEBUGINFOD_URLS=https://debuginfod.ubuntu.com /usr/bin/cmake --install /home/saber/robox_ws/build/arm_moveit
[0.277s] Level 1:colcon.colcon_core.environment:create_environment_scripts_only(arm_moveit)
[0.277s] DEBUG:colcon.colcon_core.event_handler.log_command:Invoked command in '/home/saber/robox_ws/build/arm_moveit' returned '0': CMAKE_PREFIX_PATH=${CMAKE_PREFIX_PATH}:/home/saber/robox_ws/install/arduinobot_py_examples:/home/saber/robox_ws/install/moveit_configs_utils:/home/saber/arduinobot_ws/install/arduinobot_py_examples:/opt/ros/jazzy DEBUGINFOD_URLS=https://debuginfod.ubuntu.com /usr/bin/cmake --install /home/saber/robox_ws/build/arm_moveit
[0.279s] Level 1:colcon.colcon_core.environment:checking '/home/saber/robox_ws/install/arm_moveit' for CMake module files
[0.279s] Level 1:colcon.colcon_core.environment:checking '/home/saber/robox_ws/install/arm_moveit' for CMake config files
[0.279s] Level 1:colcon.colcon_core.shell:create_environment_hook('arm_moveit', 'cmake_prefix_path')
[0.279s] INFO:colcon.colcon_core.shell:Creating environment descriptor '/home/saber/robox_ws/install/arm_moveit/share/arm_moveit/hook/cmake_prefix_path.dsv'
[0.280s] INFO:colcon.colcon_core.shell:Creating environment hook '/home/saber/robox_ws/install/arm_moveit/share/arm_moveit/hook/cmake_prefix_path.sh'
[0.281s] Level 1:colcon.colcon_core.environment:checking '/home/saber/robox_ws/install/arm_moveit/bin'
[0.281s] Level 1:colcon.colcon_core.environment:checking '/home/saber/robox_ws/install/arm_moveit/lib/pkgconfig/arm_moveit.pc'
[0.282s] Level 1:colcon.colcon_core.environment:checking '/home/saber/robox_ws/install/arm_moveit/lib/python3.12/site-packages'
[0.283s] Level 1:colcon.colcon_core.environment:checking '/home/saber/robox_ws/install/arm_moveit/bin'
[0.283s] INFO:colcon.colcon_core.shell:Creating package descriptor '/home/saber/robox_ws/install/arm_moveit/share/arm_moveit/package.dsv'
[0.283s] INFO:colcon.colcon_core.shell:Creating package script '/home/saber/robox_ws/install/arm_moveit/share/arm_moveit/package.sh'
[0.284s] INFO:colcon.colcon_core.shell:Creating package script '/home/saber/robox_ws/install/arm_moveit/share/arm_moveit/package.bash'
[0.284s] INFO:colcon.colcon_core.shell:Creating package script '/home/saber/robox_ws/install/arm_moveit/share/arm_moveit/package.zsh'
[0.284s] Level 1:colcon.colcon_core.environment:create_file_with_runtime_dependencies(/home/saber/robox_ws/install/arm_moveit/share/colcon-core/packages/arm_moveit)
[0.285s] Level 1:colcon.colcon_core.environment:create_environment_scripts_only(arm_moveit)
[0.285s] Level 1:colcon.colcon_core.environment:checking '/home/saber/robox_ws/install/arm_moveit' for CMake module files
[0.285s] Level 1:colcon.colcon_core.environment:checking '/home/saber/robox_ws/install/arm_moveit' for CMake config files
[0.285s] Level 1:colcon.colcon_core.shell:create_environment_hook('arm_moveit', 'cmake_prefix_path')
[0.285s] INFO:colcon.colcon_core.shell:Creating environment descriptor '/home/saber/robox_ws/install/arm_moveit/share/arm_moveit/hook/cmake_prefix_path.dsv'
[0.286s] INFO:colcon.colcon_core.shell:Creating environment hook '/home/saber/robox_ws/install/arm_moveit/share/arm_moveit/hook/cmake_prefix_path.sh'
[0.286s] Level 1:colcon.colcon_core.environment:checking '/home/saber/robox_ws/install/arm_moveit/bin'
[0.286s] Level 1:colcon.colcon_core.environment:checking '/home/saber/robox_ws/install/arm_moveit/lib/pkgconfig/arm_moveit.pc'
[0.286s] Level 1:colcon.colcon_core.environment:checking '/home/saber/robox_ws/install/arm_moveit/lib/python3.12/site-packages'
[0.287s] Level 1:colcon.colcon_core.environment:checking '/home/saber/robox_ws/install/arm_moveit/bin'
[0.287s] INFO:colcon.colcon_core.shell:Creating package descriptor '/home/saber/robox_ws/install/arm_moveit/share/arm_moveit/package.dsv'
[0.287s] INFO:colcon.colcon_core.shell:Creating package script '/home/saber/robox_ws/install/arm_moveit/share/arm_moveit/package.sh'
[0.287s] INFO:colcon.colcon_core.shell:Creating package script '/home/saber/robox_ws/install/arm_moveit/share/arm_moveit/package.bash'
[0.288s] INFO:colcon.colcon_core.shell:Creating package script '/home/saber/robox_ws/install/arm_moveit/share/arm_moveit/package.zsh'
[0.288s] Level 1:colcon.colcon_core.environment:create_file_with_runtime_dependencies(/home/saber/robox_ws/install/arm_moveit/share/colcon-core/packages/arm_moveit)
[2.303s] DEBUG:colcon.colcon_core.event_handler.log_command:Invoked command in '/home/saber/robox_ws/build/arm_description' returned '2': CMAKE_PREFIX_PATH=${CMAKE_PREFIX_PATH}:/home/saber/robox_ws/install/arduinobot_py_examples:/home/saber/robox_ws/install/moveit_configs_utils:/home/saber/arduinobot_ws/install/arduinobot_py_examples:/opt/ros/jazzy DEBUGINFOD_URLS=https://debuginfod.ubuntu.com /usr/bin/cmake --build /home/saber/robox_ws/build/arm_description -- -j16 -l16
[2.303s] Level 1:colcon.colcon_core.environment:create_environment_scripts_only(arm_description)
[2.303s] Level 1:colcon.colcon_core.environment:checking '/home/saber/robox_ws/install/arm_description' for CMake module files
[2.304s] Level 1:colcon.colcon_core.environment:checking '/home/saber/robox_ws/install/arm_description' for CMake config files
[2.305s] Level 1:colcon.colcon_core.shell:create_environment_hook('arm_description', 'cmake_prefix_path')
[2.305s] INFO:colcon.colcon_core.shell:Creating environment descriptor '/home/saber/robox_ws/install/arm_description/share/arm_description/hook/cmake_prefix_path.dsv'
[2.305s] INFO:colcon.colcon_core.shell:Creating environment hook '/home/saber/robox_ws/install/arm_description/share/arm_description/hook/cmake_prefix_path.sh'
[2.306s] Level 1:colcon.colcon_core.environment:checking '/home/saber/robox_ws/install/arm_description/lib'
[2.306s] Level 1:colcon.colcon_core.shell:create_environment_hook('arm_description', 'ld_library_path_lib')
[2.306s] INFO:colcon.colcon_core.shell:Creating environment descriptor '/home/saber/robox_ws/install/arm_description/share/arm_description/hook/ld_library_path_lib.dsv'
[2.306s] INFO:colcon.colcon_core.shell:Creating environment hook '/home/saber/robox_ws/install/arm_description/share/arm_description/hook/ld_library_path_lib.sh'
[2.306s] Level 1:colcon.colcon_core.environment:checking '/home/saber/robox_ws/install/arm_description/bin'
[2.306s] Level 1:colcon.colcon_core.environment:checking '/home/saber/robox_ws/install/arm_description/lib/pkgconfig/arm_description.pc'
[2.307s] Level 1:colcon.colcon_core.environment:checking '/home/saber/robox_ws/install/arm_description/lib/python3.12/site-packages'
[2.307s] Level 1:colcon.colcon_core.shell:create_environment_hook('arm_description', 'pythonpath')
[2.307s] INFO:colcon.colcon_core.shell:Creating environment descriptor '/home/saber/robox_ws/install/arm_description/share/arm_description/hook/pythonpath.dsv'
[2.307s] INFO:colcon.colcon_core.shell:Creating environment hook '/home/saber/robox_ws/install/arm_description/share/arm_description/hook/pythonpath.sh'
[2.307s] Level 1:colcon.colcon_core.environment:checking '/home/saber/robox_ws/install/arm_description/bin'
[2.308s] INFO:colcon.colcon_core.shell:Creating package descriptor '/home/saber/robox_ws/install/arm_description/share/arm_description/package.dsv'
[2.308s] INFO:colcon.colcon_core.shell:Creating package script '/home/saber/robox_ws/install/arm_description/share/arm_description/package.sh'
[2.308s] INFO:colcon.colcon_core.shell:Creating package script '/home/saber/robox_ws/install/arm_description/share/arm_description/package.bash'
[2.309s] INFO:colcon.colcon_core.shell:Creating package script '/home/saber/robox_ws/install/arm_description/share/arm_description/package.zsh'
[2.309s] Level 1:colcon.colcon_core.environment:create_file_with_runtime_dependencies(/home/saber/robox_ws/install/arm_description/share/colcon-core/packages/arm_description)
[2.319s] DEBUG:colcon.colcon_parallel_executor.executor.parallel:closing loop
[2.320s] DEBUG:colcon.colcon_parallel_executor.executor.parallel:loop closed
[2.320s] DEBUG:colcon.colcon_parallel_executor.executor.parallel:run_until_complete finished with '2'
[2.320s] DEBUG:colcon.colcon_core.event_reactor:joining thread
[2.325s] INFO:colcon.colcon_core.plugin_system:Skipping extension 'colcon_notification.desktop_notification.terminal_notifier': Not used on non-Darwin systems
[2.326s] INFO:colcon.colcon_core.plugin_system:Skipping extension 'colcon_notification.desktop_notification.win32': Not used on non-Windows systems
[2.326s] INFO:colcon.colcon_notification.desktop_notification:Sending desktop notification using 'notify2'
[2.337s] DEBUG:colcon.colcon_core.event_reactor:joined thread
[2.337s] INFO:colcon.colcon_core.shell:Creating prefix script '/home/saber/robox_ws/install/local_setup.sh'
[2.337s] INFO:colcon.colcon_core.shell:Creating prefix util module '/home/saber/robox_ws/install/_local_setup_util_sh.py'
[2.338s] INFO:colcon.colcon_core.shell:Creating prefix chain script '/home/saber/robox_ws/install/setup.sh'
[2.341s] INFO:colcon.colcon_core.shell:Creating prefix script '/home/saber/robox_ws/install/local_setup.bash'
[2.341s] INFO:colcon.colcon_core.shell:Creating prefix chain script '/home/saber/robox_ws/install/setup.bash'
[2.343s] INFO:colcon.colcon_core.shell:Creating prefix script '/home/saber/robox_ws/install/local_setup.zsh'
[2.344s] INFO:colcon.colcon_core.shell:Creating prefix chain script '/home/saber/robox_ws/install/setup.zsh'
