[0.071s] Invoking command in '/home/saber/robox_ws/build/moveit_resources_panda_description': CMAKE_PREFIX_PATH=${CMAKE_PREFIX_PATH}:/home/saber/robox_ws/install/arduinobot_py_examples:/home/saber/robox_ws/install/moveit_configs_utils:/home/saber/arduinobot_ws/install/arduinobot_py_examples:/opt/ros/jazzy DEBUGINFOD_URLS=https://debuginfod.ubuntu.com /usr/bin/cmake --build /home/saber/robox_ws/build/moveit_resources_panda_description -- -j16 -l16
[0.305s] Invoked command in '/home/saber/robox_ws/build/moveit_resources_panda_description' returned '0': CMAKE_PREFIX_PATH=${CMAKE_PREFIX_PATH}:/home/saber/robox_ws/install/arduinobot_py_examples:/home/saber/robox_ws/install/moveit_configs_utils:/home/saber/arduinobot_ws/install/arduinobot_py_examples:/opt/ros/jazzy DEBUGINFOD_URLS=https://debuginfod.ubuntu.com /usr/bin/cmake --build /home/saber/robox_ws/build/moveit_resources_panda_description -- -j16 -l16
[0.321s] Invoking command in '/home/saber/robox_ws/build/moveit_resources_panda_description': CMAKE_PREFIX_PATH=${CMAKE_PREFIX_PATH}:/home/saber/robox_ws/install/arduinobot_py_examples:/home/saber/robox_ws/install/moveit_configs_utils:/home/saber/arduinobot_ws/install/arduinobot_py_examples:/opt/ros/jazzy DEBUGINFOD_URLS=https://debuginfod.ubuntu.com /usr/bin/cmake --install /home/saber/robox_ws/build/moveit_resources_panda_description
[0.337s] -- Install configuration: ""
[0.337s] -- Up-to-date: /home/saber/robox_ws/install/moveit_resources_panda_description/share/ament_index/resource_index/package_run_dependencies/moveit_resources_panda_description
[0.337s] -- Up-to-date: /home/saber/robox_ws/install/moveit_resources_panda_description/share/ament_index/resource_index/parent_prefix_path/moveit_resources_panda_description
[0.337s] -- Up-to-date: /home/saber/robox_ws/install/moveit_resources_panda_description/share/moveit_resources_panda_description/environment/ament_prefix_path.sh
[0.338s] -- Up-to-date: /home/saber/robox_ws/install/moveit_resources_panda_description/share/moveit_resources_panda_description/environment/ament_prefix_path.dsv
[0.338s] -- Up-to-date: /home/saber/robox_ws/install/moveit_resources_panda_description/share/moveit_resources_panda_description/environment/path.sh
[0.338s] -- Up-to-date: /home/saber/robox_ws/install/moveit_resources_panda_description/share/moveit_resources_panda_description/environment/path.dsv
[0.338s] -- Up-to-date: /home/saber/robox_ws/install/moveit_resources_panda_description/share/moveit_resources_panda_description/local_setup.bash
[0.338s] -- Up-to-date: /home/saber/robox_ws/install/moveit_resources_panda_description/share/moveit_resources_panda_description/local_setup.sh
[0.339s] -- Up-to-date: /home/saber/robox_ws/install/moveit_resources_panda_description/share/moveit_resources_panda_description/local_setup.zsh
[0.339s] -- Up-to-date: /home/saber/robox_ws/install/moveit_resources_panda_description/share/moveit_resources_panda_description/local_setup.dsv
[0.339s] -- Up-to-date: /home/saber/robox_ws/install/moveit_resources_panda_description/share/moveit_resources_panda_description/package.dsv
[0.339s] -- Up-to-date: /home/saber/robox_ws/install/moveit_resources_panda_description/share/ament_index/resource_index/packages/moveit_resources_panda_description
[0.339s] -- Up-to-date: /home/saber/robox_ws/install/moveit_resources_panda_description/share/moveit_resources_panda_description/cmake/moveit_resources_panda_descriptionConfig.cmake
[0.339s] -- Up-to-date: /home/saber/robox_ws/install/moveit_resources_panda_description/share/moveit_resources_panda_description/cmake/moveit_resources_panda_descriptionConfig-version.cmake
[0.339s] -- Up-to-date: /home/saber/robox_ws/install/moveit_resources_panda_description/share/moveit_resources_panda_description/package.xml
[0.339s] -- Up-to-date: /home/saber/robox_ws/install/moveit_resources_panda_description/share/moveit_resources_panda_description/meshes
[0.340s] -- Up-to-date: /home/saber/robox_ws/install/moveit_resources_panda_description/share/moveit_resources_panda_description/meshes/visual
[0.342s] -- Up-to-date: /home/saber/robox_ws/install/moveit_resources_panda_description/share/moveit_resources_panda_description/meshes/visual/link3.dae
[0.344s] -- Up-to-date: /home/saber/robox_ws/install/moveit_resources_panda_description/share/moveit_resources_panda_description/meshes/visual/link6.dae
[0.344s] -- Up-to-date: /home/saber/robox_ws/install/moveit_resources_panda_description/share/moveit_resources_panda_description/meshes/visual/link0.dae
[0.344s] -- Up-to-date: /home/saber/robox_ws/install/moveit_resources_panda_description/share/moveit_resources_panda_description/meshes/visual/link2.dae
[0.344s] -- Up-to-date: /home/saber/robox_ws/install/moveit_resources_panda_description/share/moveit_resources_panda_description/meshes/visual/link5.dae
[0.344s] -- Up-to-date: /home/saber/robox_ws/install/moveit_resources_panda_description/share/moveit_resources_panda_description/meshes/visual/link1.dae
[0.345s] -- Up-to-date: /home/saber/robox_ws/install/moveit_resources_panda_description/share/moveit_resources_panda_description/meshes/visual/hand.dae
[0.345s] -- Up-to-date: /home/saber/robox_ws/install/moveit_resources_panda_description/share/moveit_resources_panda_description/meshes/visual/link4.dae
[0.345s] -- Up-to-date: /home/saber/robox_ws/install/moveit_resources_panda_description/share/moveit_resources_panda_description/meshes/visual/finger.dae
[0.345s] -- Up-to-date: /home/saber/robox_ws/install/moveit_resources_panda_description/share/moveit_resources_panda_description/meshes/visual/link7.dae
[0.345s] -- Up-to-date: /home/saber/robox_ws/install/moveit_resources_panda_description/share/moveit_resources_panda_description/meshes/collision
[0.345s] -- Up-to-date: /home/saber/robox_ws/install/moveit_resources_panda_description/share/moveit_resources_panda_description/meshes/collision/link3.stl
[0.346s] -- Up-to-date: /home/saber/robox_ws/install/moveit_resources_panda_description/share/moveit_resources_panda_description/meshes/collision/link0.stl
[0.346s] -- Up-to-date: /home/saber/robox_ws/install/moveit_resources_panda_description/share/moveit_resources_panda_description/meshes/collision/link5.stl
[0.347s] -- Up-to-date: /home/saber/robox_ws/install/moveit_resources_panda_description/share/moveit_resources_panda_description/meshes/collision/hand.stl
[0.347s] -- Up-to-date: /home/saber/robox_ws/install/moveit_resources_panda_description/share/moveit_resources_panda_description/meshes/collision/link4.stl
[0.347s] -- Up-to-date: /home/saber/robox_ws/install/moveit_resources_panda_description/share/moveit_resources_panda_description/meshes/collision/finger.stl
[0.347s] -- Up-to-date: /home/saber/robox_ws/install/moveit_resources_panda_description/share/moveit_resources_panda_description/meshes/collision/link2.stl
[0.348s] -- Up-to-date: /home/saber/robox_ws/install/moveit_resources_panda_description/share/moveit_resources_panda_description/meshes/collision/link6.stl
[0.348s] -- Up-to-date: /home/saber/robox_ws/install/moveit_resources_panda_description/share/moveit_resources_panda_description/meshes/collision/link7.stl
[0.348s] -- Up-to-date: /home/saber/robox_ws/install/moveit_resources_panda_description/share/moveit_resources_panda_description/meshes/collision/link1.stl
[0.348s] -- Up-to-date: /home/saber/robox_ws/install/moveit_resources_panda_description/share/moveit_resources_panda_description/urdf
[0.348s] -- Up-to-date: /home/saber/robox_ws/install/moveit_resources_panda_description/share/moveit_resources_panda_description/urdf/panda.urdf
[0.348s] -- Up-to-date: /home/saber/robox_ws/install/moveit_resources_panda_description/share/moveit_resources_panda_description/urdf/panda.urdf.xacro
[0.358s] Invoked command in '/home/saber/robox_ws/build/moveit_resources_panda_description' returned '0': CMAKE_PREFIX_PATH=${CMAKE_PREFIX_PATH}:/home/saber/robox_ws/install/arduinobot_py_examples:/home/saber/robox_ws/install/moveit_configs_utils:/home/saber/arduinobot_ws/install/arduinobot_py_examples:/opt/ros/jazzy DEBUGINFOD_URLS=https://debuginfod.ubuntu.com /usr/bin/cmake --install /home/saber/robox_ws/build/moveit_resources_panda_description
