[1.857s] Invoking command in '/home/saber/robox_ws/src/arduinobot_py_examples': DEBUGINFOD_URLS=https://debuginfod.ubuntu.com PYTHONPATH=/home/saber/robox_ws/src/build/arduinobot_py_examples/prefix_override:/usr/lib/python3/dist-packages/colcon_core/task/python/colcon_distutils_commands:/home/saber/robox_ws/src/install/arduinobot_py_examples/lib/python3.12/site-packages:${PYTHONPATH} /usr/bin/python3 -W ignore:setup.py install is deprecated -W ignore:easy_install command is deprecated setup.py egg_info --egg-base ../build/arduinobot_py_examples build --build-base /home/saber/robox_ws/src/build/arduinobot_py_examples/build install --record /home/saber/robox_ws/src/build/arduinobot_py_examples/install.log --single-version-externally-managed install_data
[2.208s] running egg_info
[2.237s] writing ../build/arduinobot_py_examples/arduinobot_py_examples.egg-info/PKG-INFO
[2.238s] writing dependency_links to ../build/arduinobot_py_examples/arduinobot_py_examples.egg-info/dependency_links.txt
[2.238s] writing entry points to ../build/arduinobot_py_examples/arduinobot_py_examples.egg-info/entry_points.txt
[2.238s] writing requirements to ../build/arduinobot_py_examples/arduinobot_py_examples.egg-info/requires.txt
[2.238s] writing top-level names to ../build/arduinobot_py_examples/arduinobot_py_examples.egg-info/top_level.txt
[2.296s] reading manifest file '../build/arduinobot_py_examples/arduinobot_py_examples.egg-info/SOURCES.txt'
[2.298s] writing manifest file '../build/arduinobot_py_examples/arduinobot_py_examples.egg-info/SOURCES.txt'
[2.298s] running build
[2.298s] running build_py
[2.298s] copying arduinobot_py_examples/ppc_action_server_stacking.py -> /home/saber/robox_ws/src/build/arduinobot_py_examples/build/lib/arduinobot_py_examples
[2.299s] copying arduinobot_py_examples/ppc_action_server.py -> /home/saber/robox_ws/src/build/arduinobot_py_examples/build/lib/arduinobot_py_examples
[2.299s] copying arduinobot_py_examples/ik_to_trajectory_client.py -> /home/saber/robox_ws/src/build/arduinobot_py_examples/build/lib/arduinobot_py_examples
[2.299s] copying arduinobot_py_examples/bridge.py -> /home/saber/robox_ws/src/build/arduinobot_py_examples/build/lib/arduinobot_py_examples
[2.299s] copying arduinobot_py_examples/cube_pose_trajectory.py -> /home/saber/robox_ws/src/build/arduinobot_py_examples/build/lib/arduinobot_py_examples
[2.299s] copying arduinobot_py_examples/color_tracking_sub.py -> /home/saber/robox_ws/src/build/arduinobot_py_examples/build/lib/arduinobot_py_examples
[2.300s] copying arduinobot_py_examples/qr_action_server.py -> /home/saber/robox_ws/src/build/arduinobot_py_examples/build/lib/arduinobot_py_examples
[2.300s] running install
[2.306s] running install_lib
[2.337s] copying /home/saber/robox_ws/src/build/arduinobot_py_examples/build/lib/arduinobot_py_examples/ppc_action_server_stacking.py -> /home/saber/robox_ws/src/install/arduinobot_py_examples/lib/python3.12/site-packages/arduinobot_py_examples
[2.337s] copying /home/saber/robox_ws/src/build/arduinobot_py_examples/build/lib/arduinobot_py_examples/ppc_action_server.py -> /home/saber/robox_ws/src/install/arduinobot_py_examples/lib/python3.12/site-packages/arduinobot_py_examples
[2.337s] copying /home/saber/robox_ws/src/build/arduinobot_py_examples/build/lib/arduinobot_py_examples/ik_to_trajectory_client.py -> /home/saber/robox_ws/src/install/arduinobot_py_examples/lib/python3.12/site-packages/arduinobot_py_examples
[2.337s] copying /home/saber/robox_ws/src/build/arduinobot_py_examples/build/lib/arduinobot_py_examples/bridge.py -> /home/saber/robox_ws/src/install/arduinobot_py_examples/lib/python3.12/site-packages/arduinobot_py_examples
[2.337s] copying /home/saber/robox_ws/src/build/arduinobot_py_examples/build/lib/arduinobot_py_examples/cube_pose_trajectory.py -> /home/saber/robox_ws/src/install/arduinobot_py_examples/lib/python3.12/site-packages/arduinobot_py_examples
[2.338s] copying /home/saber/robox_ws/src/build/arduinobot_py_examples/build/lib/arduinobot_py_examples/color_tracking_sub.py -> /home/saber/robox_ws/src/install/arduinobot_py_examples/lib/python3.12/site-packages/arduinobot_py_examples
[2.338s] copying /home/saber/robox_ws/src/build/arduinobot_py_examples/build/lib/arduinobot_py_examples/qr_action_server.py -> /home/saber/robox_ws/src/install/arduinobot_py_examples/lib/python3.12/site-packages/arduinobot_py_examples
[2.339s] byte-compiling /home/saber/robox_ws/src/install/arduinobot_py_examples/lib/python3.12/site-packages/arduinobot_py_examples/ppc_action_server_stacking.py to ppc_action_server_stacking.cpython-312.pyc
[2.342s] byte-compiling /home/saber/robox_ws/src/install/arduinobot_py_examples/lib/python3.12/site-packages/arduinobot_py_examples/ppc_action_server.py to ppc_action_server.cpython-312.pyc
[2.344s] byte-compiling /home/saber/robox_ws/src/install/arduinobot_py_examples/lib/python3.12/site-packages/arduinobot_py_examples/ik_to_trajectory_client.py to ik_to_trajectory_client.cpython-312.pyc
[2.346s] byte-compiling /home/saber/robox_ws/src/install/arduinobot_py_examples/lib/python3.12/site-packages/arduinobot_py_examples/bridge.py to bridge.cpython-312.pyc
[2.347s] byte-compiling /home/saber/robox_ws/src/install/arduinobot_py_examples/lib/python3.12/site-packages/arduinobot_py_examples/cube_pose_trajectory.py to cube_pose_trajectory.cpython-312.pyc
[2.350s] byte-compiling /home/saber/robox_ws/src/install/arduinobot_py_examples/lib/python3.12/site-packages/arduinobot_py_examples/color_tracking_sub.py to color_tracking_sub.cpython-312.pyc
[2.351s] byte-compiling /home/saber/robox_ws/src/install/arduinobot_py_examples/lib/python3.12/site-packages/arduinobot_py_examples/qr_action_server.py to qr_action_server.cpython-312.pyc
[2.352s] running install_data
[2.356s] running install_egg_info
[2.387s] removing '/home/saber/robox_ws/src/install/arduinobot_py_examples/lib/python3.12/site-packages/arduinobot_py_examples-0.0.1-py3.12.egg-info' (and everything under it)
[2.388s] Copying ../build/arduinobot_py_examples/arduinobot_py_examples.egg-info to /home/saber/robox_ws/src/install/arduinobot_py_examples/lib/python3.12/site-packages/arduinobot_py_examples-0.0.1-py3.12.egg-info
[2.389s] running install_scripts
[2.573s] Installing bridge script to /home/saber/robox_ws/src/install/arduinobot_py_examples/lib/arduinobot_py_examples
[2.573s] Installing color_tracking_sub script to /home/saber/robox_ws/src/install/arduinobot_py_examples/lib/arduinobot_py_examples
[2.574s] Installing cube_pose_publisher script to /home/saber/robox_ws/src/install/arduinobot_py_examples/lib/arduinobot_py_examples
[2.574s] Installing cube_pose_trajectory script to /home/saber/robox_ws/src/install/arduinobot_py_examples/lib/arduinobot_py_examples
[2.574s] Installing ik_solver script to /home/saber/robox_ws/src/install/arduinobot_py_examples/lib/arduinobot_py_examples
[2.574s] Installing ik_to_trajectory_client script to /home/saber/robox_ws/src/install/arduinobot_py_examples/lib/arduinobot_py_examples
[2.574s] Installing joystick_handler script to /home/saber/robox_ws/src/install/arduinobot_py_examples/lib/arduinobot_py_examples
[2.574s] Installing pose script to /home/saber/robox_ws/src/install/arduinobot_py_examples/lib/arduinobot_py_examples
[2.574s] Installing ppc_action_server script to /home/saber/robox_ws/src/install/arduinobot_py_examples/lib/arduinobot_py_examples
[2.575s] Installing ppc_action_server_stacking script to /home/saber/robox_ws/src/install/arduinobot_py_examples/lib/arduinobot_py_examples
[2.575s] Installing publisher script to /home/saber/robox_ws/src/install/arduinobot_py_examples/lib/arduinobot_py_examples
[2.575s] Installing qr_action_server script to /home/saber/robox_ws/src/install/arduinobot_py_examples/lib/arduinobot_py_examples
[2.575s] Installing reachability_map script to /home/saber/robox_ws/src/install/arduinobot_py_examples/lib/arduinobot_py_examples
[2.575s] Installing serial script to /home/saber/robox_ws/src/install/arduinobot_py_examples/lib/arduinobot_py_examples
[2.575s] Installing simple_moveit_interface script to /home/saber/robox_ws/src/install/arduinobot_py_examples/lib/arduinobot_py_examples
[2.575s] Installing simple_parameter script to /home/saber/robox_ws/src/install/arduinobot_py_examples/lib/arduinobot_py_examples
[2.576s] Installing subscriber script to /home/saber/robox_ws/src/install/arduinobot_py_examples/lib/arduinobot_py_examples
[2.576s] writing list of installed files to '/home/saber/robox_ws/src/build/arduinobot_py_examples/install.log'
[2.669s] Invoked command in '/home/saber/robox_ws/src/arduinobot_py_examples' returned '0': DEBUGINFOD_URLS=https://debuginfod.ubuntu.com PYTHONPATH=/home/saber/robox_ws/src/build/arduinobot_py_examples/prefix_override:/usr/lib/python3/dist-packages/colcon_core/task/python/colcon_distutils_commands:/home/saber/robox_ws/src/install/arduinobot_py_examples/lib/python3.12/site-packages:${PYTHONPATH} /usr/bin/python3 -W ignore:setup.py install is deprecated -W ignore:easy_install command is deprecated setup.py egg_info --egg-base ../build/arduinobot_py_examples build --build-base /home/saber/robox_ws/src/build/arduinobot_py_examples/build install --record /home/saber/robox_ws/src/build/arduinobot_py_examples/install.log --single-version-externally-managed install_data
