[0.008s] Invoking command in '/home/saber/robox_ws/build/robox_moveit_config': AMENT_PREFIX_PATH=/home/saber/robox_ws/install/robox_arm:${AMENT_PREFIX_PATH} CMAKE_PREFIX_PATH=/home/saber/robox_ws/install/robox_arm:/opt/ros/jazzy/opt/gz_sim_vendor:/opt/ros/jazzy/opt/gz_sensors_vendor:/opt/ros/jazzy/opt/gz_physics_vendor:/opt/ros/jazzy/opt/sdformat_vendor:/opt/ros/jazzy/opt/gz_gui_vendor:/opt/ros/jazzy/opt/gz_transport_vendor:/opt/ros/jazzy/opt/gz_rendering_vendor:/opt/ros/jazzy/opt/gz_plugin_vendor:/opt/ros/jazzy/opt/gz_fuel_tools_vendor:/opt/ros/jazzy/opt/gz_msgs_vendor:/opt/ros/jazzy/opt/gz_common_vendor:/opt/ros/jazzy/opt/gz_math_vendor:/opt/ros/jazzy/opt/gz_utils_vendor:/opt/ros/jazzy/opt/gz_tools_vendor:/opt/ros/jazzy/opt/gz_ogre_next_vendor:/opt/ros/jazzy/opt/gz_dartsim_vendor:/opt/ros/jazzy/opt/gz_cmake_vendor:/opt/ros/jazzy DEBUGINFOD_URLS=https://debuginfod.ubuntu.com /usr/bin/cmake /home/saber/robox_ws/src/robox_moveit_config -DCMAKE_INSTALL_PREFIX=/home/saber/robox_ws/install/robox_moveit_config
[0.022s] -- Found ament_cmake: 2.5.4 (/opt/ros/jazzy/share/ament_cmake/cmake)
[0.217s] -- Override CMake install command with custom implementation using symlinks instead of copying resources
[0.305s] -- Configuring done (0.3s)
[0.308s] -- Generating done (0.0s)
[0.310s] -- Build files have been written to: /home/saber/robox_ws/build/robox_moveit_config
[0.313s] Invoked command in '/home/saber/robox_ws/build/robox_moveit_config' returned '0': AMENT_PREFIX_PATH=/home/saber/robox_ws/install/robox_arm:${AMENT_PREFIX_PATH} CMAKE_PREFIX_PATH=/home/saber/robox_ws/install/robox_arm:/opt/ros/jazzy/opt/gz_sim_vendor:/opt/ros/jazzy/opt/gz_sensors_vendor:/opt/ros/jazzy/opt/gz_physics_vendor:/opt/ros/jazzy/opt/sdformat_vendor:/opt/ros/jazzy/opt/gz_gui_vendor:/opt/ros/jazzy/opt/gz_transport_vendor:/opt/ros/jazzy/opt/gz_rendering_vendor:/opt/ros/jazzy/opt/gz_plugin_vendor:/opt/ros/jazzy/opt/gz_fuel_tools_vendor:/opt/ros/jazzy/opt/gz_msgs_vendor:/opt/ros/jazzy/opt/gz_common_vendor:/opt/ros/jazzy/opt/gz_math_vendor:/opt/ros/jazzy/opt/gz_utils_vendor:/opt/ros/jazzy/opt/gz_tools_vendor:/opt/ros/jazzy/opt/gz_ogre_next_vendor:/opt/ros/jazzy/opt/gz_dartsim_vendor:/opt/ros/jazzy/opt/gz_cmake_vendor:/opt/ros/jazzy DEBUGINFOD_URLS=https://debuginfod.ubuntu.com /usr/bin/cmake /home/saber/robox_ws/src/robox_moveit_config -DCMAKE_INSTALL_PREFIX=/home/saber/robox_ws/install/robox_moveit_config
[0.314s] Invoking command in '/home/saber/robox_ws/build/robox_moveit_config': AMENT_PREFIX_PATH=/home/saber/robox_ws/install/robox_arm:${AMENT_PREFIX_PATH} CMAKE_PREFIX_PATH=/home/saber/robox_ws/install/robox_arm:/opt/ros/jazzy/opt/gz_sim_vendor:/opt/ros/jazzy/opt/gz_sensors_vendor:/opt/ros/jazzy/opt/gz_physics_vendor:/opt/ros/jazzy/opt/sdformat_vendor:/opt/ros/jazzy/opt/gz_gui_vendor:/opt/ros/jazzy/opt/gz_transport_vendor:/opt/ros/jazzy/opt/gz_rendering_vendor:/opt/ros/jazzy/opt/gz_plugin_vendor:/opt/ros/jazzy/opt/gz_fuel_tools_vendor:/opt/ros/jazzy/opt/gz_msgs_vendor:/opt/ros/jazzy/opt/gz_common_vendor:/opt/ros/jazzy/opt/gz_math_vendor:/opt/ros/jazzy/opt/gz_utils_vendor:/opt/ros/jazzy/opt/gz_tools_vendor:/opt/ros/jazzy/opt/gz_ogre_next_vendor:/opt/ros/jazzy/opt/gz_dartsim_vendor:/opt/ros/jazzy/opt/gz_cmake_vendor:/opt/ros/jazzy DEBUGINFOD_URLS=https://debuginfod.ubuntu.com /usr/bin/cmake --build /home/saber/robox_ws/build/robox_moveit_config -- -j16 -l16
[0.360s] Invoked command in '/home/saber/robox_ws/build/robox_moveit_config' returned '0': AMENT_PREFIX_PATH=/home/saber/robox_ws/install/robox_arm:${AMENT_PREFIX_PATH} CMAKE_PREFIX_PATH=/home/saber/robox_ws/install/robox_arm:/opt/ros/jazzy/opt/gz_sim_vendor:/opt/ros/jazzy/opt/gz_sensors_vendor:/opt/ros/jazzy/opt/gz_physics_vendor:/opt/ros/jazzy/opt/sdformat_vendor:/opt/ros/jazzy/opt/gz_gui_vendor:/opt/ros/jazzy/opt/gz_transport_vendor:/opt/ros/jazzy/opt/gz_rendering_vendor:/opt/ros/jazzy/opt/gz_plugin_vendor:/opt/ros/jazzy/opt/gz_fuel_tools_vendor:/opt/ros/jazzy/opt/gz_msgs_vendor:/opt/ros/jazzy/opt/gz_common_vendor:/opt/ros/jazzy/opt/gz_math_vendor:/opt/ros/jazzy/opt/gz_utils_vendor:/opt/ros/jazzy/opt/gz_tools_vendor:/opt/ros/jazzy/opt/gz_ogre_next_vendor:/opt/ros/jazzy/opt/gz_dartsim_vendor:/opt/ros/jazzy/opt/gz_cmake_vendor:/opt/ros/jazzy DEBUGINFOD_URLS=https://debuginfod.ubuntu.com /usr/bin/cmake --build /home/saber/robox_ws/build/robox_moveit_config -- -j16 -l16
[0.361s] Invoking command in '/home/saber/robox_ws/build/robox_moveit_config': AMENT_PREFIX_PATH=/home/saber/robox_ws/install/robox_arm:${AMENT_PREFIX_PATH} CMAKE_PREFIX_PATH=/home/saber/robox_ws/install/robox_arm:/opt/ros/jazzy/opt/gz_sim_vendor:/opt/ros/jazzy/opt/gz_sensors_vendor:/opt/ros/jazzy/opt/gz_physics_vendor:/opt/ros/jazzy/opt/sdformat_vendor:/opt/ros/jazzy/opt/gz_gui_vendor:/opt/ros/jazzy/opt/gz_transport_vendor:/opt/ros/jazzy/opt/gz_rendering_vendor:/opt/ros/jazzy/opt/gz_plugin_vendor:/opt/ros/jazzy/opt/gz_fuel_tools_vendor:/opt/ros/jazzy/opt/gz_msgs_vendor:/opt/ros/jazzy/opt/gz_common_vendor:/opt/ros/jazzy/opt/gz_math_vendor:/opt/ros/jazzy/opt/gz_utils_vendor:/opt/ros/jazzy/opt/gz_tools_vendor:/opt/ros/jazzy/opt/gz_ogre_next_vendor:/opt/ros/jazzy/opt/gz_dartsim_vendor:/opt/ros/jazzy/opt/gz_cmake_vendor:/opt/ros/jazzy DEBUGINFOD_URLS=https://debuginfod.ubuntu.com /usr/bin/cmake --install /home/saber/robox_ws/build/robox_moveit_config
[0.369s] -- Install configuration: ""
[0.370s] -- Execute custom install script
[0.370s] -- Up-to-date symlink: /home/saber/robox_ws/install/robox_moveit_config/share/ament_index/resource_index/package_run_dependencies/robox_moveit_config
[0.370s] -- Up-to-date symlink: /home/saber/robox_ws/install/robox_moveit_config/share/ament_index/resource_index/parent_prefix_path/robox_moveit_config
[0.370s] -- Up-to-date symlink: /home/saber/robox_ws/install/robox_moveit_config/share/robox_moveit_config/environment/ament_prefix_path.sh
[0.370s] -- Up-to-date symlink: /home/saber/robox_ws/install/robox_moveit_config/share/robox_moveit_config/environment/ament_prefix_path.dsv
[0.371s] -- Up-to-date symlink: /home/saber/robox_ws/install/robox_moveit_config/share/robox_moveit_config/environment/path.sh
[0.371s] -- Up-to-date symlink: /home/saber/robox_ws/install/robox_moveit_config/share/robox_moveit_config/environment/path.dsv
[0.371s] -- Up-to-date symlink: /home/saber/robox_ws/install/robox_moveit_config/share/robox_moveit_config/local_setup.bash
[0.371s] -- Up-to-date symlink: /home/saber/robox_ws/install/robox_moveit_config/share/robox_moveit_config/local_setup.sh
[0.371s] -- Up-to-date symlink: /home/saber/robox_ws/install/robox_moveit_config/share/robox_moveit_config/local_setup.zsh
[0.371s] -- Up-to-date symlink: /home/saber/robox_ws/install/robox_moveit_config/share/robox_moveit_config/local_setup.dsv
[0.371s] -- Symlinking: /home/saber/robox_ws/install/robox_moveit_config/share/robox_moveit_config/package.dsv
[0.382s] -- Up-to-date symlink: /home/saber/robox_ws/install/robox_moveit_config/share/ament_index/resource_index/packages/robox_moveit_config
[0.382s] -- Up-to-date symlink: /home/saber/robox_ws/install/robox_moveit_config/share/robox_moveit_config/cmake/robox_moveit_configConfig.cmake
[0.382s] -- Up-to-date symlink: /home/saber/robox_ws/install/robox_moveit_config/share/robox_moveit_config/cmake/robox_moveit_configConfig-version.cmake
[0.382s] -- Up-to-date symlink: /home/saber/robox_ws/install/robox_moveit_config/share/robox_moveit_config/package.xml
[0.383s] -- Up-to-date symlink: /home/saber/robox_ws/install/robox_moveit_config/share/robox_moveit_config/launch/demo.launch.py
[0.383s] -- Up-to-date symlink: /home/saber/robox_ws/install/robox_moveit_config/share/robox_moveit_config/launch/demo_new.launch.py
[0.383s] -- Up-to-date symlink: /home/saber/robox_ws/install/robox_moveit_config/share/robox_moveit_config/launch/move_group.launch.py
[0.383s] -- Up-to-date symlink: /home/saber/robox_ws/install/robox_moveit_config/share/robox_moveit_config/launch/moveit_rviz.launch.py
[0.383s] -- Up-to-date symlink: /home/saber/robox_ws/install/robox_moveit_config/share/robox_moveit_config/launch/rsp.launch.py
[0.383s] -- Up-to-date symlink: /home/saber/robox_ws/install/robox_moveit_config/share/robox_moveit_config/launch/setup_assistant.launch.py
[0.383s] -- Up-to-date symlink: /home/saber/robox_ws/install/robox_moveit_config/share/robox_moveit_config/launch/spawn_controllers.launch.py
[0.383s] -- Up-to-date symlink: /home/saber/robox_ws/install/robox_moveit_config/share/robox_moveit_config/launch/static_virtual_joint_tfs.launch.py
[0.383s] -- Up-to-date symlink: /home/saber/robox_ws/install/robox_moveit_config/share/robox_moveit_config/launch/warehouse_db.launch.py
[0.384s] -- Up-to-date symlink: /home/saber/robox_ws/install/robox_moveit_config/share/robox_moveit_config/config/chomp_planning.yaml
[0.384s] -- Up-to-date symlink: /home/saber/robox_ws/install/robox_moveit_config/share/robox_moveit_config/config/initial_positions.yaml
[0.384s] -- Up-to-date symlink: /home/saber/robox_ws/install/robox_moveit_config/share/robox_moveit_config/config/joint_limits.yaml
[0.384s] -- Up-to-date symlink: /home/saber/robox_ws/install/robox_moveit_config/share/robox_moveit_config/config/kinematics.yaml
[0.384s] -- Up-to-date symlink: /home/saber/robox_ws/install/robox_moveit_config/share/robox_moveit_config/config/moveit.rviz
[0.384s] -- Up-to-date symlink: /home/saber/robox_ws/install/robox_moveit_config/share/robox_moveit_config/config/moveit_controllers.yaml
[0.384s] -- Up-to-date symlink: /home/saber/robox_ws/install/robox_moveit_config/share/robox_moveit_config/config/ompl_planning.yaml
[0.385s] -- Up-to-date symlink: /home/saber/robox_ws/install/robox_moveit_config/share/robox_moveit_config/config/pilz_cartesian_limits.yaml
[0.385s] -- Up-to-date symlink: /home/saber/robox_ws/install/robox_moveit_config/share/robox_moveit_config/config/pilz_industrial_motion_planner_planning.yaml
[0.385s] -- Up-to-date symlink: /home/saber/robox_ws/install/robox_moveit_config/share/robox_moveit_config/config/planning_parameters.yaml
[0.385s] -- Up-to-date symlink: /home/saber/robox_ws/install/robox_moveit_config/share/robox_moveit_config/config/planning_pipeline.yaml
[0.385s] -- Up-to-date symlink: /home/saber/robox_ws/install/robox_moveit_config/share/robox_moveit_config/config/robox_arm.ros2_control.xacro
[0.385s] -- Up-to-date symlink: /home/saber/robox_ws/install/robox_moveit_config/share/robox_moveit_config/config/robox_arm.srdf
[0.385s] -- Up-to-date symlink: /home/saber/robox_ws/install/robox_moveit_config/share/robox_moveit_config/config/robox_arm.urdf.xacro
[0.385s] -- Up-to-date symlink: /home/saber/robox_ws/install/robox_moveit_config/share/robox_moveit_config/config/ros2_controllers.yaml
[0.385s] -- Up-to-date symlink: /home/saber/robox_ws/install/robox_moveit_config/share/robox_moveit_config/config/stomp_planning.yaml
[0.386s] -- Up-to-date symlink: /home/saber/robox_ws/install/robox_moveit_config/share/robox_moveit_config/.setup_assistant
[0.388s] Invoked command in '/home/saber/robox_ws/build/robox_moveit_config' returned '0': AMENT_PREFIX_PATH=/home/saber/robox_ws/install/robox_arm:${AMENT_PREFIX_PATH} CMAKE_PREFIX_PATH=/home/saber/robox_ws/install/robox_arm:/opt/ros/jazzy/opt/gz_sim_vendor:/opt/ros/jazzy/opt/gz_sensors_vendor:/opt/ros/jazzy/opt/gz_physics_vendor:/opt/ros/jazzy/opt/sdformat_vendor:/opt/ros/jazzy/opt/gz_gui_vendor:/opt/ros/jazzy/opt/gz_transport_vendor:/opt/ros/jazzy/opt/gz_rendering_vendor:/opt/ros/jazzy/opt/gz_plugin_vendor:/opt/ros/jazzy/opt/gz_fuel_tools_vendor:/opt/ros/jazzy/opt/gz_msgs_vendor:/opt/ros/jazzy/opt/gz_common_vendor:/opt/ros/jazzy/opt/gz_math_vendor:/opt/ros/jazzy/opt/gz_utils_vendor:/opt/ros/jazzy/opt/gz_tools_vendor:/opt/ros/jazzy/opt/gz_ogre_next_vendor:/opt/ros/jazzy/opt/gz_dartsim_vendor:/opt/ros/jazzy/opt/gz_cmake_vendor:/opt/ros/jazzy DEBUGINFOD_URLS=https://debuginfod.ubuntu.com /usr/bin/cmake --install /home/saber/robox_ws/build/robox_moveit_config
