[0.013s] Invoking command in '/home/saber/robox_ws/build/moveit_core': CMAKE_PREFIX_PATH=/home/saber/robox_ws/install/moveit_common:/home/saber/robox_ws/install/robotic_arm_moveit_config:/home/saber/robox_ws/install/pilz_industrial_motion_planner_testutils:/home/saber/robox_ws/install/moveit_runtime:/home/saber/robox_ws/install/moveit:/home/saber/robox_ws/install/moveit_planners:/home/saber/robox_ws/install/pilz_industrial_motion_planner:/home/saber/robox_ws/install/moveit_ros_control_interface:/home/saber/robox_ws/install/moveit_plugins:/home/saber/robox_ws/install/moveit_simple_controller_manager:/home/saber/robox_ws/install/moveit_setup_assistant:/home/saber/robox_ws/install/moveit_setup_srdf_plugins:/home/saber/robox_ws/install/moveit_setup_core_plugins:/home/saber/robox_ws/install/moveit_setup_controllers:/home/saber/robox_ws/install/moveit_setup_app_plugins:/home/saber/robox_ws/install/moveit_setup_framework:/home/saber/robox_ws/install/moveit_servo:/home/saber/robox_ws/install/moveit_ros_trajectory_cache:/home/saber/robox_ws/install/moveit_ros:/home/saber/robox_ws/install/arm_description:/home/saber/robox_ws/install/moveit_ros_visualization:/home/saber/robox_ws/install/moveit_py:/home/saber/robox_ws/install/moveit_hybrid_planning:/home/saber/robox_ws/install/moveit_ros_planning_interface:/home/saber/robox_ws/install/moveit_ros_benchmarks:/home/saber/robox_ws/install/moveit_ros_warehouse:/home/saber/robox_ws/install/moveit_ros_robot_interaction:/home/saber/robox_ws/install/moveit_ros_perception:/home/saber/robox_ws/install/moveit_resources_prbt_pg70_support:/home/saber/robox_ws/install/moveit_resources_prbt_moveit_config:/home/saber/robox_ws/install/moveit_ros_move_group:/home/saber/robox_ws/install/moveit_planners_ompl:/home/saber/robox_ws/install/moveit_kinematics:/home/saber/robox_ws/install/moveit_ros_planning:/home/saber/robox_ws/install/moveit_ros_occupancy_map_monitor:/home/saber/robox_ws/install/moveit_resources_prbt_support:/home/saber/robox_ws/install/moveit_resources_prbt_ikfast_manipulator_plugin:/home/saber/robox_ws/install/moveit_planners_stomp:/home/saber/robox_ws/install/moveit_planners_chomp:/home/saber/robox_ws/install/chomp_motion_planner:/home/saber/robox_ws/install/moveit_core:/home/saber/robox_ws/install/arm_moveit:/home/saber/arduinobot_ws/install/controller:/home/saber/arduinobot_ws/install/arm_description:/home/saber/arduinobot_ws/install/arduinobot_cpp_examples:/opt/ros/jazzy/opt/gz_sim_vendor:/opt/ros/jazzy/opt/gz_sensors_vendor:/opt/ros/jazzy/opt/gz_physics_vendor:/opt/ros/jazzy/opt/sdformat_vendor:/opt/ros/jazzy/opt/gz_gui_vendor:/opt/ros/jazzy/opt/gz_transport_vendor:/opt/ros/jazzy/opt/gz_rendering_vendor:/opt/ros/jazzy/opt/gz_plugin_vendor:/opt/ros/jazzy/opt/gz_fuel_tools_vendor:/opt/ros/jazzy/opt/gz_msgs_vendor:/opt/ros/jazzy/opt/gz_common_vendor:/opt/ros/jazzy/opt/gz_math_vendor:/opt/ros/jazzy/opt/gz_utils_vendor:/opt/ros/jazzy/opt/gz_tools_vendor:/opt/ros/jazzy/opt/gz_ogre_next_vendor:/opt/ros/jazzy/opt/gz_dartsim_vendor:/opt/ros/jazzy/opt/gz_cmake_vendor:/home/saber/robox_ws/install/arduinobot_py_examples:/home/saber/robox_ws/install/moveit_configs_utils:/home/saber/arduinobot_ws/install/arduinobot_py_examples:/opt/ros/jazzy DEBUGINFOD_URLS=https://debuginfod.ubuntu.com /usr/bin/cmake --build /home/saber/robox_ws/build/moveit_core -- -j16 -l16
[0.106s] [  9%] Built target gtest_main
[0.106s] [  9%] Built target gmock
[0.107s] [  9%] Built target moveit_butterworth_filter_parameters
[0.107s] [  9%] [34m[1mGenerate version header[0m
[0.107s] [  9%] Built target moveit_acceleration_filter_parameters
[0.107s] [  9%] Built target gtest
[0.107s] [  9%] Built target moveit_ruckig_filter_parameters
[0.107s] [  9%] Built target gmock_main
[0.116s] [ 14%] Built target moveit_smoothing_base
[0.116s] [ 14%] Built target moveit_utils
[0.156s] [ 17%] Built target logger_dut
[0.156s] [ 17%] Built target moveit_exceptions
[0.156s] [ 18%] [34m[1mGenerating version.hpp[0m
[0.158s] [ 19%] Built target moveit_transforms
[0.169s] [ 21%] Built target moveit_distance_field
[0.169s] [ 21%] Built target version_hpp
[0.195s] [ 22%] Built target test_transforms
[0.202s] [ 23%] Built target moveit_version
[0.208s] [ 26%] Built target test_voxel_grid
[0.208s] [ 30%] Built target moveit_robot_model
[0.213s] [ 31%] Built target test_distance_field
[0.248s] [ 33%] Built target moveit_kinematics_base
[0.248s] [ 33%] Built target moveit_butterworth_filter
[0.300s] [ 35%] Built target test_butterworth_filter
[0.300s] [ 35%] Built target moveit_test_utils
[0.306s] [ 38%] Built target moveit_robot_state
[0.379s] [ 39%] Built target test_robot_model
[0.387s] [ 40%] Built target moveit_dynamics_solver
[0.388s] [ 42%] Built target moveit_acceleration_filter
[0.388s] [ 42%] Built target moveit_robot_trajectory
[0.397s] [ 43%] Built target moveit_ruckig_filter
[0.400s] [ 46%] Built target moveit_kinematics_metrics
[0.400s] [ 50%] Built target moveit_collision_detection
[0.401s] [ 51%] Built target test_cartesian_interpolator
[0.403s] [ 52%] Built target test_aabb
[0.405s] [ 54%] Built target test_robot_state
[0.406s] [ 55%] Built target robot_state_benchmark
[0.406s] [ 56%] Built target test_robot_state_complex
[0.442s] [ 59%] Built target moveit_trajectory_processing
[0.442s] [ 59%] Built target test_acceleration_filter
[0.442s] [ 61%] Built target test_world_diff
[0.443s] [ 61%] Built target test_world
[0.443s] [ 62%] Built target test_robot_trajectory
[0.450s] [ 63%] Built target test_all_valid
[0.459s] [ 65%] Built target moveit_collision_detection_fcl
[0.473s] [ 69%] Built target moveit_collision_detection_bullet
[0.493s] [ 70%] Built target robot_trajectory_benchmark
[0.495s] [ 71%] Built target test_time_optimal_trajectory_generation
[0.496s] [ 72%] Built target test_ruckig_traj_smoothing
[0.518s] [ 76%] Built target test_fcl_collision_env
[0.518s] [ 76%] Built target test_fcl_collision_detection
[0.518s] [ 76%] Built target test_fcl_collision_detection_panda
[0.519s] [ 76%] Built target moveit_kinematic_constraints
[0.535s] [ 79%] Built target test_bullet_collision_detection_panda
[0.535s] [ 79%] Built target test_bullet_continuous_collision_checking
[0.535s] [ 80%] Built target test_bullet_collision_detection
[0.566s] [ 82%] Built target test_constraints
[0.566s] [ 83%] Built target test_orientation_constraints
[0.569s] [ 84%] Built target moveit_planning_scene
[0.628s] [ 88%] Built target collision_detector_bullet_plugin
[0.629s] [ 88%] Built target test_planning_scene
[0.629s] [ 89%] Built target test_multi_threaded
[0.630s] [ 89%] Built target collision_detector_fcl_plugin
[0.630s] [ 91%] Built target test_collision_objects
[0.630s] [ 92%] Built target moveit_planning_interface
[0.630s] [ 94%] Built target moveit_constraint_samplers
[0.640s] [ 97%] Built target moveit_collision_distance_field
[0.685s] [ 99%] Built target test_constraint_samplers
[0.692s] [100%] Built target test_collision_distance_field
[0.712s] Invoked command in '/home/saber/robox_ws/build/moveit_core' returned '0': CMAKE_PREFIX_PATH=/home/saber/robox_ws/install/moveit_common:/home/saber/robox_ws/install/robotic_arm_moveit_config:/home/saber/robox_ws/install/pilz_industrial_motion_planner_testutils:/home/saber/robox_ws/install/moveit_runtime:/home/saber/robox_ws/install/moveit:/home/saber/robox_ws/install/moveit_planners:/home/saber/robox_ws/install/pilz_industrial_motion_planner:/home/saber/robox_ws/install/moveit_ros_control_interface:/home/saber/robox_ws/install/moveit_plugins:/home/saber/robox_ws/install/moveit_simple_controller_manager:/home/saber/robox_ws/install/moveit_setup_assistant:/home/saber/robox_ws/install/moveit_setup_srdf_plugins:/home/saber/robox_ws/install/moveit_setup_core_plugins:/home/saber/robox_ws/install/moveit_setup_controllers:/home/saber/robox_ws/install/moveit_setup_app_plugins:/home/saber/robox_ws/install/moveit_setup_framework:/home/saber/robox_ws/install/moveit_servo:/home/saber/robox_ws/install/moveit_ros_trajectory_cache:/home/saber/robox_ws/install/moveit_ros:/home/saber/robox_ws/install/arm_description:/home/saber/robox_ws/install/moveit_ros_visualization:/home/saber/robox_ws/install/moveit_py:/home/saber/robox_ws/install/moveit_hybrid_planning:/home/saber/robox_ws/install/moveit_ros_planning_interface:/home/saber/robox_ws/install/moveit_ros_benchmarks:/home/saber/robox_ws/install/moveit_ros_warehouse:/home/saber/robox_ws/install/moveit_ros_robot_interaction:/home/saber/robox_ws/install/moveit_ros_perception:/home/saber/robox_ws/install/moveit_resources_prbt_pg70_support:/home/saber/robox_ws/install/moveit_resources_prbt_moveit_config:/home/saber/robox_ws/install/moveit_ros_move_group:/home/saber/robox_ws/install/moveit_planners_ompl:/home/saber/robox_ws/install/moveit_kinematics:/home/saber/robox_ws/install/moveit_ros_planning:/home/saber/robox_ws/install/moveit_ros_occupancy_map_monitor:/home/saber/robox_ws/install/moveit_resources_prbt_support:/home/saber/robox_ws/install/moveit_resources_prbt_ikfast_manipulator_plugin:/home/saber/robox_ws/install/moveit_planners_stomp:/home/saber/robox_ws/install/moveit_planners_chomp:/home/saber/robox_ws/install/chomp_motion_planner:/home/saber/robox_ws/install/moveit_core:/home/saber/robox_ws/install/arm_moveit:/home/saber/arduinobot_ws/install/controller:/home/saber/arduinobot_ws/install/arm_description:/home/saber/arduinobot_ws/install/arduinobot_cpp_examples:/opt/ros/jazzy/opt/gz_sim_vendor:/opt/ros/jazzy/opt/gz_sensors_vendor:/opt/ros/jazzy/opt/gz_physics_vendor:/opt/ros/jazzy/opt/sdformat_vendor:/opt/ros/jazzy/opt/gz_gui_vendor:/opt/ros/jazzy/opt/gz_transport_vendor:/opt/ros/jazzy/opt/gz_rendering_vendor:/opt/ros/jazzy/opt/gz_plugin_vendor:/opt/ros/jazzy/opt/gz_fuel_tools_vendor:/opt/ros/jazzy/opt/gz_msgs_vendor:/opt/ros/jazzy/opt/gz_common_vendor:/opt/ros/jazzy/opt/gz_math_vendor:/opt/ros/jazzy/opt/gz_utils_vendor:/opt/ros/jazzy/opt/gz_tools_vendor:/opt/ros/jazzy/opt/gz_ogre_next_vendor:/opt/ros/jazzy/opt/gz_dartsim_vendor:/opt/ros/jazzy/opt/gz_cmake_vendor:/home/saber/robox_ws/install/arduinobot_py_examples:/home/saber/robox_ws/install/moveit_configs_utils:/home/saber/arduinobot_ws/install/arduinobot_py_examples:/opt/ros/jazzy DEBUGINFOD_URLS=https://debuginfod.ubuntu.com /usr/bin/cmake --build /home/saber/robox_ws/build/moveit_core -- -j16 -l16
[0.714s] Invoking command in '/home/saber/robox_ws/build/moveit_core': CMAKE_PREFIX_PATH=/home/saber/robox_ws/install/moveit_common:/home/saber/robox_ws/install/robotic_arm_moveit_config:/home/saber/robox_ws/install/pilz_industrial_motion_planner_testutils:/home/saber/robox_ws/install/moveit_runtime:/home/saber/robox_ws/install/moveit:/home/saber/robox_ws/install/moveit_planners:/home/saber/robox_ws/install/pilz_industrial_motion_planner:/home/saber/robox_ws/install/moveit_ros_control_interface:/home/saber/robox_ws/install/moveit_plugins:/home/saber/robox_ws/install/moveit_simple_controller_manager:/home/saber/robox_ws/install/moveit_setup_assistant:/home/saber/robox_ws/install/moveit_setup_srdf_plugins:/home/saber/robox_ws/install/moveit_setup_core_plugins:/home/saber/robox_ws/install/moveit_setup_controllers:/home/saber/robox_ws/install/moveit_setup_app_plugins:/home/saber/robox_ws/install/moveit_setup_framework:/home/saber/robox_ws/install/moveit_servo:/home/saber/robox_ws/install/moveit_ros_trajectory_cache:/home/saber/robox_ws/install/moveit_ros:/home/saber/robox_ws/install/arm_description:/home/saber/robox_ws/install/moveit_ros_visualization:/home/saber/robox_ws/install/moveit_py:/home/saber/robox_ws/install/moveit_hybrid_planning:/home/saber/robox_ws/install/moveit_ros_planning_interface:/home/saber/robox_ws/install/moveit_ros_benchmarks:/home/saber/robox_ws/install/moveit_ros_warehouse:/home/saber/robox_ws/install/moveit_ros_robot_interaction:/home/saber/robox_ws/install/moveit_ros_perception:/home/saber/robox_ws/install/moveit_resources_prbt_pg70_support:/home/saber/robox_ws/install/moveit_resources_prbt_moveit_config:/home/saber/robox_ws/install/moveit_ros_move_group:/home/saber/robox_ws/install/moveit_planners_ompl:/home/saber/robox_ws/install/moveit_kinematics:/home/saber/robox_ws/install/moveit_ros_planning:/home/saber/robox_ws/install/moveit_ros_occupancy_map_monitor:/home/saber/robox_ws/install/moveit_resources_prbt_support:/home/saber/robox_ws/install/moveit_resources_prbt_ikfast_manipulator_plugin:/home/saber/robox_ws/install/moveit_planners_stomp:/home/saber/robox_ws/install/moveit_planners_chomp:/home/saber/robox_ws/install/chomp_motion_planner:/home/saber/robox_ws/install/moveit_core:/home/saber/robox_ws/install/arm_moveit:/home/saber/arduinobot_ws/install/controller:/home/saber/arduinobot_ws/install/arm_description:/home/saber/arduinobot_ws/install/arduinobot_cpp_examples:/opt/ros/jazzy/opt/gz_sim_vendor:/opt/ros/jazzy/opt/gz_sensors_vendor:/opt/ros/jazzy/opt/gz_physics_vendor:/opt/ros/jazzy/opt/sdformat_vendor:/opt/ros/jazzy/opt/gz_gui_vendor:/opt/ros/jazzy/opt/gz_transport_vendor:/opt/ros/jazzy/opt/gz_rendering_vendor:/opt/ros/jazzy/opt/gz_plugin_vendor:/opt/ros/jazzy/opt/gz_fuel_tools_vendor:/opt/ros/jazzy/opt/gz_msgs_vendor:/opt/ros/jazzy/opt/gz_common_vendor:/opt/ros/jazzy/opt/gz_math_vendor:/opt/ros/jazzy/opt/gz_utils_vendor:/opt/ros/jazzy/opt/gz_tools_vendor:/opt/ros/jazzy/opt/gz_ogre_next_vendor:/opt/ros/jazzy/opt/gz_dartsim_vendor:/opt/ros/jazzy/opt/gz_cmake_vendor:/home/saber/robox_ws/install/arduinobot_py_examples:/home/saber/robox_ws/install/moveit_configs_utils:/home/saber/arduinobot_ws/install/arduinobot_py_examples:/opt/ros/jazzy DEBUGINFOD_URLS=https://debuginfod.ubuntu.com /usr/bin/cmake --install /home/saber/robox_ws/build/moveit_core
[0.727s] -- Install configuration: "Release"
[0.728s] -- Execute custom install script
[0.728s] -- Up-to-date symlink: /home/saber/robox_ws/install/moveit_core/include/moveit_core/moveit/collision_detection_bullet/bullet_integration/basic_types.h
[0.728s] -- Up-to-date symlink: /home/saber/robox_ws/install/moveit_core/include/moveit_core/moveit/collision_detection_bullet/bullet_integration/basic_types.hpp
[0.728s] -- Up-to-date symlink: /home/saber/robox_ws/install/moveit_core/include/moveit_core/moveit/collision_detection_bullet/bullet_integration/bullet_bvh_manager.h
[0.728s] -- Up-to-date symlink: /home/saber/robox_ws/install/moveit_core/include/moveit_core/moveit/collision_detection_bullet/bullet_integration/bullet_bvh_manager.hpp
[0.729s] -- Up-to-date symlink: /home/saber/robox_ws/install/moveit_core/include/moveit_core/moveit/collision_detection_bullet/bullet_integration/bullet_cast_bvh_manager.h
[0.729s] -- Up-to-date symlink: /home/saber/robox_ws/install/moveit_core/include/moveit_core/moveit/collision_detection_bullet/bullet_integration/bullet_cast_bvh_manager.hpp
[0.729s] -- Up-to-date symlink: /home/saber/robox_ws/install/moveit_core/include/moveit_core/moveit/collision_detection_bullet/bullet_integration/bullet_discrete_bvh_manager.h
[0.729s] -- Up-to-date symlink: /home/saber/robox_ws/install/moveit_core/include/moveit_core/moveit/collision_detection_bullet/bullet_integration/bullet_discrete_bvh_manager.hpp
[0.729s] -- Up-to-date symlink: /home/saber/robox_ws/install/moveit_core/include/moveit_core/moveit/collision_detection_bullet/bullet_integration/bullet_utils.h
[0.729s] -- Up-to-date symlink: /home/saber/robox_ws/install/moveit_core/include/moveit_core/moveit/collision_detection_bullet/bullet_integration/bullet_utils.hpp
[0.729s] -- Up-to-date symlink: /home/saber/robox_ws/install/moveit_core/include/moveit_core/moveit/collision_detection_bullet/bullet_integration/contact_checker_common.h
[0.729s] -- Up-to-date symlink: /home/saber/robox_ws/install/moveit_core/include/moveit_core/moveit/collision_detection_bullet/bullet_integration/contact_checker_common.hpp
[0.729s] -- Up-to-date symlink: /home/saber/robox_ws/install/moveit_core/include/moveit_core/moveit/collision_detection_bullet/bullet_integration/ros_bullet_utils.h
[0.730s] -- Up-to-date symlink: /home/saber/robox_ws/install/moveit_core/include/moveit_core/moveit/collision_detection_bullet/bullet_integration/ros_bullet_utils.hpp
[0.730s] -- Up-to-date symlink: /home/saber/robox_ws/install/moveit_core/include/moveit_core/moveit/collision_detection_bullet/collision_detector_allocator_bullet.h
[0.730s] -- Up-to-date symlink: /home/saber/robox_ws/install/moveit_core/include/moveit_core/moveit/collision_detection_bullet/collision_detector_allocator_bullet.hpp
[0.730s] -- Up-to-date symlink: /home/saber/robox_ws/install/moveit_core/include/moveit_core/moveit/collision_detection_bullet/collision_detector_bullet_plugin_loader.h
[0.730s] -- Up-to-date symlink: /home/saber/robox_ws/install/moveit_core/include/moveit_core/moveit/collision_detection_bullet/collision_detector_bullet_plugin_loader.hpp
[0.730s] -- Up-to-date symlink: /home/saber/robox_ws/install/moveit_core/include/moveit_core/moveit/collision_detection_bullet/collision_env_bullet.h
[0.730s] -- Up-to-date symlink: /home/saber/robox_ws/install/moveit_core/include/moveit_core/moveit/collision_detection_bullet/collision_env_bullet.hpp
[0.730s] -- Up-to-date symlink: /home/saber/robox_ws/install/moveit_core/include/moveit_core/moveit_collision_detection_bullet_export.h
[0.731s] -- Up-to-date symlink: /home/saber/robox_ws/install/moveit_core/include/moveit_core/moveit/collision_detection_fcl/collision_common.h
[0.731s] -- Up-to-date symlink: /home/saber/robox_ws/install/moveit_core/include/moveit_core/moveit/collision_detection_fcl/collision_common.hpp
[0.731s] -- Up-to-date symlink: /home/saber/robox_ws/install/moveit_core/include/moveit_core/moveit/collision_detection_fcl/collision_detector_allocator_fcl.h
[0.731s] -- Up-to-date symlink: /home/saber/robox_ws/install/moveit_core/include/moveit_core/moveit/collision_detection_fcl/collision_detector_allocator_fcl.hpp
[0.731s] -- Up-to-date symlink: /home/saber/robox_ws/install/moveit_core/include/moveit_core/moveit/collision_detection_fcl/collision_detector_fcl_plugin_loader.h
[0.731s] -- Up-to-date symlink: /home/saber/robox_ws/install/moveit_core/include/moveit_core/moveit/collision_detection_fcl/collision_detector_fcl_plugin_loader.hpp
[0.731s] -- Up-to-date symlink: /home/saber/robox_ws/install/moveit_core/include/moveit_core/moveit/collision_detection_fcl/collision_env_fcl.h
[0.731s] -- Up-to-date symlink: /home/saber/robox_ws/install/moveit_core/include/moveit_core/moveit/collision_detection_fcl/collision_env_fcl.hpp
[0.732s] -- Up-to-date symlink: /home/saber/robox_ws/install/moveit_core/include/moveit_core/moveit/collision_detection_fcl/fcl_compat.h
[0.732s] -- Up-to-date symlink: /home/saber/robox_ws/install/moveit_core/include/moveit_core/moveit/collision_detection_fcl/fcl_compat.hpp
[0.732s] -- Up-to-date symlink: /home/saber/robox_ws/install/moveit_core/include/moveit_core/moveit_collision_detection_fcl_export.h
[0.732s] -- Up-to-date symlink: /home/saber/robox_ws/install/moveit_core/include/moveit_core/moveit/collision_detection/allvalid/collision_detector_allocator_allvalid.h
[0.732s] -- Up-to-date symlink: /home/saber/robox_ws/install/moveit_core/include/moveit_core/moveit/collision_detection/allvalid/collision_detector_allocator_allvalid.hpp
[0.733s] -- Up-to-date symlink: /home/saber/robox_ws/install/moveit_core/include/moveit_core/moveit/collision_detection/allvalid/collision_env_allvalid.h
[0.733s] -- Up-to-date symlink: /home/saber/robox_ws/install/moveit_core/include/moveit_core/moveit/collision_detection/allvalid/collision_env_allvalid.hpp
[0.733s] -- Up-to-date symlink: /home/saber/robox_ws/install/moveit_core/include/moveit_core/moveit/collision_detection/collision_common.h
[0.733s] -- Up-to-date symlink: /home/saber/robox_ws/install/moveit_core/include/moveit_core/moveit/collision_detection/collision_common.hpp
[0.733s] -- Up-to-date symlink: /home/saber/robox_ws/install/moveit_core/include/moveit_core/moveit/collision_detection/collision_detector_allocator.h
[0.733s] -- Up-to-date symlink: /home/saber/robox_ws/install/moveit_core/include/moveit_core/moveit/collision_detection/collision_detector_allocator.hpp
[0.733s] -- Up-to-date symlink: /home/saber/robox_ws/install/moveit_core/include/moveit_core/moveit/collision_detection/collision_env.h
[0.733s] -- Up-to-date symlink: /home/saber/robox_ws/install/moveit_core/include/moveit_core/moveit/collision_detection/collision_env.hpp
[0.733s] -- Up-to-date symlink: /home/saber/robox_ws/install/moveit_core/include/moveit_core/moveit/collision_detection/collision_matrix.h
[0.733s] -- Up-to-date symlink: /home/saber/robox_ws/install/moveit_core/include/moveit_core/moveit/collision_detection/collision_matrix.hpp
[0.734s] -- Up-to-date symlink: /home/saber/robox_ws/install/moveit_core/include/moveit_core/moveit/collision_detection/collision_octomap_filter.h
[0.734s] -- Up-to-date symlink: /home/saber/robox_ws/install/moveit_core/include/moveit_core/moveit/collision_detection/collision_octomap_filter.hpp
[0.734s] -- Up-to-date symlink: /home/saber/robox_ws/install/moveit_core/include/moveit_core/moveit/collision_detection/collision_plugin.h
[0.734s] -- Up-to-date symlink: /home/saber/robox_ws/install/moveit_core/include/moveit_core/moveit/collision_detection/collision_plugin.hpp
[0.734s] -- Up-to-date symlink: /home/saber/robox_ws/install/moveit_core/include/moveit_core/moveit/collision_detection/collision_plugin_cache.h
[0.734s] -- Up-to-date symlink: /home/saber/robox_ws/install/moveit_core/include/moveit_core/moveit/collision_detection/collision_plugin_cache.hpp
[0.734s] -- Up-to-date symlink: /home/saber/robox_ws/install/moveit_core/include/moveit_core/moveit/collision_detection/collision_tools.h
[0.734s] -- Up-to-date symlink: /home/saber/robox_ws/install/moveit_core/include/moveit_core/moveit/collision_detection/collision_tools.hpp
[0.734s] -- Up-to-date symlink: /home/saber/robox_ws/install/moveit_core/include/moveit_core/moveit/collision_detection/occupancy_map.h
[0.735s] -- Up-to-date symlink: /home/saber/robox_ws/install/moveit_core/include/moveit_core/moveit/collision_detection/occupancy_map.hpp
[0.735s] -- Up-to-date symlink: /home/saber/robox_ws/install/moveit_core/include/moveit_core/moveit/collision_detection/test_collision_common_panda.h
[0.735s] -- Up-to-date symlink: /home/saber/robox_ws/install/moveit_core/include/moveit_core/moveit/collision_detection/test_collision_common_panda.hpp
[0.735s] -- Up-to-date symlink: /home/saber/robox_ws/install/moveit_core/include/moveit_core/moveit/collision_detection/test_collision_common_pr2.h
[0.735s] -- Up-to-date symlink: /home/saber/robox_ws/install/moveit_core/include/moveit_core/moveit/collision_detection/test_collision_common_pr2.hpp
[0.735s] -- Up-to-date symlink: /home/saber/robox_ws/install/moveit_core/include/moveit_core/moveit/collision_detection/world.h
[0.735s] -- Up-to-date symlink: /home/saber/robox_ws/install/moveit_core/include/moveit_core/moveit/collision_detection/world.hpp
[0.735s] -- Up-to-date symlink: /home/saber/robox_ws/install/moveit_core/include/moveit_core/moveit/collision_detection/world_diff.h
[0.735s] -- Up-to-date symlink: /home/saber/robox_ws/install/moveit_core/include/moveit_core/moveit/collision_detection/world_diff.hpp
[0.736s] -- Up-to-date symlink: /home/saber/robox_ws/install/moveit_core/include/moveit_core/moveit_collision_detection_export.h
[0.736s] -- Up-to-date symlink: /home/saber/robox_ws/install/moveit_core/include/moveit_core/moveit/collision_distance_field/collision_common_distance_field.h
[0.736s] -- Up-to-date symlink: /home/saber/robox_ws/install/moveit_core/include/moveit_core/moveit/collision_distance_field/collision_common_distance_field.hpp
[0.736s] -- Up-to-date symlink: /home/saber/robox_ws/install/moveit_core/include/moveit_core/moveit/collision_distance_field/collision_detector_allocator_distance_field.h
[0.736s] -- Up-to-date symlink: /home/saber/robox_ws/install/moveit_core/include/moveit_core/moveit/collision_distance_field/collision_detector_allocator_distance_field.hpp
[0.737s] -- Up-to-date symlink: /home/saber/robox_ws/install/moveit_core/include/moveit_core/moveit/collision_distance_field/collision_detector_allocator_hybrid.h
[0.737s] -- Up-to-date symlink: /home/saber/robox_ws/install/moveit_core/include/moveit_core/moveit/collision_distance_field/collision_detector_allocator_hybrid.hpp
[0.737s] -- Up-to-date symlink: /home/saber/robox_ws/install/moveit_core/include/moveit_core/moveit/collision_distance_field/collision_distance_field_types.h
[0.737s] -- Up-to-date symlink: /home/saber/robox_ws/install/moveit_core/include/moveit_core/moveit/collision_distance_field/collision_distance_field_types.hpp
[0.737s] -- Up-to-date symlink: /home/saber/robox_ws/install/moveit_core/include/moveit_core/moveit/collision_distance_field/collision_env_distance_field.h
[0.737s] -- Up-to-date symlink: /home/saber/robox_ws/install/moveit_core/include/moveit_core/moveit/collision_distance_field/collision_env_distance_field.hpp
[0.737s] -- Up-to-date symlink: /home/saber/robox_ws/install/moveit_core/include/moveit_core/moveit/collision_distance_field/collision_env_hybrid.h
[0.737s] -- Up-to-date symlink: /home/saber/robox_ws/install/moveit_core/include/moveit_core/moveit/collision_distance_field/collision_env_hybrid.hpp
[0.738s] -- Up-to-date symlink: /home/saber/robox_ws/install/moveit_core/include/moveit_core/moveit_collision_distance_field_export.h
[0.738s] -- Up-to-date symlink: /home/saber/robox_ws/install/moveit_core/include/moveit_core/moveit/constraint_samplers/constraint_sampler.h
[0.738s] -- Up-to-date symlink: /home/saber/robox_ws/install/moveit_core/include/moveit_core/moveit/constraint_samplers/constraint_sampler.hpp
[0.738s] -- Up-to-date symlink: /home/saber/robox_ws/install/moveit_core/include/moveit_core/moveit/constraint_samplers/constraint_sampler_allocator.h
[0.738s] -- Up-to-date symlink: /home/saber/robox_ws/install/moveit_core/include/moveit_core/moveit/constraint_samplers/constraint_sampler_allocator.hpp
[0.738s] -- Up-to-date symlink: /home/saber/robox_ws/install/moveit_core/include/moveit_core/moveit/constraint_samplers/constraint_sampler_manager.h
[0.739s] -- Up-to-date symlink: /home/saber/robox_ws/install/moveit_core/include/moveit_core/moveit/constraint_samplers/constraint_sampler_manager.hpp
[0.739s] -- Up-to-date symlink: /home/saber/robox_ws/install/moveit_core/include/moveit_core/moveit/constraint_samplers/constraint_sampler_tools.h
[0.739s] -- Up-to-date symlink: /home/saber/robox_ws/install/moveit_core/include/moveit_core/moveit/constraint_samplers/constraint_sampler_tools.hpp
[0.739s] -- Up-to-date symlink: /home/saber/robox_ws/install/moveit_core/include/moveit_core/moveit/constraint_samplers/default_constraint_samplers.h
[0.739s] -- Up-to-date symlink: /home/saber/robox_ws/install/moveit_core/include/moveit_core/moveit/constraint_samplers/default_constraint_samplers.hpp
[0.739s] -- Up-to-date symlink: /home/saber/robox_ws/install/moveit_core/include/moveit_core/moveit/constraint_samplers/union_constraint_sampler.h
[0.739s] -- Up-to-date symlink: /home/saber/robox_ws/install/moveit_core/include/moveit_core/moveit/constraint_samplers/union_constraint_sampler.hpp
[0.740s] -- Up-to-date symlink: /home/saber/robox_ws/install/moveit_core/include/moveit_core/moveit/controller_manager/controller_manager.h
[0.740s] -- Up-to-date symlink: /home/saber/robox_ws/install/moveit_core/include/moveit_core/moveit/controller_manager/controller_manager.hpp
[0.740s] -- Up-to-date symlink: /home/saber/robox_ws/install/moveit_core/include/moveit_core/moveit/distance_field/distance_field.h
[0.740s] -- Up-to-date symlink: /home/saber/robox_ws/install/moveit_core/include/moveit_core/moveit/distance_field/distance_field.hpp
[0.740s] -- Up-to-date symlink: /home/saber/robox_ws/install/moveit_core/include/moveit_core/moveit/distance_field/find_internal_points.h
[0.740s] -- Up-to-date symlink: /home/saber/robox_ws/install/moveit_core/include/moveit_core/moveit/distance_field/find_internal_points.hpp
[0.741s] -- Up-to-date symlink: /home/saber/robox_ws/install/moveit_core/include/moveit_core/moveit/distance_field/propagation_distance_field.h
[0.741s] -- Up-to-date symlink: /home/saber/robox_ws/install/moveit_core/include/moveit_core/moveit/distance_field/propagation_distance_field.hpp
[0.741s] -- Up-to-date symlink: /home/saber/robox_ws/install/moveit_core/include/moveit_core/moveit/distance_field/voxel_grid.h
[0.741s] -- Up-to-date symlink: /home/saber/robox_ws/install/moveit_core/include/moveit_core/moveit/distance_field/voxel_grid.hpp
[0.741s] -- Up-to-date symlink: /home/saber/robox_ws/install/moveit_core/include/moveit_core/moveit/dynamics_solver/dynamics_solver.h
[0.741s] -- Up-to-date symlink: /home/saber/robox_ws/install/moveit_core/include/moveit_core/moveit/dynamics_solver/dynamics_solver.hpp
[0.742s] -- Up-to-date symlink: /home/saber/robox_ws/install/moveit_core/include/moveit_core/moveit/exceptions/exceptions.h
[0.742s] -- Up-to-date symlink: /home/saber/robox_ws/install/moveit_core/include/moveit_core/moveit/exceptions/exceptions.hpp
[0.742s] -- Up-to-date symlink: /home/saber/robox_ws/install/moveit_core/include/moveit_core/moveit/kinematic_constraints/kinematic_constraint.h
[0.742s] -- Up-to-date symlink: /home/saber/robox_ws/install/moveit_core/include/moveit_core/moveit/kinematic_constraints/kinematic_constraint.hpp
[0.742s] -- Up-to-date symlink: /home/saber/robox_ws/install/moveit_core/include/moveit_core/moveit/kinematic_constraints/utils.h
[0.743s] -- Up-to-date symlink: /home/saber/robox_ws/install/moveit_core/include/moveit_core/moveit/kinematic_constraints/utils.hpp
[0.743s] -- Up-to-date symlink: /home/saber/robox_ws/install/moveit_core/include/moveit_core/moveit/kinematics_base/kinematics_base.h
[0.743s] -- Up-to-date symlink: /home/saber/robox_ws/install/moveit_core/include/moveit_core/moveit/kinematics_base/kinematics_base.hpp
[0.743s] -- Up-to-date symlink: /home/saber/robox_ws/install/moveit_core/include/moveit_core/moveit_kinematics_base_export.h
[0.743s] -- Up-to-date symlink: /home/saber/robox_ws/install/moveit_core/include/moveit_core/moveit/kinematics_metrics/kinematics_metrics.h
[0.744s] -- Up-to-date symlink: /home/saber/robox_ws/install/moveit_core/include/moveit_core/moveit/kinematics_metrics/kinematics_metrics.hpp
[0.744s] -- Up-to-date symlink: /home/saber/robox_ws/install/moveit_core/include/moveit_core/moveit/macros/class_forward.h
[0.744s] -- Up-to-date symlink: /home/saber/robox_ws/install/moveit_core/include/moveit_core/moveit/macros/class_forward.hpp
[0.744s] -- Up-to-date symlink: /home/saber/robox_ws/install/moveit_core/include/moveit_core/moveit/macros/console_colors.h
[0.744s] -- Up-to-date symlink: /home/saber/robox_ws/install/moveit_core/include/moveit_core/moveit/macros/console_colors.hpp
[0.744s] -- Up-to-date symlink: /home/saber/robox_ws/install/moveit_core/include/moveit_core/moveit/macros/declare_ptr.h
[0.744s] -- Up-to-date symlink: /home/saber/robox_ws/install/moveit_core/include/moveit_core/moveit/macros/declare_ptr.hpp
[0.745s] -- Up-to-date symlink: /home/saber/robox_ws/install/moveit_core/include/moveit_core/moveit_acceleration_filter_parameters.hpp
[0.745s] -- Up-to-date symlink: /home/saber/robox_ws/install/moveit_core/include/moveit_core/moveit_butterworth_filter_parameters.hpp
[0.745s] -- Up-to-date symlink: /home/saber/robox_ws/install/moveit_core/include/moveit_core/moveit_ruckig_filter_parameters.hpp
[0.745s] -- Up-to-date symlink: /home/saber/robox_ws/install/moveit_core/include/moveit_core/moveit_acceleration_filter_parameters.hpp
[0.745s] -- Up-to-date symlink: /home/saber/robox_ws/install/moveit_core/include/moveit_core/moveit_butterworth_filter_parameters.hpp
[0.745s] -- Up-to-date symlink: /home/saber/robox_ws/install/moveit_core/include/moveit_core/moveit_ruckig_filter_parameters.hpp
[0.746s] -- Up-to-date symlink: /home/saber/robox_ws/install/moveit_core/include/moveit_core/moveit_acceleration_filter_parameters.hpp
[0.746s] -- Up-to-date symlink: /home/saber/robox_ws/install/moveit_core/include/moveit_core/moveit_butterworth_filter_parameters.hpp
[0.746s] -- Up-to-date symlink: /home/saber/robox_ws/install/moveit_core/include/moveit_core/moveit_ruckig_filter_parameters.hpp
[0.746s] -- Up-to-date symlink: /home/saber/robox_ws/install/moveit_core/include/moveit_core/moveit/online_signal_smoothing/acceleration_filter.h
[0.746s] -- Up-to-date symlink: /home/saber/robox_ws/install/moveit_core/include/moveit_core/moveit/online_signal_smoothing/acceleration_filter.hpp
[0.747s] -- Up-to-date symlink: /home/saber/robox_ws/install/moveit_core/include/moveit_core/moveit/online_signal_smoothing/butterworth_filter.h
[0.747s] -- Up-to-date symlink: /home/saber/robox_ws/install/moveit_core/include/moveit_core/moveit/online_signal_smoothing/butterworth_filter.hpp
[0.747s] -- Up-to-date symlink: /home/saber/robox_ws/install/moveit_core/include/moveit_core/moveit/online_signal_smoothing/ruckig_filter.h
[0.747s] -- Up-to-date symlink: /home/saber/robox_ws/install/moveit_core/include/moveit_core/moveit/online_signal_smoothing/ruckig_filter.hpp
[0.747s] -- Up-to-date symlink: /home/saber/robox_ws/install/moveit_core/include/moveit_core/moveit/online_signal_smoothing/smoothing_base_class.h
[0.747s] -- Up-to-date symlink: /home/saber/robox_ws/install/moveit_core/include/moveit_core/moveit/online_signal_smoothing/smoothing_base_class.hpp
[0.747s] -- Up-to-date symlink: /home/saber/robox_ws/install/moveit_core/include/moveit_core/moveit_smoothing_base_export.h
[0.747s] -- Up-to-date symlink: /home/saber/robox_ws/install/moveit_core/include/moveit_core/moveit_acceleration_filter_export.h
[0.748s] -- Up-to-date symlink: /home/saber/robox_ws/install/moveit_core/include/moveit_core/moveit_butterworth_filter_export.h
[0.748s] -- Up-to-date symlink: /home/saber/robox_ws/install/moveit_core/include/moveit_core/moveit_ruckig_filter_export.h
[0.748s] -- Up-to-date symlink: /home/saber/robox_ws/install/moveit_core/include/moveit_core/moveit/planning_interface/planning_interface.h
[0.748s] -- Up-to-date symlink: /home/saber/robox_ws/install/moveit_core/include/moveit_core/moveit/planning_interface/planning_interface.hpp
[0.748s] -- Up-to-date symlink: /home/saber/robox_ws/install/moveit_core/include/moveit_core/moveit/planning_interface/planning_request.h
[0.749s] -- Up-to-date symlink: /home/saber/robox_ws/install/moveit_core/include/moveit_core/moveit/planning_interface/planning_request.hpp
[0.749s] -- Up-to-date symlink: /home/saber/robox_ws/install/moveit_core/include/moveit_core/moveit/planning_interface/planning_request_adapter.h
[0.749s] -- Up-to-date symlink: /home/saber/robox_ws/install/moveit_core/include/moveit_core/moveit/planning_interface/planning_request_adapter.hpp
[0.749s] -- Up-to-date symlink: /home/saber/robox_ws/install/moveit_core/include/moveit_core/moveit/planning_interface/planning_response.h
[0.749s] -- Up-to-date symlink: /home/saber/robox_ws/install/moveit_core/include/moveit_core/moveit/planning_interface/planning_response.hpp
[0.749s] -- Up-to-date symlink: /home/saber/robox_ws/install/moveit_core/include/moveit_core/moveit/planning_interface/planning_response_adapter.h
[0.749s] -- Up-to-date symlink: /home/saber/robox_ws/install/moveit_core/include/moveit_core/moveit/planning_interface/planning_response_adapter.hpp
[0.750s] -- Up-to-date symlink: /home/saber/robox_ws/install/moveit_core/include/moveit_core/moveit/planning_scene/planning_scene.h
[0.750s] -- Up-to-date symlink: /home/saber/robox_ws/install/moveit_core/include/moveit_core/moveit/planning_scene/planning_scene.hpp
[0.750s] -- Up-to-date symlink: /home/saber/robox_ws/install/moveit_core/include/moveit_core/moveit_planning_scene_export.h
[0.750s] -- Up-to-date symlink: /home/saber/robox_ws/install/moveit_core/include/moveit_core/moveit/robot_model/aabb.h
[0.750s] -- Up-to-date symlink: /home/saber/robox_ws/install/moveit_core/include/moveit_core/moveit/robot_model/aabb.hpp
[0.751s] -- Up-to-date symlink: /home/saber/robox_ws/install/moveit_core/include/moveit_core/moveit/robot_model/fixed_joint_model.h
[0.751s] -- Up-to-date symlink: /home/saber/robox_ws/install/moveit_core/include/moveit_core/moveit/robot_model/fixed_joint_model.hpp
[0.751s] -- Up-to-date symlink: /home/saber/robox_ws/install/moveit_core/include/moveit_core/moveit/robot_model/floating_joint_model.h
[0.751s] -- Up-to-date symlink: /home/saber/robox_ws/install/moveit_core/include/moveit_core/moveit/robot_model/floating_joint_model.hpp
[0.751s] -- Up-to-date symlink: /home/saber/robox_ws/install/moveit_core/include/moveit_core/moveit/robot_model/joint_model.h
[0.751s] -- Up-to-date symlink: /home/saber/robox_ws/install/moveit_core/include/moveit_core/moveit/robot_model/joint_model.hpp
[0.751s] -- Up-to-date symlink: /home/saber/robox_ws/install/moveit_core/include/moveit_core/moveit/robot_model/joint_model_group.h
[0.751s] -- Up-to-date symlink: /home/saber/robox_ws/install/moveit_core/include/moveit_core/moveit/robot_model/joint_model_group.hpp
[0.752s] -- Up-to-date symlink: /home/saber/robox_ws/install/moveit_core/include/moveit_core/moveit/robot_model/link_model.h
[0.752s] -- Up-to-date symlink: /home/saber/robox_ws/install/moveit_core/include/moveit_core/moveit/robot_model/link_model.hpp
[0.752s] -- Up-to-date symlink: /home/saber/robox_ws/install/moveit_core/include/moveit_core/moveit/robot_model/planar_joint_model.h
[0.752s] -- Up-to-date symlink: /home/saber/robox_ws/install/moveit_core/include/moveit_core/moveit/robot_model/planar_joint_model.hpp
[0.752s] -- Up-to-date symlink: /home/saber/robox_ws/install/moveit_core/include/moveit_core/moveit/robot_model/prismatic_joint_model.h
[0.752s] -- Up-to-date symlink: /home/saber/robox_ws/install/moveit_core/include/moveit_core/moveit/robot_model/prismatic_joint_model.hpp
[0.752s] -- Up-to-date symlink: /home/saber/robox_ws/install/moveit_core/include/moveit_core/moveit/robot_model/revolute_joint_model.h
[0.752s] -- Up-to-date symlink: /home/saber/robox_ws/install/moveit_core/include/moveit_core/moveit/robot_model/revolute_joint_model.hpp
[0.753s] -- Up-to-date symlink: /home/saber/robox_ws/install/moveit_core/include/moveit_core/moveit/robot_model/robot_model.h
[0.753s] -- Up-to-date symlink: /home/saber/robox_ws/install/moveit_core/include/moveit_core/moveit/robot_model/robot_model.hpp
[0.753s] -- Up-to-date symlink: /home/saber/robox_ws/install/moveit_core/include/moveit_core/moveit/robot_state/attached_body.h
[0.753s] -- Up-to-date symlink: /home/saber/robox_ws/install/moveit_core/include/moveit_core/moveit/robot_state/attached_body.hpp
[0.753s] -- Up-to-date symlink: /home/saber/robox_ws/install/moveit_core/include/moveit_core/moveit/robot_state/cartesian_interpolator.h
[0.753s] -- Up-to-date symlink: /home/saber/robox_ws/install/moveit_core/include/moveit_core/moveit/robot_state/cartesian_interpolator.hpp
[0.754s] -- Up-to-date symlink: /home/saber/robox_ws/install/moveit_core/include/moveit_core/moveit/robot_state/conversions.h
[0.754s] -- Up-to-date symlink: /home/saber/robox_ws/install/moveit_core/include/moveit_core/moveit/robot_state/conversions.hpp
[0.754s] -- Up-to-date symlink: /home/saber/robox_ws/install/moveit_core/include/moveit_core/moveit/robot_state/robot_state.h
[0.754s] -- Up-to-date symlink: /home/saber/robox_ws/install/moveit_core/include/moveit_core/moveit/robot_state/robot_state.hpp
[0.754s] -- Up-to-date symlink: /home/saber/robox_ws/install/moveit_core/include/moveit_core/moveit/robot_trajectory/robot_trajectory.h
[0.754s] -- Up-to-date symlink: /home/saber/robox_ws/install/moveit_core/include/moveit_core/moveit/robot_trajectory/robot_trajectory.hpp
[0.755s] -- Up-to-date symlink: /home/saber/robox_ws/install/moveit_core/include/moveit_core/moveit/trajectory_processing/ruckig_traj_smoothing.h
[0.755s] -- Up-to-date symlink: /home/saber/robox_ws/install/moveit_core/include/moveit_core/moveit/trajectory_processing/ruckig_traj_smoothing.hpp
[0.755s] -- Up-to-date symlink: /home/saber/robox_ws/install/moveit_core/include/moveit_core/moveit/trajectory_processing/time_optimal_trajectory_generation.h
[0.755s] -- Up-to-date symlink: /home/saber/robox_ws/install/moveit_core/include/moveit_core/moveit/trajectory_processing/time_optimal_trajectory_generation.hpp
[0.755s] -- Up-to-date symlink: /home/saber/robox_ws/install/moveit_core/include/moveit_core/moveit/trajectory_processing/time_parameterization.h
[0.755s] -- Up-to-date symlink: /home/saber/robox_ws/install/moveit_core/include/moveit_core/moveit/trajectory_processing/time_parameterization.hpp
[0.756s] -- Up-to-date symlink: /home/saber/robox_ws/install/moveit_core/include/moveit_core/moveit/trajectory_processing/trajectory_tools.h
[0.756s] -- Up-to-date symlink: /home/saber/robox_ws/install/moveit_core/include/moveit_core/moveit/trajectory_processing/trajectory_tools.hpp
[0.756s] -- Up-to-date symlink: /home/saber/robox_ws/install/moveit_core/include/moveit_core/moveit/transforms/transforms.h
[0.756s] -- Up-to-date symlink: /home/saber/robox_ws/install/moveit_core/include/moveit_core/moveit/transforms/transforms.hpp
[0.756s] -- Up-to-date symlink: /home/saber/robox_ws/install/moveit_core/include/moveit_core/moveit/utils/eigen_test_utils.h
[0.757s] -- Up-to-date symlink: /home/saber/robox_ws/install/moveit_core/include/moveit_core/moveit/utils/eigen_test_utils.hpp
[0.757s] -- Up-to-date symlink: /home/saber/robox_ws/install/moveit_core/include/moveit_core/moveit/utils/lexical_casts.h
[0.757s] -- Up-to-date symlink: /home/saber/robox_ws/install/moveit_core/include/moveit_core/moveit/utils/lexical_casts.hpp
[0.757s] -- Up-to-date symlink: /home/saber/robox_ws/install/moveit_core/include/moveit_core/moveit/utils/logger.h
[0.757s] -- Up-to-date symlink: /home/saber/robox_ws/install/moveit_core/include/moveit_core/moveit/utils/logger.hpp
[0.757s] -- Up-to-date symlink: /home/saber/robox_ws/install/moveit_core/include/moveit_core/moveit/utils/message_checks.h
[0.757s] -- Up-to-date symlink: /home/saber/robox_ws/install/moveit_core/include/moveit_core/moveit/utils/message_checks.hpp
[0.757s] -- Up-to-date symlink: /home/saber/robox_ws/install/moveit_core/include/moveit_core/moveit/utils/moveit_error_code.h
[0.758s] -- Up-to-date symlink: /home/saber/robox_ws/install/moveit_core/include/moveit_core/moveit/utils/moveit_error_code.hpp
[0.758s] -- Up-to-date symlink: /home/saber/robox_ws/install/moveit_core/include/moveit_core/moveit/utils/rclcpp_utils.h
[0.758s] -- Up-to-date symlink: /home/saber/robox_ws/install/moveit_core/include/moveit_core/moveit/utils/rclcpp_utils.hpp
[0.758s] -- Up-to-date symlink: /home/saber/robox_ws/install/moveit_core/include/moveit_core/moveit/utils/robot_model_test_utils.h
[0.758s] -- Up-to-date symlink: /home/saber/robox_ws/install/moveit_core/include/moveit_core/moveit/utils/robot_model_test_utils.hpp
[0.758s] -- Up-to-date symlink: /home/saber/robox_ws/install/moveit_core/lib/moveit_core/logger_dut
[0.758s] -- Up-to-date symlink: /home/saber/robox_ws/install/moveit_core/include/moveit_core/moveit/version.hpp
[0.759s] -- Up-to-date symlink: /home/saber/robox_ws/install/moveit_core/bin/moveit_version
[0.759s] -- Up-to-date symlink: /home/saber/robox_ws/install/moveit_core/share/moveit_core/environment/library_path.sh
[0.759s] -- Up-to-date symlink: /home/saber/robox_ws/install/moveit_core/share/moveit_core/environment/library_path.dsv
[0.759s] -- Up-to-date symlink: /home/saber/robox_ws/install/moveit_core/share/moveit_core//collision_detector_fcl_description.xml
[0.759s] -- Up-to-date symlink: /home/saber/robox_ws/install/moveit_core/share/moveit_core//collision_detector_bullet_description.xml
[0.759s] -- Up-to-date symlink: /home/saber/robox_ws/install/moveit_core/share/moveit_core//filter_plugin_acceleration.xml
[0.760s] -- Up-to-date symlink: /home/saber/robox_ws/install/moveit_core/share/moveit_core//filter_plugin_butterworth.xml
[0.760s] -- Up-to-date symlink: /home/saber/robox_ws/install/moveit_core/share/moveit_core//filter_plugin_ruckig.xml
[0.760s] -- Up-to-date symlink: /home/saber/robox_ws/install/moveit_core/share/ament_index/resource_index/package_run_dependencies/moveit_core
[0.760s] -- Up-to-date symlink: /home/saber/robox_ws/install/moveit_core/share/ament_index/resource_index/parent_prefix_path/moveit_core
[0.760s] -- Up-to-date symlink: /home/saber/robox_ws/install/moveit_core/share/moveit_core/environment/ament_prefix_path.sh
[0.760s] -- Up-to-date symlink: /home/saber/robox_ws/install/moveit_core/share/moveit_core/environment/ament_prefix_path.dsv
[0.761s] -- Up-to-date symlink: /home/saber/robox_ws/install/moveit_core/share/moveit_core/environment/path.sh
[0.761s] -- Up-to-date symlink: /home/saber/robox_ws/install/moveit_core/share/moveit_core/environment/path.dsv
[0.761s] -- Up-to-date symlink: /home/saber/robox_ws/install/moveit_core/share/moveit_core/local_setup.bash
[0.761s] -- Up-to-date symlink: /home/saber/robox_ws/install/moveit_core/share/moveit_core/local_setup.sh
[0.761s] -- Up-to-date symlink: /home/saber/robox_ws/install/moveit_core/share/moveit_core/local_setup.zsh
[0.761s] -- Up-to-date symlink: /home/saber/robox_ws/install/moveit_core/share/moveit_core/local_setup.dsv
[0.761s] -- Symlinking: /home/saber/robox_ws/install/moveit_core/share/moveit_core/package.dsv
[0.775s] -- Up-to-date symlink: /home/saber/robox_ws/install/moveit_core/share/ament_index/resource_index/packages/moveit_core
[0.775s] -- Up-to-date symlink: /home/saber/robox_ws/install/moveit_core/share/ament_index/resource_index/moveit_core__pluginlib__plugin/moveit_core
[0.775s] -- Up-to-date symlink: /home/saber/robox_ws/install/moveit_core/share/moveit_core/cmake/ConfigExtras.cmake
[0.775s] -- Up-to-date symlink: /home/saber/robox_ws/install/moveit_core/share/moveit_core/cmake/ament_cmake_export_targets-extras.cmake
[0.776s] -- Up-to-date symlink: /home/saber/robox_ws/install/moveit_core/share/moveit_core/cmake/ament_cmake_export_dependencies-extras.cmake
[0.776s] -- Up-to-date symlink: /home/saber/robox_ws/install/moveit_core/share/moveit_core/cmake/moveit_coreConfig.cmake
[0.776s] -- Up-to-date symlink: /home/saber/robox_ws/install/moveit_core/share/moveit_core/cmake/moveit_coreConfig-version.cmake
[0.776s] -- Up-to-date symlink: /home/saber/robox_ws/install/moveit_core/share/moveit_core/package.xml
[0.778s] -- Up-to-date: /home/saber/robox_ws/install/moveit_core/lib/libmoveit_collision_detection.so.2.12.3
[0.779s] -- Up-to-date: /home/saber/robox_ws/install/moveit_core/lib/libmoveit_collision_detection.so
[0.779s] -- Up-to-date: /home/saber/robox_ws/install/moveit_core/lib/libmoveit_collision_detection_bullet.so.2.12.3
[0.779s] -- Up-to-date: /home/saber/robox_ws/install/moveit_core/lib/libmoveit_collision_detection_bullet.so
[0.779s] -- Up-to-date: /home/saber/robox_ws/install/moveit_core/lib/libmoveit_collision_detection_fcl.so.2.12.3
[0.779s] -- Up-to-date: /home/saber/robox_ws/install/moveit_core/lib/libmoveit_collision_detection_fcl.so
[0.779s] -- Up-to-date: /home/saber/robox_ws/install/moveit_core/lib/libmoveit_collision_distance_field.so.2.12.3
[0.780s] -- Up-to-date: /home/saber/robox_ws/install/moveit_core/lib/libmoveit_collision_distance_field.so
[0.780s] -- Up-to-date: /home/saber/robox_ws/install/moveit_core/lib/libmoveit_constraint_samplers.so.2.12.3
[0.780s] -- Up-to-date: /home/saber/robox_ws/install/moveit_core/lib/libmoveit_constraint_samplers.so
[0.780s] -- Up-to-date: /home/saber/robox_ws/install/moveit_core/lib/libmoveit_distance_field.so.2.12.3
[0.780s] -- Up-to-date: /home/saber/robox_ws/install/moveit_core/lib/libmoveit_distance_field.so
[0.780s] -- Up-to-date: /home/saber/robox_ws/install/moveit_core/lib/libmoveit_dynamics_solver.so.2.12.3
[0.781s] -- Up-to-date: /home/saber/robox_ws/install/moveit_core/lib/libmoveit_dynamics_solver.so
[0.781s] -- Up-to-date: /home/saber/robox_ws/install/moveit_core/lib/libmoveit_exceptions.so.2.12.3
[0.781s] -- Up-to-date: /home/saber/robox_ws/install/moveit_core/lib/libmoveit_exceptions.so
[0.781s] -- Up-to-date: /home/saber/robox_ws/install/moveit_core/lib/libmoveit_kinematic_constraints.so.2.12.3
[0.781s] -- Up-to-date: /home/saber/robox_ws/install/moveit_core/lib/libmoveit_kinematic_constraints.so
[0.781s] -- Up-to-date: /home/saber/robox_ws/install/moveit_core/lib/libmoveit_kinematics_base.so
[0.782s] -- Up-to-date: /home/saber/robox_ws/install/moveit_core/lib/libmoveit_kinematics_metrics.so.2.12.3
[0.782s] -- Up-to-date: /home/saber/robox_ws/install/moveit_core/lib/libmoveit_kinematics_metrics.so
[0.782s] -- Up-to-date: /home/saber/robox_ws/install/moveit_core/lib/libmoveit_planning_interface.so.2.12.3
[0.782s] -- Up-to-date: /home/saber/robox_ws/install/moveit_core/lib/libmoveit_planning_interface.so
[0.782s] -- Up-to-date: /home/saber/robox_ws/install/moveit_core/lib/libmoveit_planning_scene.so.2.12.3
[0.782s] -- Up-to-date: /home/saber/robox_ws/install/moveit_core/lib/libmoveit_planning_scene.so
[0.783s] -- Up-to-date: /home/saber/robox_ws/install/moveit_core/lib/libmoveit_robot_model.so.2.12.3
[0.783s] -- Up-to-date: /home/saber/robox_ws/install/moveit_core/lib/libmoveit_robot_model.so
[0.783s] -- Up-to-date: /home/saber/robox_ws/install/moveit_core/lib/libmoveit_robot_state.so.2.12.3
[0.783s] -- Up-to-date: /home/saber/robox_ws/install/moveit_core/lib/libmoveit_robot_state.so
[0.783s] -- Up-to-date: /home/saber/robox_ws/install/moveit_core/lib/libmoveit_robot_trajectory.so.2.12.3
[0.783s] -- Up-to-date: /home/saber/robox_ws/install/moveit_core/lib/libmoveit_robot_trajectory.so
[0.784s] -- Up-to-date: /home/saber/robox_ws/install/moveit_core/lib/libmoveit_smoothing_base.so.2.12.3
[0.784s] -- Up-to-date: /home/saber/robox_ws/install/moveit_core/lib/libmoveit_smoothing_base.so
[0.784s] -- Up-to-date: /home/saber/robox_ws/install/moveit_core/lib/libmoveit_test_utils.so.2.12.3
[0.784s] -- Up-to-date: /home/saber/robox_ws/install/moveit_core/lib/libmoveit_test_utils.so
[0.784s] -- Up-to-date: /home/saber/robox_ws/install/moveit_core/lib/libmoveit_trajectory_processing.so.2.12.3
[0.784s] -- Up-to-date: /home/saber/robox_ws/install/moveit_core/lib/libmoveit_trajectory_processing.so
[0.785s] -- Up-to-date: /home/saber/robox_ws/install/moveit_core/lib/libmoveit_transforms.so.2.12.3
[0.785s] -- Up-to-date: /home/saber/robox_ws/install/moveit_core/lib/libmoveit_transforms.so
[0.785s] -- Up-to-date: /home/saber/robox_ws/install/moveit_core/lib/libmoveit_utils.so.2.12.3
[0.785s] -- Up-to-date: /home/saber/robox_ws/install/moveit_core/lib/libmoveit_utils.so
[0.785s] -- Up-to-date: /home/saber/robox_ws/install/moveit_core/lib/libcollision_detector_bullet_plugin.so.2.12.3
[0.785s] -- Up-to-date: /home/saber/robox_ws/install/moveit_core/lib/libcollision_detector_bullet_plugin.so
[0.786s] -- Up-to-date: /home/saber/robox_ws/install/moveit_core/lib/libcollision_detector_fcl_plugin.so.2.12.3
[0.786s] -- Up-to-date: /home/saber/robox_ws/install/moveit_core/lib/libcollision_detector_fcl_plugin.so
[0.786s] -- Up-to-date: /home/saber/robox_ws/install/moveit_core/lib/libmoveit_acceleration_filter.so.2.12.3
[0.786s] -- Up-to-date: /home/saber/robox_ws/install/moveit_core/lib/libmoveit_acceleration_filter.so
[0.786s] -- Up-to-date: /home/saber/robox_ws/install/moveit_core/lib/libmoveit_butterworth_filter.so.2.12.3
[0.786s] -- Up-to-date: /home/saber/robox_ws/install/moveit_core/lib/libmoveit_butterworth_filter.so
[0.786s] -- Up-to-date: /home/saber/robox_ws/install/moveit_core/lib/libmoveit_ruckig_filter.so.2.12.3
[0.787s] -- Up-to-date: /home/saber/robox_ws/install/moveit_core/lib/libmoveit_ruckig_filter.so
[0.787s] -- Up-to-date: /home/saber/robox_ws/install/moveit_core/share/moveit_core/cmake/moveit_coreTargetsExport.cmake
[0.787s] -- Up-to-date: /home/saber/robox_ws/install/moveit_core/share/moveit_core/cmake/moveit_coreTargetsExport-release.cmake
[0.790s] Invoked command in '/home/saber/robox_ws/build/moveit_core' returned '0': CMAKE_PREFIX_PATH=/home/saber/robox_ws/install/moveit_common:/home/saber/robox_ws/install/robotic_arm_moveit_config:/home/saber/robox_ws/install/pilz_industrial_motion_planner_testutils:/home/saber/robox_ws/install/moveit_runtime:/home/saber/robox_ws/install/moveit:/home/saber/robox_ws/install/moveit_planners:/home/saber/robox_ws/install/pilz_industrial_motion_planner:/home/saber/robox_ws/install/moveit_ros_control_interface:/home/saber/robox_ws/install/moveit_plugins:/home/saber/robox_ws/install/moveit_simple_controller_manager:/home/saber/robox_ws/install/moveit_setup_assistant:/home/saber/robox_ws/install/moveit_setup_srdf_plugins:/home/saber/robox_ws/install/moveit_setup_core_plugins:/home/saber/robox_ws/install/moveit_setup_controllers:/home/saber/robox_ws/install/moveit_setup_app_plugins:/home/saber/robox_ws/install/moveit_setup_framework:/home/saber/robox_ws/install/moveit_servo:/home/saber/robox_ws/install/moveit_ros_trajectory_cache:/home/saber/robox_ws/install/moveit_ros:/home/saber/robox_ws/install/arm_description:/home/saber/robox_ws/install/moveit_ros_visualization:/home/saber/robox_ws/install/moveit_py:/home/saber/robox_ws/install/moveit_hybrid_planning:/home/saber/robox_ws/install/moveit_ros_planning_interface:/home/saber/robox_ws/install/moveit_ros_benchmarks:/home/saber/robox_ws/install/moveit_ros_warehouse:/home/saber/robox_ws/install/moveit_ros_robot_interaction:/home/saber/robox_ws/install/moveit_ros_perception:/home/saber/robox_ws/install/moveit_resources_prbt_pg70_support:/home/saber/robox_ws/install/moveit_resources_prbt_moveit_config:/home/saber/robox_ws/install/moveit_ros_move_group:/home/saber/robox_ws/install/moveit_planners_ompl:/home/saber/robox_ws/install/moveit_kinematics:/home/saber/robox_ws/install/moveit_ros_planning:/home/saber/robox_ws/install/moveit_ros_occupancy_map_monitor:/home/saber/robox_ws/install/moveit_resources_prbt_support:/home/saber/robox_ws/install/moveit_resources_prbt_ikfast_manipulator_plugin:/home/saber/robox_ws/install/moveit_planners_stomp:/home/saber/robox_ws/install/moveit_planners_chomp:/home/saber/robox_ws/install/chomp_motion_planner:/home/saber/robox_ws/install/moveit_core:/home/saber/robox_ws/install/arm_moveit:/home/saber/arduinobot_ws/install/controller:/home/saber/arduinobot_ws/install/arm_description:/home/saber/arduinobot_ws/install/arduinobot_cpp_examples:/opt/ros/jazzy/opt/gz_sim_vendor:/opt/ros/jazzy/opt/gz_sensors_vendor:/opt/ros/jazzy/opt/gz_physics_vendor:/opt/ros/jazzy/opt/sdformat_vendor:/opt/ros/jazzy/opt/gz_gui_vendor:/opt/ros/jazzy/opt/gz_transport_vendor:/opt/ros/jazzy/opt/gz_rendering_vendor:/opt/ros/jazzy/opt/gz_plugin_vendor:/opt/ros/jazzy/opt/gz_fuel_tools_vendor:/opt/ros/jazzy/opt/gz_msgs_vendor:/opt/ros/jazzy/opt/gz_common_vendor:/opt/ros/jazzy/opt/gz_math_vendor:/opt/ros/jazzy/opt/gz_utils_vendor:/opt/ros/jazzy/opt/gz_tools_vendor:/opt/ros/jazzy/opt/gz_ogre_next_vendor:/opt/ros/jazzy/opt/gz_dartsim_vendor:/opt/ros/jazzy/opt/gz_cmake_vendor:/home/saber/robox_ws/install/arduinobot_py_examples:/home/saber/robox_ws/install/moveit_configs_utils:/home/saber/arduinobot_ws/install/arduinobot_py_examples:/opt/ros/jazzy DEBUGINFOD_URLS=https://debuginfod.ubuntu.com /usr/bin/cmake --install /home/saber/robox_ws/build/moveit_core
