[0.031s] Invoking command in '/home/saber/robox_ws/build/moveit_ros_visualization': AMENT_PREFIX_PATH=/home/saber/robox_ws/install/moveit_ros_planning_interface:/home/saber/robox_ws/install/moveit_ros_move_group:/home/saber/robox_ws/install/moveit_ros_warehouse:/home/saber/robox_ws/install/moveit_ros_robot_interaction:/home/saber/robox_ws/install/moveit_kinematics:/home/saber/robox_ws/install/moveit_ros_planning:/home/saber/robox_ws/install/moveit_simple_controller_manager:/home/saber/robox_ws/install/moveit_ros_occupancy_map_monitor:/home/saber/robox_ws/install/moveit_core:/home/saber/robox_ws/install/moveit_configs_utils:/home/saber/robox_ws/install/moveit_common:${AMENT_PREFIX_PATH} CMAKE_PREFIX_PATH=/home/saber/robox_ws/install/moveit_ros_planning_interface:/home/saber/robox_ws/install/moveit_ros_move_group:/home/saber/robox_ws/install/moveit_ros_warehouse:/home/saber/robox_ws/install/moveit_ros_robot_interaction:/home/saber/robox_ws/install/moveit_kinematics:/home/saber/robox_ws/install/moveit_ros_planning:/home/saber/robox_ws/install/moveit_simple_controller_manager:/home/saber/robox_ws/install/moveit_ros_occupancy_map_monitor:/home/saber/robox_ws/install/moveit_core:/home/saber/robox_ws/install/moveit_common:/home/saber/arduinobot_ws/install/controller:/home/saber/arduinobot_ws/install/arm_description:/home/saber/arduinobot_ws/install/arduinobot_cpp_examples:/opt/ros/jazzy/opt/gz_sim_vendor:/opt/ros/jazzy/opt/gz_sensors_vendor:/opt/ros/jazzy/opt/gz_physics_vendor:/opt/ros/jazzy/opt/sdformat_vendor:/opt/ros/jazzy/opt/gz_gui_vendor:/opt/ros/jazzy/opt/gz_transport_vendor:/opt/ros/jazzy/opt/gz_rendering_vendor:/opt/ros/jazzy/opt/gz_plugin_vendor:/opt/ros/jazzy/opt/gz_fuel_tools_vendor:/opt/ros/jazzy/opt/gz_msgs_vendor:/opt/ros/jazzy/opt/gz_common_vendor:/opt/ros/jazzy/opt/gz_math_vendor:/opt/ros/jazzy/opt/gz_utils_vendor:/opt/ros/jazzy/opt/gz_tools_vendor:/opt/ros/jazzy/opt/gz_ogre_next_vendor:/opt/ros/jazzy/opt/gz_dartsim_vendor:/opt/ros/jazzy/opt/gz_cmake_vendor:/home/saber/arduinobot_ws/install/arduinobot_py_examples:/opt/ros/jazzy DEBUGINFOD_URLS=https://debuginfod.ubuntu.com LD_LIBRARY_PATH=/home/saber/robox_ws/install/moveit_ros_planning_interface/lib:/home/saber/robox_ws/install/moveit_ros_move_group/lib:/home/saber/robox_ws/install/moveit_ros_warehouse/lib:/home/saber/robox_ws/install/moveit_ros_robot_interaction/lib:/home/saber/robox_ws/install/moveit_kinematics/lib:/home/saber/robox_ws/install/moveit_ros_planning/lib:/home/saber/robox_ws/install/moveit_simple_controller_manager/lib:/home/saber/robox_ws/install/moveit_ros_occupancy_map_monitor/lib:/home/saber/robox_ws/install/moveit_core/lib:${LD_LIBRARY_PATH} PATH=/home/saber/robox_ws/install/moveit_core/bin:${PATH} PYTHONPATH=/home/saber/robox_ws/install/moveit_configs_utils/lib/python3.12/site-packages:${PYTHONPATH} /usr/bin/cmake /home/saber/robox_ws/src/moveit2/moveit_ros/visualization -DCMAKE_INSTALL_PREFIX=/home/saber/robox_ws/install/moveit_ros_visualization
[0.055s] -- Found moveit_common: 2.12.3 (/home/saber/robox_ws/install/moveit_common/share/moveit_common/cmake)
[0.055s] -- Found ament_cmake: 2.5.4 (/opt/ros/jazzy/share/ament_cmake/cmake)
[0.266s] -- Override CMake install command with custom implementation using symlinks instead of copying resources
[0.347s] [0mmoveit_ros_visualization: You did not request a specific build type: Choosing 'Release' for maximum performance[0m
[0.347s] -- Found class_loader: 2.7.0 (/opt/ros/jazzy/share/class_loader/cmake)
[0.362s] -- Found geometric_shapes: 2.3.2 (/opt/ros/jazzy/share/geometric_shapes/cmake)
[0.367s] -- Found Boost: /usr/lib/x86_64-linux-gnu/cmake/Boost-1.83.0/BoostConfig.cmake (found version "1.83.0") found components: filesystem 
[0.385s] -- Found rosidl_generator_c: 4.6.5 (/opt/ros/jazzy/share/rosidl_generator_c/cmake)
[0.393s] -- Found rosidl_generator_cpp: 4.6.5 (/opt/ros/jazzy/share/rosidl_generator_cpp/cmake)
[0.405s] -- Using all available rosidl_typesupport_c: rosidl_typesupport_fastrtps_c;rosidl_typesupport_introspection_c
[0.415s] -- Using all available rosidl_typesupport_cpp: rosidl_typesupport_fastrtps_cpp;rosidl_typesupport_introspection_cpp
[0.501s] -- Found rmw_implementation_cmake: 7.3.2 (/opt/ros/jazzy/share/rmw_implementation_cmake/cmake)
[0.503s] -- Found rmw_cyclonedds_cpp: 2.2.3 (/opt/ros/jazzy/share/rmw_cyclonedds_cpp/cmake)
[0.524s] -- Using RMW implementation 'rmw_cyclonedds_cpp' as default
[0.645s] -- Found interactive_markers: 2.5.4 (/opt/ros/jazzy/share/interactive_markers/cmake)
[0.653s] -- Found moveit_ros_planning: 2.12.3 (/home/saber/robox_ws/install/moveit_ros_planning/share/moveit_ros_planning/cmake)
[0.662s] -- Found Boost: /usr/lib/x86_64-linux-gnu/cmake/Boost-1.83.0/BoostConfig.cmake (found version "1.83.0") found components: system filesystem date_time program_options thread chrono 
[0.666s] -- Found parameter_traits: 0.4.0 (/opt/ros/jazzy/share/parameter_traits/cmake)
[0.672s] -- Found rclcpp_lifecycle: 28.1.9 (/opt/ros/jazzy/share/rclcpp_lifecycle/cmake)
[0.709s] -- Found Boost: /usr/lib/x86_64-linux-gnu/cmake/Boost-1.83.0/BoostConfig.cmake (found version "1.83.0") found components: chrono date_time filesystem iostreams program_options regex serialization system thread 
[0.741s] -- Ensuring Eigen3 include directory is part of orocos-kdl CMake target
[0.919s] -- Found TinyXML2 via Config file: /usr/lib/x86_64-linux-gnu/cmake/tinyxml2
[1.050s] -- Found moveit_ros_planning_interface: 2.12.3 (/home/saber/robox_ws/install/moveit_ros_planning_interface/share/moveit_ros_planning_interface/cmake)
[1.055s] -- Found Boost: /usr/lib/x86_64-linux-gnu/cmake/Boost-1.83.0/BoostConfig.cmake (found version "1.83.0") found components: date_time filesystem program_options system thread 
[1.069s] -- Found Boost: /usr/lib/x86_64-linux-gnu/cmake/Boost-1.83.0/BoostConfig.cmake (found version "1.83.0") found components: thread system filesystem regex date_time program_options 
[1.099s] -- Found Boost: /usr/lib/x86_64-linux-gnu/cmake/Boost-1.83.0/BoostConfig.cmake (found version "1.83.0") found components: system filesystem date_time program_options thread 
[1.134s] -- Found moveit_ros_robot_interaction: 2.12.3 (/home/saber/robox_ws/install/moveit_ros_robot_interaction/share/moveit_ros_robot_interaction/cmake)
[1.143s] -- Found rclpy: 7.1.4 (/opt/ros/jazzy/share/rclpy/cmake)
[1.144s] -- Found rviz2: 14.1.11 (/opt/ros/jazzy/share/rviz2/cmake)
[1.146s] -- Found rviz_common: 14.1.11 (/opt/ros/jazzy/share/rviz_common/cmake)
[1.168s] -- Setting OGRE_DIR to: '/opt/ros/jazzy/share/rviz_ogre_vendor/cmake/../../../opt/rviz_ogre_vendor/lib/OGRE/cmake'
[1.170s] -- Found OGRE
[1.170s] --   static     : OFF
[1.170s] --   components : MeshLodGenerator;Overlay;Paging;Property;RTShaderSystem;Terrain;Volume
[1.170s] --   plugins    : Plugin_BSPSceneManager;Plugin_OctreeSceneManager;Plugin_PCZSceneManager;Plugin_ParticleFX;RenderSystem_GL;RenderSystem_GL3Plus;Codec_STBI
[1.170s] --   media      : /opt/ros/jazzy/opt/rviz_ogre_vendor/share/OGRE/Media
[1.170s] -- OGRE_LIBRARIES: OgreMeshLodGenerator;OgreOverlay;OgrePaging;OgreProperty;OgreRTShaderSystem;OgreTerrain;OgreVolume;OgreMain
[1.170s] -- OGRE_LIBRARY_DIRS: /opt/ros/jazzy/opt/rviz_ogre_vendor/lib
[1.170s] -- OGRE_PLUGINS: Plugin_BSPSceneManager;Plugin_OctreeSceneManager;Plugin_PCZSceneManager;Plugin_ParticleFX;RenderSystem_GL;RenderSystem_GL3Plus;Codec_STBI
[1.170s] -- OGRE_PLUGIN_DIR: /opt/ros/jazzy/opt/rviz_ogre_vendor/lib/OGRE
[1.170s] -- rviz_ogre_vendor::OgreOverlay for IMPORTED_LOCATION_RELEASE: /opt/ros/jazzy/opt/rviz_ogre_vendor/lib/libOgreOverlay.so
[1.171s] -- rviz_ogre_vendor::OgreOverlay for IMPORTED_LOCATION_DEBUG: /opt/ros/jazzy/opt/rviz_ogre_vendor/lib/libOgreOverlay.so
[1.171s] -- rviz_ogre_vendor::OgreMain for IMPORTED_LOCATION_RELEASE: /opt/ros/jazzy/opt/rviz_ogre_vendor/lib/libOgreMain.so
[1.171s] -- rviz_ogre_vendor::OgreMain for IMPORTED_LOCATION_DEBUG: /opt/ros/jazzy/opt/rviz_ogre_vendor/lib/libOgreMain.so
[1.315s] -- Setting yaml-cpp_DIR to: '/opt/ros/jazzy/share/yaml_cpp_vendor/cmake/../../../opt/yaml_cpp_vendor/share/cmake/yaml-cpp'
[1.326s] -- Found rviz_default_plugins: 14.1.11 (/opt/ros/jazzy/share/rviz_default_plugins/cmake)
[1.450s] -- Found Boost: /usr/lib/x86_64-linux-gnu/cmake/Boost-1.83.0/BoostConfig.cmake (found version "1.83.0") found components: thread date_time system filesystem 
[1.557s] -- Configuring done (1.5s)
[1.977s] -- Generating done (0.3s)
[2.015s] -- Build files have been written to: /home/saber/robox_ws/build/moveit_ros_visualization
[2.048s] Invoked command in '/home/saber/robox_ws/build/moveit_ros_visualization' returned '0': AMENT_PREFIX_PATH=/home/saber/robox_ws/install/moveit_ros_planning_interface:/home/saber/robox_ws/install/moveit_ros_move_group:/home/saber/robox_ws/install/moveit_ros_warehouse:/home/saber/robox_ws/install/moveit_ros_robot_interaction:/home/saber/robox_ws/install/moveit_kinematics:/home/saber/robox_ws/install/moveit_ros_planning:/home/saber/robox_ws/install/moveit_simple_controller_manager:/home/saber/robox_ws/install/moveit_ros_occupancy_map_monitor:/home/saber/robox_ws/install/moveit_core:/home/saber/robox_ws/install/moveit_configs_utils:/home/saber/robox_ws/install/moveit_common:${AMENT_PREFIX_PATH} CMAKE_PREFIX_PATH=/home/saber/robox_ws/install/moveit_ros_planning_interface:/home/saber/robox_ws/install/moveit_ros_move_group:/home/saber/robox_ws/install/moveit_ros_warehouse:/home/saber/robox_ws/install/moveit_ros_robot_interaction:/home/saber/robox_ws/install/moveit_kinematics:/home/saber/robox_ws/install/moveit_ros_planning:/home/saber/robox_ws/install/moveit_simple_controller_manager:/home/saber/robox_ws/install/moveit_ros_occupancy_map_monitor:/home/saber/robox_ws/install/moveit_core:/home/saber/robox_ws/install/moveit_common:/home/saber/arduinobot_ws/install/controller:/home/saber/arduinobot_ws/install/arm_description:/home/saber/arduinobot_ws/install/arduinobot_cpp_examples:/opt/ros/jazzy/opt/gz_sim_vendor:/opt/ros/jazzy/opt/gz_sensors_vendor:/opt/ros/jazzy/opt/gz_physics_vendor:/opt/ros/jazzy/opt/sdformat_vendor:/opt/ros/jazzy/opt/gz_gui_vendor:/opt/ros/jazzy/opt/gz_transport_vendor:/opt/ros/jazzy/opt/gz_rendering_vendor:/opt/ros/jazzy/opt/gz_plugin_vendor:/opt/ros/jazzy/opt/gz_fuel_tools_vendor:/opt/ros/jazzy/opt/gz_msgs_vendor:/opt/ros/jazzy/opt/gz_common_vendor:/opt/ros/jazzy/opt/gz_math_vendor:/opt/ros/jazzy/opt/gz_utils_vendor:/opt/ros/jazzy/opt/gz_tools_vendor:/opt/ros/jazzy/opt/gz_ogre_next_vendor:/opt/ros/jazzy/opt/gz_dartsim_vendor:/opt/ros/jazzy/opt/gz_cmake_vendor:/home/saber/arduinobot_ws/install/arduinobot_py_examples:/opt/ros/jazzy DEBUGINFOD_URLS=https://debuginfod.ubuntu.com LD_LIBRARY_PATH=/home/saber/robox_ws/install/moveit_ros_planning_interface/lib:/home/saber/robox_ws/install/moveit_ros_move_group/lib:/home/saber/robox_ws/install/moveit_ros_warehouse/lib:/home/saber/robox_ws/install/moveit_ros_robot_interaction/lib:/home/saber/robox_ws/install/moveit_kinematics/lib:/home/saber/robox_ws/install/moveit_ros_planning/lib:/home/saber/robox_ws/install/moveit_simple_controller_manager/lib:/home/saber/robox_ws/install/moveit_ros_occupancy_map_monitor/lib:/home/saber/robox_ws/install/moveit_core/lib:${LD_LIBRARY_PATH} PATH=/home/saber/robox_ws/install/moveit_core/bin:${PATH} PYTHONPATH=/home/saber/robox_ws/install/moveit_configs_utils/lib/python3.12/site-packages:${PYTHONPATH} /usr/bin/cmake /home/saber/robox_ws/src/moveit2/moveit_ros/visualization -DCMAKE_INSTALL_PREFIX=/home/saber/robox_ws/install/moveit_ros_visualization
[2.049s] Invoking command in '/home/saber/robox_ws/build/moveit_ros_visualization': AMENT_PREFIX_PATH=/home/saber/robox_ws/install/moveit_ros_planning_interface:/home/saber/robox_ws/install/moveit_ros_move_group:/home/saber/robox_ws/install/moveit_ros_warehouse:/home/saber/robox_ws/install/moveit_ros_robot_interaction:/home/saber/robox_ws/install/moveit_kinematics:/home/saber/robox_ws/install/moveit_ros_planning:/home/saber/robox_ws/install/moveit_simple_controller_manager:/home/saber/robox_ws/install/moveit_ros_occupancy_map_monitor:/home/saber/robox_ws/install/moveit_core:/home/saber/robox_ws/install/moveit_configs_utils:/home/saber/robox_ws/install/moveit_common:${AMENT_PREFIX_PATH} CMAKE_PREFIX_PATH=/home/saber/robox_ws/install/moveit_ros_planning_interface:/home/saber/robox_ws/install/moveit_ros_move_group:/home/saber/robox_ws/install/moveit_ros_warehouse:/home/saber/robox_ws/install/moveit_ros_robot_interaction:/home/saber/robox_ws/install/moveit_kinematics:/home/saber/robox_ws/install/moveit_ros_planning:/home/saber/robox_ws/install/moveit_simple_controller_manager:/home/saber/robox_ws/install/moveit_ros_occupancy_map_monitor:/home/saber/robox_ws/install/moveit_core:/home/saber/robox_ws/install/moveit_common:/home/saber/arduinobot_ws/install/controller:/home/saber/arduinobot_ws/install/arm_description:/home/saber/arduinobot_ws/install/arduinobot_cpp_examples:/opt/ros/jazzy/opt/gz_sim_vendor:/opt/ros/jazzy/opt/gz_sensors_vendor:/opt/ros/jazzy/opt/gz_physics_vendor:/opt/ros/jazzy/opt/sdformat_vendor:/opt/ros/jazzy/opt/gz_gui_vendor:/opt/ros/jazzy/opt/gz_transport_vendor:/opt/ros/jazzy/opt/gz_rendering_vendor:/opt/ros/jazzy/opt/gz_plugin_vendor:/opt/ros/jazzy/opt/gz_fuel_tools_vendor:/opt/ros/jazzy/opt/gz_msgs_vendor:/opt/ros/jazzy/opt/gz_common_vendor:/opt/ros/jazzy/opt/gz_math_vendor:/opt/ros/jazzy/opt/gz_utils_vendor:/opt/ros/jazzy/opt/gz_tools_vendor:/opt/ros/jazzy/opt/gz_ogre_next_vendor:/opt/ros/jazzy/opt/gz_dartsim_vendor:/opt/ros/jazzy/opt/gz_cmake_vendor:/home/saber/arduinobot_ws/install/arduinobot_py_examples:/opt/ros/jazzy DEBUGINFOD_URLS=https://debuginfod.ubuntu.com LD_LIBRARY_PATH=/home/saber/robox_ws/install/moveit_ros_planning_interface/lib:/home/saber/robox_ws/install/moveit_ros_move_group/lib:/home/saber/robox_ws/install/moveit_ros_warehouse/lib:/home/saber/robox_ws/install/moveit_ros_robot_interaction/lib:/home/saber/robox_ws/install/moveit_kinematics/lib:/home/saber/robox_ws/install/moveit_ros_planning/lib:/home/saber/robox_ws/install/moveit_simple_controller_manager/lib:/home/saber/robox_ws/install/moveit_ros_occupancy_map_monitor/lib:/home/saber/robox_ws/install/moveit_core/lib:${LD_LIBRARY_PATH} PATH=/home/saber/robox_ws/install/moveit_core/bin:${PATH} PYTHONPATH=/home/saber/robox_ws/install/moveit_configs_utils/lib/python3.12/site-packages:${PYTHONPATH} /usr/bin/cmake --build /home/saber/robox_ws/build/moveit_ros_visualization -- -j16 -l16
[2.121s] [  0%] Built target moveit_rviz_plugin_render_tools_autogen_timestamp_deps
[2.160s] [  1%] Built target moveit_rviz_plugin_render_tools_autogen
[2.247s] [ 18%] Built target moveit_rviz_plugin_render_tools
[2.272s] [ 18%] Built target moveit_planning_scene_rviz_plugin_core_autogen_timestamp_deps
[2.272s] [ 18%] Built target moveit_robot_state_rviz_plugin_core_autogen_timestamp_deps
[2.316s] [ 20%] Built target moveit_robot_state_rviz_plugin_core_autogen
[2.320s] [ 22%] Built target moveit_planning_scene_rviz_plugin_core_autogen
[2.369s] [ 27%] Built target moveit_robot_state_rviz_plugin_core
[2.386s] [ 34%] Built target moveit_planning_scene_rviz_plugin_core
[2.398s] [ 34%] Built target moveit_robot_state_rviz_plugin_autogen_timestamp_deps
[2.414s] [ 34%] Built target moveit_trajectory_rviz_plugin_core_autogen_timestamp_deps
[2.414s] [ 34%] Built target moveit_planning_scene_rviz_plugin_autogen_timestamp_deps
[2.428s] [ 36%] Built target moveit_robot_state_rviz_plugin_autogen
[2.441s] [ 37%] Built target moveit_planning_scene_rviz_plugin_autogen
[2.450s] [ 39%] Built target moveit_trajectory_rviz_plugin_core_autogen
[2.471s] [ 44%] Built target moveit_robot_state_rviz_plugin
[2.493s] [ 50%] Built target moveit_planning_scene_rviz_plugin
[2.517s] [ 55%] Built target moveit_trajectory_rviz_plugin_core
[2.526s] [ 55%] Built target moveit_motion_planning_rviz_plugin_core_autogen_timestamp_deps
[2.539s] [ 55%] Built target moveit_trajectory_rviz_plugin_autogen_timestamp_deps
[2.565s] [ 56%] Built target moveit_trajectory_rviz_plugin_autogen
[2.567s] [ 58%] Built target moveit_motion_planning_rviz_plugin_core_autogen
[2.608s] [ 63%] Built target moveit_trajectory_rviz_plugin
[2.742s] [ 93%] Built target moveit_motion_planning_rviz_plugin_core
[2.767s] [ 93%] Built target moveit_motion_planning_rviz_plugin_autogen_timestamp_deps
[2.803s] [ 94%] Built target moveit_motion_planning_rviz_plugin_autogen
[2.853s] [100%] Built target moveit_motion_planning_rviz_plugin
[2.867s] Invoked command in '/home/saber/robox_ws/build/moveit_ros_visualization' returned '0': AMENT_PREFIX_PATH=/home/saber/robox_ws/install/moveit_ros_planning_interface:/home/saber/robox_ws/install/moveit_ros_move_group:/home/saber/robox_ws/install/moveit_ros_warehouse:/home/saber/robox_ws/install/moveit_ros_robot_interaction:/home/saber/robox_ws/install/moveit_kinematics:/home/saber/robox_ws/install/moveit_ros_planning:/home/saber/robox_ws/install/moveit_simple_controller_manager:/home/saber/robox_ws/install/moveit_ros_occupancy_map_monitor:/home/saber/robox_ws/install/moveit_core:/home/saber/robox_ws/install/moveit_configs_utils:/home/saber/robox_ws/install/moveit_common:${AMENT_PREFIX_PATH} CMAKE_PREFIX_PATH=/home/saber/robox_ws/install/moveit_ros_planning_interface:/home/saber/robox_ws/install/moveit_ros_move_group:/home/saber/robox_ws/install/moveit_ros_warehouse:/home/saber/robox_ws/install/moveit_ros_robot_interaction:/home/saber/robox_ws/install/moveit_kinematics:/home/saber/robox_ws/install/moveit_ros_planning:/home/saber/robox_ws/install/moveit_simple_controller_manager:/home/saber/robox_ws/install/moveit_ros_occupancy_map_monitor:/home/saber/robox_ws/install/moveit_core:/home/saber/robox_ws/install/moveit_common:/home/saber/arduinobot_ws/install/controller:/home/saber/arduinobot_ws/install/arm_description:/home/saber/arduinobot_ws/install/arduinobot_cpp_examples:/opt/ros/jazzy/opt/gz_sim_vendor:/opt/ros/jazzy/opt/gz_sensors_vendor:/opt/ros/jazzy/opt/gz_physics_vendor:/opt/ros/jazzy/opt/sdformat_vendor:/opt/ros/jazzy/opt/gz_gui_vendor:/opt/ros/jazzy/opt/gz_transport_vendor:/opt/ros/jazzy/opt/gz_rendering_vendor:/opt/ros/jazzy/opt/gz_plugin_vendor:/opt/ros/jazzy/opt/gz_fuel_tools_vendor:/opt/ros/jazzy/opt/gz_msgs_vendor:/opt/ros/jazzy/opt/gz_common_vendor:/opt/ros/jazzy/opt/gz_math_vendor:/opt/ros/jazzy/opt/gz_utils_vendor:/opt/ros/jazzy/opt/gz_tools_vendor:/opt/ros/jazzy/opt/gz_ogre_next_vendor:/opt/ros/jazzy/opt/gz_dartsim_vendor:/opt/ros/jazzy/opt/gz_cmake_vendor:/home/saber/arduinobot_ws/install/arduinobot_py_examples:/opt/ros/jazzy DEBUGINFOD_URLS=https://debuginfod.ubuntu.com LD_LIBRARY_PATH=/home/saber/robox_ws/install/moveit_ros_planning_interface/lib:/home/saber/robox_ws/install/moveit_ros_move_group/lib:/home/saber/robox_ws/install/moveit_ros_warehouse/lib:/home/saber/robox_ws/install/moveit_ros_robot_interaction/lib:/home/saber/robox_ws/install/moveit_kinematics/lib:/home/saber/robox_ws/install/moveit_ros_planning/lib:/home/saber/robox_ws/install/moveit_simple_controller_manager/lib:/home/saber/robox_ws/install/moveit_ros_occupancy_map_monitor/lib:/home/saber/robox_ws/install/moveit_core/lib:${LD_LIBRARY_PATH} PATH=/home/saber/robox_ws/install/moveit_core/bin:${PATH} PYTHONPATH=/home/saber/robox_ws/install/moveit_configs_utils/lib/python3.12/site-packages:${PYTHONPATH} /usr/bin/cmake --build /home/saber/robox_ws/build/moveit_ros_visualization -- -j16 -l16
[2.868s] Invoking command in '/home/saber/robox_ws/build/moveit_ros_visualization': AMENT_PREFIX_PATH=/home/saber/robox_ws/install/moveit_ros_planning_interface:/home/saber/robox_ws/install/moveit_ros_move_group:/home/saber/robox_ws/install/moveit_ros_warehouse:/home/saber/robox_ws/install/moveit_ros_robot_interaction:/home/saber/robox_ws/install/moveit_kinematics:/home/saber/robox_ws/install/moveit_ros_planning:/home/saber/robox_ws/install/moveit_simple_controller_manager:/home/saber/robox_ws/install/moveit_ros_occupancy_map_monitor:/home/saber/robox_ws/install/moveit_core:/home/saber/robox_ws/install/moveit_configs_utils:/home/saber/robox_ws/install/moveit_common:${AMENT_PREFIX_PATH} CMAKE_PREFIX_PATH=/home/saber/robox_ws/install/moveit_ros_planning_interface:/home/saber/robox_ws/install/moveit_ros_move_group:/home/saber/robox_ws/install/moveit_ros_warehouse:/home/saber/robox_ws/install/moveit_ros_robot_interaction:/home/saber/robox_ws/install/moveit_kinematics:/home/saber/robox_ws/install/moveit_ros_planning:/home/saber/robox_ws/install/moveit_simple_controller_manager:/home/saber/robox_ws/install/moveit_ros_occupancy_map_monitor:/home/saber/robox_ws/install/moveit_core:/home/saber/robox_ws/install/moveit_common:/home/saber/arduinobot_ws/install/controller:/home/saber/arduinobot_ws/install/arm_description:/home/saber/arduinobot_ws/install/arduinobot_cpp_examples:/opt/ros/jazzy/opt/gz_sim_vendor:/opt/ros/jazzy/opt/gz_sensors_vendor:/opt/ros/jazzy/opt/gz_physics_vendor:/opt/ros/jazzy/opt/sdformat_vendor:/opt/ros/jazzy/opt/gz_gui_vendor:/opt/ros/jazzy/opt/gz_transport_vendor:/opt/ros/jazzy/opt/gz_rendering_vendor:/opt/ros/jazzy/opt/gz_plugin_vendor:/opt/ros/jazzy/opt/gz_fuel_tools_vendor:/opt/ros/jazzy/opt/gz_msgs_vendor:/opt/ros/jazzy/opt/gz_common_vendor:/opt/ros/jazzy/opt/gz_math_vendor:/opt/ros/jazzy/opt/gz_utils_vendor:/opt/ros/jazzy/opt/gz_tools_vendor:/opt/ros/jazzy/opt/gz_ogre_next_vendor:/opt/ros/jazzy/opt/gz_dartsim_vendor:/opt/ros/jazzy/opt/gz_cmake_vendor:/home/saber/arduinobot_ws/install/arduinobot_py_examples:/opt/ros/jazzy DEBUGINFOD_URLS=https://debuginfod.ubuntu.com LD_LIBRARY_PATH=/home/saber/robox_ws/install/moveit_ros_planning_interface/lib:/home/saber/robox_ws/install/moveit_ros_move_group/lib:/home/saber/robox_ws/install/moveit_ros_warehouse/lib:/home/saber/robox_ws/install/moveit_ros_robot_interaction/lib:/home/saber/robox_ws/install/moveit_kinematics/lib:/home/saber/robox_ws/install/moveit_ros_planning/lib:/home/saber/robox_ws/install/moveit_simple_controller_manager/lib:/home/saber/robox_ws/install/moveit_ros_occupancy_map_monitor/lib:/home/saber/robox_ws/install/moveit_core/lib:${LD_LIBRARY_PATH} PATH=/home/saber/robox_ws/install/moveit_core/bin:${PATH} PYTHONPATH=/home/saber/robox_ws/install/moveit_configs_utils/lib/python3.12/site-packages:${PYTHONPATH} /usr/bin/cmake --install /home/saber/robox_ws/build/moveit_ros_visualization
[2.877s] -- Install configuration: "Release"
[2.877s] -- Execute custom install script
[2.878s] -- Up-to-date symlink: /home/saber/robox_ws/install/moveit_ros_visualization/include/moveit_ros_visualization/moveit/rviz_plugin_render_tools/octomap_render.h
[2.879s] -- Up-to-date symlink: /home/saber/robox_ws/install/moveit_ros_visualization/include/moveit_ros_visualization/moveit/rviz_plugin_render_tools/octomap_render.hpp
[2.879s] -- Up-to-date symlink: /home/saber/robox_ws/install/moveit_ros_visualization/include/moveit_ros_visualization/moveit/rviz_plugin_render_tools/planning_link_updater.h
[2.879s] -- Up-to-date symlink: /home/saber/robox_ws/install/moveit_ros_visualization/include/moveit_ros_visualization/moveit/rviz_plugin_render_tools/planning_link_updater.hpp
[2.879s] -- Up-to-date symlink: /home/saber/robox_ws/install/moveit_ros_visualization/include/moveit_ros_visualization/moveit/rviz_plugin_render_tools/planning_scene_render.h
[2.879s] -- Up-to-date symlink: /home/saber/robox_ws/install/moveit_ros_visualization/include/moveit_ros_visualization/moveit/rviz_plugin_render_tools/planning_scene_render.hpp
[2.907s] -- Up-to-date symlink: /home/saber/robox_ws/install/moveit_ros_visualization/include/moveit_ros_visualization/moveit/rviz_plugin_render_tools/render_shapes.h
[2.908s] -- Up-to-date symlink: /home/saber/robox_ws/install/moveit_ros_visualization/include/moveit_ros_visualization/moveit/rviz_plugin_render_tools/render_shapes.hpp
[2.908s] -- Up-to-date symlink: /home/saber/robox_ws/install/moveit_ros_visualization/include/moveit_ros_visualization/moveit/rviz_plugin_render_tools/robot_state_visualization.h
[2.908s] -- Up-to-date symlink: /home/saber/robox_ws/install/moveit_ros_visualization/include/moveit_ros_visualization/moveit/rviz_plugin_render_tools/robot_state_visualization.hpp
[2.908s] -- Up-to-date symlink: /home/saber/robox_ws/install/moveit_ros_visualization/include/moveit_ros_visualization/moveit/rviz_plugin_render_tools/trajectory_panel.h
[2.909s] -- Up-to-date symlink: /home/saber/robox_ws/install/moveit_ros_visualization/include/moveit_ros_visualization/moveit/rviz_plugin_render_tools/trajectory_panel.hpp
[2.909s] -- Up-to-date symlink: /home/saber/robox_ws/install/moveit_ros_visualization/include/moveit_ros_visualization/moveit/rviz_plugin_render_tools/trajectory_visualization.h
[2.909s] -- Up-to-date symlink: /home/saber/robox_ws/install/moveit_ros_visualization/include/moveit_ros_visualization/moveit/rviz_plugin_render_tools/trajectory_visualization.hpp
[2.910s] -- Up-to-date symlink: /home/saber/robox_ws/install/moveit_ros_visualization/include/moveit_ros_visualization/ogre_helpers/mesh_shape.h
[2.910s] -- Up-to-date symlink: /home/saber/robox_ws/install/moveit_ros_visualization/include/moveit_ros_visualization/ogre_helpers/mesh_shape.hpp
[2.911s] -- Up-to-date symlink: /home/saber/robox_ws/install/moveit_ros_visualization/include/moveit_ros_visualization/moveit/robot_state_rviz_plugin/robot_state_display.h
[2.911s] -- Up-to-date symlink: /home/saber/robox_ws/install/moveit_ros_visualization/include/moveit_ros_visualization/moveit/robot_state_rviz_plugin/robot_state_display.hpp
[2.912s] -- Up-to-date symlink: /home/saber/robox_ws/install/moveit_ros_visualization/include/moveit_ros_visualization/moveit/planning_scene_rviz_plugin/background_processing.h
[2.912s] -- Up-to-date symlink: /home/saber/robox_ws/install/moveit_ros_visualization/include/moveit_ros_visualization/moveit/planning_scene_rviz_plugin/background_processing.hpp
[2.912s] -- Up-to-date symlink: /home/saber/robox_ws/install/moveit_ros_visualization/include/moveit_ros_visualization/moveit/planning_scene_rviz_plugin/planning_scene_display.h
[2.912s] -- Up-to-date symlink: /home/saber/robox_ws/install/moveit_ros_visualization/include/moveit_ros_visualization/moveit/planning_scene_rviz_plugin/planning_scene_display.hpp
[2.913s] -- Up-to-date symlink: /home/saber/robox_ws/install/moveit_ros_visualization/include/moveit_ros_visualization/moveit_planning_scene_rviz_plugin_core_export.h
[2.913s] -- Up-to-date symlink: /home/saber/robox_ws/install/moveit_ros_visualization/include/moveit_ros_visualization/moveit/motion_planning_rviz_plugin/interactive_marker_display.h
[2.914s] -- Up-to-date symlink: /home/saber/robox_ws/install/moveit_ros_visualization/include/moveit_ros_visualization/moveit/motion_planning_rviz_plugin/interactive_marker_display.hpp
[2.914s] -- Up-to-date symlink: /home/saber/robox_ws/install/moveit_ros_visualization/include/moveit_ros_visualization/moveit/motion_planning_rviz_plugin/motion_planning_display.h
[2.914s] -- Up-to-date symlink: /home/saber/robox_ws/install/moveit_ros_visualization/include/moveit_ros_visualization/moveit/motion_planning_rviz_plugin/motion_planning_display.hpp
[2.914s] -- Up-to-date symlink: /home/saber/robox_ws/install/moveit_ros_visualization/include/moveit_ros_visualization/moveit/motion_planning_rviz_plugin/motion_planning_frame.h
[2.915s] -- Up-to-date symlink: /home/saber/robox_ws/install/moveit_ros_visualization/include/moveit_ros_visualization/moveit/motion_planning_rviz_plugin/motion_planning_frame.hpp
[2.915s] -- Up-to-date symlink: /home/saber/robox_ws/install/moveit_ros_visualization/include/moveit_ros_visualization/moveit/motion_planning_rviz_plugin/motion_planning_frame_joints_widget.h
[2.915s] -- Up-to-date symlink: /home/saber/robox_ws/install/moveit_ros_visualization/include/moveit_ros_visualization/moveit/motion_planning_rviz_plugin/motion_planning_frame_joints_widget.hpp
[2.915s] -- Up-to-date symlink: /home/saber/robox_ws/install/moveit_ros_visualization/include/moveit_ros_visualization/moveit/motion_planning_rviz_plugin/motion_planning_param_widget.h
[2.916s] -- Up-to-date symlink: /home/saber/robox_ws/install/moveit_ros_visualization/include/moveit_ros_visualization/moveit/motion_planning_rviz_plugin/motion_planning_param_widget.hpp
[2.916s] -- Up-to-date symlink: /home/saber/robox_ws/install/moveit_ros_visualization/include/moveit_ros_visualization/moveit/trajectory_rviz_plugin/trajectory_display.h
[2.916s] -- Up-to-date symlink: /home/saber/robox_ws/install/moveit_ros_visualization/include/moveit_ros_visualization/moveit/trajectory_rviz_plugin/trajectory_display.hpp
[2.917s] -- Up-to-date symlink: /home/saber/robox_ws/install/moveit_ros_visualization/share/moveit_ros_visualization/icons/classes/MotionPlanning.png
[2.918s] -- Up-to-date symlink: /home/saber/robox_ws/install/moveit_ros_visualization/share/moveit_ros_visualization/icons/classes/PlanningScene.png
[2.919s] -- Up-to-date symlink: /home/saber/robox_ws/install/moveit_ros_visualization/share/moveit_ros_visualization/icons/classes/RobotState.png
[2.919s] -- Up-to-date symlink: /home/saber/robox_ws/install/moveit_ros_visualization/share/moveit_ros_visualization/icons/classes/Trajectory.png
[2.920s] -- Up-to-date symlink: /home/saber/robox_ws/install/moveit_ros_visualization/share/moveit_ros_visualization//motion_planning_rviz_plugin_description.xml
[2.920s] -- Up-to-date symlink: /home/saber/robox_ws/install/moveit_ros_visualization/share/moveit_ros_visualization//trajectory_rviz_plugin_description.xml
[2.921s] -- Up-to-date symlink: /home/saber/robox_ws/install/moveit_ros_visualization/share/moveit_ros_visualization//planning_scene_rviz_plugin_description.xml
[2.921s] -- Up-to-date symlink: /home/saber/robox_ws/install/moveit_ros_visualization/share/moveit_ros_visualization//robot_state_rviz_plugin_description.xml
[2.922s] -- Up-to-date symlink: /home/saber/robox_ws/install/moveit_ros_visualization/share/moveit_ros_visualization/environment/library_path.sh
[2.922s] -- Up-to-date symlink: /home/saber/robox_ws/install/moveit_ros_visualization/share/moveit_ros_visualization/environment/library_path.dsv
[2.923s] -- Up-to-date symlink: /home/saber/robox_ws/install/moveit_ros_visualization/share/ament_index/resource_index/package_run_dependencies/moveit_ros_visualization
[2.923s] -- Up-to-date symlink: /home/saber/robox_ws/install/moveit_ros_visualization/share/ament_index/resource_index/parent_prefix_path/moveit_ros_visualization
[2.923s] -- Up-to-date symlink: /home/saber/robox_ws/install/moveit_ros_visualization/share/moveit_ros_visualization/environment/ament_prefix_path.sh
[2.924s] -- Up-to-date symlink: /home/saber/robox_ws/install/moveit_ros_visualization/share/moveit_ros_visualization/environment/ament_prefix_path.dsv
[2.924s] -- Up-to-date symlink: /home/saber/robox_ws/install/moveit_ros_visualization/share/moveit_ros_visualization/environment/path.sh
[2.924s] -- Up-to-date symlink: /home/saber/robox_ws/install/moveit_ros_visualization/share/moveit_ros_visualization/environment/path.dsv
[2.924s] -- Up-to-date symlink: /home/saber/robox_ws/install/moveit_ros_visualization/share/moveit_ros_visualization/local_setup.bash
[2.925s] -- Up-to-date symlink: /home/saber/robox_ws/install/moveit_ros_visualization/share/moveit_ros_visualization/local_setup.sh
[2.925s] -- Up-to-date symlink: /home/saber/robox_ws/install/moveit_ros_visualization/share/moveit_ros_visualization/local_setup.zsh
[2.925s] -- Up-to-date symlink: /home/saber/robox_ws/install/moveit_ros_visualization/share/moveit_ros_visualization/local_setup.dsv
[2.925s] -- Symlinking: /home/saber/robox_ws/install/moveit_ros_visualization/share/moveit_ros_visualization/package.dsv
[2.937s] -- Up-to-date symlink: /home/saber/robox_ws/install/moveit_ros_visualization/share/ament_index/resource_index/packages/moveit_ros_visualization
[2.937s] -- Up-to-date symlink: /home/saber/robox_ws/install/moveit_ros_visualization/share/ament_index/resource_index/rviz_common__pluginlib__plugin/moveit_ros_visualization
[2.937s] -- Up-to-date symlink: /home/saber/robox_ws/install/moveit_ros_visualization/share/moveit_ros_visualization/cmake/ConfigExtras.cmake
[2.938s] -- Up-to-date symlink: /home/saber/robox_ws/install/moveit_ros_visualization/share/moveit_ros_visualization/cmake/ament_cmake_export_targets-extras.cmake
[2.938s] -- Up-to-date symlink: /home/saber/robox_ws/install/moveit_ros_visualization/share/moveit_ros_visualization/cmake/ament_cmake_export_dependencies-extras.cmake
[2.938s] -- Up-to-date symlink: /home/saber/robox_ws/install/moveit_ros_visualization/share/moveit_ros_visualization/cmake/moveit_ros_visualizationConfig.cmake
[2.938s] -- Up-to-date symlink: /home/saber/robox_ws/install/moveit_ros_visualization/share/moveit_ros_visualization/cmake/moveit_ros_visualizationConfig-version.cmake
[2.938s] -- Up-to-date symlink: /home/saber/robox_ws/install/moveit_ros_visualization/share/moveit_ros_visualization/package.xml
[2.940s] -- Up-to-date: /home/saber/robox_ws/install/moveit_ros_visualization/lib/libmoveit_motion_planning_rviz_plugin.so.2.12.3
[2.940s] -- Up-to-date: /home/saber/robox_ws/install/moveit_ros_visualization/lib/libmoveit_motion_planning_rviz_plugin.so
[2.941s] -- Up-to-date: /home/saber/robox_ws/install/moveit_ros_visualization/lib/libmoveit_motion_planning_rviz_plugin_core.so.2.12.3
[2.941s] -- Up-to-date: /home/saber/robox_ws/install/moveit_ros_visualization/lib/libmoveit_motion_planning_rviz_plugin_core.so
[2.942s] -- Up-to-date: /home/saber/robox_ws/install/moveit_ros_visualization/lib/libmoveit_planning_scene_rviz_plugin.so.2.12.3
[2.942s] -- Up-to-date: /home/saber/robox_ws/install/moveit_ros_visualization/lib/libmoveit_planning_scene_rviz_plugin.so
[2.943s] -- Up-to-date: /home/saber/robox_ws/install/moveit_ros_visualization/lib/libmoveit_planning_scene_rviz_plugin_core.so.2.12.3
[2.943s] -- Up-to-date: /home/saber/robox_ws/install/moveit_ros_visualization/lib/libmoveit_planning_scene_rviz_plugin_core.so
[2.944s] -- Up-to-date: /home/saber/robox_ws/install/moveit_ros_visualization/lib/libmoveit_robot_state_rviz_plugin.so.2.12.3
[2.944s] -- Up-to-date: /home/saber/robox_ws/install/moveit_ros_visualization/lib/libmoveit_robot_state_rviz_plugin.so
[2.944s] -- Up-to-date: /home/saber/robox_ws/install/moveit_ros_visualization/lib/libmoveit_robot_state_rviz_plugin_core.so.2.12.3
[2.945s] -- Up-to-date: /home/saber/robox_ws/install/moveit_ros_visualization/lib/libmoveit_robot_state_rviz_plugin_core.so
[2.945s] -- Up-to-date: /home/saber/robox_ws/install/moveit_ros_visualization/lib/libmoveit_rviz_plugin_render_tools.so.2.12.3
[2.946s] -- Up-to-date: /home/saber/robox_ws/install/moveit_ros_visualization/lib/libmoveit_rviz_plugin_render_tools.so
[2.946s] -- Up-to-date: /home/saber/robox_ws/install/moveit_ros_visualization/lib/libmoveit_trajectory_rviz_plugin.so.2.12.3
[2.946s] -- Up-to-date: /home/saber/robox_ws/install/moveit_ros_visualization/lib/libmoveit_trajectory_rviz_plugin.so
[2.947s] -- Up-to-date: /home/saber/robox_ws/install/moveit_ros_visualization/lib/libmoveit_trajectory_rviz_plugin_core.so.2.12.3
[2.947s] -- Up-to-date: /home/saber/robox_ws/install/moveit_ros_visualization/lib/libmoveit_trajectory_rviz_plugin_core.so
[2.947s] -- Up-to-date: /home/saber/robox_ws/install/moveit_ros_visualization/share/moveit_ros_visualization/cmake/moveit_ros_visualizationTargetsExport.cmake
[2.947s] -- Up-to-date: /home/saber/robox_ws/install/moveit_ros_visualization/share/moveit_ros_visualization/cmake/moveit_ros_visualizationTargetsExport-release.cmake
[2.949s] Invoked command in '/home/saber/robox_ws/build/moveit_ros_visualization' returned '0': AMENT_PREFIX_PATH=/home/saber/robox_ws/install/moveit_ros_planning_interface:/home/saber/robox_ws/install/moveit_ros_move_group:/home/saber/robox_ws/install/moveit_ros_warehouse:/home/saber/robox_ws/install/moveit_ros_robot_interaction:/home/saber/robox_ws/install/moveit_kinematics:/home/saber/robox_ws/install/moveit_ros_planning:/home/saber/robox_ws/install/moveit_simple_controller_manager:/home/saber/robox_ws/install/moveit_ros_occupancy_map_monitor:/home/saber/robox_ws/install/moveit_core:/home/saber/robox_ws/install/moveit_configs_utils:/home/saber/robox_ws/install/moveit_common:${AMENT_PREFIX_PATH} CMAKE_PREFIX_PATH=/home/saber/robox_ws/install/moveit_ros_planning_interface:/home/saber/robox_ws/install/moveit_ros_move_group:/home/saber/robox_ws/install/moveit_ros_warehouse:/home/saber/robox_ws/install/moveit_ros_robot_interaction:/home/saber/robox_ws/install/moveit_kinematics:/home/saber/robox_ws/install/moveit_ros_planning:/home/saber/robox_ws/install/moveit_simple_controller_manager:/home/saber/robox_ws/install/moveit_ros_occupancy_map_monitor:/home/saber/robox_ws/install/moveit_core:/home/saber/robox_ws/install/moveit_common:/home/saber/arduinobot_ws/install/controller:/home/saber/arduinobot_ws/install/arm_description:/home/saber/arduinobot_ws/install/arduinobot_cpp_examples:/opt/ros/jazzy/opt/gz_sim_vendor:/opt/ros/jazzy/opt/gz_sensors_vendor:/opt/ros/jazzy/opt/gz_physics_vendor:/opt/ros/jazzy/opt/sdformat_vendor:/opt/ros/jazzy/opt/gz_gui_vendor:/opt/ros/jazzy/opt/gz_transport_vendor:/opt/ros/jazzy/opt/gz_rendering_vendor:/opt/ros/jazzy/opt/gz_plugin_vendor:/opt/ros/jazzy/opt/gz_fuel_tools_vendor:/opt/ros/jazzy/opt/gz_msgs_vendor:/opt/ros/jazzy/opt/gz_common_vendor:/opt/ros/jazzy/opt/gz_math_vendor:/opt/ros/jazzy/opt/gz_utils_vendor:/opt/ros/jazzy/opt/gz_tools_vendor:/opt/ros/jazzy/opt/gz_ogre_next_vendor:/opt/ros/jazzy/opt/gz_dartsim_vendor:/opt/ros/jazzy/opt/gz_cmake_vendor:/home/saber/arduinobot_ws/install/arduinobot_py_examples:/opt/ros/jazzy DEBUGINFOD_URLS=https://debuginfod.ubuntu.com LD_LIBRARY_PATH=/home/saber/robox_ws/install/moveit_ros_planning_interface/lib:/home/saber/robox_ws/install/moveit_ros_move_group/lib:/home/saber/robox_ws/install/moveit_ros_warehouse/lib:/home/saber/robox_ws/install/moveit_ros_robot_interaction/lib:/home/saber/robox_ws/install/moveit_kinematics/lib:/home/saber/robox_ws/install/moveit_ros_planning/lib:/home/saber/robox_ws/install/moveit_simple_controller_manager/lib:/home/saber/robox_ws/install/moveit_ros_occupancy_map_monitor/lib:/home/saber/robox_ws/install/moveit_core/lib:${LD_LIBRARY_PATH} PATH=/home/saber/robox_ws/install/moveit_core/bin:${PATH} PYTHONPATH=/home/saber/robox_ws/install/moveit_configs_utils/lib/python3.12/site-packages:${PYTHONPATH} /usr/bin/cmake --install /home/saber/robox_ws/build/moveit_ros_visualization
