[0.030s] Invoking command in '/home/saber/robox_ws/build/arm_description': CMAKE_PREFIX_PATH=${CMAKE_PREFIX_PATH}:/home/saber/robox_ws/install/arduinobot_py_examples:/home/saber/arduinobot_ws/install/arduinobot_py_examples:/opt/ros/jazzy DEBUGINFOD_URLS=https://debuginfod.ubuntu.com /usr/bin/cmake --build /home/saber/robox_ws/build/arm_description -- -j16 -l16
[0.095s] /usr/bin/cmake -S/home/saber/robox_ws/src/arm_description -B/home/saber/robox_ws/build/arm_description --check-build-system CMakeFiles/Makefile.cmake 0
[0.197s] /usr/bin/cmake -E cmake_progress_start /home/saber/robox_ws/build/arm_description/CMakeFiles /home/saber/robox_ws/build/arm_description//CMakeFiles/progress.marks
[0.208s] /usr/bin/gmake  -f CMakeFiles/Makefile2 all
[0.210s] gmake[1]: Entering directory '/home/saber/robox_ws/build/arm_description'
[0.210s] /usr/bin/gmake  -f CMakeFiles/arm_description__rosidl_generator_type_description.dir/build.make CMakeFiles/arm_description__rosidl_generator_type_description.dir/depend
[0.210s] /usr/bin/gmake  -f CMakeFiles/ament_cmake_python_copy_arm_description.dir/build.make CMakeFiles/ament_cmake_python_copy_arm_description.dir/depend
[0.212s] gmake[2]: Entering directory '/home/saber/robox_ws/build/arm_description'
[0.212s] cd /home/saber/robox_ws/build/arm_description && /usr/bin/cmake -E cmake_depends "Unix Makefiles" /home/saber/robox_ws/src/arm_description /home/saber/robox_ws/src/arm_description /home/saber/robox_ws/build/arm_description /home/saber/robox_ws/build/arm_description /home/saber/robox_ws/build/arm_description/CMakeFiles/arm_description__rosidl_generator_type_description.dir/DependInfo.cmake "--color="
[0.212s] gmake[2]: Entering directory '/home/saber/robox_ws/build/arm_description'
[0.212s] cd /home/saber/robox_ws/build/arm_description && /usr/bin/cmake -E cmake_depends "Unix Makefiles" /home/saber/robox_ws/src/arm_description /home/saber/robox_ws/src/arm_description /home/saber/robox_ws/build/arm_description /home/saber/robox_ws/build/arm_description /home/saber/robox_ws/build/arm_description/CMakeFiles/ament_cmake_python_copy_arm_description.dir/DependInfo.cmake "--color="
[0.225s] gmake[2]: Leaving directory '/home/saber/robox_ws/build/arm_description'
[0.225s] gmake[2]: Leaving directory '/home/saber/robox_ws/build/arm_description'
[0.225s] /usr/bin/gmake  -f CMakeFiles/ament_cmake_python_copy_arm_description.dir/build.make CMakeFiles/ament_cmake_python_copy_arm_description.dir/build
[0.226s] /usr/bin/gmake  -f CMakeFiles/arm_description__rosidl_generator_type_description.dir/build.make CMakeFiles/arm_description__rosidl_generator_type_description.dir/build
[0.226s] gmake[2]: Entering directory '/home/saber/robox_ws/build/arm_description'
[0.227s] /usr/bin/cmake -E copy_directory /home/saber/robox_ws/build/arm_description/rosidl_generator_py/arm_description /home/saber/robox_ws/build/arm_description/ament_cmake_python/arm_description/arm_description
[0.231s] gmake[2]: Entering directory '/home/saber/robox_ws/build/arm_description'
[0.231s] gmake[2]: Nothing to be done for 'CMakeFiles/arm_description__rosidl_generator_type_description.dir/build'.
[0.231s] gmake[2]: Leaving directory '/home/saber/robox_ws/build/arm_description'
[0.239s] [  2%] Built target arm_description__rosidl_generator_type_description
[0.240s] /usr/bin/gmake  -f CMakeFiles/arm_description__cpp.dir/build.make CMakeFiles/arm_description__cpp.dir/depend
[0.240s] /usr/bin/gmake  -f CMakeFiles/arm_description__rosidl_generator_c.dir/build.make CMakeFiles/arm_description__rosidl_generator_c.dir/depend
[0.242s] gmake[2]: Leaving directory '/home/saber/robox_ws/build/arm_description'
[0.242s] gmake[2]: Entering directory '/home/saber/robox_ws/build/arm_description'
[0.243s] cd /home/saber/robox_ws/build/arm_description && /usr/bin/cmake -E cmake_depends "Unix Makefiles" /home/saber/robox_ws/src/arm_description /home/saber/robox_ws/src/arm_description /home/saber/robox_ws/build/arm_description /home/saber/robox_ws/build/arm_description /home/saber/robox_ws/build/arm_description/CMakeFiles/arm_description__cpp.dir/DependInfo.cmake "--color="
[0.247s] gmake[2]: Entering directory '/home/saber/robox_ws/build/arm_description'
[0.247s] cd /home/saber/robox_ws/build/arm_description && /usr/bin/cmake -E cmake_depends "Unix Makefiles" /home/saber/robox_ws/src/arm_description /home/saber/robox_ws/src/arm_description /home/saber/robox_ws/build/arm_description /home/saber/robox_ws/build/arm_description /home/saber/robox_ws/build/arm_description/CMakeFiles/arm_description__rosidl_generator_c.dir/DependInfo.cmake "--color="
[0.251s] [  2%] Built target ament_cmake_python_copy_arm_description
[0.253s] /usr/bin/gmake  -f CMakeFiles/ament_cmake_python_build_arm_description_egg.dir/build.make CMakeFiles/ament_cmake_python_build_arm_description_egg.dir/depend
[0.253s] gmake[2]: Leaving directory '/home/saber/robox_ws/build/arm_description'
[0.253s] /usr/bin/gmake  -f CMakeFiles/arm_description__cpp.dir/build.make CMakeFiles/arm_description__cpp.dir/build
[0.254s] gmake[2]: Entering directory '/home/saber/robox_ws/build/arm_description'
[0.254s] cd /home/saber/robox_ws/build/arm_description && /usr/bin/cmake -E cmake_depends "Unix Makefiles" /home/saber/robox_ws/src/arm_description /home/saber/robox_ws/src/arm_description /home/saber/robox_ws/build/arm_description /home/saber/robox_ws/build/arm_description /home/saber/robox_ws/build/arm_description/CMakeFiles/ament_cmake_python_build_arm_description_egg.dir/DependInfo.cmake "--color="
[0.255s] gmake[2]: Entering directory '/home/saber/robox_ws/build/arm_description'
[0.255s] gmake[2]: Nothing to be done for 'CMakeFiles/arm_description__cpp.dir/build'.
[0.255s] gmake[2]: Leaving directory '/home/saber/robox_ws/build/arm_description'
[0.260s] gmake[2]: Leaving directory '/home/saber/robox_ws/build/arm_description'
[0.260s] /usr/bin/gmake  -f CMakeFiles/arm_description__rosidl_generator_c.dir/build.make CMakeFiles/arm_description__rosidl_generator_c.dir/build
[0.264s] [  5%] Built target arm_description__cpp
[0.265s] gmake[2]: Leaving directory '/home/saber/robox_ws/build/arm_description'
[0.265s] /usr/bin/gmake  -f CMakeFiles/ament_cmake_python_build_arm_description_egg.dir/build.make CMakeFiles/ament_cmake_python_build_arm_description_egg.dir/build
[0.267s] gmake[2]: Entering directory '/home/saber/robox_ws/build/arm_description'
[0.267s] cd /home/saber/robox_ws/build/arm_description/ament_cmake_python/arm_description && /usr/bin/python3 setup.py egg_info
[0.275s] gmake[2]: Entering directory '/home/saber/robox_ws/build/arm_description'
[0.275s] gmake[2]: Nothing to be done for 'CMakeFiles/arm_description__rosidl_generator_c.dir/build'.
[0.275s] gmake[2]: Leaving directory '/home/saber/robox_ws/build/arm_description'
[0.285s] [ 19%] Built target arm_description__rosidl_generator_c
[0.286s] /usr/bin/gmake  -f CMakeFiles/arm_description__rosidl_typesupport_cpp.dir/build.make CMakeFiles/arm_description__rosidl_typesupport_cpp.dir/depend
[0.286s] /usr/bin/gmake  -f CMakeFiles/arm_description__rosidl_typesupport_fastrtps_c.dir/build.make CMakeFiles/arm_description__rosidl_typesupport_fastrtps_c.dir/depend
[0.286s] /usr/bin/gmake  -f CMakeFiles/arm_description__rosidl_typesupport_fastrtps_cpp.dir/build.make CMakeFiles/arm_description__rosidl_typesupport_fastrtps_cpp.dir/depend
[0.286s] /usr/bin/gmake  -f CMakeFiles/arm_description__rosidl_typesupport_introspection_c.dir/build.make CMakeFiles/arm_description__rosidl_typesupport_introspection_c.dir/depend
[0.287s] /usr/bin/gmake  -f CMakeFiles/arm_description__rosidl_typesupport_c.dir/build.make CMakeFiles/arm_description__rosidl_typesupport_c.dir/depend
[0.287s] /usr/bin/gmake  -f CMakeFiles/arm_description__rosidl_typesupport_introspection_cpp.dir/build.make CMakeFiles/arm_description__rosidl_typesupport_introspection_cpp.dir/depend
[0.290s] gmake[2]: Entering directory '/home/saber/robox_ws/build/arm_description'
[0.291s] cd /home/saber/robox_ws/build/arm_description && /usr/bin/cmake -E cmake_depends "Unix Makefiles" /home/saber/robox_ws/src/arm_description /home/saber/robox_ws/src/arm_description /home/saber/robox_ws/build/arm_description /home/saber/robox_ws/build/arm_description /home/saber/robox_ws/build/arm_description/CMakeFiles/arm_description__rosidl_typesupport_cpp.dir/DependInfo.cmake "--color="
[0.291s] gmake[2]: Entering directory '/home/saber/robox_ws/build/arm_description'
[0.291s] cd /home/saber/robox_ws/build/arm_description && /usr/bin/cmake -E cmake_depends "Unix Makefiles" /home/saber/robox_ws/src/arm_description /home/saber/robox_ws/src/arm_description /home/saber/robox_ws/build/arm_description /home/saber/robox_ws/build/arm_description /home/saber/robox_ws/build/arm_description/CMakeFiles/arm_description__rosidl_typesupport_introspection_c.dir/DependInfo.cmake "--color="
[0.291s] gmake[2]: Entering directory '/home/saber/robox_ws/build/arm_description'
[0.291s] cd /home/saber/robox_ws/build/arm_description && /usr/bin/cmake -E cmake_depends "Unix Makefiles" /home/saber/robox_ws/src/arm_description /home/saber/robox_ws/src/arm_description /home/saber/robox_ws/build/arm_description /home/saber/robox_ws/build/arm_description /home/saber/robox_ws/build/arm_description/CMakeFiles/arm_description__rosidl_typesupport_c.dir/DependInfo.cmake "--color="
[0.292s] gmake[2]: Entering directory '/home/saber/robox_ws/build/arm_description'
[0.292s] cd /home/saber/robox_ws/build/arm_description && /usr/bin/cmake -E cmake_depends "Unix Makefiles" /home/saber/robox_ws/src/arm_description /home/saber/robox_ws/src/arm_description /home/saber/robox_ws/build/arm_description /home/saber/robox_ws/build/arm_description /home/saber/robox_ws/build/arm_description/CMakeFiles/arm_description__rosidl_typesupport_fastrtps_c.dir/DependInfo.cmake "--color="
[0.292s] gmake[2]: Entering directory '/home/saber/robox_ws/build/arm_description'
[0.292s] cd /home/saber/robox_ws/build/arm_description && /usr/bin/cmake -E cmake_depends "Unix Makefiles" /home/saber/robox_ws/src/arm_description /home/saber/robox_ws/src/arm_description /home/saber/robox_ws/build/arm_description /home/saber/robox_ws/build/arm_description /home/saber/robox_ws/build/arm_description/CMakeFiles/arm_description__rosidl_typesupport_fastrtps_cpp.dir/DependInfo.cmake "--color="
[0.292s] gmake[2]: Entering directory '/home/saber/robox_ws/build/arm_description'
[0.292s] cd /home/saber/robox_ws/build/arm_description && /usr/bin/cmake -E cmake_depends "Unix Makefiles" /home/saber/robox_ws/src/arm_description /home/saber/robox_ws/src/arm_description /home/saber/robox_ws/build/arm_description /home/saber/robox_ws/build/arm_description /home/saber/robox_ws/build/arm_description/CMakeFiles/arm_description__rosidl_typesupport_introspection_cpp.dir/DependInfo.cmake "--color="
[0.307s] gmake[2]: Leaving directory '/home/saber/robox_ws/build/arm_description'
[0.307s] gmake[2]: Leaving directory '/home/saber/robox_ws/build/arm_description'
[0.307s] gmake[2]: Leaving directory '/home/saber/robox_ws/build/arm_description'
[0.307s] gmake[2]: Leaving directory '/home/saber/robox_ws/build/arm_description'
[0.307s] /usr/bin/gmake  -f CMakeFiles/arm_description__rosidl_typesupport_c.dir/build.make CMakeFiles/arm_description__rosidl_typesupport_c.dir/build
[0.307s] gmake[2]: Leaving directory '/home/saber/robox_ws/build/arm_description'
[0.307s] /usr/bin/gmake  -f CMakeFiles/arm_description__rosidl_typesupport_cpp.dir/build.make CMakeFiles/arm_description__rosidl_typesupport_cpp.dir/build
[0.307s] gmake[2]: Leaving directory '/home/saber/robox_ws/build/arm_description'
[0.307s] /usr/bin/gmake  -f CMakeFiles/arm_description__rosidl_typesupport_fastrtps_c.dir/build.make CMakeFiles/arm_description__rosidl_typesupport_fastrtps_c.dir/build
[0.308s] /usr/bin/gmake  -f CMakeFiles/arm_description__rosidl_typesupport_fastrtps_cpp.dir/build.make CMakeFiles/arm_description__rosidl_typesupport_fastrtps_cpp.dir/build
[0.308s] /usr/bin/gmake  -f CMakeFiles/arm_description__rosidl_typesupport_introspection_c.dir/build.make CMakeFiles/arm_description__rosidl_typesupport_introspection_c.dir/build
[0.308s] /usr/bin/gmake  -f CMakeFiles/arm_description__rosidl_typesupport_introspection_cpp.dir/build.make CMakeFiles/arm_description__rosidl_typesupport_introspection_cpp.dir/build
[0.311s] gmake[2]: Entering directory '/home/saber/robox_ws/build/arm_description'
[0.311s] gmake[2]: Nothing to be done for 'CMakeFiles/arm_description__rosidl_typesupport_introspection_c.dir/build'.
[0.311s] gmake[2]: Leaving directory '/home/saber/robox_ws/build/arm_description'
[0.313s] gmake[2]: Entering directory '/home/saber/robox_ws/build/arm_description'
[0.314s] gmake[2]: Nothing to be done for 'CMakeFiles/arm_description__rosidl_typesupport_c.dir/build'.
[0.314s] gmake[2]: Leaving directory '/home/saber/robox_ws/build/arm_description'
[0.318s] gmake[2]: Entering directory '/home/saber/robox_ws/build/arm_description'
[0.318s] gmake[2]: Entering directory '/home/saber/robox_ws/build/arm_description'
[0.318s] gmake[2]: Entering directory '/home/saber/robox_ws/build/arm_description'
[0.318s] gmake[2]: Nothing to be done for 'CMakeFiles/arm_description__rosidl_typesupport_introspection_cpp.dir/build'.
[0.318s] gmake[2]: Nothing to be done for 'CMakeFiles/arm_description__rosidl_typesupport_fastrtps_cpp.dir/build'.
[0.318s] gmake[2]: Nothing to be done for 'CMakeFiles/arm_description__rosidl_typesupport_cpp.dir/build'.
[0.318s] gmake[2]: Entering directory '/home/saber/robox_ws/build/arm_description'
[0.318s] gmake[2]: Nothing to be done for 'CMakeFiles/arm_description__rosidl_typesupport_fastrtps_c.dir/build'.
[0.318s] gmake[2]: Leaving directory '/home/saber/robox_ws/build/arm_description'
[0.318s] gmake[2]: Leaving directory '/home/saber/robox_ws/build/arm_description'
[0.318s] gmake[2]: Leaving directory '/home/saber/robox_ws/build/arm_description'
[0.318s] gmake[2]: Leaving directory '/home/saber/robox_ws/build/arm_description'
[0.322s] [ 27%] Built target arm_description__rosidl_typesupport_introspection_c
[0.323s] [ 36%] Built target arm_description__rosidl_typesupport_c
[0.328s] [ 69%] Built target arm_description__rosidl_typesupport_fastrtps_c
[0.329s] [ 69%] Built target arm_description__rosidl_typesupport_fastrtps_cpp
[0.329s] [ 69%] Built target arm_description__rosidl_typesupport_cpp
[0.329s] [ 69%] Built target arm_description__rosidl_typesupport_introspection_cpp
[0.330s] /usr/bin/gmake  -f CMakeFiles/arm_description.dir/build.make CMakeFiles/arm_description.dir/depend
[0.331s] gmake[2]: Entering directory '/home/saber/robox_ws/build/arm_description'
[0.332s] cd /home/saber/robox_ws/build/arm_description && /usr/bin/cmake -E cmake_depends "Unix Makefiles" /home/saber/robox_ws/src/arm_description /home/saber/robox_ws/src/arm_description /home/saber/robox_ws/build/arm_description /home/saber/robox_ws/build/arm_description /home/saber/robox_ws/build/arm_description/CMakeFiles/arm_description.dir/DependInfo.cmake "--color="
[0.343s] gmake[2]: Leaving directory '/home/saber/robox_ws/build/arm_description'
[0.343s] /usr/bin/gmake  -f CMakeFiles/arm_description.dir/build.make CMakeFiles/arm_description.dir/build
[0.345s] gmake[2]: Entering directory '/home/saber/robox_ws/build/arm_description'
[0.345s] gmake[2]: Nothing to be done for 'CMakeFiles/arm_description.dir/build'.
[0.345s] gmake[2]: Leaving directory '/home/saber/robox_ws/build/arm_description'
[0.355s] [ 69%] Built target arm_description
[0.356s] /usr/bin/gmake  -f /home/saber/robox_ws/build/arm_description/arm_description__py/CMakeFiles/arm_description__py.dir/build.make /home/saber/robox_ws/build/arm_description/arm_description__py/CMakeFiles/arm_description__py.dir/depend
[0.356s] /usr/bin/gmake  -f CMakeFiles/robot_arm_ik_node.dir/build.make CMakeFiles/robot_arm_ik_node.dir/depend
[0.358s] gmake[2]: Entering directory '/home/saber/robox_ws/build/arm_description'
[0.358s] cd /home/saber/robox_ws/build/arm_description && /usr/bin/cmake -E cmake_depends "Unix Makefiles" /home/saber/robox_ws/src/arm_description /home/saber/robox_ws/build/arm_description/arm_description__py /home/saber/robox_ws/build/arm_description /home/saber/robox_ws/build/arm_description/arm_description__py /home/saber/robox_ws/build/arm_description/arm_description__py/CMakeFiles/arm_description__py.dir/DependInfo.cmake "--color="
[0.365s] gmake[2]: Entering directory '/home/saber/robox_ws/build/arm_description'
[0.365s] cd /home/saber/robox_ws/build/arm_description && /usr/bin/cmake -E cmake_depends "Unix Makefiles" /home/saber/robox_ws/src/arm_description /home/saber/robox_ws/src/arm_description /home/saber/robox_ws/build/arm_description /home/saber/robox_ws/build/arm_description /home/saber/robox_ws/build/arm_description/CMakeFiles/robot_arm_ik_node.dir/DependInfo.cmake "--color="
[0.369s] gmake[2]: Leaving directory '/home/saber/robox_ws/build/arm_description'
[0.369s] /usr/bin/gmake  -f /home/saber/robox_ws/build/arm_description/arm_description__py/CMakeFiles/arm_description__py.dir/build.make /home/saber/robox_ws/build/arm_description/arm_description__py/CMakeFiles/arm_description__py.dir/build
[0.371s] gmake[2]: Entering directory '/home/saber/robox_ws/build/arm_description'
[0.371s] gmake[2]: Nothing to be done for '/home/saber/robox_ws/build/arm_description/arm_description__py/CMakeFiles/arm_description__py.dir/build'.
[0.371s] gmake[2]: Leaving directory '/home/saber/robox_ws/build/arm_description'
[0.379s] gmake[2]: Leaving directory '/home/saber/robox_ws/build/arm_description'
[0.379s] /usr/bin/gmake  -f CMakeFiles/robot_arm_ik_node.dir/build.make CMakeFiles/robot_arm_ik_node.dir/build
[0.380s] [ 72%] Built target arm_description__py
[0.381s] /usr/bin/gmake  -f CMakeFiles/arm_description__rosidl_generator_py.dir/build.make CMakeFiles/arm_description__rosidl_generator_py.dir/depend
[0.384s] gmake[2]: Entering directory '/home/saber/robox_ws/build/arm_description'
[0.384s] cd /home/saber/robox_ws/build/arm_description && /usr/bin/cmake -E cmake_depends "Unix Makefiles" /home/saber/robox_ws/src/arm_description /home/saber/robox_ws/src/arm_description /home/saber/robox_ws/build/arm_description /home/saber/robox_ws/build/arm_description /home/saber/robox_ws/build/arm_description/CMakeFiles/arm_description__rosidl_generator_py.dir/DependInfo.cmake "--color="
[0.395s] gmake[2]: Leaving directory '/home/saber/robox_ws/build/arm_description'
[0.396s] /usr/bin/gmake  -f CMakeFiles/arm_description__rosidl_generator_py.dir/build.make CMakeFiles/arm_description__rosidl_generator_py.dir/build
[0.404s] gmake[2]: Entering directory '/home/saber/robox_ws/build/arm_description'
[0.405s] gmake[2]: Nothing to be done for 'CMakeFiles/arm_description__rosidl_generator_py.dir/build'.
[0.405s] gmake[2]: Leaving directory '/home/saber/robox_ws/build/arm_description'
[0.414s] [ 77%] Built target arm_description__rosidl_generator_py
[0.415s] /usr/bin/gmake  -f CMakeFiles/arm_description_s__rosidl_typesupport_fastrtps_c.dir/build.make CMakeFiles/arm_description_s__rosidl_typesupport_fastrtps_c.dir/depend
[0.415s] /usr/bin/gmake  -f CMakeFiles/arm_description_s__rosidl_typesupport_introspection_c.dir/build.make CMakeFiles/arm_description_s__rosidl_typesupport_introspection_c.dir/depend
[0.416s] /usr/bin/gmake  -f CMakeFiles/arm_description_s__rosidl_typesupport_c.dir/build.make CMakeFiles/arm_description_s__rosidl_typesupport_c.dir/depend
[0.418s] gmake[2]: Entering directory '/home/saber/robox_ws/build/arm_description'
[0.418s] cd /home/saber/robox_ws/build/arm_description && /usr/bin/cmake -E cmake_depends "Unix Makefiles" /home/saber/robox_ws/src/arm_description /home/saber/robox_ws/src/arm_description /home/saber/robox_ws/build/arm_description /home/saber/robox_ws/build/arm_description /home/saber/robox_ws/build/arm_description/CMakeFiles/arm_description_s__rosidl_typesupport_fastrtps_c.dir/DependInfo.cmake "--color="
[0.418s] gmake[2]: Entering directory '/home/saber/robox_ws/build/arm_description'
[0.418s] cd /home/saber/robox_ws/build/arm_description && /usr/bin/cmake -E cmake_depends "Unix Makefiles" /home/saber/robox_ws/src/arm_description /home/saber/robox_ws/src/arm_description /home/saber/robox_ws/build/arm_description /home/saber/robox_ws/build/arm_description /home/saber/robox_ws/build/arm_description/CMakeFiles/arm_description_s__rosidl_typesupport_introspection_c.dir/DependInfo.cmake "--color="
[0.419s] gmake[2]: Entering directory '/home/saber/robox_ws/build/arm_description'
[0.419s] cd /home/saber/robox_ws/build/arm_description && /usr/bin/cmake -E cmake_depends "Unix Makefiles" /home/saber/robox_ws/src/arm_description /home/saber/robox_ws/src/arm_description /home/saber/robox_ws/build/arm_description /home/saber/robox_ws/build/arm_description /home/saber/robox_ws/build/arm_description/CMakeFiles/arm_description_s__rosidl_typesupport_c.dir/DependInfo.cmake "--color="
[0.432s] gmake[2]: Leaving directory '/home/saber/robox_ws/build/arm_description'
[0.432s] /usr/bin/gmake  -f CMakeFiles/arm_description_s__rosidl_typesupport_fastrtps_c.dir/build.make CMakeFiles/arm_description_s__rosidl_typesupport_fastrtps_c.dir/build
[0.432s] gmake[2]: Leaving directory '/home/saber/robox_ws/build/arm_description'
[0.433s] /usr/bin/gmake  -f CMakeFiles/arm_description_s__rosidl_typesupport_introspection_c.dir/build.make CMakeFiles/arm_description_s__rosidl_typesupport_introspection_c.dir/build
[0.433s] gmake[2]: Leaving directory '/home/saber/robox_ws/build/arm_description'
[0.433s] /usr/bin/gmake  -f CMakeFiles/arm_description_s__rosidl_typesupport_c.dir/build.make CMakeFiles/arm_description_s__rosidl_typesupport_c.dir/build
[0.434s] gmake[2]: Entering directory '/home/saber/robox_ws/build/arm_description'
[0.435s] gmake[2]: Nothing to be done for 'CMakeFiles/arm_description_s__rosidl_typesupport_fastrtps_c.dir/build'.
[0.435s] gmake[2]: Leaving directory '/home/saber/robox_ws/build/arm_description'
[0.435s] gmake[2]: Entering directory '/home/saber/robox_ws/build/arm_description'
[0.435s] gmake[2]: Nothing to be done for 'CMakeFiles/arm_description_s__rosidl_typesupport_introspection_c.dir/build'.
[0.435s] gmake[2]: Leaving directory '/home/saber/robox_ws/build/arm_description'
[0.435s] gmake[2]: Entering directory '/home/saber/robox_ws/build/arm_description'
[0.435s] gmake[2]: Nothing to be done for 'CMakeFiles/arm_description_s__rosidl_typesupport_c.dir/build'.
[0.435s] gmake[2]: Leaving directory '/home/saber/robox_ws/build/arm_description'
[0.444s] [ 94%] Built target arm_description_s__rosidl_typesupport_c
[0.444s] [ 94%] Built target arm_description_s__rosidl_typesupport_fastrtps_c
[0.444s] [ 94%] Built target arm_description_s__rosidl_typesupport_introspection_c
[0.461s] gmake[2]: Entering directory '/home/saber/robox_ws/build/arm_description'
[0.461s] gmake[2]: Nothing to be done for 'CMakeFiles/robot_arm_ik_node.dir/build'.
[0.461s] gmake[2]: Leaving directory '/home/saber/robox_ws/build/arm_description'
[0.471s] [100%] Built target robot_arm_ik_node
[0.480s] running egg_info
[0.502s] writing arm_description.egg-info/PKG-INFO
[0.503s] writing dependency_links to arm_description.egg-info/dependency_links.txt
[0.503s] writing top-level names to arm_description.egg-info/top_level.txt
[0.563s] reading manifest file 'arm_description.egg-info/SOURCES.txt'
[0.563s] writing manifest file 'arm_description.egg-info/SOURCES.txt'
[0.586s] gmake[2]: Leaving directory '/home/saber/robox_ws/build/arm_description'
[0.596s] [100%] Built target ament_cmake_python_build_arm_description_egg
[0.598s] gmake[1]: Leaving directory '/home/saber/robox_ws/build/arm_description'
[0.598s] /usr/bin/cmake -E cmake_progress_start /home/saber/robox_ws/build/arm_description/CMakeFiles 0
[0.612s] Invoked command in '/home/saber/robox_ws/build/arm_description' returned '0': CMAKE_PREFIX_PATH=${CMAKE_PREFIX_PATH}:/home/saber/robox_ws/install/arduinobot_py_examples:/home/saber/arduinobot_ws/install/arduinobot_py_examples:/opt/ros/jazzy DEBUGINFOD_URLS=https://debuginfod.ubuntu.com /usr/bin/cmake --build /home/saber/robox_ws/build/arm_description -- -j16 -l16
[0.613s] Invoking command in '/home/saber/robox_ws/build/arm_description': CMAKE_PREFIX_PATH=${CMAKE_PREFIX_PATH}:/home/saber/robox_ws/install/arduinobot_py_examples:/home/saber/arduinobot_ws/install/arduinobot_py_examples:/opt/ros/jazzy DEBUGINFOD_URLS=https://debuginfod.ubuntu.com /usr/bin/cmake --install /home/saber/robox_ws/build/arm_description
[0.623s] -- Install configuration: ""
[0.623s] -- Up-to-date: /home/saber/robox_ws/install/arm_description/share/ament_index/resource_index/rosidl_interfaces/arm_description
[0.624s] -- Up-to-date: /home/saber/robox_ws/install/arm_description/share/arm_description/srv/GoToPose.json
[0.624s] -- Up-to-date: /home/saber/robox_ws/install/arm_description/include/arm_description/arm_description
[0.624s] -- Up-to-date: /home/saber/robox_ws/install/arm_description/include/arm_description/arm_description/msg
[0.624s] -- Up-to-date: /home/saber/robox_ws/install/arm_description/include/arm_description/arm_description/msg/rosidl_generator_c__visibility_control.h
[0.624s] -- Up-to-date: /home/saber/robox_ws/install/arm_description/include/arm_description/arm_description/srv
[0.625s] -- Up-to-date: /home/saber/robox_ws/install/arm_description/include/arm_description/arm_description/srv/go_to_pose.h
[0.625s] -- Up-to-date: /home/saber/robox_ws/install/arm_description/include/arm_description/arm_description/srv/detail
[0.625s] -- Up-to-date: /home/saber/robox_ws/install/arm_description/include/arm_description/arm_description/srv/detail/go_to_pose__functions.h
[0.625s] -- Up-to-date: /home/saber/robox_ws/install/arm_description/include/arm_description/arm_description/srv/detail/go_to_pose__struct.h
[0.625s] -- Up-to-date: /home/saber/robox_ws/install/arm_description/include/arm_description/arm_description/srv/detail/go_to_pose__type_support.c
[0.625s] -- Up-to-date: /home/saber/robox_ws/install/arm_description/include/arm_description/arm_description/srv/detail/go_to_pose__functions.c
[0.625s] -- Up-to-date: /home/saber/robox_ws/install/arm_description/include/arm_description/arm_description/srv/detail/go_to_pose__description.c
[0.625s] -- Up-to-date: /home/saber/robox_ws/install/arm_description/include/arm_description/arm_description/srv/detail/go_to_pose__type_support.h
[0.625s] -- Up-to-date: /home/saber/robox_ws/install/arm_description/share/arm_description/environment/library_path.sh
[0.625s] -- Up-to-date: /home/saber/robox_ws/install/arm_description/share/arm_description/environment/library_path.dsv
[0.626s] -- Up-to-date: /home/saber/robox_ws/install/arm_description/lib/libarm_description__rosidl_generator_c.so
[0.626s] -- Up-to-date: /home/saber/robox_ws/install/arm_description/include/arm_description/arm_description
[0.627s] -- Up-to-date: /home/saber/robox_ws/install/arm_description/include/arm_description/arm_description/msg
[0.627s] -- Up-to-date: /home/saber/robox_ws/install/arm_description/include/arm_description/arm_description/msg/rosidl_typesupport_fastrtps_c__visibility_control.h
[0.627s] -- Up-to-date: /home/saber/robox_ws/install/arm_description/include/arm_description/arm_description/srv
[0.627s] -- Up-to-date: /home/saber/robox_ws/install/arm_description/include/arm_description/arm_description/srv/detail
[0.627s] -- Up-to-date: /home/saber/robox_ws/install/arm_description/include/arm_description/arm_description/srv/detail/go_to_pose__rosidl_typesupport_fastrtps_c.h
[0.628s] -- Up-to-date: /home/saber/robox_ws/install/arm_description/lib/libarm_description__rosidl_typesupport_fastrtps_c.so
[0.628s] -- Up-to-date: /home/saber/robox_ws/install/arm_description/include/arm_description/arm_description
[0.628s] -- Up-to-date: /home/saber/robox_ws/install/arm_description/include/arm_description/arm_description/msg
[0.628s] -- Up-to-date: /home/saber/robox_ws/install/arm_description/include/arm_description/arm_description/msg/rosidl_generator_cpp__visibility_control.hpp
[0.628s] -- Up-to-date: /home/saber/robox_ws/install/arm_description/include/arm_description/arm_description/srv
[0.628s] -- Up-to-date: /home/saber/robox_ws/install/arm_description/include/arm_description/arm_description/srv/go_to_pose.hpp
[0.629s] -- Up-to-date: /home/saber/robox_ws/install/arm_description/include/arm_description/arm_description/srv/detail
[0.629s] -- Up-to-date: /home/saber/robox_ws/install/arm_description/include/arm_description/arm_description/srv/detail/go_to_pose__type_support.hpp
[0.629s] -- Up-to-date: /home/saber/robox_ws/install/arm_description/include/arm_description/arm_description/srv/detail/go_to_pose__traits.hpp
[0.629s] -- Up-to-date: /home/saber/robox_ws/install/arm_description/include/arm_description/arm_description/srv/detail/go_to_pose__struct.hpp
[0.629s] -- Up-to-date: /home/saber/robox_ws/install/arm_description/include/arm_description/arm_description/srv/detail/go_to_pose__builder.hpp
[0.629s] -- Up-to-date: /home/saber/robox_ws/install/arm_description/include/arm_description/arm_description
[0.629s] -- Up-to-date: /home/saber/robox_ws/install/arm_description/include/arm_description/arm_description/msg
[0.629s] -- Up-to-date: /home/saber/robox_ws/install/arm_description/include/arm_description/arm_description/msg/rosidl_typesupport_fastrtps_cpp__visibility_control.h
[0.629s] -- Up-to-date: /home/saber/robox_ws/install/arm_description/include/arm_description/arm_description/srv
[0.629s] -- Up-to-date: /home/saber/robox_ws/install/arm_description/include/arm_description/arm_description/srv/detail
[0.629s] -- Up-to-date: /home/saber/robox_ws/install/arm_description/include/arm_description/arm_description/srv/detail/go_to_pose__rosidl_typesupport_fastrtps_cpp.hpp
[0.629s] -- Up-to-date: /home/saber/robox_ws/install/arm_description/include/arm_description/arm_description/srv/detail/dds_fastrtps
[0.630s] -- Up-to-date: /home/saber/robox_ws/install/arm_description/lib/libarm_description__rosidl_typesupport_fastrtps_cpp.so
[0.630s] -- Up-to-date: /home/saber/robox_ws/install/arm_description/include/arm_description/arm_description
[0.630s] -- Up-to-date: /home/saber/robox_ws/install/arm_description/include/arm_description/arm_description/msg
[0.630s] -- Up-to-date: /home/saber/robox_ws/install/arm_description/include/arm_description/arm_description/msg/rosidl_typesupport_introspection_c__visibility_control.h
[0.631s] -- Up-to-date: /home/saber/robox_ws/install/arm_description/include/arm_description/arm_description/srv
[0.631s] -- Up-to-date: /home/saber/robox_ws/install/arm_description/include/arm_description/arm_description/srv/detail
[0.631s] -- Up-to-date: /home/saber/robox_ws/install/arm_description/include/arm_description/arm_description/srv/detail/go_to_pose__type_support.c
[0.631s] -- Up-to-date: /home/saber/robox_ws/install/arm_description/include/arm_description/arm_description/srv/detail/go_to_pose__rosidl_typesupport_introspection_c.h
[0.631s] -- Up-to-date: /home/saber/robox_ws/install/arm_description/lib/libarm_description__rosidl_typesupport_introspection_c.so
[0.631s] -- Up-to-date: /home/saber/robox_ws/install/arm_description/lib/libarm_description__rosidl_typesupport_c.so
[0.631s] -- Up-to-date: /home/saber/robox_ws/install/arm_description/include/arm_description/arm_description
[0.631s] -- Up-to-date: /home/saber/robox_ws/install/arm_description/include/arm_description/arm_description/srv
[0.631s] -- Up-to-date: /home/saber/robox_ws/install/arm_description/include/arm_description/arm_description/srv/detail
[0.631s] -- Up-to-date: /home/saber/robox_ws/install/arm_description/include/arm_description/arm_description/srv/detail/go_to_pose__rosidl_typesupport_introspection_cpp.hpp
[0.631s] -- Up-to-date: /home/saber/robox_ws/install/arm_description/include/arm_description/arm_description/srv/detail/go_to_pose__type_support.cpp
[0.632s] -- Up-to-date: /home/saber/robox_ws/install/arm_description/lib/libarm_description__rosidl_typesupport_introspection_cpp.so
[0.633s] -- Up-to-date: /home/saber/robox_ws/install/arm_description/lib/libarm_description__rosidl_typesupport_cpp.so
[0.633s] -- Up-to-date: /home/saber/robox_ws/install/arm_description/share/arm_description/environment/pythonpath.sh
[0.634s] -- Up-to-date: /home/saber/robox_ws/install/arm_description/share/arm_description/environment/pythonpath.dsv
[0.634s] -- Up-to-date: /home/saber/robox_ws/install/arm_description/lib/python3.12/site-packages/arm_description-0.0.0-py3.12.egg-info
[0.634s] -- Installing: /home/saber/robox_ws/install/arm_description/lib/python3.12/site-packages/arm_description-0.0.0-py3.12.egg-info/top_level.txt
[0.634s] -- Installing: /home/saber/robox_ws/install/arm_description/lib/python3.12/site-packages/arm_description-0.0.0-py3.12.egg-info/SOURCES.txt
[0.634s] -- Installing: /home/saber/robox_ws/install/arm_description/lib/python3.12/site-packages/arm_description-0.0.0-py3.12.egg-info/dependency_links.txt
[0.634s] -- Installing: /home/saber/robox_ws/install/arm_description/lib/python3.12/site-packages/arm_description-0.0.0-py3.12.egg-info/PKG-INFO
[0.634s] -- Up-to-date: /home/saber/robox_ws/install/arm_description/lib/python3.12/site-packages/arm_description
[0.635s] -- Up-to-date: /home/saber/robox_ws/install/arm_description/lib/python3.12/site-packages/arm_description/__init__.py
[0.635s] -- Up-to-date: /home/saber/robox_ws/install/arm_description/lib/python3.12/site-packages/arm_description/_arm_description_s.ep.rosidl_typesupport_fastrtps_c.c
[0.635s] -- Up-to-date: /home/saber/robox_ws/install/arm_description/lib/python3.12/site-packages/arm_description/arm_description_s__rosidl_typesupport_c.so
[0.635s] -- Up-to-date: /home/saber/robox_ws/install/arm_description/lib/python3.12/site-packages/arm_description/_arm_description_s.ep.rosidl_typesupport_c.c
[0.635s] -- Up-to-date: /home/saber/robox_ws/install/arm_description/lib/python3.12/site-packages/arm_description/arm_description_s__rosidl_typesupport_fastrtps_c.so
[0.635s] -- Up-to-date: /home/saber/robox_ws/install/arm_description/lib/python3.12/site-packages/arm_description/arm_description_s__rosidl_typesupport_introspection_c.so
[0.635s] -- Up-to-date: /home/saber/robox_ws/install/arm_description/lib/python3.12/site-packages/arm_description/srv
[0.635s] -- Up-to-date: /home/saber/robox_ws/install/arm_description/lib/python3.12/site-packages/arm_description/srv/__init__.py
[0.635s] -- Up-to-date: /home/saber/robox_ws/install/arm_description/lib/python3.12/site-packages/arm_description/srv/_go_to_pose_s.c
[0.635s] -- Up-to-date: /home/saber/robox_ws/install/arm_description/lib/python3.12/site-packages/arm_description/srv/_go_to_pose.py
[0.635s] -- Up-to-date: /home/saber/robox_ws/install/arm_description/lib/python3.12/site-packages/arm_description/_arm_description_s.ep.rosidl_typesupport_introspection_c.c
[0.678s] Listing '/home/saber/robox_ws/install/arm_description/lib/python3.12/site-packages/arm_description'...
[0.678s] Listing '/home/saber/robox_ws/install/arm_description/lib/python3.12/site-packages/arm_description/srv'...
[0.683s] -- Up-to-date: /home/saber/robox_ws/install/arm_description/lib/python3.12/site-packages/arm_description/arm_description_s__rosidl_typesupport_fastrtps_c.so
[0.684s] -- Up-to-date: /home/saber/robox_ws/install/arm_description/lib/python3.12/site-packages/arm_description/arm_description_s__rosidl_typesupport_introspection_c.so
[0.684s] -- Up-to-date: /home/saber/robox_ws/install/arm_description/lib/python3.12/site-packages/arm_description/arm_description_s__rosidl_typesupport_c.so
[0.684s] -- Up-to-date: /home/saber/robox_ws/install/arm_description/lib/libarm_description__rosidl_generator_py.so
[0.684s] -- Up-to-date: /home/saber/robox_ws/install/arm_description/share/arm_description/srv/GoToPose.idl
[0.684s] -- Up-to-date: /home/saber/robox_ws/install/arm_description/share/arm_description/srv/GoToPose.srv
[0.685s] -- Up-to-date: /home/saber/robox_ws/install/arm_description/lib/arm_description/robot_arm_ik_node
[0.685s] -- Up-to-date: /home/saber/robox_ws/install/arm_description/share/arm_description/meshes
[0.686s] -- Up-to-date: /home/saber/robox_ws/install/arm_description/share/arm_description/meshes/gripper_right_link.STL
[0.686s] -- Up-to-date: /home/saber/robox_ws/install/arm_description/share/arm_description/meshes/gripper_left_link.STL
[0.686s] -- Up-to-date: /home/saber/robox_ws/install/arm_description/share/arm_description/meshes/forearm_link.STL
[0.686s] -- Up-to-date: /home/saber/robox_ws/install/arm_description/share/arm_description/meshes/rotating_base_link.STL
[0.686s] -- Up-to-date: /home/saber/robox_ws/install/arm_description/share/arm_description/meshes/wrist_link.STL
[0.686s] -- Up-to-date: /home/saber/robox_ws/install/arm_description/share/arm_description/meshes/base_link.STL
[0.686s] -- Up-to-date: /home/saber/robox_ws/install/arm_description/share/arm_description/meshes/shoulder_link.STL
[0.686s] -- Up-to-date: /home/saber/robox_ws/install/arm_description/share/arm_description/meshes/elbow_link.STL
[0.686s] -- Up-to-date: /home/saber/robox_ws/install/arm_description/share/arm_description/urdf
[0.687s] -- Up-to-date: /home/saber/robox_ws/install/arm_description/share/arm_description/urdf/arm.urdf
[0.687s] -- Up-to-date: /home/saber/robox_ws/install/arm_description/share/arm_description/urdf/arm_description.csv
[0.687s] -- Up-to-date: /home/saber/robox_ws/install/arm_description/share/arm_description/launch
[0.687s] -- Up-to-date: /home/saber/robox_ws/install/arm_description/share/arm_description/launch/display.launch.py
[0.687s] -- Up-to-date: /home/saber/robox_ws/install/arm_description/share/arm_description/launch/gazebo.launch.py
[0.687s] -- Up-to-date: /home/saber/robox_ws/install/arm_description/share/arm_description/launch/moveit_ik_launch.py
[0.687s] -- Up-to-date: /home/saber/robox_ws/install/arm_description/share/arm_description/rviz
[0.688s] -- Up-to-date: /home/saber/robox_ws/install/arm_description/share/arm_description/rviz/robot.rviz
[0.688s] -- Up-to-date: /home/saber/robox_ws/install/arm_description/share/arm_description/srv
[0.688s] -- Up-to-date: /home/saber/robox_ws/install/arm_description/share/arm_description/srv/GoToPose.srv
[0.688s] -- Up-to-date: /home/saber/robox_ws/install/arm_description/share/ament_index/resource_index/package_run_dependencies/arm_description
[0.688s] -- Up-to-date: /home/saber/robox_ws/install/arm_description/share/ament_index/resource_index/parent_prefix_path/arm_description
[0.688s] -- Up-to-date: /home/saber/robox_ws/install/arm_description/share/arm_description/environment/ament_prefix_path.sh
[0.688s] -- Up-to-date: /home/saber/robox_ws/install/arm_description/share/arm_description/environment/ament_prefix_path.dsv
[0.688s] -- Up-to-date: /home/saber/robox_ws/install/arm_description/share/arm_description/environment/path.sh
[0.688s] -- Up-to-date: /home/saber/robox_ws/install/arm_description/share/arm_description/environment/path.dsv
[0.688s] -- Up-to-date: /home/saber/robox_ws/install/arm_description/share/arm_description/local_setup.bash
[0.688s] -- Up-to-date: /home/saber/robox_ws/install/arm_description/share/arm_description/local_setup.sh
[0.688s] -- Up-to-date: /home/saber/robox_ws/install/arm_description/share/arm_description/local_setup.zsh
[0.688s] -- Up-to-date: /home/saber/robox_ws/install/arm_description/share/arm_description/local_setup.dsv
[0.688s] -- Installing: /home/saber/robox_ws/install/arm_description/share/arm_description/package.dsv
[0.689s] -- Up-to-date: /home/saber/robox_ws/install/arm_description/share/ament_index/resource_index/packages/arm_description
[0.689s] -- Up-to-date: /home/saber/robox_ws/install/arm_description/share/arm_description/cmake/export_arm_description__rosidl_generator_cExport.cmake
[0.689s] -- Up-to-date: /home/saber/robox_ws/install/arm_description/share/arm_description/cmake/export_arm_description__rosidl_generator_cExport-noconfig.cmake
[0.690s] -- Up-to-date: /home/saber/robox_ws/install/arm_description/share/arm_description/cmake/export_arm_description__rosidl_typesupport_fastrtps_cExport.cmake
[0.690s] -- Up-to-date: /home/saber/robox_ws/install/arm_description/share/arm_description/cmake/export_arm_description__rosidl_typesupport_fastrtps_cExport-noconfig.cmake
[0.690s] -- Up-to-date: /home/saber/robox_ws/install/arm_description/share/arm_description/cmake/export_arm_description__rosidl_generator_cppExport.cmake
[0.691s] -- Up-to-date: /home/saber/robox_ws/install/arm_description/share/arm_description/cmake/export_arm_description__rosidl_typesupport_fastrtps_cppExport.cmake
[0.691s] -- Up-to-date: /home/saber/robox_ws/install/arm_description/share/arm_description/cmake/export_arm_description__rosidl_typesupport_fastrtps_cppExport-noconfig.cmake
[0.691s] -- Up-to-date: /home/saber/robox_ws/install/arm_description/share/arm_description/cmake/arm_description__rosidl_typesupport_introspection_cExport.cmake
[0.691s] -- Up-to-date: /home/saber/robox_ws/install/arm_description/share/arm_description/cmake/arm_description__rosidl_typesupport_introspection_cExport-noconfig.cmake
[0.692s] -- Up-to-date: /home/saber/robox_ws/install/arm_description/share/arm_description/cmake/arm_description__rosidl_typesupport_cExport.cmake
[0.692s] -- Up-to-date: /home/saber/robox_ws/install/arm_description/share/arm_description/cmake/arm_description__rosidl_typesupport_cExport-noconfig.cmake
[0.692s] -- Up-to-date: /home/saber/robox_ws/install/arm_description/share/arm_description/cmake/arm_description__rosidl_typesupport_introspection_cppExport.cmake
[0.692s] -- Up-to-date: /home/saber/robox_ws/install/arm_description/share/arm_description/cmake/arm_description__rosidl_typesupport_introspection_cppExport-noconfig.cmake
[0.692s] -- Up-to-date: /home/saber/robox_ws/install/arm_description/share/arm_description/cmake/arm_description__rosidl_typesupport_cppExport.cmake
[0.692s] -- Up-to-date: /home/saber/robox_ws/install/arm_description/share/arm_description/cmake/arm_description__rosidl_typesupport_cppExport-noconfig.cmake
[0.693s] -- Up-to-date: /home/saber/robox_ws/install/arm_description/share/arm_description/cmake/export_arm_description__rosidl_generator_pyExport.cmake
[0.693s] -- Up-to-date: /home/saber/robox_ws/install/arm_description/share/arm_description/cmake/export_arm_description__rosidl_generator_pyExport-noconfig.cmake
[0.693s] -- Up-to-date: /home/saber/robox_ws/install/arm_description/share/arm_description/cmake/rosidl_cmake-extras.cmake
[0.693s] -- Up-to-date: /home/saber/robox_ws/install/arm_description/share/arm_description/cmake/ament_cmake_export_dependencies-extras.cmake
[0.693s] -- Up-to-date: /home/saber/robox_ws/install/arm_description/share/arm_description/cmake/ament_cmake_export_include_directories-extras.cmake
[0.693s] -- Up-to-date: /home/saber/robox_ws/install/arm_description/share/arm_description/cmake/ament_cmake_export_libraries-extras.cmake
[0.693s] -- Up-to-date: /home/saber/robox_ws/install/arm_description/share/arm_description/cmake/ament_cmake_export_targets-extras.cmake
[0.693s] -- Up-to-date: /home/saber/robox_ws/install/arm_description/share/arm_description/cmake/rosidl_cmake_export_typesupport_targets-extras.cmake
[0.693s] -- Up-to-date: /home/saber/robox_ws/install/arm_description/share/arm_description/cmake/rosidl_cmake_export_typesupport_libraries-extras.cmake
[0.693s] -- Up-to-date: /home/saber/robox_ws/install/arm_description/share/arm_description/cmake/arm_descriptionConfig.cmake
[0.693s] -- Up-to-date: /home/saber/robox_ws/install/arm_description/share/arm_description/cmake/arm_descriptionConfig-version.cmake
[0.694s] -- Up-to-date: /home/saber/robox_ws/install/arm_description/share/arm_description/package.xml
[0.696s] Invoked command in '/home/saber/robox_ws/build/arm_description' returned '0': CMAKE_PREFIX_PATH=${CMAKE_PREFIX_PATH}:/home/saber/robox_ws/install/arduinobot_py_examples:/home/saber/arduinobot_ws/install/arduinobot_py_examples:/opt/ros/jazzy DEBUGINFOD_URLS=https://debuginfod.ubuntu.com /usr/bin/cmake --install /home/saber/robox_ws/build/arm_description
