[0.017s] Invoking command in '/home/saber/robox_ws/build/arm_description': CMAKE_PREFIX_PATH=${CMAKE_PREFIX_PATH}:/home/saber/robox_ws/install/arduinobot_py_examples:/home/saber/arduinobot_ws/install/arduinobot_py_examples:/opt/ros/jazzy DEBUGINFOD_URLS=https://debuginfod.ubuntu.com /usr/bin/cmake --build /home/saber/robox_ws/build/arm_description -- -j16 -l16
[0.039s] /usr/bin/cmake -S/home/saber/robox_ws/src/arm_description -B/home/saber/robox_ws/build/arm_description --check-build-system CMakeFiles/Makefile.cmake 0
[0.053s] /usr/bin/cmake -E cmake_progress_start /home/saber/robox_ws/build/arm_description/CMakeFiles /home/saber/robox_ws/build/arm_description//CMakeFiles/progress.marks
[0.061s] /usr/bin/gmake  -f CMakeFiles/Makefile2 all
[0.063s] gmake[1]: Entering directory '/home/saber/robox_ws/build/arm_description'
[0.063s] /usr/bin/gmake  -f CMakeFiles/arm_description__rosidl_generator_type_description.dir/build.make CMakeFiles/arm_description__rosidl_generator_type_description.dir/depend
[0.063s] /usr/bin/gmake  -f CMakeFiles/ament_cmake_python_copy_arm_description.dir/build.make CMakeFiles/ament_cmake_python_copy_arm_description.dir/depend
[0.064s] gmake[2]: Entering directory '/home/saber/robox_ws/build/arm_description'
[0.064s] cd /home/saber/robox_ws/build/arm_description && /usr/bin/cmake -E cmake_depends "Unix Makefiles" /home/saber/robox_ws/src/arm_description /home/saber/robox_ws/src/arm_description /home/saber/robox_ws/build/arm_description /home/saber/robox_ws/build/arm_description /home/saber/robox_ws/build/arm_description/CMakeFiles/arm_description__rosidl_generator_type_description.dir/DependInfo.cmake "--color="
[0.064s] gmake[2]: Entering directory '/home/saber/robox_ws/build/arm_description'
[0.064s] cd /home/saber/robox_ws/build/arm_description && /usr/bin/cmake -E cmake_depends "Unix Makefiles" /home/saber/robox_ws/src/arm_description /home/saber/robox_ws/src/arm_description /home/saber/robox_ws/build/arm_description /home/saber/robox_ws/build/arm_description /home/saber/robox_ws/build/arm_description/CMakeFiles/ament_cmake_python_copy_arm_description.dir/DependInfo.cmake "--color="
[0.074s] gmake[2]: Leaving directory '/home/saber/robox_ws/build/arm_description'
[0.074s] gmake[2]: Leaving directory '/home/saber/robox_ws/build/arm_description'
[0.074s] /usr/bin/gmake  -f CMakeFiles/arm_description__rosidl_generator_type_description.dir/build.make CMakeFiles/arm_description__rosidl_generator_type_description.dir/build
[0.074s] /usr/bin/gmake  -f CMakeFiles/ament_cmake_python_copy_arm_description.dir/build.make CMakeFiles/ament_cmake_python_copy_arm_description.dir/build
[0.075s] gmake[2]: Entering directory '/home/saber/robox_ws/build/arm_description'
[0.075s] gmake[2]: Nothing to be done for 'CMakeFiles/arm_description__rosidl_generator_type_description.dir/build'.
[0.075s] gmake[2]: Leaving directory '/home/saber/robox_ws/build/arm_description'
[0.076s] gmake[2]: Entering directory '/home/saber/robox_ws/build/arm_description'
[0.076s] /usr/bin/cmake -E copy_directory /home/saber/robox_ws/build/arm_description/rosidl_generator_py/arm_description /home/saber/robox_ws/build/arm_description/ament_cmake_python/arm_description/arm_description
[0.083s] [  2%] Built target arm_description__rosidl_generator_type_description
[0.084s] /usr/bin/gmake  -f CMakeFiles/arm_description__cpp.dir/build.make CMakeFiles/arm_description__cpp.dir/depend
[0.084s] /usr/bin/gmake  -f CMakeFiles/arm_description__rosidl_generator_c.dir/build.make CMakeFiles/arm_description__rosidl_generator_c.dir/depend
[0.085s] gmake[2]: Leaving directory '/home/saber/robox_ws/build/arm_description'
[0.086s] gmake[2]: Entering directory '/home/saber/robox_ws/build/arm_description'
[0.086s] cd /home/saber/robox_ws/build/arm_description && /usr/bin/cmake -E cmake_depends "Unix Makefiles" /home/saber/robox_ws/src/arm_description /home/saber/robox_ws/src/arm_description /home/saber/robox_ws/build/arm_description /home/saber/robox_ws/build/arm_description /home/saber/robox_ws/build/arm_description/CMakeFiles/arm_description__cpp.dir/DependInfo.cmake "--color="
[0.087s] gmake[2]: Entering directory '/home/saber/robox_ws/build/arm_description'
[0.087s] cd /home/saber/robox_ws/build/arm_description && /usr/bin/cmake -E cmake_depends "Unix Makefiles" /home/saber/robox_ws/src/arm_description /home/saber/robox_ws/src/arm_description /home/saber/robox_ws/build/arm_description /home/saber/robox_ws/build/arm_description /home/saber/robox_ws/build/arm_description/CMakeFiles/arm_description__rosidl_generator_c.dir/DependInfo.cmake "--color="
[0.095s] [  2%] Built target ament_cmake_python_copy_arm_description
[0.096s] /usr/bin/gmake  -f CMakeFiles/ament_cmake_python_build_arm_description_egg.dir/build.make CMakeFiles/ament_cmake_python_build_arm_description_egg.dir/depend
[0.096s] gmake[2]: Leaving directory '/home/saber/robox_ws/build/arm_description'
[0.096s] /usr/bin/gmake  -f CMakeFiles/arm_description__cpp.dir/build.make CMakeFiles/arm_description__cpp.dir/build
[0.096s] gmake[2]: Leaving directory '/home/saber/robox_ws/build/arm_description'
[0.096s] /usr/bin/gmake  -f CMakeFiles/arm_description__rosidl_generator_c.dir/build.make CMakeFiles/arm_description__rosidl_generator_c.dir/build
[0.097s] gmake[2]: Entering directory '/home/saber/robox_ws/build/arm_description'
[0.098s] cd /home/saber/robox_ws/build/arm_description && /usr/bin/cmake -E cmake_depends "Unix Makefiles" /home/saber/robox_ws/src/arm_description /home/saber/robox_ws/src/arm_description /home/saber/robox_ws/build/arm_description /home/saber/robox_ws/build/arm_description /home/saber/robox_ws/build/arm_description/CMakeFiles/ament_cmake_python_build_arm_description_egg.dir/DependInfo.cmake "--color="
[0.098s] gmake[2]: Entering directory '/home/saber/robox_ws/build/arm_description'
[0.098s] gmake[2]: Nothing to be done for 'CMakeFiles/arm_description__cpp.dir/build'.
[0.098s] gmake[2]: Leaving directory '/home/saber/robox_ws/build/arm_description'
[0.099s] gmake[2]: Entering directory '/home/saber/robox_ws/build/arm_description'
[0.099s] gmake[2]: Nothing to be done for 'CMakeFiles/arm_description__rosidl_generator_c.dir/build'.
[0.099s] gmake[2]: Leaving directory '/home/saber/robox_ws/build/arm_description'
[0.107s] [ 11%] Built target arm_description__cpp
[0.107s] [ 19%] Built target arm_description__rosidl_generator_c
[0.108s] /usr/bin/gmake  -f CMakeFiles/arm_description__rosidl_typesupport_cpp.dir/build.make CMakeFiles/arm_description__rosidl_typesupport_cpp.dir/depend
[0.108s] gmake[2]: Leaving directory '/home/saber/robox_ws/build/arm_description'
[0.108s] /usr/bin/gmake  -f CMakeFiles/arm_description__rosidl_typesupport_fastrtps_c.dir/build.make CMakeFiles/arm_description__rosidl_typesupport_fastrtps_c.dir/depend
[0.108s] /usr/bin/gmake  -f CMakeFiles/ament_cmake_python_build_arm_description_egg.dir/build.make CMakeFiles/ament_cmake_python_build_arm_description_egg.dir/build
[0.108s] /usr/bin/gmake  -f CMakeFiles/arm_description__rosidl_typesupport_fastrtps_cpp.dir/build.make CMakeFiles/arm_description__rosidl_typesupport_fastrtps_cpp.dir/depend
[0.109s] /usr/bin/gmake  -f CMakeFiles/arm_description__rosidl_typesupport_introspection_c.dir/build.make CMakeFiles/arm_description__rosidl_typesupport_introspection_c.dir/depend
[0.109s] /usr/bin/gmake  -f CMakeFiles/arm_description__rosidl_typesupport_c.dir/build.make CMakeFiles/arm_description__rosidl_typesupport_c.dir/depend
[0.109s] /usr/bin/gmake  -f CMakeFiles/arm_description__rosidl_typesupport_introspection_cpp.dir/build.make CMakeFiles/arm_description__rosidl_typesupport_introspection_cpp.dir/depend
[0.109s] gmake[2]: Entering directory '/home/saber/robox_ws/build/arm_description'
[0.110s] cd /home/saber/robox_ws/build/arm_description/ament_cmake_python/arm_description && /usr/bin/python3 setup.py egg_info
[0.110s] gmake[2]: Entering directory '/home/saber/robox_ws/build/arm_description'
[0.110s] cd /home/saber/robox_ws/build/arm_description && /usr/bin/cmake -E cmake_depends "Unix Makefiles" /home/saber/robox_ws/src/arm_description /home/saber/robox_ws/src/arm_description /home/saber/robox_ws/build/arm_description /home/saber/robox_ws/build/arm_description /home/saber/robox_ws/build/arm_description/CMakeFiles/arm_description__rosidl_typesupport_cpp.dir/DependInfo.cmake "--color="
[0.110s] gmake[2]: Entering directory '/home/saber/robox_ws/build/arm_description'
[0.110s] cd /home/saber/robox_ws/build/arm_description && /usr/bin/cmake -E cmake_depends "Unix Makefiles" /home/saber/robox_ws/src/arm_description /home/saber/robox_ws/src/arm_description /home/saber/robox_ws/build/arm_description /home/saber/robox_ws/build/arm_description /home/saber/robox_ws/build/arm_description/CMakeFiles/arm_description__rosidl_typesupport_fastrtps_c.dir/DependInfo.cmake "--color="
[0.110s] gmake[2]: Entering directory '/home/saber/robox_ws/build/arm_description'
[0.110s] cd /home/saber/robox_ws/build/arm_description && /usr/bin/cmake -E cmake_depends "Unix Makefiles" /home/saber/robox_ws/src/arm_description /home/saber/robox_ws/src/arm_description /home/saber/robox_ws/build/arm_description /home/saber/robox_ws/build/arm_description /home/saber/robox_ws/build/arm_description/CMakeFiles/arm_description__rosidl_typesupport_introspection_c.dir/DependInfo.cmake "--color="
[0.110s] gmake[2]: Entering directory '/home/saber/robox_ws/build/arm_description'
[0.111s] cd /home/saber/robox_ws/build/arm_description && /usr/bin/cmake -E cmake_depends "Unix Makefiles" /home/saber/robox_ws/src/arm_description /home/saber/robox_ws/src/arm_description /home/saber/robox_ws/build/arm_description /home/saber/robox_ws/build/arm_description /home/saber/robox_ws/build/arm_description/CMakeFiles/arm_description__rosidl_typesupport_c.dir/DependInfo.cmake "--color="
[0.111s] gmake[2]: Entering directory '/home/saber/robox_ws/build/arm_description'
[0.111s] cd /home/saber/robox_ws/build/arm_description && /usr/bin/cmake -E cmake_depends "Unix Makefiles" /home/saber/robox_ws/src/arm_description /home/saber/robox_ws/src/arm_description /home/saber/robox_ws/build/arm_description /home/saber/robox_ws/build/arm_description /home/saber/robox_ws/build/arm_description/CMakeFiles/arm_description__rosidl_typesupport_fastrtps_cpp.dir/DependInfo.cmake "--color="
[0.111s] gmake[2]: Entering directory '/home/saber/robox_ws/build/arm_description'
[0.111s] cd /home/saber/robox_ws/build/arm_description && /usr/bin/cmake -E cmake_depends "Unix Makefiles" /home/saber/robox_ws/src/arm_description /home/saber/robox_ws/src/arm_description /home/saber/robox_ws/build/arm_description /home/saber/robox_ws/build/arm_description /home/saber/robox_ws/build/arm_description/CMakeFiles/arm_description__rosidl_typesupport_introspection_cpp.dir/DependInfo.cmake "--color="
[0.122s] gmake[2]: Leaving directory '/home/saber/robox_ws/build/arm_description'
[0.122s] gmake[2]: Leaving directory '/home/saber/robox_ws/build/arm_description'
[0.122s] gmake[2]: Leaving directory '/home/saber/robox_ws/build/arm_description'
[0.122s] gmake[2]: Leaving directory '/home/saber/robox_ws/build/arm_description'
[0.122s] gmake[2]: Leaving directory '/home/saber/robox_ws/build/arm_description'
[0.122s] /usr/bin/gmake  -f CMakeFiles/arm_description__rosidl_typesupport_fastrtps_cpp.dir/build.make CMakeFiles/arm_description__rosidl_typesupport_fastrtps_cpp.dir/build
[0.122s] /usr/bin/gmake  -f CMakeFiles/arm_description__rosidl_typesupport_cpp.dir/build.make CMakeFiles/arm_description__rosidl_typesupport_cpp.dir/build
[0.122s] /usr/bin/gmake  -f CMakeFiles/arm_description__rosidl_typesupport_fastrtps_c.dir/build.make CMakeFiles/arm_description__rosidl_typesupport_fastrtps_c.dir/build
[0.123s] gmake[2]: Leaving directory '/home/saber/robox_ws/build/arm_description'
[0.123s] /usr/bin/gmake  -f CMakeFiles/arm_description__rosidl_typesupport_introspection_c.dir/build.make CMakeFiles/arm_description__rosidl_typesupport_introspection_c.dir/build
[0.123s] /usr/bin/gmake  -f CMakeFiles/arm_description__rosidl_typesupport_c.dir/build.make CMakeFiles/arm_description__rosidl_typesupport_c.dir/build
[0.123s] /usr/bin/gmake  -f CMakeFiles/arm_description__rosidl_typesupport_introspection_cpp.dir/build.make CMakeFiles/arm_description__rosidl_typesupport_introspection_cpp.dir/build
[0.124s] gmake[2]: Entering directory '/home/saber/robox_ws/build/arm_description'
[0.125s] gmake[2]: Nothing to be done for 'CMakeFiles/arm_description__rosidl_typesupport_introspection_c.dir/build'.
[0.125s] gmake[2]: Leaving directory '/home/saber/robox_ws/build/arm_description'
[0.125s] gmake[2]: Entering directory '/home/saber/robox_ws/build/arm_description'
[0.125s] gmake[2]: Nothing to be done for 'CMakeFiles/arm_description__rosidl_typesupport_c.dir/build'.
[0.125s] gmake[2]: Leaving directory '/home/saber/robox_ws/build/arm_description'
[0.125s] gmake[2]: Entering directory '/home/saber/robox_ws/build/arm_description'
[0.125s] gmake[2]: Nothing to be done for 'CMakeFiles/arm_description__rosidl_typesupport_cpp.dir/build'.
[0.125s] gmake[2]: Entering directory '/home/saber/robox_ws/build/arm_description'
[0.125s] gmake[2]: Nothing to be done for 'CMakeFiles/arm_description__rosidl_typesupport_fastrtps_cpp.dir/build'.
[0.125s] gmake[2]: Leaving directory '/home/saber/robox_ws/build/arm_description'
[0.125s] gmake[2]: Leaving directory '/home/saber/robox_ws/build/arm_description'
[0.126s] gmake[2]: Entering directory '/home/saber/robox_ws/build/arm_description'
[0.126s] gmake[2]: Nothing to be done for 'CMakeFiles/arm_description__rosidl_typesupport_fastrtps_c.dir/build'.
[0.126s] gmake[2]: Leaving directory '/home/saber/robox_ws/build/arm_description'
[0.126s] gmake[2]: Entering directory '/home/saber/robox_ws/build/arm_description'
[0.126s] gmake[2]: Nothing to be done for 'CMakeFiles/arm_description__rosidl_typesupport_introspection_cpp.dir/build'.
[0.126s] gmake[2]: Leaving directory '/home/saber/robox_ws/build/arm_description'
[0.135s] [ 61%] Built target arm_description__rosidl_typesupport_c
[0.135s] [ 61%] Built target arm_description__rosidl_typesupport_introspection_c
[0.136s] [ 61%] Built target arm_description__rosidl_typesupport_fastrtps_c
[0.136s] [ 61%] Built target arm_description__rosidl_typesupport_introspection_cpp
[0.136s] [ 61%] Built target arm_description__rosidl_typesupport_cpp
[0.136s] [ 69%] Built target arm_description__rosidl_typesupport_fastrtps_cpp
[0.137s] /usr/bin/gmake  -f CMakeFiles/arm_description.dir/build.make CMakeFiles/arm_description.dir/depend
[0.139s] gmake[2]: Entering directory '/home/saber/robox_ws/build/arm_description'
[0.139s] cd /home/saber/robox_ws/build/arm_description && /usr/bin/cmake -E cmake_depends "Unix Makefiles" /home/saber/robox_ws/src/arm_description /home/saber/robox_ws/src/arm_description /home/saber/robox_ws/build/arm_description /home/saber/robox_ws/build/arm_description /home/saber/robox_ws/build/arm_description/CMakeFiles/arm_description.dir/DependInfo.cmake "--color="
[0.149s] gmake[2]: Leaving directory '/home/saber/robox_ws/build/arm_description'
[0.149s] /usr/bin/gmake  -f CMakeFiles/arm_description.dir/build.make CMakeFiles/arm_description.dir/build
[0.150s] gmake[2]: Entering directory '/home/saber/robox_ws/build/arm_description'
[0.150s] gmake[2]: Nothing to be done for 'CMakeFiles/arm_description.dir/build'.
[0.150s] gmake[2]: Leaving directory '/home/saber/robox_ws/build/arm_description'
[0.159s] [ 69%] Built target arm_description
[0.160s] /usr/bin/gmake  -f /home/saber/robox_ws/build/arm_description/arm_description__py/CMakeFiles/arm_description__py.dir/build.make /home/saber/robox_ws/build/arm_description/arm_description__py/CMakeFiles/arm_description__py.dir/depend
[0.160s] /usr/bin/gmake  -f CMakeFiles/robot_arm_ik_node.dir/build.make CMakeFiles/robot_arm_ik_node.dir/depend
[0.161s] gmake[2]: Entering directory '/home/saber/robox_ws/build/arm_description'
[0.161s] cd /home/saber/robox_ws/build/arm_description && /usr/bin/cmake -E cmake_depends "Unix Makefiles" /home/saber/robox_ws/src/arm_description /home/saber/robox_ws/build/arm_description/arm_description__py /home/saber/robox_ws/build/arm_description /home/saber/robox_ws/build/arm_description/arm_description__py /home/saber/robox_ws/build/arm_description/arm_description__py/CMakeFiles/arm_description__py.dir/DependInfo.cmake "--color="
[0.166s] gmake[2]: Entering directory '/home/saber/robox_ws/build/arm_description'
[0.167s] cd /home/saber/robox_ws/build/arm_description && /usr/bin/cmake -E cmake_depends "Unix Makefiles" /home/saber/robox_ws/src/arm_description /home/saber/robox_ws/src/arm_description /home/saber/robox_ws/build/arm_description /home/saber/robox_ws/build/arm_description /home/saber/robox_ws/build/arm_description/CMakeFiles/robot_arm_ik_node.dir/DependInfo.cmake "--color="
[0.172s] gmake[2]: Leaving directory '/home/saber/robox_ws/build/arm_description'
[0.172s] /usr/bin/gmake  -f /home/saber/robox_ws/build/arm_description/arm_description__py/CMakeFiles/arm_description__py.dir/build.make /home/saber/robox_ws/build/arm_description/arm_description__py/CMakeFiles/arm_description__py.dir/build
[0.173s] gmake[2]: Entering directory '/home/saber/robox_ws/build/arm_description'
[0.173s] gmake[2]: Nothing to be done for '/home/saber/robox_ws/build/arm_description/arm_description__py/CMakeFiles/arm_description__py.dir/build'.
[0.173s] gmake[2]: Leaving directory '/home/saber/robox_ws/build/arm_description'
[0.176s] gmake[2]: Leaving directory '/home/saber/robox_ws/build/arm_description'
[0.176s] /usr/bin/gmake  -f CMakeFiles/robot_arm_ik_node.dir/build.make CMakeFiles/robot_arm_ik_node.dir/build
[0.182s] [ 72%] Built target arm_description__py
[0.183s] /usr/bin/gmake  -f CMakeFiles/arm_description__rosidl_generator_py.dir/build.make CMakeFiles/arm_description__rosidl_generator_py.dir/depend
[0.185s] gmake[2]: Entering directory '/home/saber/robox_ws/build/arm_description'
[0.185s] cd /home/saber/robox_ws/build/arm_description && /usr/bin/cmake -E cmake_depends "Unix Makefiles" /home/saber/robox_ws/src/arm_description /home/saber/robox_ws/src/arm_description /home/saber/robox_ws/build/arm_description /home/saber/robox_ws/build/arm_description /home/saber/robox_ws/build/arm_description/CMakeFiles/arm_description__rosidl_generator_py.dir/DependInfo.cmake "--color="
[0.192s] gmake[2]: Entering directory '/home/saber/robox_ws/build/arm_description'
[0.192s] gmake[2]: Nothing to be done for 'CMakeFiles/robot_arm_ik_node.dir/build'.
[0.192s] gmake[2]: Leaving directory '/home/saber/robox_ws/build/arm_description'
[0.196s] gmake[2]: Leaving directory '/home/saber/robox_ws/build/arm_description'
[0.196s] /usr/bin/gmake  -f CMakeFiles/arm_description__rosidl_generator_py.dir/build.make CMakeFiles/arm_description__rosidl_generator_py.dir/build
[0.199s] gmake[2]: Entering directory '/home/saber/robox_ws/build/arm_description'
[0.199s] gmake[2]: Nothing to be done for 'CMakeFiles/arm_description__rosidl_generator_py.dir/build'.
[0.199s] gmake[2]: Leaving directory '/home/saber/robox_ws/build/arm_description'
[0.201s] [ 77%] Built target robot_arm_ik_node
[0.208s] [ 83%] Built target arm_description__rosidl_generator_py
[0.209s] /usr/bin/gmake  -f CMakeFiles/arm_description_s__rosidl_typesupport_fastrtps_c.dir/build.make CMakeFiles/arm_description_s__rosidl_typesupport_fastrtps_c.dir/depend
[0.209s] /usr/bin/gmake  -f CMakeFiles/arm_description_s__rosidl_typesupport_introspection_c.dir/build.make CMakeFiles/arm_description_s__rosidl_typesupport_introspection_c.dir/depend
[0.209s] /usr/bin/gmake  -f CMakeFiles/arm_description_s__rosidl_typesupport_c.dir/build.make CMakeFiles/arm_description_s__rosidl_typesupport_c.dir/depend
[0.210s] gmake[2]: Entering directory '/home/saber/robox_ws/build/arm_description'
[0.211s] cd /home/saber/robox_ws/build/arm_description && /usr/bin/cmake -E cmake_depends "Unix Makefiles" /home/saber/robox_ws/src/arm_description /home/saber/robox_ws/src/arm_description /home/saber/robox_ws/build/arm_description /home/saber/robox_ws/build/arm_description /home/saber/robox_ws/build/arm_description/CMakeFiles/arm_description_s__rosidl_typesupport_fastrtps_c.dir/DependInfo.cmake "--color="
[0.211s] gmake[2]: Entering directory '/home/saber/robox_ws/build/arm_description'
[0.211s] cd /home/saber/robox_ws/build/arm_description && /usr/bin/cmake -E cmake_depends "Unix Makefiles" /home/saber/robox_ws/src/arm_description /home/saber/robox_ws/src/arm_description /home/saber/robox_ws/build/arm_description /home/saber/robox_ws/build/arm_description /home/saber/robox_ws/build/arm_description/CMakeFiles/arm_description_s__rosidl_typesupport_introspection_c.dir/DependInfo.cmake "--color="
[0.211s] gmake[2]: Entering directory '/home/saber/robox_ws/build/arm_description'
[0.211s] cd /home/saber/robox_ws/build/arm_description && /usr/bin/cmake -E cmake_depends "Unix Makefiles" /home/saber/robox_ws/src/arm_description /home/saber/robox_ws/src/arm_description /home/saber/robox_ws/build/arm_description /home/saber/robox_ws/build/arm_description /home/saber/robox_ws/build/arm_description/CMakeFiles/arm_description_s__rosidl_typesupport_c.dir/DependInfo.cmake "--color="
[0.221s] gmake[2]: Leaving directory '/home/saber/robox_ws/build/arm_description'
[0.221s] gmake[2]: Leaving directory '/home/saber/robox_ws/build/arm_description'
[0.221s] gmake[2]: Leaving directory '/home/saber/robox_ws/build/arm_description'
[0.221s] /usr/bin/gmake  -f CMakeFiles/arm_description_s__rosidl_typesupport_introspection_c.dir/build.make CMakeFiles/arm_description_s__rosidl_typesupport_introspection_c.dir/build
[0.221s] /usr/bin/gmake  -f CMakeFiles/arm_description_s__rosidl_typesupport_fastrtps_c.dir/build.make CMakeFiles/arm_description_s__rosidl_typesupport_fastrtps_c.dir/build
[0.221s] /usr/bin/gmake  -f CMakeFiles/arm_description_s__rosidl_typesupport_c.dir/build.make CMakeFiles/arm_description_s__rosidl_typesupport_c.dir/build
[0.223s] gmake[2]: Entering directory '/home/saber/robox_ws/build/arm_description'
[0.223s] gmake[2]: Entering directory '/home/saber/robox_ws/build/arm_description'
[0.223s] gmake[2]: Nothing to be done for 'CMakeFiles/arm_description_s__rosidl_typesupport_introspection_c.dir/build'.
[0.223s] gmake[2]: Nothing to be done for 'CMakeFiles/arm_description_s__rosidl_typesupport_fastrtps_c.dir/build'.
[0.223s] gmake[2]: Leaving directory '/home/saber/robox_ws/build/arm_description'
[0.223s] gmake[2]: Leaving directory '/home/saber/robox_ws/build/arm_description'
[0.224s] gmake[2]: Entering directory '/home/saber/robox_ws/build/arm_description'
[0.224s] gmake[2]: Nothing to be done for 'CMakeFiles/arm_description_s__rosidl_typesupport_c.dir/build'.
[0.224s] gmake[2]: Leaving directory '/home/saber/robox_ws/build/arm_description'
[0.232s] [100%] Built target arm_description_s__rosidl_typesupport_introspection_c
[0.232s] [100%] Built target arm_description_s__rosidl_typesupport_c
[0.232s] [100%] Built target arm_description_s__rosidl_typesupport_fastrtps_c
[0.298s] running egg_info
[0.318s] writing arm_description.egg-info/PKG-INFO
[0.318s] writing dependency_links to arm_description.egg-info/dependency_links.txt
[0.318s] writing top-level names to arm_description.egg-info/top_level.txt
[0.374s] reading manifest file 'arm_description.egg-info/SOURCES.txt'
[0.375s] writing manifest file 'arm_description.egg-info/SOURCES.txt'
[0.390s] gmake[2]: Leaving directory '/home/saber/robox_ws/build/arm_description'
[0.400s] [100%] Built target ament_cmake_python_build_arm_description_egg
[0.401s] gmake[1]: Leaving directory '/home/saber/robox_ws/build/arm_description'
[0.401s] /usr/bin/cmake -E cmake_progress_start /home/saber/robox_ws/build/arm_description/CMakeFiles 0
[0.414s] Invoked command in '/home/saber/robox_ws/build/arm_description' returned '0': CMAKE_PREFIX_PATH=${CMAKE_PREFIX_PATH}:/home/saber/robox_ws/install/arduinobot_py_examples:/home/saber/arduinobot_ws/install/arduinobot_py_examples:/opt/ros/jazzy DEBUGINFOD_URLS=https://debuginfod.ubuntu.com /usr/bin/cmake --build /home/saber/robox_ws/build/arm_description -- -j16 -l16
[0.414s] Invoking command in '/home/saber/robox_ws/build/arm_description': CMAKE_PREFIX_PATH=${CMAKE_PREFIX_PATH}:/home/saber/robox_ws/install/arduinobot_py_examples:/home/saber/arduinobot_ws/install/arduinobot_py_examples:/opt/ros/jazzy DEBUGINFOD_URLS=https://debuginfod.ubuntu.com /usr/bin/cmake --install /home/saber/robox_ws/build/arm_description
[0.424s] -- Install configuration: ""
[0.424s] -- Up-to-date: /home/saber/robox_ws/install/arm_description/share/ament_index/resource_index/rosidl_interfaces/arm_description
[0.424s] -- Up-to-date: /home/saber/robox_ws/install/arm_description/share/arm_description/srv/GoToPose.json
[0.424s] -- Up-to-date: /home/saber/robox_ws/install/arm_description/include/arm_description/arm_description
[0.424s] -- Up-to-date: /home/saber/robox_ws/install/arm_description/include/arm_description/arm_description/msg
[0.424s] -- Up-to-date: /home/saber/robox_ws/install/arm_description/include/arm_description/arm_description/msg/rosidl_generator_c__visibility_control.h
[0.424s] -- Up-to-date: /home/saber/robox_ws/install/arm_description/include/arm_description/arm_description/srv
[0.424s] -- Up-to-date: /home/saber/robox_ws/install/arm_description/include/arm_description/arm_description/srv/go_to_pose.h
[0.424s] -- Up-to-date: /home/saber/robox_ws/install/arm_description/include/arm_description/arm_description/srv/detail
[0.424s] -- Up-to-date: /home/saber/robox_ws/install/arm_description/include/arm_description/arm_description/srv/detail/go_to_pose__functions.h
[0.424s] -- Up-to-date: /home/saber/robox_ws/install/arm_description/include/arm_description/arm_description/srv/detail/go_to_pose__struct.h
[0.425s] -- Up-to-date: /home/saber/robox_ws/install/arm_description/include/arm_description/arm_description/srv/detail/go_to_pose__type_support.c
[0.425s] -- Up-to-date: /home/saber/robox_ws/install/arm_description/include/arm_description/arm_description/srv/detail/go_to_pose__functions.c
[0.425s] -- Up-to-date: /home/saber/robox_ws/install/arm_description/include/arm_description/arm_description/srv/detail/go_to_pose__description.c
[0.425s] -- Up-to-date: /home/saber/robox_ws/install/arm_description/include/arm_description/arm_description/srv/detail/go_to_pose__type_support.h
[0.425s] -- Up-to-date: /home/saber/robox_ws/install/arm_description/share/arm_description/environment/library_path.sh
[0.425s] -- Up-to-date: /home/saber/robox_ws/install/arm_description/share/arm_description/environment/library_path.dsv
[0.425s] -- Up-to-date: /home/saber/robox_ws/install/arm_description/lib/libarm_description__rosidl_generator_c.so
[0.425s] -- Up-to-date: /home/saber/robox_ws/install/arm_description/include/arm_description/arm_description
[0.425s] -- Up-to-date: /home/saber/robox_ws/install/arm_description/include/arm_description/arm_description/msg
[0.425s] -- Up-to-date: /home/saber/robox_ws/install/arm_description/include/arm_description/arm_description/msg/rosidl_typesupport_fastrtps_c__visibility_control.h
[0.425s] -- Up-to-date: /home/saber/robox_ws/install/arm_description/include/arm_description/arm_description/srv
[0.425s] -- Up-to-date: /home/saber/robox_ws/install/arm_description/include/arm_description/arm_description/srv/detail
[0.425s] -- Up-to-date: /home/saber/robox_ws/install/arm_description/include/arm_description/arm_description/srv/detail/go_to_pose__rosidl_typesupport_fastrtps_c.h
[0.425s] -- Up-to-date: /home/saber/robox_ws/install/arm_description/lib/libarm_description__rosidl_typesupport_fastrtps_c.so
[0.425s] -- Up-to-date: /home/saber/robox_ws/install/arm_description/include/arm_description/arm_description
[0.425s] -- Up-to-date: /home/saber/robox_ws/install/arm_description/include/arm_description/arm_description/msg
[0.425s] -- Up-to-date: /home/saber/robox_ws/install/arm_description/include/arm_description/arm_description/msg/rosidl_generator_cpp__visibility_control.hpp
[0.426s] -- Up-to-date: /home/saber/robox_ws/install/arm_description/include/arm_description/arm_description/srv
[0.426s] -- Up-to-date: /home/saber/robox_ws/install/arm_description/include/arm_description/arm_description/srv/go_to_pose.hpp
[0.426s] -- Up-to-date: /home/saber/robox_ws/install/arm_description/include/arm_description/arm_description/srv/detail
[0.426s] -- Up-to-date: /home/saber/robox_ws/install/arm_description/include/arm_description/arm_description/srv/detail/go_to_pose__type_support.hpp
[0.426s] -- Up-to-date: /home/saber/robox_ws/install/arm_description/include/arm_description/arm_description/srv/detail/go_to_pose__traits.hpp
[0.426s] -- Up-to-date: /home/saber/robox_ws/install/arm_description/include/arm_description/arm_description/srv/detail/go_to_pose__struct.hpp
[0.426s] -- Up-to-date: /home/saber/robox_ws/install/arm_description/include/arm_description/arm_description/srv/detail/go_to_pose__builder.hpp
[0.426s] -- Up-to-date: /home/saber/robox_ws/install/arm_description/include/arm_description/arm_description
[0.426s] -- Up-to-date: /home/saber/robox_ws/install/arm_description/include/arm_description/arm_description/msg
[0.426s] -- Up-to-date: /home/saber/robox_ws/install/arm_description/include/arm_description/arm_description/msg/rosidl_typesupport_fastrtps_cpp__visibility_control.h
[0.426s] -- Up-to-date: /home/saber/robox_ws/install/arm_description/include/arm_description/arm_description/srv
[0.426s] -- Up-to-date: /home/saber/robox_ws/install/arm_description/include/arm_description/arm_description/srv/detail
[0.426s] -- Up-to-date: /home/saber/robox_ws/install/arm_description/include/arm_description/arm_description/srv/detail/go_to_pose__rosidl_typesupport_fastrtps_cpp.hpp
[0.426s] -- Up-to-date: /home/saber/robox_ws/install/arm_description/include/arm_description/arm_description/srv/detail/dds_fastrtps
[0.426s] -- Up-to-date: /home/saber/robox_ws/install/arm_description/lib/libarm_description__rosidl_typesupport_fastrtps_cpp.so
[0.426s] -- Up-to-date: /home/saber/robox_ws/install/arm_description/include/arm_description/arm_description
[0.426s] -- Up-to-date: /home/saber/robox_ws/install/arm_description/include/arm_description/arm_description/msg
[0.426s] -- Up-to-date: /home/saber/robox_ws/install/arm_description/include/arm_description/arm_description/msg/rosidl_typesupport_introspection_c__visibility_control.h
[0.427s] -- Up-to-date: /home/saber/robox_ws/install/arm_description/include/arm_description/arm_description/srv
[0.427s] -- Up-to-date: /home/saber/robox_ws/install/arm_description/include/arm_description/arm_description/srv/detail
[0.427s] -- Up-to-date: /home/saber/robox_ws/install/arm_description/include/arm_description/arm_description/srv/detail/go_to_pose__type_support.c
[0.427s] -- Up-to-date: /home/saber/robox_ws/install/arm_description/include/arm_description/arm_description/srv/detail/go_to_pose__rosidl_typesupport_introspection_c.h
[0.427s] -- Up-to-date: /home/saber/robox_ws/install/arm_description/lib/libarm_description__rosidl_typesupport_introspection_c.so
[0.427s] -- Up-to-date: /home/saber/robox_ws/install/arm_description/lib/libarm_description__rosidl_typesupport_c.so
[0.427s] -- Up-to-date: /home/saber/robox_ws/install/arm_description/include/arm_description/arm_description
[0.427s] -- Up-to-date: /home/saber/robox_ws/install/arm_description/include/arm_description/arm_description/srv
[0.427s] -- Up-to-date: /home/saber/robox_ws/install/arm_description/include/arm_description/arm_description/srv/detail
[0.427s] -- Up-to-date: /home/saber/robox_ws/install/arm_description/include/arm_description/arm_description/srv/detail/go_to_pose__rosidl_typesupport_introspection_cpp.hpp
[0.427s] -- Up-to-date: /home/saber/robox_ws/install/arm_description/include/arm_description/arm_description/srv/detail/go_to_pose__type_support.cpp
[0.427s] -- Up-to-date: /home/saber/robox_ws/install/arm_description/lib/libarm_description__rosidl_typesupport_introspection_cpp.so
[0.427s] -- Up-to-date: /home/saber/robox_ws/install/arm_description/lib/libarm_description__rosidl_typesupport_cpp.so
[0.427s] -- Up-to-date: /home/saber/robox_ws/install/arm_description/share/arm_description/environment/pythonpath.sh
[0.427s] -- Up-to-date: /home/saber/robox_ws/install/arm_description/share/arm_description/environment/pythonpath.dsv
[0.427s] -- Up-to-date: /home/saber/robox_ws/install/arm_description/lib/python3.12/site-packages/arm_description-0.0.0-py3.12.egg-info
[0.427s] -- Installing: /home/saber/robox_ws/install/arm_description/lib/python3.12/site-packages/arm_description-0.0.0-py3.12.egg-info/top_level.txt
[0.428s] -- Installing: /home/saber/robox_ws/install/arm_description/lib/python3.12/site-packages/arm_description-0.0.0-py3.12.egg-info/SOURCES.txt
[0.428s] -- Installing: /home/saber/robox_ws/install/arm_description/lib/python3.12/site-packages/arm_description-0.0.0-py3.12.egg-info/dependency_links.txt
[0.428s] -- Installing: /home/saber/robox_ws/install/arm_description/lib/python3.12/site-packages/arm_description-0.0.0-py3.12.egg-info/PKG-INFO
[0.428s] -- Up-to-date: /home/saber/robox_ws/install/arm_description/lib/python3.12/site-packages/arm_description
[0.428s] -- Up-to-date: /home/saber/robox_ws/install/arm_description/lib/python3.12/site-packages/arm_description/__init__.py
[0.428s] -- Up-to-date: /home/saber/robox_ws/install/arm_description/lib/python3.12/site-packages/arm_description/_arm_description_s.ep.rosidl_typesupport_fastrtps_c.c
[0.428s] -- Up-to-date: /home/saber/robox_ws/install/arm_description/lib/python3.12/site-packages/arm_description/arm_description_s__rosidl_typesupport_c.so
[0.428s] -- Up-to-date: /home/saber/robox_ws/install/arm_description/lib/python3.12/site-packages/arm_description/_arm_description_s.ep.rosidl_typesupport_c.c
[0.428s] -- Up-to-date: /home/saber/robox_ws/install/arm_description/lib/python3.12/site-packages/arm_description/arm_description_s__rosidl_typesupport_fastrtps_c.so
[0.428s] -- Up-to-date: /home/saber/robox_ws/install/arm_description/lib/python3.12/site-packages/arm_description/arm_description_s__rosidl_typesupport_introspection_c.so
[0.428s] -- Up-to-date: /home/saber/robox_ws/install/arm_description/lib/python3.12/site-packages/arm_description/srv
[0.428s] -- Up-to-date: /home/saber/robox_ws/install/arm_description/lib/python3.12/site-packages/arm_description/srv/__init__.py
[0.428s] -- Up-to-date: /home/saber/robox_ws/install/arm_description/lib/python3.12/site-packages/arm_description/srv/_go_to_pose_s.c
[0.428s] -- Up-to-date: /home/saber/robox_ws/install/arm_description/lib/python3.12/site-packages/arm_description/srv/_go_to_pose.py
[0.429s] -- Up-to-date: /home/saber/robox_ws/install/arm_description/lib/python3.12/site-packages/arm_description/_arm_description_s.ep.rosidl_typesupport_introspection_c.c
[0.458s] Listing '/home/saber/robox_ws/install/arm_description/lib/python3.12/site-packages/arm_description'...
[0.458s] Listing '/home/saber/robox_ws/install/arm_description/lib/python3.12/site-packages/arm_description/srv'...
[0.462s] -- Up-to-date: /home/saber/robox_ws/install/arm_description/lib/python3.12/site-packages/arm_description/arm_description_s__rosidl_typesupport_fastrtps_c.so
[0.462s] -- Up-to-date: /home/saber/robox_ws/install/arm_description/lib/python3.12/site-packages/arm_description/arm_description_s__rosidl_typesupport_introspection_c.so
[0.463s] -- Up-to-date: /home/saber/robox_ws/install/arm_description/lib/python3.12/site-packages/arm_description/arm_description_s__rosidl_typesupport_c.so
[0.463s] -- Up-to-date: /home/saber/robox_ws/install/arm_description/lib/libarm_description__rosidl_generator_py.so
[0.463s] -- Up-to-date: /home/saber/robox_ws/install/arm_description/share/arm_description/srv/GoToPose.idl
[0.463s] -- Up-to-date: /home/saber/robox_ws/install/arm_description/share/arm_description/srv/GoToPose.srv
[0.463s] -- Up-to-date: /home/saber/robox_ws/install/arm_description/lib/arm_description/robot_arm_ik_node
[0.464s] -- Up-to-date: /home/saber/robox_ws/install/arm_description/share/arm_description/meshes
[0.464s] -- Up-to-date: /home/saber/robox_ws/install/arm_description/share/arm_description/meshes/gripper_right_link.STL
[0.464s] -- Up-to-date: /home/saber/robox_ws/install/arm_description/share/arm_description/meshes/gripper_left_link.STL
[0.464s] -- Up-to-date: /home/saber/robox_ws/install/arm_description/share/arm_description/meshes/forearm_link.STL
[0.464s] -- Up-to-date: /home/saber/robox_ws/install/arm_description/share/arm_description/meshes/rotating_base_link.STL
[0.464s] -- Up-to-date: /home/saber/robox_ws/install/arm_description/share/arm_description/meshes/wrist_link.STL
[0.464s] -- Up-to-date: /home/saber/robox_ws/install/arm_description/share/arm_description/meshes/base_link.STL
[0.464s] -- Up-to-date: /home/saber/robox_ws/install/arm_description/share/arm_description/meshes/shoulder_link.STL
[0.464s] -- Up-to-date: /home/saber/robox_ws/install/arm_description/share/arm_description/meshes/elbow_link.STL
[0.464s] -- Up-to-date: /home/saber/robox_ws/install/arm_description/share/arm_description/urdf
[0.464s] -- Up-to-date: /home/saber/robox_ws/install/arm_description/share/arm_description/urdf/arm.urdf
[0.464s] -- Up-to-date: /home/saber/robox_ws/install/arm_description/share/arm_description/urdf/arm_description.csv
[0.464s] -- Up-to-date: /home/saber/robox_ws/install/arm_description/share/arm_description/launch
[0.464s] -- Up-to-date: /home/saber/robox_ws/install/arm_description/share/arm_description/launch/display.launch.py
[0.465s] -- Up-to-date: /home/saber/robox_ws/install/arm_description/share/arm_description/launch/gazebo.launch.py
[0.465s] -- Up-to-date: /home/saber/robox_ws/install/arm_description/share/arm_description/launch/moveit_ik_launch.py
[0.465s] -- Up-to-date: /home/saber/robox_ws/install/arm_description/share/arm_description/rviz
[0.465s] -- Up-to-date: /home/saber/robox_ws/install/arm_description/share/arm_description/rviz/robot.rviz
[0.465s] -- Up-to-date: /home/saber/robox_ws/install/arm_description/share/arm_description/srv
[0.465s] -- Up-to-date: /home/saber/robox_ws/install/arm_description/share/arm_description/srv/GoToPose.srv
[0.465s] -- Up-to-date: /home/saber/robox_ws/install/arm_description/share/ament_index/resource_index/package_run_dependencies/arm_description
[0.465s] -- Up-to-date: /home/saber/robox_ws/install/arm_description/share/ament_index/resource_index/parent_prefix_path/arm_description
[0.465s] -- Up-to-date: /home/saber/robox_ws/install/arm_description/share/arm_description/environment/ament_prefix_path.sh
[0.465s] -- Up-to-date: /home/saber/robox_ws/install/arm_description/share/arm_description/environment/ament_prefix_path.dsv
[0.465s] -- Up-to-date: /home/saber/robox_ws/install/arm_description/share/arm_description/environment/path.sh
[0.465s] -- Up-to-date: /home/saber/robox_ws/install/arm_description/share/arm_description/environment/path.dsv
[0.465s] -- Up-to-date: /home/saber/robox_ws/install/arm_description/share/arm_description/local_setup.bash
[0.465s] -- Up-to-date: /home/saber/robox_ws/install/arm_description/share/arm_description/local_setup.sh
[0.465s] -- Up-to-date: /home/saber/robox_ws/install/arm_description/share/arm_description/local_setup.zsh
[0.465s] -- Up-to-date: /home/saber/robox_ws/install/arm_description/share/arm_description/local_setup.dsv
[0.465s] -- Installing: /home/saber/robox_ws/install/arm_description/share/arm_description/package.dsv
[0.465s] -- Up-to-date: /home/saber/robox_ws/install/arm_description/share/ament_index/resource_index/packages/arm_description
[0.466s] -- Up-to-date: /home/saber/robox_ws/install/arm_description/share/arm_description/cmake/export_arm_description__rosidl_generator_cExport.cmake
[0.466s] -- Up-to-date: /home/saber/robox_ws/install/arm_description/share/arm_description/cmake/export_arm_description__rosidl_generator_cExport-noconfig.cmake
[0.466s] -- Up-to-date: /home/saber/robox_ws/install/arm_description/share/arm_description/cmake/export_arm_description__rosidl_typesupport_fastrtps_cExport.cmake
[0.466s] -- Up-to-date: /home/saber/robox_ws/install/arm_description/share/arm_description/cmake/export_arm_description__rosidl_typesupport_fastrtps_cExport-noconfig.cmake
[0.466s] -- Up-to-date: /home/saber/robox_ws/install/arm_description/share/arm_description/cmake/export_arm_description__rosidl_generator_cppExport.cmake
[0.466s] -- Up-to-date: /home/saber/robox_ws/install/arm_description/share/arm_description/cmake/export_arm_description__rosidl_typesupport_fastrtps_cppExport.cmake
[0.466s] -- Up-to-date: /home/saber/robox_ws/install/arm_description/share/arm_description/cmake/export_arm_description__rosidl_typesupport_fastrtps_cppExport-noconfig.cmake
[0.466s] -- Up-to-date: /home/saber/robox_ws/install/arm_description/share/arm_description/cmake/arm_description__rosidl_typesupport_introspection_cExport.cmake
[0.466s] -- Up-to-date: /home/saber/robox_ws/install/arm_description/share/arm_description/cmake/arm_description__rosidl_typesupport_introspection_cExport-noconfig.cmake
[0.466s] -- Up-to-date: /home/saber/robox_ws/install/arm_description/share/arm_description/cmake/arm_description__rosidl_typesupport_cExport.cmake
[0.466s] -- Up-to-date: /home/saber/robox_ws/install/arm_description/share/arm_description/cmake/arm_description__rosidl_typesupport_cExport-noconfig.cmake
[0.466s] -- Up-to-date: /home/saber/robox_ws/install/arm_description/share/arm_description/cmake/arm_description__rosidl_typesupport_introspection_cppExport.cmake
[0.466s] -- Up-to-date: /home/saber/robox_ws/install/arm_description/share/arm_description/cmake/arm_description__rosidl_typesupport_introspection_cppExport-noconfig.cmake
[0.466s] -- Up-to-date: /home/saber/robox_ws/install/arm_description/share/arm_description/cmake/arm_description__rosidl_typesupport_cppExport.cmake
[0.466s] -- Up-to-date: /home/saber/robox_ws/install/arm_description/share/arm_description/cmake/arm_description__rosidl_typesupport_cppExport-noconfig.cmake
[0.466s] -- Up-to-date: /home/saber/robox_ws/install/arm_description/share/arm_description/cmake/export_arm_description__rosidl_generator_pyExport.cmake
[0.466s] -- Up-to-date: /home/saber/robox_ws/install/arm_description/share/arm_description/cmake/export_arm_description__rosidl_generator_pyExport-noconfig.cmake
[0.467s] -- Up-to-date: /home/saber/robox_ws/install/arm_description/share/arm_description/cmake/rosidl_cmake-extras.cmake
[0.467s] -- Up-to-date: /home/saber/robox_ws/install/arm_description/share/arm_description/cmake/ament_cmake_export_dependencies-extras.cmake
[0.467s] -- Up-to-date: /home/saber/robox_ws/install/arm_description/share/arm_description/cmake/ament_cmake_export_include_directories-extras.cmake
[0.467s] -- Up-to-date: /home/saber/robox_ws/install/arm_description/share/arm_description/cmake/ament_cmake_export_libraries-extras.cmake
[0.467s] -- Up-to-date: /home/saber/robox_ws/install/arm_description/share/arm_description/cmake/ament_cmake_export_targets-extras.cmake
[0.467s] -- Up-to-date: /home/saber/robox_ws/install/arm_description/share/arm_description/cmake/rosidl_cmake_export_typesupport_targets-extras.cmake
[0.467s] -- Up-to-date: /home/saber/robox_ws/install/arm_description/share/arm_description/cmake/rosidl_cmake_export_typesupport_libraries-extras.cmake
[0.467s] -- Up-to-date: /home/saber/robox_ws/install/arm_description/share/arm_description/cmake/arm_descriptionConfig.cmake
[0.467s] -- Up-to-date: /home/saber/robox_ws/install/arm_description/share/arm_description/cmake/arm_descriptionConfig-version.cmake
[0.467s] -- Up-to-date: /home/saber/robox_ws/install/arm_description/share/arm_description/package.xml
[0.469s] Invoked command in '/home/saber/robox_ws/build/arm_description' returned '0': CMAKE_PREFIX_PATH=${CMAKE_PREFIX_PATH}:/home/saber/robox_ws/install/arduinobot_py_examples:/home/saber/arduinobot_ws/install/arduinobot_py_examples:/opt/ros/jazzy DEBUGINFOD_URLS=https://debuginfod.ubuntu.com /usr/bin/cmake --install /home/saber/robox_ws/build/arm_description
