[0.039s] Invoking command in '/home/saber/robox_ws/build/moveit_ros_visualization': AMENT_PREFIX_PATH=/home/saber/robox_ws/install/moveit_ros_planning_interface:/home/saber/robox_ws/install/moveit_ros_move_group:/home/saber/robox_ws/install/moveit_ros_warehouse:/home/saber/robox_ws/install/moveit_ros_robot_interaction:/home/saber/robox_ws/install/moveit_kinematics:/home/saber/robox_ws/install/moveit_ros_planning:/home/saber/robox_ws/install/moveit_simple_controller_manager:/home/saber/robox_ws/install/moveit_ros_occupancy_map_monitor:/home/saber/robox_ws/install/moveit_core:/home/saber/robox_ws/install/moveit_configs_utils:/home/saber/robox_ws/install/moveit_common:${AMENT_PREFIX_PATH} CMAKE_PREFIX_PATH=/home/saber/robox_ws/install/moveit_ros_planning_interface:/home/saber/robox_ws/install/moveit_ros_move_group:/home/saber/robox_ws/install/moveit_ros_warehouse:/home/saber/robox_ws/install/moveit_ros_robot_interaction:/home/saber/robox_ws/install/moveit_kinematics:/home/saber/robox_ws/install/moveit_ros_planning:/home/saber/robox_ws/install/moveit_simple_controller_manager:/home/saber/robox_ws/install/moveit_ros_occupancy_map_monitor:/home/saber/robox_ws/install/moveit_core:/home/saber/robox_ws/install/moveit_common:/home/saber/arduinobot_ws/install/controller:/home/saber/arduinobot_ws/install/arm_description:/home/saber/arduinobot_ws/install/arduinobot_cpp_examples:/opt/ros/jazzy/opt/gz_sim_vendor:/opt/ros/jazzy/opt/gz_sensors_vendor:/opt/ros/jazzy/opt/gz_physics_vendor:/opt/ros/jazzy/opt/sdformat_vendor:/opt/ros/jazzy/opt/gz_gui_vendor:/opt/ros/jazzy/opt/gz_transport_vendor:/opt/ros/jazzy/opt/gz_rendering_vendor:/opt/ros/jazzy/opt/gz_plugin_vendor:/opt/ros/jazzy/opt/gz_fuel_tools_vendor:/opt/ros/jazzy/opt/gz_msgs_vendor:/opt/ros/jazzy/opt/gz_common_vendor:/opt/ros/jazzy/opt/gz_math_vendor:/opt/ros/jazzy/opt/gz_utils_vendor:/opt/ros/jazzy/opt/gz_tools_vendor:/opt/ros/jazzy/opt/gz_ogre_next_vendor:/opt/ros/jazzy/opt/gz_dartsim_vendor:/opt/ros/jazzy/opt/gz_cmake_vendor:/home/saber/arduinobot_ws/install/arduinobot_py_examples:/opt/ros/jazzy DEBUGINFOD_URLS=https://debuginfod.ubuntu.com LD_LIBRARY_PATH=/home/saber/robox_ws/install/moveit_ros_planning_interface/lib:/home/saber/robox_ws/install/moveit_ros_move_group/lib:/home/saber/robox_ws/install/moveit_ros_warehouse/lib:/home/saber/robox_ws/install/moveit_ros_robot_interaction/lib:/home/saber/robox_ws/install/moveit_kinematics/lib:/home/saber/robox_ws/install/moveit_ros_planning/lib:/home/saber/robox_ws/install/moveit_simple_controller_manager/lib:/home/saber/robox_ws/install/moveit_ros_occupancy_map_monitor/lib:/home/saber/robox_ws/install/moveit_core/lib:${LD_LIBRARY_PATH} PATH=/home/saber/robox_ws/install/moveit_core/bin:${PATH} PYTHONPATH=/home/saber/robox_ws/install/moveit_configs_utils/lib/python3.12/site-packages:${PYTHONPATH} /usr/bin/cmake --build /home/saber/robox_ws/build/moveit_ros_visualization -- -j16 -l16
[0.132s] [  0%] Built target moveit_rviz_plugin_render_tools_autogen_timestamp_deps
[0.181s] [  1%] Built target moveit_rviz_plugin_render_tools_autogen
[0.273s] [ 18%] Built target moveit_rviz_plugin_render_tools
[0.323s] [ 18%] Built target moveit_robot_state_rviz_plugin_core_autogen_timestamp_deps
[0.323s] [ 18%] Built target moveit_planning_scene_rviz_plugin_core_autogen_timestamp_deps
[0.387s] [ 22%] Built target moveit_planning_scene_rviz_plugin_core_autogen
[0.388s] [ 22%] Built target moveit_robot_state_rviz_plugin_core_autogen
[0.452s] [ 27%] Built target moveit_robot_state_rviz_plugin_core
[0.460s] [ 34%] Built target moveit_planning_scene_rviz_plugin_core
[0.483s] [ 34%] Built target moveit_robot_state_rviz_plugin_autogen_timestamp_deps
[0.488s] [ 34%] Built target moveit_planning_scene_rviz_plugin_autogen_timestamp_deps
[0.488s] [ 34%] Built target moveit_trajectory_rviz_plugin_core_autogen_timestamp_deps
[0.512s] [ 36%] Built target moveit_robot_state_rviz_plugin_autogen
[0.516s] [ 37%] Built target moveit_planning_scene_rviz_plugin_autogen
[0.524s] [ 39%] Built target moveit_trajectory_rviz_plugin_core_autogen
[0.561s] [ 44%] Built target moveit_robot_state_rviz_plugin
[0.572s] [ 50%] Built target moveit_planning_scene_rviz_plugin
[0.577s] [ 55%] Built target moveit_trajectory_rviz_plugin_core
[0.599s] [ 55%] Built target moveit_motion_planning_rviz_plugin_core_autogen_timestamp_deps
[0.602s] [ 55%] Built target moveit_trajectory_rviz_plugin_autogen_timestamp_deps
[0.630s] [ 56%] Built target moveit_trajectory_rviz_plugin_autogen
[0.639s] [ 58%] Built target moveit_motion_planning_rviz_plugin_core_autogen
[0.680s] [ 63%] Built target moveit_trajectory_rviz_plugin
[0.740s] [ 93%] Built target moveit_motion_planning_rviz_plugin_core
[0.767s] [ 93%] Built target moveit_motion_planning_rviz_plugin_autogen_timestamp_deps
[0.794s] [ 94%] Built target moveit_motion_planning_rviz_plugin_autogen
[0.846s] [100%] Built target moveit_motion_planning_rviz_plugin
[0.863s] Invoked command in '/home/saber/robox_ws/build/moveit_ros_visualization' returned '0': AMENT_PREFIX_PATH=/home/saber/robox_ws/install/moveit_ros_planning_interface:/home/saber/robox_ws/install/moveit_ros_move_group:/home/saber/robox_ws/install/moveit_ros_warehouse:/home/saber/robox_ws/install/moveit_ros_robot_interaction:/home/saber/robox_ws/install/moveit_kinematics:/home/saber/robox_ws/install/moveit_ros_planning:/home/saber/robox_ws/install/moveit_simple_controller_manager:/home/saber/robox_ws/install/moveit_ros_occupancy_map_monitor:/home/saber/robox_ws/install/moveit_core:/home/saber/robox_ws/install/moveit_configs_utils:/home/saber/robox_ws/install/moveit_common:${AMENT_PREFIX_PATH} CMAKE_PREFIX_PATH=/home/saber/robox_ws/install/moveit_ros_planning_interface:/home/saber/robox_ws/install/moveit_ros_move_group:/home/saber/robox_ws/install/moveit_ros_warehouse:/home/saber/robox_ws/install/moveit_ros_robot_interaction:/home/saber/robox_ws/install/moveit_kinematics:/home/saber/robox_ws/install/moveit_ros_planning:/home/saber/robox_ws/install/moveit_simple_controller_manager:/home/saber/robox_ws/install/moveit_ros_occupancy_map_monitor:/home/saber/robox_ws/install/moveit_core:/home/saber/robox_ws/install/moveit_common:/home/saber/arduinobot_ws/install/controller:/home/saber/arduinobot_ws/install/arm_description:/home/saber/arduinobot_ws/install/arduinobot_cpp_examples:/opt/ros/jazzy/opt/gz_sim_vendor:/opt/ros/jazzy/opt/gz_sensors_vendor:/opt/ros/jazzy/opt/gz_physics_vendor:/opt/ros/jazzy/opt/sdformat_vendor:/opt/ros/jazzy/opt/gz_gui_vendor:/opt/ros/jazzy/opt/gz_transport_vendor:/opt/ros/jazzy/opt/gz_rendering_vendor:/opt/ros/jazzy/opt/gz_plugin_vendor:/opt/ros/jazzy/opt/gz_fuel_tools_vendor:/opt/ros/jazzy/opt/gz_msgs_vendor:/opt/ros/jazzy/opt/gz_common_vendor:/opt/ros/jazzy/opt/gz_math_vendor:/opt/ros/jazzy/opt/gz_utils_vendor:/opt/ros/jazzy/opt/gz_tools_vendor:/opt/ros/jazzy/opt/gz_ogre_next_vendor:/opt/ros/jazzy/opt/gz_dartsim_vendor:/opt/ros/jazzy/opt/gz_cmake_vendor:/home/saber/arduinobot_ws/install/arduinobot_py_examples:/opt/ros/jazzy DEBUGINFOD_URLS=https://debuginfod.ubuntu.com LD_LIBRARY_PATH=/home/saber/robox_ws/install/moveit_ros_planning_interface/lib:/home/saber/robox_ws/install/moveit_ros_move_group/lib:/home/saber/robox_ws/install/moveit_ros_warehouse/lib:/home/saber/robox_ws/install/moveit_ros_robot_interaction/lib:/home/saber/robox_ws/install/moveit_kinematics/lib:/home/saber/robox_ws/install/moveit_ros_planning/lib:/home/saber/robox_ws/install/moveit_simple_controller_manager/lib:/home/saber/robox_ws/install/moveit_ros_occupancy_map_monitor/lib:/home/saber/robox_ws/install/moveit_core/lib:${LD_LIBRARY_PATH} PATH=/home/saber/robox_ws/install/moveit_core/bin:${PATH} PYTHONPATH=/home/saber/robox_ws/install/moveit_configs_utils/lib/python3.12/site-packages:${PYTHONPATH} /usr/bin/cmake --build /home/saber/robox_ws/build/moveit_ros_visualization -- -j16 -l16
[0.864s] Invoking command in '/home/saber/robox_ws/build/moveit_ros_visualization': AMENT_PREFIX_PATH=/home/saber/robox_ws/install/moveit_ros_planning_interface:/home/saber/robox_ws/install/moveit_ros_move_group:/home/saber/robox_ws/install/moveit_ros_warehouse:/home/saber/robox_ws/install/moveit_ros_robot_interaction:/home/saber/robox_ws/install/moveit_kinematics:/home/saber/robox_ws/install/moveit_ros_planning:/home/saber/robox_ws/install/moveit_simple_controller_manager:/home/saber/robox_ws/install/moveit_ros_occupancy_map_monitor:/home/saber/robox_ws/install/moveit_core:/home/saber/robox_ws/install/moveit_configs_utils:/home/saber/robox_ws/install/moveit_common:${AMENT_PREFIX_PATH} CMAKE_PREFIX_PATH=/home/saber/robox_ws/install/moveit_ros_planning_interface:/home/saber/robox_ws/install/moveit_ros_move_group:/home/saber/robox_ws/install/moveit_ros_warehouse:/home/saber/robox_ws/install/moveit_ros_robot_interaction:/home/saber/robox_ws/install/moveit_kinematics:/home/saber/robox_ws/install/moveit_ros_planning:/home/saber/robox_ws/install/moveit_simple_controller_manager:/home/saber/robox_ws/install/moveit_ros_occupancy_map_monitor:/home/saber/robox_ws/install/moveit_core:/home/saber/robox_ws/install/moveit_common:/home/saber/arduinobot_ws/install/controller:/home/saber/arduinobot_ws/install/arm_description:/home/saber/arduinobot_ws/install/arduinobot_cpp_examples:/opt/ros/jazzy/opt/gz_sim_vendor:/opt/ros/jazzy/opt/gz_sensors_vendor:/opt/ros/jazzy/opt/gz_physics_vendor:/opt/ros/jazzy/opt/sdformat_vendor:/opt/ros/jazzy/opt/gz_gui_vendor:/opt/ros/jazzy/opt/gz_transport_vendor:/opt/ros/jazzy/opt/gz_rendering_vendor:/opt/ros/jazzy/opt/gz_plugin_vendor:/opt/ros/jazzy/opt/gz_fuel_tools_vendor:/opt/ros/jazzy/opt/gz_msgs_vendor:/opt/ros/jazzy/opt/gz_common_vendor:/opt/ros/jazzy/opt/gz_math_vendor:/opt/ros/jazzy/opt/gz_utils_vendor:/opt/ros/jazzy/opt/gz_tools_vendor:/opt/ros/jazzy/opt/gz_ogre_next_vendor:/opt/ros/jazzy/opt/gz_dartsim_vendor:/opt/ros/jazzy/opt/gz_cmake_vendor:/home/saber/arduinobot_ws/install/arduinobot_py_examples:/opt/ros/jazzy DEBUGINFOD_URLS=https://debuginfod.ubuntu.com LD_LIBRARY_PATH=/home/saber/robox_ws/install/moveit_ros_planning_interface/lib:/home/saber/robox_ws/install/moveit_ros_move_group/lib:/home/saber/robox_ws/install/moveit_ros_warehouse/lib:/home/saber/robox_ws/install/moveit_ros_robot_interaction/lib:/home/saber/robox_ws/install/moveit_kinematics/lib:/home/saber/robox_ws/install/moveit_ros_planning/lib:/home/saber/robox_ws/install/moveit_simple_controller_manager/lib:/home/saber/robox_ws/install/moveit_ros_occupancy_map_monitor/lib:/home/saber/robox_ws/install/moveit_core/lib:${LD_LIBRARY_PATH} PATH=/home/saber/robox_ws/install/moveit_core/bin:${PATH} PYTHONPATH=/home/saber/robox_ws/install/moveit_configs_utils/lib/python3.12/site-packages:${PYTHONPATH} /usr/bin/cmake --install /home/saber/robox_ws/build/moveit_ros_visualization
[0.875s] -- Install configuration: "Release"
[0.875s] -- Execute custom install script
[0.876s] -- Up-to-date symlink: /home/saber/robox_ws/install/moveit_ros_visualization/include/moveit_ros_visualization/moveit/rviz_plugin_render_tools/octomap_render.h
[0.876s] -- Up-to-date symlink: /home/saber/robox_ws/install/moveit_ros_visualization/include/moveit_ros_visualization/moveit/rviz_plugin_render_tools/octomap_render.hpp
[0.877s] -- Up-to-date symlink: /home/saber/robox_ws/install/moveit_ros_visualization/include/moveit_ros_visualization/moveit/rviz_plugin_render_tools/planning_link_updater.h
[0.877s] -- Up-to-date symlink: /home/saber/robox_ws/install/moveit_ros_visualization/include/moveit_ros_visualization/moveit/rviz_plugin_render_tools/planning_link_updater.hpp
[0.877s] -- Up-to-date symlink: /home/saber/robox_ws/install/moveit_ros_visualization/include/moveit_ros_visualization/moveit/rviz_plugin_render_tools/planning_scene_render.h
[0.877s] -- Up-to-date symlink: /home/saber/robox_ws/install/moveit_ros_visualization/include/moveit_ros_visualization/moveit/rviz_plugin_render_tools/planning_scene_render.hpp
[0.877s] -- Up-to-date symlink: /home/saber/robox_ws/install/moveit_ros_visualization/include/moveit_ros_visualization/moveit/rviz_plugin_render_tools/render_shapes.h
[0.877s] -- Up-to-date symlink: /home/saber/robox_ws/install/moveit_ros_visualization/include/moveit_ros_visualization/moveit/rviz_plugin_render_tools/render_shapes.hpp
[0.877s] -- Up-to-date symlink: /home/saber/robox_ws/install/moveit_ros_visualization/include/moveit_ros_visualization/moveit/rviz_plugin_render_tools/robot_state_visualization.h
[0.877s] -- Up-to-date symlink: /home/saber/robox_ws/install/moveit_ros_visualization/include/moveit_ros_visualization/moveit/rviz_plugin_render_tools/robot_state_visualization.hpp
[0.878s] -- Up-to-date symlink: /home/saber/robox_ws/install/moveit_ros_visualization/include/moveit_ros_visualization/moveit/rviz_plugin_render_tools/trajectory_panel.h
[0.878s] -- Up-to-date symlink: /home/saber/robox_ws/install/moveit_ros_visualization/include/moveit_ros_visualization/moveit/rviz_plugin_render_tools/trajectory_panel.hpp
[0.878s] -- Up-to-date symlink: /home/saber/robox_ws/install/moveit_ros_visualization/include/moveit_ros_visualization/moveit/rviz_plugin_render_tools/trajectory_visualization.h
[0.878s] -- Up-to-date symlink: /home/saber/robox_ws/install/moveit_ros_visualization/include/moveit_ros_visualization/moveit/rviz_plugin_render_tools/trajectory_visualization.hpp
[0.878s] -- Up-to-date symlink: /home/saber/robox_ws/install/moveit_ros_visualization/include/moveit_ros_visualization/ogre_helpers/mesh_shape.h
[0.878s] -- Up-to-date symlink: /home/saber/robox_ws/install/moveit_ros_visualization/include/moveit_ros_visualization/ogre_helpers/mesh_shape.hpp
[0.878s] -- Up-to-date symlink: /home/saber/robox_ws/install/moveit_ros_visualization/include/moveit_ros_visualization/moveit/robot_state_rviz_plugin/robot_state_display.h
[0.878s] -- Up-to-date symlink: /home/saber/robox_ws/install/moveit_ros_visualization/include/moveit_ros_visualization/moveit/robot_state_rviz_plugin/robot_state_display.hpp
[0.879s] -- Up-to-date symlink: /home/saber/robox_ws/install/moveit_ros_visualization/include/moveit_ros_visualization/moveit/planning_scene_rviz_plugin/background_processing.h
[0.879s] -- Up-to-date symlink: /home/saber/robox_ws/install/moveit_ros_visualization/include/moveit_ros_visualization/moveit/planning_scene_rviz_plugin/background_processing.hpp
[0.879s] -- Up-to-date symlink: /home/saber/robox_ws/install/moveit_ros_visualization/include/moveit_ros_visualization/moveit/planning_scene_rviz_plugin/planning_scene_display.h
[0.879s] -- Up-to-date symlink: /home/saber/robox_ws/install/moveit_ros_visualization/include/moveit_ros_visualization/moveit/planning_scene_rviz_plugin/planning_scene_display.hpp
[0.879s] -- Up-to-date symlink: /home/saber/robox_ws/install/moveit_ros_visualization/include/moveit_ros_visualization/moveit_planning_scene_rviz_plugin_core_export.h
[0.880s] -- Up-to-date symlink: /home/saber/robox_ws/install/moveit_ros_visualization/include/moveit_ros_visualization/moveit/motion_planning_rviz_plugin/interactive_marker_display.h
[0.880s] -- Up-to-date symlink: /home/saber/robox_ws/install/moveit_ros_visualization/include/moveit_ros_visualization/moveit/motion_planning_rviz_plugin/interactive_marker_display.hpp
[0.880s] -- Up-to-date symlink: /home/saber/robox_ws/install/moveit_ros_visualization/include/moveit_ros_visualization/moveit/motion_planning_rviz_plugin/motion_planning_display.h
[0.880s] -- Up-to-date symlink: /home/saber/robox_ws/install/moveit_ros_visualization/include/moveit_ros_visualization/moveit/motion_planning_rviz_plugin/motion_planning_display.hpp
[0.880s] -- Up-to-date symlink: /home/saber/robox_ws/install/moveit_ros_visualization/include/moveit_ros_visualization/moveit/motion_planning_rviz_plugin/motion_planning_frame.h
[0.880s] -- Up-to-date symlink: /home/saber/robox_ws/install/moveit_ros_visualization/include/moveit_ros_visualization/moveit/motion_planning_rviz_plugin/motion_planning_frame.hpp
[0.880s] -- Up-to-date symlink: /home/saber/robox_ws/install/moveit_ros_visualization/include/moveit_ros_visualization/moveit/motion_planning_rviz_plugin/motion_planning_frame_joints_widget.h
[0.880s] -- Up-to-date symlink: /home/saber/robox_ws/install/moveit_ros_visualization/include/moveit_ros_visualization/moveit/motion_planning_rviz_plugin/motion_planning_frame_joints_widget.hpp
[0.880s] -- Up-to-date symlink: /home/saber/robox_ws/install/moveit_ros_visualization/include/moveit_ros_visualization/moveit/motion_planning_rviz_plugin/motion_planning_param_widget.h
[0.881s] -- Up-to-date symlink: /home/saber/robox_ws/install/moveit_ros_visualization/include/moveit_ros_visualization/moveit/motion_planning_rviz_plugin/motion_planning_param_widget.hpp
[0.881s] -- Up-to-date symlink: /home/saber/robox_ws/install/moveit_ros_visualization/include/moveit_ros_visualization/moveit/trajectory_rviz_plugin/trajectory_display.h
[0.881s] -- Up-to-date symlink: /home/saber/robox_ws/install/moveit_ros_visualization/include/moveit_ros_visualization/moveit/trajectory_rviz_plugin/trajectory_display.hpp
[0.881s] -- Up-to-date symlink: /home/saber/robox_ws/install/moveit_ros_visualization/share/moveit_ros_visualization/icons/classes/MotionPlanning.png
[0.881s] -- Up-to-date symlink: /home/saber/robox_ws/install/moveit_ros_visualization/share/moveit_ros_visualization/icons/classes/PlanningScene.png
[0.881s] -- Up-to-date symlink: /home/saber/robox_ws/install/moveit_ros_visualization/share/moveit_ros_visualization/icons/classes/RobotState.png
[0.882s] -- Up-to-date symlink: /home/saber/robox_ws/install/moveit_ros_visualization/share/moveit_ros_visualization/icons/classes/Trajectory.png
[0.882s] -- Up-to-date symlink: /home/saber/robox_ws/install/moveit_ros_visualization/share/moveit_ros_visualization//motion_planning_rviz_plugin_description.xml
[0.882s] -- Up-to-date symlink: /home/saber/robox_ws/install/moveit_ros_visualization/share/moveit_ros_visualization//trajectory_rviz_plugin_description.xml
[0.882s] -- Up-to-date symlink: /home/saber/robox_ws/install/moveit_ros_visualization/share/moveit_ros_visualization//planning_scene_rviz_plugin_description.xml
[0.882s] -- Up-to-date symlink: /home/saber/robox_ws/install/moveit_ros_visualization/share/moveit_ros_visualization//robot_state_rviz_plugin_description.xml
[0.882s] -- Up-to-date symlink: /home/saber/robox_ws/install/moveit_ros_visualization/share/moveit_ros_visualization/environment/library_path.sh
[0.882s] -- Up-to-date symlink: /home/saber/robox_ws/install/moveit_ros_visualization/share/moveit_ros_visualization/environment/library_path.dsv
[0.882s] -- Up-to-date symlink: /home/saber/robox_ws/install/moveit_ros_visualization/share/ament_index/resource_index/package_run_dependencies/moveit_ros_visualization
[0.883s] -- Up-to-date symlink: /home/saber/robox_ws/install/moveit_ros_visualization/share/ament_index/resource_index/parent_prefix_path/moveit_ros_visualization
[0.883s] -- Up-to-date symlink: /home/saber/robox_ws/install/moveit_ros_visualization/share/moveit_ros_visualization/environment/ament_prefix_path.sh
[0.883s] -- Up-to-date symlink: /home/saber/robox_ws/install/moveit_ros_visualization/share/moveit_ros_visualization/environment/ament_prefix_path.dsv
[0.883s] -- Up-to-date symlink: /home/saber/robox_ws/install/moveit_ros_visualization/share/moveit_ros_visualization/environment/path.sh
[0.883s] -- Up-to-date symlink: /home/saber/robox_ws/install/moveit_ros_visualization/share/moveit_ros_visualization/environment/path.dsv
[0.883s] -- Up-to-date symlink: /home/saber/robox_ws/install/moveit_ros_visualization/share/moveit_ros_visualization/local_setup.bash
[0.883s] -- Up-to-date symlink: /home/saber/robox_ws/install/moveit_ros_visualization/share/moveit_ros_visualization/local_setup.sh
[0.884s] -- Up-to-date symlink: /home/saber/robox_ws/install/moveit_ros_visualization/share/moveit_ros_visualization/local_setup.zsh
[0.884s] -- Up-to-date symlink: /home/saber/robox_ws/install/moveit_ros_visualization/share/moveit_ros_visualization/local_setup.dsv
[0.884s] -- Symlinking: /home/saber/robox_ws/install/moveit_ros_visualization/share/moveit_ros_visualization/package.dsv
[0.896s] -- Up-to-date symlink: /home/saber/robox_ws/install/moveit_ros_visualization/share/ament_index/resource_index/packages/moveit_ros_visualization
[0.896s] -- Up-to-date symlink: /home/saber/robox_ws/install/moveit_ros_visualization/share/ament_index/resource_index/rviz_common__pluginlib__plugin/moveit_ros_visualization
[0.897s] -- Up-to-date symlink: /home/saber/robox_ws/install/moveit_ros_visualization/share/moveit_ros_visualization/cmake/ConfigExtras.cmake
[0.897s] -- Up-to-date symlink: /home/saber/robox_ws/install/moveit_ros_visualization/share/moveit_ros_visualization/cmake/ament_cmake_export_targets-extras.cmake
[0.897s] -- Up-to-date symlink: /home/saber/robox_ws/install/moveit_ros_visualization/share/moveit_ros_visualization/cmake/ament_cmake_export_dependencies-extras.cmake
[0.897s] -- Up-to-date symlink: /home/saber/robox_ws/install/moveit_ros_visualization/share/moveit_ros_visualization/cmake/moveit_ros_visualizationConfig.cmake
[0.897s] -- Up-to-date symlink: /home/saber/robox_ws/install/moveit_ros_visualization/share/moveit_ros_visualization/cmake/moveit_ros_visualizationConfig-version.cmake
[0.897s] -- Up-to-date symlink: /home/saber/robox_ws/install/moveit_ros_visualization/share/moveit_ros_visualization/package.xml
[0.898s] -- Up-to-date: /home/saber/robox_ws/install/moveit_ros_visualization/lib/libmoveit_motion_planning_rviz_plugin.so.2.12.3
[0.898s] -- Up-to-date: /home/saber/robox_ws/install/moveit_ros_visualization/lib/libmoveit_motion_planning_rviz_plugin.so
[0.898s] -- Up-to-date: /home/saber/robox_ws/install/moveit_ros_visualization/lib/libmoveit_motion_planning_rviz_plugin_core.so.2.12.3
[0.898s] -- Up-to-date: /home/saber/robox_ws/install/moveit_ros_visualization/lib/libmoveit_motion_planning_rviz_plugin_core.so
[0.899s] -- Up-to-date: /home/saber/robox_ws/install/moveit_ros_visualization/lib/libmoveit_planning_scene_rviz_plugin.so.2.12.3
[0.899s] -- Up-to-date: /home/saber/robox_ws/install/moveit_ros_visualization/lib/libmoveit_planning_scene_rviz_plugin.so
[0.899s] -- Up-to-date: /home/saber/robox_ws/install/moveit_ros_visualization/lib/libmoveit_planning_scene_rviz_plugin_core.so.2.12.3
[0.899s] -- Up-to-date: /home/saber/robox_ws/install/moveit_ros_visualization/lib/libmoveit_planning_scene_rviz_plugin_core.so
[0.899s] -- Up-to-date: /home/saber/robox_ws/install/moveit_ros_visualization/lib/libmoveit_robot_state_rviz_plugin.so.2.12.3
[0.899s] -- Up-to-date: /home/saber/robox_ws/install/moveit_ros_visualization/lib/libmoveit_robot_state_rviz_plugin.so
[0.900s] -- Up-to-date: /home/saber/robox_ws/install/moveit_ros_visualization/lib/libmoveit_robot_state_rviz_plugin_core.so.2.12.3
[0.900s] -- Up-to-date: /home/saber/robox_ws/install/moveit_ros_visualization/lib/libmoveit_robot_state_rviz_plugin_core.so
[0.900s] -- Up-to-date: /home/saber/robox_ws/install/moveit_ros_visualization/lib/libmoveit_rviz_plugin_render_tools.so.2.12.3
[0.900s] -- Up-to-date: /home/saber/robox_ws/install/moveit_ros_visualization/lib/libmoveit_rviz_plugin_render_tools.so
[0.900s] -- Up-to-date: /home/saber/robox_ws/install/moveit_ros_visualization/lib/libmoveit_trajectory_rviz_plugin.so.2.12.3
[0.900s] -- Up-to-date: /home/saber/robox_ws/install/moveit_ros_visualization/lib/libmoveit_trajectory_rviz_plugin.so
[0.901s] -- Up-to-date: /home/saber/robox_ws/install/moveit_ros_visualization/lib/libmoveit_trajectory_rviz_plugin_core.so.2.12.3
[0.901s] -- Up-to-date: /home/saber/robox_ws/install/moveit_ros_visualization/lib/libmoveit_trajectory_rviz_plugin_core.so
[0.901s] -- Up-to-date: /home/saber/robox_ws/install/moveit_ros_visualization/share/moveit_ros_visualization/cmake/moveit_ros_visualizationTargetsExport.cmake
[0.901s] -- Up-to-date: /home/saber/robox_ws/install/moveit_ros_visualization/share/moveit_ros_visualization/cmake/moveit_ros_visualizationTargetsExport-release.cmake
[0.904s] Invoked command in '/home/saber/robox_ws/build/moveit_ros_visualization' returned '0': AMENT_PREFIX_PATH=/home/saber/robox_ws/install/moveit_ros_planning_interface:/home/saber/robox_ws/install/moveit_ros_move_group:/home/saber/robox_ws/install/moveit_ros_warehouse:/home/saber/robox_ws/install/moveit_ros_robot_interaction:/home/saber/robox_ws/install/moveit_kinematics:/home/saber/robox_ws/install/moveit_ros_planning:/home/saber/robox_ws/install/moveit_simple_controller_manager:/home/saber/robox_ws/install/moveit_ros_occupancy_map_monitor:/home/saber/robox_ws/install/moveit_core:/home/saber/robox_ws/install/moveit_configs_utils:/home/saber/robox_ws/install/moveit_common:${AMENT_PREFIX_PATH} CMAKE_PREFIX_PATH=/home/saber/robox_ws/install/moveit_ros_planning_interface:/home/saber/robox_ws/install/moveit_ros_move_group:/home/saber/robox_ws/install/moveit_ros_warehouse:/home/saber/robox_ws/install/moveit_ros_robot_interaction:/home/saber/robox_ws/install/moveit_kinematics:/home/saber/robox_ws/install/moveit_ros_planning:/home/saber/robox_ws/install/moveit_simple_controller_manager:/home/saber/robox_ws/install/moveit_ros_occupancy_map_monitor:/home/saber/robox_ws/install/moveit_core:/home/saber/robox_ws/install/moveit_common:/home/saber/arduinobot_ws/install/controller:/home/saber/arduinobot_ws/install/arm_description:/home/saber/arduinobot_ws/install/arduinobot_cpp_examples:/opt/ros/jazzy/opt/gz_sim_vendor:/opt/ros/jazzy/opt/gz_sensors_vendor:/opt/ros/jazzy/opt/gz_physics_vendor:/opt/ros/jazzy/opt/sdformat_vendor:/opt/ros/jazzy/opt/gz_gui_vendor:/opt/ros/jazzy/opt/gz_transport_vendor:/opt/ros/jazzy/opt/gz_rendering_vendor:/opt/ros/jazzy/opt/gz_plugin_vendor:/opt/ros/jazzy/opt/gz_fuel_tools_vendor:/opt/ros/jazzy/opt/gz_msgs_vendor:/opt/ros/jazzy/opt/gz_common_vendor:/opt/ros/jazzy/opt/gz_math_vendor:/opt/ros/jazzy/opt/gz_utils_vendor:/opt/ros/jazzy/opt/gz_tools_vendor:/opt/ros/jazzy/opt/gz_ogre_next_vendor:/opt/ros/jazzy/opt/gz_dartsim_vendor:/opt/ros/jazzy/opt/gz_cmake_vendor:/home/saber/arduinobot_ws/install/arduinobot_py_examples:/opt/ros/jazzy DEBUGINFOD_URLS=https://debuginfod.ubuntu.com LD_LIBRARY_PATH=/home/saber/robox_ws/install/moveit_ros_planning_interface/lib:/home/saber/robox_ws/install/moveit_ros_move_group/lib:/home/saber/robox_ws/install/moveit_ros_warehouse/lib:/home/saber/robox_ws/install/moveit_ros_robot_interaction/lib:/home/saber/robox_ws/install/moveit_kinematics/lib:/home/saber/robox_ws/install/moveit_ros_planning/lib:/home/saber/robox_ws/install/moveit_simple_controller_manager/lib:/home/saber/robox_ws/install/moveit_ros_occupancy_map_monitor/lib:/home/saber/robox_ws/install/moveit_core/lib:${LD_LIBRARY_PATH} PATH=/home/saber/robox_ws/install/moveit_core/bin:${PATH} PYTHONPATH=/home/saber/robox_ws/install/moveit_configs_utils/lib/python3.12/site-packages:${PYTHONPATH} /usr/bin/cmake --install /home/saber/robox_ws/build/moveit_ros_visualization
