[0.131s] DEBUG:colcon:Command line arguments: ['/usr/bin/colcon', 'build']
[0.131s] DEBUG:colcon:Parsed command line arguments: Namespace(log_base=None, log_level=None, verb_name='build', build_base='build', install_base='install', merge_install=False, symlink_install=False, test_result_base=None, continue_on_error=False, executor='parallel', parallel_workers=16, event_handlers=None, ignore_user_meta=False, metas=['./colcon.meta'], base_paths=['.'], packages_ignore=None, packages_ignore_regex=None, paths=None, packages_up_to=None, packages_up_to_regex=None, packages_above=None, packages_above_and_dependencies=None, packages_above_depth=None, packages_select_by_dep=None, packages_skip_by_dep=None, packages_skip_up_to=None, packages_select_build_failed=False, packages_skip_build_finished=False, packages_select_test_failures=False, packages_skip_test_passed=False, packages_select=None, packages_skip=None, packages_select_regex=None, packages_skip_regex=None, packages_start=None, packages_end=None, allow_overriding=[], cmake_args=None, cmake_target=None, cmake_target_skip_unavailable=False, cmake_clean_cache=False, cmake_clean_first=False, cmake_force_configure=False, ament_cmake_args=None, catkin_cmake_args=None, catkin_skip_building_tests=False, mixin_files=None, mixin=None, verb_parser=<colcon_mixin.mixin.mixin_argument.MixinArgumentDecorator object at 0x71226c108290>, verb_extension=<colcon_core.verb.build.BuildVerb object at 0x71226c200bc0>, main=<bound method BuildVerb.main of <colcon_core.verb.build.BuildVerb object at 0x71226c200bc0>>, mixin_verb=('build',))
[0.176s] Level 1:colcon.colcon_core.package_discovery:discover_packages(colcon_meta) check parameters
[0.176s] Level 1:colcon.colcon_core.package_discovery:discover_packages(recursive) check parameters
[0.176s] Level 1:colcon.colcon_core.package_discovery:discover_packages(ignore) check parameters
[0.176s] Level 1:colcon.colcon_core.package_discovery:discover_packages(path) check parameters
[0.176s] Level 1:colcon.colcon_core.package_discovery:discover_packages(colcon_meta) discover
[0.176s] Level 1:colcon.colcon_core.package_discovery:discover_packages(recursive) discover
[0.176s] INFO:colcon.colcon_core.package_discovery:Crawling recursively for packages in '/home/saber/robox_ws'
[0.176s] Level 1:colcon.colcon_core.package_identification:_identify(.) by extensions ['ignore', 'ignore_ament_install']
[0.176s] Level 1:colcon.colcon_core.package_identification:_identify(.) by extension 'ignore'
[0.176s] Level 1:colcon.colcon_core.package_identification:_identify(.) by extension 'ignore_ament_install'
[0.176s] Level 1:colcon.colcon_core.package_identification:_identify(.) by extensions ['colcon_pkg']
[0.176s] Level 1:colcon.colcon_core.package_identification:_identify(.) by extension 'colcon_pkg'
[0.176s] Level 1:colcon.colcon_core.package_identification:_identify(.) by extensions ['colcon_meta']
[0.176s] Level 1:colcon.colcon_core.package_identification:_identify(.) by extension 'colcon_meta'
[0.176s] Level 1:colcon.colcon_core.package_identification:_identify(.) by extensions ['ros']
[0.176s] Level 1:colcon.colcon_core.package_identification:_identify(.) by extension 'ros'
[0.202s] Level 1:colcon.colcon_core.package_identification:_identify(.) by extensions ['cmake', 'python']
[0.202s] Level 1:colcon.colcon_core.package_identification:_identify(.) by extension 'cmake'
[0.202s] Level 1:colcon.colcon_core.package_identification:_identify(.) by extension 'python'
[0.202s] Level 1:colcon.colcon_core.package_identification:_identify(.) by extensions ['python_setup_py']
[0.202s] Level 1:colcon.colcon_core.package_identification:_identify(.) by extension 'python_setup_py'
[0.202s] Level 1:colcon.colcon_core.package_identification:_identify(PS2_Robot_Arm_under_production) by extensions ['ignore', 'ignore_ament_install']
[0.202s] Level 1:colcon.colcon_core.package_identification:_identify(PS2_Robot_Arm_under_production) by extension 'ignore'
[0.202s] Level 1:colcon.colcon_core.package_identification:_identify(PS2_Robot_Arm_under_production) by extension 'ignore_ament_install'
[0.202s] Level 1:colcon.colcon_core.package_identification:_identify(PS2_Robot_Arm_under_production) by extensions ['colcon_pkg']
[0.202s] Level 1:colcon.colcon_core.package_identification:_identify(PS2_Robot_Arm_under_production) by extension 'colcon_pkg'
[0.202s] Level 1:colcon.colcon_core.package_identification:_identify(PS2_Robot_Arm_under_production) by extensions ['colcon_meta']
[0.202s] Level 1:colcon.colcon_core.package_identification:_identify(PS2_Robot_Arm_under_production) by extension 'colcon_meta'
[0.202s] Level 1:colcon.colcon_core.package_identification:_identify(PS2_Robot_Arm_under_production) by extensions ['ros']
[0.202s] Level 1:colcon.colcon_core.package_identification:_identify(PS2_Robot_Arm_under_production) by extension 'ros'
[0.202s] Level 1:colcon.colcon_core.package_identification:_identify(PS2_Robot_Arm_under_production) by extensions ['cmake', 'python']
[0.202s] Level 1:colcon.colcon_core.package_identification:_identify(PS2_Robot_Arm_under_production) by extension 'cmake'
[0.203s] Level 1:colcon.colcon_core.package_identification:_identify(PS2_Robot_Arm_under_production) by extension 'python'
[0.203s] Level 1:colcon.colcon_core.package_identification:_identify(PS2_Robot_Arm_under_production) by extensions ['python_setup_py']
[0.203s] Level 1:colcon.colcon_core.package_identification:_identify(PS2_Robot_Arm_under_production) by extension 'python_setup_py'
[0.203s] Level 1:colcon.colcon_core.package_identification:_identify(build) by extensions ['ignore', 'ignore_ament_install']
[0.203s] Level 1:colcon.colcon_core.package_identification:_identify(build) by extension 'ignore'
[0.203s] Level 1:colcon.colcon_core.package_identification:_identify(build) ignored
[0.203s] Level 1:colcon.colcon_core.package_identification:_identify(install) by extensions ['ignore', 'ignore_ament_install']
[0.203s] Level 1:colcon.colcon_core.package_identification:_identify(install) by extension 'ignore'
[0.203s] Level 1:colcon.colcon_core.package_identification:_identify(install) ignored
[0.203s] Level 1:colcon.colcon_core.package_identification:_identify(log) by extensions ['ignore', 'ignore_ament_install']
[0.204s] Level 1:colcon.colcon_core.package_identification:_identify(log) by extension 'ignore'
[0.204s] Level 1:colcon.colcon_core.package_identification:_identify(log) ignored
[0.204s] Level 1:colcon.colcon_core.package_identification:_identify(src) by extensions ['ignore', 'ignore_ament_install']
[0.204s] Level 1:colcon.colcon_core.package_identification:_identify(src) by extension 'ignore'
[0.204s] Level 1:colcon.colcon_core.package_identification:_identify(src) by extension 'ignore_ament_install'
[0.204s] Level 1:colcon.colcon_core.package_identification:_identify(src) by extensions ['colcon_pkg']
[0.204s] Level 1:colcon.colcon_core.package_identification:_identify(src) by extension 'colcon_pkg'
[0.204s] Level 1:colcon.colcon_core.package_identification:_identify(src) by extensions ['colcon_meta']
[0.204s] Level 1:colcon.colcon_core.package_identification:_identify(src) by extension 'colcon_meta'
[0.204s] Level 1:colcon.colcon_core.package_identification:_identify(src) by extensions ['ros']
[0.204s] Level 1:colcon.colcon_core.package_identification:_identify(src) by extension 'ros'
[0.204s] Level 1:colcon.colcon_core.package_identification:_identify(src) by extensions ['cmake', 'python']
[0.204s] Level 1:colcon.colcon_core.package_identification:_identify(src) by extension 'cmake'
[0.204s] Level 1:colcon.colcon_core.package_identification:_identify(src) by extension 'python'
[0.204s] Level 1:colcon.colcon_core.package_identification:_identify(src) by extensions ['python_setup_py']
[0.204s] Level 1:colcon.colcon_core.package_identification:_identify(src) by extension 'python_setup_py'
[0.204s] Level 1:colcon.colcon_core.package_identification:_identify(src/arduinobot_py_examples) by extensions ['ignore', 'ignore_ament_install']
[0.204s] Level 1:colcon.colcon_core.package_identification:_identify(src/arduinobot_py_examples) by extension 'ignore'
[0.204s] Level 1:colcon.colcon_core.package_identification:_identify(src/arduinobot_py_examples) by extension 'ignore_ament_install'
[0.204s] Level 1:colcon.colcon_core.package_identification:_identify(src/arduinobot_py_examples) by extensions ['colcon_pkg']
[0.204s] Level 1:colcon.colcon_core.package_identification:_identify(src/arduinobot_py_examples) by extension 'colcon_pkg'
[0.204s] Level 1:colcon.colcon_core.package_identification:_identify(src/arduinobot_py_examples) by extensions ['colcon_meta']
[0.204s] Level 1:colcon.colcon_core.package_identification:_identify(src/arduinobot_py_examples) by extension 'colcon_meta'
[0.205s] Level 1:colcon.colcon_core.package_identification:_identify(src/arduinobot_py_examples) by extensions ['ros']
[0.205s] Level 1:colcon.colcon_core.package_identification:_identify(src/arduinobot_py_examples) by extension 'ros'
[0.207s] DEBUG:colcon.colcon_core.package_identification:Package 'src/arduinobot_py_examples' with type 'ros.ament_python' and name 'arduinobot_py_examples'
[0.207s] Level 1:colcon.colcon_core.package_identification:_identify(src/arm_description) by extensions ['ignore', 'ignore_ament_install']
[0.207s] Level 1:colcon.colcon_core.package_identification:_identify(src/arm_description) by extension 'ignore'
[0.207s] Level 1:colcon.colcon_core.package_identification:_identify(src/arm_description) by extension 'ignore_ament_install'
[0.207s] Level 1:colcon.colcon_core.package_identification:_identify(src/arm_description) by extensions ['colcon_pkg']
[0.207s] Level 1:colcon.colcon_core.package_identification:_identify(src/arm_description) by extension 'colcon_pkg'
[0.207s] Level 1:colcon.colcon_core.package_identification:_identify(src/arm_description) by extensions ['colcon_meta']
[0.207s] Level 1:colcon.colcon_core.package_identification:_identify(src/arm_description) by extension 'colcon_meta'
[0.207s] Level 1:colcon.colcon_core.package_identification:_identify(src/arm_description) by extensions ['ros']
[0.207s] Level 1:colcon.colcon_core.package_identification:_identify(src/arm_description) by extension 'ros'
[0.211s] DEBUG:colcon.colcon_core.package_identification:Package 'src/arm_description' with type 'ros.ament_cmake' and name 'arm_description'
[0.211s] Level 1:colcon.colcon_core.package_identification:_identify(src/build) by extensions ['ignore', 'ignore_ament_install']
[0.212s] Level 1:colcon.colcon_core.package_identification:_identify(src/build) by extension 'ignore'
[0.212s] Level 1:colcon.colcon_core.package_identification:_identify(src/build) ignored
[0.212s] Level 1:colcon.colcon_core.package_identification:_identify(src/install) by extensions ['ignore', 'ignore_ament_install']
[0.212s] Level 1:colcon.colcon_core.package_identification:_identify(src/install) by extension 'ignore'
[0.212s] Level 1:colcon.colcon_core.package_identification:_identify(src/install) ignored
[0.212s] Level 1:colcon.colcon_core.package_identification:_identify(src/log) by extensions ['ignore', 'ignore_ament_install']
[0.212s] Level 1:colcon.colcon_core.package_identification:_identify(src/log) by extension 'ignore'
[0.212s] Level 1:colcon.colcon_core.package_identification:_identify(src/log) ignored
[0.212s] Level 1:colcon.colcon_core.package_identification:_identify(src/moveit_config) by extensions ['ignore', 'ignore_ament_install']
[0.212s] Level 1:colcon.colcon_core.package_identification:_identify(src/moveit_config) by extension 'ignore'
[0.212s] Level 1:colcon.colcon_core.package_identification:_identify(src/moveit_config) by extension 'ignore_ament_install'
[0.212s] Level 1:colcon.colcon_core.package_identification:_identify(src/moveit_config) by extensions ['colcon_pkg']
[0.212s] Level 1:colcon.colcon_core.package_identification:_identify(src/moveit_config) by extension 'colcon_pkg'
[0.212s] Level 1:colcon.colcon_core.package_identification:_identify(src/moveit_config) by extensions ['colcon_meta']
[0.212s] Level 1:colcon.colcon_core.package_identification:_identify(src/moveit_config) by extension 'colcon_meta'
[0.212s] Level 1:colcon.colcon_core.package_identification:_identify(src/moveit_config) by extensions ['ros']
[0.212s] Level 1:colcon.colcon_core.package_identification:_identify(src/moveit_config) by extension 'ros'
[0.213s] DEBUG:colcon.colcon_core.package_identification:Package 'src/moveit_config' with type 'ros.ament_cmake' and name 'moveit_config'
[0.213s] Level 1:colcon.colcon_core.package_discovery:discover_packages(recursive) using defaults
[0.213s] Level 1:colcon.colcon_core.package_discovery:discover_packages(ignore) discover
[0.213s] Level 1:colcon.colcon_core.package_discovery:discover_packages(ignore) using defaults
[0.213s] Level 1:colcon.colcon_core.package_discovery:discover_packages(path) discover
[0.213s] Level 1:colcon.colcon_core.package_discovery:discover_packages(path) using defaults
[0.234s] Level 1:colcon.colcon_core.package_discovery:discover_packages(prefix_path) check parameters
[0.234s] Level 1:colcon.colcon_core.package_discovery:discover_packages(prefix_path) discover
[0.241s] DEBUG:colcon.colcon_installed_package_information.package_discovery:Found 53 installed packages in /home/saber/robox_ws/install
[0.244s] DEBUG:colcon.colcon_installed_package_information.package_discovery:Found 70 installed packages in /home/saber/ws_moveit/install
[0.247s] DEBUG:colcon.colcon_installed_package_information.package_discovery:Found 5 installed packages in /home/saber/arduinobot_ws/install
[0.249s] DEBUG:colcon.colcon_installed_package_information.package_discovery:Found 405 installed packages in /opt/ros/jazzy
[0.250s] Level 1:colcon.colcon_core.package_discovery:discover_packages(prefix_path) using defaults
[0.336s] WARNING:colcon.colcon_core.package_selection:Some selected packages are already built in one or more underlay workspaces:
	'arm_description' is in: /home/saber/robox_ws/install/arm_description, /home/saber/arduinobot_ws/install/arm_description
If a package in a merged underlay workspace is overridden and it installs headers, then all packages in the overlay must sort their include directories by workspace order. Failure to do so may result in build failures or undefined behavior at run time.
If the overridden package is used by another package in any underlay, then the overriding package in the overlay must be API and ABI compatible or undefined behavior at run time may occur.

If you understand the risks and want to override a package anyways, add the following to the command line:
	--allow-overriding arm_description

This may be promoted to an error in a future release of colcon-override-check.
[0.339s] Level 5:colcon.colcon_core.verb:set package 'arduinobot_py_examples' build argument 'cmake_args' from command line to 'None'
[0.339s] Level 5:colcon.colcon_core.verb:set package 'arduinobot_py_examples' build argument 'cmake_target' from command line to 'None'
[0.339s] Level 5:colcon.colcon_core.verb:set package 'arduinobot_py_examples' build argument 'cmake_target_skip_unavailable' from command line to 'False'
[0.339s] Level 5:colcon.colcon_core.verb:set package 'arduinobot_py_examples' build argument 'cmake_clean_cache' from command line to 'False'
[0.339s] Level 5:colcon.colcon_core.verb:set package 'arduinobot_py_examples' build argument 'cmake_clean_first' from command line to 'False'
[0.339s] Level 5:colcon.colcon_core.verb:set package 'arduinobot_py_examples' build argument 'cmake_force_configure' from command line to 'False'
[0.340s] Level 5:colcon.colcon_core.verb:set package 'arduinobot_py_examples' build argument 'ament_cmake_args' from command line to 'None'
[0.340s] Level 5:colcon.colcon_core.verb:set package 'arduinobot_py_examples' build argument 'catkin_cmake_args' from command line to 'None'
[0.340s] Level 5:colcon.colcon_core.verb:set package 'arduinobot_py_examples' build argument 'catkin_skip_building_tests' from command line to 'False'
[0.340s] DEBUG:colcon.colcon_core.verb:Building package 'arduinobot_py_examples' with the following arguments: {'ament_cmake_args': None, 'build_base': '/home/saber/robox_ws/build/arduinobot_py_examples', 'catkin_cmake_args': None, 'catkin_skip_building_tests': False, 'cmake_args': None, 'cmake_clean_cache': False, 'cmake_clean_first': False, 'cmake_force_configure': False, 'cmake_target': None, 'cmake_target_skip_unavailable': False, 'install_base': '/home/saber/robox_ws/install/arduinobot_py_examples', 'merge_install': False, 'path': '/home/saber/robox_ws/src/arduinobot_py_examples', 'symlink_install': False, 'test_result_base': None}
[0.340s] Level 5:colcon.colcon_core.verb:set package 'arm_description' build argument 'cmake_args' from command line to 'None'
[0.340s] Level 5:colcon.colcon_core.verb:set package 'arm_description' build argument 'cmake_target' from command line to 'None'
[0.340s] Level 5:colcon.colcon_core.verb:set package 'arm_description' build argument 'cmake_target_skip_unavailable' from command line to 'False'
[0.340s] Level 5:colcon.colcon_core.verb:set package 'arm_description' build argument 'cmake_clean_cache' from command line to 'False'
[0.340s] Level 5:colcon.colcon_core.verb:set package 'arm_description' build argument 'cmake_clean_first' from command line to 'False'
[0.340s] Level 5:colcon.colcon_core.verb:set package 'arm_description' build argument 'cmake_force_configure' from command line to 'False'
[0.340s] Level 5:colcon.colcon_core.verb:set package 'arm_description' build argument 'ament_cmake_args' from command line to 'None'
[0.340s] Level 5:colcon.colcon_core.verb:set package 'arm_description' build argument 'catkin_cmake_args' from command line to 'None'
[0.340s] Level 5:colcon.colcon_core.verb:set package 'arm_description' build argument 'catkin_skip_building_tests' from command line to 'False'
[0.340s] DEBUG:colcon.colcon_core.verb:Building package 'arm_description' with the following arguments: {'ament_cmake_args': None, 'build_base': '/home/saber/robox_ws/build/arm_description', 'catkin_cmake_args': None, 'catkin_skip_building_tests': False, 'cmake_args': None, 'cmake_clean_cache': False, 'cmake_clean_first': False, 'cmake_force_configure': False, 'cmake_target': None, 'cmake_target_skip_unavailable': False, 'install_base': '/home/saber/robox_ws/install/arm_description', 'merge_install': False, 'path': '/home/saber/robox_ws/src/arm_description', 'symlink_install': False, 'test_result_base': None}
[0.340s] Level 5:colcon.colcon_core.verb:set package 'moveit_config' build argument 'cmake_args' from command line to 'None'
[0.340s] Level 5:colcon.colcon_core.verb:set package 'moveit_config' build argument 'cmake_target' from command line to 'None'
[0.340s] Level 5:colcon.colcon_core.verb:set package 'moveit_config' build argument 'cmake_target_skip_unavailable' from command line to 'False'
[0.340s] Level 5:colcon.colcon_core.verb:set package 'moveit_config' build argument 'cmake_clean_cache' from command line to 'False'
[0.340s] Level 5:colcon.colcon_core.verb:set package 'moveit_config' build argument 'cmake_clean_first' from command line to 'False'
[0.340s] Level 5:colcon.colcon_core.verb:set package 'moveit_config' build argument 'cmake_force_configure' from command line to 'False'
[0.340s] Level 5:colcon.colcon_core.verb:set package 'moveit_config' build argument 'ament_cmake_args' from command line to 'None'
[0.340s] Level 5:colcon.colcon_core.verb:set package 'moveit_config' build argument 'catkin_cmake_args' from command line to 'None'
[0.340s] Level 5:colcon.colcon_core.verb:set package 'moveit_config' build argument 'catkin_skip_building_tests' from command line to 'False'
[0.340s] DEBUG:colcon.colcon_core.verb:Building package 'moveit_config' with the following arguments: {'ament_cmake_args': None, 'build_base': '/home/saber/robox_ws/build/moveit_config', 'catkin_cmake_args': None, 'catkin_skip_building_tests': False, 'cmake_args': None, 'cmake_clean_cache': False, 'cmake_clean_first': False, 'cmake_force_configure': False, 'cmake_target': None, 'cmake_target_skip_unavailable': False, 'install_base': '/home/saber/robox_ws/install/moveit_config', 'merge_install': False, 'path': '/home/saber/robox_ws/src/moveit_config', 'symlink_install': False, 'test_result_base': None}
[0.341s] INFO:colcon.colcon_core.executor:Executing jobs using 'parallel' executor
[0.342s] DEBUG:colcon.colcon_parallel_executor.executor.parallel:run_until_complete
[0.342s] INFO:colcon.colcon_ros.task.ament_cmake.build:Building ROS package in '/home/saber/robox_ws/src/arm_description' with build type 'ament_cmake'
[0.342s] INFO:colcon.colcon_cmake.task.cmake.build:Building CMake package in '/home/saber/robox_ws/src/arm_description'
[0.344s] INFO:colcon.colcon_core.plugin_system:Skipping extension 'colcon_core.shell.bat': Not used on non-Windows systems
[0.344s] INFO:colcon.colcon_core.shell:Skip shell extension 'powershell' for command environment: Not usable outside of PowerShell
[0.344s] DEBUG:colcon.colcon_core.shell:Skip shell extension 'dsv' for command environment
[0.356s] INFO:colcon.colcon_ros.task.ament_python.build:Building ROS package in '/home/saber/robox_ws/src/arduinobot_py_examples' with build type 'ament_python'
[0.356s] Level 1:colcon.colcon_core.shell:create_environment_hook('arduinobot_py_examples', 'ament_prefix_path')
[0.357s] INFO:colcon.colcon_core.shell:Creating environment hook '/home/saber/robox_ws/install/arduinobot_py_examples/share/arduinobot_py_examples/hook/ament_prefix_path.ps1'
[0.357s] INFO:colcon.colcon_core.shell:Creating environment descriptor '/home/saber/robox_ws/install/arduinobot_py_examples/share/arduinobot_py_examples/hook/ament_prefix_path.dsv'
[0.357s] INFO:colcon.colcon_core.shell:Creating environment hook '/home/saber/robox_ws/install/arduinobot_py_examples/share/arduinobot_py_examples/hook/ament_prefix_path.sh'
[0.358s] INFO:colcon.colcon_core.shell:Skip shell extension 'powershell' for command environment: Not usable outside of PowerShell
[0.358s] DEBUG:colcon.colcon_core.shell:Skip shell extension 'dsv' for command environment
[0.375s] DEBUG:colcon.colcon_core.event_handler.log_command:Invoking command in '/home/saber/robox_ws/build/arm_description': CMAKE_PREFIX_PATH=${CMAKE_PREFIX_PATH}:/home/saber/ws_moveit/install/moveit_configs_utils:/home/saber/robox_ws/install/arduinobot_py_examples:/home/saber/robox_ws/install/moveit_configs_utils:/home/saber/arduinobot_ws/install/arduinobot_py_examples:/opt/ros/jazzy DEBUGINFOD_URLS=https://debuginfod.ubuntu.com /usr/bin/cmake --build /home/saber/robox_ws/build/arm_description -- -j16 -l16
[0.647s] INFO:colcon.colcon_core.task.python.build:Building Python package in '/home/saber/robox_ws/src/arduinobot_py_examples'
[0.647s] INFO:colcon.colcon_core.shell:Skip shell extension 'powershell' for command environment: Not usable outside of PowerShell
[0.647s] DEBUG:colcon.colcon_core.shell:Skip shell extension 'dsv' for command environment
[0.660s] DEBUG:colcon.colcon_core.event_handler.log_command:Invoked command in '/home/saber/robox_ws/build/arm_description' returned '0': CMAKE_PREFIX_PATH=${CMAKE_PREFIX_PATH}:/home/saber/ws_moveit/install/moveit_configs_utils:/home/saber/robox_ws/install/arduinobot_py_examples:/home/saber/robox_ws/install/moveit_configs_utils:/home/saber/arduinobot_ws/install/arduinobot_py_examples:/opt/ros/jazzy DEBUGINFOD_URLS=https://debuginfod.ubuntu.com /usr/bin/cmake --build /home/saber/robox_ws/build/arm_description -- -j16 -l16
[0.684s] DEBUG:colcon.colcon_core.event_handler.log_command:Invoking command in '/home/saber/robox_ws/build/arm_description': CMAKE_PREFIX_PATH=${CMAKE_PREFIX_PATH}:/home/saber/ws_moveit/install/moveit_configs_utils:/home/saber/robox_ws/install/arduinobot_py_examples:/home/saber/robox_ws/install/moveit_configs_utils:/home/saber/arduinobot_ws/install/arduinobot_py_examples:/opt/ros/jazzy DEBUGINFOD_URLS=https://debuginfod.ubuntu.com /usr/bin/cmake --install /home/saber/robox_ws/build/arm_description
[0.737s] Level 1:colcon.colcon_core.environment:create_environment_scripts_only(arm_description)
[0.738s] DEBUG:colcon.colcon_core.event_handler.log_command:Invoked command in '/home/saber/robox_ws/build/arm_description' returned '0': CMAKE_PREFIX_PATH=${CMAKE_PREFIX_PATH}:/home/saber/ws_moveit/install/moveit_configs_utils:/home/saber/robox_ws/install/arduinobot_py_examples:/home/saber/robox_ws/install/moveit_configs_utils:/home/saber/arduinobot_ws/install/arduinobot_py_examples:/opt/ros/jazzy DEBUGINFOD_URLS=https://debuginfod.ubuntu.com /usr/bin/cmake --install /home/saber/robox_ws/build/arm_description
[0.741s] Level 1:colcon.colcon_core.environment:checking '/home/saber/robox_ws/install/arm_description' for CMake module files
[0.741s] Level 1:colcon.colcon_core.environment:checking '/home/saber/robox_ws/install/arm_description' for CMake config files
[0.743s] Level 1:colcon.colcon_core.shell:create_environment_hook('arm_description', 'cmake_prefix_path')
[0.743s] INFO:colcon.colcon_core.shell:Creating environment hook '/home/saber/robox_ws/install/arm_description/share/arm_description/hook/cmake_prefix_path.ps1'
[0.744s] INFO:colcon.colcon_core.shell:Creating environment descriptor '/home/saber/robox_ws/install/arm_description/share/arm_description/hook/cmake_prefix_path.dsv'
[0.744s] INFO:colcon.colcon_core.shell:Creating environment hook '/home/saber/robox_ws/install/arm_description/share/arm_description/hook/cmake_prefix_path.sh'
[0.745s] Level 1:colcon.colcon_core.environment:checking '/home/saber/robox_ws/install/arm_description/lib'
[0.745s] Level 1:colcon.colcon_core.shell:create_environment_hook('arm_description', 'ld_library_path_lib')
[0.746s] INFO:colcon.colcon_core.shell:Creating environment hook '/home/saber/robox_ws/install/arm_description/share/arm_description/hook/ld_library_path_lib.ps1'
[0.746s] INFO:colcon.colcon_core.shell:Creating environment descriptor '/home/saber/robox_ws/install/arm_description/share/arm_description/hook/ld_library_path_lib.dsv'
[0.746s] INFO:colcon.colcon_core.shell:Creating environment hook '/home/saber/robox_ws/install/arm_description/share/arm_description/hook/ld_library_path_lib.sh'
[0.747s] Level 1:colcon.colcon_core.environment:checking '/home/saber/robox_ws/install/arm_description/bin'
[0.747s] Level 1:colcon.colcon_core.environment:checking '/home/saber/robox_ws/install/arm_description/lib/pkgconfig/arm_description.pc'
[0.747s] Level 1:colcon.colcon_core.environment:checking '/home/saber/robox_ws/install/arm_description/lib/python3.12/site-packages'
[0.747s] Level 1:colcon.colcon_core.shell:create_environment_hook('arm_description', 'pythonpath')
[0.748s] INFO:colcon.colcon_core.shell:Creating environment hook '/home/saber/robox_ws/install/arm_description/share/arm_description/hook/pythonpath.ps1'
[0.748s] INFO:colcon.colcon_core.shell:Creating environment descriptor '/home/saber/robox_ws/install/arm_description/share/arm_description/hook/pythonpath.dsv'
[0.749s] INFO:colcon.colcon_core.shell:Creating environment hook '/home/saber/robox_ws/install/arm_description/share/arm_description/hook/pythonpath.sh'
[0.749s] Level 1:colcon.colcon_core.environment:checking '/home/saber/robox_ws/install/arm_description/bin'
[0.749s] INFO:colcon.colcon_core.shell:Creating package script '/home/saber/robox_ws/install/arm_description/share/arm_description/package.ps1'
[0.750s] INFO:colcon.colcon_core.shell:Creating package descriptor '/home/saber/robox_ws/install/arm_description/share/arm_description/package.dsv'
[0.751s] INFO:colcon.colcon_core.shell:Creating package script '/home/saber/robox_ws/install/arm_description/share/arm_description/package.sh'
[0.752s] INFO:colcon.colcon_core.shell:Creating package script '/home/saber/robox_ws/install/arm_description/share/arm_description/package.bash'
[0.752s] INFO:colcon.colcon_core.shell:Creating package script '/home/saber/robox_ws/install/arm_description/share/arm_description/package.zsh'
[0.753s] Level 1:colcon.colcon_core.environment:create_file_with_runtime_dependencies(/home/saber/robox_ws/install/arm_description/share/colcon-core/packages/arm_description)
[0.754s] Level 1:colcon.colcon_core.environment:create_environment_scripts_only(arm_description)
[0.754s] Level 1:colcon.colcon_core.environment:checking '/home/saber/robox_ws/install/arm_description' for CMake module files
[0.755s] Level 1:colcon.colcon_core.environment:checking '/home/saber/robox_ws/install/arm_description' for CMake config files
[0.756s] Level 1:colcon.colcon_core.shell:create_environment_hook('arm_description', 'cmake_prefix_path')
[0.756s] INFO:colcon.colcon_core.shell:Creating environment hook '/home/saber/robox_ws/install/arm_description/share/arm_description/hook/cmake_prefix_path.ps1'
[0.757s] INFO:colcon.colcon_core.shell:Creating environment descriptor '/home/saber/robox_ws/install/arm_description/share/arm_description/hook/cmake_prefix_path.dsv'
[0.757s] INFO:colcon.colcon_core.shell:Creating environment hook '/home/saber/robox_ws/install/arm_description/share/arm_description/hook/cmake_prefix_path.sh'
[0.758s] Level 1:colcon.colcon_core.environment:checking '/home/saber/robox_ws/install/arm_description/lib'
[0.758s] Level 1:colcon.colcon_core.shell:create_environment_hook('arm_description', 'ld_library_path_lib')
[0.758s] INFO:colcon.colcon_core.shell:Creating environment hook '/home/saber/robox_ws/install/arm_description/share/arm_description/hook/ld_library_path_lib.ps1'
[0.759s] INFO:colcon.colcon_core.shell:Creating environment descriptor '/home/saber/robox_ws/install/arm_description/share/arm_description/hook/ld_library_path_lib.dsv'
[0.759s] INFO:colcon.colcon_core.shell:Creating environment hook '/home/saber/robox_ws/install/arm_description/share/arm_description/hook/ld_library_path_lib.sh'
[0.759s] Level 1:colcon.colcon_core.environment:checking '/home/saber/robox_ws/install/arm_description/bin'
[0.760s] Level 1:colcon.colcon_core.environment:checking '/home/saber/robox_ws/install/arm_description/lib/pkgconfig/arm_description.pc'
[0.760s] Level 1:colcon.colcon_core.environment:checking '/home/saber/robox_ws/install/arm_description/lib/python3.12/site-packages'
[0.760s] Level 1:colcon.colcon_core.shell:create_environment_hook('arm_description', 'pythonpath')
[0.760s] INFO:colcon.colcon_core.shell:Creating environment hook '/home/saber/robox_ws/install/arm_description/share/arm_description/hook/pythonpath.ps1'
[0.761s] INFO:colcon.colcon_core.shell:Creating environment descriptor '/home/saber/robox_ws/install/arm_description/share/arm_description/hook/pythonpath.dsv'
[0.761s] INFO:colcon.colcon_core.shell:Creating environment hook '/home/saber/robox_ws/install/arm_description/share/arm_description/hook/pythonpath.sh'
[0.762s] Level 1:colcon.colcon_core.environment:checking '/home/saber/robox_ws/install/arm_description/bin'
[0.763s] INFO:colcon.colcon_core.shell:Creating package script '/home/saber/robox_ws/install/arm_description/share/arm_description/package.ps1'
[0.763s] INFO:colcon.colcon_core.shell:Creating package descriptor '/home/saber/robox_ws/install/arm_description/share/arm_description/package.dsv'
[0.764s] INFO:colcon.colcon_core.shell:Creating package script '/home/saber/robox_ws/install/arm_description/share/arm_description/package.sh'
[0.764s] INFO:colcon.colcon_core.shell:Creating package script '/home/saber/robox_ws/install/arm_description/share/arm_description/package.bash'
[0.764s] INFO:colcon.colcon_core.shell:Creating package script '/home/saber/robox_ws/install/arm_description/share/arm_description/package.zsh'
[0.765s] Level 1:colcon.colcon_core.environment:create_file_with_runtime_dependencies(/home/saber/robox_ws/install/arm_description/share/colcon-core/packages/arm_description)
[0.765s] INFO:colcon.colcon_ros.task.ament_cmake.build:Building ROS package in '/home/saber/robox_ws/src/moveit_config' with build type 'ament_cmake'
[0.765s] INFO:colcon.colcon_cmake.task.cmake.build:Building CMake package in '/home/saber/robox_ws/src/moveit_config'
[0.766s] INFO:colcon.colcon_core.shell:Skip shell extension 'powershell' for command environment: Not usable outside of PowerShell
[0.766s] DEBUG:colcon.colcon_core.shell:Skip shell extension 'dsv' for command environment
[0.796s] DEBUG:colcon.colcon_core.event_handler.log_command:Invoking command in '/home/saber/robox_ws/build/moveit_config': CMAKE_PREFIX_PATH=/home/saber/robox_ws/install/arm_description:/home/saber/ws_moveit/install/robotiq_hardware_tests:/home/saber/ws_moveit/install/robotiq_driver:/home/saber/ws_moveit/install/serial:/home/saber/ws_moveit/install/moveit2_tutorials:/home/saber/ws_moveit/install/moveit_visual_tools:/home/saber/ws_moveit/install/rviz_visual_tools:/home/saber/ws_moveit/install/moveit_task_constructor_visualization:/home/saber/ws_moveit/install/moveit_task_constructor_demo:/home/saber/ws_moveit/install/moveit_task_constructor_capabilities:/home/saber/ws_moveit/install/moveit_task_constructor_core:/home/saber/ws_moveit/install/rviz_marker_tools:/home/saber/ws_moveit/install/kortex_bringup:/home/saber/ws_moveit/install/kinova_gen3_lite_moveit_config:/home/saber/ws_moveit/install/kinova_gen3_7dof_robotiq_2f_85_moveit_config:/home/saber/ws_moveit/install/kinova_gen3_6dof_robotiq_2f_85_moveit_config:/home/saber/ws_moveit/install/kortex_description:/home/saber/ws_moveit/install/robotiq_description:/home/saber/ws_moveit/install/robotiq_controllers:/home/saber/ws_moveit/install/pilz_industrial_motion_planner_testutils:/home/saber/ws_moveit/install/moveit_runtime:/home/saber/ws_moveit/install/moveit:/home/saber/ws_moveit/install/moveit_planners:/home/saber/ws_moveit/install/pilz_industrial_motion_planner:/home/saber/ws_moveit/install/moveit_task_constructor_msgs:/home/saber/ws_moveit/install/moveit_ros_control_interface:/home/saber/ws_moveit/install/moveit_plugins:/home/saber/ws_moveit/install/moveit_simple_controller_manager:/home/saber/ws_moveit/install/moveit_setup_assistant:/home/saber/ws_moveit/install/moveit_setup_srdf_plugins:/home/saber/ws_moveit/install/moveit_setup_core_plugins:/home/saber/ws_moveit/install/moveit_setup_controllers:/home/saber/ws_moveit/install/moveit_setup_app_plugins:/home/saber/ws_moveit/install/moveit_setup_framework:/home/saber/ws_moveit/install/moveit_servo:/home/saber/ws_moveit/install/moveit_ros_trajectory_cache:/home/saber/ws_moveit/install/moveit_ros:/home/saber/ws_moveit/install/moveit_ros_visualization:/home/saber/ws_moveit/install/moveit_py:/home/saber/ws_moveit/install/moveit_hybrid_planning:/home/saber/ws_moveit/install/moveit_ros_planning_interface:/home/saber/ws_moveit/install/moveit_ros_benchmarks:/home/saber/ws_moveit/install/moveit_ros_warehouse:/home/saber/ws_moveit/install/moveit_ros_robot_interaction:/home/saber/ws_moveit/install/moveit_ros_perception:/home/saber/ws_moveit/install/moveit_resources_prbt_pg70_support:/home/saber/ws_moveit/install/moveit_resources_prbt_moveit_config:/home/saber/ws_moveit/install/moveit_ros_move_group:/home/saber/ws_moveit/install/moveit_planners_ompl:/home/saber/ws_moveit/install/moveit_kinematics:/home/saber/ws_moveit/install/moveit_ros_planning:/home/saber/ws_moveit/install/moveit_ros_occupancy_map_monitor:/home/saber/ws_moveit/install/moveit_resources_prbt_support:/home/saber/ws_moveit/install/moveit_resources_prbt_ikfast_manipulator_plugin:/home/saber/ws_moveit/install/moveit_resources:/home/saber/ws_moveit/install/moveit_resources_pr2_description:/home/saber/ws_moveit/install/moveit_resources_panda_moveit_config:/home/saber/ws_moveit/install/dual_arm_panda_moveit_config:/home/saber/ws_moveit/install/moveit_resources_panda_description:/home/saber/ws_moveit/install/moveit_resources_fanuc_moveit_config:/home/saber/ws_moveit/install/moveit_resources_fanuc_description:/home/saber/ws_moveit/install/moveit_planners_stomp:/home/saber/ws_moveit/install/moveit_planners_chomp:/home/saber/ws_moveit/install/chomp_motion_planner:/home/saber/ws_moveit/install/moveit_core:/home/saber/ws_moveit/install/moveit_msgs:/home/saber/ws_moveit/install/moveit_common:/home/saber/ws_moveit/install/kortex_driver:/home/saber/ws_moveit/install/kortex_api:/home/saber/robox_ws/install/robotic_arm_moveit_config:/home/saber/robox_ws/install/pilz_industrial_motion_planner_testutils:/home/saber/robox_ws/install/moveit_runtime:/home/saber/robox_ws/install/moveit_config:/home/saber/robox_ws/install/moveit:/home/saber/robox_ws/install/moveit_planners:/home/saber/robox_ws/install/pilz_industrial_motion_planner:/home/saber/robox_ws/install/moveit_ros_control_interface:/home/saber/robox_ws/install/moveit_plugins:/home/saber/robox_ws/install/moveit_simple_controller_manager:/home/saber/robox_ws/install/moveit_setup_assistant:/home/saber/robox_ws/install/moveit_setup_srdf_plugins:/home/saber/robox_ws/install/moveit_setup_core_plugins:/home/saber/robox_ws/install/moveit_setup_controllers:/home/saber/robox_ws/install/moveit_setup_app_plugins:/home/saber/robox_ws/install/moveit_setup_framework:/home/saber/robox_ws/install/moveit_servo:/home/saber/robox_ws/install/moveit_ros_trajectory_cache:/home/saber/robox_ws/install/moveit_ros:/home/saber/robox_ws/install/moveit_ros_visualization:/home/saber/robox_ws/install/moveit_py:/home/saber/robox_ws/install/moveit_hybrid_planning:/home/saber/robox_ws/install/moveit_ros_planning_interface:/home/saber/robox_ws/install/moveit_ros_benchmarks:/home/saber/robox_ws/install/moveit_ros_warehouse:/home/saber/robox_ws/install/moveit_ros_robot_interaction:/home/saber/robox_ws/install/moveit_ros_perception:/home/saber/robox_ws/install/moveit_resources_prbt_pg70_support:/home/saber/robox_ws/install/moveit_resources_prbt_moveit_config:/home/saber/robox_ws/install/moveit_ros_move_group:/home/saber/robox_ws/install/moveit_planners_ompl:/home/saber/robox_ws/install/moveit_kinematics:/home/saber/robox_ws/install/moveit_ros_planning:/home/saber/robox_ws/install/moveit_ros_occupancy_map_monitor:/home/saber/robox_ws/install/moveit_resources_prbt_support:/home/saber/robox_ws/install/moveit_resources_prbt_ikfast_manipulator_plugin:/home/saber/robox_ws/install/moveit_resources:/home/saber/robox_ws/install/moveit_resources_pr2_description:/home/saber/robox_ws/install/moveit_resources_panda_moveit_config:/home/saber/robox_ws/install/dual_arm_panda_moveit_config:/home/saber/robox_ws/install/moveit_resources_panda_description:/home/saber/robox_ws/install/moveit_resources_fanuc_moveit_config:/home/saber/robox_ws/install/moveit_resources_fanuc_description:/home/saber/robox_ws/install/moveit_planners_stomp:/home/saber/robox_ws/install/moveit_planners_chomp:/home/saber/robox_ws/install/chomp_motion_planner:/home/saber/robox_ws/install/moveit_core:/home/saber/robox_ws/install/moveit_msgs:/home/saber/robox_ws/install/moveit_common:/home/saber/robox_ws/install/arm_moveit:/home/saber/arduinobot_ws/install/controller:/home/saber/arduinobot_ws/install/arm_description:/home/saber/arduinobot_ws/install/arduinobot_cpp_examples:/opt/ros/jazzy/opt/gz_sim_vendor:/opt/ros/jazzy/opt/gz_sensors_vendor:/opt/ros/jazzy/opt/gz_physics_vendor:/opt/ros/jazzy/opt/sdformat_vendor:/opt/ros/jazzy/opt/gz_gui_vendor:/opt/ros/jazzy/opt/gz_transport_vendor:/opt/ros/jazzy/opt/gz_rendering_vendor:/opt/ros/jazzy/opt/gz_plugin_vendor:/opt/ros/jazzy/opt/gz_fuel_tools_vendor:/opt/ros/jazzy/opt/gz_msgs_vendor:/opt/ros/jazzy/opt/gz_common_vendor:/opt/ros/jazzy/opt/gz_math_vendor:/opt/ros/jazzy/opt/gz_utils_vendor:/opt/ros/jazzy/opt/gz_tools_vendor:/opt/ros/jazzy/opt/gz_ogre_next_vendor:/opt/ros/jazzy/opt/gz_dartsim_vendor:/opt/ros/jazzy/opt/gz_cmake_vendor:/home/saber/ws_moveit/install/moveit_configs_utils:/home/saber/robox_ws/install/arduinobot_py_examples:/home/saber/robox_ws/install/moveit_configs_utils:/home/saber/arduinobot_ws/install/arduinobot_py_examples:/opt/ros/jazzy DEBUGINFOD_URLS=https://debuginfod.ubuntu.com LD_LIBRARY_PATH=/home/saber/robox_ws/install/arm_description/lib:/home/saber/ws_moveit/install/robotiq_driver/lib:/home/saber/ws_moveit/install/serial/lib:/home/saber/ws_moveit/install/moveit_visual_tools/lib:/home/saber/ws_moveit/install/rviz_visual_tools/lib:/home/saber/ws_moveit/install/moveit_task_constructor_visualization/lib:/home/saber/ws_moveit/install/moveit_task_constructor_demo/lib:/home/saber/ws_moveit/install/moveit_task_constructor_capabilities/lib:/home/saber/ws_moveit/install/moveit_task_constructor_core/lib:/home/saber/ws_moveit/install/rviz_marker_tools/lib:/home/saber/ws_moveit/install/robotiq_controllers/lib:/home/saber/ws_moveit/install/pilz_industrial_motion_planner_testutils/lib:/home/saber/ws_moveit/install/pilz_industrial_motion_planner/lib:/home/saber/ws_moveit/install/moveit_task_constructor_msgs/lib:/home/saber/ws_moveit/install/moveit_ros_control_interface/lib:/home/saber/ws_moveit/install/moveit_simple_controller_manager/lib:/home/saber/ws_moveit/install/moveit_setup_assistant/lib:/home/saber/ws_moveit/install/moveit_setup_srdf_plugins/lib:/home/saber/ws_moveit/install/moveit_setup_core_plugins/lib:/home/saber/ws_moveit/install/moveit_setup_controllers/lib:/home/saber/ws_moveit/install/moveit_setup_app_plugins/lib:/home/saber/ws_moveit/install/moveit_setup_framework/lib:/home/saber/ws_moveit/install/moveit_servo/lib:/home/saber/ws_moveit/install/moveit_ros_trajectory_cache/lib:/home/saber/ws_moveit/install/moveit_ros_visualization/lib:/home/saber/ws_moveit/install/moveit_py/lib:/home/saber/ws_moveit/install/moveit_hybrid_planning/lib:/home/saber/ws_moveit/install/moveit_ros_planning_interface/lib:/home/saber/ws_moveit/install/moveit_ros_benchmarks/lib:/home/saber/ws_moveit/install/moveit_ros_warehouse/lib:/home/saber/ws_moveit/install/moveit_ros_robot_interaction/lib:/home/saber/ws_moveit/install/moveit_ros_perception/lib:/home/saber/ws_moveit/install/moveit_ros_move_group/lib:/home/saber/ws_moveit/install/moveit_planners_ompl/lib:/home/saber/ws_moveit/install/moveit_kinematics/lib:/home/saber/ws_moveit/install/moveit_ros_planning/lib:/home/saber/ws_moveit/install/moveit_ros_occupancy_map_monitor/lib:/home/saber/ws_moveit/install/moveit_resources_prbt_ikfast_manipulator_plugin/lib:/home/saber/ws_moveit/install/moveit_planners_stomp/lib:/home/saber/ws_moveit/install/moveit_planners_chomp/lib:/home/saber/ws_moveit/install/chomp_motion_planner/lib:/home/saber/ws_moveit/install/moveit_core/lib:/home/saber/ws_moveit/install/moveit_msgs/lib:/home/saber/ws_moveit/install/kortex_driver/lib:/home/saber/robox_ws/install/pilz_industrial_motion_planner_testutils/lib:/home/saber/robox_ws/install/pilz_industrial_motion_planner/lib:/home/saber/robox_ws/install/moveit_ros_control_interface/lib:/home/saber/robox_ws/install/moveit_simple_controller_manager/lib:/home/saber/robox_ws/install/moveit_setup_assistant/lib:/home/saber/robox_ws/install/moveit_setup_srdf_plugins/lib:/home/saber/robox_ws/install/moveit_setup_core_plugins/lib:/home/saber/robox_ws/install/moveit_setup_controllers/lib:/home/saber/robox_ws/install/moveit_setup_app_plugins/lib:/home/saber/robox_ws/install/moveit_setup_framework/lib:/home/saber/robox_ws/install/moveit_servo/lib:/home/saber/robox_ws/install/moveit_ros_trajectory_cache/lib:/home/saber/robox_ws/install/moveit_ros_visualization/lib:/home/saber/robox_ws/install/moveit_py/lib:/home/saber/robox_ws/install/moveit_hybrid_planning/lib:/home/saber/robox_ws/install/moveit_ros_planning_interface/lib:/home/saber/robox_ws/install/moveit_ros_benchmarks/lib:/home/saber/robox_ws/install/moveit_ros_warehouse/lib:/home/saber/robox_ws/install/moveit_ros_robot_interaction/lib:/home/saber/robox_ws/install/moveit_ros_perception/lib:/home/saber/robox_ws/install/moveit_ros_move_group/lib:/home/saber/robox_ws/install/moveit_planners_ompl/lib:/home/saber/robox_ws/install/moveit_kinematics/lib:/home/saber/robox_ws/install/moveit_ros_planning/lib:/home/saber/robox_ws/install/moveit_ros_occupancy_map_monitor/lib:/home/saber/robox_ws/install/moveit_resources_prbt_ikfast_manipulator_plugin/lib:/home/saber/robox_ws/install/moveit_planners_stomp/lib:/home/saber/robox_ws/install/moveit_planners_chomp/lib:/home/saber/robox_ws/install/chomp_motion_planner/lib:/home/saber/robox_ws/install/moveit_core/lib:/home/saber/robox_ws/install/moveit_msgs/lib:/opt/ros/jazzy/opt/gz_sim_vendor/lib:/opt/ros/jazzy/opt/gz_sensors_vendor/lib:/opt/ros/jazzy/opt/gz_physics_vendor/lib:/opt/ros/jazzy/opt/sdformat_vendor/lib:/opt/ros/jazzy/opt/rviz_ogre_vendor/lib:/opt/ros/jazzy/lib/x86_64-linux-gnu:/opt/ros/jazzy/opt/gz_gui_vendor/lib:/opt/ros/jazzy/opt/gz_transport_vendor/lib:/opt/ros/jazzy/opt/gz_rendering_vendor/lib:/opt/ros/jazzy/opt/gz_plugin_vendor/lib:/opt/ros/jazzy/opt/gz_fuel_tools_vendor/lib:/opt/ros/jazzy/opt/gz_msgs_vendor/lib:/opt/ros/jazzy/opt/gz_common_vendor/lib:/opt/ros/jazzy/opt/gz_math_vendor/lib:/opt/ros/jazzy/opt/gz_utils_vendor/lib:/opt/ros/jazzy/opt/gz_tools_vendor/lib:/opt/ros/jazzy/opt/gz_ogre_next_vendor/lib:/opt/ros/jazzy/opt/gz_dartsim_vendor/lib:/opt/ros/jazzy/opt/gz_cmake_vendor/lib:/opt/ros/jazzy/lib PYTHONPATH=/home/saber/robox_ws/install/arm_description/lib/python3.12/site-packages:/home/saber/ws_moveit/install/moveit_task_constructor_core/lib/python3.12/site-packages:/home/saber/ws_moveit/install/moveit_task_constructor_msgs/lib/python3.12/site-packages:/home/saber/ws_moveit/install/moveit_py/lib/python3.12/site-packages:/home/saber/ws_moveit/install/moveit_msgs/lib/python3.12/site-packages:/home/saber/ws_moveit/install/moveit_configs_utils/lib/python3.12/site-packages:/home/saber/robox_ws/install/arduinobot_py_examples/lib/python3.12/site-packages:/home/saber/robox_ws/install/moveit_py/lib/python3.12/site-packages:/home/saber/robox_ws/install/moveit_msgs/lib/python3.12/site-packages:/home/saber/robox_ws/install/moveit_configs_utils/lib/python3.12/site-packages:/home/saber/arduinobot_ws/install/arduinobot_py_examples/lib/python3.12/site-packages:/opt/ros/jazzy/lib/python3.12/site-packages /usr/bin/cmake --build /home/saber/robox_ws/build/moveit_config -- -j16 -l16
[0.900s] DEBUG:colcon.colcon_core.event_handler.log_command:Invoked command in '/home/saber/robox_ws/build/moveit_config' returned '0': CMAKE_PREFIX_PATH=/home/saber/robox_ws/install/arm_description:/home/saber/ws_moveit/install/robotiq_hardware_tests:/home/saber/ws_moveit/install/robotiq_driver:/home/saber/ws_moveit/install/serial:/home/saber/ws_moveit/install/moveit2_tutorials:/home/saber/ws_moveit/install/moveit_visual_tools:/home/saber/ws_moveit/install/rviz_visual_tools:/home/saber/ws_moveit/install/moveit_task_constructor_visualization:/home/saber/ws_moveit/install/moveit_task_constructor_demo:/home/saber/ws_moveit/install/moveit_task_constructor_capabilities:/home/saber/ws_moveit/install/moveit_task_constructor_core:/home/saber/ws_moveit/install/rviz_marker_tools:/home/saber/ws_moveit/install/kortex_bringup:/home/saber/ws_moveit/install/kinova_gen3_lite_moveit_config:/home/saber/ws_moveit/install/kinova_gen3_7dof_robotiq_2f_85_moveit_config:/home/saber/ws_moveit/install/kinova_gen3_6dof_robotiq_2f_85_moveit_config:/home/saber/ws_moveit/install/kortex_description:/home/saber/ws_moveit/install/robotiq_description:/home/saber/ws_moveit/install/robotiq_controllers:/home/saber/ws_moveit/install/pilz_industrial_motion_planner_testutils:/home/saber/ws_moveit/install/moveit_runtime:/home/saber/ws_moveit/install/moveit:/home/saber/ws_moveit/install/moveit_planners:/home/saber/ws_moveit/install/pilz_industrial_motion_planner:/home/saber/ws_moveit/install/moveit_task_constructor_msgs:/home/saber/ws_moveit/install/moveit_ros_control_interface:/home/saber/ws_moveit/install/moveit_plugins:/home/saber/ws_moveit/install/moveit_simple_controller_manager:/home/saber/ws_moveit/install/moveit_setup_assistant:/home/saber/ws_moveit/install/moveit_setup_srdf_plugins:/home/saber/ws_moveit/install/moveit_setup_core_plugins:/home/saber/ws_moveit/install/moveit_setup_controllers:/home/saber/ws_moveit/install/moveit_setup_app_plugins:/home/saber/ws_moveit/install/moveit_setup_framework:/home/saber/ws_moveit/install/moveit_servo:/home/saber/ws_moveit/install/moveit_ros_trajectory_cache:/home/saber/ws_moveit/install/moveit_ros:/home/saber/ws_moveit/install/moveit_ros_visualization:/home/saber/ws_moveit/install/moveit_py:/home/saber/ws_moveit/install/moveit_hybrid_planning:/home/saber/ws_moveit/install/moveit_ros_planning_interface:/home/saber/ws_moveit/install/moveit_ros_benchmarks:/home/saber/ws_moveit/install/moveit_ros_warehouse:/home/saber/ws_moveit/install/moveit_ros_robot_interaction:/home/saber/ws_moveit/install/moveit_ros_perception:/home/saber/ws_moveit/install/moveit_resources_prbt_pg70_support:/home/saber/ws_moveit/install/moveit_resources_prbt_moveit_config:/home/saber/ws_moveit/install/moveit_ros_move_group:/home/saber/ws_moveit/install/moveit_planners_ompl:/home/saber/ws_moveit/install/moveit_kinematics:/home/saber/ws_moveit/install/moveit_ros_planning:/home/saber/ws_moveit/install/moveit_ros_occupancy_map_monitor:/home/saber/ws_moveit/install/moveit_resources_prbt_support:/home/saber/ws_moveit/install/moveit_resources_prbt_ikfast_manipulator_plugin:/home/saber/ws_moveit/install/moveit_resources:/home/saber/ws_moveit/install/moveit_resources_pr2_description:/home/saber/ws_moveit/install/moveit_resources_panda_moveit_config:/home/saber/ws_moveit/install/dual_arm_panda_moveit_config:/home/saber/ws_moveit/install/moveit_resources_panda_description:/home/saber/ws_moveit/install/moveit_resources_fanuc_moveit_config:/home/saber/ws_moveit/install/moveit_resources_fanuc_description:/home/saber/ws_moveit/install/moveit_planners_stomp:/home/saber/ws_moveit/install/moveit_planners_chomp:/home/saber/ws_moveit/install/chomp_motion_planner:/home/saber/ws_moveit/install/moveit_core:/home/saber/ws_moveit/install/moveit_msgs:/home/saber/ws_moveit/install/moveit_common:/home/saber/ws_moveit/install/kortex_driver:/home/saber/ws_moveit/install/kortex_api:/home/saber/robox_ws/install/robotic_arm_moveit_config:/home/saber/robox_ws/install/pilz_industrial_motion_planner_testutils:/home/saber/robox_ws/install/moveit_runtime:/home/saber/robox_ws/install/moveit_config:/home/saber/robox_ws/install/moveit:/home/saber/robox_ws/install/moveit_planners:/home/saber/robox_ws/install/pilz_industrial_motion_planner:/home/saber/robox_ws/install/moveit_ros_control_interface:/home/saber/robox_ws/install/moveit_plugins:/home/saber/robox_ws/install/moveit_simple_controller_manager:/home/saber/robox_ws/install/moveit_setup_assistant:/home/saber/robox_ws/install/moveit_setup_srdf_plugins:/home/saber/robox_ws/install/moveit_setup_core_plugins:/home/saber/robox_ws/install/moveit_setup_controllers:/home/saber/robox_ws/install/moveit_setup_app_plugins:/home/saber/robox_ws/install/moveit_setup_framework:/home/saber/robox_ws/install/moveit_servo:/home/saber/robox_ws/install/moveit_ros_trajectory_cache:/home/saber/robox_ws/install/moveit_ros:/home/saber/robox_ws/install/moveit_ros_visualization:/home/saber/robox_ws/install/moveit_py:/home/saber/robox_ws/install/moveit_hybrid_planning:/home/saber/robox_ws/install/moveit_ros_planning_interface:/home/saber/robox_ws/install/moveit_ros_benchmarks:/home/saber/robox_ws/install/moveit_ros_warehouse:/home/saber/robox_ws/install/moveit_ros_robot_interaction:/home/saber/robox_ws/install/moveit_ros_perception:/home/saber/robox_ws/install/moveit_resources_prbt_pg70_support:/home/saber/robox_ws/install/moveit_resources_prbt_moveit_config:/home/saber/robox_ws/install/moveit_ros_move_group:/home/saber/robox_ws/install/moveit_planners_ompl:/home/saber/robox_ws/install/moveit_kinematics:/home/saber/robox_ws/install/moveit_ros_planning:/home/saber/robox_ws/install/moveit_ros_occupancy_map_monitor:/home/saber/robox_ws/install/moveit_resources_prbt_support:/home/saber/robox_ws/install/moveit_resources_prbt_ikfast_manipulator_plugin:/home/saber/robox_ws/install/moveit_resources:/home/saber/robox_ws/install/moveit_resources_pr2_description:/home/saber/robox_ws/install/moveit_resources_panda_moveit_config:/home/saber/robox_ws/install/dual_arm_panda_moveit_config:/home/saber/robox_ws/install/moveit_resources_panda_description:/home/saber/robox_ws/install/moveit_resources_fanuc_moveit_config:/home/saber/robox_ws/install/moveit_resources_fanuc_description:/home/saber/robox_ws/install/moveit_planners_stomp:/home/saber/robox_ws/install/moveit_planners_chomp:/home/saber/robox_ws/install/chomp_motion_planner:/home/saber/robox_ws/install/moveit_core:/home/saber/robox_ws/install/moveit_msgs:/home/saber/robox_ws/install/moveit_common:/home/saber/robox_ws/install/arm_moveit:/home/saber/arduinobot_ws/install/controller:/home/saber/arduinobot_ws/install/arm_description:/home/saber/arduinobot_ws/install/arduinobot_cpp_examples:/opt/ros/jazzy/opt/gz_sim_vendor:/opt/ros/jazzy/opt/gz_sensors_vendor:/opt/ros/jazzy/opt/gz_physics_vendor:/opt/ros/jazzy/opt/sdformat_vendor:/opt/ros/jazzy/opt/gz_gui_vendor:/opt/ros/jazzy/opt/gz_transport_vendor:/opt/ros/jazzy/opt/gz_rendering_vendor:/opt/ros/jazzy/opt/gz_plugin_vendor:/opt/ros/jazzy/opt/gz_fuel_tools_vendor:/opt/ros/jazzy/opt/gz_msgs_vendor:/opt/ros/jazzy/opt/gz_common_vendor:/opt/ros/jazzy/opt/gz_math_vendor:/opt/ros/jazzy/opt/gz_utils_vendor:/opt/ros/jazzy/opt/gz_tools_vendor:/opt/ros/jazzy/opt/gz_ogre_next_vendor:/opt/ros/jazzy/opt/gz_dartsim_vendor:/opt/ros/jazzy/opt/gz_cmake_vendor:/home/saber/ws_moveit/install/moveit_configs_utils:/home/saber/robox_ws/install/arduinobot_py_examples:/home/saber/robox_ws/install/moveit_configs_utils:/home/saber/arduinobot_ws/install/arduinobot_py_examples:/opt/ros/jazzy DEBUGINFOD_URLS=https://debuginfod.ubuntu.com LD_LIBRARY_PATH=/home/saber/robox_ws/install/arm_description/lib:/home/saber/ws_moveit/install/robotiq_driver/lib:/home/saber/ws_moveit/install/serial/lib:/home/saber/ws_moveit/install/moveit_visual_tools/lib:/home/saber/ws_moveit/install/rviz_visual_tools/lib:/home/saber/ws_moveit/install/moveit_task_constructor_visualization/lib:/home/saber/ws_moveit/install/moveit_task_constructor_demo/lib:/home/saber/ws_moveit/install/moveit_task_constructor_capabilities/lib:/home/saber/ws_moveit/install/moveit_task_constructor_core/lib:/home/saber/ws_moveit/install/rviz_marker_tools/lib:/home/saber/ws_moveit/install/robotiq_controllers/lib:/home/saber/ws_moveit/install/pilz_industrial_motion_planner_testutils/lib:/home/saber/ws_moveit/install/pilz_industrial_motion_planner/lib:/home/saber/ws_moveit/install/moveit_task_constructor_msgs/lib:/home/saber/ws_moveit/install/moveit_ros_control_interface/lib:/home/saber/ws_moveit/install/moveit_simple_controller_manager/lib:/home/saber/ws_moveit/install/moveit_setup_assistant/lib:/home/saber/ws_moveit/install/moveit_setup_srdf_plugins/lib:/home/saber/ws_moveit/install/moveit_setup_core_plugins/lib:/home/saber/ws_moveit/install/moveit_setup_controllers/lib:/home/saber/ws_moveit/install/moveit_setup_app_plugins/lib:/home/saber/ws_moveit/install/moveit_setup_framework/lib:/home/saber/ws_moveit/install/moveit_servo/lib:/home/saber/ws_moveit/install/moveit_ros_trajectory_cache/lib:/home/saber/ws_moveit/install/moveit_ros_visualization/lib:/home/saber/ws_moveit/install/moveit_py/lib:/home/saber/ws_moveit/install/moveit_hybrid_planning/lib:/home/saber/ws_moveit/install/moveit_ros_planning_interface/lib:/home/saber/ws_moveit/install/moveit_ros_benchmarks/lib:/home/saber/ws_moveit/install/moveit_ros_warehouse/lib:/home/saber/ws_moveit/install/moveit_ros_robot_interaction/lib:/home/saber/ws_moveit/install/moveit_ros_perception/lib:/home/saber/ws_moveit/install/moveit_ros_move_group/lib:/home/saber/ws_moveit/install/moveit_planners_ompl/lib:/home/saber/ws_moveit/install/moveit_kinematics/lib:/home/saber/ws_moveit/install/moveit_ros_planning/lib:/home/saber/ws_moveit/install/moveit_ros_occupancy_map_monitor/lib:/home/saber/ws_moveit/install/moveit_resources_prbt_ikfast_manipulator_plugin/lib:/home/saber/ws_moveit/install/moveit_planners_stomp/lib:/home/saber/ws_moveit/install/moveit_planners_chomp/lib:/home/saber/ws_moveit/install/chomp_motion_planner/lib:/home/saber/ws_moveit/install/moveit_core/lib:/home/saber/ws_moveit/install/moveit_msgs/lib:/home/saber/ws_moveit/install/kortex_driver/lib:/home/saber/robox_ws/install/pilz_industrial_motion_planner_testutils/lib:/home/saber/robox_ws/install/pilz_industrial_motion_planner/lib:/home/saber/robox_ws/install/moveit_ros_control_interface/lib:/home/saber/robox_ws/install/moveit_simple_controller_manager/lib:/home/saber/robox_ws/install/moveit_setup_assistant/lib:/home/saber/robox_ws/install/moveit_setup_srdf_plugins/lib:/home/saber/robox_ws/install/moveit_setup_core_plugins/lib:/home/saber/robox_ws/install/moveit_setup_controllers/lib:/home/saber/robox_ws/install/moveit_setup_app_plugins/lib:/home/saber/robox_ws/install/moveit_setup_framework/lib:/home/saber/robox_ws/install/moveit_servo/lib:/home/saber/robox_ws/install/moveit_ros_trajectory_cache/lib:/home/saber/robox_ws/install/moveit_ros_visualization/lib:/home/saber/robox_ws/install/moveit_py/lib:/home/saber/robox_ws/install/moveit_hybrid_planning/lib:/home/saber/robox_ws/install/moveit_ros_planning_interface/lib:/home/saber/robox_ws/install/moveit_ros_benchmarks/lib:/home/saber/robox_ws/install/moveit_ros_warehouse/lib:/home/saber/robox_ws/install/moveit_ros_robot_interaction/lib:/home/saber/robox_ws/install/moveit_ros_perception/lib:/home/saber/robox_ws/install/moveit_ros_move_group/lib:/home/saber/robox_ws/install/moveit_planners_ompl/lib:/home/saber/robox_ws/install/moveit_kinematics/lib:/home/saber/robox_ws/install/moveit_ros_planning/lib:/home/saber/robox_ws/install/moveit_ros_occupancy_map_monitor/lib:/home/saber/robox_ws/install/moveit_resources_prbt_ikfast_manipulator_plugin/lib:/home/saber/robox_ws/install/moveit_planners_stomp/lib:/home/saber/robox_ws/install/moveit_planners_chomp/lib:/home/saber/robox_ws/install/chomp_motion_planner/lib:/home/saber/robox_ws/install/moveit_core/lib:/home/saber/robox_ws/install/moveit_msgs/lib:/opt/ros/jazzy/opt/gz_sim_vendor/lib:/opt/ros/jazzy/opt/gz_sensors_vendor/lib:/opt/ros/jazzy/opt/gz_physics_vendor/lib:/opt/ros/jazzy/opt/sdformat_vendor/lib:/opt/ros/jazzy/opt/rviz_ogre_vendor/lib:/opt/ros/jazzy/lib/x86_64-linux-gnu:/opt/ros/jazzy/opt/gz_gui_vendor/lib:/opt/ros/jazzy/opt/gz_transport_vendor/lib:/opt/ros/jazzy/opt/gz_rendering_vendor/lib:/opt/ros/jazzy/opt/gz_plugin_vendor/lib:/opt/ros/jazzy/opt/gz_fuel_tools_vendor/lib:/opt/ros/jazzy/opt/gz_msgs_vendor/lib:/opt/ros/jazzy/opt/gz_common_vendor/lib:/opt/ros/jazzy/opt/gz_math_vendor/lib:/opt/ros/jazzy/opt/gz_utils_vendor/lib:/opt/ros/jazzy/opt/gz_tools_vendor/lib:/opt/ros/jazzy/opt/gz_ogre_next_vendor/lib:/opt/ros/jazzy/opt/gz_dartsim_vendor/lib:/opt/ros/jazzy/opt/gz_cmake_vendor/lib:/opt/ros/jazzy/lib PYTHONPATH=/home/saber/robox_ws/install/arm_description/lib/python3.12/site-packages:/home/saber/ws_moveit/install/moveit_task_constructor_core/lib/python3.12/site-packages:/home/saber/ws_moveit/install/moveit_task_constructor_msgs/lib/python3.12/site-packages:/home/saber/ws_moveit/install/moveit_py/lib/python3.12/site-packages:/home/saber/ws_moveit/install/moveit_msgs/lib/python3.12/site-packages:/home/saber/ws_moveit/install/moveit_configs_utils/lib/python3.12/site-packages:/home/saber/robox_ws/install/arduinobot_py_examples/lib/python3.12/site-packages:/home/saber/robox_ws/install/moveit_py/lib/python3.12/site-packages:/home/saber/robox_ws/install/moveit_msgs/lib/python3.12/site-packages:/home/saber/robox_ws/install/moveit_configs_utils/lib/python3.12/site-packages:/home/saber/arduinobot_ws/install/arduinobot_py_examples/lib/python3.12/site-packages:/opt/ros/jazzy/lib/python3.12/site-packages /usr/bin/cmake --build /home/saber/robox_ws/build/moveit_config -- -j16 -l16
[0.901s] DEBUG:colcon.colcon_core.event_handler.log_command:Invoking command in '/home/saber/robox_ws/build/moveit_config': CMAKE_PREFIX_PATH=/home/saber/robox_ws/install/arm_description:/home/saber/ws_moveit/install/robotiq_hardware_tests:/home/saber/ws_moveit/install/robotiq_driver:/home/saber/ws_moveit/install/serial:/home/saber/ws_moveit/install/moveit2_tutorials:/home/saber/ws_moveit/install/moveit_visual_tools:/home/saber/ws_moveit/install/rviz_visual_tools:/home/saber/ws_moveit/install/moveit_task_constructor_visualization:/home/saber/ws_moveit/install/moveit_task_constructor_demo:/home/saber/ws_moveit/install/moveit_task_constructor_capabilities:/home/saber/ws_moveit/install/moveit_task_constructor_core:/home/saber/ws_moveit/install/rviz_marker_tools:/home/saber/ws_moveit/install/kortex_bringup:/home/saber/ws_moveit/install/kinova_gen3_lite_moveit_config:/home/saber/ws_moveit/install/kinova_gen3_7dof_robotiq_2f_85_moveit_config:/home/saber/ws_moveit/install/kinova_gen3_6dof_robotiq_2f_85_moveit_config:/home/saber/ws_moveit/install/kortex_description:/home/saber/ws_moveit/install/robotiq_description:/home/saber/ws_moveit/install/robotiq_controllers:/home/saber/ws_moveit/install/pilz_industrial_motion_planner_testutils:/home/saber/ws_moveit/install/moveit_runtime:/home/saber/ws_moveit/install/moveit:/home/saber/ws_moveit/install/moveit_planners:/home/saber/ws_moveit/install/pilz_industrial_motion_planner:/home/saber/ws_moveit/install/moveit_task_constructor_msgs:/home/saber/ws_moveit/install/moveit_ros_control_interface:/home/saber/ws_moveit/install/moveit_plugins:/home/saber/ws_moveit/install/moveit_simple_controller_manager:/home/saber/ws_moveit/install/moveit_setup_assistant:/home/saber/ws_moveit/install/moveit_setup_srdf_plugins:/home/saber/ws_moveit/install/moveit_setup_core_plugins:/home/saber/ws_moveit/install/moveit_setup_controllers:/home/saber/ws_moveit/install/moveit_setup_app_plugins:/home/saber/ws_moveit/install/moveit_setup_framework:/home/saber/ws_moveit/install/moveit_servo:/home/saber/ws_moveit/install/moveit_ros_trajectory_cache:/home/saber/ws_moveit/install/moveit_ros:/home/saber/ws_moveit/install/moveit_ros_visualization:/home/saber/ws_moveit/install/moveit_py:/home/saber/ws_moveit/install/moveit_hybrid_planning:/home/saber/ws_moveit/install/moveit_ros_planning_interface:/home/saber/ws_moveit/install/moveit_ros_benchmarks:/home/saber/ws_moveit/install/moveit_ros_warehouse:/home/saber/ws_moveit/install/moveit_ros_robot_interaction:/home/saber/ws_moveit/install/moveit_ros_perception:/home/saber/ws_moveit/install/moveit_resources_prbt_pg70_support:/home/saber/ws_moveit/install/moveit_resources_prbt_moveit_config:/home/saber/ws_moveit/install/moveit_ros_move_group:/home/saber/ws_moveit/install/moveit_planners_ompl:/home/saber/ws_moveit/install/moveit_kinematics:/home/saber/ws_moveit/install/moveit_ros_planning:/home/saber/ws_moveit/install/moveit_ros_occupancy_map_monitor:/home/saber/ws_moveit/install/moveit_resources_prbt_support:/home/saber/ws_moveit/install/moveit_resources_prbt_ikfast_manipulator_plugin:/home/saber/ws_moveit/install/moveit_resources:/home/saber/ws_moveit/install/moveit_resources_pr2_description:/home/saber/ws_moveit/install/moveit_resources_panda_moveit_config:/home/saber/ws_moveit/install/dual_arm_panda_moveit_config:/home/saber/ws_moveit/install/moveit_resources_panda_description:/home/saber/ws_moveit/install/moveit_resources_fanuc_moveit_config:/home/saber/ws_moveit/install/moveit_resources_fanuc_description:/home/saber/ws_moveit/install/moveit_planners_stomp:/home/saber/ws_moveit/install/moveit_planners_chomp:/home/saber/ws_moveit/install/chomp_motion_planner:/home/saber/ws_moveit/install/moveit_core:/home/saber/ws_moveit/install/moveit_msgs:/home/saber/ws_moveit/install/moveit_common:/home/saber/ws_moveit/install/kortex_driver:/home/saber/ws_moveit/install/kortex_api:/home/saber/robox_ws/install/robotic_arm_moveit_config:/home/saber/robox_ws/install/pilz_industrial_motion_planner_testutils:/home/saber/robox_ws/install/moveit_runtime:/home/saber/robox_ws/install/moveit_config:/home/saber/robox_ws/install/moveit:/home/saber/robox_ws/install/moveit_planners:/home/saber/robox_ws/install/pilz_industrial_motion_planner:/home/saber/robox_ws/install/moveit_ros_control_interface:/home/saber/robox_ws/install/moveit_plugins:/home/saber/robox_ws/install/moveit_simple_controller_manager:/home/saber/robox_ws/install/moveit_setup_assistant:/home/saber/robox_ws/install/moveit_setup_srdf_plugins:/home/saber/robox_ws/install/moveit_setup_core_plugins:/home/saber/robox_ws/install/moveit_setup_controllers:/home/saber/robox_ws/install/moveit_setup_app_plugins:/home/saber/robox_ws/install/moveit_setup_framework:/home/saber/robox_ws/install/moveit_servo:/home/saber/robox_ws/install/moveit_ros_trajectory_cache:/home/saber/robox_ws/install/moveit_ros:/home/saber/robox_ws/install/moveit_ros_visualization:/home/saber/robox_ws/install/moveit_py:/home/saber/robox_ws/install/moveit_hybrid_planning:/home/saber/robox_ws/install/moveit_ros_planning_interface:/home/saber/robox_ws/install/moveit_ros_benchmarks:/home/saber/robox_ws/install/moveit_ros_warehouse:/home/saber/robox_ws/install/moveit_ros_robot_interaction:/home/saber/robox_ws/install/moveit_ros_perception:/home/saber/robox_ws/install/moveit_resources_prbt_pg70_support:/home/saber/robox_ws/install/moveit_resources_prbt_moveit_config:/home/saber/robox_ws/install/moveit_ros_move_group:/home/saber/robox_ws/install/moveit_planners_ompl:/home/saber/robox_ws/install/moveit_kinematics:/home/saber/robox_ws/install/moveit_ros_planning:/home/saber/robox_ws/install/moveit_ros_occupancy_map_monitor:/home/saber/robox_ws/install/moveit_resources_prbt_support:/home/saber/robox_ws/install/moveit_resources_prbt_ikfast_manipulator_plugin:/home/saber/robox_ws/install/moveit_resources:/home/saber/robox_ws/install/moveit_resources_pr2_description:/home/saber/robox_ws/install/moveit_resources_panda_moveit_config:/home/saber/robox_ws/install/dual_arm_panda_moveit_config:/home/saber/robox_ws/install/moveit_resources_panda_description:/home/saber/robox_ws/install/moveit_resources_fanuc_moveit_config:/home/saber/robox_ws/install/moveit_resources_fanuc_description:/home/saber/robox_ws/install/moveit_planners_stomp:/home/saber/robox_ws/install/moveit_planners_chomp:/home/saber/robox_ws/install/chomp_motion_planner:/home/saber/robox_ws/install/moveit_core:/home/saber/robox_ws/install/moveit_msgs:/home/saber/robox_ws/install/moveit_common:/home/saber/robox_ws/install/arm_moveit:/home/saber/arduinobot_ws/install/controller:/home/saber/arduinobot_ws/install/arm_description:/home/saber/arduinobot_ws/install/arduinobot_cpp_examples:/opt/ros/jazzy/opt/gz_sim_vendor:/opt/ros/jazzy/opt/gz_sensors_vendor:/opt/ros/jazzy/opt/gz_physics_vendor:/opt/ros/jazzy/opt/sdformat_vendor:/opt/ros/jazzy/opt/gz_gui_vendor:/opt/ros/jazzy/opt/gz_transport_vendor:/opt/ros/jazzy/opt/gz_rendering_vendor:/opt/ros/jazzy/opt/gz_plugin_vendor:/opt/ros/jazzy/opt/gz_fuel_tools_vendor:/opt/ros/jazzy/opt/gz_msgs_vendor:/opt/ros/jazzy/opt/gz_common_vendor:/opt/ros/jazzy/opt/gz_math_vendor:/opt/ros/jazzy/opt/gz_utils_vendor:/opt/ros/jazzy/opt/gz_tools_vendor:/opt/ros/jazzy/opt/gz_ogre_next_vendor:/opt/ros/jazzy/opt/gz_dartsim_vendor:/opt/ros/jazzy/opt/gz_cmake_vendor:/home/saber/ws_moveit/install/moveit_configs_utils:/home/saber/robox_ws/install/arduinobot_py_examples:/home/saber/robox_ws/install/moveit_configs_utils:/home/saber/arduinobot_ws/install/arduinobot_py_examples:/opt/ros/jazzy DEBUGINFOD_URLS=https://debuginfod.ubuntu.com LD_LIBRARY_PATH=/home/saber/robox_ws/install/arm_description/lib:/home/saber/ws_moveit/install/robotiq_driver/lib:/home/saber/ws_moveit/install/serial/lib:/home/saber/ws_moveit/install/moveit_visual_tools/lib:/home/saber/ws_moveit/install/rviz_visual_tools/lib:/home/saber/ws_moveit/install/moveit_task_constructor_visualization/lib:/home/saber/ws_moveit/install/moveit_task_constructor_demo/lib:/home/saber/ws_moveit/install/moveit_task_constructor_capabilities/lib:/home/saber/ws_moveit/install/moveit_task_constructor_core/lib:/home/saber/ws_moveit/install/rviz_marker_tools/lib:/home/saber/ws_moveit/install/robotiq_controllers/lib:/home/saber/ws_moveit/install/pilz_industrial_motion_planner_testutils/lib:/home/saber/ws_moveit/install/pilz_industrial_motion_planner/lib:/home/saber/ws_moveit/install/moveit_task_constructor_msgs/lib:/home/saber/ws_moveit/install/moveit_ros_control_interface/lib:/home/saber/ws_moveit/install/moveit_simple_controller_manager/lib:/home/saber/ws_moveit/install/moveit_setup_assistant/lib:/home/saber/ws_moveit/install/moveit_setup_srdf_plugins/lib:/home/saber/ws_moveit/install/moveit_setup_core_plugins/lib:/home/saber/ws_moveit/install/moveit_setup_controllers/lib:/home/saber/ws_moveit/install/moveit_setup_app_plugins/lib:/home/saber/ws_moveit/install/moveit_setup_framework/lib:/home/saber/ws_moveit/install/moveit_servo/lib:/home/saber/ws_moveit/install/moveit_ros_trajectory_cache/lib:/home/saber/ws_moveit/install/moveit_ros_visualization/lib:/home/saber/ws_moveit/install/moveit_py/lib:/home/saber/ws_moveit/install/moveit_hybrid_planning/lib:/home/saber/ws_moveit/install/moveit_ros_planning_interface/lib:/home/saber/ws_moveit/install/moveit_ros_benchmarks/lib:/home/saber/ws_moveit/install/moveit_ros_warehouse/lib:/home/saber/ws_moveit/install/moveit_ros_robot_interaction/lib:/home/saber/ws_moveit/install/moveit_ros_perception/lib:/home/saber/ws_moveit/install/moveit_ros_move_group/lib:/home/saber/ws_moveit/install/moveit_planners_ompl/lib:/home/saber/ws_moveit/install/moveit_kinematics/lib:/home/saber/ws_moveit/install/moveit_ros_planning/lib:/home/saber/ws_moveit/install/moveit_ros_occupancy_map_monitor/lib:/home/saber/ws_moveit/install/moveit_resources_prbt_ikfast_manipulator_plugin/lib:/home/saber/ws_moveit/install/moveit_planners_stomp/lib:/home/saber/ws_moveit/install/moveit_planners_chomp/lib:/home/saber/ws_moveit/install/chomp_motion_planner/lib:/home/saber/ws_moveit/install/moveit_core/lib:/home/saber/ws_moveit/install/moveit_msgs/lib:/home/saber/ws_moveit/install/kortex_driver/lib:/home/saber/robox_ws/install/pilz_industrial_motion_planner_testutils/lib:/home/saber/robox_ws/install/pilz_industrial_motion_planner/lib:/home/saber/robox_ws/install/moveit_ros_control_interface/lib:/home/saber/robox_ws/install/moveit_simple_controller_manager/lib:/home/saber/robox_ws/install/moveit_setup_assistant/lib:/home/saber/robox_ws/install/moveit_setup_srdf_plugins/lib:/home/saber/robox_ws/install/moveit_setup_core_plugins/lib:/home/saber/robox_ws/install/moveit_setup_controllers/lib:/home/saber/robox_ws/install/moveit_setup_app_plugins/lib:/home/saber/robox_ws/install/moveit_setup_framework/lib:/home/saber/robox_ws/install/moveit_servo/lib:/home/saber/robox_ws/install/moveit_ros_trajectory_cache/lib:/home/saber/robox_ws/install/moveit_ros_visualization/lib:/home/saber/robox_ws/install/moveit_py/lib:/home/saber/robox_ws/install/moveit_hybrid_planning/lib:/home/saber/robox_ws/install/moveit_ros_planning_interface/lib:/home/saber/robox_ws/install/moveit_ros_benchmarks/lib:/home/saber/robox_ws/install/moveit_ros_warehouse/lib:/home/saber/robox_ws/install/moveit_ros_robot_interaction/lib:/home/saber/robox_ws/install/moveit_ros_perception/lib:/home/saber/robox_ws/install/moveit_ros_move_group/lib:/home/saber/robox_ws/install/moveit_planners_ompl/lib:/home/saber/robox_ws/install/moveit_kinematics/lib:/home/saber/robox_ws/install/moveit_ros_planning/lib:/home/saber/robox_ws/install/moveit_ros_occupancy_map_monitor/lib:/home/saber/robox_ws/install/moveit_resources_prbt_ikfast_manipulator_plugin/lib:/home/saber/robox_ws/install/moveit_planners_stomp/lib:/home/saber/robox_ws/install/moveit_planners_chomp/lib:/home/saber/robox_ws/install/chomp_motion_planner/lib:/home/saber/robox_ws/install/moveit_core/lib:/home/saber/robox_ws/install/moveit_msgs/lib:/opt/ros/jazzy/opt/gz_sim_vendor/lib:/opt/ros/jazzy/opt/gz_sensors_vendor/lib:/opt/ros/jazzy/opt/gz_physics_vendor/lib:/opt/ros/jazzy/opt/sdformat_vendor/lib:/opt/ros/jazzy/opt/rviz_ogre_vendor/lib:/opt/ros/jazzy/lib/x86_64-linux-gnu:/opt/ros/jazzy/opt/gz_gui_vendor/lib:/opt/ros/jazzy/opt/gz_transport_vendor/lib:/opt/ros/jazzy/opt/gz_rendering_vendor/lib:/opt/ros/jazzy/opt/gz_plugin_vendor/lib:/opt/ros/jazzy/opt/gz_fuel_tools_vendor/lib:/opt/ros/jazzy/opt/gz_msgs_vendor/lib:/opt/ros/jazzy/opt/gz_common_vendor/lib:/opt/ros/jazzy/opt/gz_math_vendor/lib:/opt/ros/jazzy/opt/gz_utils_vendor/lib:/opt/ros/jazzy/opt/gz_tools_vendor/lib:/opt/ros/jazzy/opt/gz_ogre_next_vendor/lib:/opt/ros/jazzy/opt/gz_dartsim_vendor/lib:/opt/ros/jazzy/opt/gz_cmake_vendor/lib:/opt/ros/jazzy/lib PYTHONPATH=/home/saber/robox_ws/install/arm_description/lib/python3.12/site-packages:/home/saber/ws_moveit/install/moveit_task_constructor_core/lib/python3.12/site-packages:/home/saber/ws_moveit/install/moveit_task_constructor_msgs/lib/python3.12/site-packages:/home/saber/ws_moveit/install/moveit_py/lib/python3.12/site-packages:/home/saber/ws_moveit/install/moveit_msgs/lib/python3.12/site-packages:/home/saber/ws_moveit/install/moveit_configs_utils/lib/python3.12/site-packages:/home/saber/robox_ws/install/arduinobot_py_examples/lib/python3.12/site-packages:/home/saber/robox_ws/install/moveit_py/lib/python3.12/site-packages:/home/saber/robox_ws/install/moveit_msgs/lib/python3.12/site-packages:/home/saber/robox_ws/install/moveit_configs_utils/lib/python3.12/site-packages:/home/saber/arduinobot_ws/install/arduinobot_py_examples/lib/python3.12/site-packages:/opt/ros/jazzy/lib/python3.12/site-packages /usr/bin/cmake --install /home/saber/robox_ws/build/moveit_config
[0.927s] Level 1:colcon.colcon_core.environment:create_environment_scripts_only(moveit_config)
[0.927s] Level 1:colcon.colcon_core.environment:checking '/home/saber/robox_ws/install/moveit_config' for CMake module files
[0.928s] DEBUG:colcon.colcon_core.event_handler.log_command:Invoked command in '/home/saber/robox_ws/build/moveit_config' returned '0': CMAKE_PREFIX_PATH=/home/saber/robox_ws/install/arm_description:/home/saber/ws_moveit/install/robotiq_hardware_tests:/home/saber/ws_moveit/install/robotiq_driver:/home/saber/ws_moveit/install/serial:/home/saber/ws_moveit/install/moveit2_tutorials:/home/saber/ws_moveit/install/moveit_visual_tools:/home/saber/ws_moveit/install/rviz_visual_tools:/home/saber/ws_moveit/install/moveit_task_constructor_visualization:/home/saber/ws_moveit/install/moveit_task_constructor_demo:/home/saber/ws_moveit/install/moveit_task_constructor_capabilities:/home/saber/ws_moveit/install/moveit_task_constructor_core:/home/saber/ws_moveit/install/rviz_marker_tools:/home/saber/ws_moveit/install/kortex_bringup:/home/saber/ws_moveit/install/kinova_gen3_lite_moveit_config:/home/saber/ws_moveit/install/kinova_gen3_7dof_robotiq_2f_85_moveit_config:/home/saber/ws_moveit/install/kinova_gen3_6dof_robotiq_2f_85_moveit_config:/home/saber/ws_moveit/install/kortex_description:/home/saber/ws_moveit/install/robotiq_description:/home/saber/ws_moveit/install/robotiq_controllers:/home/saber/ws_moveit/install/pilz_industrial_motion_planner_testutils:/home/saber/ws_moveit/install/moveit_runtime:/home/saber/ws_moveit/install/moveit:/home/saber/ws_moveit/install/moveit_planners:/home/saber/ws_moveit/install/pilz_industrial_motion_planner:/home/saber/ws_moveit/install/moveit_task_constructor_msgs:/home/saber/ws_moveit/install/moveit_ros_control_interface:/home/saber/ws_moveit/install/moveit_plugins:/home/saber/ws_moveit/install/moveit_simple_controller_manager:/home/saber/ws_moveit/install/moveit_setup_assistant:/home/saber/ws_moveit/install/moveit_setup_srdf_plugins:/home/saber/ws_moveit/install/moveit_setup_core_plugins:/home/saber/ws_moveit/install/moveit_setup_controllers:/home/saber/ws_moveit/install/moveit_setup_app_plugins:/home/saber/ws_moveit/install/moveit_setup_framework:/home/saber/ws_moveit/install/moveit_servo:/home/saber/ws_moveit/install/moveit_ros_trajectory_cache:/home/saber/ws_moveit/install/moveit_ros:/home/saber/ws_moveit/install/moveit_ros_visualization:/home/saber/ws_moveit/install/moveit_py:/home/saber/ws_moveit/install/moveit_hybrid_planning:/home/saber/ws_moveit/install/moveit_ros_planning_interface:/home/saber/ws_moveit/install/moveit_ros_benchmarks:/home/saber/ws_moveit/install/moveit_ros_warehouse:/home/saber/ws_moveit/install/moveit_ros_robot_interaction:/home/saber/ws_moveit/install/moveit_ros_perception:/home/saber/ws_moveit/install/moveit_resources_prbt_pg70_support:/home/saber/ws_moveit/install/moveit_resources_prbt_moveit_config:/home/saber/ws_moveit/install/moveit_ros_move_group:/home/saber/ws_moveit/install/moveit_planners_ompl:/home/saber/ws_moveit/install/moveit_kinematics:/home/saber/ws_moveit/install/moveit_ros_planning:/home/saber/ws_moveit/install/moveit_ros_occupancy_map_monitor:/home/saber/ws_moveit/install/moveit_resources_prbt_support:/home/saber/ws_moveit/install/moveit_resources_prbt_ikfast_manipulator_plugin:/home/saber/ws_moveit/install/moveit_resources:/home/saber/ws_moveit/install/moveit_resources_pr2_description:/home/saber/ws_moveit/install/moveit_resources_panda_moveit_config:/home/saber/ws_moveit/install/dual_arm_panda_moveit_config:/home/saber/ws_moveit/install/moveit_resources_panda_description:/home/saber/ws_moveit/install/moveit_resources_fanuc_moveit_config:/home/saber/ws_moveit/install/moveit_resources_fanuc_description:/home/saber/ws_moveit/install/moveit_planners_stomp:/home/saber/ws_moveit/install/moveit_planners_chomp:/home/saber/ws_moveit/install/chomp_motion_planner:/home/saber/ws_moveit/install/moveit_core:/home/saber/ws_moveit/install/moveit_msgs:/home/saber/ws_moveit/install/moveit_common:/home/saber/ws_moveit/install/kortex_driver:/home/saber/ws_moveit/install/kortex_api:/home/saber/robox_ws/install/robotic_arm_moveit_config:/home/saber/robox_ws/install/pilz_industrial_motion_planner_testutils:/home/saber/robox_ws/install/moveit_runtime:/home/saber/robox_ws/install/moveit_config:/home/saber/robox_ws/install/moveit:/home/saber/robox_ws/install/moveit_planners:/home/saber/robox_ws/install/pilz_industrial_motion_planner:/home/saber/robox_ws/install/moveit_ros_control_interface:/home/saber/robox_ws/install/moveit_plugins:/home/saber/robox_ws/install/moveit_simple_controller_manager:/home/saber/robox_ws/install/moveit_setup_assistant:/home/saber/robox_ws/install/moveit_setup_srdf_plugins:/home/saber/robox_ws/install/moveit_setup_core_plugins:/home/saber/robox_ws/install/moveit_setup_controllers:/home/saber/robox_ws/install/moveit_setup_app_plugins:/home/saber/robox_ws/install/moveit_setup_framework:/home/saber/robox_ws/install/moveit_servo:/home/saber/robox_ws/install/moveit_ros_trajectory_cache:/home/saber/robox_ws/install/moveit_ros:/home/saber/robox_ws/install/moveit_ros_visualization:/home/saber/robox_ws/install/moveit_py:/home/saber/robox_ws/install/moveit_hybrid_planning:/home/saber/robox_ws/install/moveit_ros_planning_interface:/home/saber/robox_ws/install/moveit_ros_benchmarks:/home/saber/robox_ws/install/moveit_ros_warehouse:/home/saber/robox_ws/install/moveit_ros_robot_interaction:/home/saber/robox_ws/install/moveit_ros_perception:/home/saber/robox_ws/install/moveit_resources_prbt_pg70_support:/home/saber/robox_ws/install/moveit_resources_prbt_moveit_config:/home/saber/robox_ws/install/moveit_ros_move_group:/home/saber/robox_ws/install/moveit_planners_ompl:/home/saber/robox_ws/install/moveit_kinematics:/home/saber/robox_ws/install/moveit_ros_planning:/home/saber/robox_ws/install/moveit_ros_occupancy_map_monitor:/home/saber/robox_ws/install/moveit_resources_prbt_support:/home/saber/robox_ws/install/moveit_resources_prbt_ikfast_manipulator_plugin:/home/saber/robox_ws/install/moveit_resources:/home/saber/robox_ws/install/moveit_resources_pr2_description:/home/saber/robox_ws/install/moveit_resources_panda_moveit_config:/home/saber/robox_ws/install/dual_arm_panda_moveit_config:/home/saber/robox_ws/install/moveit_resources_panda_description:/home/saber/robox_ws/install/moveit_resources_fanuc_moveit_config:/home/saber/robox_ws/install/moveit_resources_fanuc_description:/home/saber/robox_ws/install/moveit_planners_stomp:/home/saber/robox_ws/install/moveit_planners_chomp:/home/saber/robox_ws/install/chomp_motion_planner:/home/saber/robox_ws/install/moveit_core:/home/saber/robox_ws/install/moveit_msgs:/home/saber/robox_ws/install/moveit_common:/home/saber/robox_ws/install/arm_moveit:/home/saber/arduinobot_ws/install/controller:/home/saber/arduinobot_ws/install/arm_description:/home/saber/arduinobot_ws/install/arduinobot_cpp_examples:/opt/ros/jazzy/opt/gz_sim_vendor:/opt/ros/jazzy/opt/gz_sensors_vendor:/opt/ros/jazzy/opt/gz_physics_vendor:/opt/ros/jazzy/opt/sdformat_vendor:/opt/ros/jazzy/opt/gz_gui_vendor:/opt/ros/jazzy/opt/gz_transport_vendor:/opt/ros/jazzy/opt/gz_rendering_vendor:/opt/ros/jazzy/opt/gz_plugin_vendor:/opt/ros/jazzy/opt/gz_fuel_tools_vendor:/opt/ros/jazzy/opt/gz_msgs_vendor:/opt/ros/jazzy/opt/gz_common_vendor:/opt/ros/jazzy/opt/gz_math_vendor:/opt/ros/jazzy/opt/gz_utils_vendor:/opt/ros/jazzy/opt/gz_tools_vendor:/opt/ros/jazzy/opt/gz_ogre_next_vendor:/opt/ros/jazzy/opt/gz_dartsim_vendor:/opt/ros/jazzy/opt/gz_cmake_vendor:/home/saber/ws_moveit/install/moveit_configs_utils:/home/saber/robox_ws/install/arduinobot_py_examples:/home/saber/robox_ws/install/moveit_configs_utils:/home/saber/arduinobot_ws/install/arduinobot_py_examples:/opt/ros/jazzy DEBUGINFOD_URLS=https://debuginfod.ubuntu.com LD_LIBRARY_PATH=/home/saber/robox_ws/install/arm_description/lib:/home/saber/ws_moveit/install/robotiq_driver/lib:/home/saber/ws_moveit/install/serial/lib:/home/saber/ws_moveit/install/moveit_visual_tools/lib:/home/saber/ws_moveit/install/rviz_visual_tools/lib:/home/saber/ws_moveit/install/moveit_task_constructor_visualization/lib:/home/saber/ws_moveit/install/moveit_task_constructor_demo/lib:/home/saber/ws_moveit/install/moveit_task_constructor_capabilities/lib:/home/saber/ws_moveit/install/moveit_task_constructor_core/lib:/home/saber/ws_moveit/install/rviz_marker_tools/lib:/home/saber/ws_moveit/install/robotiq_controllers/lib:/home/saber/ws_moveit/install/pilz_industrial_motion_planner_testutils/lib:/home/saber/ws_moveit/install/pilz_industrial_motion_planner/lib:/home/saber/ws_moveit/install/moveit_task_constructor_msgs/lib:/home/saber/ws_moveit/install/moveit_ros_control_interface/lib:/home/saber/ws_moveit/install/moveit_simple_controller_manager/lib:/home/saber/ws_moveit/install/moveit_setup_assistant/lib:/home/saber/ws_moveit/install/moveit_setup_srdf_plugins/lib:/home/saber/ws_moveit/install/moveit_setup_core_plugins/lib:/home/saber/ws_moveit/install/moveit_setup_controllers/lib:/home/saber/ws_moveit/install/moveit_setup_app_plugins/lib:/home/saber/ws_moveit/install/moveit_setup_framework/lib:/home/saber/ws_moveit/install/moveit_servo/lib:/home/saber/ws_moveit/install/moveit_ros_trajectory_cache/lib:/home/saber/ws_moveit/install/moveit_ros_visualization/lib:/home/saber/ws_moveit/install/moveit_py/lib:/home/saber/ws_moveit/install/moveit_hybrid_planning/lib:/home/saber/ws_moveit/install/moveit_ros_planning_interface/lib:/home/saber/ws_moveit/install/moveit_ros_benchmarks/lib:/home/saber/ws_moveit/install/moveit_ros_warehouse/lib:/home/saber/ws_moveit/install/moveit_ros_robot_interaction/lib:/home/saber/ws_moveit/install/moveit_ros_perception/lib:/home/saber/ws_moveit/install/moveit_ros_move_group/lib:/home/saber/ws_moveit/install/moveit_planners_ompl/lib:/home/saber/ws_moveit/install/moveit_kinematics/lib:/home/saber/ws_moveit/install/moveit_ros_planning/lib:/home/saber/ws_moveit/install/moveit_ros_occupancy_map_monitor/lib:/home/saber/ws_moveit/install/moveit_resources_prbt_ikfast_manipulator_plugin/lib:/home/saber/ws_moveit/install/moveit_planners_stomp/lib:/home/saber/ws_moveit/install/moveit_planners_chomp/lib:/home/saber/ws_moveit/install/chomp_motion_planner/lib:/home/saber/ws_moveit/install/moveit_core/lib:/home/saber/ws_moveit/install/moveit_msgs/lib:/home/saber/ws_moveit/install/kortex_driver/lib:/home/saber/robox_ws/install/pilz_industrial_motion_planner_testutils/lib:/home/saber/robox_ws/install/pilz_industrial_motion_planner/lib:/home/saber/robox_ws/install/moveit_ros_control_interface/lib:/home/saber/robox_ws/install/moveit_simple_controller_manager/lib:/home/saber/robox_ws/install/moveit_setup_assistant/lib:/home/saber/robox_ws/install/moveit_setup_srdf_plugins/lib:/home/saber/robox_ws/install/moveit_setup_core_plugins/lib:/home/saber/robox_ws/install/moveit_setup_controllers/lib:/home/saber/robox_ws/install/moveit_setup_app_plugins/lib:/home/saber/robox_ws/install/moveit_setup_framework/lib:/home/saber/robox_ws/install/moveit_servo/lib:/home/saber/robox_ws/install/moveit_ros_trajectory_cache/lib:/home/saber/robox_ws/install/moveit_ros_visualization/lib:/home/saber/robox_ws/install/moveit_py/lib:/home/saber/robox_ws/install/moveit_hybrid_planning/lib:/home/saber/robox_ws/install/moveit_ros_planning_interface/lib:/home/saber/robox_ws/install/moveit_ros_benchmarks/lib:/home/saber/robox_ws/install/moveit_ros_warehouse/lib:/home/saber/robox_ws/install/moveit_ros_robot_interaction/lib:/home/saber/robox_ws/install/moveit_ros_perception/lib:/home/saber/robox_ws/install/moveit_ros_move_group/lib:/home/saber/robox_ws/install/moveit_planners_ompl/lib:/home/saber/robox_ws/install/moveit_kinematics/lib:/home/saber/robox_ws/install/moveit_ros_planning/lib:/home/saber/robox_ws/install/moveit_ros_occupancy_map_monitor/lib:/home/saber/robox_ws/install/moveit_resources_prbt_ikfast_manipulator_plugin/lib:/home/saber/robox_ws/install/moveit_planners_stomp/lib:/home/saber/robox_ws/install/moveit_planners_chomp/lib:/home/saber/robox_ws/install/chomp_motion_planner/lib:/home/saber/robox_ws/install/moveit_core/lib:/home/saber/robox_ws/install/moveit_msgs/lib:/opt/ros/jazzy/opt/gz_sim_vendor/lib:/opt/ros/jazzy/opt/gz_sensors_vendor/lib:/opt/ros/jazzy/opt/gz_physics_vendor/lib:/opt/ros/jazzy/opt/sdformat_vendor/lib:/opt/ros/jazzy/opt/rviz_ogre_vendor/lib:/opt/ros/jazzy/lib/x86_64-linux-gnu:/opt/ros/jazzy/opt/gz_gui_vendor/lib:/opt/ros/jazzy/opt/gz_transport_vendor/lib:/opt/ros/jazzy/opt/gz_rendering_vendor/lib:/opt/ros/jazzy/opt/gz_plugin_vendor/lib:/opt/ros/jazzy/opt/gz_fuel_tools_vendor/lib:/opt/ros/jazzy/opt/gz_msgs_vendor/lib:/opt/ros/jazzy/opt/gz_common_vendor/lib:/opt/ros/jazzy/opt/gz_math_vendor/lib:/opt/ros/jazzy/opt/gz_utils_vendor/lib:/opt/ros/jazzy/opt/gz_tools_vendor/lib:/opt/ros/jazzy/opt/gz_ogre_next_vendor/lib:/opt/ros/jazzy/opt/gz_dartsim_vendor/lib:/opt/ros/jazzy/opt/gz_cmake_vendor/lib:/opt/ros/jazzy/lib PYTHONPATH=/home/saber/robox_ws/install/arm_description/lib/python3.12/site-packages:/home/saber/ws_moveit/install/moveit_task_constructor_core/lib/python3.12/site-packages:/home/saber/ws_moveit/install/moveit_task_constructor_msgs/lib/python3.12/site-packages:/home/saber/ws_moveit/install/moveit_py/lib/python3.12/site-packages:/home/saber/ws_moveit/install/moveit_msgs/lib/python3.12/site-packages:/home/saber/ws_moveit/install/moveit_configs_utils/lib/python3.12/site-packages:/home/saber/robox_ws/install/arduinobot_py_examples/lib/python3.12/site-packages:/home/saber/robox_ws/install/moveit_py/lib/python3.12/site-packages:/home/saber/robox_ws/install/moveit_msgs/lib/python3.12/site-packages:/home/saber/robox_ws/install/moveit_configs_utils/lib/python3.12/site-packages:/home/saber/arduinobot_ws/install/arduinobot_py_examples/lib/python3.12/site-packages:/opt/ros/jazzy/lib/python3.12/site-packages /usr/bin/cmake --install /home/saber/robox_ws/build/moveit_config
[0.928s] Level 1:colcon.colcon_core.environment:checking '/home/saber/robox_ws/install/moveit_config' for CMake config files
[0.929s] Level 1:colcon.colcon_core.shell:create_environment_hook('moveit_config', 'cmake_prefix_path')
[0.929s] INFO:colcon.colcon_core.shell:Creating environment hook '/home/saber/robox_ws/install/moveit_config/share/moveit_config/hook/cmake_prefix_path.ps1'
[0.930s] INFO:colcon.colcon_core.shell:Creating environment descriptor '/home/saber/robox_ws/install/moveit_config/share/moveit_config/hook/cmake_prefix_path.dsv'
[0.930s] INFO:colcon.colcon_core.shell:Creating environment hook '/home/saber/robox_ws/install/moveit_config/share/moveit_config/hook/cmake_prefix_path.sh'
[0.931s] Level 1:colcon.colcon_core.environment:checking '/home/saber/robox_ws/install/moveit_config/bin'
[0.931s] Level 1:colcon.colcon_core.environment:checking '/home/saber/robox_ws/install/moveit_config/lib/pkgconfig/moveit_config.pc'
[0.931s] Level 1:colcon.colcon_core.environment:checking '/home/saber/robox_ws/install/moveit_config/lib/python3.12/site-packages'
[0.931s] Level 1:colcon.colcon_core.environment:checking '/home/saber/robox_ws/install/moveit_config/bin'
[0.932s] INFO:colcon.colcon_core.shell:Creating package script '/home/saber/robox_ws/install/moveit_config/share/moveit_config/package.ps1'
[0.932s] INFO:colcon.colcon_core.shell:Creating package descriptor '/home/saber/robox_ws/install/moveit_config/share/moveit_config/package.dsv'
[0.932s] INFO:colcon.colcon_core.shell:Creating package script '/home/saber/robox_ws/install/moveit_config/share/moveit_config/package.sh'
[0.933s] INFO:colcon.colcon_core.shell:Creating package script '/home/saber/robox_ws/install/moveit_config/share/moveit_config/package.bash'
[0.933s] INFO:colcon.colcon_core.shell:Creating package script '/home/saber/robox_ws/install/moveit_config/share/moveit_config/package.zsh'
[0.933s] Level 1:colcon.colcon_core.environment:create_file_with_runtime_dependencies(/home/saber/robox_ws/install/moveit_config/share/colcon-core/packages/moveit_config)
[0.934s] Level 1:colcon.colcon_core.environment:create_environment_scripts_only(moveit_config)
[0.934s] Level 1:colcon.colcon_core.environment:checking '/home/saber/robox_ws/install/moveit_config' for CMake module files
[0.934s] Level 1:colcon.colcon_core.environment:checking '/home/saber/robox_ws/install/moveit_config' for CMake config files
[0.934s] Level 1:colcon.colcon_core.shell:create_environment_hook('moveit_config', 'cmake_prefix_path')
[0.935s] INFO:colcon.colcon_core.shell:Creating environment hook '/home/saber/robox_ws/install/moveit_config/share/moveit_config/hook/cmake_prefix_path.ps1'
[0.935s] INFO:colcon.colcon_core.shell:Creating environment descriptor '/home/saber/robox_ws/install/moveit_config/share/moveit_config/hook/cmake_prefix_path.dsv'
[0.935s] INFO:colcon.colcon_core.shell:Creating environment hook '/home/saber/robox_ws/install/moveit_config/share/moveit_config/hook/cmake_prefix_path.sh'
[0.936s] Level 1:colcon.colcon_core.environment:checking '/home/saber/robox_ws/install/moveit_config/bin'
[0.936s] Level 1:colcon.colcon_core.environment:checking '/home/saber/robox_ws/install/moveit_config/lib/pkgconfig/moveit_config.pc'
[0.936s] Level 1:colcon.colcon_core.environment:checking '/home/saber/robox_ws/install/moveit_config/lib/python3.12/site-packages'
[0.936s] Level 1:colcon.colcon_core.environment:checking '/home/saber/robox_ws/install/moveit_config/bin'
[0.936s] INFO:colcon.colcon_core.shell:Creating package script '/home/saber/robox_ws/install/moveit_config/share/moveit_config/package.ps1'
[0.936s] INFO:colcon.colcon_core.shell:Creating package descriptor '/home/saber/robox_ws/install/moveit_config/share/moveit_config/package.dsv'
[0.937s] INFO:colcon.colcon_core.shell:Creating package script '/home/saber/robox_ws/install/moveit_config/share/moveit_config/package.sh'
[0.937s] INFO:colcon.colcon_core.shell:Creating package script '/home/saber/robox_ws/install/moveit_config/share/moveit_config/package.bash'
[0.938s] INFO:colcon.colcon_core.shell:Creating package script '/home/saber/robox_ws/install/moveit_config/share/moveit_config/package.zsh'
[0.938s] Level 1:colcon.colcon_core.environment:create_file_with_runtime_dependencies(/home/saber/robox_ws/install/moveit_config/share/colcon-core/packages/moveit_config)
[1.491s] DEBUG:colcon.colcon_core.event_handler.log_command:Invoking command in '/home/saber/robox_ws/src/arduinobot_py_examples': DEBUGINFOD_URLS=https://debuginfod.ubuntu.com PYTHONPATH=/home/saber/robox_ws/build/arduinobot_py_examples/prefix_override:/usr/lib/python3/dist-packages/colcon_core/task/python/colcon_distutils_commands:/home/saber/robox_ws/install/arduinobot_py_examples/lib/python3.12/site-packages:${PYTHONPATH} /usr/bin/python3 -W ignore:setup.py install is deprecated -W ignore:easy_install command is deprecated setup.py egg_info --egg-base ../../build/arduinobot_py_examples build --build-base /home/saber/robox_ws/build/arduinobot_py_examples/build install --record /home/saber/robox_ws/build/arduinobot_py_examples/install.log --single-version-externally-managed install_data
[2.249s] Level 1:colcon.colcon_core.environment:checking '/home/saber/robox_ws/install/arduinobot_py_examples' for CMake module files
[2.250s] DEBUG:colcon.colcon_core.event_handler.log_command:Invoked command in '/home/saber/robox_ws/src/arduinobot_py_examples' returned '0': DEBUGINFOD_URLS=https://debuginfod.ubuntu.com PYTHONPATH=/home/saber/robox_ws/build/arduinobot_py_examples/prefix_override:/usr/lib/python3/dist-packages/colcon_core/task/python/colcon_distutils_commands:/home/saber/robox_ws/install/arduinobot_py_examples/lib/python3.12/site-packages:${PYTHONPATH} /usr/bin/python3 -W ignore:setup.py install is deprecated -W ignore:easy_install command is deprecated setup.py egg_info --egg-base ../../build/arduinobot_py_examples build --build-base /home/saber/robox_ws/build/arduinobot_py_examples/build install --record /home/saber/robox_ws/build/arduinobot_py_examples/install.log --single-version-externally-managed install_data
[2.250s] Level 1:colcon.colcon_core.environment:checking '/home/saber/robox_ws/install/arduinobot_py_examples' for CMake config files
[2.251s] Level 1:colcon.colcon_core.environment:checking '/home/saber/robox_ws/install/arduinobot_py_examples/lib'
[2.251s] Level 1:colcon.colcon_core.environment:checking '/home/saber/robox_ws/install/arduinobot_py_examples/bin'
[2.251s] Level 1:colcon.colcon_core.environment:checking '/home/saber/robox_ws/install/arduinobot_py_examples/lib/pkgconfig/arduinobot_py_examples.pc'
[2.251s] Level 1:colcon.colcon_core.environment:checking '/home/saber/robox_ws/install/arduinobot_py_examples/lib/python3.12/site-packages'
[2.251s] Level 1:colcon.colcon_core.shell:create_environment_hook('arduinobot_py_examples', 'pythonpath')
[2.251s] INFO:colcon.colcon_core.shell:Creating environment hook '/home/saber/robox_ws/install/arduinobot_py_examples/share/arduinobot_py_examples/hook/pythonpath.ps1'
[2.252s] INFO:colcon.colcon_core.shell:Creating environment descriptor '/home/saber/robox_ws/install/arduinobot_py_examples/share/arduinobot_py_examples/hook/pythonpath.dsv'
[2.252s] INFO:colcon.colcon_core.shell:Creating environment hook '/home/saber/robox_ws/install/arduinobot_py_examples/share/arduinobot_py_examples/hook/pythonpath.sh'
[2.253s] Level 1:colcon.colcon_core.environment:checking '/home/saber/robox_ws/install/arduinobot_py_examples/bin'
[2.253s] Level 1:colcon.colcon_core.environment:create_environment_scripts_only(arduinobot_py_examples)
[2.253s] INFO:colcon.colcon_core.shell:Creating package script '/home/saber/robox_ws/install/arduinobot_py_examples/share/arduinobot_py_examples/package.ps1'
[2.254s] INFO:colcon.colcon_core.shell:Creating package descriptor '/home/saber/robox_ws/install/arduinobot_py_examples/share/arduinobot_py_examples/package.dsv'
[2.254s] INFO:colcon.colcon_core.shell:Creating package script '/home/saber/robox_ws/install/arduinobot_py_examples/share/arduinobot_py_examples/package.sh'
[2.254s] INFO:colcon.colcon_core.shell:Creating package script '/home/saber/robox_ws/install/arduinobot_py_examples/share/arduinobot_py_examples/package.bash'
[2.255s] INFO:colcon.colcon_core.shell:Creating package script '/home/saber/robox_ws/install/arduinobot_py_examples/share/arduinobot_py_examples/package.zsh'
[2.255s] Level 1:colcon.colcon_core.environment:create_file_with_runtime_dependencies(/home/saber/robox_ws/install/arduinobot_py_examples/share/colcon-core/packages/arduinobot_py_examples)
[2.255s] DEBUG:colcon.colcon_parallel_executor.executor.parallel:closing loop
[2.255s] DEBUG:colcon.colcon_parallel_executor.executor.parallel:loop closed
[2.256s] DEBUG:colcon.colcon_parallel_executor.executor.parallel:run_until_complete finished with '0'
[2.256s] DEBUG:colcon.colcon_core.event_reactor:joining thread
[2.264s] INFO:colcon.colcon_core.plugin_system:Skipping extension 'colcon_notification.desktop_notification.terminal_notifier': Not used on non-Darwin systems
[2.265s] INFO:colcon.colcon_core.plugin_system:Skipping extension 'colcon_notification.desktop_notification.win32': Not used on non-Windows systems
[2.265s] INFO:colcon.colcon_notification.desktop_notification:Sending desktop notification using 'notify2'
[2.277s] DEBUG:colcon.colcon_core.event_reactor:joined thread
[2.277s] INFO:colcon.colcon_core.shell:Creating prefix script '/home/saber/robox_ws/install/local_setup.ps1'
[2.278s] INFO:colcon.colcon_core.shell:Creating prefix util module '/home/saber/robox_ws/install/_local_setup_util_ps1.py'
[2.279s] INFO:colcon.colcon_core.shell:Creating prefix chain script '/home/saber/robox_ws/install/setup.ps1'
[2.285s] INFO:colcon.colcon_core.shell:Creating prefix script '/home/saber/robox_ws/install/local_setup.sh'
[2.285s] INFO:colcon.colcon_core.shell:Creating prefix util module '/home/saber/robox_ws/install/_local_setup_util_sh.py'
[2.286s] INFO:colcon.colcon_core.shell:Creating prefix chain script '/home/saber/robox_ws/install/setup.sh'
[2.292s] INFO:colcon.colcon_core.shell:Creating prefix script '/home/saber/robox_ws/install/local_setup.bash'
[2.292s] INFO:colcon.colcon_core.shell:Creating prefix chain script '/home/saber/robox_ws/install/setup.bash'
[2.297s] INFO:colcon.colcon_core.shell:Creating prefix script '/home/saber/robox_ws/install/local_setup.zsh'
[2.298s] INFO:colcon.colcon_core.shell:Creating prefix chain script '/home/saber/robox_ws/install/setup.zsh'
