[0.027s] Invoking command in '/home/saber/robox_ws/build/moveit_simple_controller_manager': AMENT_PREFIX_PATH=/home/saber/robox_ws/install/moveit_core:/home/saber/robox_ws/install/moveit_common:${AMENT_PREFIX_PATH} CMAKE_PREFIX_PATH=/home/saber/robox_ws/install/moveit_core:/home/saber/robox_ws/install/moveit_common:/home/saber/arduinobot_ws/install/controller:/home/saber/arduinobot_ws/install/arm_description:/home/saber/arduinobot_ws/install/arduinobot_cpp_examples:/opt/ros/jazzy/opt/gz_sim_vendor:/opt/ros/jazzy/opt/gz_sensors_vendor:/opt/ros/jazzy/opt/gz_physics_vendor:/opt/ros/jazzy/opt/sdformat_vendor:/opt/ros/jazzy/opt/gz_gui_vendor:/opt/ros/jazzy/opt/gz_transport_vendor:/opt/ros/jazzy/opt/gz_rendering_vendor:/opt/ros/jazzy/opt/gz_plugin_vendor:/opt/ros/jazzy/opt/gz_fuel_tools_vendor:/opt/ros/jazzy/opt/gz_msgs_vendor:/opt/ros/jazzy/opt/gz_common_vendor:/opt/ros/jazzy/opt/gz_math_vendor:/opt/ros/jazzy/opt/gz_utils_vendor:/opt/ros/jazzy/opt/gz_tools_vendor:/opt/ros/jazzy/opt/gz_ogre_next_vendor:/opt/ros/jazzy/opt/gz_dartsim_vendor:/opt/ros/jazzy/opt/gz_cmake_vendor:/home/saber/arduinobot_ws/install/arduinobot_py_examples:/opt/ros/jazzy DEBUGINFOD_URLS=https://debuginfod.ubuntu.com LD_LIBRARY_PATH=/home/saber/robox_ws/install/moveit_core/lib:${LD_LIBRARY_PATH} PATH=/home/saber/robox_ws/install/moveit_core/bin:${PATH} /usr/bin/cmake --build /home/saber/robox_ws/build/moveit_simple_controller_manager -- -j16 -l16
[0.124s] [100%] Built target moveit_simple_controller_manager
[0.145s] Invoked command in '/home/saber/robox_ws/build/moveit_simple_controller_manager' returned '0': AMENT_PREFIX_PATH=/home/saber/robox_ws/install/moveit_core:/home/saber/robox_ws/install/moveit_common:${AMENT_PREFIX_PATH} CMAKE_PREFIX_PATH=/home/saber/robox_ws/install/moveit_core:/home/saber/robox_ws/install/moveit_common:/home/saber/arduinobot_ws/install/controller:/home/saber/arduinobot_ws/install/arm_description:/home/saber/arduinobot_ws/install/arduinobot_cpp_examples:/opt/ros/jazzy/opt/gz_sim_vendor:/opt/ros/jazzy/opt/gz_sensors_vendor:/opt/ros/jazzy/opt/gz_physics_vendor:/opt/ros/jazzy/opt/sdformat_vendor:/opt/ros/jazzy/opt/gz_gui_vendor:/opt/ros/jazzy/opt/gz_transport_vendor:/opt/ros/jazzy/opt/gz_rendering_vendor:/opt/ros/jazzy/opt/gz_plugin_vendor:/opt/ros/jazzy/opt/gz_fuel_tools_vendor:/opt/ros/jazzy/opt/gz_msgs_vendor:/opt/ros/jazzy/opt/gz_common_vendor:/opt/ros/jazzy/opt/gz_math_vendor:/opt/ros/jazzy/opt/gz_utils_vendor:/opt/ros/jazzy/opt/gz_tools_vendor:/opt/ros/jazzy/opt/gz_ogre_next_vendor:/opt/ros/jazzy/opt/gz_dartsim_vendor:/opt/ros/jazzy/opt/gz_cmake_vendor:/home/saber/arduinobot_ws/install/arduinobot_py_examples:/opt/ros/jazzy DEBUGINFOD_URLS=https://debuginfod.ubuntu.com LD_LIBRARY_PATH=/home/saber/robox_ws/install/moveit_core/lib:${LD_LIBRARY_PATH} PATH=/home/saber/robox_ws/install/moveit_core/bin:${PATH} /usr/bin/cmake --build /home/saber/robox_ws/build/moveit_simple_controller_manager -- -j16 -l16
[0.148s] Invoking command in '/home/saber/robox_ws/build/moveit_simple_controller_manager': AMENT_PREFIX_PATH=/home/saber/robox_ws/install/moveit_core:/home/saber/robox_ws/install/moveit_common:${AMENT_PREFIX_PATH} CMAKE_PREFIX_PATH=/home/saber/robox_ws/install/moveit_core:/home/saber/robox_ws/install/moveit_common:/home/saber/arduinobot_ws/install/controller:/home/saber/arduinobot_ws/install/arm_description:/home/saber/arduinobot_ws/install/arduinobot_cpp_examples:/opt/ros/jazzy/opt/gz_sim_vendor:/opt/ros/jazzy/opt/gz_sensors_vendor:/opt/ros/jazzy/opt/gz_physics_vendor:/opt/ros/jazzy/opt/sdformat_vendor:/opt/ros/jazzy/opt/gz_gui_vendor:/opt/ros/jazzy/opt/gz_transport_vendor:/opt/ros/jazzy/opt/gz_rendering_vendor:/opt/ros/jazzy/opt/gz_plugin_vendor:/opt/ros/jazzy/opt/gz_fuel_tools_vendor:/opt/ros/jazzy/opt/gz_msgs_vendor:/opt/ros/jazzy/opt/gz_common_vendor:/opt/ros/jazzy/opt/gz_math_vendor:/opt/ros/jazzy/opt/gz_utils_vendor:/opt/ros/jazzy/opt/gz_tools_vendor:/opt/ros/jazzy/opt/gz_ogre_next_vendor:/opt/ros/jazzy/opt/gz_dartsim_vendor:/opt/ros/jazzy/opt/gz_cmake_vendor:/home/saber/arduinobot_ws/install/arduinobot_py_examples:/opt/ros/jazzy DEBUGINFOD_URLS=https://debuginfod.ubuntu.com LD_LIBRARY_PATH=/home/saber/robox_ws/install/moveit_core/lib:${LD_LIBRARY_PATH} PATH=/home/saber/robox_ws/install/moveit_core/bin:${PATH} /usr/bin/cmake --install /home/saber/robox_ws/build/moveit_simple_controller_manager
[0.158s] -- Install configuration: "Release"
[0.159s] -- Execute custom install script
[0.160s] -- Up-to-date symlink: /home/saber/robox_ws/install/moveit_simple_controller_manager/include/moveit_simple_controller_manager/moveit_simple_controller_manager/action_based_controller_handle.h
[0.160s] -- Up-to-date symlink: /home/saber/robox_ws/install/moveit_simple_controller_manager/include/moveit_simple_controller_manager/moveit_simple_controller_manager/action_based_controller_handle.hpp
[0.160s] -- Up-to-date symlink: /home/saber/robox_ws/install/moveit_simple_controller_manager/include/moveit_simple_controller_manager/moveit_simple_controller_manager/empty_controller_handle.h
[0.160s] -- Up-to-date symlink: /home/saber/robox_ws/install/moveit_simple_controller_manager/include/moveit_simple_controller_manager/moveit_simple_controller_manager/empty_controller_handle.hpp
[0.160s] -- Up-to-date symlink: /home/saber/robox_ws/install/moveit_simple_controller_manager/include/moveit_simple_controller_manager/moveit_simple_controller_manager/follow_joint_trajectory_controller_handle.h
[0.161s] -- Up-to-date symlink: /home/saber/robox_ws/install/moveit_simple_controller_manager/include/moveit_simple_controller_manager/moveit_simple_controller_manager/follow_joint_trajectory_controller_handle.hpp
[0.161s] -- Up-to-date symlink: /home/saber/robox_ws/install/moveit_simple_controller_manager/include/moveit_simple_controller_manager/moveit_simple_controller_manager/gripper_command_controller_handle.hpp
[0.161s] -- Up-to-date symlink: /home/saber/robox_ws/install/moveit_simple_controller_manager/include/moveit_simple_controller_manager/moveit_simple_controller_manager/gripper_controller_handle.h
[0.161s] -- Up-to-date symlink: /home/saber/robox_ws/install/moveit_simple_controller_manager/include/moveit_simple_controller_manager/moveit_simple_controller_manager/parallel_gripper_command_controller_handle.hpp
[0.161s] -- Up-to-date symlink: /home/saber/robox_ws/install/moveit_simple_controller_manager/share/moveit_simple_controller_manager/environment/library_path.sh
[0.162s] -- Up-to-date symlink: /home/saber/robox_ws/install/moveit_simple_controller_manager/share/moveit_simple_controller_manager/environment/library_path.dsv
[0.163s] -- Up-to-date symlink: /home/saber/robox_ws/install/moveit_simple_controller_manager/share/moveit_simple_controller_manager//moveit_simple_controller_manager_plugin_description.xml
[0.163s] -- Up-to-date symlink: /home/saber/robox_ws/install/moveit_simple_controller_manager/share/ament_index/resource_index/package_run_dependencies/moveit_simple_controller_manager
[0.163s] -- Up-to-date symlink: /home/saber/robox_ws/install/moveit_simple_controller_manager/share/ament_index/resource_index/parent_prefix_path/moveit_simple_controller_manager
[0.163s] -- Up-to-date symlink: /home/saber/robox_ws/install/moveit_simple_controller_manager/share/moveit_simple_controller_manager/environment/ament_prefix_path.sh
[0.163s] -- Up-to-date symlink: /home/saber/robox_ws/install/moveit_simple_controller_manager/share/moveit_simple_controller_manager/environment/ament_prefix_path.dsv
[0.163s] -- Up-to-date symlink: /home/saber/robox_ws/install/moveit_simple_controller_manager/share/moveit_simple_controller_manager/environment/path.sh
[0.164s] -- Up-to-date symlink: /home/saber/robox_ws/install/moveit_simple_controller_manager/share/moveit_simple_controller_manager/environment/path.dsv
[0.164s] -- Up-to-date symlink: /home/saber/robox_ws/install/moveit_simple_controller_manager/share/moveit_simple_controller_manager/local_setup.bash
[0.164s] -- Up-to-date symlink: /home/saber/robox_ws/install/moveit_simple_controller_manager/share/moveit_simple_controller_manager/local_setup.sh
[0.164s] -- Up-to-date symlink: /home/saber/robox_ws/install/moveit_simple_controller_manager/share/moveit_simple_controller_manager/local_setup.zsh
[0.164s] -- Up-to-date symlink: /home/saber/robox_ws/install/moveit_simple_controller_manager/share/moveit_simple_controller_manager/local_setup.dsv
[0.165s] -- Symlinking: /home/saber/robox_ws/install/moveit_simple_controller_manager/share/moveit_simple_controller_manager/package.dsv
[0.179s] -- Up-to-date symlink: /home/saber/robox_ws/install/moveit_simple_controller_manager/share/ament_index/resource_index/packages/moveit_simple_controller_manager
[0.180s] -- Up-to-date symlink: /home/saber/robox_ws/install/moveit_simple_controller_manager/share/ament_index/resource_index/moveit_core__pluginlib__plugin/moveit_simple_controller_manager
[0.180s] -- Up-to-date symlink: /home/saber/robox_ws/install/moveit_simple_controller_manager/share/moveit_simple_controller_manager/cmake/ConfigExtras.cmake
[0.180s] -- Up-to-date symlink: /home/saber/robox_ws/install/moveit_simple_controller_manager/share/moveit_simple_controller_manager/cmake/ament_cmake_export_targets-extras.cmake
[0.180s] -- Up-to-date symlink: /home/saber/robox_ws/install/moveit_simple_controller_manager/share/moveit_simple_controller_manager/cmake/ament_cmake_export_dependencies-extras.cmake
[0.181s] -- Up-to-date symlink: /home/saber/robox_ws/install/moveit_simple_controller_manager/share/moveit_simple_controller_manager/cmake/moveit_simple_controller_managerConfig.cmake
[0.181s] -- Up-to-date symlink: /home/saber/robox_ws/install/moveit_simple_controller_manager/share/moveit_simple_controller_manager/cmake/moveit_simple_controller_managerConfig-version.cmake
[0.181s] -- Up-to-date symlink: /home/saber/robox_ws/install/moveit_simple_controller_manager/share/moveit_simple_controller_manager/package.xml
[0.182s] -- Up-to-date: /home/saber/robox_ws/install/moveit_simple_controller_manager/lib/libmoveit_simple_controller_manager.so.2.12.3
[0.182s] -- Up-to-date: /home/saber/robox_ws/install/moveit_simple_controller_manager/lib/libmoveit_simple_controller_manager.so
[0.183s] -- Up-to-date: /home/saber/robox_ws/install/moveit_simple_controller_manager/share/moveit_simple_controller_manager/cmake/moveit_simple_controller_managerTargetsExport.cmake
[0.183s] -- Up-to-date: /home/saber/robox_ws/install/moveit_simple_controller_manager/share/moveit_simple_controller_manager/cmake/moveit_simple_controller_managerTargetsExport-release.cmake
[0.192s] Invoked command in '/home/saber/robox_ws/build/moveit_simple_controller_manager' returned '0': AMENT_PREFIX_PATH=/home/saber/robox_ws/install/moveit_core:/home/saber/robox_ws/install/moveit_common:${AMENT_PREFIX_PATH} CMAKE_PREFIX_PATH=/home/saber/robox_ws/install/moveit_core:/home/saber/robox_ws/install/moveit_common:/home/saber/arduinobot_ws/install/controller:/home/saber/arduinobot_ws/install/arm_description:/home/saber/arduinobot_ws/install/arduinobot_cpp_examples:/opt/ros/jazzy/opt/gz_sim_vendor:/opt/ros/jazzy/opt/gz_sensors_vendor:/opt/ros/jazzy/opt/gz_physics_vendor:/opt/ros/jazzy/opt/sdformat_vendor:/opt/ros/jazzy/opt/gz_gui_vendor:/opt/ros/jazzy/opt/gz_transport_vendor:/opt/ros/jazzy/opt/gz_rendering_vendor:/opt/ros/jazzy/opt/gz_plugin_vendor:/opt/ros/jazzy/opt/gz_fuel_tools_vendor:/opt/ros/jazzy/opt/gz_msgs_vendor:/opt/ros/jazzy/opt/gz_common_vendor:/opt/ros/jazzy/opt/gz_math_vendor:/opt/ros/jazzy/opt/gz_utils_vendor:/opt/ros/jazzy/opt/gz_tools_vendor:/opt/ros/jazzy/opt/gz_ogre_next_vendor:/opt/ros/jazzy/opt/gz_dartsim_vendor:/opt/ros/jazzy/opt/gz_cmake_vendor:/home/saber/arduinobot_ws/install/arduinobot_py_examples:/opt/ros/jazzy DEBUGINFOD_URLS=https://debuginfod.ubuntu.com LD_LIBRARY_PATH=/home/saber/robox_ws/install/moveit_core/lib:${LD_LIBRARY_PATH} PATH=/home/saber/robox_ws/install/moveit_core/bin:${PATH} /usr/bin/cmake --install /home/saber/robox_ws/build/moveit_simple_controller_manager
