[0.109s] DEBUG:colcon:Command line arguments: ['/usr/bin/colcon', 'build']
[0.109s] DEBUG:colcon:Parsed command line arguments: Namespace(log_base=None, log_level=None, verb_name='build', build_base='build', install_base='install', merge_install=False, symlink_install=False, test_result_base=None, continue_on_error=False, executor='parallel', parallel_workers=16, event_handlers=None, ignore_user_meta=False, metas=['./colcon.meta'], base_paths=['.'], packages_ignore=None, packages_ignore_regex=None, paths=None, packages_up_to=None, packages_up_to_regex=None, packages_above=None, packages_above_and_dependencies=None, packages_above_depth=None, packages_select_by_dep=None, packages_skip_by_dep=None, packages_skip_up_to=None, packages_select_build_failed=False, packages_skip_build_finished=False, packages_select_test_failures=False, packages_skip_test_passed=False, packages_select=None, packages_skip=None, packages_select_regex=None, packages_skip_regex=None, packages_start=None, packages_end=None, allow_overriding=[], cmake_args=None, cmake_target=None, cmake_target_skip_unavailable=False, cmake_clean_cache=False, cmake_clean_first=False, cmake_force_configure=False, ament_cmake_args=None, catkin_cmake_args=None, catkin_skip_building_tests=False, mixin_files=None, mixin=None, verb_parser=<colcon_mixin.mixin.mixin_argument.MixinArgumentDecorator object at 0x7b99447c7590>, verb_extension=<colcon_core.verb.build.BuildVerb object at 0x7b99448e7d10>, main=<bound method BuildVerb.main of <colcon_core.verb.build.BuildVerb object at 0x7b99448e7d10>>, mixin_verb=('build',))
[0.157s] Level 1:colcon.colcon_core.package_discovery:discover_packages(colcon_meta) check parameters
[0.157s] Level 1:colcon.colcon_core.package_discovery:discover_packages(recursive) check parameters
[0.157s] Level 1:colcon.colcon_core.package_discovery:discover_packages(ignore) check parameters
[0.157s] Level 1:colcon.colcon_core.package_discovery:discover_packages(path) check parameters
[0.157s] Level 1:colcon.colcon_core.package_discovery:discover_packages(colcon_meta) discover
[0.158s] Level 1:colcon.colcon_core.package_discovery:discover_packages(recursive) discover
[0.158s] INFO:colcon.colcon_core.package_discovery:Crawling recursively for packages in '/home/saber/robox_ws/src'
[0.158s] Level 1:colcon.colcon_core.package_identification:_identify(.) by extensions ['ignore', 'ignore_ament_install']
[0.158s] Level 1:colcon.colcon_core.package_identification:_identify(.) by extension 'ignore'
[0.158s] Level 1:colcon.colcon_core.package_identification:_identify(.) by extension 'ignore_ament_install'
[0.158s] Level 1:colcon.colcon_core.package_identification:_identify(.) by extensions ['colcon_pkg']
[0.158s] Level 1:colcon.colcon_core.package_identification:_identify(.) by extension 'colcon_pkg'
[0.158s] Level 1:colcon.colcon_core.package_identification:_identify(.) by extensions ['colcon_meta']
[0.158s] Level 1:colcon.colcon_core.package_identification:_identify(.) by extension 'colcon_meta'
[0.158s] Level 1:colcon.colcon_core.package_identification:_identify(.) by extensions ['ros']
[0.158s] Level 1:colcon.colcon_core.package_identification:_identify(.) by extension 'ros'
[0.176s] Level 1:colcon.colcon_core.package_identification:_identify(.) by extensions ['cmake', 'python']
[0.176s] Level 1:colcon.colcon_core.package_identification:_identify(.) by extension 'cmake'
[0.176s] Level 1:colcon.colcon_core.package_identification:_identify(.) by extension 'python'
[0.177s] Level 1:colcon.colcon_core.package_identification:_identify(.) by extensions ['python_setup_py']
[0.177s] Level 1:colcon.colcon_core.package_identification:_identify(.) by extension 'python_setup_py'
[0.177s] Level 1:colcon.colcon_core.package_identification:_identify(arduino_arm_hardware_interface) by extensions ['ignore', 'ignore_ament_install']
[0.177s] Level 1:colcon.colcon_core.package_identification:_identify(arduino_arm_hardware_interface) by extension 'ignore'
[0.177s] Level 1:colcon.colcon_core.package_identification:_identify(arduino_arm_hardware_interface) by extension 'ignore_ament_install'
[0.177s] Level 1:colcon.colcon_core.package_identification:_identify(arduino_arm_hardware_interface) by extensions ['colcon_pkg']
[0.177s] Level 1:colcon.colcon_core.package_identification:_identify(arduino_arm_hardware_interface) by extension 'colcon_pkg'
[0.177s] Level 1:colcon.colcon_core.package_identification:_identify(arduino_arm_hardware_interface) by extensions ['colcon_meta']
[0.177s] Level 1:colcon.colcon_core.package_identification:_identify(arduino_arm_hardware_interface) by extension 'colcon_meta'
[0.177s] Level 1:colcon.colcon_core.package_identification:_identify(arduino_arm_hardware_interface) by extensions ['ros']
[0.177s] Level 1:colcon.colcon_core.package_identification:_identify(arduino_arm_hardware_interface) by extension 'ros'
[0.179s] DEBUG:colcon.colcon_core.package_identification:Package 'arduino_arm_hardware_interface' with type 'ros.ament_cmake' and name 'arduino_arm_hardware_interface'
[0.179s] Level 1:colcon.colcon_core.package_identification:_identify(arduinobot_py_examples) by extensions ['ignore', 'ignore_ament_install']
[0.179s] Level 1:colcon.colcon_core.package_identification:_identify(arduinobot_py_examples) by extension 'ignore'
[0.179s] Level 1:colcon.colcon_core.package_identification:_identify(arduinobot_py_examples) by extension 'ignore_ament_install'
[0.179s] Level 1:colcon.colcon_core.package_identification:_identify(arduinobot_py_examples) by extensions ['colcon_pkg']
[0.179s] Level 1:colcon.colcon_core.package_identification:_identify(arduinobot_py_examples) by extension 'colcon_pkg'
[0.179s] Level 1:colcon.colcon_core.package_identification:_identify(arduinobot_py_examples) by extensions ['colcon_meta']
[0.179s] Level 1:colcon.colcon_core.package_identification:_identify(arduinobot_py_examples) by extension 'colcon_meta'
[0.179s] Level 1:colcon.colcon_core.package_identification:_identify(arduinobot_py_examples) by extensions ['ros']
[0.179s] Level 1:colcon.colcon_core.package_identification:_identify(arduinobot_py_examples) by extension 'ros'
[0.180s] DEBUG:colcon.colcon_core.package_identification:Package 'arduinobot_py_examples' with type 'ros.ament_python' and name 'arduinobot_py_examples'
[0.180s] Level 1:colcon.colcon_core.package_identification:_identify(build) by extensions ['ignore', 'ignore_ament_install']
[0.180s] Level 1:colcon.colcon_core.package_identification:_identify(build) by extension 'ignore'
[0.180s] Level 1:colcon.colcon_core.package_identification:_identify(build) ignored
[0.180s] Level 1:colcon.colcon_core.package_identification:_identify(install) by extensions ['ignore', 'ignore_ament_install']
[0.180s] Level 1:colcon.colcon_core.package_identification:_identify(install) by extension 'ignore'
[0.180s] Level 1:colcon.colcon_core.package_identification:_identify(install) ignored
[0.180s] Level 1:colcon.colcon_core.package_identification:_identify(log) by extensions ['ignore', 'ignore_ament_install']
[0.180s] Level 1:colcon.colcon_core.package_identification:_identify(log) by extension 'ignore'
[0.180s] Level 1:colcon.colcon_core.package_identification:_identify(log) ignored
[0.180s] Level 1:colcon.colcon_core.package_identification:_identify(robox_arm) by extensions ['ignore', 'ignore_ament_install']
[0.180s] Level 1:colcon.colcon_core.package_identification:_identify(robox_arm) by extension 'ignore'
[0.180s] Level 1:colcon.colcon_core.package_identification:_identify(robox_arm) by extension 'ignore_ament_install'
[0.180s] Level 1:colcon.colcon_core.package_identification:_identify(robox_arm) by extensions ['colcon_pkg']
[0.180s] Level 1:colcon.colcon_core.package_identification:_identify(robox_arm) by extension 'colcon_pkg'
[0.180s] Level 1:colcon.colcon_core.package_identification:_identify(robox_arm) by extensions ['colcon_meta']
[0.180s] Level 1:colcon.colcon_core.package_identification:_identify(robox_arm) by extension 'colcon_meta'
[0.181s] Level 1:colcon.colcon_core.package_identification:_identify(robox_arm) by extensions ['ros']
[0.181s] Level 1:colcon.colcon_core.package_identification:_identify(robox_arm) by extension 'ros'
[0.181s] DEBUG:colcon.colcon_core.package_identification:Package 'robox_arm' with type 'ros.ament_cmake' and name 'robox_arm'
[0.181s] Level 1:colcon.colcon_core.package_identification:_identify(robox_moveit_config) by extensions ['ignore', 'ignore_ament_install']
[0.181s] Level 1:colcon.colcon_core.package_identification:_identify(robox_moveit_config) by extension 'ignore'
[0.182s] Level 1:colcon.colcon_core.package_identification:_identify(robox_moveit_config) by extension 'ignore_ament_install'
[0.182s] Level 1:colcon.colcon_core.package_identification:_identify(robox_moveit_config) by extensions ['colcon_pkg']
[0.182s] Level 1:colcon.colcon_core.package_identification:_identify(robox_moveit_config) by extension 'colcon_pkg'
[0.182s] Level 1:colcon.colcon_core.package_identification:_identify(robox_moveit_config) by extensions ['colcon_meta']
[0.182s] Level 1:colcon.colcon_core.package_identification:_identify(robox_moveit_config) by extension 'colcon_meta'
[0.182s] Level 1:colcon.colcon_core.package_identification:_identify(robox_moveit_config) by extensions ['ros']
[0.182s] Level 1:colcon.colcon_core.package_identification:_identify(robox_moveit_config) by extension 'ros'
[0.182s] DEBUG:colcon.colcon_core.package_identification:Package 'robox_moveit_config' with type 'ros.ament_cmake' and name 'robox_moveit_config'
[0.182s] Level 1:colcon.colcon_core.package_discovery:discover_packages(recursive) using defaults
[0.182s] Level 1:colcon.colcon_core.package_discovery:discover_packages(ignore) discover
[0.182s] Level 1:colcon.colcon_core.package_discovery:discover_packages(ignore) using defaults
[0.182s] Level 1:colcon.colcon_core.package_discovery:discover_packages(path) discover
[0.182s] Level 1:colcon.colcon_core.package_discovery:discover_packages(path) using defaults
[0.205s] Level 1:colcon.colcon_core.package_discovery:discover_packages(prefix_path) check parameters
[0.205s] Level 1:colcon.colcon_core.package_discovery:discover_packages(prefix_path) discover
[0.208s] DEBUG:colcon.colcon_installed_package_information.package_discovery:Found 18 installed packages in /home/saber/robox_ws/install
[0.210s] DEBUG:colcon.colcon_installed_package_information.package_discovery:Found 435 installed packages in /opt/ros/jazzy
[0.211s] Level 1:colcon.colcon_core.package_discovery:discover_packages(prefix_path) using defaults
[0.257s] Level 5:colcon.colcon_core.verb:set package 'arduino_arm_hardware_interface' build argument 'cmake_args' from command line to 'None'
[0.257s] Level 5:colcon.colcon_core.verb:set package 'arduino_arm_hardware_interface' build argument 'cmake_target' from command line to 'None'
[0.257s] Level 5:colcon.colcon_core.verb:set package 'arduino_arm_hardware_interface' build argument 'cmake_target_skip_unavailable' from command line to 'False'
[0.257s] Level 5:colcon.colcon_core.verb:set package 'arduino_arm_hardware_interface' build argument 'cmake_clean_cache' from command line to 'False'
[0.257s] Level 5:colcon.colcon_core.verb:set package 'arduino_arm_hardware_interface' build argument 'cmake_clean_first' from command line to 'False'
[0.257s] Level 5:colcon.colcon_core.verb:set package 'arduino_arm_hardware_interface' build argument 'cmake_force_configure' from command line to 'False'
[0.257s] Level 5:colcon.colcon_core.verb:set package 'arduino_arm_hardware_interface' build argument 'ament_cmake_args' from command line to 'None'
[0.257s] Level 5:colcon.colcon_core.verb:set package 'arduino_arm_hardware_interface' build argument 'catkin_cmake_args' from command line to 'None'
[0.257s] Level 5:colcon.colcon_core.verb:set package 'arduino_arm_hardware_interface' build argument 'catkin_skip_building_tests' from command line to 'False'
[0.257s] DEBUG:colcon.colcon_core.verb:Building package 'arduino_arm_hardware_interface' with the following arguments: {'ament_cmake_args': None, 'build_base': '/home/saber/robox_ws/src/build/arduino_arm_hardware_interface', 'catkin_cmake_args': None, 'catkin_skip_building_tests': False, 'cmake_args': None, 'cmake_clean_cache': False, 'cmake_clean_first': False, 'cmake_force_configure': False, 'cmake_target': None, 'cmake_target_skip_unavailable': False, 'install_base': '/home/saber/robox_ws/src/install/arduino_arm_hardware_interface', 'merge_install': False, 'path': '/home/saber/robox_ws/src/arduino_arm_hardware_interface', 'symlink_install': False, 'test_result_base': None}
[0.257s] Level 5:colcon.colcon_core.verb:set package 'arduinobot_py_examples' build argument 'cmake_args' from command line to 'None'
[0.257s] Level 5:colcon.colcon_core.verb:set package 'arduinobot_py_examples' build argument 'cmake_target' from command line to 'None'
[0.257s] Level 5:colcon.colcon_core.verb:set package 'arduinobot_py_examples' build argument 'cmake_target_skip_unavailable' from command line to 'False'
[0.257s] Level 5:colcon.colcon_core.verb:set package 'arduinobot_py_examples' build argument 'cmake_clean_cache' from command line to 'False'
[0.257s] Level 5:colcon.colcon_core.verb:set package 'arduinobot_py_examples' build argument 'cmake_clean_first' from command line to 'False'
[0.257s] Level 5:colcon.colcon_core.verb:set package 'arduinobot_py_examples' build argument 'cmake_force_configure' from command line to 'False'
[0.257s] Level 5:colcon.colcon_core.verb:set package 'arduinobot_py_examples' build argument 'ament_cmake_args' from command line to 'None'
[0.258s] Level 5:colcon.colcon_core.verb:set package 'arduinobot_py_examples' build argument 'catkin_cmake_args' from command line to 'None'
[0.258s] Level 5:colcon.colcon_core.verb:set package 'arduinobot_py_examples' build argument 'catkin_skip_building_tests' from command line to 'False'
[0.258s] DEBUG:colcon.colcon_core.verb:Building package 'arduinobot_py_examples' with the following arguments: {'ament_cmake_args': None, 'build_base': '/home/saber/robox_ws/src/build/arduinobot_py_examples', 'catkin_cmake_args': None, 'catkin_skip_building_tests': False, 'cmake_args': None, 'cmake_clean_cache': False, 'cmake_clean_first': False, 'cmake_force_configure': False, 'cmake_target': None, 'cmake_target_skip_unavailable': False, 'install_base': '/home/saber/robox_ws/src/install/arduinobot_py_examples', 'merge_install': False, 'path': '/home/saber/robox_ws/src/arduinobot_py_examples', 'symlink_install': False, 'test_result_base': None}
[0.258s] Level 5:colcon.colcon_core.verb:set package 'robox_arm' build argument 'cmake_args' from command line to 'None'
[0.258s] Level 5:colcon.colcon_core.verb:set package 'robox_arm' build argument 'cmake_target' from command line to 'None'
[0.258s] Level 5:colcon.colcon_core.verb:set package 'robox_arm' build argument 'cmake_target_skip_unavailable' from command line to 'False'
[0.258s] Level 5:colcon.colcon_core.verb:set package 'robox_arm' build argument 'cmake_clean_cache' from command line to 'False'
[0.258s] Level 5:colcon.colcon_core.verb:set package 'robox_arm' build argument 'cmake_clean_first' from command line to 'False'
[0.258s] Level 5:colcon.colcon_core.verb:set package 'robox_arm' build argument 'cmake_force_configure' from command line to 'False'
[0.258s] Level 5:colcon.colcon_core.verb:set package 'robox_arm' build argument 'ament_cmake_args' from command line to 'None'
[0.258s] Level 5:colcon.colcon_core.verb:set package 'robox_arm' build argument 'catkin_cmake_args' from command line to 'None'
[0.258s] Level 5:colcon.colcon_core.verb:set package 'robox_arm' build argument 'catkin_skip_building_tests' from command line to 'False'
[0.258s] DEBUG:colcon.colcon_core.verb:Building package 'robox_arm' with the following arguments: {'ament_cmake_args': None, 'build_base': '/home/saber/robox_ws/src/build/robox_arm', 'catkin_cmake_args': None, 'catkin_skip_building_tests': False, 'cmake_args': None, 'cmake_clean_cache': False, 'cmake_clean_first': False, 'cmake_force_configure': False, 'cmake_target': None, 'cmake_target_skip_unavailable': False, 'install_base': '/home/saber/robox_ws/src/install/robox_arm', 'merge_install': False, 'path': '/home/saber/robox_ws/src/robox_arm', 'symlink_install': False, 'test_result_base': None}
[0.258s] Level 5:colcon.colcon_core.verb:set package 'robox_moveit_config' build argument 'cmake_args' from command line to 'None'
[0.258s] Level 5:colcon.colcon_core.verb:set package 'robox_moveit_config' build argument 'cmake_target' from command line to 'None'
[0.258s] Level 5:colcon.colcon_core.verb:set package 'robox_moveit_config' build argument 'cmake_target_skip_unavailable' from command line to 'False'
[0.258s] Level 5:colcon.colcon_core.verb:set package 'robox_moveit_config' build argument 'cmake_clean_cache' from command line to 'False'
[0.258s] Level 5:colcon.colcon_core.verb:set package 'robox_moveit_config' build argument 'cmake_clean_first' from command line to 'False'
[0.258s] Level 5:colcon.colcon_core.verb:set package 'robox_moveit_config' build argument 'cmake_force_configure' from command line to 'False'
[0.258s] Level 5:colcon.colcon_core.verb:set package 'robox_moveit_config' build argument 'ament_cmake_args' from command line to 'None'
[0.258s] Level 5:colcon.colcon_core.verb:set package 'robox_moveit_config' build argument 'catkin_cmake_args' from command line to 'None'
[0.258s] Level 5:colcon.colcon_core.verb:set package 'robox_moveit_config' build argument 'catkin_skip_building_tests' from command line to 'False'
[0.258s] DEBUG:colcon.colcon_core.verb:Building package 'robox_moveit_config' with the following arguments: {'ament_cmake_args': None, 'build_base': '/home/saber/robox_ws/src/build/robox_moveit_config', 'catkin_cmake_args': None, 'catkin_skip_building_tests': False, 'cmake_args': None, 'cmake_clean_cache': False, 'cmake_clean_first': False, 'cmake_force_configure': False, 'cmake_target': None, 'cmake_target_skip_unavailable': False, 'install_base': '/home/saber/robox_ws/src/install/robox_moveit_config', 'merge_install': False, 'path': '/home/saber/robox_ws/src/robox_moveit_config', 'symlink_install': False, 'test_result_base': None}
[0.258s] INFO:colcon.colcon_core.executor:Executing jobs using 'parallel' executor
[0.259s] DEBUG:colcon.colcon_parallel_executor.executor.parallel:run_until_complete
[0.259s] INFO:colcon.colcon_ros.task.ament_cmake.build:Building ROS package in '/home/saber/robox_ws/src/robox_arm' with build type 'ament_cmake'
[0.259s] INFO:colcon.colcon_cmake.task.cmake.build:Building CMake package in '/home/saber/robox_ws/src/robox_arm'
[0.265s] INFO:colcon.colcon_core.plugin_system:Skipping extension 'colcon_core.shell.bat': Not used on non-Windows systems
[0.265s] INFO:colcon.colcon_core.shell:Skip shell extension 'powershell' for command environment: Not usable outside of PowerShell
[0.265s] DEBUG:colcon.colcon_core.shell:Skip shell extension 'dsv' for command environment
[0.270s] INFO:colcon.colcon_ros.task.ament_cmake.build:Building ROS package in '/home/saber/robox_ws/src/arduino_arm_hardware_interface' with build type 'ament_cmake'
[0.270s] INFO:colcon.colcon_cmake.task.cmake.build:Building CMake package in '/home/saber/robox_ws/src/arduino_arm_hardware_interface'
[0.270s] INFO:colcon.colcon_core.shell:Skip shell extension 'powershell' for command environment: Not usable outside of PowerShell
[0.270s] DEBUG:colcon.colcon_core.shell:Skip shell extension 'dsv' for command environment
[0.274s] INFO:colcon.colcon_ros.task.ament_python.build:Building ROS package in '/home/saber/robox_ws/src/arduinobot_py_examples' with build type 'ament_python'
[0.275s] Level 1:colcon.colcon_core.shell:create_environment_hook('arduinobot_py_examples', 'ament_prefix_path')
[0.275s] INFO:colcon.colcon_core.shell:Creating environment hook '/home/saber/robox_ws/src/install/arduinobot_py_examples/share/arduinobot_py_examples/hook/ament_prefix_path.ps1'
[0.277s] INFO:colcon.colcon_core.shell:Creating environment descriptor '/home/saber/robox_ws/src/install/arduinobot_py_examples/share/arduinobot_py_examples/hook/ament_prefix_path.dsv'
[0.278s] INFO:colcon.colcon_core.shell:Creating environment hook '/home/saber/robox_ws/src/install/arduinobot_py_examples/share/arduinobot_py_examples/hook/ament_prefix_path.sh'
[0.278s] INFO:colcon.colcon_core.shell:Skip shell extension 'powershell' for command environment: Not usable outside of PowerShell
[0.278s] DEBUG:colcon.colcon_core.shell:Skip shell extension 'dsv' for command environment
[0.287s] DEBUG:colcon.colcon_core.event_handler.log_command:Invoking command in '/home/saber/robox_ws/src/build/robox_arm': CMAKE_PREFIX_PATH=${CMAKE_PREFIX_PATH}:/home/saber/robox_ws/install/moveit_configs_utils:/home/saber/robox_ws/install/arduinobot_py_examples:/opt/ros/jazzy DEBUGINFOD_URLS=https://debuginfod.ubuntu.com /usr/bin/cmake /home/saber/robox_ws/src/robox_arm -DCMAKE_INSTALL_PREFIX=/home/saber/robox_ws/src/install/robox_arm
[0.289s] DEBUG:colcon.colcon_core.event_handler.log_command:Invoking command in '/home/saber/robox_ws/src/build/arduino_arm_hardware_interface': CMAKE_PREFIX_PATH=${CMAKE_PREFIX_PATH}:/home/saber/robox_ws/install/moveit_configs_utils:/home/saber/robox_ws/install/arduinobot_py_examples:/opt/ros/jazzy DEBUGINFOD_URLS=https://debuginfod.ubuntu.com /usr/bin/cmake /home/saber/robox_ws/src/arduino_arm_hardware_interface -DCMAKE_INSTALL_PREFIX=/home/saber/robox_ws/src/install/arduino_arm_hardware_interface
[0.515s] INFO:colcon.colcon_core.task.python.build:Building Python package in '/home/saber/robox_ws/src/arduinobot_py_examples'
[0.515s] INFO:colcon.colcon_core.shell:Skip shell extension 'powershell' for command environment: Not usable outside of PowerShell
[0.515s] DEBUG:colcon.colcon_core.shell:Skip shell extension 'dsv' for command environment
[1.066s] DEBUG:colcon.colcon_core.event_handler.log_command:Invoked command in '/home/saber/robox_ws/src/build/robox_arm' returned '0': CMAKE_PREFIX_PATH=${CMAKE_PREFIX_PATH}:/home/saber/robox_ws/install/moveit_configs_utils:/home/saber/robox_ws/install/arduinobot_py_examples:/opt/ros/jazzy DEBUGINFOD_URLS=https://debuginfod.ubuntu.com /usr/bin/cmake /home/saber/robox_ws/src/robox_arm -DCMAKE_INSTALL_PREFIX=/home/saber/robox_ws/src/install/robox_arm
[1.067s] DEBUG:colcon.colcon_core.event_handler.log_command:Invoking command in '/home/saber/robox_ws/src/build/robox_arm': CMAKE_PREFIX_PATH=${CMAKE_PREFIX_PATH}:/home/saber/robox_ws/install/moveit_configs_utils:/home/saber/robox_ws/install/arduinobot_py_examples:/opt/ros/jazzy DEBUGINFOD_URLS=https://debuginfod.ubuntu.com /usr/bin/cmake --build /home/saber/robox_ws/src/build/robox_arm -- -j16 -l16
[1.112s] DEBUG:colcon.colcon_core.event_handler.log_command:Invoked command in '/home/saber/robox_ws/src/build/robox_arm' returned '0': CMAKE_PREFIX_PATH=${CMAKE_PREFIX_PATH}:/home/saber/robox_ws/install/moveit_configs_utils:/home/saber/robox_ws/install/arduinobot_py_examples:/opt/ros/jazzy DEBUGINFOD_URLS=https://debuginfod.ubuntu.com /usr/bin/cmake --build /home/saber/robox_ws/src/build/robox_arm -- -j16 -l16
[1.127s] DEBUG:colcon.colcon_core.event_handler.log_command:Invoking command in '/home/saber/robox_ws/src/build/robox_arm': CMAKE_PREFIX_PATH=${CMAKE_PREFIX_PATH}:/home/saber/robox_ws/install/moveit_configs_utils:/home/saber/robox_ws/install/arduinobot_py_examples:/opt/ros/jazzy DEBUGINFOD_URLS=https://debuginfod.ubuntu.com /usr/bin/cmake --install /home/saber/robox_ws/src/build/robox_arm
[1.147s] Level 1:colcon.colcon_core.environment:create_environment_scripts_only(robox_arm)
[1.147s] DEBUG:colcon.colcon_core.event_handler.log_command:Invoked command in '/home/saber/robox_ws/src/build/robox_arm' returned '0': CMAKE_PREFIX_PATH=${CMAKE_PREFIX_PATH}:/home/saber/robox_ws/install/moveit_configs_utils:/home/saber/robox_ws/install/arduinobot_py_examples:/opt/ros/jazzy DEBUGINFOD_URLS=https://debuginfod.ubuntu.com /usr/bin/cmake --install /home/saber/robox_ws/src/build/robox_arm
[1.149s] Level 1:colcon.colcon_core.environment:checking '/home/saber/robox_ws/src/install/robox_arm' for CMake module files
[1.149s] Level 1:colcon.colcon_core.environment:checking '/home/saber/robox_ws/src/install/robox_arm' for CMake config files
[1.150s] Level 1:colcon.colcon_core.shell:create_environment_hook('robox_arm', 'cmake_prefix_path')
[1.150s] INFO:colcon.colcon_core.shell:Creating environment hook '/home/saber/robox_ws/src/install/robox_arm/share/robox_arm/hook/cmake_prefix_path.ps1'
[1.151s] INFO:colcon.colcon_core.shell:Creating environment descriptor '/home/saber/robox_ws/src/install/robox_arm/share/robox_arm/hook/cmake_prefix_path.dsv'
[1.151s] INFO:colcon.colcon_core.shell:Creating environment hook '/home/saber/robox_ws/src/install/robox_arm/share/robox_arm/hook/cmake_prefix_path.sh'
[1.151s] Level 1:colcon.colcon_core.environment:checking '/home/saber/robox_ws/src/install/robox_arm/bin'
[1.151s] Level 1:colcon.colcon_core.environment:checking '/home/saber/robox_ws/src/install/robox_arm/lib/pkgconfig/robox_arm.pc'
[1.152s] Level 1:colcon.colcon_core.environment:checking '/home/saber/robox_ws/src/install/robox_arm/lib/python3.12/site-packages'
[1.152s] Level 1:colcon.colcon_core.environment:checking '/home/saber/robox_ws/src/install/robox_arm/bin'
[1.152s] INFO:colcon.colcon_core.shell:Creating package script '/home/saber/robox_ws/src/install/robox_arm/share/robox_arm/package.ps1'
[1.152s] INFO:colcon.colcon_core.shell:Creating package descriptor '/home/saber/robox_ws/src/install/robox_arm/share/robox_arm/package.dsv'
[1.153s] INFO:colcon.colcon_core.shell:Creating package script '/home/saber/robox_ws/src/install/robox_arm/share/robox_arm/package.sh'
[1.153s] INFO:colcon.colcon_core.shell:Creating package script '/home/saber/robox_ws/src/install/robox_arm/share/robox_arm/package.bash'
[1.154s] INFO:colcon.colcon_core.shell:Creating package script '/home/saber/robox_ws/src/install/robox_arm/share/robox_arm/package.zsh'
[1.154s] Level 1:colcon.colcon_core.environment:create_file_with_runtime_dependencies(/home/saber/robox_ws/src/install/robox_arm/share/colcon-core/packages/robox_arm)
[1.154s] Level 1:colcon.colcon_core.environment:create_environment_scripts_only(robox_arm)
[1.155s] Level 1:colcon.colcon_core.environment:checking '/home/saber/robox_ws/src/install/robox_arm' for CMake module files
[1.155s] Level 1:colcon.colcon_core.environment:checking '/home/saber/robox_ws/src/install/robox_arm' for CMake config files
[1.155s] Level 1:colcon.colcon_core.shell:create_environment_hook('robox_arm', 'cmake_prefix_path')
[1.155s] INFO:colcon.colcon_core.shell:Creating environment hook '/home/saber/robox_ws/src/install/robox_arm/share/robox_arm/hook/cmake_prefix_path.ps1'
[1.156s] INFO:colcon.colcon_core.shell:Creating environment descriptor '/home/saber/robox_ws/src/install/robox_arm/share/robox_arm/hook/cmake_prefix_path.dsv'
[1.156s] INFO:colcon.colcon_core.shell:Creating environment hook '/home/saber/robox_ws/src/install/robox_arm/share/robox_arm/hook/cmake_prefix_path.sh'
[1.156s] Level 1:colcon.colcon_core.environment:checking '/home/saber/robox_ws/src/install/robox_arm/bin'
[1.156s] Level 1:colcon.colcon_core.environment:checking '/home/saber/robox_ws/src/install/robox_arm/lib/pkgconfig/robox_arm.pc'
[1.156s] Level 1:colcon.colcon_core.environment:checking '/home/saber/robox_ws/src/install/robox_arm/lib/python3.12/site-packages'
[1.157s] Level 1:colcon.colcon_core.environment:checking '/home/saber/robox_ws/src/install/robox_arm/bin'
[1.157s] INFO:colcon.colcon_core.shell:Creating package script '/home/saber/robox_ws/src/install/robox_arm/share/robox_arm/package.ps1'
[1.157s] INFO:colcon.colcon_core.shell:Creating package descriptor '/home/saber/robox_ws/src/install/robox_arm/share/robox_arm/package.dsv'
[1.157s] INFO:colcon.colcon_core.shell:Creating package script '/home/saber/robox_ws/src/install/robox_arm/share/robox_arm/package.sh'
[1.158s] INFO:colcon.colcon_core.shell:Creating package script '/home/saber/robox_ws/src/install/robox_arm/share/robox_arm/package.bash'
[1.158s] INFO:colcon.colcon_core.shell:Creating package script '/home/saber/robox_ws/src/install/robox_arm/share/robox_arm/package.zsh'
[1.158s] Level 1:colcon.colcon_core.environment:create_file_with_runtime_dependencies(/home/saber/robox_ws/src/install/robox_arm/share/colcon-core/packages/robox_arm)
[1.159s] INFO:colcon.colcon_ros.task.ament_cmake.build:Building ROS package in '/home/saber/robox_ws/src/robox_moveit_config' with build type 'ament_cmake'
[1.159s] INFO:colcon.colcon_cmake.task.cmake.build:Building CMake package in '/home/saber/robox_ws/src/robox_moveit_config'
[1.159s] INFO:colcon.colcon_core.shell:Skip shell extension 'powershell' for command environment: Not usable outside of PowerShell
[1.159s] DEBUG:colcon.colcon_core.shell:Skip shell extension 'dsv' for command environment
[1.169s] DEBUG:colcon.colcon_core.event_handler.log_command:Invoking command in '/home/saber/robox_ws/src/build/robox_moveit_config': AMENT_PREFIX_PATH=/home/saber/robox_ws/src/install/robox_arm:${AMENT_PREFIX_PATH} CMAKE_PREFIX_PATH=/home/saber/robox_ws/src/install/robox_arm:/home/saber/robox_ws/install/arduino_arm_hardware_interface:/home/saber/robox_ws/install/robox_moveit_config:/home/saber/robox_ws/install/robox_arm:/home/saber/robox_ws/install/pilz_industrial_motion_planner_testutils:/home/saber/robox_ws/install/moveit_ros_control_interface:/home/saber/robox_ws/install/moveit_plugins:/home/saber/robox_ws/install/moveit_simple_controller_manager:/home/saber/robox_ws/install/moveit_ros_occupancy_map_monitor:/home/saber/robox_ws/install/moveit_resources_prbt_support:/home/saber/robox_ws/install/moveit_resources_prbt_ikfast_manipulator_plugin:/home/saber/robox_ws/install/moveit_planners_stomp:/home/saber/robox_ws/install/moveit_planners_chomp:/home/saber/robox_ws/install/chomp_motion_planner:/home/saber/robox_ws/install/moveit_core:/home/saber/robox_ws/install/moveit_common:/opt/ros/jazzy/opt/gz_sim_vendor:/opt/ros/jazzy/opt/gz_sensors_vendor:/opt/ros/jazzy/opt/gz_physics_vendor:/opt/ros/jazzy/opt/sdformat_vendor:/opt/ros/jazzy/opt/gz_gui_vendor:/opt/ros/jazzy/opt/gz_transport_vendor:/opt/ros/jazzy/opt/gz_rendering_vendor:/opt/ros/jazzy/opt/gz_plugin_vendor:/opt/ros/jazzy/opt/gz_fuel_tools_vendor:/opt/ros/jazzy/opt/gz_msgs_vendor:/opt/ros/jazzy/opt/gz_common_vendor:/opt/ros/jazzy/opt/gz_math_vendor:/opt/ros/jazzy/opt/gz_utils_vendor:/opt/ros/jazzy/opt/gz_tools_vendor:/opt/ros/jazzy/opt/gz_ogre_next_vendor:/opt/ros/jazzy/opt/gz_dartsim_vendor:/opt/ros/jazzy/opt/gz_cmake_vendor:/home/saber/robox_ws/install/moveit_configs_utils:/home/saber/robox_ws/install/arduinobot_py_examples:/opt/ros/jazzy DEBUGINFOD_URLS=https://debuginfod.ubuntu.com /usr/bin/cmake /home/saber/robox_ws/src/robox_moveit_config -DCMAKE_INSTALL_PREFIX=/home/saber/robox_ws/src/install/robox_moveit_config
[1.370s] DEBUG:colcon.colcon_core.event_handler.log_command:Invoking command in '/home/saber/robox_ws/src/arduinobot_py_examples': DEBUGINFOD_URLS=https://debuginfod.ubuntu.com PYTHONPATH=/home/saber/robox_ws/src/build/arduinobot_py_examples/prefix_override:/usr/lib/python3/dist-packages/colcon_core/task/python/colcon_distutils_commands:/home/saber/robox_ws/src/install/arduinobot_py_examples/lib/python3.12/site-packages:${PYTHONPATH} /usr/bin/python3 -W ignore:setup.py install is deprecated -W ignore:easy_install command is deprecated setup.py egg_info --egg-base ../build/arduinobot_py_examples build --build-base /home/saber/robox_ws/src/build/arduinobot_py_examples/build install --record /home/saber/robox_ws/src/build/arduinobot_py_examples/install.log --single-version-externally-managed install_data
[1.944s] DEBUG:colcon.colcon_core.event_handler.log_command:Invoked command in '/home/saber/robox_ws/src/build/robox_moveit_config' returned '0': AMENT_PREFIX_PATH=/home/saber/robox_ws/src/install/robox_arm:${AMENT_PREFIX_PATH} CMAKE_PREFIX_PATH=/home/saber/robox_ws/src/install/robox_arm:/home/saber/robox_ws/install/arduino_arm_hardware_interface:/home/saber/robox_ws/install/robox_moveit_config:/home/saber/robox_ws/install/robox_arm:/home/saber/robox_ws/install/pilz_industrial_motion_planner_testutils:/home/saber/robox_ws/install/moveit_ros_control_interface:/home/saber/robox_ws/install/moveit_plugins:/home/saber/robox_ws/install/moveit_simple_controller_manager:/home/saber/robox_ws/install/moveit_ros_occupancy_map_monitor:/home/saber/robox_ws/install/moveit_resources_prbt_support:/home/saber/robox_ws/install/moveit_resources_prbt_ikfast_manipulator_plugin:/home/saber/robox_ws/install/moveit_planners_stomp:/home/saber/robox_ws/install/moveit_planners_chomp:/home/saber/robox_ws/install/chomp_motion_planner:/home/saber/robox_ws/install/moveit_core:/home/saber/robox_ws/install/moveit_common:/opt/ros/jazzy/opt/gz_sim_vendor:/opt/ros/jazzy/opt/gz_sensors_vendor:/opt/ros/jazzy/opt/gz_physics_vendor:/opt/ros/jazzy/opt/sdformat_vendor:/opt/ros/jazzy/opt/gz_gui_vendor:/opt/ros/jazzy/opt/gz_transport_vendor:/opt/ros/jazzy/opt/gz_rendering_vendor:/opt/ros/jazzy/opt/gz_plugin_vendor:/opt/ros/jazzy/opt/gz_fuel_tools_vendor:/opt/ros/jazzy/opt/gz_msgs_vendor:/opt/ros/jazzy/opt/gz_common_vendor:/opt/ros/jazzy/opt/gz_math_vendor:/opt/ros/jazzy/opt/gz_utils_vendor:/opt/ros/jazzy/opt/gz_tools_vendor:/opt/ros/jazzy/opt/gz_ogre_next_vendor:/opt/ros/jazzy/opt/gz_dartsim_vendor:/opt/ros/jazzy/opt/gz_cmake_vendor:/home/saber/robox_ws/install/moveit_configs_utils:/home/saber/robox_ws/install/arduinobot_py_examples:/opt/ros/jazzy DEBUGINFOD_URLS=https://debuginfod.ubuntu.com /usr/bin/cmake /home/saber/robox_ws/src/robox_moveit_config -DCMAKE_INSTALL_PREFIX=/home/saber/robox_ws/src/install/robox_moveit_config
[1.945s] DEBUG:colcon.colcon_core.event_handler.log_command:Invoking command in '/home/saber/robox_ws/src/build/robox_moveit_config': AMENT_PREFIX_PATH=/home/saber/robox_ws/src/install/robox_arm:${AMENT_PREFIX_PATH} CMAKE_PREFIX_PATH=/home/saber/robox_ws/src/install/robox_arm:/home/saber/robox_ws/install/arduino_arm_hardware_interface:/home/saber/robox_ws/install/robox_moveit_config:/home/saber/robox_ws/install/robox_arm:/home/saber/robox_ws/install/pilz_industrial_motion_planner_testutils:/home/saber/robox_ws/install/moveit_ros_control_interface:/home/saber/robox_ws/install/moveit_plugins:/home/saber/robox_ws/install/moveit_simple_controller_manager:/home/saber/robox_ws/install/moveit_ros_occupancy_map_monitor:/home/saber/robox_ws/install/moveit_resources_prbt_support:/home/saber/robox_ws/install/moveit_resources_prbt_ikfast_manipulator_plugin:/home/saber/robox_ws/install/moveit_planners_stomp:/home/saber/robox_ws/install/moveit_planners_chomp:/home/saber/robox_ws/install/chomp_motion_planner:/home/saber/robox_ws/install/moveit_core:/home/saber/robox_ws/install/moveit_common:/opt/ros/jazzy/opt/gz_sim_vendor:/opt/ros/jazzy/opt/gz_sensors_vendor:/opt/ros/jazzy/opt/gz_physics_vendor:/opt/ros/jazzy/opt/sdformat_vendor:/opt/ros/jazzy/opt/gz_gui_vendor:/opt/ros/jazzy/opt/gz_transport_vendor:/opt/ros/jazzy/opt/gz_rendering_vendor:/opt/ros/jazzy/opt/gz_plugin_vendor:/opt/ros/jazzy/opt/gz_fuel_tools_vendor:/opt/ros/jazzy/opt/gz_msgs_vendor:/opt/ros/jazzy/opt/gz_common_vendor:/opt/ros/jazzy/opt/gz_math_vendor:/opt/ros/jazzy/opt/gz_utils_vendor:/opt/ros/jazzy/opt/gz_tools_vendor:/opt/ros/jazzy/opt/gz_ogre_next_vendor:/opt/ros/jazzy/opt/gz_dartsim_vendor:/opt/ros/jazzy/opt/gz_cmake_vendor:/home/saber/robox_ws/install/moveit_configs_utils:/home/saber/robox_ws/install/arduinobot_py_examples:/opt/ros/jazzy DEBUGINFOD_URLS=https://debuginfod.ubuntu.com /usr/bin/cmake --build /home/saber/robox_ws/src/build/robox_moveit_config -- -j16 -l16
[1.994s] DEBUG:colcon.colcon_core.event_handler.log_command:Invoked command in '/home/saber/robox_ws/src/build/robox_moveit_config' returned '0': AMENT_PREFIX_PATH=/home/saber/robox_ws/src/install/robox_arm:${AMENT_PREFIX_PATH} CMAKE_PREFIX_PATH=/home/saber/robox_ws/src/install/robox_arm:/home/saber/robox_ws/install/arduino_arm_hardware_interface:/home/saber/robox_ws/install/robox_moveit_config:/home/saber/robox_ws/install/robox_arm:/home/saber/robox_ws/install/pilz_industrial_motion_planner_testutils:/home/saber/robox_ws/install/moveit_ros_control_interface:/home/saber/robox_ws/install/moveit_plugins:/home/saber/robox_ws/install/moveit_simple_controller_manager:/home/saber/robox_ws/install/moveit_ros_occupancy_map_monitor:/home/saber/robox_ws/install/moveit_resources_prbt_support:/home/saber/robox_ws/install/moveit_resources_prbt_ikfast_manipulator_plugin:/home/saber/robox_ws/install/moveit_planners_stomp:/home/saber/robox_ws/install/moveit_planners_chomp:/home/saber/robox_ws/install/chomp_motion_planner:/home/saber/robox_ws/install/moveit_core:/home/saber/robox_ws/install/moveit_common:/opt/ros/jazzy/opt/gz_sim_vendor:/opt/ros/jazzy/opt/gz_sensors_vendor:/opt/ros/jazzy/opt/gz_physics_vendor:/opt/ros/jazzy/opt/sdformat_vendor:/opt/ros/jazzy/opt/gz_gui_vendor:/opt/ros/jazzy/opt/gz_transport_vendor:/opt/ros/jazzy/opt/gz_rendering_vendor:/opt/ros/jazzy/opt/gz_plugin_vendor:/opt/ros/jazzy/opt/gz_fuel_tools_vendor:/opt/ros/jazzy/opt/gz_msgs_vendor:/opt/ros/jazzy/opt/gz_common_vendor:/opt/ros/jazzy/opt/gz_math_vendor:/opt/ros/jazzy/opt/gz_utils_vendor:/opt/ros/jazzy/opt/gz_tools_vendor:/opt/ros/jazzy/opt/gz_ogre_next_vendor:/opt/ros/jazzy/opt/gz_dartsim_vendor:/opt/ros/jazzy/opt/gz_cmake_vendor:/home/saber/robox_ws/install/moveit_configs_utils:/home/saber/robox_ws/install/arduinobot_py_examples:/opt/ros/jazzy DEBUGINFOD_URLS=https://debuginfod.ubuntu.com /usr/bin/cmake --build /home/saber/robox_ws/src/build/robox_moveit_config -- -j16 -l16
[1.995s] DEBUG:colcon.colcon_core.event_handler.log_command:Invoking command in '/home/saber/robox_ws/src/build/robox_moveit_config': AMENT_PREFIX_PATH=/home/saber/robox_ws/src/install/robox_arm:${AMENT_PREFIX_PATH} CMAKE_PREFIX_PATH=/home/saber/robox_ws/src/install/robox_arm:/home/saber/robox_ws/install/arduino_arm_hardware_interface:/home/saber/robox_ws/install/robox_moveit_config:/home/saber/robox_ws/install/robox_arm:/home/saber/robox_ws/install/pilz_industrial_motion_planner_testutils:/home/saber/robox_ws/install/moveit_ros_control_interface:/home/saber/robox_ws/install/moveit_plugins:/home/saber/robox_ws/install/moveit_simple_controller_manager:/home/saber/robox_ws/install/moveit_ros_occupancy_map_monitor:/home/saber/robox_ws/install/moveit_resources_prbt_support:/home/saber/robox_ws/install/moveit_resources_prbt_ikfast_manipulator_plugin:/home/saber/robox_ws/install/moveit_planners_stomp:/home/saber/robox_ws/install/moveit_planners_chomp:/home/saber/robox_ws/install/chomp_motion_planner:/home/saber/robox_ws/install/moveit_core:/home/saber/robox_ws/install/moveit_common:/opt/ros/jazzy/opt/gz_sim_vendor:/opt/ros/jazzy/opt/gz_sensors_vendor:/opt/ros/jazzy/opt/gz_physics_vendor:/opt/ros/jazzy/opt/sdformat_vendor:/opt/ros/jazzy/opt/gz_gui_vendor:/opt/ros/jazzy/opt/gz_transport_vendor:/opt/ros/jazzy/opt/gz_rendering_vendor:/opt/ros/jazzy/opt/gz_plugin_vendor:/opt/ros/jazzy/opt/gz_fuel_tools_vendor:/opt/ros/jazzy/opt/gz_msgs_vendor:/opt/ros/jazzy/opt/gz_common_vendor:/opt/ros/jazzy/opt/gz_math_vendor:/opt/ros/jazzy/opt/gz_utils_vendor:/opt/ros/jazzy/opt/gz_tools_vendor:/opt/ros/jazzy/opt/gz_ogre_next_vendor:/opt/ros/jazzy/opt/gz_dartsim_vendor:/opt/ros/jazzy/opt/gz_cmake_vendor:/home/saber/robox_ws/install/moveit_configs_utils:/home/saber/robox_ws/install/arduinobot_py_examples:/opt/ros/jazzy DEBUGINFOD_URLS=https://debuginfod.ubuntu.com /usr/bin/cmake --install /home/saber/robox_ws/src/build/robox_moveit_config
[2.015s] Level 1:colcon.colcon_core.environment:create_environment_scripts_only(robox_moveit_config)
[2.015s] Level 1:colcon.colcon_core.environment:checking '/home/saber/robox_ws/src/install/robox_moveit_config' for CMake module files
[2.016s] DEBUG:colcon.colcon_core.event_handler.log_command:Invoked command in '/home/saber/robox_ws/src/build/robox_moveit_config' returned '0': AMENT_PREFIX_PATH=/home/saber/robox_ws/src/install/robox_arm:${AMENT_PREFIX_PATH} CMAKE_PREFIX_PATH=/home/saber/robox_ws/src/install/robox_arm:/home/saber/robox_ws/install/arduino_arm_hardware_interface:/home/saber/robox_ws/install/robox_moveit_config:/home/saber/robox_ws/install/robox_arm:/home/saber/robox_ws/install/pilz_industrial_motion_planner_testutils:/home/saber/robox_ws/install/moveit_ros_control_interface:/home/saber/robox_ws/install/moveit_plugins:/home/saber/robox_ws/install/moveit_simple_controller_manager:/home/saber/robox_ws/install/moveit_ros_occupancy_map_monitor:/home/saber/robox_ws/install/moveit_resources_prbt_support:/home/saber/robox_ws/install/moveit_resources_prbt_ikfast_manipulator_plugin:/home/saber/robox_ws/install/moveit_planners_stomp:/home/saber/robox_ws/install/moveit_planners_chomp:/home/saber/robox_ws/install/chomp_motion_planner:/home/saber/robox_ws/install/moveit_core:/home/saber/robox_ws/install/moveit_common:/opt/ros/jazzy/opt/gz_sim_vendor:/opt/ros/jazzy/opt/gz_sensors_vendor:/opt/ros/jazzy/opt/gz_physics_vendor:/opt/ros/jazzy/opt/sdformat_vendor:/opt/ros/jazzy/opt/gz_gui_vendor:/opt/ros/jazzy/opt/gz_transport_vendor:/opt/ros/jazzy/opt/gz_rendering_vendor:/opt/ros/jazzy/opt/gz_plugin_vendor:/opt/ros/jazzy/opt/gz_fuel_tools_vendor:/opt/ros/jazzy/opt/gz_msgs_vendor:/opt/ros/jazzy/opt/gz_common_vendor:/opt/ros/jazzy/opt/gz_math_vendor:/opt/ros/jazzy/opt/gz_utils_vendor:/opt/ros/jazzy/opt/gz_tools_vendor:/opt/ros/jazzy/opt/gz_ogre_next_vendor:/opt/ros/jazzy/opt/gz_dartsim_vendor:/opt/ros/jazzy/opt/gz_cmake_vendor:/home/saber/robox_ws/install/moveit_configs_utils:/home/saber/robox_ws/install/arduinobot_py_examples:/opt/ros/jazzy DEBUGINFOD_URLS=https://debuginfod.ubuntu.com /usr/bin/cmake --install /home/saber/robox_ws/src/build/robox_moveit_config
[2.016s] Level 1:colcon.colcon_core.environment:checking '/home/saber/robox_ws/src/install/robox_moveit_config' for CMake config files
[2.016s] Level 1:colcon.colcon_core.shell:create_environment_hook('robox_moveit_config', 'cmake_prefix_path')
[2.016s] INFO:colcon.colcon_core.shell:Creating environment hook '/home/saber/robox_ws/src/install/robox_moveit_config/share/robox_moveit_config/hook/cmake_prefix_path.ps1'
[2.017s] INFO:colcon.colcon_core.shell:Creating environment descriptor '/home/saber/robox_ws/src/install/robox_moveit_config/share/robox_moveit_config/hook/cmake_prefix_path.dsv'
[2.017s] INFO:colcon.colcon_core.shell:Creating environment hook '/home/saber/robox_ws/src/install/robox_moveit_config/share/robox_moveit_config/hook/cmake_prefix_path.sh'
[2.017s] Level 1:colcon.colcon_core.environment:checking '/home/saber/robox_ws/src/install/robox_moveit_config/bin'
[2.017s] Level 1:colcon.colcon_core.environment:checking '/home/saber/robox_ws/src/install/robox_moveit_config/lib/pkgconfig/robox_moveit_config.pc'
[2.018s] Level 1:colcon.colcon_core.environment:checking '/home/saber/robox_ws/src/install/robox_moveit_config/lib/python3.12/site-packages'
[2.018s] Level 1:colcon.colcon_core.environment:checking '/home/saber/robox_ws/src/install/robox_moveit_config/bin'
[2.018s] INFO:colcon.colcon_core.shell:Creating package script '/home/saber/robox_ws/src/install/robox_moveit_config/share/robox_moveit_config/package.ps1'
[2.019s] INFO:colcon.colcon_core.shell:Creating package descriptor '/home/saber/robox_ws/src/install/robox_moveit_config/share/robox_moveit_config/package.dsv'
[2.020s] INFO:colcon.colcon_core.shell:Creating package script '/home/saber/robox_ws/src/install/robox_moveit_config/share/robox_moveit_config/package.sh'
[2.020s] INFO:colcon.colcon_core.shell:Creating package script '/home/saber/robox_ws/src/install/robox_moveit_config/share/robox_moveit_config/package.bash'
[2.020s] INFO:colcon.colcon_core.shell:Creating package script '/home/saber/robox_ws/src/install/robox_moveit_config/share/robox_moveit_config/package.zsh'
[2.020s] Level 1:colcon.colcon_core.environment:create_file_with_runtime_dependencies(/home/saber/robox_ws/src/install/robox_moveit_config/share/colcon-core/packages/robox_moveit_config)
[2.021s] Level 1:colcon.colcon_core.environment:create_environment_scripts_only(robox_moveit_config)
[2.021s] Level 1:colcon.colcon_core.environment:checking '/home/saber/robox_ws/src/install/robox_moveit_config' for CMake module files
[2.022s] Level 1:colcon.colcon_core.environment:checking '/home/saber/robox_ws/src/install/robox_moveit_config' for CMake config files
[2.022s] Level 1:colcon.colcon_core.shell:create_environment_hook('robox_moveit_config', 'cmake_prefix_path')
[2.022s] INFO:colcon.colcon_core.shell:Creating environment hook '/home/saber/robox_ws/src/install/robox_moveit_config/share/robox_moveit_config/hook/cmake_prefix_path.ps1'
[2.022s] INFO:colcon.colcon_core.shell:Creating environment descriptor '/home/saber/robox_ws/src/install/robox_moveit_config/share/robox_moveit_config/hook/cmake_prefix_path.dsv'
[2.023s] INFO:colcon.colcon_core.shell:Creating environment hook '/home/saber/robox_ws/src/install/robox_moveit_config/share/robox_moveit_config/hook/cmake_prefix_path.sh'
[2.023s] Level 1:colcon.colcon_core.environment:checking '/home/saber/robox_ws/src/install/robox_moveit_config/bin'
[2.023s] Level 1:colcon.colcon_core.environment:checking '/home/saber/robox_ws/src/install/robox_moveit_config/lib/pkgconfig/robox_moveit_config.pc'
[2.023s] Level 1:colcon.colcon_core.environment:checking '/home/saber/robox_ws/src/install/robox_moveit_config/lib/python3.12/site-packages'
[2.023s] Level 1:colcon.colcon_core.environment:checking '/home/saber/robox_ws/src/install/robox_moveit_config/bin'
[2.024s] INFO:colcon.colcon_core.shell:Creating package script '/home/saber/robox_ws/src/install/robox_moveit_config/share/robox_moveit_config/package.ps1'
[2.024s] INFO:colcon.colcon_core.shell:Creating package descriptor '/home/saber/robox_ws/src/install/robox_moveit_config/share/robox_moveit_config/package.dsv'
[2.024s] INFO:colcon.colcon_core.shell:Creating package script '/home/saber/robox_ws/src/install/robox_moveit_config/share/robox_moveit_config/package.sh'
[2.025s] INFO:colcon.colcon_core.shell:Creating package script '/home/saber/robox_ws/src/install/robox_moveit_config/share/robox_moveit_config/package.bash'
[2.025s] INFO:colcon.colcon_core.shell:Creating package script '/home/saber/robox_ws/src/install/robox_moveit_config/share/robox_moveit_config/package.zsh'
[2.025s] Level 1:colcon.colcon_core.environment:create_file_with_runtime_dependencies(/home/saber/robox_ws/src/install/robox_moveit_config/share/colcon-core/packages/robox_moveit_config)
[2.048s] Level 1:colcon.colcon_core.environment:checking '/home/saber/robox_ws/src/install/arduinobot_py_examples' for CMake module files
[2.048s] DEBUG:colcon.colcon_core.event_handler.log_command:Invoked command in '/home/saber/robox_ws/src/arduinobot_py_examples' returned '0': DEBUGINFOD_URLS=https://debuginfod.ubuntu.com PYTHONPATH=/home/saber/robox_ws/src/build/arduinobot_py_examples/prefix_override:/usr/lib/python3/dist-packages/colcon_core/task/python/colcon_distutils_commands:/home/saber/robox_ws/src/install/arduinobot_py_examples/lib/python3.12/site-packages:${PYTHONPATH} /usr/bin/python3 -W ignore:setup.py install is deprecated -W ignore:easy_install command is deprecated setup.py egg_info --egg-base ../build/arduinobot_py_examples build --build-base /home/saber/robox_ws/src/build/arduinobot_py_examples/build install --record /home/saber/robox_ws/src/build/arduinobot_py_examples/install.log --single-version-externally-managed install_data
[2.049s] Level 1:colcon.colcon_core.environment:checking '/home/saber/robox_ws/src/install/arduinobot_py_examples' for CMake config files
[2.049s] Level 1:colcon.colcon_core.environment:checking '/home/saber/robox_ws/src/install/arduinobot_py_examples/lib'
[2.049s] Level 1:colcon.colcon_core.environment:checking '/home/saber/robox_ws/src/install/arduinobot_py_examples/bin'
[2.049s] Level 1:colcon.colcon_core.environment:checking '/home/saber/robox_ws/src/install/arduinobot_py_examples/lib/pkgconfig/arduinobot_py_examples.pc'
[2.050s] Level 1:colcon.colcon_core.environment:checking '/home/saber/robox_ws/src/install/arduinobot_py_examples/lib/python3.12/site-packages'
[2.050s] Level 1:colcon.colcon_core.shell:create_environment_hook('arduinobot_py_examples', 'pythonpath')
[2.050s] INFO:colcon.colcon_core.shell:Creating environment hook '/home/saber/robox_ws/src/install/arduinobot_py_examples/share/arduinobot_py_examples/hook/pythonpath.ps1'
[2.050s] INFO:colcon.colcon_core.shell:Creating environment descriptor '/home/saber/robox_ws/src/install/arduinobot_py_examples/share/arduinobot_py_examples/hook/pythonpath.dsv'
[2.050s] INFO:colcon.colcon_core.shell:Creating environment hook '/home/saber/robox_ws/src/install/arduinobot_py_examples/share/arduinobot_py_examples/hook/pythonpath.sh'
[2.051s] Level 1:colcon.colcon_core.environment:checking '/home/saber/robox_ws/src/install/arduinobot_py_examples/bin'
[2.051s] Level 1:colcon.colcon_core.environment:create_environment_scripts_only(arduinobot_py_examples)
[2.051s] INFO:colcon.colcon_core.shell:Creating package script '/home/saber/robox_ws/src/install/arduinobot_py_examples/share/arduinobot_py_examples/package.ps1'
[2.052s] INFO:colcon.colcon_core.shell:Creating package descriptor '/home/saber/robox_ws/src/install/arduinobot_py_examples/share/arduinobot_py_examples/package.dsv'
[2.052s] INFO:colcon.colcon_core.shell:Creating package script '/home/saber/robox_ws/src/install/arduinobot_py_examples/share/arduinobot_py_examples/package.sh'
[2.052s] INFO:colcon.colcon_core.shell:Creating package script '/home/saber/robox_ws/src/install/arduinobot_py_examples/share/arduinobot_py_examples/package.bash'
[2.052s] INFO:colcon.colcon_core.shell:Creating package script '/home/saber/robox_ws/src/install/arduinobot_py_examples/share/arduinobot_py_examples/package.zsh'
[2.053s] Level 1:colcon.colcon_core.environment:create_file_with_runtime_dependencies(/home/saber/robox_ws/src/install/arduinobot_py_examples/share/colcon-core/packages/arduinobot_py_examples)
[2.094s] DEBUG:colcon.colcon_core.event_handler.log_command:Invoked command in '/home/saber/robox_ws/src/build/arduino_arm_hardware_interface' returned '0': CMAKE_PREFIX_PATH=${CMAKE_PREFIX_PATH}:/home/saber/robox_ws/install/moveit_configs_utils:/home/saber/robox_ws/install/arduinobot_py_examples:/opt/ros/jazzy DEBUGINFOD_URLS=https://debuginfod.ubuntu.com /usr/bin/cmake /home/saber/robox_ws/src/arduino_arm_hardware_interface -DCMAKE_INSTALL_PREFIX=/home/saber/robox_ws/src/install/arduino_arm_hardware_interface
[2.094s] DEBUG:colcon.colcon_core.event_handler.log_command:Invoking command in '/home/saber/robox_ws/src/build/arduino_arm_hardware_interface': CMAKE_PREFIX_PATH=${CMAKE_PREFIX_PATH}:/home/saber/robox_ws/install/moveit_configs_utils:/home/saber/robox_ws/install/arduinobot_py_examples:/opt/ros/jazzy DEBUGINFOD_URLS=https://debuginfod.ubuntu.com /usr/bin/cmake --build /home/saber/robox_ws/src/build/arduino_arm_hardware_interface -- -j16 -l16
[2.527s] DEBUG:colcon.colcon_core.event_handler.log_command:Invoked command in '/home/saber/robox_ws/src/build/arduino_arm_hardware_interface' returned '2': CMAKE_PREFIX_PATH=${CMAKE_PREFIX_PATH}:/home/saber/robox_ws/install/moveit_configs_utils:/home/saber/robox_ws/install/arduinobot_py_examples:/opt/ros/jazzy DEBUGINFOD_URLS=https://debuginfod.ubuntu.com /usr/bin/cmake --build /home/saber/robox_ws/src/build/arduino_arm_hardware_interface -- -j16 -l16
[2.527s] Level 1:colcon.colcon_core.environment:create_environment_scripts_only(arduino_arm_hardware_interface)
[2.528s] Level 1:colcon.colcon_core.environment:checking '/home/saber/robox_ws/src/install/arduino_arm_hardware_interface' for CMake module files
[2.528s] Level 1:colcon.colcon_core.environment:checking '/home/saber/robox_ws/src/install/arduino_arm_hardware_interface' for CMake config files
[2.528s] Level 1:colcon.colcon_core.environment:checking '/home/saber/robox_ws/src/install/arduino_arm_hardware_interface/bin'
[2.528s] Level 1:colcon.colcon_core.environment:checking '/home/saber/robox_ws/src/install/arduino_arm_hardware_interface/lib/pkgconfig/arduino_arm_hardware_interface.pc'
[2.528s] Level 1:colcon.colcon_core.environment:checking '/home/saber/robox_ws/src/install/arduino_arm_hardware_interface/lib/python3.12/site-packages'
[2.528s] Level 1:colcon.colcon_core.environment:checking '/home/saber/robox_ws/src/install/arduino_arm_hardware_interface/bin'
[2.528s] INFO:colcon.colcon_core.shell:Creating package script '/home/saber/robox_ws/src/install/arduino_arm_hardware_interface/share/arduino_arm_hardware_interface/package.ps1'
[2.529s] INFO:colcon.colcon_core.shell:Creating package descriptor '/home/saber/robox_ws/src/install/arduino_arm_hardware_interface/share/arduino_arm_hardware_interface/package.dsv'
[2.529s] INFO:colcon.colcon_core.shell:Creating package script '/home/saber/robox_ws/src/install/arduino_arm_hardware_interface/share/arduino_arm_hardware_interface/package.sh'
[2.530s] INFO:colcon.colcon_core.shell:Creating package script '/home/saber/robox_ws/src/install/arduino_arm_hardware_interface/share/arduino_arm_hardware_interface/package.bash'
[2.530s] INFO:colcon.colcon_core.shell:Creating package script '/home/saber/robox_ws/src/install/arduino_arm_hardware_interface/share/arduino_arm_hardware_interface/package.zsh'
[2.530s] Level 1:colcon.colcon_core.environment:create_file_with_runtime_dependencies(/home/saber/robox_ws/src/install/arduino_arm_hardware_interface/share/colcon-core/packages/arduino_arm_hardware_interface)
[2.540s] DEBUG:colcon.colcon_parallel_executor.executor.parallel:closing loop
[2.541s] DEBUG:colcon.colcon_parallel_executor.executor.parallel:loop closed
[2.541s] DEBUG:colcon.colcon_parallel_executor.executor.parallel:run_until_complete finished with '2'
[2.541s] DEBUG:colcon.colcon_core.event_reactor:joining thread
[2.557s] INFO:colcon.colcon_core.plugin_system:Skipping extension 'colcon_notification.desktop_notification.terminal_notifier': Not used on non-Darwin systems
[2.557s] INFO:colcon.colcon_core.plugin_system:Skipping extension 'colcon_notification.desktop_notification.win32': Not used on non-Windows systems
[2.557s] INFO:colcon.colcon_notification.desktop_notification:Sending desktop notification using 'notify2'
[2.567s] DEBUG:colcon.colcon_core.event_reactor:joined thread
[2.567s] INFO:colcon.colcon_core.shell:Creating prefix script '/home/saber/robox_ws/src/install/local_setup.ps1'
[2.568s] INFO:colcon.colcon_core.shell:Creating prefix util module '/home/saber/robox_ws/src/install/_local_setup_util_ps1.py'
[2.569s] INFO:colcon.colcon_core.shell:Creating prefix chain script '/home/saber/robox_ws/src/install/setup.ps1'
[2.570s] INFO:colcon.colcon_core.shell:Creating prefix script '/home/saber/robox_ws/src/install/local_setup.sh'
[2.571s] INFO:colcon.colcon_core.shell:Creating prefix util module '/home/saber/robox_ws/src/install/_local_setup_util_sh.py'
[2.571s] INFO:colcon.colcon_core.shell:Creating prefix chain script '/home/saber/robox_ws/src/install/setup.sh'
[2.572s] INFO:colcon.colcon_core.shell:Creating prefix script '/home/saber/robox_ws/src/install/local_setup.bash'
[2.573s] INFO:colcon.colcon_core.shell:Creating prefix chain script '/home/saber/robox_ws/src/install/setup.bash'
[2.574s] INFO:colcon.colcon_core.shell:Creating prefix script '/home/saber/robox_ws/src/install/local_setup.zsh'
[2.574s] INFO:colcon.colcon_core.shell:Creating prefix chain script '/home/saber/robox_ws/src/install/setup.zsh'
