[0.065s] Invoking command in '/home/saber/robox_ws/build/robox_arm': CMAKE_PREFIX_PATH=/home/saber/robox_ws/install/robox_moveit_config:/home/saber/robox_ws/install/robox_arm:/home/saber/robox_ws/install/cube_msgs:/home/saber/robox_ws/install/dashboard:/home/saber/robox_ws/install/color_pose_publisher:/home/saber/robox_ws/install/arduinobot_py_examples:/opt/ros/jazzy:/home/saber/robox_ws/install/arduino_arm_hardware_interface:/opt/ros/jazzy/opt/gz_sim_vendor:/opt/ros/jazzy/opt/gz_sensors_vendor:/opt/ros/jazzy/opt/gz_physics_vendor:/opt/ros/jazzy/opt/sdformat_vendor:/opt/ros/jazzy/opt/gz_gui_vendor:/opt/ros/jazzy/opt/gz_transport_vendor:/opt/ros/jazzy/opt/gz_rendering_vendor:/opt/ros/jazzy/opt/gz_plugin_vendor:/opt/ros/jazzy/opt/gz_fuel_tools_vendor:/opt/ros/jazzy/opt/gz_msgs_vendor:/opt/ros/jazzy/opt/gz_common_vendor:/opt/ros/jazzy/opt/gz_math_vendor:/opt/ros/jazzy/opt/gz_utils_vendor:/opt/ros/jazzy/opt/gz_tools_vendor:/opt/ros/jazzy/opt/gz_ogre_next_vendor:/opt/ros/jazzy/opt/gz_dartsim_vendor:/opt/ros/jazzy/opt/gz_cmake_vendor DEBUGINFOD_URLS=https://debuginfod.ubuntu.com /usr/bin/cmake --build /home/saber/robox_ws/build/robox_arm -- -j16 -l16
[0.975s] Invoked command in '/home/saber/robox_ws/build/robox_arm' returned '0': CMAKE_PREFIX_PATH=/home/saber/robox_ws/install/robox_moveit_config:/home/saber/robox_ws/install/robox_arm:/home/saber/robox_ws/install/cube_msgs:/home/saber/robox_ws/install/dashboard:/home/saber/robox_ws/install/color_pose_publisher:/home/saber/robox_ws/install/arduinobot_py_examples:/opt/ros/jazzy:/home/saber/robox_ws/install/arduino_arm_hardware_interface:/opt/ros/jazzy/opt/gz_sim_vendor:/opt/ros/jazzy/opt/gz_sensors_vendor:/opt/ros/jazzy/opt/gz_physics_vendor:/opt/ros/jazzy/opt/sdformat_vendor:/opt/ros/jazzy/opt/gz_gui_vendor:/opt/ros/jazzy/opt/gz_transport_vendor:/opt/ros/jazzy/opt/gz_rendering_vendor:/opt/ros/jazzy/opt/gz_plugin_vendor:/opt/ros/jazzy/opt/gz_fuel_tools_vendor:/opt/ros/jazzy/opt/gz_msgs_vendor:/opt/ros/jazzy/opt/gz_common_vendor:/opt/ros/jazzy/opt/gz_math_vendor:/opt/ros/jazzy/opt/gz_utils_vendor:/opt/ros/jazzy/opt/gz_tools_vendor:/opt/ros/jazzy/opt/gz_ogre_next_vendor:/opt/ros/jazzy/opt/gz_dartsim_vendor:/opt/ros/jazzy/opt/gz_cmake_vendor DEBUGINFOD_URLS=https://debuginfod.ubuntu.com /usr/bin/cmake --build /home/saber/robox_ws/build/robox_arm -- -j16 -l16
[0.995s] Invoking command in '/home/saber/robox_ws/build/robox_arm': CMAKE_PREFIX_PATH=/home/saber/robox_ws/install/robox_moveit_config:/home/saber/robox_ws/install/robox_arm:/home/saber/robox_ws/install/cube_msgs:/home/saber/robox_ws/install/dashboard:/home/saber/robox_ws/install/color_pose_publisher:/home/saber/robox_ws/install/arduinobot_py_examples:/opt/ros/jazzy:/home/saber/robox_ws/install/arduino_arm_hardware_interface:/opt/ros/jazzy/opt/gz_sim_vendor:/opt/ros/jazzy/opt/gz_sensors_vendor:/opt/ros/jazzy/opt/gz_physics_vendor:/opt/ros/jazzy/opt/sdformat_vendor:/opt/ros/jazzy/opt/gz_gui_vendor:/opt/ros/jazzy/opt/gz_transport_vendor:/opt/ros/jazzy/opt/gz_rendering_vendor:/opt/ros/jazzy/opt/gz_plugin_vendor:/opt/ros/jazzy/opt/gz_fuel_tools_vendor:/opt/ros/jazzy/opt/gz_msgs_vendor:/opt/ros/jazzy/opt/gz_common_vendor:/opt/ros/jazzy/opt/gz_math_vendor:/opt/ros/jazzy/opt/gz_utils_vendor:/opt/ros/jazzy/opt/gz_tools_vendor:/opt/ros/jazzy/opt/gz_ogre_next_vendor:/opt/ros/jazzy/opt/gz_dartsim_vendor:/opt/ros/jazzy/opt/gz_cmake_vendor DEBUGINFOD_URLS=https://debuginfod.ubuntu.com /usr/bin/cmake --install /home/saber/robox_ws/build/robox_arm
[1.501s] -- Install configuration: ""
[1.501s] -- Execute custom install script
[1.502s] -- Up-to-date symlink: /home/saber/robox_ws/install/robox_arm/share/robox_arm/meshes/base_link.STL
[1.502s] -- Up-to-date symlink: /home/saber/robox_ws/install/robox_arm/share/robox_arm/meshes/link_five.STL
[1.503s] -- Up-to-date symlink: /home/saber/robox_ws/install/robox_arm/share/robox_arm/meshes/link_four.STL
[1.503s] -- Up-to-date symlink: /home/saber/robox_ws/install/robox_arm/share/robox_arm/meshes/link_one.STL
[1.503s] -- Up-to-date symlink: /home/saber/robox_ws/install/robox_arm/share/robox_arm/meshes/link_seven.STL
[1.504s] -- Up-to-date symlink: /home/saber/robox_ws/install/robox_arm/share/robox_arm/meshes/link_six.STL
[1.504s] -- Up-to-date symlink: /home/saber/robox_ws/install/robox_arm/share/robox_arm/meshes/link_three.STL
[1.504s] -- Up-to-date symlink: /home/saber/robox_ws/install/robox_arm/share/robox_arm/meshes/link_two.STL
[1.504s] -- Up-to-date symlink: /home/saber/robox_ws/install/robox_arm/share/robox_arm/urdf/robox_arm.csv
[1.505s] -- Up-to-date symlink: /home/saber/robox_ws/install/robox_arm/share/robox_arm/urdf/robox_arm.urdf
[1.505s] -- Up-to-date symlink: /home/saber/robox_ws/install/robox_arm/share/robox_arm/launch/display.launch.py
[1.505s] -- Up-to-date symlink: /home/saber/robox_ws/install/robox_arm/share/robox_arm/launch/gazebo.launch
[1.506s] -- Up-to-date symlink: /home/saber/robox_ws/install/robox_arm/share/ament_index/resource_index/package_run_dependencies/robox_arm
[1.506s] -- Up-to-date symlink: /home/saber/robox_ws/install/robox_arm/share/ament_index/resource_index/parent_prefix_path/robox_arm
[1.507s] -- Up-to-date symlink: /home/saber/robox_ws/install/robox_arm/share/robox_arm/environment/ament_prefix_path.sh
[1.508s] -- Up-to-date symlink: /home/saber/robox_ws/install/robox_arm/share/robox_arm/environment/ament_prefix_path.dsv
[1.508s] -- Up-to-date symlink: /home/saber/robox_ws/install/robox_arm/share/robox_arm/environment/path.sh
[1.508s] -- Up-to-date symlink: /home/saber/robox_ws/install/robox_arm/share/robox_arm/environment/path.dsv
[1.509s] -- Up-to-date symlink: /home/saber/robox_ws/install/robox_arm/share/robox_arm/local_setup.bash
[1.509s] -- Up-to-date symlink: /home/saber/robox_ws/install/robox_arm/share/robox_arm/local_setup.sh
[1.509s] -- Up-to-date symlink: /home/saber/robox_ws/install/robox_arm/share/robox_arm/local_setup.zsh
[1.509s] -- Up-to-date symlink: /home/saber/robox_ws/install/robox_arm/share/robox_arm/local_setup.dsv
[1.510s] -- Symlinking: /home/saber/robox_ws/install/robox_arm/share/robox_arm/package.dsv
[1.510s] -- Up-to-date symlink: /home/saber/robox_ws/install/robox_arm/share/ament_index/resource_index/packages/robox_arm
[1.510s] -- Up-to-date symlink: /home/saber/robox_ws/install/robox_arm/share/robox_arm/cmake/robox_armConfig.cmake
[1.510s] -- Up-to-date symlink: /home/saber/robox_ws/install/robox_arm/share/robox_arm/cmake/robox_armConfig-version.cmake
[1.510s] -- Up-to-date symlink: /home/saber/robox_ws/install/robox_arm/share/robox_arm/package.xml
[1.512s] Invoked command in '/home/saber/robox_ws/build/robox_arm' returned '0': CMAKE_PREFIX_PATH=/home/saber/robox_ws/install/robox_moveit_config:/home/saber/robox_ws/install/robox_arm:/home/saber/robox_ws/install/cube_msgs:/home/saber/robox_ws/install/dashboard:/home/saber/robox_ws/install/color_pose_publisher:/home/saber/robox_ws/install/arduinobot_py_examples:/opt/ros/jazzy:/home/saber/robox_ws/install/arduino_arm_hardware_interface:/opt/ros/jazzy/opt/gz_sim_vendor:/opt/ros/jazzy/opt/gz_sensors_vendor:/opt/ros/jazzy/opt/gz_physics_vendor:/opt/ros/jazzy/opt/sdformat_vendor:/opt/ros/jazzy/opt/gz_gui_vendor:/opt/ros/jazzy/opt/gz_transport_vendor:/opt/ros/jazzy/opt/gz_rendering_vendor:/opt/ros/jazzy/opt/gz_plugin_vendor:/opt/ros/jazzy/opt/gz_fuel_tools_vendor:/opt/ros/jazzy/opt/gz_msgs_vendor:/opt/ros/jazzy/opt/gz_common_vendor:/opt/ros/jazzy/opt/gz_math_vendor:/opt/ros/jazzy/opt/gz_utils_vendor:/opt/ros/jazzy/opt/gz_tools_vendor:/opt/ros/jazzy/opt/gz_ogre_next_vendor:/opt/ros/jazzy/opt/gz_dartsim_vendor:/opt/ros/jazzy/opt/gz_cmake_vendor DEBUGINFOD_URLS=https://debuginfod.ubuntu.com /usr/bin/cmake --install /home/saber/robox_ws/build/robox_arm
