[0.111s] DEBUG:colcon:Command line arguments: ['/usr/bin/colcon', 'build']
[0.111s] DEBUG:colcon:Parsed command line arguments: Namespace(log_base=None, log_level=None, verb_name='build', build_base='build', install_base='install', merge_install=False, symlink_install=False, test_result_base=None, continue_on_error=False, executor='parallel', parallel_workers=16, event_handlers=None, ignore_user_meta=False, metas=['./colcon.meta'], base_paths=['.'], packages_ignore=None, packages_ignore_regex=None, paths=None, packages_up_to=None, packages_up_to_regex=None, packages_above=None, packages_above_and_dependencies=None, packages_above_depth=None, packages_select_by_dep=None, packages_skip_by_dep=None, packages_skip_up_to=None, packages_select_build_failed=False, packages_skip_build_finished=False, packages_select_test_failures=False, packages_skip_test_passed=False, packages_select=None, packages_skip=None, packages_select_regex=None, packages_skip_regex=None, packages_start=None, packages_end=None, allow_overriding=[], cmake_args=None, cmake_target=None, cmake_target_skip_unavailable=False, cmake_clean_cache=False, cmake_clean_first=False, cmake_force_configure=False, ament_cmake_args=None, catkin_cmake_args=None, catkin_skip_building_tests=False, mixin_files=None, mixin=None, verb_parser=<colcon_mixin.mixin.mixin_argument.MixinArgumentDecorator object at 0x706bfb38fd70>, verb_extension=<colcon_core.verb.build.BuildVerb object at 0x706bfb2dc3b0>, main=<bound method BuildVerb.main of <colcon_core.verb.build.BuildVerb object at 0x706bfb2dc3b0>>, mixin_verb=('build',))
[0.145s] Level 1:colcon.colcon_core.package_discovery:discover_packages(colcon_meta) check parameters
[0.145s] Level 1:colcon.colcon_core.package_discovery:discover_packages(recursive) check parameters
[0.145s] Level 1:colcon.colcon_core.package_discovery:discover_packages(ignore) check parameters
[0.145s] Level 1:colcon.colcon_core.package_discovery:discover_packages(path) check parameters
[0.145s] Level 1:colcon.colcon_core.package_discovery:discover_packages(colcon_meta) discover
[0.145s] Level 1:colcon.colcon_core.package_discovery:discover_packages(recursive) discover
[0.145s] INFO:colcon.colcon_core.package_discovery:Crawling recursively for packages in '/home/saber/robox_ws'
[0.145s] Level 1:colcon.colcon_core.package_identification:_identify(.) by extensions ['ignore', 'ignore_ament_install']
[0.145s] Level 1:colcon.colcon_core.package_identification:_identify(.) by extension 'ignore'
[0.146s] Level 1:colcon.colcon_core.package_identification:_identify(.) by extension 'ignore_ament_install'
[0.146s] Level 1:colcon.colcon_core.package_identification:_identify(.) by extensions ['colcon_pkg']
[0.146s] Level 1:colcon.colcon_core.package_identification:_identify(.) by extension 'colcon_pkg'
[0.146s] Level 1:colcon.colcon_core.package_identification:_identify(.) by extensions ['colcon_meta']
[0.146s] Level 1:colcon.colcon_core.package_identification:_identify(.) by extension 'colcon_meta'
[0.146s] Level 1:colcon.colcon_core.package_identification:_identify(.) by extensions ['ros']
[0.146s] Level 1:colcon.colcon_core.package_identification:_identify(.) by extension 'ros'
[0.167s] Level 1:colcon.colcon_core.package_identification:_identify(.) by extensions ['cmake', 'python']
[0.167s] Level 1:colcon.colcon_core.package_identification:_identify(.) by extension 'cmake'
[0.167s] Level 1:colcon.colcon_core.package_identification:_identify(.) by extension 'python'
[0.167s] Level 1:colcon.colcon_core.package_identification:_identify(.) by extensions ['python_setup_py']
[0.167s] Level 1:colcon.colcon_core.package_identification:_identify(.) by extension 'python_setup_py'
[0.167s] Level 1:colcon.colcon_core.package_identification:_identify(PS2_Robot_Arm_under_production) by extensions ['ignore', 'ignore_ament_install']
[0.167s] Level 1:colcon.colcon_core.package_identification:_identify(PS2_Robot_Arm_under_production) by extension 'ignore'
[0.167s] Level 1:colcon.colcon_core.package_identification:_identify(PS2_Robot_Arm_under_production) by extension 'ignore_ament_install'
[0.167s] Level 1:colcon.colcon_core.package_identification:_identify(PS2_Robot_Arm_under_production) by extensions ['colcon_pkg']
[0.167s] Level 1:colcon.colcon_core.package_identification:_identify(PS2_Robot_Arm_under_production) by extension 'colcon_pkg'
[0.167s] Level 1:colcon.colcon_core.package_identification:_identify(PS2_Robot_Arm_under_production) by extensions ['colcon_meta']
[0.167s] Level 1:colcon.colcon_core.package_identification:_identify(PS2_Robot_Arm_under_production) by extension 'colcon_meta'
[0.167s] Level 1:colcon.colcon_core.package_identification:_identify(PS2_Robot_Arm_under_production) by extensions ['ros']
[0.167s] Level 1:colcon.colcon_core.package_identification:_identify(PS2_Robot_Arm_under_production) by extension 'ros'
[0.167s] Level 1:colcon.colcon_core.package_identification:_identify(PS2_Robot_Arm_under_production) by extensions ['cmake', 'python']
[0.167s] Level 1:colcon.colcon_core.package_identification:_identify(PS2_Robot_Arm_under_production) by extension 'cmake'
[0.167s] Level 1:colcon.colcon_core.package_identification:_identify(PS2_Robot_Arm_under_production) by extension 'python'
[0.167s] Level 1:colcon.colcon_core.package_identification:_identify(PS2_Robot_Arm_under_production) by extensions ['python_setup_py']
[0.167s] Level 1:colcon.colcon_core.package_identification:_identify(PS2_Robot_Arm_under_production) by extension 'python_setup_py'
[0.168s] Level 1:colcon.colcon_core.package_identification:_identify(Robot_Arm_ROS) by extensions ['ignore', 'ignore_ament_install']
[0.168s] Level 1:colcon.colcon_core.package_identification:_identify(Robot_Arm_ROS) by extension 'ignore'
[0.168s] Level 1:colcon.colcon_core.package_identification:_identify(Robot_Arm_ROS) by extension 'ignore_ament_install'
[0.168s] Level 1:colcon.colcon_core.package_identification:_identify(Robot_Arm_ROS) by extensions ['colcon_pkg']
[0.168s] Level 1:colcon.colcon_core.package_identification:_identify(Robot_Arm_ROS) by extension 'colcon_pkg'
[0.168s] Level 1:colcon.colcon_core.package_identification:_identify(Robot_Arm_ROS) by extensions ['colcon_meta']
[0.168s] Level 1:colcon.colcon_core.package_identification:_identify(Robot_Arm_ROS) by extension 'colcon_meta'
[0.168s] Level 1:colcon.colcon_core.package_identification:_identify(Robot_Arm_ROS) by extensions ['ros']
[0.168s] Level 1:colcon.colcon_core.package_identification:_identify(Robot_Arm_ROS) by extension 'ros'
[0.168s] Level 1:colcon.colcon_core.package_identification:_identify(Robot_Arm_ROS) by extensions ['cmake', 'python']
[0.168s] Level 1:colcon.colcon_core.package_identification:_identify(Robot_Arm_ROS) by extension 'cmake'
[0.168s] Level 1:colcon.colcon_core.package_identification:_identify(Robot_Arm_ROS) by extension 'python'
[0.168s] Level 1:colcon.colcon_core.package_identification:_identify(Robot_Arm_ROS) by extensions ['python_setup_py']
[0.168s] Level 1:colcon.colcon_core.package_identification:_identify(Robot_Arm_ROS) by extension 'python_setup_py'
[0.169s] Level 1:colcon.colcon_core.package_identification:_identify(build) by extensions ['ignore', 'ignore_ament_install']
[0.169s] Level 1:colcon.colcon_core.package_identification:_identify(build) by extension 'ignore'
[0.169s] Level 1:colcon.colcon_core.package_identification:_identify(build) ignored
[0.169s] Level 1:colcon.colcon_core.package_identification:_identify(install) by extensions ['ignore', 'ignore_ament_install']
[0.169s] Level 1:colcon.colcon_core.package_identification:_identify(install) by extension 'ignore'
[0.169s] Level 1:colcon.colcon_core.package_identification:_identify(install) ignored
[0.169s] Level 1:colcon.colcon_core.package_identification:_identify(log) by extensions ['ignore', 'ignore_ament_install']
[0.169s] Level 1:colcon.colcon_core.package_identification:_identify(log) by extension 'ignore'
[0.169s] Level 1:colcon.colcon_core.package_identification:_identify(log) ignored
[0.169s] Level 1:colcon.colcon_core.package_identification:_identify(src) by extensions ['ignore', 'ignore_ament_install']
[0.169s] Level 1:colcon.colcon_core.package_identification:_identify(src) by extension 'ignore'
[0.169s] Level 1:colcon.colcon_core.package_identification:_identify(src) by extension 'ignore_ament_install'
[0.169s] Level 1:colcon.colcon_core.package_identification:_identify(src) by extensions ['colcon_pkg']
[0.169s] Level 1:colcon.colcon_core.package_identification:_identify(src) by extension 'colcon_pkg'
[0.169s] Level 1:colcon.colcon_core.package_identification:_identify(src) by extensions ['colcon_meta']
[0.169s] Level 1:colcon.colcon_core.package_identification:_identify(src) by extension 'colcon_meta'
[0.170s] Level 1:colcon.colcon_core.package_identification:_identify(src) by extensions ['ros']
[0.170s] Level 1:colcon.colcon_core.package_identification:_identify(src) by extension 'ros'
[0.170s] Level 1:colcon.colcon_core.package_identification:_identify(src) by extensions ['cmake', 'python']
[0.170s] Level 1:colcon.colcon_core.package_identification:_identify(src) by extension 'cmake'
[0.170s] Level 1:colcon.colcon_core.package_identification:_identify(src) by extension 'python'
[0.170s] Level 1:colcon.colcon_core.package_identification:_identify(src) by extensions ['python_setup_py']
[0.170s] Level 1:colcon.colcon_core.package_identification:_identify(src) by extension 'python_setup_py'
[0.170s] Level 1:colcon.colcon_core.package_identification:_identify(src/arduinobot_py_examples) by extensions ['ignore', 'ignore_ament_install']
[0.170s] Level 1:colcon.colcon_core.package_identification:_identify(src/arduinobot_py_examples) by extension 'ignore'
[0.170s] Level 1:colcon.colcon_core.package_identification:_identify(src/arduinobot_py_examples) by extension 'ignore_ament_install'
[0.170s] Level 1:colcon.colcon_core.package_identification:_identify(src/arduinobot_py_examples) by extensions ['colcon_pkg']
[0.170s] Level 1:colcon.colcon_core.package_identification:_identify(src/arduinobot_py_examples) by extension 'colcon_pkg'
[0.170s] Level 1:colcon.colcon_core.package_identification:_identify(src/arduinobot_py_examples) by extensions ['colcon_meta']
[0.170s] Level 1:colcon.colcon_core.package_identification:_identify(src/arduinobot_py_examples) by extension 'colcon_meta'
[0.170s] Level 1:colcon.colcon_core.package_identification:_identify(src/arduinobot_py_examples) by extensions ['ros']
[0.170s] Level 1:colcon.colcon_core.package_identification:_identify(src/arduinobot_py_examples) by extension 'ros'
[0.172s] DEBUG:colcon.colcon_core.package_identification:Package 'src/arduinobot_py_examples' with type 'ros.ament_python' and name 'arduinobot_py_examples'
[0.172s] Level 1:colcon.colcon_core.package_identification:_identify(src/build) by extensions ['ignore', 'ignore_ament_install']
[0.172s] Level 1:colcon.colcon_core.package_identification:_identify(src/build) by extension 'ignore'
[0.172s] Level 1:colcon.colcon_core.package_identification:_identify(src/build) ignored
[0.172s] Level 1:colcon.colcon_core.package_identification:_identify(src/color_pose_publisher) by extensions ['ignore', 'ignore_ament_install']
[0.172s] Level 1:colcon.colcon_core.package_identification:_identify(src/color_pose_publisher) by extension 'ignore'
[0.172s] Level 1:colcon.colcon_core.package_identification:_identify(src/color_pose_publisher) by extension 'ignore_ament_install'
[0.172s] Level 1:colcon.colcon_core.package_identification:_identify(src/color_pose_publisher) by extensions ['colcon_pkg']
[0.172s] Level 1:colcon.colcon_core.package_identification:_identify(src/color_pose_publisher) by extension 'colcon_pkg'
[0.172s] Level 1:colcon.colcon_core.package_identification:_identify(src/color_pose_publisher) by extensions ['colcon_meta']
[0.172s] Level 1:colcon.colcon_core.package_identification:_identify(src/color_pose_publisher) by extension 'colcon_meta'
[0.172s] Level 1:colcon.colcon_core.package_identification:_identify(src/color_pose_publisher) by extensions ['ros']
[0.173s] Level 1:colcon.colcon_core.package_identification:_identify(src/color_pose_publisher) by extension 'ros'
[0.173s] DEBUG:colcon.colcon_core.package_identification:Package 'src/color_pose_publisher' with type 'ros.ament_python' and name 'color_pose_publisher'
[0.173s] Level 1:colcon.colcon_core.package_identification:_identify(src/cube_msgs) by extensions ['ignore', 'ignore_ament_install']
[0.173s] Level 1:colcon.colcon_core.package_identification:_identify(src/cube_msgs) by extension 'ignore'
[0.174s] Level 1:colcon.colcon_core.package_identification:_identify(src/cube_msgs) by extension 'ignore_ament_install'
[0.174s] Level 1:colcon.colcon_core.package_identification:_identify(src/cube_msgs) by extensions ['colcon_pkg']
[0.174s] Level 1:colcon.colcon_core.package_identification:_identify(src/cube_msgs) by extension 'colcon_pkg'
[0.174s] Level 1:colcon.colcon_core.package_identification:_identify(src/cube_msgs) by extensions ['colcon_meta']
[0.174s] Level 1:colcon.colcon_core.package_identification:_identify(src/cube_msgs) by extension 'colcon_meta'
[0.174s] Level 1:colcon.colcon_core.package_identification:_identify(src/cube_msgs) by extensions ['ros']
[0.174s] Level 1:colcon.colcon_core.package_identification:_identify(src/cube_msgs) by extension 'ros'
[0.182s] DEBUG:colcon.colcon_core.package_identification:Package 'src/cube_msgs' with type 'ros.ament_cmake' and name 'cube_msgs'
[0.182s] Level 1:colcon.colcon_core.package_identification:_identify(src/install) by extensions ['ignore', 'ignore_ament_install']
[0.182s] Level 1:colcon.colcon_core.package_identification:_identify(src/install) by extension 'ignore'
[0.182s] Level 1:colcon.colcon_core.package_identification:_identify(src/install) ignored
[0.182s] Level 1:colcon.colcon_core.package_identification:_identify(src/log) by extensions ['ignore', 'ignore_ament_install']
[0.182s] Level 1:colcon.colcon_core.package_identification:_identify(src/log) by extension 'ignore'
[0.182s] Level 1:colcon.colcon_core.package_identification:_identify(src/log) ignored
[0.182s] Level 1:colcon.colcon_core.package_identification:_identify(src/robox_arm) by extensions ['ignore', 'ignore_ament_install']
[0.182s] Level 1:colcon.colcon_core.package_identification:_identify(src/robox_arm) by extension 'ignore'
[0.183s] Level 1:colcon.colcon_core.package_identification:_identify(src/robox_arm) by extension 'ignore_ament_install'
[0.183s] Level 1:colcon.colcon_core.package_identification:_identify(src/robox_arm) by extensions ['colcon_pkg']
[0.183s] Level 1:colcon.colcon_core.package_identification:_identify(src/robox_arm) by extension 'colcon_pkg'
[0.183s] Level 1:colcon.colcon_core.package_identification:_identify(src/robox_arm) by extensions ['colcon_meta']
[0.183s] Level 1:colcon.colcon_core.package_identification:_identify(src/robox_arm) by extension 'colcon_meta'
[0.183s] Level 1:colcon.colcon_core.package_identification:_identify(src/robox_arm) by extensions ['ros']
[0.183s] Level 1:colcon.colcon_core.package_identification:_identify(src/robox_arm) by extension 'ros'
[0.183s] DEBUG:colcon.colcon_core.package_identification:Package 'src/robox_arm' with type 'ros.ament_cmake' and name 'robox_arm'
[0.183s] Level 1:colcon.colcon_core.package_identification:_identify(src/robox_moveit_config) by extensions ['ignore', 'ignore_ament_install']
[0.184s] Level 1:colcon.colcon_core.package_identification:_identify(src/robox_moveit_config) by extension 'ignore'
[0.184s] Level 1:colcon.colcon_core.package_identification:_identify(src/robox_moveit_config) by extension 'ignore_ament_install'
[0.184s] Level 1:colcon.colcon_core.package_identification:_identify(src/robox_moveit_config) by extensions ['colcon_pkg']
[0.184s] Level 1:colcon.colcon_core.package_identification:_identify(src/robox_moveit_config) by extension 'colcon_pkg'
[0.184s] Level 1:colcon.colcon_core.package_identification:_identify(src/robox_moveit_config) by extensions ['colcon_meta']
[0.184s] Level 1:colcon.colcon_core.package_identification:_identify(src/robox_moveit_config) by extension 'colcon_meta'
[0.184s] Level 1:colcon.colcon_core.package_identification:_identify(src/robox_moveit_config) by extensions ['ros']
[0.184s] Level 1:colcon.colcon_core.package_identification:_identify(src/robox_moveit_config) by extension 'ros'
[0.184s] DEBUG:colcon.colcon_core.package_identification:Package 'src/robox_moveit_config' with type 'ros.ament_cmake' and name 'robox_moveit_config'
[0.184s] Level 1:colcon.colcon_core.package_discovery:discover_packages(recursive) using defaults
[0.184s] Level 1:colcon.colcon_core.package_discovery:discover_packages(ignore) discover
[0.184s] Level 1:colcon.colcon_core.package_discovery:discover_packages(ignore) using defaults
[0.184s] Level 1:colcon.colcon_core.package_discovery:discover_packages(path) discover
[0.184s] Level 1:colcon.colcon_core.package_discovery:discover_packages(path) using defaults
[0.203s] Level 1:colcon.colcon_core.package_discovery:discover_packages(prefix_path) check parameters
[0.203s] Level 1:colcon.colcon_core.package_discovery:discover_packages(prefix_path) discover
[0.207s] DEBUG:colcon.colcon_installed_package_information.package_discovery:Found 6 installed packages in /home/saber/robox_ws/install
[0.208s] DEBUG:colcon.colcon_installed_package_information.package_discovery:Found 436 installed packages in /opt/ros/jazzy
[0.209s] Level 1:colcon.colcon_core.package_discovery:discover_packages(prefix_path) using defaults
[0.272s] Level 5:colcon.colcon_core.verb:set package 'arduinobot_py_examples' build argument 'cmake_args' from command line to 'None'
[0.272s] Level 5:colcon.colcon_core.verb:set package 'arduinobot_py_examples' build argument 'cmake_target' from command line to 'None'
[0.272s] Level 5:colcon.colcon_core.verb:set package 'arduinobot_py_examples' build argument 'cmake_target_skip_unavailable' from command line to 'False'
[0.272s] Level 5:colcon.colcon_core.verb:set package 'arduinobot_py_examples' build argument 'cmake_clean_cache' from command line to 'False'
[0.272s] Level 5:colcon.colcon_core.verb:set package 'arduinobot_py_examples' build argument 'cmake_clean_first' from command line to 'False'
[0.272s] Level 5:colcon.colcon_core.verb:set package 'arduinobot_py_examples' build argument 'cmake_force_configure' from command line to 'False'
[0.272s] Level 5:colcon.colcon_core.verb:set package 'arduinobot_py_examples' build argument 'ament_cmake_args' from command line to 'None'
[0.272s] Level 5:colcon.colcon_core.verb:set package 'arduinobot_py_examples' build argument 'catkin_cmake_args' from command line to 'None'
[0.272s] Level 5:colcon.colcon_core.verb:set package 'arduinobot_py_examples' build argument 'catkin_skip_building_tests' from command line to 'False'
[0.272s] DEBUG:colcon.colcon_core.verb:Building package 'arduinobot_py_examples' with the following arguments: {'ament_cmake_args': None, 'build_base': '/home/saber/robox_ws/build/arduinobot_py_examples', 'catkin_cmake_args': None, 'catkin_skip_building_tests': False, 'cmake_args': None, 'cmake_clean_cache': False, 'cmake_clean_first': False, 'cmake_force_configure': False, 'cmake_target': None, 'cmake_target_skip_unavailable': False, 'install_base': '/home/saber/robox_ws/install/arduinobot_py_examples', 'merge_install': False, 'path': '/home/saber/robox_ws/src/arduinobot_py_examples', 'symlink_install': False, 'test_result_base': None}
[0.272s] Level 5:colcon.colcon_core.verb:set package 'color_pose_publisher' build argument 'cmake_args' from command line to 'None'
[0.272s] Level 5:colcon.colcon_core.verb:set package 'color_pose_publisher' build argument 'cmake_target' from command line to 'None'
[0.272s] Level 5:colcon.colcon_core.verb:set package 'color_pose_publisher' build argument 'cmake_target_skip_unavailable' from command line to 'False'
[0.272s] Level 5:colcon.colcon_core.verb:set package 'color_pose_publisher' build argument 'cmake_clean_cache' from command line to 'False'
[0.272s] Level 5:colcon.colcon_core.verb:set package 'color_pose_publisher' build argument 'cmake_clean_first' from command line to 'False'
[0.272s] Level 5:colcon.colcon_core.verb:set package 'color_pose_publisher' build argument 'cmake_force_configure' from command line to 'False'
[0.272s] Level 5:colcon.colcon_core.verb:set package 'color_pose_publisher' build argument 'ament_cmake_args' from command line to 'None'
[0.272s] Level 5:colcon.colcon_core.verb:set package 'color_pose_publisher' build argument 'catkin_cmake_args' from command line to 'None'
[0.273s] Level 5:colcon.colcon_core.verb:set package 'color_pose_publisher' build argument 'catkin_skip_building_tests' from command line to 'False'
[0.273s] DEBUG:colcon.colcon_core.verb:Building package 'color_pose_publisher' with the following arguments: {'ament_cmake_args': None, 'build_base': '/home/saber/robox_ws/build/color_pose_publisher', 'catkin_cmake_args': None, 'catkin_skip_building_tests': False, 'cmake_args': None, 'cmake_clean_cache': False, 'cmake_clean_first': False, 'cmake_force_configure': False, 'cmake_target': None, 'cmake_target_skip_unavailable': False, 'install_base': '/home/saber/robox_ws/install/color_pose_publisher', 'merge_install': False, 'path': '/home/saber/robox_ws/src/color_pose_publisher', 'symlink_install': False, 'test_result_base': None}
[0.273s] Level 5:colcon.colcon_core.verb:set package 'cube_msgs' build argument 'cmake_args' from command line to 'None'
[0.273s] Level 5:colcon.colcon_core.verb:set package 'cube_msgs' build argument 'cmake_target' from command line to 'None'
[0.273s] Level 5:colcon.colcon_core.verb:set package 'cube_msgs' build argument 'cmake_target_skip_unavailable' from command line to 'False'
[0.273s] Level 5:colcon.colcon_core.verb:set package 'cube_msgs' build argument 'cmake_clean_cache' from command line to 'False'
[0.273s] Level 5:colcon.colcon_core.verb:set package 'cube_msgs' build argument 'cmake_clean_first' from command line to 'False'
[0.273s] Level 5:colcon.colcon_core.verb:set package 'cube_msgs' build argument 'cmake_force_configure' from command line to 'False'
[0.273s] Level 5:colcon.colcon_core.verb:set package 'cube_msgs' build argument 'ament_cmake_args' from command line to 'None'
[0.273s] Level 5:colcon.colcon_core.verb:set package 'cube_msgs' build argument 'catkin_cmake_args' from command line to 'None'
[0.273s] Level 5:colcon.colcon_core.verb:set package 'cube_msgs' build argument 'catkin_skip_building_tests' from command line to 'False'
[0.273s] DEBUG:colcon.colcon_core.verb:Building package 'cube_msgs' with the following arguments: {'ament_cmake_args': None, 'build_base': '/home/saber/robox_ws/build/cube_msgs', 'catkin_cmake_args': None, 'catkin_skip_building_tests': False, 'cmake_args': None, 'cmake_clean_cache': False, 'cmake_clean_first': False, 'cmake_force_configure': False, 'cmake_target': None, 'cmake_target_skip_unavailable': False, 'install_base': '/home/saber/robox_ws/install/cube_msgs', 'merge_install': False, 'path': '/home/saber/robox_ws/src/cube_msgs', 'symlink_install': False, 'test_result_base': None}
[0.273s] Level 5:colcon.colcon_core.verb:set package 'robox_arm' build argument 'cmake_args' from command line to 'None'
[0.273s] Level 5:colcon.colcon_core.verb:set package 'robox_arm' build argument 'cmake_target' from command line to 'None'
[0.273s] Level 5:colcon.colcon_core.verb:set package 'robox_arm' build argument 'cmake_target_skip_unavailable' from command line to 'False'
[0.273s] Level 5:colcon.colcon_core.verb:set package 'robox_arm' build argument 'cmake_clean_cache' from command line to 'False'
[0.273s] Level 5:colcon.colcon_core.verb:set package 'robox_arm' build argument 'cmake_clean_first' from command line to 'False'
[0.273s] Level 5:colcon.colcon_core.verb:set package 'robox_arm' build argument 'cmake_force_configure' from command line to 'False'
[0.273s] Level 5:colcon.colcon_core.verb:set package 'robox_arm' build argument 'ament_cmake_args' from command line to 'None'
[0.273s] Level 5:colcon.colcon_core.verb:set package 'robox_arm' build argument 'catkin_cmake_args' from command line to 'None'
[0.273s] Level 5:colcon.colcon_core.verb:set package 'robox_arm' build argument 'catkin_skip_building_tests' from command line to 'False'
[0.273s] DEBUG:colcon.colcon_core.verb:Building package 'robox_arm' with the following arguments: {'ament_cmake_args': None, 'build_base': '/home/saber/robox_ws/build/robox_arm', 'catkin_cmake_args': None, 'catkin_skip_building_tests': False, 'cmake_args': None, 'cmake_clean_cache': False, 'cmake_clean_first': False, 'cmake_force_configure': False, 'cmake_target': None, 'cmake_target_skip_unavailable': False, 'install_base': '/home/saber/robox_ws/install/robox_arm', 'merge_install': False, 'path': '/home/saber/robox_ws/src/robox_arm', 'symlink_install': False, 'test_result_base': None}
[0.273s] Level 5:colcon.colcon_core.verb:set package 'robox_moveit_config' build argument 'cmake_args' from command line to 'None'
[0.274s] Level 5:colcon.colcon_core.verb:set package 'robox_moveit_config' build argument 'cmake_target' from command line to 'None'
[0.274s] Level 5:colcon.colcon_core.verb:set package 'robox_moveit_config' build argument 'cmake_target_skip_unavailable' from command line to 'False'
[0.274s] Level 5:colcon.colcon_core.verb:set package 'robox_moveit_config' build argument 'cmake_clean_cache' from command line to 'False'
[0.274s] Level 5:colcon.colcon_core.verb:set package 'robox_moveit_config' build argument 'cmake_clean_first' from command line to 'False'
[0.274s] Level 5:colcon.colcon_core.verb:set package 'robox_moveit_config' build argument 'cmake_force_configure' from command line to 'False'
[0.274s] Level 5:colcon.colcon_core.verb:set package 'robox_moveit_config' build argument 'ament_cmake_args' from command line to 'None'
[0.274s] Level 5:colcon.colcon_core.verb:set package 'robox_moveit_config' build argument 'catkin_cmake_args' from command line to 'None'
[0.274s] Level 5:colcon.colcon_core.verb:set package 'robox_moveit_config' build argument 'catkin_skip_building_tests' from command line to 'False'
[0.274s] DEBUG:colcon.colcon_core.verb:Building package 'robox_moveit_config' with the following arguments: {'ament_cmake_args': None, 'build_base': '/home/saber/robox_ws/build/robox_moveit_config', 'catkin_cmake_args': None, 'catkin_skip_building_tests': False, 'cmake_args': None, 'cmake_clean_cache': False, 'cmake_clean_first': False, 'cmake_force_configure': False, 'cmake_target': None, 'cmake_target_skip_unavailable': False, 'install_base': '/home/saber/robox_ws/install/robox_moveit_config', 'merge_install': False, 'path': '/home/saber/robox_ws/src/robox_moveit_config', 'symlink_install': False, 'test_result_base': None}
[0.274s] INFO:colcon.colcon_core.executor:Executing jobs using 'parallel' executor
[0.274s] DEBUG:colcon.colcon_parallel_executor.executor.parallel:run_until_complete
[0.275s] INFO:colcon.colcon_ros.task.ament_cmake.build:Building ROS package in '/home/saber/robox_ws/src/robox_arm' with build type 'ament_cmake'
[0.275s] INFO:colcon.colcon_cmake.task.cmake.build:Building CMake package in '/home/saber/robox_ws/src/robox_arm'
[0.280s] INFO:colcon.colcon_core.plugin_system:Skipping extension 'colcon_core.shell.bat': Not used on non-Windows systems
[0.280s] INFO:colcon.colcon_core.shell:Skip shell extension 'powershell' for command environment: Not usable outside of PowerShell
[0.280s] DEBUG:colcon.colcon_core.shell:Skip shell extension 'dsv' for command environment
[0.284s] INFO:colcon.colcon_ros.task.ament_python.build:Building ROS package in '/home/saber/robox_ws/src/arduinobot_py_examples' with build type 'ament_python'
[0.284s] Level 1:colcon.colcon_core.shell:create_environment_hook('arduinobot_py_examples', 'ament_prefix_path')
[0.284s] INFO:colcon.colcon_core.shell:Creating environment hook '/home/saber/robox_ws/install/arduinobot_py_examples/share/arduinobot_py_examples/hook/ament_prefix_path.ps1'
[0.284s] INFO:colcon.colcon_core.shell:Creating environment descriptor '/home/saber/robox_ws/install/arduinobot_py_examples/share/arduinobot_py_examples/hook/ament_prefix_path.dsv'
[0.285s] INFO:colcon.colcon_core.shell:Creating environment hook '/home/saber/robox_ws/install/arduinobot_py_examples/share/arduinobot_py_examples/hook/ament_prefix_path.sh'
[0.285s] INFO:colcon.colcon_core.shell:Skip shell extension 'powershell' for command environment: Not usable outside of PowerShell
[0.285s] DEBUG:colcon.colcon_core.shell:Skip shell extension 'dsv' for command environment
[0.288s] INFO:colcon.colcon_ros.task.ament_python.build:Building ROS package in '/home/saber/robox_ws/src/color_pose_publisher' with build type 'ament_python'
[0.288s] Level 1:colcon.colcon_core.shell:create_environment_hook('color_pose_publisher', 'ament_prefix_path')
[0.289s] INFO:colcon.colcon_core.shell:Creating environment hook '/home/saber/robox_ws/install/color_pose_publisher/share/color_pose_publisher/hook/ament_prefix_path.ps1'
[0.289s] INFO:colcon.colcon_core.shell:Creating environment descriptor '/home/saber/robox_ws/install/color_pose_publisher/share/color_pose_publisher/hook/ament_prefix_path.dsv'
[0.289s] INFO:colcon.colcon_core.shell:Creating environment hook '/home/saber/robox_ws/install/color_pose_publisher/share/color_pose_publisher/hook/ament_prefix_path.sh'
[0.290s] INFO:colcon.colcon_core.shell:Skip shell extension 'powershell' for command environment: Not usable outside of PowerShell
[0.290s] DEBUG:colcon.colcon_core.shell:Skip shell extension 'dsv' for command environment
[0.293s] INFO:colcon.colcon_ros.task.ament_cmake.build:Building ROS package in '/home/saber/robox_ws/src/cube_msgs' with build type 'ament_cmake'
[0.293s] INFO:colcon.colcon_cmake.task.cmake.build:Building CMake package in '/home/saber/robox_ws/src/cube_msgs'
[0.293s] INFO:colcon.colcon_core.shell:Skip shell extension 'powershell' for command environment: Not usable outside of PowerShell
[0.293s] DEBUG:colcon.colcon_core.shell:Skip shell extension 'dsv' for command environment
[0.300s] DEBUG:colcon.colcon_core.event_handler.log_command:Invoking command in '/home/saber/robox_ws/build/robox_arm': CMAKE_PREFIX_PATH=/home/saber/robox_ws/install/robox_moveit_config:/home/saber/robox_ws/install/robox_arm:/home/saber/robox_ws/install/cube_msgs:/home/saber/robox_ws/install/color_pose_publisher:/home/saber/robox_ws/install/arduinobot_py_examples:/opt/ros/jazzy:/home/saber/robox_ws/install/arduino_arm_hardware_interface:/opt/ros/jazzy/opt/gz_sim_vendor:/opt/ros/jazzy/opt/gz_sensors_vendor:/opt/ros/jazzy/opt/gz_physics_vendor:/opt/ros/jazzy/opt/sdformat_vendor:/opt/ros/jazzy/opt/gz_gui_vendor:/opt/ros/jazzy/opt/gz_transport_vendor:/opt/ros/jazzy/opt/gz_rendering_vendor:/opt/ros/jazzy/opt/gz_plugin_vendor:/opt/ros/jazzy/opt/gz_fuel_tools_vendor:/opt/ros/jazzy/opt/gz_msgs_vendor:/opt/ros/jazzy/opt/gz_common_vendor:/opt/ros/jazzy/opt/gz_math_vendor:/opt/ros/jazzy/opt/gz_utils_vendor:/opt/ros/jazzy/opt/gz_tools_vendor:/opt/ros/jazzy/opt/gz_ogre_next_vendor:/opt/ros/jazzy/opt/gz_dartsim_vendor:/opt/ros/jazzy/opt/gz_cmake_vendor DEBUGINFOD_URLS=https://debuginfod.ubuntu.com /usr/bin/cmake --build /home/saber/robox_ws/build/robox_arm -- -j16 -l16
[0.520s] INFO:colcon.colcon_core.task.python.build:Building Python package in '/home/saber/robox_ws/src/arduinobot_py_examples'
[0.520s] INFO:colcon.colcon_core.shell:Skip shell extension 'powershell' for command environment: Not usable outside of PowerShell
[0.520s] DEBUG:colcon.colcon_core.shell:Skip shell extension 'dsv' for command environment
[0.769s] INFO:colcon.colcon_core.task.python.build:Building Python package in '/home/saber/robox_ws/src/color_pose_publisher'
[0.770s] INFO:colcon.colcon_core.shell:Skip shell extension 'powershell' for command environment: Not usable outside of PowerShell
[0.770s] DEBUG:colcon.colcon_core.shell:Skip shell extension 'dsv' for command environment
[0.778s] DEBUG:colcon.colcon_core.event_handler.log_command:Invoking command in '/home/saber/robox_ws/build/cube_msgs': CMAKE_PREFIX_PATH=/home/saber/robox_ws/install/robox_moveit_config:/home/saber/robox_ws/install/robox_arm:/home/saber/robox_ws/install/cube_msgs:/home/saber/robox_ws/install/color_pose_publisher:/home/saber/robox_ws/install/arduinobot_py_examples:/opt/ros/jazzy:/home/saber/robox_ws/install/arduino_arm_hardware_interface:/opt/ros/jazzy/opt/gz_sim_vendor:/opt/ros/jazzy/opt/gz_sensors_vendor:/opt/ros/jazzy/opt/gz_physics_vendor:/opt/ros/jazzy/opt/sdformat_vendor:/opt/ros/jazzy/opt/gz_gui_vendor:/opt/ros/jazzy/opt/gz_transport_vendor:/opt/ros/jazzy/opt/gz_rendering_vendor:/opt/ros/jazzy/opt/gz_plugin_vendor:/opt/ros/jazzy/opt/gz_fuel_tools_vendor:/opt/ros/jazzy/opt/gz_msgs_vendor:/opt/ros/jazzy/opt/gz_common_vendor:/opt/ros/jazzy/opt/gz_math_vendor:/opt/ros/jazzy/opt/gz_utils_vendor:/opt/ros/jazzy/opt/gz_tools_vendor:/opt/ros/jazzy/opt/gz_ogre_next_vendor:/opt/ros/jazzy/opt/gz_dartsim_vendor:/opt/ros/jazzy/opt/gz_cmake_vendor DEBUGINFOD_URLS=https://debuginfod.ubuntu.com /usr/bin/cmake --build /home/saber/robox_ws/build/cube_msgs -- -j16 -l16
[0.778s] DEBUG:colcon.colcon_core.event_handler.log_command:Invoked command in '/home/saber/robox_ws/build/robox_arm' returned '0': CMAKE_PREFIX_PATH=/home/saber/robox_ws/install/robox_moveit_config:/home/saber/robox_ws/install/robox_arm:/home/saber/robox_ws/install/cube_msgs:/home/saber/robox_ws/install/color_pose_publisher:/home/saber/robox_ws/install/arduinobot_py_examples:/opt/ros/jazzy:/home/saber/robox_ws/install/arduino_arm_hardware_interface:/opt/ros/jazzy/opt/gz_sim_vendor:/opt/ros/jazzy/opt/gz_sensors_vendor:/opt/ros/jazzy/opt/gz_physics_vendor:/opt/ros/jazzy/opt/sdformat_vendor:/opt/ros/jazzy/opt/gz_gui_vendor:/opt/ros/jazzy/opt/gz_transport_vendor:/opt/ros/jazzy/opt/gz_rendering_vendor:/opt/ros/jazzy/opt/gz_plugin_vendor:/opt/ros/jazzy/opt/gz_fuel_tools_vendor:/opt/ros/jazzy/opt/gz_msgs_vendor:/opt/ros/jazzy/opt/gz_common_vendor:/opt/ros/jazzy/opt/gz_math_vendor:/opt/ros/jazzy/opt/gz_utils_vendor:/opt/ros/jazzy/opt/gz_tools_vendor:/opt/ros/jazzy/opt/gz_ogre_next_vendor:/opt/ros/jazzy/opt/gz_dartsim_vendor:/opt/ros/jazzy/opt/gz_cmake_vendor DEBUGINFOD_URLS=https://debuginfod.ubuntu.com /usr/bin/cmake --build /home/saber/robox_ws/build/robox_arm -- -j16 -l16
[0.788s] DEBUG:colcon.colcon_core.event_handler.log_command:Invoking command in '/home/saber/robox_ws/build/robox_arm': CMAKE_PREFIX_PATH=/home/saber/robox_ws/install/robox_moveit_config:/home/saber/robox_ws/install/robox_arm:/home/saber/robox_ws/install/cube_msgs:/home/saber/robox_ws/install/color_pose_publisher:/home/saber/robox_ws/install/arduinobot_py_examples:/opt/ros/jazzy:/home/saber/robox_ws/install/arduino_arm_hardware_interface:/opt/ros/jazzy/opt/gz_sim_vendor:/opt/ros/jazzy/opt/gz_sensors_vendor:/opt/ros/jazzy/opt/gz_physics_vendor:/opt/ros/jazzy/opt/sdformat_vendor:/opt/ros/jazzy/opt/gz_gui_vendor:/opt/ros/jazzy/opt/gz_transport_vendor:/opt/ros/jazzy/opt/gz_rendering_vendor:/opt/ros/jazzy/opt/gz_plugin_vendor:/opt/ros/jazzy/opt/gz_fuel_tools_vendor:/opt/ros/jazzy/opt/gz_msgs_vendor:/opt/ros/jazzy/opt/gz_common_vendor:/opt/ros/jazzy/opt/gz_math_vendor:/opt/ros/jazzy/opt/gz_utils_vendor:/opt/ros/jazzy/opt/gz_tools_vendor:/opt/ros/jazzy/opt/gz_ogre_next_vendor:/opt/ros/jazzy/opt/gz_dartsim_vendor:/opt/ros/jazzy/opt/gz_cmake_vendor DEBUGINFOD_URLS=https://debuginfod.ubuntu.com /usr/bin/cmake --install /home/saber/robox_ws/build/robox_arm
[0.817s] Level 1:colcon.colcon_core.environment:create_environment_scripts_only(robox_arm)
[0.818s] DEBUG:colcon.colcon_core.event_handler.log_command:Invoked command in '/home/saber/robox_ws/build/robox_arm' returned '0': CMAKE_PREFIX_PATH=/home/saber/robox_ws/install/robox_moveit_config:/home/saber/robox_ws/install/robox_arm:/home/saber/robox_ws/install/cube_msgs:/home/saber/robox_ws/install/color_pose_publisher:/home/saber/robox_ws/install/arduinobot_py_examples:/opt/ros/jazzy:/home/saber/robox_ws/install/arduino_arm_hardware_interface:/opt/ros/jazzy/opt/gz_sim_vendor:/opt/ros/jazzy/opt/gz_sensors_vendor:/opt/ros/jazzy/opt/gz_physics_vendor:/opt/ros/jazzy/opt/sdformat_vendor:/opt/ros/jazzy/opt/gz_gui_vendor:/opt/ros/jazzy/opt/gz_transport_vendor:/opt/ros/jazzy/opt/gz_rendering_vendor:/opt/ros/jazzy/opt/gz_plugin_vendor:/opt/ros/jazzy/opt/gz_fuel_tools_vendor:/opt/ros/jazzy/opt/gz_msgs_vendor:/opt/ros/jazzy/opt/gz_common_vendor:/opt/ros/jazzy/opt/gz_math_vendor:/opt/ros/jazzy/opt/gz_utils_vendor:/opt/ros/jazzy/opt/gz_tools_vendor:/opt/ros/jazzy/opt/gz_ogre_next_vendor:/opt/ros/jazzy/opt/gz_dartsim_vendor:/opt/ros/jazzy/opt/gz_cmake_vendor DEBUGINFOD_URLS=https://debuginfod.ubuntu.com /usr/bin/cmake --install /home/saber/robox_ws/build/robox_arm
[0.820s] Level 1:colcon.colcon_core.environment:checking '/home/saber/robox_ws/install/robox_arm' for CMake module files
[0.821s] Level 1:colcon.colcon_core.environment:checking '/home/saber/robox_ws/install/robox_arm' for CMake config files
[0.821s] Level 1:colcon.colcon_core.shell:create_environment_hook('robox_arm', 'cmake_prefix_path')
[0.821s] INFO:colcon.colcon_core.shell:Creating environment hook '/home/saber/robox_ws/install/robox_arm/share/robox_arm/hook/cmake_prefix_path.ps1'
[0.822s] INFO:colcon.colcon_core.shell:Creating environment descriptor '/home/saber/robox_ws/install/robox_arm/share/robox_arm/hook/cmake_prefix_path.dsv'
[0.822s] INFO:colcon.colcon_core.shell:Creating environment hook '/home/saber/robox_ws/install/robox_arm/share/robox_arm/hook/cmake_prefix_path.sh'
[0.822s] Level 1:colcon.colcon_core.environment:checking '/home/saber/robox_ws/install/robox_arm/bin'
[0.823s] Level 1:colcon.colcon_core.environment:checking '/home/saber/robox_ws/install/robox_arm/lib/pkgconfig/robox_arm.pc'
[0.823s] Level 1:colcon.colcon_core.environment:checking '/home/saber/robox_ws/install/robox_arm/lib/python3.12/site-packages'
[0.823s] Level 1:colcon.colcon_core.environment:checking '/home/saber/robox_ws/install/robox_arm/bin'
[0.823s] INFO:colcon.colcon_core.shell:Creating package script '/home/saber/robox_ws/install/robox_arm/share/robox_arm/package.ps1'
[0.850s] INFO:colcon.colcon_core.shell:Creating package descriptor '/home/saber/robox_ws/install/robox_arm/share/robox_arm/package.dsv'
[0.851s] INFO:colcon.colcon_core.shell:Creating package script '/home/saber/robox_ws/install/robox_arm/share/robox_arm/package.sh'
[0.851s] INFO:colcon.colcon_core.shell:Creating package script '/home/saber/robox_ws/install/robox_arm/share/robox_arm/package.bash'
[0.852s] INFO:colcon.colcon_core.shell:Creating package script '/home/saber/robox_ws/install/robox_arm/share/robox_arm/package.zsh'
[0.852s] Level 1:colcon.colcon_core.environment:create_file_with_runtime_dependencies(/home/saber/robox_ws/install/robox_arm/share/colcon-core/packages/robox_arm)
[0.853s] Level 1:colcon.colcon_core.environment:create_environment_scripts_only(robox_arm)
[0.853s] Level 1:colcon.colcon_core.environment:checking '/home/saber/robox_ws/install/robox_arm' for CMake module files
[0.854s] Level 1:colcon.colcon_core.environment:checking '/home/saber/robox_ws/install/robox_arm' for CMake config files
[0.854s] Level 1:colcon.colcon_core.shell:create_environment_hook('robox_arm', 'cmake_prefix_path')
[0.854s] INFO:colcon.colcon_core.shell:Creating environment hook '/home/saber/robox_ws/install/robox_arm/share/robox_arm/hook/cmake_prefix_path.ps1'
[0.855s] INFO:colcon.colcon_core.shell:Creating environment descriptor '/home/saber/robox_ws/install/robox_arm/share/robox_arm/hook/cmake_prefix_path.dsv'
[0.855s] INFO:colcon.colcon_core.shell:Creating environment hook '/home/saber/robox_ws/install/robox_arm/share/robox_arm/hook/cmake_prefix_path.sh'
[0.855s] Level 1:colcon.colcon_core.environment:checking '/home/saber/robox_ws/install/robox_arm/bin'
[0.856s] Level 1:colcon.colcon_core.environment:checking '/home/saber/robox_ws/install/robox_arm/lib/pkgconfig/robox_arm.pc'
[0.856s] Level 1:colcon.colcon_core.environment:checking '/home/saber/robox_ws/install/robox_arm/lib/python3.12/site-packages'
[0.856s] Level 1:colcon.colcon_core.environment:checking '/home/saber/robox_ws/install/robox_arm/bin'
[0.856s] INFO:colcon.colcon_core.shell:Creating package script '/home/saber/robox_ws/install/robox_arm/share/robox_arm/package.ps1'
[0.856s] INFO:colcon.colcon_core.shell:Creating package descriptor '/home/saber/robox_ws/install/robox_arm/share/robox_arm/package.dsv'
[0.857s] INFO:colcon.colcon_core.shell:Creating package script '/home/saber/robox_ws/install/robox_arm/share/robox_arm/package.sh'
[0.857s] INFO:colcon.colcon_core.shell:Creating package script '/home/saber/robox_ws/install/robox_arm/share/robox_arm/package.bash'
[0.858s] INFO:colcon.colcon_core.shell:Creating package script '/home/saber/robox_ws/install/robox_arm/share/robox_arm/package.zsh'
[0.858s] Level 1:colcon.colcon_core.environment:create_file_with_runtime_dependencies(/home/saber/robox_ws/install/robox_arm/share/colcon-core/packages/robox_arm)
[0.858s] INFO:colcon.colcon_ros.task.ament_cmake.build:Building ROS package in '/home/saber/robox_ws/src/robox_moveit_config' with build type 'ament_cmake'
[0.858s] INFO:colcon.colcon_cmake.task.cmake.build:Building CMake package in '/home/saber/robox_ws/src/robox_moveit_config'
[0.858s] INFO:colcon.colcon_core.shell:Skip shell extension 'powershell' for command environment: Not usable outside of PowerShell
[0.859s] DEBUG:colcon.colcon_core.shell:Skip shell extension 'dsv' for command environment
[0.868s] DEBUG:colcon.colcon_core.event_handler.log_command:Invoking command in '/home/saber/robox_ws/build/robox_moveit_config': CMAKE_PREFIX_PATH=/home/saber/robox_ws/install/robox_arm:/home/saber/robox_ws/install/robox_moveit_config:/home/saber/robox_ws/install/cube_msgs:/home/saber/robox_ws/install/color_pose_publisher:/home/saber/robox_ws/install/arduinobot_py_examples:/opt/ros/jazzy:/home/saber/robox_ws/install/arduino_arm_hardware_interface:/opt/ros/jazzy/opt/gz_sim_vendor:/opt/ros/jazzy/opt/gz_sensors_vendor:/opt/ros/jazzy/opt/gz_physics_vendor:/opt/ros/jazzy/opt/sdformat_vendor:/opt/ros/jazzy/opt/gz_gui_vendor:/opt/ros/jazzy/opt/gz_transport_vendor:/opt/ros/jazzy/opt/gz_rendering_vendor:/opt/ros/jazzy/opt/gz_plugin_vendor:/opt/ros/jazzy/opt/gz_fuel_tools_vendor:/opt/ros/jazzy/opt/gz_msgs_vendor:/opt/ros/jazzy/opt/gz_common_vendor:/opt/ros/jazzy/opt/gz_math_vendor:/opt/ros/jazzy/opt/gz_utils_vendor:/opt/ros/jazzy/opt/gz_tools_vendor:/opt/ros/jazzy/opt/gz_ogre_next_vendor:/opt/ros/jazzy/opt/gz_dartsim_vendor:/opt/ros/jazzy/opt/gz_cmake_vendor DEBUGINFOD_URLS=https://debuginfod.ubuntu.com /usr/bin/cmake --build /home/saber/robox_ws/build/robox_moveit_config -- -j16 -l16
[0.919s] DEBUG:colcon.colcon_core.event_handler.log_command:Invoked command in '/home/saber/robox_ws/build/robox_moveit_config' returned '0': CMAKE_PREFIX_PATH=/home/saber/robox_ws/install/robox_arm:/home/saber/robox_ws/install/robox_moveit_config:/home/saber/robox_ws/install/cube_msgs:/home/saber/robox_ws/install/color_pose_publisher:/home/saber/robox_ws/install/arduinobot_py_examples:/opt/ros/jazzy:/home/saber/robox_ws/install/arduino_arm_hardware_interface:/opt/ros/jazzy/opt/gz_sim_vendor:/opt/ros/jazzy/opt/gz_sensors_vendor:/opt/ros/jazzy/opt/gz_physics_vendor:/opt/ros/jazzy/opt/sdformat_vendor:/opt/ros/jazzy/opt/gz_gui_vendor:/opt/ros/jazzy/opt/gz_transport_vendor:/opt/ros/jazzy/opt/gz_rendering_vendor:/opt/ros/jazzy/opt/gz_plugin_vendor:/opt/ros/jazzy/opt/gz_fuel_tools_vendor:/opt/ros/jazzy/opt/gz_msgs_vendor:/opt/ros/jazzy/opt/gz_common_vendor:/opt/ros/jazzy/opt/gz_math_vendor:/opt/ros/jazzy/opt/gz_utils_vendor:/opt/ros/jazzy/opt/gz_tools_vendor:/opt/ros/jazzy/opt/gz_ogre_next_vendor:/opt/ros/jazzy/opt/gz_dartsim_vendor:/opt/ros/jazzy/opt/gz_cmake_vendor DEBUGINFOD_URLS=https://debuginfod.ubuntu.com /usr/bin/cmake --build /home/saber/robox_ws/build/robox_moveit_config -- -j16 -l16
[0.921s] DEBUG:colcon.colcon_core.event_handler.log_command:Invoking command in '/home/saber/robox_ws/build/robox_moveit_config': CMAKE_PREFIX_PATH=/home/saber/robox_ws/install/robox_arm:/home/saber/robox_ws/install/robox_moveit_config:/home/saber/robox_ws/install/cube_msgs:/home/saber/robox_ws/install/color_pose_publisher:/home/saber/robox_ws/install/arduinobot_py_examples:/opt/ros/jazzy:/home/saber/robox_ws/install/arduino_arm_hardware_interface:/opt/ros/jazzy/opt/gz_sim_vendor:/opt/ros/jazzy/opt/gz_sensors_vendor:/opt/ros/jazzy/opt/gz_physics_vendor:/opt/ros/jazzy/opt/sdformat_vendor:/opt/ros/jazzy/opt/gz_gui_vendor:/opt/ros/jazzy/opt/gz_transport_vendor:/opt/ros/jazzy/opt/gz_rendering_vendor:/opt/ros/jazzy/opt/gz_plugin_vendor:/opt/ros/jazzy/opt/gz_fuel_tools_vendor:/opt/ros/jazzy/opt/gz_msgs_vendor:/opt/ros/jazzy/opt/gz_common_vendor:/opt/ros/jazzy/opt/gz_math_vendor:/opt/ros/jazzy/opt/gz_utils_vendor:/opt/ros/jazzy/opt/gz_tools_vendor:/opt/ros/jazzy/opt/gz_ogre_next_vendor:/opt/ros/jazzy/opt/gz_dartsim_vendor:/opt/ros/jazzy/opt/gz_cmake_vendor DEBUGINFOD_URLS=https://debuginfod.ubuntu.com /usr/bin/cmake --install /home/saber/robox_ws/build/robox_moveit_config
[0.948s] Level 1:colcon.colcon_core.environment:create_environment_scripts_only(robox_moveit_config)
[0.949s] Level 1:colcon.colcon_core.environment:checking '/home/saber/robox_ws/install/robox_moveit_config' for CMake module files
[0.949s] DEBUG:colcon.colcon_core.event_handler.log_command:Invoked command in '/home/saber/robox_ws/build/robox_moveit_config' returned '0': CMAKE_PREFIX_PATH=/home/saber/robox_ws/install/robox_arm:/home/saber/robox_ws/install/robox_moveit_config:/home/saber/robox_ws/install/cube_msgs:/home/saber/robox_ws/install/color_pose_publisher:/home/saber/robox_ws/install/arduinobot_py_examples:/opt/ros/jazzy:/home/saber/robox_ws/install/arduino_arm_hardware_interface:/opt/ros/jazzy/opt/gz_sim_vendor:/opt/ros/jazzy/opt/gz_sensors_vendor:/opt/ros/jazzy/opt/gz_physics_vendor:/opt/ros/jazzy/opt/sdformat_vendor:/opt/ros/jazzy/opt/gz_gui_vendor:/opt/ros/jazzy/opt/gz_transport_vendor:/opt/ros/jazzy/opt/gz_rendering_vendor:/opt/ros/jazzy/opt/gz_plugin_vendor:/opt/ros/jazzy/opt/gz_fuel_tools_vendor:/opt/ros/jazzy/opt/gz_msgs_vendor:/opt/ros/jazzy/opt/gz_common_vendor:/opt/ros/jazzy/opt/gz_math_vendor:/opt/ros/jazzy/opt/gz_utils_vendor:/opt/ros/jazzy/opt/gz_tools_vendor:/opt/ros/jazzy/opt/gz_ogre_next_vendor:/opt/ros/jazzy/opt/gz_dartsim_vendor:/opt/ros/jazzy/opt/gz_cmake_vendor DEBUGINFOD_URLS=https://debuginfod.ubuntu.com /usr/bin/cmake --install /home/saber/robox_ws/build/robox_moveit_config
[0.949s] Level 1:colcon.colcon_core.environment:checking '/home/saber/robox_ws/install/robox_moveit_config' for CMake config files
[0.950s] Level 1:colcon.colcon_core.shell:create_environment_hook('robox_moveit_config', 'cmake_prefix_path')
[0.950s] INFO:colcon.colcon_core.shell:Creating environment hook '/home/saber/robox_ws/install/robox_moveit_config/share/robox_moveit_config/hook/cmake_prefix_path.ps1'
[0.951s] INFO:colcon.colcon_core.shell:Creating environment descriptor '/home/saber/robox_ws/install/robox_moveit_config/share/robox_moveit_config/hook/cmake_prefix_path.dsv'
[0.951s] INFO:colcon.colcon_core.shell:Creating environment hook '/home/saber/robox_ws/install/robox_moveit_config/share/robox_moveit_config/hook/cmake_prefix_path.sh'
[0.951s] Level 1:colcon.colcon_core.environment:checking '/home/saber/robox_ws/install/robox_moveit_config/bin'
[0.951s] Level 1:colcon.colcon_core.environment:checking '/home/saber/robox_ws/install/robox_moveit_config/lib/pkgconfig/robox_moveit_config.pc'
[0.952s] Level 1:colcon.colcon_core.environment:checking '/home/saber/robox_ws/install/robox_moveit_config/lib/python3.12/site-packages'
[0.952s] Level 1:colcon.colcon_core.environment:checking '/home/saber/robox_ws/install/robox_moveit_config/bin'
[0.952s] INFO:colcon.colcon_core.shell:Creating package script '/home/saber/robox_ws/install/robox_moveit_config/share/robox_moveit_config/package.ps1'
[0.953s] INFO:colcon.colcon_core.shell:Creating package descriptor '/home/saber/robox_ws/install/robox_moveit_config/share/robox_moveit_config/package.dsv'
[0.953s] INFO:colcon.colcon_core.shell:Creating package script '/home/saber/robox_ws/install/robox_moveit_config/share/robox_moveit_config/package.sh'
[0.953s] INFO:colcon.colcon_core.shell:Creating package script '/home/saber/robox_ws/install/robox_moveit_config/share/robox_moveit_config/package.bash'
[0.954s] INFO:colcon.colcon_core.shell:Creating package script '/home/saber/robox_ws/install/robox_moveit_config/share/robox_moveit_config/package.zsh'
[0.954s] Level 1:colcon.colcon_core.environment:create_file_with_runtime_dependencies(/home/saber/robox_ws/install/robox_moveit_config/share/colcon-core/packages/robox_moveit_config)
[0.954s] Level 1:colcon.colcon_core.environment:create_environment_scripts_only(robox_moveit_config)
[0.954s] Level 1:colcon.colcon_core.environment:checking '/home/saber/robox_ws/install/robox_moveit_config' for CMake module files
[0.955s] Level 1:colcon.colcon_core.environment:checking '/home/saber/robox_ws/install/robox_moveit_config' for CMake config files
[0.955s] Level 1:colcon.colcon_core.shell:create_environment_hook('robox_moveit_config', 'cmake_prefix_path')
[0.955s] INFO:colcon.colcon_core.shell:Creating environment hook '/home/saber/robox_ws/install/robox_moveit_config/share/robox_moveit_config/hook/cmake_prefix_path.ps1'
[0.956s] INFO:colcon.colcon_core.shell:Creating environment descriptor '/home/saber/robox_ws/install/robox_moveit_config/share/robox_moveit_config/hook/cmake_prefix_path.dsv'
[0.956s] INFO:colcon.colcon_core.shell:Creating environment hook '/home/saber/robox_ws/install/robox_moveit_config/share/robox_moveit_config/hook/cmake_prefix_path.sh'
[0.956s] Level 1:colcon.colcon_core.environment:checking '/home/saber/robox_ws/install/robox_moveit_config/bin'
[0.956s] Level 1:colcon.colcon_core.environment:checking '/home/saber/robox_ws/install/robox_moveit_config/lib/pkgconfig/robox_moveit_config.pc'
[0.957s] Level 1:colcon.colcon_core.environment:checking '/home/saber/robox_ws/install/robox_moveit_config/lib/python3.12/site-packages'
[0.957s] Level 1:colcon.colcon_core.environment:checking '/home/saber/robox_ws/install/robox_moveit_config/bin'
[0.957s] INFO:colcon.colcon_core.shell:Creating package script '/home/saber/robox_ws/install/robox_moveit_config/share/robox_moveit_config/package.ps1'
[0.957s] INFO:colcon.colcon_core.shell:Creating package descriptor '/home/saber/robox_ws/install/robox_moveit_config/share/robox_moveit_config/package.dsv'
[0.958s] INFO:colcon.colcon_core.shell:Creating package script '/home/saber/robox_ws/install/robox_moveit_config/share/robox_moveit_config/package.sh'
[0.958s] INFO:colcon.colcon_core.shell:Creating package script '/home/saber/robox_ws/install/robox_moveit_config/share/robox_moveit_config/package.bash'
[0.958s] INFO:colcon.colcon_core.shell:Creating package script '/home/saber/robox_ws/install/robox_moveit_config/share/robox_moveit_config/package.zsh'
[0.959s] Level 1:colcon.colcon_core.environment:create_file_with_runtime_dependencies(/home/saber/robox_ws/install/robox_moveit_config/share/colcon-core/packages/robox_moveit_config)
[1.266s] DEBUG:colcon.colcon_core.event_handler.log_command:Invoked command in '/home/saber/robox_ws/build/cube_msgs' returned '0': CMAKE_PREFIX_PATH=/home/saber/robox_ws/install/robox_moveit_config:/home/saber/robox_ws/install/robox_arm:/home/saber/robox_ws/install/cube_msgs:/home/saber/robox_ws/install/color_pose_publisher:/home/saber/robox_ws/install/arduinobot_py_examples:/opt/ros/jazzy:/home/saber/robox_ws/install/arduino_arm_hardware_interface:/opt/ros/jazzy/opt/gz_sim_vendor:/opt/ros/jazzy/opt/gz_sensors_vendor:/opt/ros/jazzy/opt/gz_physics_vendor:/opt/ros/jazzy/opt/sdformat_vendor:/opt/ros/jazzy/opt/gz_gui_vendor:/opt/ros/jazzy/opt/gz_transport_vendor:/opt/ros/jazzy/opt/gz_rendering_vendor:/opt/ros/jazzy/opt/gz_plugin_vendor:/opt/ros/jazzy/opt/gz_fuel_tools_vendor:/opt/ros/jazzy/opt/gz_msgs_vendor:/opt/ros/jazzy/opt/gz_common_vendor:/opt/ros/jazzy/opt/gz_math_vendor:/opt/ros/jazzy/opt/gz_utils_vendor:/opt/ros/jazzy/opt/gz_tools_vendor:/opt/ros/jazzy/opt/gz_ogre_next_vendor:/opt/ros/jazzy/opt/gz_dartsim_vendor:/opt/ros/jazzy/opt/gz_cmake_vendor DEBUGINFOD_URLS=https://debuginfod.ubuntu.com /usr/bin/cmake --build /home/saber/robox_ws/build/cube_msgs -- -j16 -l16
[1.267s] DEBUG:colcon.colcon_core.event_handler.log_command:Invoking command in '/home/saber/robox_ws/build/cube_msgs': CMAKE_PREFIX_PATH=/home/saber/robox_ws/install/robox_moveit_config:/home/saber/robox_ws/install/robox_arm:/home/saber/robox_ws/install/cube_msgs:/home/saber/robox_ws/install/color_pose_publisher:/home/saber/robox_ws/install/arduinobot_py_examples:/opt/ros/jazzy:/home/saber/robox_ws/install/arduino_arm_hardware_interface:/opt/ros/jazzy/opt/gz_sim_vendor:/opt/ros/jazzy/opt/gz_sensors_vendor:/opt/ros/jazzy/opt/gz_physics_vendor:/opt/ros/jazzy/opt/sdformat_vendor:/opt/ros/jazzy/opt/gz_gui_vendor:/opt/ros/jazzy/opt/gz_transport_vendor:/opt/ros/jazzy/opt/gz_rendering_vendor:/opt/ros/jazzy/opt/gz_plugin_vendor:/opt/ros/jazzy/opt/gz_fuel_tools_vendor:/opt/ros/jazzy/opt/gz_msgs_vendor:/opt/ros/jazzy/opt/gz_common_vendor:/opt/ros/jazzy/opt/gz_math_vendor:/opt/ros/jazzy/opt/gz_utils_vendor:/opt/ros/jazzy/opt/gz_tools_vendor:/opt/ros/jazzy/opt/gz_ogre_next_vendor:/opt/ros/jazzy/opt/gz_dartsim_vendor:/opt/ros/jazzy/opt/gz_cmake_vendor DEBUGINFOD_URLS=https://debuginfod.ubuntu.com /usr/bin/cmake --install /home/saber/robox_ws/build/cube_msgs
[1.354s] Level 1:colcon.colcon_core.environment:create_environment_scripts_only(cube_msgs)
[1.354s] Level 1:colcon.colcon_core.environment:checking '/home/saber/robox_ws/install/cube_msgs' for CMake module files
[1.355s] DEBUG:colcon.colcon_core.event_handler.log_command:Invoked command in '/home/saber/robox_ws/build/cube_msgs' returned '0': CMAKE_PREFIX_PATH=/home/saber/robox_ws/install/robox_moveit_config:/home/saber/robox_ws/install/robox_arm:/home/saber/robox_ws/install/cube_msgs:/home/saber/robox_ws/install/color_pose_publisher:/home/saber/robox_ws/install/arduinobot_py_examples:/opt/ros/jazzy:/home/saber/robox_ws/install/arduino_arm_hardware_interface:/opt/ros/jazzy/opt/gz_sim_vendor:/opt/ros/jazzy/opt/gz_sensors_vendor:/opt/ros/jazzy/opt/gz_physics_vendor:/opt/ros/jazzy/opt/sdformat_vendor:/opt/ros/jazzy/opt/gz_gui_vendor:/opt/ros/jazzy/opt/gz_transport_vendor:/opt/ros/jazzy/opt/gz_rendering_vendor:/opt/ros/jazzy/opt/gz_plugin_vendor:/opt/ros/jazzy/opt/gz_fuel_tools_vendor:/opt/ros/jazzy/opt/gz_msgs_vendor:/opt/ros/jazzy/opt/gz_common_vendor:/opt/ros/jazzy/opt/gz_math_vendor:/opt/ros/jazzy/opt/gz_utils_vendor:/opt/ros/jazzy/opt/gz_tools_vendor:/opt/ros/jazzy/opt/gz_ogre_next_vendor:/opt/ros/jazzy/opt/gz_dartsim_vendor:/opt/ros/jazzy/opt/gz_cmake_vendor DEBUGINFOD_URLS=https://debuginfod.ubuntu.com /usr/bin/cmake --install /home/saber/robox_ws/build/cube_msgs
[1.355s] Level 1:colcon.colcon_core.environment:checking '/home/saber/robox_ws/install/cube_msgs' for CMake config files
[1.356s] Level 1:colcon.colcon_core.shell:create_environment_hook('cube_msgs', 'cmake_prefix_path')
[1.356s] INFO:colcon.colcon_core.shell:Creating environment hook '/home/saber/robox_ws/install/cube_msgs/share/cube_msgs/hook/cmake_prefix_path.ps1'
[1.356s] INFO:colcon.colcon_core.shell:Creating environment descriptor '/home/saber/robox_ws/install/cube_msgs/share/cube_msgs/hook/cmake_prefix_path.dsv'
[1.357s] INFO:colcon.colcon_core.shell:Creating environment hook '/home/saber/robox_ws/install/cube_msgs/share/cube_msgs/hook/cmake_prefix_path.sh'
[1.357s] Level 1:colcon.colcon_core.environment:checking '/home/saber/robox_ws/install/cube_msgs/lib'
[1.357s] Level 1:colcon.colcon_core.shell:create_environment_hook('cube_msgs', 'ld_library_path_lib')
[1.358s] INFO:colcon.colcon_core.shell:Creating environment hook '/home/saber/robox_ws/install/cube_msgs/share/cube_msgs/hook/ld_library_path_lib.ps1'
[1.358s] INFO:colcon.colcon_core.shell:Creating environment descriptor '/home/saber/robox_ws/install/cube_msgs/share/cube_msgs/hook/ld_library_path_lib.dsv'
[1.358s] INFO:colcon.colcon_core.shell:Creating environment hook '/home/saber/robox_ws/install/cube_msgs/share/cube_msgs/hook/ld_library_path_lib.sh'
[1.358s] Level 1:colcon.colcon_core.environment:checking '/home/saber/robox_ws/install/cube_msgs/bin'
[1.359s] Level 1:colcon.colcon_core.environment:checking '/home/saber/robox_ws/install/cube_msgs/lib/pkgconfig/cube_msgs.pc'
[1.359s] Level 1:colcon.colcon_core.environment:checking '/home/saber/robox_ws/install/cube_msgs/lib/python3.12/site-packages'
[1.359s] Level 1:colcon.colcon_core.shell:create_environment_hook('cube_msgs', 'pythonpath')
[1.359s] INFO:colcon.colcon_core.shell:Creating environment hook '/home/saber/robox_ws/install/cube_msgs/share/cube_msgs/hook/pythonpath.ps1'
[1.359s] INFO:colcon.colcon_core.shell:Creating environment descriptor '/home/saber/robox_ws/install/cube_msgs/share/cube_msgs/hook/pythonpath.dsv'
[1.360s] INFO:colcon.colcon_core.shell:Creating environment hook '/home/saber/robox_ws/install/cube_msgs/share/cube_msgs/hook/pythonpath.sh'
[1.360s] Level 1:colcon.colcon_core.environment:checking '/home/saber/robox_ws/install/cube_msgs/bin'
[1.360s] INFO:colcon.colcon_core.shell:Creating package script '/home/saber/robox_ws/install/cube_msgs/share/cube_msgs/package.ps1'
[1.361s] INFO:colcon.colcon_core.shell:Creating package descriptor '/home/saber/robox_ws/install/cube_msgs/share/cube_msgs/package.dsv'
[1.361s] INFO:colcon.colcon_core.shell:Creating package script '/home/saber/robox_ws/install/cube_msgs/share/cube_msgs/package.sh'
[1.361s] INFO:colcon.colcon_core.shell:Creating package script '/home/saber/robox_ws/install/cube_msgs/share/cube_msgs/package.bash'
[1.362s] INFO:colcon.colcon_core.shell:Creating package script '/home/saber/robox_ws/install/cube_msgs/share/cube_msgs/package.zsh'
[1.362s] Level 1:colcon.colcon_core.environment:create_file_with_runtime_dependencies(/home/saber/robox_ws/install/cube_msgs/share/colcon-core/packages/cube_msgs)
[1.363s] Level 1:colcon.colcon_core.environment:create_environment_scripts_only(cube_msgs)
[1.363s] Level 1:colcon.colcon_core.environment:checking '/home/saber/robox_ws/install/cube_msgs' for CMake module files
[1.363s] Level 1:colcon.colcon_core.environment:checking '/home/saber/robox_ws/install/cube_msgs' for CMake config files
[1.364s] Level 1:colcon.colcon_core.shell:create_environment_hook('cube_msgs', 'cmake_prefix_path')
[1.364s] INFO:colcon.colcon_core.shell:Creating environment hook '/home/saber/robox_ws/install/cube_msgs/share/cube_msgs/hook/cmake_prefix_path.ps1'
[1.364s] INFO:colcon.colcon_core.shell:Creating environment descriptor '/home/saber/robox_ws/install/cube_msgs/share/cube_msgs/hook/cmake_prefix_path.dsv'
[1.365s] INFO:colcon.colcon_core.shell:Creating environment hook '/home/saber/robox_ws/install/cube_msgs/share/cube_msgs/hook/cmake_prefix_path.sh'
[1.365s] Level 1:colcon.colcon_core.environment:checking '/home/saber/robox_ws/install/cube_msgs/lib'
[1.365s] Level 1:colcon.colcon_core.shell:create_environment_hook('cube_msgs', 'ld_library_path_lib')
[1.365s] INFO:colcon.colcon_core.shell:Creating environment hook '/home/saber/robox_ws/install/cube_msgs/share/cube_msgs/hook/ld_library_path_lib.ps1'
[1.366s] INFO:colcon.colcon_core.shell:Creating environment descriptor '/home/saber/robox_ws/install/cube_msgs/share/cube_msgs/hook/ld_library_path_lib.dsv'
[1.366s] INFO:colcon.colcon_core.shell:Creating environment hook '/home/saber/robox_ws/install/cube_msgs/share/cube_msgs/hook/ld_library_path_lib.sh'
[1.366s] Level 1:colcon.colcon_core.environment:checking '/home/saber/robox_ws/install/cube_msgs/bin'
[1.366s] Level 1:colcon.colcon_core.environment:checking '/home/saber/robox_ws/install/cube_msgs/lib/pkgconfig/cube_msgs.pc'
[1.367s] Level 1:colcon.colcon_core.environment:checking '/home/saber/robox_ws/install/cube_msgs/lib/python3.12/site-packages'
[1.367s] Level 1:colcon.colcon_core.shell:create_environment_hook('cube_msgs', 'pythonpath')
[1.367s] INFO:colcon.colcon_core.shell:Creating environment hook '/home/saber/robox_ws/install/cube_msgs/share/cube_msgs/hook/pythonpath.ps1'
[1.367s] INFO:colcon.colcon_core.shell:Creating environment descriptor '/home/saber/robox_ws/install/cube_msgs/share/cube_msgs/hook/pythonpath.dsv'
[1.367s] INFO:colcon.colcon_core.shell:Creating environment hook '/home/saber/robox_ws/install/cube_msgs/share/cube_msgs/hook/pythonpath.sh'
[1.368s] Level 1:colcon.colcon_core.environment:checking '/home/saber/robox_ws/install/cube_msgs/bin'
[1.368s] INFO:colcon.colcon_core.shell:Creating package script '/home/saber/robox_ws/install/cube_msgs/share/cube_msgs/package.ps1'
[1.369s] INFO:colcon.colcon_core.shell:Creating package descriptor '/home/saber/robox_ws/install/cube_msgs/share/cube_msgs/package.dsv'
[1.369s] INFO:colcon.colcon_core.shell:Creating package script '/home/saber/robox_ws/install/cube_msgs/share/cube_msgs/package.sh'
[1.369s] INFO:colcon.colcon_core.shell:Creating package script '/home/saber/robox_ws/install/cube_msgs/share/cube_msgs/package.bash'
[1.370s] INFO:colcon.colcon_core.shell:Creating package script '/home/saber/robox_ws/install/cube_msgs/share/cube_msgs/package.zsh'
[1.370s] Level 1:colcon.colcon_core.environment:create_file_with_runtime_dependencies(/home/saber/robox_ws/install/cube_msgs/share/colcon-core/packages/cube_msgs)
[1.584s] DEBUG:colcon.colcon_core.event_handler.log_command:Invoking command in '/home/saber/robox_ws/src/color_pose_publisher': DEBUGINFOD_URLS=https://debuginfod.ubuntu.com PYTHONPATH=/home/saber/robox_ws/build/color_pose_publisher/prefix_override:/usr/lib/python3/dist-packages/colcon_core/task/python/colcon_distutils_commands:/home/saber/robox_ws/install/color_pose_publisher/lib/python3.12/site-packages:${PYTHONPATH} /usr/bin/python3 -W ignore:setup.py install is deprecated -W ignore:easy_install command is deprecated setup.py egg_info --egg-base ../../build/color_pose_publisher build --build-base /home/saber/robox_ws/build/color_pose_publisher/build install --record /home/saber/robox_ws/build/color_pose_publisher/install.log --single-version-externally-managed install_data
[1.585s] DEBUG:colcon.colcon_core.event_handler.log_command:Invoking command in '/home/saber/robox_ws/src/arduinobot_py_examples': DEBUGINFOD_URLS=https://debuginfod.ubuntu.com PYTHONPATH=/home/saber/robox_ws/build/arduinobot_py_examples/prefix_override:/usr/lib/python3/dist-packages/colcon_core/task/python/colcon_distutils_commands:/home/saber/robox_ws/install/arduinobot_py_examples/lib/python3.12/site-packages:${PYTHONPATH} /usr/bin/python3 -W ignore:setup.py install is deprecated -W ignore:easy_install command is deprecated setup.py egg_info --egg-base ../../build/arduinobot_py_examples build --build-base /home/saber/robox_ws/build/arduinobot_py_examples/build install --record /home/saber/robox_ws/build/arduinobot_py_examples/install.log --single-version-externally-managed install_data
[2.222s] Level 1:colcon.colcon_core.environment:checking '/home/saber/robox_ws/install/color_pose_publisher' for CMake module files
[2.222s] DEBUG:colcon.colcon_core.event_handler.log_command:Invoked command in '/home/saber/robox_ws/src/color_pose_publisher' returned '0': DEBUGINFOD_URLS=https://debuginfod.ubuntu.com PYTHONPATH=/home/saber/robox_ws/build/color_pose_publisher/prefix_override:/usr/lib/python3/dist-packages/colcon_core/task/python/colcon_distutils_commands:/home/saber/robox_ws/install/color_pose_publisher/lib/python3.12/site-packages:${PYTHONPATH} /usr/bin/python3 -W ignore:setup.py install is deprecated -W ignore:easy_install command is deprecated setup.py egg_info --egg-base ../../build/color_pose_publisher build --build-base /home/saber/robox_ws/build/color_pose_publisher/build install --record /home/saber/robox_ws/build/color_pose_publisher/install.log --single-version-externally-managed install_data
[2.223s] Level 1:colcon.colcon_core.environment:checking '/home/saber/robox_ws/install/color_pose_publisher' for CMake config files
[2.224s] Level 1:colcon.colcon_core.environment:checking '/home/saber/robox_ws/install/color_pose_publisher/lib'
[2.224s] Level 1:colcon.colcon_core.environment:checking '/home/saber/robox_ws/install/color_pose_publisher/bin'
[2.225s] Level 1:colcon.colcon_core.environment:checking '/home/saber/robox_ws/install/color_pose_publisher/lib/pkgconfig/color_pose_publisher.pc'
[2.225s] Level 1:colcon.colcon_core.environment:checking '/home/saber/robox_ws/install/color_pose_publisher/lib/python3.12/site-packages'
[2.225s] Level 1:colcon.colcon_core.shell:create_environment_hook('color_pose_publisher', 'pythonpath')
[2.225s] INFO:colcon.colcon_core.shell:Creating environment hook '/home/saber/robox_ws/install/color_pose_publisher/share/color_pose_publisher/hook/pythonpath.ps1'
[2.225s] INFO:colcon.colcon_core.shell:Creating environment descriptor '/home/saber/robox_ws/install/color_pose_publisher/share/color_pose_publisher/hook/pythonpath.dsv'
[2.226s] INFO:colcon.colcon_core.shell:Creating environment hook '/home/saber/robox_ws/install/color_pose_publisher/share/color_pose_publisher/hook/pythonpath.sh'
[2.226s] Level 1:colcon.colcon_core.environment:checking '/home/saber/robox_ws/install/color_pose_publisher/bin'
[2.226s] Level 1:colcon.colcon_core.environment:create_environment_scripts_only(color_pose_publisher)
[2.226s] INFO:colcon.colcon_core.shell:Creating package script '/home/saber/robox_ws/install/color_pose_publisher/share/color_pose_publisher/package.ps1'
[2.227s] INFO:colcon.colcon_core.shell:Creating package descriptor '/home/saber/robox_ws/install/color_pose_publisher/share/color_pose_publisher/package.dsv'
[2.227s] INFO:colcon.colcon_core.shell:Creating package script '/home/saber/robox_ws/install/color_pose_publisher/share/color_pose_publisher/package.sh'
[2.227s] INFO:colcon.colcon_core.shell:Creating package script '/home/saber/robox_ws/install/color_pose_publisher/share/color_pose_publisher/package.bash'
[2.228s] INFO:colcon.colcon_core.shell:Creating package script '/home/saber/robox_ws/install/color_pose_publisher/share/color_pose_publisher/package.zsh'
[2.228s] Level 1:colcon.colcon_core.environment:create_file_with_runtime_dependencies(/home/saber/robox_ws/install/color_pose_publisher/share/colcon-core/packages/color_pose_publisher)
[2.240s] Level 1:colcon.colcon_core.environment:checking '/home/saber/robox_ws/install/arduinobot_py_examples' for CMake module files
[2.240s] DEBUG:colcon.colcon_core.event_handler.log_command:Invoked command in '/home/saber/robox_ws/src/arduinobot_py_examples' returned '0': DEBUGINFOD_URLS=https://debuginfod.ubuntu.com PYTHONPATH=/home/saber/robox_ws/build/arduinobot_py_examples/prefix_override:/usr/lib/python3/dist-packages/colcon_core/task/python/colcon_distutils_commands:/home/saber/robox_ws/install/arduinobot_py_examples/lib/python3.12/site-packages:${PYTHONPATH} /usr/bin/python3 -W ignore:setup.py install is deprecated -W ignore:easy_install command is deprecated setup.py egg_info --egg-base ../../build/arduinobot_py_examples build --build-base /home/saber/robox_ws/build/arduinobot_py_examples/build install --record /home/saber/robox_ws/build/arduinobot_py_examples/install.log --single-version-externally-managed install_data
[2.240s] Level 1:colcon.colcon_core.environment:checking '/home/saber/robox_ws/install/arduinobot_py_examples' for CMake config files
[2.241s] Level 1:colcon.colcon_core.environment:checking '/home/saber/robox_ws/install/arduinobot_py_examples/lib'
[2.241s] Level 1:colcon.colcon_core.environment:checking '/home/saber/robox_ws/install/arduinobot_py_examples/bin'
[2.241s] Level 1:colcon.colcon_core.environment:checking '/home/saber/robox_ws/install/arduinobot_py_examples/lib/pkgconfig/arduinobot_py_examples.pc'
[2.241s] Level 1:colcon.colcon_core.environment:checking '/home/saber/robox_ws/install/arduinobot_py_examples/lib/python3.12/site-packages'
[2.242s] Level 1:colcon.colcon_core.shell:create_environment_hook('arduinobot_py_examples', 'pythonpath')
[2.242s] INFO:colcon.colcon_core.shell:Creating environment hook '/home/saber/robox_ws/install/arduinobot_py_examples/share/arduinobot_py_examples/hook/pythonpath.ps1'
[2.242s] INFO:colcon.colcon_core.shell:Creating environment descriptor '/home/saber/robox_ws/install/arduinobot_py_examples/share/arduinobot_py_examples/hook/pythonpath.dsv'
[2.242s] INFO:colcon.colcon_core.shell:Creating environment hook '/home/saber/robox_ws/install/arduinobot_py_examples/share/arduinobot_py_examples/hook/pythonpath.sh'
[2.243s] Level 1:colcon.colcon_core.environment:checking '/home/saber/robox_ws/install/arduinobot_py_examples/bin'
[2.243s] Level 1:colcon.colcon_core.environment:create_environment_scripts_only(arduinobot_py_examples)
[2.243s] INFO:colcon.colcon_core.shell:Creating package script '/home/saber/robox_ws/install/arduinobot_py_examples/share/arduinobot_py_examples/package.ps1'
[2.243s] INFO:colcon.colcon_core.shell:Creating package descriptor '/home/saber/robox_ws/install/arduinobot_py_examples/share/arduinobot_py_examples/package.dsv'
[2.244s] INFO:colcon.colcon_core.shell:Creating package script '/home/saber/robox_ws/install/arduinobot_py_examples/share/arduinobot_py_examples/package.sh'
[2.244s] INFO:colcon.colcon_core.shell:Creating package script '/home/saber/robox_ws/install/arduinobot_py_examples/share/arduinobot_py_examples/package.bash'
[2.244s] INFO:colcon.colcon_core.shell:Creating package script '/home/saber/robox_ws/install/arduinobot_py_examples/share/arduinobot_py_examples/package.zsh'
[2.244s] Level 1:colcon.colcon_core.environment:create_file_with_runtime_dependencies(/home/saber/robox_ws/install/arduinobot_py_examples/share/colcon-core/packages/arduinobot_py_examples)
[2.245s] DEBUG:colcon.colcon_parallel_executor.executor.parallel:closing loop
[2.245s] DEBUG:colcon.colcon_parallel_executor.executor.parallel:loop closed
[2.245s] DEBUG:colcon.colcon_parallel_executor.executor.parallel:run_until_complete finished with '0'
[2.245s] DEBUG:colcon.colcon_core.event_reactor:joining thread
[2.252s] INFO:colcon.colcon_core.plugin_system:Skipping extension 'colcon_notification.desktop_notification.terminal_notifier': Not used on non-Darwin systems
[2.252s] INFO:colcon.colcon_core.plugin_system:Skipping extension 'colcon_notification.desktop_notification.win32': Not used on non-Windows systems
[2.252s] INFO:colcon.colcon_notification.desktop_notification:Sending desktop notification using 'notify2'
[2.269s] DEBUG:colcon.colcon_core.event_reactor:joined thread
[2.269s] INFO:colcon.colcon_core.shell:Creating prefix script '/home/saber/robox_ws/install/local_setup.ps1'
[2.270s] INFO:colcon.colcon_core.shell:Creating prefix util module '/home/saber/robox_ws/install/_local_setup_util_ps1.py'
[2.271s] INFO:colcon.colcon_core.shell:Creating prefix chain script '/home/saber/robox_ws/install/setup.ps1'
[2.272s] INFO:colcon.colcon_core.shell:Creating prefix script '/home/saber/robox_ws/install/local_setup.sh'
[2.272s] INFO:colcon.colcon_core.shell:Creating prefix util module '/home/saber/robox_ws/install/_local_setup_util_sh.py'
[2.273s] INFO:colcon.colcon_core.shell:Creating prefix chain script '/home/saber/robox_ws/install/setup.sh'
[2.274s] INFO:colcon.colcon_core.shell:Creating prefix script '/home/saber/robox_ws/install/local_setup.bash'
[2.274s] INFO:colcon.colcon_core.shell:Creating prefix chain script '/home/saber/robox_ws/install/setup.bash'
[2.275s] INFO:colcon.colcon_core.shell:Creating prefix script '/home/saber/robox_ws/install/local_setup.zsh'
[2.276s] INFO:colcon.colcon_core.shell:Creating prefix chain script '/home/saber/robox_ws/install/setup.zsh'
