[0.054s] Invoking command in '/home/saber/robox_ws/build/moveit_setup_srdf_plugins': AMENT_PREFIX_PATH=/home/saber/robox_ws/install/moveit_setup_framework:/home/saber/robox_ws/install/moveit_ros_visualization:/home/saber/robox_ws/install/moveit_ros_planning_interface:/home/saber/robox_ws/install/moveit_ros_move_group:/home/saber/robox_ws/install/moveit_ros_warehouse:/home/saber/robox_ws/install/moveit_ros_robot_interaction:/home/saber/robox_ws/install/moveit_kinematics:/home/saber/robox_ws/install/moveit_ros_planning:/home/saber/robox_ws/install/moveit_simple_controller_manager:/home/saber/robox_ws/install/moveit_ros_occupancy_map_monitor:/home/saber/robox_ws/install/moveit_core:/home/saber/robox_ws/install/moveit_configs_utils:/home/saber/robox_ws/install/moveit_common:${AMENT_PREFIX_PATH} CMAKE_PREFIX_PATH=/home/saber/robox_ws/install/moveit_setup_framework:/home/saber/robox_ws/install/moveit_ros_visualization:/home/saber/robox_ws/install/moveit_ros_planning_interface:/home/saber/robox_ws/install/moveit_ros_move_group:/home/saber/robox_ws/install/moveit_ros_warehouse:/home/saber/robox_ws/install/moveit_ros_robot_interaction:/home/saber/robox_ws/install/moveit_kinematics:/home/saber/robox_ws/install/moveit_ros_planning:/home/saber/robox_ws/install/moveit_simple_controller_manager:/home/saber/robox_ws/install/moveit_ros_occupancy_map_monitor:/home/saber/robox_ws/install/moveit_core:/home/saber/robox_ws/install/moveit_common:/home/saber/arduinobot_ws/install/controller:/home/saber/arduinobot_ws/install/arm_description:/home/saber/arduinobot_ws/install/arduinobot_cpp_examples:/opt/ros/jazzy/opt/gz_sim_vendor:/opt/ros/jazzy/opt/gz_sensors_vendor:/opt/ros/jazzy/opt/gz_physics_vendor:/opt/ros/jazzy/opt/sdformat_vendor:/opt/ros/jazzy/opt/gz_gui_vendor:/opt/ros/jazzy/opt/gz_transport_vendor:/opt/ros/jazzy/opt/gz_rendering_vendor:/opt/ros/jazzy/opt/gz_plugin_vendor:/opt/ros/jazzy/opt/gz_fuel_tools_vendor:/opt/ros/jazzy/opt/gz_msgs_vendor:/opt/ros/jazzy/opt/gz_common_vendor:/opt/ros/jazzy/opt/gz_math_vendor:/opt/ros/jazzy/opt/gz_utils_vendor:/opt/ros/jazzy/opt/gz_tools_vendor:/opt/ros/jazzy/opt/gz_ogre_next_vendor:/opt/ros/jazzy/opt/gz_dartsim_vendor:/opt/ros/jazzy/opt/gz_cmake_vendor:/home/saber/arduinobot_ws/install/arduinobot_py_examples:/opt/ros/jazzy DEBUGINFOD_URLS=https://debuginfod.ubuntu.com LD_LIBRARY_PATH=/home/saber/robox_ws/install/moveit_setup_framework/lib:/home/saber/robox_ws/install/moveit_ros_visualization/lib:/home/saber/robox_ws/install/moveit_ros_planning_interface/lib:/home/saber/robox_ws/install/moveit_ros_move_group/lib:/home/saber/robox_ws/install/moveit_ros_warehouse/lib:/home/saber/robox_ws/install/moveit_ros_robot_interaction/lib:/home/saber/robox_ws/install/moveit_kinematics/lib:/home/saber/robox_ws/install/moveit_ros_planning/lib:/home/saber/robox_ws/install/moveit_simple_controller_manager/lib:/home/saber/robox_ws/install/moveit_ros_occupancy_map_monitor/lib:/home/saber/robox_ws/install/moveit_core/lib:${LD_LIBRARY_PATH} PATH=/home/saber/robox_ws/install/moveit_core/bin:${PATH} PYTHONPATH=/home/saber/robox_ws/install/moveit_configs_utils/lib/python3.12/site-packages:${PYTHONPATH} /usr/bin/cmake --build /home/saber/robox_ws/build/moveit_setup_srdf_plugins -- -j16 -l16
[0.155s] [  2%] [32mBuilding CXX object gtest/CMakeFiles/gtest.dir/src/gtest-all.cc.o[0m
[0.169s] [  6%] Built target gtest_main
[0.181s] [  8%] [32mBuilding CXX object CMakeFiles/moveit_setup_srdf_plugins.dir/src/collision_linear_model.cpp.o[0m
[0.186s] [ 10%] [32mBuilding CXX object CMakeFiles/moveit_setup_srdf_plugins.dir/src/default_collisions.cpp.o[0m
[0.186s] [ 12%] [32mBuilding CXX object CMakeFiles/moveit_setup_srdf_plugins.dir/src/collision_matrix_model.cpp.o[0m
[0.188s] [ 14%] [32mBuilding CXX object CMakeFiles/moveit_setup_srdf_plugins.dir/src/default_collisions_widget.cpp.o[0m
[0.190s] [ 18%] [32mBuilding CXX object CMakeFiles/moveit_setup_srdf_plugins.dir/src/compute_default_collisions.cpp.o[0m
[0.192s] [ 18%] [32mBuilding CXX object CMakeFiles/moveit_setup_srdf_plugins.dir/src/group_edit_widget.cpp.o[0m
[0.193s] [ 20%] [32mBuilding CXX object CMakeFiles/moveit_setup_srdf_plugins.dir/src/end_effectors_widget.cpp.o[0m
[0.201s] [ 22%] [32mBuilding CXX object CMakeFiles/moveit_setup_srdf_plugins.dir/src/passive_joints.cpp.o[0m
[0.205s] [ 25%] [32mBuilding CXX object CMakeFiles/moveit_setup_srdf_plugins.dir/src/end_effectors.cpp.o[0m
[0.205s] [ 27%] [32mBuilding CXX object CMakeFiles/moveit_setup_srdf_plugins.dir/src/planning_groups.cpp.o[0m
[0.207s] [ 29%] [32mBuilding CXX object CMakeFiles/moveit_setup_srdf_plugins.dir/src/group_meta_config.cpp.o[0m
[0.207s] [ 31%] [32mBuilding CXX object CMakeFiles/moveit_setup_srdf_plugins.dir/src/planning_groups_widget.cpp.o[0m
[0.209s] [ 33%] [32mBuilding CXX object CMakeFiles/moveit_setup_srdf_plugins.dir/src/kinematic_chain_widget.cpp.o[0m
[0.211s] [ 35%] [32mBuilding CXX object CMakeFiles/moveit_setup_srdf_plugins.dir/src/passive_joints_widget.cpp.o[0m
[0.248s] [ 37%] [32mBuilding CXX object CMakeFiles/moveit_setup_srdf_plugins.dir/src/robot_poses_widget.cpp.o[0m
[427.301s] [ 39%] [32m[1mLinking CXX static library libgtest.a[0m
[428.587s] [ 39%] Built target gtest
[786.944s] gmake[2]: *** [CMakeFiles/moveit_setup_srdf_plugins.dir/build.make:260: CMakeFiles/moveit_setup_srdf_plugins.dir/src/passive_joints.cpp.o] Interrupt
[787.038s] gmake[2]: *** [CMakeFiles/moveit_setup_srdf_plugins.dir/build.make:162: CMakeFiles/moveit_setup_srdf_plugins.dir/src/default_collisions.cpp.o] Interrupt
[787.077s] gmake[2]: *** [CMakeFiles/moveit_setup_srdf_plugins.dir/build.make:148: CMakeFiles/moveit_setup_srdf_plugins.dir/src/compute_default_collisions.cpp.o] Interrupt
[787.088s] gmake[2]: *** [CMakeFiles/moveit_setup_srdf_plugins.dir/build.make:204: CMakeFiles/moveit_setup_srdf_plugins.dir/src/end_effectors_widget.cpp.o] Interrupt
[787.088s] gmake[2]: *** [CMakeFiles/moveit_setup_srdf_plugins.dir/build.make:190: CMakeFiles/moveit_setup_srdf_plugins.dir/src/end_effectors.cpp.o] Interrupt
[787.088s] gmake[2]: *** [CMakeFiles/moveit_setup_srdf_plugins.dir/build.make:218: CMakeFiles/moveit_setup_srdf_plugins.dir/src/group_edit_widget.cpp.o] Interrupt
[787.088s] gmake[2]: *** [CMakeFiles/moveit_setup_srdf_plugins.dir/build.make:246: CMakeFiles/moveit_setup_srdf_plugins.dir/src/kinematic_chain_widget.cpp.o] Interrupt
[787.092s] gmake[2]: *** [CMakeFiles/moveit_setup_srdf_plugins.dir/build.make:274: CMakeFiles/moveit_setup_srdf_plugins.dir/src/passive_joints_widget.cpp.o] Interrupt
[787.092s] gmake[2]: *** [CMakeFiles/moveit_setup_srdf_plugins.dir/build.make:288: CMakeFiles/moveit_setup_srdf_plugins.dir/src/planning_groups.cpp.o] Interrupt
[787.092s] gmake[2]: *** [CMakeFiles/moveit_setup_srdf_plugins.dir/build.make:302: CMakeFiles/moveit_setup_srdf_plugins.dir/src/planning_groups_widget.cpp.o] Interrupt
[787.092s] gmake[2]: *** [CMakeFiles/moveit_setup_srdf_plugins.dir/build.make:330: CMakeFiles/moveit_setup_srdf_plugins.dir/src/robot_poses_widget.cpp.o] Interrupt
[787.092s] gmake[1]: *** [CMakeFiles/Makefile2:157: CMakeFiles/moveit_setup_srdf_plugins.dir/all] Interrupt
[787.092s] gmake: *** [Makefile:146: all] Interrupt
