[1.508s] Invoking command in '/home/saber/robox_ws/src/dashboard': DEBUGINFOD_URLS=https://debuginfod.ubuntu.com PYTHONPATH=/home/saber/robox_ws/build/dashboard/prefix_override:/usr/lib/python3/dist-packages/colcon_core/task/python/colcon_distutils_commands:/home/saber/robox_ws/install/dashboard/lib/python3.12/site-packages:${PYTHONPATH} /usr/bin/python3 -W ignore:setup.py install is deprecated -W ignore:easy_install command is deprecated setup.py egg_info --egg-base ../../build/dashboard build --build-base /home/saber/robox_ws/build/dashboard/build install --record /home/saber/robox_ws/build/dashboard/install.log --single-version-externally-managed install_data
[1.813s] running egg_info
[1.839s] writing ../../build/dashboard/dashboard.egg-info/PKG-INFO
[1.839s] writing dependency_links to ../../build/dashboard/dashboard.egg-info/dependency_links.txt
[1.839s] writing requirements to ../../build/dashboard/dashboard.egg-info/requires.txt
[1.839s] writing top-level names to ../../build/dashboard/dashboard.egg-info/top_level.txt
[1.891s] reading manifest file '../../build/dashboard/dashboard.egg-info/SOURCES.txt'
[1.892s] writing manifest file '../../build/dashboard/dashboard.egg-info/SOURCES.txt'
[1.892s] running build
[1.892s] running build_py
[1.892s] running install
[1.898s] running install_lib
[1.926s] running install_data
[1.927s] copying launch/color_sorting.launch.py -> /home/saber/robox_ws/install/dashboard/share/dashboard/launch
[1.927s] running install_egg_info
[1.955s] removing '/home/saber/robox_ws/install/dashboard/lib/python3.12/site-packages/dashboard-0.0.0-py3.12.egg-info' (and everything under it)
[1.955s] Copying ../../build/dashboard/dashboard.egg-info to /home/saber/robox_ws/install/dashboard/lib/python3.12/site-packages/dashboard-0.0.0-py3.12.egg-info
[1.956s] running install_scripts
[2.131s] writing list of installed files to '/home/saber/robox_ws/build/dashboard/install.log'
[2.178s] Invoked command in '/home/saber/robox_ws/src/dashboard' returned '0': DEBUGINFOD_URLS=https://debuginfod.ubuntu.com PYTHONPATH=/home/saber/robox_ws/build/dashboard/prefix_override:/usr/lib/python3/dist-packages/colcon_core/task/python/colcon_distutils_commands:/home/saber/robox_ws/install/dashboard/lib/python3.12/site-packages:${PYTHONPATH} /usr/bin/python3 -W ignore:setup.py install is deprecated -W ignore:easy_install command is deprecated setup.py egg_info --egg-base ../../build/dashboard build --build-base /home/saber/robox_ws/build/dashboard/build install --record /home/saber/robox_ws/build/dashboard/install.log --single-version-externally-managed install_data
