[0.011s] Invoking command in '/home/saber/robox_ws/build/moveit_core': AMENT_PREFIX_PATH=/home/saber/robox_ws/install/moveit_common:${AMENT_PREFIX_PATH} CMAKE_PREFIX_PATH=/home/saber/robox_ws/install/moveit_common:/home/saber/arduinobot_ws/install/controller:/home/saber/arduinobot_ws/install/arm_description:/home/saber/arduinobot_ws/install/arduinobot_cpp_examples:/opt/ros/jazzy/opt/gz_sim_vendor:/opt/ros/jazzy/opt/gz_sensors_vendor:/opt/ros/jazzy/opt/gz_physics_vendor:/opt/ros/jazzy/opt/sdformat_vendor:/opt/ros/jazzy/opt/gz_gui_vendor:/opt/ros/jazzy/opt/gz_transport_vendor:/opt/ros/jazzy/opt/gz_rendering_vendor:/opt/ros/jazzy/opt/gz_plugin_vendor:/opt/ros/jazzy/opt/gz_fuel_tools_vendor:/opt/ros/jazzy/opt/gz_msgs_vendor:/opt/ros/jazzy/opt/gz_common_vendor:/opt/ros/jazzy/opt/gz_math_vendor:/opt/ros/jazzy/opt/gz_utils_vendor:/opt/ros/jazzy/opt/gz_tools_vendor:/opt/ros/jazzy/opt/gz_ogre_next_vendor:/opt/ros/jazzy/opt/gz_dartsim_vendor:/opt/ros/jazzy/opt/gz_cmake_vendor:/home/saber/arduinobot_ws/install/arduinobot_py_examples:/opt/ros/jazzy DEBUGINFOD_URLS=https://debuginfod.ubuntu.com /usr/bin/cmake /home/saber/robox_ws/src/moveit2/moveit_core -DCMAKE_INSTALL_PREFIX=/home/saber/robox_ws/install/moveit_core
[0.054s] -- Found moveit_common: 2.12.3 (/home/saber/robox_ws/install/moveit_common/share/moveit_common/cmake)
[0.054s] -- Found ament_cmake: 2.5.4 (/opt/ros/jazzy/share/ament_cmake/cmake)
[0.260s] -- Override CMake install command with custom implementation using symlinks instead of copying resources
[0.347s] [0mmoveit_core: You did not request a specific build type: Choosing 'Release' for maximum performance[0m
[0.347s] -- Found angles: 1.16.0 (/opt/ros/jazzy/share/angles/cmake)
[0.377s] -- Found common_interfaces: 5.3.6 (/opt/ros/jazzy/share/common_interfaces/cmake)
[0.378s] -- Found eigen_stl_containers: 1.1.0 (/opt/ros/jazzy/share/eigen_stl_containers/cmake)
[0.383s] -- Found eigen3_cmake_module: 0.3.0 (/opt/ros/jazzy/share/eigen3_cmake_module/cmake)
[0.391s] -- Found generate_parameter_library: 0.4.0 (/opt/ros/jazzy/share/generate_parameter_library/cmake)
[0.393s] -- Found parameter_traits: 0.4.0 (/opt/ros/jazzy/share/parameter_traits/cmake)
[0.453s] -- Found rosidl_generator_c: 4.6.5 (/opt/ros/jazzy/share/rosidl_generator_c/cmake)
[0.463s] -- Found rosidl_generator_cpp: 4.6.5 (/opt/ros/jazzy/share/rosidl_generator_cpp/cmake)
[0.478s] -- Using all available rosidl_typesupport_c: rosidl_typesupport_fastrtps_c;rosidl_typesupport_introspection_c
[0.493s] -- Using all available rosidl_typesupport_cpp: rosidl_typesupport_fastrtps_cpp;rosidl_typesupport_introspection_cpp
[0.563s] -- Found rmw_implementation_cmake: 7.3.2 (/opt/ros/jazzy/share/rmw_implementation_cmake/cmake)
[0.565s] -- Found rmw_cyclonedds_cpp: 2.2.3 (/opt/ros/jazzy/share/rmw_cyclonedds_cpp/cmake)
[0.594s] -- Using RMW implementation 'rmw_cyclonedds_cpp' as default
[0.665s] -- Found rclcpp_lifecycle: 28.1.9 (/opt/ros/jazzy/share/rclcpp_lifecycle/cmake)
[0.696s] -- Found geometric_shapes: 2.3.2 (/opt/ros/jazzy/share/geometric_shapes/cmake)
[0.704s] -- Found Boost: /usr/lib/x86_64-linux-gnu/cmake/Boost-1.83.0/BoostConfig.cmake (found version "1.83.0") found components: filesystem 
[0.824s] -- Found kdl_parser: 2.11.0 (/opt/ros/jazzy/share/kdl_parser/cmake)
[0.828s] -- Ensuring Eigen3 include directory is part of orocos-kdl CMake target
[0.831s] -- Found moveit_msgs: 2.6.0 (/opt/ros/jazzy/share/moveit_msgs/cmake)
[1.024s] -- Found pluginlib: 5.4.2 (/opt/ros/jazzy/share/pluginlib/cmake)
[1.030s] -- Found TinyXML2 via Config file: /usr/lib/x86_64-linux-gnu/cmake/tinyxml2
[1.033s] -- Found srdfdom: 2.0.7 (/opt/ros/jazzy/share/srdfdom/cmake)
[1.044s] -- Found tf2_eigen: 0.36.11 (/opt/ros/jazzy/share/tf2_eigen/cmake)
[1.133s] -- Found tf2_geometry_msgs: 0.36.11 (/opt/ros/jazzy/share/tf2_geometry_msgs/cmake)
[1.138s] -- Found tf2_kdl: 0.36.11 (/opt/ros/jazzy/share/tf2_kdl/cmake)
[1.161s] -- Found Boost: /usr/lib/x86_64-linux-gnu/cmake/Boost-1.83.0/BoostConfig.cmake (found version "1.83.0") found components: chrono date_time filesystem iostreams program_options regex serialization system thread 
[1.171s] -- Found ament_cmake_gtest: 2.5.4 (/opt/ros/jazzy/share/ament_cmake_gtest/cmake)
[1.173s] -- Found gtest sources under '/opt/ros/jazzy/src/gtest_vendor': C++ tests using 'Google Test' will be built
[1.186s] -- Found gtest sources under '/opt/ros/jazzy/src/gtest_vendor': C++ tests using 'Google Test' will be built
[1.195s] -- Found gtest sources under '/opt/ros/jazzy/src/gtest_vendor': C++ tests using 'Google Test' will be built
[1.204s] -- Found ament_cmake_gtest: 2.5.4 (/opt/ros/jazzy/share/ament_cmake_gtest/cmake)
[1.205s] -- Found gtest sources under '/opt/ros/jazzy/src/gtest_vendor': C++ tests using 'Google Test' will be built
[1.210s] -- Found ament_cmake_gmock: 2.5.4 (/opt/ros/jazzy/share/ament_cmake_gmock/cmake)
[1.214s] -- Found gmock sources under '/opt/ros/jazzy/src/gmock_vendor': C++ tests using 'Google Mock' will be built
[1.217s] -- Found ament_cmake_gtest: 2.5.4 (/opt/ros/jazzy/share/ament_cmake_gtest/cmake)
[1.218s] -- Found gtest sources under '/opt/ros/jazzy/src/gtest_vendor': C++ tests using 'Google Test' will be built
[1.226s] -- Found ament_cmake_gtest: 2.5.4 (/opt/ros/jazzy/share/ament_cmake_gtest/cmake)
[1.227s] -- Found gtest sources under '/opt/ros/jazzy/src/gtest_vendor': C++ tests using 'Google Test' will be built
[1.243s] -- Found ament_cmake_gtest: 2.5.4 (/opt/ros/jazzy/share/ament_cmake_gtest/cmake)
[1.244s] -- Found gtest sources under '/opt/ros/jazzy/src/gtest_vendor': C++ tests using 'Google Test' will be built
[1.265s] -- Found ament_cmake_gtest: 2.5.4 (/opt/ros/jazzy/share/ament_cmake_gtest/cmake)
[1.266s] -- Found gtest sources under '/opt/ros/jazzy/src/gtest_vendor': C++ tests using 'Google Test' will be built
[1.280s] -- Found ament_cmake_gtest: 2.5.4 (/opt/ros/jazzy/share/ament_cmake_gtest/cmake)
[1.281s] -- Found gtest sources under '/opt/ros/jazzy/src/gtest_vendor': C++ tests using 'Google Test' will be built
[1.290s] -- Found ament_cmake_gtest: 2.5.4 (/opt/ros/jazzy/share/ament_cmake_gtest/cmake)
[1.290s] -- Found gtest sources under '/opt/ros/jazzy/src/gtest_vendor': C++ tests using 'Google Test' will be built
[1.299s] -- Found ament_cmake_google_benchmark: 2.5.4 (/opt/ros/jazzy/share/ament_cmake_google_benchmark/cmake)
[1.300s] -- Found ament_cmake_gtest: 2.5.4 (/opt/ros/jazzy/share/ament_cmake_gtest/cmake)
[1.302s] -- Found gmock sources under '/opt/ros/jazzy/src/gmock_vendor': C++ tests using 'Google Mock' will be built
[1.303s] -- Found gtest sources under '/opt/ros/jazzy/src/gtest_vendor': C++ tests using 'Google Test' will be built
[1.309s] -- Performance tests are disabled by default, so Google Benchmark tests will be skipped. To enable these tests, set the CMake variable 'AMENT_RUN_PERFORMANCE_TESTS'.
[1.312s] -- Found gtest sources under '/opt/ros/jazzy/src/gtest_vendor': C++ tests using 'Google Test' will be built
[1.319s] -- Found ament_cmake_google_benchmark: 2.5.4 (/opt/ros/jazzy/share/ament_cmake_google_benchmark/cmake)
[1.320s] -- Found ament_cmake_gtest: 2.5.4 (/opt/ros/jazzy/share/ament_cmake_gtest/cmake)
[1.321s] -- Found gtest sources under '/opt/ros/jazzy/src/gtest_vendor': C++ tests using 'Google Test' will be built
[1.326s] -- Performance tests are disabled by default, so Google Benchmark tests will be skipped. To enable these tests, set the CMake variable 'AMENT_RUN_PERFORMANCE_TESTS'.
[1.332s] -- Found ament_cmake_gtest: 2.5.4 (/opt/ros/jazzy/share/ament_cmake_gtest/cmake)
[1.332s] -- Found gtest sources under '/opt/ros/jazzy/src/gtest_vendor': C++ tests using 'Google Test' will be built
[1.374s] -- Found launch_testing_ament_cmake: 3.4.4 (/opt/ros/jazzy/share/launch_testing_ament_cmake/cmake)
[1.374s] -- Found python_cmake_module: 0.11.1 (/opt/ros/jazzy/share/python_cmake_module/cmake)
[1.501s] --  *** Building MoveIt 2.12.3 devel ***
[1.513s] -- Configuring done (1.5s)
[2.394s] -- Generating done (0.8s)
[2.523s] -- Build files have been written to: /home/saber/robox_ws/build/moveit_core
[2.562s] Invoked command in '/home/saber/robox_ws/build/moveit_core' returned '0': AMENT_PREFIX_PATH=/home/saber/robox_ws/install/moveit_common:${AMENT_PREFIX_PATH} CMAKE_PREFIX_PATH=/home/saber/robox_ws/install/moveit_common:/home/saber/arduinobot_ws/install/controller:/home/saber/arduinobot_ws/install/arm_description:/home/saber/arduinobot_ws/install/arduinobot_cpp_examples:/opt/ros/jazzy/opt/gz_sim_vendor:/opt/ros/jazzy/opt/gz_sensors_vendor:/opt/ros/jazzy/opt/gz_physics_vendor:/opt/ros/jazzy/opt/sdformat_vendor:/opt/ros/jazzy/opt/gz_gui_vendor:/opt/ros/jazzy/opt/gz_transport_vendor:/opt/ros/jazzy/opt/gz_rendering_vendor:/opt/ros/jazzy/opt/gz_plugin_vendor:/opt/ros/jazzy/opt/gz_fuel_tools_vendor:/opt/ros/jazzy/opt/gz_msgs_vendor:/opt/ros/jazzy/opt/gz_common_vendor:/opt/ros/jazzy/opt/gz_math_vendor:/opt/ros/jazzy/opt/gz_utils_vendor:/opt/ros/jazzy/opt/gz_tools_vendor:/opt/ros/jazzy/opt/gz_ogre_next_vendor:/opt/ros/jazzy/opt/gz_dartsim_vendor:/opt/ros/jazzy/opt/gz_cmake_vendor:/home/saber/arduinobot_ws/install/arduinobot_py_examples:/opt/ros/jazzy DEBUGINFOD_URLS=https://debuginfod.ubuntu.com /usr/bin/cmake /home/saber/robox_ws/src/moveit2/moveit_core -DCMAKE_INSTALL_PREFIX=/home/saber/robox_ws/install/moveit_core
[2.563s] Invoking command in '/home/saber/robox_ws/build/moveit_core': AMENT_PREFIX_PATH=/home/saber/robox_ws/install/moveit_common:${AMENT_PREFIX_PATH} CMAKE_PREFIX_PATH=/home/saber/robox_ws/install/moveit_common:/home/saber/arduinobot_ws/install/controller:/home/saber/arduinobot_ws/install/arm_description:/home/saber/arduinobot_ws/install/arduinobot_cpp_examples:/opt/ros/jazzy/opt/gz_sim_vendor:/opt/ros/jazzy/opt/gz_sensors_vendor:/opt/ros/jazzy/opt/gz_physics_vendor:/opt/ros/jazzy/opt/sdformat_vendor:/opt/ros/jazzy/opt/gz_gui_vendor:/opt/ros/jazzy/opt/gz_transport_vendor:/opt/ros/jazzy/opt/gz_rendering_vendor:/opt/ros/jazzy/opt/gz_plugin_vendor:/opt/ros/jazzy/opt/gz_fuel_tools_vendor:/opt/ros/jazzy/opt/gz_msgs_vendor:/opt/ros/jazzy/opt/gz_common_vendor:/opt/ros/jazzy/opt/gz_math_vendor:/opt/ros/jazzy/opt/gz_utils_vendor:/opt/ros/jazzy/opt/gz_tools_vendor:/opt/ros/jazzy/opt/gz_ogre_next_vendor:/opt/ros/jazzy/opt/gz_dartsim_vendor:/opt/ros/jazzy/opt/gz_cmake_vendor:/home/saber/arduinobot_ws/install/arduinobot_py_examples:/opt/ros/jazzy DEBUGINFOD_URLS=https://debuginfod.ubuntu.com /usr/bin/cmake --build /home/saber/robox_ws/build/moveit_core -- -j16 -l16
[2.625s] [  4%] Built target moveit_acceleration_filter_parameters
[2.625s] [  4%] Built target moveit_butterworth_filter_parameters
[2.625s] [  4%] Built target moveit_ruckig_filter_parameters
[2.625s] [  4%] [34m[1mGenerate version header[0m
[2.670s] [  8%] Built target gtest
[2.671s] [  8%] Built target gmock
[2.671s] [  8%] Built target gtest_main
[2.671s] [  9%] Built target gmock_main
[2.679s] [ 14%] Built target moveit_smoothing_base
[2.679s] [ 14%] Built target moveit_utils
[2.691s] [ 15%] [34m[1mGenerating version.hpp[0m
[2.701s] [ 15%] Built target version_hpp
[2.706s] [ 17%] Built target moveit_exceptions
[2.709s] [ 18%] Built target logger_dut
[2.719s] [ 19%] Built target moveit_transforms
[2.724s] [ 20%] Built target moveit_version
[2.735s] [ 22%] Built target moveit_distance_field
[2.747s] [ 23%] Built target test_transforms
[2.765s] [ 29%] Built target moveit_robot_model
[2.766s] [ 30%] Built target test_voxel_grid
[2.773s] [ 31%] Built target test_distance_field
[2.797s] [ 32%] Built target moveit_kinematics_base
[2.799s] [ 33%] Built target moveit_butterworth_filter
[2.833s] [ 34%] Built target test_butterworth_filter
[2.844s] [ 35%] Built target moveit_test_utils
[2.845s] [ 38%] Built target moveit_robot_state
[2.889s] [ 44%] Built target moveit_dynamics_solver
[2.889s] [ 44%] Built target moveit_ruckig_filter
[2.889s] [ 44%] Built target moveit_kinematics_metrics
[2.889s] [ 44%] Built target robot_state_benchmark
[2.889s] [ 44%] Built target test_cartesian_interpolator
[2.890s] [ 44%] Built target test_robot_model
[2.890s] [ 45%] Built target moveit_acceleration_filter
[2.891s] [ 47%] Built target test_robot_state_complex
[2.891s] [ 47%] Built target test_aabb
[2.893s] [ 50%] Built target moveit_robot_trajectory
[2.893s] [ 50%] Built target test_robot_state
[2.924s] [ 56%] Built target moveit_collision_detection
[2.926s] [ 58%] Built target test_robot_trajectory
[2.926s] [ 58%] Built target test_acceleration_filter
[2.964s] [ 60%] Built target moveit_trajectory_processing
[2.969s] [ 62%] Built target test_world
[2.969s] [ 62%] Built target test_world_diff
[2.975s] [ 63%] Built target test_all_valid
[2.989s] [ 65%] Built target moveit_collision_detection_fcl
[3.001s] [ 68%] Built target test_time_optimal_trajectory_generation
[3.001s] [ 68%] Built target test_ruckig_traj_smoothing
[3.001s] [ 68%] Built target robot_trajectory_benchmark
[3.017s] [ 72%] Built target moveit_collision_detection_bullet
[3.031s] [ 74%] Built target test_fcl_collision_detection
[3.031s] [ 75%] Built target test_fcl_collision_detection_panda
[3.031s] [ 75%] Built target test_fcl_collision_env
[3.039s] [ 76%] Built target moveit_kinematic_constraints
[3.060s] [ 80%] Built target test_bullet_continuous_collision_checking
[3.060s] [ 80%] Built target test_bullet_collision_detection
[3.060s] [ 80%] Built target test_bullet_collision_detection_panda
[3.077s] [ 83%] Built target test_orientation_constraints
[3.077s] [ 83%] Built target test_constraints
[3.086s] [ 84%] Built target moveit_planning_scene
[3.126s] [ 87%] Built target test_multi_threaded
[3.126s] [ 88%] Built target collision_detector_fcl_plugin
[3.126s] [ 88%] Built target collision_detector_bullet_plugin
[3.126s] [ 88%] Built target test_collision_objects
[3.126s] [ 89%] Built target test_planning_scene
[3.130s] [ 91%] Built target moveit_planning_interface
[3.172s] [ 94%] Built target moveit_constraint_samplers
[3.173s] [ 97%] Built target moveit_collision_distance_field
[3.213s] [ 98%] Built target test_collision_distance_field
[3.220s] [100%] Built target test_constraint_samplers
[3.233s] Invoked command in '/home/saber/robox_ws/build/moveit_core' returned '0': AMENT_PREFIX_PATH=/home/saber/robox_ws/install/moveit_common:${AMENT_PREFIX_PATH} CMAKE_PREFIX_PATH=/home/saber/robox_ws/install/moveit_common:/home/saber/arduinobot_ws/install/controller:/home/saber/arduinobot_ws/install/arm_description:/home/saber/arduinobot_ws/install/arduinobot_cpp_examples:/opt/ros/jazzy/opt/gz_sim_vendor:/opt/ros/jazzy/opt/gz_sensors_vendor:/opt/ros/jazzy/opt/gz_physics_vendor:/opt/ros/jazzy/opt/sdformat_vendor:/opt/ros/jazzy/opt/gz_gui_vendor:/opt/ros/jazzy/opt/gz_transport_vendor:/opt/ros/jazzy/opt/gz_rendering_vendor:/opt/ros/jazzy/opt/gz_plugin_vendor:/opt/ros/jazzy/opt/gz_fuel_tools_vendor:/opt/ros/jazzy/opt/gz_msgs_vendor:/opt/ros/jazzy/opt/gz_common_vendor:/opt/ros/jazzy/opt/gz_math_vendor:/opt/ros/jazzy/opt/gz_utils_vendor:/opt/ros/jazzy/opt/gz_tools_vendor:/opt/ros/jazzy/opt/gz_ogre_next_vendor:/opt/ros/jazzy/opt/gz_dartsim_vendor:/opt/ros/jazzy/opt/gz_cmake_vendor:/home/saber/arduinobot_ws/install/arduinobot_py_examples:/opt/ros/jazzy DEBUGINFOD_URLS=https://debuginfod.ubuntu.com /usr/bin/cmake --build /home/saber/robox_ws/build/moveit_core -- -j16 -l16
[3.254s] Invoking command in '/home/saber/robox_ws/build/moveit_core': AMENT_PREFIX_PATH=/home/saber/robox_ws/install/moveit_common:${AMENT_PREFIX_PATH} CMAKE_PREFIX_PATH=/home/saber/robox_ws/install/moveit_common:/home/saber/arduinobot_ws/install/controller:/home/saber/arduinobot_ws/install/arm_description:/home/saber/arduinobot_ws/install/arduinobot_cpp_examples:/opt/ros/jazzy/opt/gz_sim_vendor:/opt/ros/jazzy/opt/gz_sensors_vendor:/opt/ros/jazzy/opt/gz_physics_vendor:/opt/ros/jazzy/opt/sdformat_vendor:/opt/ros/jazzy/opt/gz_gui_vendor:/opt/ros/jazzy/opt/gz_transport_vendor:/opt/ros/jazzy/opt/gz_rendering_vendor:/opt/ros/jazzy/opt/gz_plugin_vendor:/opt/ros/jazzy/opt/gz_fuel_tools_vendor:/opt/ros/jazzy/opt/gz_msgs_vendor:/opt/ros/jazzy/opt/gz_common_vendor:/opt/ros/jazzy/opt/gz_math_vendor:/opt/ros/jazzy/opt/gz_utils_vendor:/opt/ros/jazzy/opt/gz_tools_vendor:/opt/ros/jazzy/opt/gz_ogre_next_vendor:/opt/ros/jazzy/opt/gz_dartsim_vendor:/opt/ros/jazzy/opt/gz_cmake_vendor:/home/saber/arduinobot_ws/install/arduinobot_py_examples:/opt/ros/jazzy DEBUGINFOD_URLS=https://debuginfod.ubuntu.com /usr/bin/cmake --install /home/saber/robox_ws/build/moveit_core
[3.265s] -- Install configuration: "Release"
[3.266s] -- Execute custom install script
[3.267s] -- Up-to-date symlink: /home/saber/robox_ws/install/moveit_core/include/moveit_core/moveit/collision_detection_bullet/bullet_integration/basic_types.h
[3.268s] -- Up-to-date symlink: /home/saber/robox_ws/install/moveit_core/include/moveit_core/moveit/collision_detection_bullet/bullet_integration/basic_types.hpp
[3.268s] -- Up-to-date symlink: /home/saber/robox_ws/install/moveit_core/include/moveit_core/moveit/collision_detection_bullet/bullet_integration/bullet_bvh_manager.h
[3.268s] -- Up-to-date symlink: /home/saber/robox_ws/install/moveit_core/include/moveit_core/moveit/collision_detection_bullet/bullet_integration/bullet_bvh_manager.hpp
[3.268s] -- Up-to-date symlink: /home/saber/robox_ws/install/moveit_core/include/moveit_core/moveit/collision_detection_bullet/bullet_integration/bullet_cast_bvh_manager.h
[3.269s] -- Up-to-date symlink: /home/saber/robox_ws/install/moveit_core/include/moveit_core/moveit/collision_detection_bullet/bullet_integration/bullet_cast_bvh_manager.hpp
[3.269s] -- Up-to-date symlink: /home/saber/robox_ws/install/moveit_core/include/moveit_core/moveit/collision_detection_bullet/bullet_integration/bullet_discrete_bvh_manager.h
[3.269s] -- Up-to-date symlink: /home/saber/robox_ws/install/moveit_core/include/moveit_core/moveit/collision_detection_bullet/bullet_integration/bullet_discrete_bvh_manager.hpp
[3.269s] -- Up-to-date symlink: /home/saber/robox_ws/install/moveit_core/include/moveit_core/moveit/collision_detection_bullet/bullet_integration/bullet_utils.h
[3.270s] -- Up-to-date symlink: /home/saber/robox_ws/install/moveit_core/include/moveit_core/moveit/collision_detection_bullet/bullet_integration/bullet_utils.hpp
[3.270s] -- Up-to-date symlink: /home/saber/robox_ws/install/moveit_core/include/moveit_core/moveit/collision_detection_bullet/bullet_integration/contact_checker_common.h
[3.270s] -- Up-to-date symlink: /home/saber/robox_ws/install/moveit_core/include/moveit_core/moveit/collision_detection_bullet/bullet_integration/contact_checker_common.hpp
[3.270s] -- Up-to-date symlink: /home/saber/robox_ws/install/moveit_core/include/moveit_core/moveit/collision_detection_bullet/bullet_integration/ros_bullet_utils.h
[3.270s] -- Up-to-date symlink: /home/saber/robox_ws/install/moveit_core/include/moveit_core/moveit/collision_detection_bullet/bullet_integration/ros_bullet_utils.hpp
[3.270s] -- Up-to-date symlink: /home/saber/robox_ws/install/moveit_core/include/moveit_core/moveit/collision_detection_bullet/collision_detector_allocator_bullet.h
[3.271s] -- Up-to-date symlink: /home/saber/robox_ws/install/moveit_core/include/moveit_core/moveit/collision_detection_bullet/collision_detector_allocator_bullet.hpp
[3.271s] -- Up-to-date symlink: /home/saber/robox_ws/install/moveit_core/include/moveit_core/moveit/collision_detection_bullet/collision_detector_bullet_plugin_loader.h
[3.271s] -- Up-to-date symlink: /home/saber/robox_ws/install/moveit_core/include/moveit_core/moveit/collision_detection_bullet/collision_detector_bullet_plugin_loader.hpp
[3.271s] -- Up-to-date symlink: /home/saber/robox_ws/install/moveit_core/include/moveit_core/moveit/collision_detection_bullet/collision_env_bullet.h
[3.271s] -- Up-to-date symlink: /home/saber/robox_ws/install/moveit_core/include/moveit_core/moveit/collision_detection_bullet/collision_env_bullet.hpp
[3.272s] -- Up-to-date symlink: /home/saber/robox_ws/install/moveit_core/include/moveit_core/moveit_collision_detection_bullet_export.h
[3.272s] -- Up-to-date symlink: /home/saber/robox_ws/install/moveit_core/include/moveit_core/moveit/collision_detection_fcl/collision_common.h
[3.272s] -- Up-to-date symlink: /home/saber/robox_ws/install/moveit_core/include/moveit_core/moveit/collision_detection_fcl/collision_common.hpp
[3.273s] -- Up-to-date symlink: /home/saber/robox_ws/install/moveit_core/include/moveit_core/moveit/collision_detection_fcl/collision_detector_allocator_fcl.h
[3.273s] -- Up-to-date symlink: /home/saber/robox_ws/install/moveit_core/include/moveit_core/moveit/collision_detection_fcl/collision_detector_allocator_fcl.hpp
[3.273s] -- Up-to-date symlink: /home/saber/robox_ws/install/moveit_core/include/moveit_core/moveit/collision_detection_fcl/collision_detector_fcl_plugin_loader.h
[3.273s] -- Up-to-date symlink: /home/saber/robox_ws/install/moveit_core/include/moveit_core/moveit/collision_detection_fcl/collision_detector_fcl_plugin_loader.hpp
[3.273s] -- Up-to-date symlink: /home/saber/robox_ws/install/moveit_core/include/moveit_core/moveit/collision_detection_fcl/collision_env_fcl.h
[3.274s] -- Up-to-date symlink: /home/saber/robox_ws/install/moveit_core/include/moveit_core/moveit/collision_detection_fcl/collision_env_fcl.hpp
[3.274s] -- Up-to-date symlink: /home/saber/robox_ws/install/moveit_core/include/moveit_core/moveit/collision_detection_fcl/fcl_compat.h
[3.274s] -- Up-to-date symlink: /home/saber/robox_ws/install/moveit_core/include/moveit_core/moveit/collision_detection_fcl/fcl_compat.hpp
[3.274s] -- Up-to-date symlink: /home/saber/robox_ws/install/moveit_core/include/moveit_core/moveit_collision_detection_fcl_export.h
[3.275s] -- Up-to-date symlink: /home/saber/robox_ws/install/moveit_core/include/moveit_core/moveit/collision_detection/allvalid/collision_detector_allocator_allvalid.h
[3.276s] -- Up-to-date symlink: /home/saber/robox_ws/install/moveit_core/include/moveit_core/moveit/collision_detection/allvalid/collision_detector_allocator_allvalid.hpp
[3.276s] -- Up-to-date symlink: /home/saber/robox_ws/install/moveit_core/include/moveit_core/moveit/collision_detection/allvalid/collision_env_allvalid.h
[3.276s] -- Up-to-date symlink: /home/saber/robox_ws/install/moveit_core/include/moveit_core/moveit/collision_detection/allvalid/collision_env_allvalid.hpp
[3.276s] -- Up-to-date symlink: /home/saber/robox_ws/install/moveit_core/include/moveit_core/moveit/collision_detection/collision_common.h
[3.276s] -- Up-to-date symlink: /home/saber/robox_ws/install/moveit_core/include/moveit_core/moveit/collision_detection/collision_common.hpp
[3.277s] -- Up-to-date symlink: /home/saber/robox_ws/install/moveit_core/include/moveit_core/moveit/collision_detection/collision_detector_allocator.h
[3.277s] -- Up-to-date symlink: /home/saber/robox_ws/install/moveit_core/include/moveit_core/moveit/collision_detection/collision_detector_allocator.hpp
[3.277s] -- Up-to-date symlink: /home/saber/robox_ws/install/moveit_core/include/moveit_core/moveit/collision_detection/collision_env.h
[3.277s] -- Up-to-date symlink: /home/saber/robox_ws/install/moveit_core/include/moveit_core/moveit/collision_detection/collision_env.hpp
[3.277s] -- Up-to-date symlink: /home/saber/robox_ws/install/moveit_core/include/moveit_core/moveit/collision_detection/collision_matrix.h
[3.278s] -- Up-to-date symlink: /home/saber/robox_ws/install/moveit_core/include/moveit_core/moveit/collision_detection/collision_matrix.hpp
[3.278s] -- Up-to-date symlink: /home/saber/robox_ws/install/moveit_core/include/moveit_core/moveit/collision_detection/collision_octomap_filter.h
[3.278s] -- Up-to-date symlink: /home/saber/robox_ws/install/moveit_core/include/moveit_core/moveit/collision_detection/collision_octomap_filter.hpp
[3.278s] -- Up-to-date symlink: /home/saber/robox_ws/install/moveit_core/include/moveit_core/moveit/collision_detection/collision_plugin.h
[3.279s] -- Up-to-date symlink: /home/saber/robox_ws/install/moveit_core/include/moveit_core/moveit/collision_detection/collision_plugin.hpp
[3.279s] -- Up-to-date symlink: /home/saber/robox_ws/install/moveit_core/include/moveit_core/moveit/collision_detection/collision_plugin_cache.h
[3.279s] -- Up-to-date symlink: /home/saber/robox_ws/install/moveit_core/include/moveit_core/moveit/collision_detection/collision_plugin_cache.hpp
[3.279s] -- Up-to-date symlink: /home/saber/robox_ws/install/moveit_core/include/moveit_core/moveit/collision_detection/collision_tools.h
[3.279s] -- Up-to-date symlink: /home/saber/robox_ws/install/moveit_core/include/moveit_core/moveit/collision_detection/collision_tools.hpp
[3.279s] -- Up-to-date symlink: /home/saber/robox_ws/install/moveit_core/include/moveit_core/moveit/collision_detection/occupancy_map.h
[3.280s] -- Up-to-date symlink: /home/saber/robox_ws/install/moveit_core/include/moveit_core/moveit/collision_detection/occupancy_map.hpp
[3.280s] -- Up-to-date symlink: /home/saber/robox_ws/install/moveit_core/include/moveit_core/moveit/collision_detection/test_collision_common_panda.h
[3.280s] -- Up-to-date symlink: /home/saber/robox_ws/install/moveit_core/include/moveit_core/moveit/collision_detection/test_collision_common_panda.hpp
[3.280s] -- Up-to-date symlink: /home/saber/robox_ws/install/moveit_core/include/moveit_core/moveit/collision_detection/test_collision_common_pr2.h
[3.280s] -- Up-to-date symlink: /home/saber/robox_ws/install/moveit_core/include/moveit_core/moveit/collision_detection/test_collision_common_pr2.hpp
[3.281s] -- Up-to-date symlink: /home/saber/robox_ws/install/moveit_core/include/moveit_core/moveit/collision_detection/world.h
[3.281s] -- Up-to-date symlink: /home/saber/robox_ws/install/moveit_core/include/moveit_core/moveit/collision_detection/world.hpp
[3.281s] -- Up-to-date symlink: /home/saber/robox_ws/install/moveit_core/include/moveit_core/moveit/collision_detection/world_diff.h
[3.281s] -- Up-to-date symlink: /home/saber/robox_ws/install/moveit_core/include/moveit_core/moveit/collision_detection/world_diff.hpp
[3.281s] -- Up-to-date symlink: /home/saber/robox_ws/install/moveit_core/include/moveit_core/moveit_collision_detection_export.h
[3.282s] -- Up-to-date symlink: /home/saber/robox_ws/install/moveit_core/include/moveit_core/moveit/collision_distance_field/collision_common_distance_field.h
[3.282s] -- Up-to-date symlink: /home/saber/robox_ws/install/moveit_core/include/moveit_core/moveit/collision_distance_field/collision_common_distance_field.hpp
[3.282s] -- Up-to-date symlink: /home/saber/robox_ws/install/moveit_core/include/moveit_core/moveit/collision_distance_field/collision_detector_allocator_distance_field.h
[3.282s] -- Up-to-date symlink: /home/saber/robox_ws/install/moveit_core/include/moveit_core/moveit/collision_distance_field/collision_detector_allocator_distance_field.hpp
[3.283s] -- Up-to-date symlink: /home/saber/robox_ws/install/moveit_core/include/moveit_core/moveit/collision_distance_field/collision_detector_allocator_hybrid.h
[3.283s] -- Up-to-date symlink: /home/saber/robox_ws/install/moveit_core/include/moveit_core/moveit/collision_distance_field/collision_detector_allocator_hybrid.hpp
[3.283s] -- Up-to-date symlink: /home/saber/robox_ws/install/moveit_core/include/moveit_core/moveit/collision_distance_field/collision_distance_field_types.h
[3.283s] -- Up-to-date symlink: /home/saber/robox_ws/install/moveit_core/include/moveit_core/moveit/collision_distance_field/collision_distance_field_types.hpp
[3.283s] -- Up-to-date symlink: /home/saber/robox_ws/install/moveit_core/include/moveit_core/moveit/collision_distance_field/collision_env_distance_field.h
[3.284s] -- Up-to-date symlink: /home/saber/robox_ws/install/moveit_core/include/moveit_core/moveit/collision_distance_field/collision_env_distance_field.hpp
[3.284s] -- Up-to-date symlink: /home/saber/robox_ws/install/moveit_core/include/moveit_core/moveit/collision_distance_field/collision_env_hybrid.h
[3.284s] -- Up-to-date symlink: /home/saber/robox_ws/install/moveit_core/include/moveit_core/moveit/collision_distance_field/collision_env_hybrid.hpp
[3.284s] -- Up-to-date symlink: /home/saber/robox_ws/install/moveit_core/include/moveit_core/moveit_collision_distance_field_export.h
[3.285s] -- Up-to-date symlink: /home/saber/robox_ws/install/moveit_core/include/moveit_core/moveit/constraint_samplers/constraint_sampler.h
[3.285s] -- Up-to-date symlink: /home/saber/robox_ws/install/moveit_core/include/moveit_core/moveit/constraint_samplers/constraint_sampler.hpp
[3.285s] -- Up-to-date symlink: /home/saber/robox_ws/install/moveit_core/include/moveit_core/moveit/constraint_samplers/constraint_sampler_allocator.h
[3.285s] -- Up-to-date symlink: /home/saber/robox_ws/install/moveit_core/include/moveit_core/moveit/constraint_samplers/constraint_sampler_allocator.hpp
[3.286s] -- Up-to-date symlink: /home/saber/robox_ws/install/moveit_core/include/moveit_core/moveit/constraint_samplers/constraint_sampler_manager.h
[3.286s] -- Up-to-date symlink: /home/saber/robox_ws/install/moveit_core/include/moveit_core/moveit/constraint_samplers/constraint_sampler_manager.hpp
[3.286s] -- Up-to-date symlink: /home/saber/robox_ws/install/moveit_core/include/moveit_core/moveit/constraint_samplers/constraint_sampler_tools.h
[3.286s] -- Up-to-date symlink: /home/saber/robox_ws/install/moveit_core/include/moveit_core/moveit/constraint_samplers/constraint_sampler_tools.hpp
[3.286s] -- Up-to-date symlink: /home/saber/robox_ws/install/moveit_core/include/moveit_core/moveit/constraint_samplers/default_constraint_samplers.h
[3.287s] -- Up-to-date symlink: /home/saber/robox_ws/install/moveit_core/include/moveit_core/moveit/constraint_samplers/default_constraint_samplers.hpp
[3.287s] -- Up-to-date symlink: /home/saber/robox_ws/install/moveit_core/include/moveit_core/moveit/constraint_samplers/union_constraint_sampler.h
[3.287s] -- Up-to-date symlink: /home/saber/robox_ws/install/moveit_core/include/moveit_core/moveit/constraint_samplers/union_constraint_sampler.hpp
[3.288s] -- Up-to-date symlink: /home/saber/robox_ws/install/moveit_core/include/moveit_core/moveit/controller_manager/controller_manager.h
[3.288s] -- Up-to-date symlink: /home/saber/robox_ws/install/moveit_core/include/moveit_core/moveit/controller_manager/controller_manager.hpp
[3.288s] -- Up-to-date symlink: /home/saber/robox_ws/install/moveit_core/include/moveit_core/moveit/distance_field/distance_field.h
[3.288s] -- Up-to-date symlink: /home/saber/robox_ws/install/moveit_core/include/moveit_core/moveit/distance_field/distance_field.hpp
[3.289s] -- Up-to-date symlink: /home/saber/robox_ws/install/moveit_core/include/moveit_core/moveit/distance_field/find_internal_points.h
[3.289s] -- Up-to-date symlink: /home/saber/robox_ws/install/moveit_core/include/moveit_core/moveit/distance_field/find_internal_points.hpp
[3.289s] -- Up-to-date symlink: /home/saber/robox_ws/install/moveit_core/include/moveit_core/moveit/distance_field/propagation_distance_field.h
[3.289s] -- Up-to-date symlink: /home/saber/robox_ws/install/moveit_core/include/moveit_core/moveit/distance_field/propagation_distance_field.hpp
[3.290s] -- Up-to-date symlink: /home/saber/robox_ws/install/moveit_core/include/moveit_core/moveit/distance_field/voxel_grid.h
[3.290s] -- Up-to-date symlink: /home/saber/robox_ws/install/moveit_core/include/moveit_core/moveit/distance_field/voxel_grid.hpp
[3.290s] -- Up-to-date symlink: /home/saber/robox_ws/install/moveit_core/include/moveit_core/moveit/dynamics_solver/dynamics_solver.h
[3.290s] -- Up-to-date symlink: /home/saber/robox_ws/install/moveit_core/include/moveit_core/moveit/dynamics_solver/dynamics_solver.hpp
[3.291s] -- Up-to-date symlink: /home/saber/robox_ws/install/moveit_core/include/moveit_core/moveit/exceptions/exceptions.h
[3.291s] -- Up-to-date symlink: /home/saber/robox_ws/install/moveit_core/include/moveit_core/moveit/exceptions/exceptions.hpp
[3.292s] -- Up-to-date symlink: /home/saber/robox_ws/install/moveit_core/include/moveit_core/moveit/kinematic_constraints/kinematic_constraint.h
[3.292s] -- Up-to-date symlink: /home/saber/robox_ws/install/moveit_core/include/moveit_core/moveit/kinematic_constraints/kinematic_constraint.hpp
[3.292s] -- Up-to-date symlink: /home/saber/robox_ws/install/moveit_core/include/moveit_core/moveit/kinematic_constraints/utils.h
[3.293s] -- Up-to-date symlink: /home/saber/robox_ws/install/moveit_core/include/moveit_core/moveit/kinematic_constraints/utils.hpp
[3.293s] -- Up-to-date symlink: /home/saber/robox_ws/install/moveit_core/include/moveit_core/moveit/kinematics_base/kinematics_base.h
[3.293s] -- Up-to-date symlink: /home/saber/robox_ws/install/moveit_core/include/moveit_core/moveit/kinematics_base/kinematics_base.hpp
[3.294s] -- Up-to-date symlink: /home/saber/robox_ws/install/moveit_core/include/moveit_core/moveit_kinematics_base_export.h
[3.294s] -- Up-to-date symlink: /home/saber/robox_ws/install/moveit_core/include/moveit_core/moveit/kinematics_metrics/kinematics_metrics.h
[3.294s] -- Up-to-date symlink: /home/saber/robox_ws/install/moveit_core/include/moveit_core/moveit/kinematics_metrics/kinematics_metrics.hpp
[3.295s] -- Up-to-date symlink: /home/saber/robox_ws/install/moveit_core/include/moveit_core/moveit/macros/class_forward.h
[3.295s] -- Up-to-date symlink: /home/saber/robox_ws/install/moveit_core/include/moveit_core/moveit/macros/class_forward.hpp
[3.295s] -- Up-to-date symlink: /home/saber/robox_ws/install/moveit_core/include/moveit_core/moveit/macros/console_colors.h
[3.295s] -- Up-to-date symlink: /home/saber/robox_ws/install/moveit_core/include/moveit_core/moveit/macros/console_colors.hpp
[3.295s] -- Up-to-date symlink: /home/saber/robox_ws/install/moveit_core/include/moveit_core/moveit/macros/declare_ptr.h
[3.296s] -- Up-to-date symlink: /home/saber/robox_ws/install/moveit_core/include/moveit_core/moveit/macros/declare_ptr.hpp
[3.296s] -- Up-to-date symlink: /home/saber/robox_ws/install/moveit_core/include/moveit_core/moveit_acceleration_filter_parameters.hpp
[3.296s] -- Up-to-date symlink: /home/saber/robox_ws/install/moveit_core/include/moveit_core/moveit_butterworth_filter_parameters.hpp
[3.296s] -- Up-to-date symlink: /home/saber/robox_ws/install/moveit_core/include/moveit_core/moveit_ruckig_filter_parameters.hpp
[3.296s] -- Up-to-date symlink: /home/saber/robox_ws/install/moveit_core/include/moveit_core/moveit_acceleration_filter_parameters.hpp
[3.296s] -- Up-to-date symlink: /home/saber/robox_ws/install/moveit_core/include/moveit_core/moveit_butterworth_filter_parameters.hpp
[3.297s] -- Up-to-date symlink: /home/saber/robox_ws/install/moveit_core/include/moveit_core/moveit_ruckig_filter_parameters.hpp
[3.297s] -- Up-to-date symlink: /home/saber/robox_ws/install/moveit_core/include/moveit_core/moveit_acceleration_filter_parameters.hpp
[3.297s] -- Up-to-date symlink: /home/saber/robox_ws/install/moveit_core/include/moveit_core/moveit_butterworth_filter_parameters.hpp
[3.297s] -- Up-to-date symlink: /home/saber/robox_ws/install/moveit_core/include/moveit_core/moveit_ruckig_filter_parameters.hpp
[3.297s] -- Up-to-date symlink: /home/saber/robox_ws/install/moveit_core/include/moveit_core/moveit/online_signal_smoothing/acceleration_filter.h
[3.298s] -- Up-to-date symlink: /home/saber/robox_ws/install/moveit_core/include/moveit_core/moveit/online_signal_smoothing/acceleration_filter.hpp
[3.298s] -- Up-to-date symlink: /home/saber/robox_ws/install/moveit_core/include/moveit_core/moveit/online_signal_smoothing/butterworth_filter.h
[3.298s] -- Up-to-date symlink: /home/saber/robox_ws/install/moveit_core/include/moveit_core/moveit/online_signal_smoothing/butterworth_filter.hpp
[3.298s] -- Up-to-date symlink: /home/saber/robox_ws/install/moveit_core/include/moveit_core/moveit/online_signal_smoothing/ruckig_filter.h
[3.298s] -- Up-to-date symlink: /home/saber/robox_ws/install/moveit_core/include/moveit_core/moveit/online_signal_smoothing/ruckig_filter.hpp
[3.299s] -- Up-to-date symlink: /home/saber/robox_ws/install/moveit_core/include/moveit_core/moveit/online_signal_smoothing/smoothing_base_class.h
[3.299s] -- Up-to-date symlink: /home/saber/robox_ws/install/moveit_core/include/moveit_core/moveit/online_signal_smoothing/smoothing_base_class.hpp
[3.299s] -- Up-to-date symlink: /home/saber/robox_ws/install/moveit_core/include/moveit_core/moveit_smoothing_base_export.h
[3.299s] -- Up-to-date symlink: /home/saber/robox_ws/install/moveit_core/include/moveit_core/moveit_acceleration_filter_export.h
[3.299s] -- Up-to-date symlink: /home/saber/robox_ws/install/moveit_core/include/moveit_core/moveit_butterworth_filter_export.h
[3.300s] -- Up-to-date symlink: /home/saber/robox_ws/install/moveit_core/include/moveit_core/moveit_ruckig_filter_export.h
[3.300s] -- Up-to-date symlink: /home/saber/robox_ws/install/moveit_core/include/moveit_core/moveit/planning_interface/planning_interface.h
[3.300s] -- Up-to-date symlink: /home/saber/robox_ws/install/moveit_core/include/moveit_core/moveit/planning_interface/planning_interface.hpp
[3.301s] -- Up-to-date symlink: /home/saber/robox_ws/install/moveit_core/include/moveit_core/moveit/planning_interface/planning_request.h
[3.301s] -- Up-to-date symlink: /home/saber/robox_ws/install/moveit_core/include/moveit_core/moveit/planning_interface/planning_request.hpp
[3.301s] -- Up-to-date symlink: /home/saber/robox_ws/install/moveit_core/include/moveit_core/moveit/planning_interface/planning_request_adapter.h
[3.301s] -- Up-to-date symlink: /home/saber/robox_ws/install/moveit_core/include/moveit_core/moveit/planning_interface/planning_request_adapter.hpp
[3.301s] -- Up-to-date symlink: /home/saber/robox_ws/install/moveit_core/include/moveit_core/moveit/planning_interface/planning_response.h
[3.301s] -- Up-to-date symlink: /home/saber/robox_ws/install/moveit_core/include/moveit_core/moveit/planning_interface/planning_response.hpp
[3.302s] -- Up-to-date symlink: /home/saber/robox_ws/install/moveit_core/include/moveit_core/moveit/planning_interface/planning_response_adapter.h
[3.302s] -- Up-to-date symlink: /home/saber/robox_ws/install/moveit_core/include/moveit_core/moveit/planning_interface/planning_response_adapter.hpp
[3.302s] -- Up-to-date symlink: /home/saber/robox_ws/install/moveit_core/include/moveit_core/moveit/planning_scene/planning_scene.h
[3.303s] -- Up-to-date symlink: /home/saber/robox_ws/install/moveit_core/include/moveit_core/moveit/planning_scene/planning_scene.hpp
[3.303s] -- Up-to-date symlink: /home/saber/robox_ws/install/moveit_core/include/moveit_core/moveit_planning_scene_export.h
[3.304s] -- Up-to-date symlink: /home/saber/robox_ws/install/moveit_core/include/moveit_core/moveit/robot_model/aabb.h
[3.304s] -- Up-to-date symlink: /home/saber/robox_ws/install/moveit_core/include/moveit_core/moveit/robot_model/aabb.hpp
[3.304s] -- Up-to-date symlink: /home/saber/robox_ws/install/moveit_core/include/moveit_core/moveit/robot_model/fixed_joint_model.h
[3.304s] -- Up-to-date symlink: /home/saber/robox_ws/install/moveit_core/include/moveit_core/moveit/robot_model/fixed_joint_model.hpp
[3.304s] -- Up-to-date symlink: /home/saber/robox_ws/install/moveit_core/include/moveit_core/moveit/robot_model/floating_joint_model.h
[3.304s] -- Up-to-date symlink: /home/saber/robox_ws/install/moveit_core/include/moveit_core/moveit/robot_model/floating_joint_model.hpp
[3.305s] -- Up-to-date symlink: /home/saber/robox_ws/install/moveit_core/include/moveit_core/moveit/robot_model/joint_model.h
[3.305s] -- Up-to-date symlink: /home/saber/robox_ws/install/moveit_core/include/moveit_core/moveit/robot_model/joint_model.hpp
[3.305s] -- Up-to-date symlink: /home/saber/robox_ws/install/moveit_core/include/moveit_core/moveit/robot_model/joint_model_group.h
[3.305s] -- Up-to-date symlink: /home/saber/robox_ws/install/moveit_core/include/moveit_core/moveit/robot_model/joint_model_group.hpp
[3.305s] -- Up-to-date symlink: /home/saber/robox_ws/install/moveit_core/include/moveit_core/moveit/robot_model/link_model.h
[3.305s] -- Up-to-date symlink: /home/saber/robox_ws/install/moveit_core/include/moveit_core/moveit/robot_model/link_model.hpp
[3.306s] -- Up-to-date symlink: /home/saber/robox_ws/install/moveit_core/include/moveit_core/moveit/robot_model/planar_joint_model.h
[3.306s] -- Up-to-date symlink: /home/saber/robox_ws/install/moveit_core/include/moveit_core/moveit/robot_model/planar_joint_model.hpp
[3.306s] -- Up-to-date symlink: /home/saber/robox_ws/install/moveit_core/include/moveit_core/moveit/robot_model/prismatic_joint_model.h
[3.306s] -- Up-to-date symlink: /home/saber/robox_ws/install/moveit_core/include/moveit_core/moveit/robot_model/prismatic_joint_model.hpp
[3.306s] -- Up-to-date symlink: /home/saber/robox_ws/install/moveit_core/include/moveit_core/moveit/robot_model/revolute_joint_model.h
[3.307s] -- Up-to-date symlink: /home/saber/robox_ws/install/moveit_core/include/moveit_core/moveit/robot_model/revolute_joint_model.hpp
[3.307s] -- Up-to-date symlink: /home/saber/robox_ws/install/moveit_core/include/moveit_core/moveit/robot_model/robot_model.h
[3.307s] -- Up-to-date symlink: /home/saber/robox_ws/install/moveit_core/include/moveit_core/moveit/robot_model/robot_model.hpp
[3.307s] -- Up-to-date symlink: /home/saber/robox_ws/install/moveit_core/include/moveit_core/moveit/robot_state/attached_body.h
[3.308s] -- Up-to-date symlink: /home/saber/robox_ws/install/moveit_core/include/moveit_core/moveit/robot_state/attached_body.hpp
[3.308s] -- Up-to-date symlink: /home/saber/robox_ws/install/moveit_core/include/moveit_core/moveit/robot_state/cartesian_interpolator.h
[3.308s] -- Up-to-date symlink: /home/saber/robox_ws/install/moveit_core/include/moveit_core/moveit/robot_state/cartesian_interpolator.hpp
[3.308s] -- Up-to-date symlink: /home/saber/robox_ws/install/moveit_core/include/moveit_core/moveit/robot_state/conversions.h
[3.308s] -- Up-to-date symlink: /home/saber/robox_ws/install/moveit_core/include/moveit_core/moveit/robot_state/conversions.hpp
[3.309s] -- Up-to-date symlink: /home/saber/robox_ws/install/moveit_core/include/moveit_core/moveit/robot_state/robot_state.h
[3.309s] -- Up-to-date symlink: /home/saber/robox_ws/install/moveit_core/include/moveit_core/moveit/robot_state/robot_state.hpp
[3.309s] -- Up-to-date symlink: /home/saber/robox_ws/install/moveit_core/include/moveit_core/moveit/robot_trajectory/robot_trajectory.h
[3.310s] -- Up-to-date symlink: /home/saber/robox_ws/install/moveit_core/include/moveit_core/moveit/robot_trajectory/robot_trajectory.hpp
[3.310s] -- Up-to-date symlink: /home/saber/robox_ws/install/moveit_core/include/moveit_core/moveit/trajectory_processing/ruckig_traj_smoothing.h
[3.310s] -- Up-to-date symlink: /home/saber/robox_ws/install/moveit_core/include/moveit_core/moveit/trajectory_processing/ruckig_traj_smoothing.hpp
[3.310s] -- Up-to-date symlink: /home/saber/robox_ws/install/moveit_core/include/moveit_core/moveit/trajectory_processing/time_optimal_trajectory_generation.h
[3.311s] -- Up-to-date symlink: /home/saber/robox_ws/install/moveit_core/include/moveit_core/moveit/trajectory_processing/time_optimal_trajectory_generation.hpp
[3.311s] -- Up-to-date symlink: /home/saber/robox_ws/install/moveit_core/include/moveit_core/moveit/trajectory_processing/time_parameterization.h
[3.311s] -- Up-to-date symlink: /home/saber/robox_ws/install/moveit_core/include/moveit_core/moveit/trajectory_processing/time_parameterization.hpp
[3.311s] -- Up-to-date symlink: /home/saber/robox_ws/install/moveit_core/include/moveit_core/moveit/trajectory_processing/trajectory_tools.h
[3.311s] -- Up-to-date symlink: /home/saber/robox_ws/install/moveit_core/include/moveit_core/moveit/trajectory_processing/trajectory_tools.hpp
[3.312s] -- Up-to-date symlink: /home/saber/robox_ws/install/moveit_core/include/moveit_core/moveit/transforms/transforms.h
[3.312s] -- Up-to-date symlink: /home/saber/robox_ws/install/moveit_core/include/moveit_core/moveit/transforms/transforms.hpp
[3.313s] -- Up-to-date symlink: /home/saber/robox_ws/install/moveit_core/include/moveit_core/moveit/utils/eigen_test_utils.h
[3.313s] -- Up-to-date symlink: /home/saber/robox_ws/install/moveit_core/include/moveit_core/moveit/utils/eigen_test_utils.hpp
[3.313s] -- Up-to-date symlink: /home/saber/robox_ws/install/moveit_core/include/moveit_core/moveit/utils/lexical_casts.h
[3.313s] -- Up-to-date symlink: /home/saber/robox_ws/install/moveit_core/include/moveit_core/moveit/utils/lexical_casts.hpp
[3.314s] -- Up-to-date symlink: /home/saber/robox_ws/install/moveit_core/include/moveit_core/moveit/utils/logger.h
[3.314s] -- Up-to-date symlink: /home/saber/robox_ws/install/moveit_core/include/moveit_core/moveit/utils/logger.hpp
[3.314s] -- Up-to-date symlink: /home/saber/robox_ws/install/moveit_core/include/moveit_core/moveit/utils/message_checks.h
[3.314s] -- Up-to-date symlink: /home/saber/robox_ws/install/moveit_core/include/moveit_core/moveit/utils/message_checks.hpp
[3.314s] -- Up-to-date symlink: /home/saber/robox_ws/install/moveit_core/include/moveit_core/moveit/utils/moveit_error_code.h
[3.314s] -- Up-to-date symlink: /home/saber/robox_ws/install/moveit_core/include/moveit_core/moveit/utils/moveit_error_code.hpp
[3.315s] -- Up-to-date symlink: /home/saber/robox_ws/install/moveit_core/include/moveit_core/moveit/utils/rclcpp_utils.h
[3.315s] -- Up-to-date symlink: /home/saber/robox_ws/install/moveit_core/include/moveit_core/moveit/utils/rclcpp_utils.hpp
[3.315s] -- Up-to-date symlink: /home/saber/robox_ws/install/moveit_core/include/moveit_core/moveit/utils/robot_model_test_utils.h
[3.315s] -- Up-to-date symlink: /home/saber/robox_ws/install/moveit_core/include/moveit_core/moveit/utils/robot_model_test_utils.hpp
[3.315s] -- Up-to-date symlink: /home/saber/robox_ws/install/moveit_core/lib/moveit_core/logger_dut
[3.316s] -- Up-to-date symlink: /home/saber/robox_ws/install/moveit_core/include/moveit_core/moveit/version.hpp
[3.316s] -- Up-to-date symlink: /home/saber/robox_ws/install/moveit_core/bin/moveit_version
[3.316s] -- Up-to-date symlink: /home/saber/robox_ws/install/moveit_core/share/moveit_core/environment/library_path.sh
[3.317s] -- Up-to-date symlink: /home/saber/robox_ws/install/moveit_core/share/moveit_core/environment/library_path.dsv
[3.317s] -- Up-to-date symlink: /home/saber/robox_ws/install/moveit_core/share/moveit_core//collision_detector_fcl_description.xml
[3.317s] -- Up-to-date symlink: /home/saber/robox_ws/install/moveit_core/share/moveit_core//collision_detector_bullet_description.xml
[3.317s] -- Up-to-date symlink: /home/saber/robox_ws/install/moveit_core/share/moveit_core//filter_plugin_acceleration.xml
[3.318s] -- Up-to-date symlink: /home/saber/robox_ws/install/moveit_core/share/moveit_core//filter_plugin_butterworth.xml
[3.318s] -- Up-to-date symlink: /home/saber/robox_ws/install/moveit_core/share/moveit_core//filter_plugin_ruckig.xml
[3.318s] -- Up-to-date symlink: /home/saber/robox_ws/install/moveit_core/share/ament_index/resource_index/package_run_dependencies/moveit_core
[3.318s] -- Up-to-date symlink: /home/saber/robox_ws/install/moveit_core/share/ament_index/resource_index/parent_prefix_path/moveit_core
[3.319s] -- Up-to-date symlink: /home/saber/robox_ws/install/moveit_core/share/moveit_core/environment/ament_prefix_path.sh
[3.319s] -- Up-to-date symlink: /home/saber/robox_ws/install/moveit_core/share/moveit_core/environment/ament_prefix_path.dsv
[3.319s] -- Up-to-date symlink: /home/saber/robox_ws/install/moveit_core/share/moveit_core/environment/path.sh
[3.319s] -- Up-to-date symlink: /home/saber/robox_ws/install/moveit_core/share/moveit_core/environment/path.dsv
[3.319s] -- Up-to-date symlink: /home/saber/robox_ws/install/moveit_core/share/moveit_core/local_setup.bash
[3.320s] -- Up-to-date symlink: /home/saber/robox_ws/install/moveit_core/share/moveit_core/local_setup.sh
[3.320s] -- Up-to-date symlink: /home/saber/robox_ws/install/moveit_core/share/moveit_core/local_setup.zsh
[3.320s] -- Up-to-date symlink: /home/saber/robox_ws/install/moveit_core/share/moveit_core/local_setup.dsv
[3.320s] -- Symlinking: /home/saber/robox_ws/install/moveit_core/share/moveit_core/package.dsv
[3.333s] -- Up-to-date symlink: /home/saber/robox_ws/install/moveit_core/share/ament_index/resource_index/packages/moveit_core
[3.334s] -- Up-to-date symlink: /home/saber/robox_ws/install/moveit_core/share/ament_index/resource_index/moveit_core__pluginlib__plugin/moveit_core
[3.334s] -- Up-to-date symlink: /home/saber/robox_ws/install/moveit_core/share/moveit_core/cmake/ConfigExtras.cmake
[3.334s] -- Up-to-date symlink: /home/saber/robox_ws/install/moveit_core/share/moveit_core/cmake/ament_cmake_export_targets-extras.cmake
[3.335s] -- Up-to-date symlink: /home/saber/robox_ws/install/moveit_core/share/moveit_core/cmake/ament_cmake_export_dependencies-extras.cmake
[3.335s] -- Up-to-date symlink: /home/saber/robox_ws/install/moveit_core/share/moveit_core/cmake/moveit_coreConfig.cmake
[3.335s] -- Up-to-date symlink: /home/saber/robox_ws/install/moveit_core/share/moveit_core/cmake/moveit_coreConfig-version.cmake
[3.335s] -- Up-to-date symlink: /home/saber/robox_ws/install/moveit_core/share/moveit_core/package.xml
[3.338s] -- Up-to-date: /home/saber/robox_ws/install/moveit_core/lib/libmoveit_collision_detection.so.2.12.3
[3.338s] -- Up-to-date: /home/saber/robox_ws/install/moveit_core/lib/libmoveit_collision_detection.so
[3.339s] -- Up-to-date: /home/saber/robox_ws/install/moveit_core/lib/libmoveit_collision_detection_bullet.so.2.12.3
[3.339s] -- Up-to-date: /home/saber/robox_ws/install/moveit_core/lib/libmoveit_collision_detection_bullet.so
[3.340s] -- Up-to-date: /home/saber/robox_ws/install/moveit_core/lib/libmoveit_collision_detection_fcl.so.2.12.3
[3.340s] -- Up-to-date: /home/saber/robox_ws/install/moveit_core/lib/libmoveit_collision_detection_fcl.so
[3.341s] -- Up-to-date: /home/saber/robox_ws/install/moveit_core/lib/libmoveit_collision_distance_field.so.2.12.3
[3.341s] -- Up-to-date: /home/saber/robox_ws/install/moveit_core/lib/libmoveit_collision_distance_field.so
[3.342s] -- Up-to-date: /home/saber/robox_ws/install/moveit_core/lib/libmoveit_constraint_samplers.so.2.12.3
[3.342s] -- Up-to-date: /home/saber/robox_ws/install/moveit_core/lib/libmoveit_constraint_samplers.so
[3.342s] -- Up-to-date: /home/saber/robox_ws/install/moveit_core/lib/libmoveit_distance_field.so.2.12.3
[3.342s] -- Up-to-date: /home/saber/robox_ws/install/moveit_core/lib/libmoveit_distance_field.so
[3.343s] -- Up-to-date: /home/saber/robox_ws/install/moveit_core/lib/libmoveit_dynamics_solver.so.2.12.3
[3.343s] -- Up-to-date: /home/saber/robox_ws/install/moveit_core/lib/libmoveit_dynamics_solver.so
[3.343s] -- Up-to-date: /home/saber/robox_ws/install/moveit_core/lib/libmoveit_exceptions.so.2.12.3
[3.344s] -- Up-to-date: /home/saber/robox_ws/install/moveit_core/lib/libmoveit_exceptions.so
[3.344s] -- Up-to-date: /home/saber/robox_ws/install/moveit_core/lib/libmoveit_kinematic_constraints.so.2.12.3
[3.344s] -- Up-to-date: /home/saber/robox_ws/install/moveit_core/lib/libmoveit_kinematic_constraints.so
[3.345s] -- Up-to-date: /home/saber/robox_ws/install/moveit_core/lib/libmoveit_kinematics_base.so
[3.346s] -- Up-to-date: /home/saber/robox_ws/install/moveit_core/lib/libmoveit_kinematics_metrics.so.2.12.3
[3.346s] -- Up-to-date: /home/saber/robox_ws/install/moveit_core/lib/libmoveit_kinematics_metrics.so
[3.346s] -- Up-to-date: /home/saber/robox_ws/install/moveit_core/lib/libmoveit_planning_interface.so.2.12.3
[3.347s] -- Up-to-date: /home/saber/robox_ws/install/moveit_core/lib/libmoveit_planning_interface.so
[3.347s] -- Up-to-date: /home/saber/robox_ws/install/moveit_core/lib/libmoveit_planning_scene.so.2.12.3
[3.347s] -- Up-to-date: /home/saber/robox_ws/install/moveit_core/lib/libmoveit_planning_scene.so
[3.348s] -- Up-to-date: /home/saber/robox_ws/install/moveit_core/lib/libmoveit_robot_model.so.2.12.3
[3.348s] -- Up-to-date: /home/saber/robox_ws/install/moveit_core/lib/libmoveit_robot_model.so
[3.348s] -- Up-to-date: /home/saber/robox_ws/install/moveit_core/lib/libmoveit_robot_state.so.2.12.3
[3.349s] -- Up-to-date: /home/saber/robox_ws/install/moveit_core/lib/libmoveit_robot_state.so
[3.349s] -- Up-to-date: /home/saber/robox_ws/install/moveit_core/lib/libmoveit_robot_trajectory.so.2.12.3
[3.349s] -- Up-to-date: /home/saber/robox_ws/install/moveit_core/lib/libmoveit_robot_trajectory.so
[3.350s] -- Up-to-date: /home/saber/robox_ws/install/moveit_core/lib/libmoveit_smoothing_base.so.2.12.3
[3.350s] -- Up-to-date: /home/saber/robox_ws/install/moveit_core/lib/libmoveit_smoothing_base.so
[3.350s] -- Up-to-date: /home/saber/robox_ws/install/moveit_core/lib/libmoveit_test_utils.so.2.12.3
[3.350s] -- Up-to-date: /home/saber/robox_ws/install/moveit_core/lib/libmoveit_test_utils.so
[3.351s] -- Up-to-date: /home/saber/robox_ws/install/moveit_core/lib/libmoveit_trajectory_processing.so.2.12.3
[3.351s] -- Up-to-date: /home/saber/robox_ws/install/moveit_core/lib/libmoveit_trajectory_processing.so
[3.352s] -- Up-to-date: /home/saber/robox_ws/install/moveit_core/lib/libmoveit_transforms.so.2.12.3
[3.352s] -- Up-to-date: /home/saber/robox_ws/install/moveit_core/lib/libmoveit_transforms.so
[3.352s] -- Up-to-date: /home/saber/robox_ws/install/moveit_core/lib/libmoveit_utils.so.2.12.3
[3.352s] -- Up-to-date: /home/saber/robox_ws/install/moveit_core/lib/libmoveit_utils.so
[3.353s] -- Up-to-date: /home/saber/robox_ws/install/moveit_core/lib/libcollision_detector_bullet_plugin.so.2.12.3
[3.353s] -- Up-to-date: /home/saber/robox_ws/install/moveit_core/lib/libcollision_detector_bullet_plugin.so
[3.353s] -- Up-to-date: /home/saber/robox_ws/install/moveit_core/lib/libcollision_detector_fcl_plugin.so.2.12.3
[3.354s] -- Up-to-date: /home/saber/robox_ws/install/moveit_core/lib/libcollision_detector_fcl_plugin.so
[3.354s] -- Up-to-date: /home/saber/robox_ws/install/moveit_core/lib/libmoveit_acceleration_filter.so.2.12.3
[3.354s] -- Up-to-date: /home/saber/robox_ws/install/moveit_core/lib/libmoveit_acceleration_filter.so
[3.355s] -- Up-to-date: /home/saber/robox_ws/install/moveit_core/lib/libmoveit_butterworth_filter.so.2.12.3
[3.355s] -- Up-to-date: /home/saber/robox_ws/install/moveit_core/lib/libmoveit_butterworth_filter.so
[3.355s] -- Up-to-date: /home/saber/robox_ws/install/moveit_core/lib/libmoveit_ruckig_filter.so.2.12.3
[3.355s] -- Up-to-date: /home/saber/robox_ws/install/moveit_core/lib/libmoveit_ruckig_filter.so
[3.356s] -- Up-to-date: /home/saber/robox_ws/install/moveit_core/share/moveit_core/cmake/moveit_coreTargetsExport.cmake
[3.356s] -- Up-to-date: /home/saber/robox_ws/install/moveit_core/share/moveit_core/cmake/moveit_coreTargetsExport-release.cmake
[3.358s] Invoked command in '/home/saber/robox_ws/build/moveit_core' returned '0': AMENT_PREFIX_PATH=/home/saber/robox_ws/install/moveit_common:${AMENT_PREFIX_PATH} CMAKE_PREFIX_PATH=/home/saber/robox_ws/install/moveit_common:/home/saber/arduinobot_ws/install/controller:/home/saber/arduinobot_ws/install/arm_description:/home/saber/arduinobot_ws/install/arduinobot_cpp_examples:/opt/ros/jazzy/opt/gz_sim_vendor:/opt/ros/jazzy/opt/gz_sensors_vendor:/opt/ros/jazzy/opt/gz_physics_vendor:/opt/ros/jazzy/opt/sdformat_vendor:/opt/ros/jazzy/opt/gz_gui_vendor:/opt/ros/jazzy/opt/gz_transport_vendor:/opt/ros/jazzy/opt/gz_rendering_vendor:/opt/ros/jazzy/opt/gz_plugin_vendor:/opt/ros/jazzy/opt/gz_fuel_tools_vendor:/opt/ros/jazzy/opt/gz_msgs_vendor:/opt/ros/jazzy/opt/gz_common_vendor:/opt/ros/jazzy/opt/gz_math_vendor:/opt/ros/jazzy/opt/gz_utils_vendor:/opt/ros/jazzy/opt/gz_tools_vendor:/opt/ros/jazzy/opt/gz_ogre_next_vendor:/opt/ros/jazzy/opt/gz_dartsim_vendor:/opt/ros/jazzy/opt/gz_cmake_vendor:/home/saber/arduinobot_ws/install/arduinobot_py_examples:/opt/ros/jazzy DEBUGINFOD_URLS=https://debuginfod.ubuntu.com /usr/bin/cmake --install /home/saber/robox_ws/build/moveit_core
