[0.100s] DEBUG:colcon:Command line arguments: ['/usr/bin/colcon', 'build']
[0.100s] DEBUG:colcon:Parsed command line arguments: Namespace(log_base=None, log_level=None, verb_name='build', build_base='build', install_base='install', merge_install=False, symlink_install=False, test_result_base=None, continue_on_error=False, executor='parallel', parallel_workers=16, event_handlers=None, ignore_user_meta=False, metas=['./colcon.meta'], base_paths=['.'], packages_ignore=None, packages_ignore_regex=None, paths=None, packages_up_to=None, packages_up_to_regex=None, packages_above=None, packages_above_and_dependencies=None, packages_above_depth=None, packages_select_by_dep=None, packages_skip_by_dep=None, packages_skip_up_to=None, packages_select_build_failed=False, packages_skip_build_finished=False, packages_select_test_failures=False, packages_skip_test_passed=False, packages_select=None, packages_skip=None, packages_select_regex=None, packages_skip_regex=None, packages_start=None, packages_end=None, allow_overriding=[], cmake_args=None, cmake_target=None, cmake_target_skip_unavailable=False, cmake_clean_cache=False, cmake_clean_first=False, cmake_force_configure=False, ament_cmake_args=None, catkin_cmake_args=None, catkin_skip_building_tests=False, mixin_files=None, mixin=None, verb_parser=<colcon_mixin.mixin.mixin_argument.MixinArgumentDecorator object at 0x7f43ab46f980>, verb_extension=<colcon_core.verb.build.BuildVerb object at 0x7f43ab5efcb0>, main=<bound method BuildVerb.main of <colcon_core.verb.build.BuildVerb object at 0x7f43ab5efcb0>>, mixin_verb=('build',))
[0.133s] Level 1:colcon.colcon_core.package_discovery:discover_packages(colcon_meta) check parameters
[0.133s] Level 1:colcon.colcon_core.package_discovery:discover_packages(recursive) check parameters
[0.133s] Level 1:colcon.colcon_core.package_discovery:discover_packages(ignore) check parameters
[0.133s] Level 1:colcon.colcon_core.package_discovery:discover_packages(path) check parameters
[0.133s] Level 1:colcon.colcon_core.package_discovery:discover_packages(colcon_meta) discover
[0.133s] Level 1:colcon.colcon_core.package_discovery:discover_packages(recursive) discover
[0.133s] INFO:colcon.colcon_core.package_discovery:Crawling recursively for packages in '/home/saber/robox_ws'
[0.133s] Level 1:colcon.colcon_core.package_identification:_identify(.) by extensions ['ignore', 'ignore_ament_install']
[0.133s] Level 1:colcon.colcon_core.package_identification:_identify(.) by extension 'ignore'
[0.133s] Level 1:colcon.colcon_core.package_identification:_identify(.) by extension 'ignore_ament_install'
[0.133s] Level 1:colcon.colcon_core.package_identification:_identify(.) by extensions ['colcon_pkg']
[0.133s] Level 1:colcon.colcon_core.package_identification:_identify(.) by extension 'colcon_pkg'
[0.133s] Level 1:colcon.colcon_core.package_identification:_identify(.) by extensions ['colcon_meta']
[0.133s] Level 1:colcon.colcon_core.package_identification:_identify(.) by extension 'colcon_meta'
[0.133s] Level 1:colcon.colcon_core.package_identification:_identify(.) by extensions ['ros']
[0.133s] Level 1:colcon.colcon_core.package_identification:_identify(.) by extension 'ros'
[0.153s] Level 1:colcon.colcon_core.package_identification:_identify(.) by extensions ['cmake', 'python']
[0.153s] Level 1:colcon.colcon_core.package_identification:_identify(.) by extension 'cmake'
[0.153s] Level 1:colcon.colcon_core.package_identification:_identify(.) by extension 'python'
[0.153s] Level 1:colcon.colcon_core.package_identification:_identify(.) by extensions ['python_setup_py']
[0.153s] Level 1:colcon.colcon_core.package_identification:_identify(.) by extension 'python_setup_py'
[0.153s] Level 1:colcon.colcon_core.package_identification:_identify(PS2_Robot_Arm_under_production) by extensions ['ignore', 'ignore_ament_install']
[0.153s] Level 1:colcon.colcon_core.package_identification:_identify(PS2_Robot_Arm_under_production) by extension 'ignore'
[0.153s] Level 1:colcon.colcon_core.package_identification:_identify(PS2_Robot_Arm_under_production) by extension 'ignore_ament_install'
[0.153s] Level 1:colcon.colcon_core.package_identification:_identify(PS2_Robot_Arm_under_production) by extensions ['colcon_pkg']
[0.153s] Level 1:colcon.colcon_core.package_identification:_identify(PS2_Robot_Arm_under_production) by extension 'colcon_pkg'
[0.153s] Level 1:colcon.colcon_core.package_identification:_identify(PS2_Robot_Arm_under_production) by extensions ['colcon_meta']
[0.153s] Level 1:colcon.colcon_core.package_identification:_identify(PS2_Robot_Arm_under_production) by extension 'colcon_meta'
[0.153s] Level 1:colcon.colcon_core.package_identification:_identify(PS2_Robot_Arm_under_production) by extensions ['ros']
[0.153s] Level 1:colcon.colcon_core.package_identification:_identify(PS2_Robot_Arm_under_production) by extension 'ros'
[0.153s] Level 1:colcon.colcon_core.package_identification:_identify(PS2_Robot_Arm_under_production) by extensions ['cmake', 'python']
[0.153s] Level 1:colcon.colcon_core.package_identification:_identify(PS2_Robot_Arm_under_production) by extension 'cmake'
[0.153s] Level 1:colcon.colcon_core.package_identification:_identify(PS2_Robot_Arm_under_production) by extension 'python'
[0.153s] Level 1:colcon.colcon_core.package_identification:_identify(PS2_Robot_Arm_under_production) by extensions ['python_setup_py']
[0.153s] Level 1:colcon.colcon_core.package_identification:_identify(PS2_Robot_Arm_under_production) by extension 'python_setup_py'
[0.153s] Level 1:colcon.colcon_core.package_identification:_identify(build) by extensions ['ignore', 'ignore_ament_install']
[0.154s] Level 1:colcon.colcon_core.package_identification:_identify(build) by extension 'ignore'
[0.154s] Level 1:colcon.colcon_core.package_identification:_identify(build) ignored
[0.154s] Level 1:colcon.colcon_core.package_identification:_identify(install) by extensions ['ignore', 'ignore_ament_install']
[0.154s] Level 1:colcon.colcon_core.package_identification:_identify(install) by extension 'ignore'
[0.154s] Level 1:colcon.colcon_core.package_identification:_identify(install) ignored
[0.154s] Level 1:colcon.colcon_core.package_identification:_identify(log) by extensions ['ignore', 'ignore_ament_install']
[0.154s] Level 1:colcon.colcon_core.package_identification:_identify(log) by extension 'ignore'
[0.154s] Level 1:colcon.colcon_core.package_identification:_identify(log) ignored
[0.154s] Level 1:colcon.colcon_core.package_identification:_identify(src) by extensions ['ignore', 'ignore_ament_install']
[0.154s] Level 1:colcon.colcon_core.package_identification:_identify(src) by extension 'ignore'
[0.154s] Level 1:colcon.colcon_core.package_identification:_identify(src) by extension 'ignore_ament_install'
[0.154s] Level 1:colcon.colcon_core.package_identification:_identify(src) by extensions ['colcon_pkg']
[0.154s] Level 1:colcon.colcon_core.package_identification:_identify(src) by extension 'colcon_pkg'
[0.154s] Level 1:colcon.colcon_core.package_identification:_identify(src) by extensions ['colcon_meta']
[0.154s] Level 1:colcon.colcon_core.package_identification:_identify(src) by extension 'colcon_meta'
[0.154s] Level 1:colcon.colcon_core.package_identification:_identify(src) by extensions ['ros']
[0.154s] Level 1:colcon.colcon_core.package_identification:_identify(src) by extension 'ros'
[0.155s] Level 1:colcon.colcon_core.package_identification:_identify(src) by extensions ['cmake', 'python']
[0.155s] Level 1:colcon.colcon_core.package_identification:_identify(src) by extension 'cmake'
[0.155s] Level 1:colcon.colcon_core.package_identification:_identify(src) by extension 'python'
[0.155s] Level 1:colcon.colcon_core.package_identification:_identify(src) by extensions ['python_setup_py']
[0.155s] Level 1:colcon.colcon_core.package_identification:_identify(src) by extension 'python_setup_py'
[0.155s] Level 1:colcon.colcon_core.package_identification:_identify(src/arduinobot_py_examples) by extensions ['ignore', 'ignore_ament_install']
[0.155s] Level 1:colcon.colcon_core.package_identification:_identify(src/arduinobot_py_examples) by extension 'ignore'
[0.155s] Level 1:colcon.colcon_core.package_identification:_identify(src/arduinobot_py_examples) by extension 'ignore_ament_install'
[0.155s] Level 1:colcon.colcon_core.package_identification:_identify(src/arduinobot_py_examples) by extensions ['colcon_pkg']
[0.155s] Level 1:colcon.colcon_core.package_identification:_identify(src/arduinobot_py_examples) by extension 'colcon_pkg'
[0.155s] Level 1:colcon.colcon_core.package_identification:_identify(src/arduinobot_py_examples) by extensions ['colcon_meta']
[0.155s] Level 1:colcon.colcon_core.package_identification:_identify(src/arduinobot_py_examples) by extension 'colcon_meta'
[0.155s] Level 1:colcon.colcon_core.package_identification:_identify(src/arduinobot_py_examples) by extensions ['ros']
[0.155s] Level 1:colcon.colcon_core.package_identification:_identify(src/arduinobot_py_examples) by extension 'ros'
[0.157s] DEBUG:colcon.colcon_core.package_identification:Package 'src/arduinobot_py_examples' with type 'ros.ament_python' and name 'arduinobot_py_examples'
[0.157s] Level 1:colcon.colcon_core.package_identification:_identify(src/build) by extensions ['ignore', 'ignore_ament_install']
[0.157s] Level 1:colcon.colcon_core.package_identification:_identify(src/build) by extension 'ignore'
[0.157s] Level 1:colcon.colcon_core.package_identification:_identify(src/build) ignored
[0.157s] Level 1:colcon.colcon_core.package_identification:_identify(src/install) by extensions ['ignore', 'ignore_ament_install']
[0.157s] Level 1:colcon.colcon_core.package_identification:_identify(src/install) by extension 'ignore'
[0.157s] Level 1:colcon.colcon_core.package_identification:_identify(src/install) ignored
[0.157s] Level 1:colcon.colcon_core.package_identification:_identify(src/log) by extensions ['ignore', 'ignore_ament_install']
[0.158s] Level 1:colcon.colcon_core.package_identification:_identify(src/log) by extension 'ignore'
[0.158s] Level 1:colcon.colcon_core.package_identification:_identify(src/log) ignored
[0.158s] Level 1:colcon.colcon_core.package_identification:_identify(src/robox_arm) by extensions ['ignore', 'ignore_ament_install']
[0.158s] Level 1:colcon.colcon_core.package_identification:_identify(src/robox_arm) by extension 'ignore'
[0.158s] Level 1:colcon.colcon_core.package_identification:_identify(src/robox_arm) by extension 'ignore_ament_install'
[0.158s] Level 1:colcon.colcon_core.package_identification:_identify(src/robox_arm) by extensions ['colcon_pkg']
[0.158s] Level 1:colcon.colcon_core.package_identification:_identify(src/robox_arm) by extension 'colcon_pkg'
[0.158s] Level 1:colcon.colcon_core.package_identification:_identify(src/robox_arm) by extensions ['colcon_meta']
[0.158s] Level 1:colcon.colcon_core.package_identification:_identify(src/robox_arm) by extension 'colcon_meta'
[0.158s] Level 1:colcon.colcon_core.package_identification:_identify(src/robox_arm) by extensions ['ros']
[0.158s] Level 1:colcon.colcon_core.package_identification:_identify(src/robox_arm) by extension 'ros'
[0.159s] DEBUG:colcon.colcon_core.package_identification:Package 'src/robox_arm' with type 'ros.ament_cmake' and name 'robox_arm'
[0.159s] Level 1:colcon.colcon_core.package_identification:_identify(src/robox_moveit_config) by extensions ['ignore', 'ignore_ament_install']
[0.159s] Level 1:colcon.colcon_core.package_identification:_identify(src/robox_moveit_config) by extension 'ignore'
[0.159s] Level 1:colcon.colcon_core.package_identification:_identify(src/robox_moveit_config) by extension 'ignore_ament_install'
[0.159s] Level 1:colcon.colcon_core.package_identification:_identify(src/robox_moveit_config) by extensions ['colcon_pkg']
[0.159s] Level 1:colcon.colcon_core.package_identification:_identify(src/robox_moveit_config) by extension 'colcon_pkg'
[0.159s] Level 1:colcon.colcon_core.package_identification:_identify(src/robox_moveit_config) by extensions ['colcon_meta']
[0.159s] Level 1:colcon.colcon_core.package_identification:_identify(src/robox_moveit_config) by extension 'colcon_meta'
[0.159s] Level 1:colcon.colcon_core.package_identification:_identify(src/robox_moveit_config) by extensions ['ros']
[0.159s] Level 1:colcon.colcon_core.package_identification:_identify(src/robox_moveit_config) by extension 'ros'
[0.160s] DEBUG:colcon.colcon_core.package_identification:Package 'src/robox_moveit_config' with type 'ros.ament_cmake' and name 'robox_moveit_config'
[0.160s] Level 1:colcon.colcon_core.package_discovery:discover_packages(recursive) using defaults
[0.160s] Level 1:colcon.colcon_core.package_discovery:discover_packages(ignore) discover
[0.160s] Level 1:colcon.colcon_core.package_discovery:discover_packages(ignore) using defaults
[0.160s] Level 1:colcon.colcon_core.package_discovery:discover_packages(path) discover
[0.160s] Level 1:colcon.colcon_core.package_discovery:discover_packages(path) using defaults
[0.174s] Level 1:colcon.colcon_core.package_discovery:discover_packages(prefix_path) check parameters
[0.174s] Level 1:colcon.colcon_core.package_discovery:discover_packages(prefix_path) discover
[0.175s] WARNING:colcon.colcon_ros.prefix_path.ament:The path '/home/saber/robox_ws/install/robotic_arm_moveit_config' in the environment variable AMENT_PREFIX_PATH doesn't exist
[0.175s] WARNING:colcon.colcon_ros.prefix_path.ament:The path '/home/saber/robox_ws/install/pilz_industrial_motion_planner_testutils' in the environment variable AMENT_PREFIX_PATH doesn't exist
[0.175s] WARNING:colcon.colcon_ros.prefix_path.ament:The path '/home/saber/robox_ws/install/moveit_runtime' in the environment variable AMENT_PREFIX_PATH doesn't exist
[0.175s] WARNING:colcon.colcon_ros.prefix_path.ament:The path '/home/saber/robox_ws/install/moveit_config' in the environment variable AMENT_PREFIX_PATH doesn't exist
[0.175s] WARNING:colcon.colcon_ros.prefix_path.ament:The path '/home/saber/robox_ws/install/moveit' in the environment variable AMENT_PREFIX_PATH doesn't exist
[0.175s] WARNING:colcon.colcon_ros.prefix_path.ament:The path '/home/saber/robox_ws/install/moveit_planners' in the environment variable AMENT_PREFIX_PATH doesn't exist
[0.175s] WARNING:colcon.colcon_ros.prefix_path.ament:The path '/home/saber/robox_ws/install/pilz_industrial_motion_planner' in the environment variable AMENT_PREFIX_PATH doesn't exist
[0.175s] WARNING:colcon.colcon_ros.prefix_path.ament:The path '/home/saber/robox_ws/install/moveit_ros_control_interface' in the environment variable AMENT_PREFIX_PATH doesn't exist
[0.175s] WARNING:colcon.colcon_ros.prefix_path.ament:The path '/home/saber/robox_ws/install/moveit_plugins' in the environment variable AMENT_PREFIX_PATH doesn't exist
[0.175s] WARNING:colcon.colcon_ros.prefix_path.ament:The path '/home/saber/robox_ws/install/moveit_simple_controller_manager' in the environment variable AMENT_PREFIX_PATH doesn't exist
[0.175s] WARNING:colcon.colcon_ros.prefix_path.ament:The path '/home/saber/robox_ws/install/moveit_setup_assistant' in the environment variable AMENT_PREFIX_PATH doesn't exist
[0.175s] WARNING:colcon.colcon_ros.prefix_path.ament:The path '/home/saber/robox_ws/install/moveit_setup_srdf_plugins' in the environment variable AMENT_PREFIX_PATH doesn't exist
[0.175s] WARNING:colcon.colcon_ros.prefix_path.ament:The path '/home/saber/robox_ws/install/moveit_setup_core_plugins' in the environment variable AMENT_PREFIX_PATH doesn't exist
[0.175s] WARNING:colcon.colcon_ros.prefix_path.ament:The path '/home/saber/robox_ws/install/moveit_setup_controllers' in the environment variable AMENT_PREFIX_PATH doesn't exist
[0.175s] WARNING:colcon.colcon_ros.prefix_path.ament:The path '/home/saber/robox_ws/install/moveit_setup_app_plugins' in the environment variable AMENT_PREFIX_PATH doesn't exist
[0.175s] WARNING:colcon.colcon_ros.prefix_path.ament:The path '/home/saber/robox_ws/install/moveit_setup_framework' in the environment variable AMENT_PREFIX_PATH doesn't exist
[0.175s] WARNING:colcon.colcon_ros.prefix_path.ament:The path '/home/saber/robox_ws/install/moveit_servo' in the environment variable AMENT_PREFIX_PATH doesn't exist
[0.175s] WARNING:colcon.colcon_ros.prefix_path.ament:The path '/home/saber/robox_ws/install/moveit_ros_trajectory_cache' in the environment variable AMENT_PREFIX_PATH doesn't exist
[0.175s] WARNING:colcon.colcon_ros.prefix_path.ament:The path '/home/saber/robox_ws/install/moveit_ros' in the environment variable AMENT_PREFIX_PATH doesn't exist
[0.175s] WARNING:colcon.colcon_ros.prefix_path.ament:The path '/home/saber/robox_ws/install/arm_description' in the environment variable AMENT_PREFIX_PATH doesn't exist
[0.175s] WARNING:colcon.colcon_ros.prefix_path.ament:The path '/home/saber/robox_ws/install/moveit_ros_visualization' in the environment variable AMENT_PREFIX_PATH doesn't exist
[0.175s] WARNING:colcon.colcon_ros.prefix_path.ament:The path '/home/saber/robox_ws/install/moveit_py' in the environment variable AMENT_PREFIX_PATH doesn't exist
[0.175s] WARNING:colcon.colcon_ros.prefix_path.ament:The path '/home/saber/robox_ws/install/moveit_hybrid_planning' in the environment variable AMENT_PREFIX_PATH doesn't exist
[0.175s] WARNING:colcon.colcon_ros.prefix_path.ament:The path '/home/saber/robox_ws/install/move_program' in the environment variable AMENT_PREFIX_PATH doesn't exist
[0.175s] WARNING:colcon.colcon_ros.prefix_path.ament:The path '/home/saber/robox_ws/install/moveit_ros_planning_interface' in the environment variable AMENT_PREFIX_PATH doesn't exist
[0.175s] WARNING:colcon.colcon_ros.prefix_path.ament:The path '/home/saber/robox_ws/install/moveit_ros_benchmarks' in the environment variable AMENT_PREFIX_PATH doesn't exist
[0.175s] WARNING:colcon.colcon_ros.prefix_path.ament:The path '/home/saber/robox_ws/install/moveit_ros_warehouse' in the environment variable AMENT_PREFIX_PATH doesn't exist
[0.176s] WARNING:colcon.colcon_ros.prefix_path.ament:The path '/home/saber/robox_ws/install/moveit_ros_robot_interaction' in the environment variable AMENT_PREFIX_PATH doesn't exist
[0.176s] WARNING:colcon.colcon_ros.prefix_path.ament:The path '/home/saber/robox_ws/install/moveit_ros_perception' in the environment variable AMENT_PREFIX_PATH doesn't exist
[0.176s] WARNING:colcon.colcon_ros.prefix_path.ament:The path '/home/saber/robox_ws/install/moveit_resources_prbt_pg70_support' in the environment variable AMENT_PREFIX_PATH doesn't exist
[0.176s] WARNING:colcon.colcon_ros.prefix_path.ament:The path '/home/saber/robox_ws/install/moveit_resources_prbt_moveit_config' in the environment variable AMENT_PREFIX_PATH doesn't exist
[0.176s] WARNING:colcon.colcon_ros.prefix_path.ament:The path '/home/saber/robox_ws/install/moveit_ros_move_group' in the environment variable AMENT_PREFIX_PATH doesn't exist
[0.176s] WARNING:colcon.colcon_ros.prefix_path.ament:The path '/home/saber/robox_ws/install/moveit_planners_ompl' in the environment variable AMENT_PREFIX_PATH doesn't exist
[0.176s] WARNING:colcon.colcon_ros.prefix_path.ament:The path '/home/saber/robox_ws/install/moveit_kinematics' in the environment variable AMENT_PREFIX_PATH doesn't exist
[0.176s] WARNING:colcon.colcon_ros.prefix_path.ament:The path '/home/saber/robox_ws/install/moveit_ros_planning' in the environment variable AMENT_PREFIX_PATH doesn't exist
[0.176s] WARNING:colcon.colcon_ros.prefix_path.ament:The path '/home/saber/robox_ws/install/moveit_ros_occupancy_map_monitor' in the environment variable AMENT_PREFIX_PATH doesn't exist
[0.176s] WARNING:colcon.colcon_ros.prefix_path.ament:The path '/home/saber/robox_ws/install/moveit_resources_prbt_support' in the environment variable AMENT_PREFIX_PATH doesn't exist
[0.176s] WARNING:colcon.colcon_ros.prefix_path.ament:The path '/home/saber/robox_ws/install/moveit_resources_prbt_ikfast_manipulator_plugin' in the environment variable AMENT_PREFIX_PATH doesn't exist
[0.176s] WARNING:colcon.colcon_ros.prefix_path.ament:The path '/home/saber/robox_ws/install/moveit_resources' in the environment variable AMENT_PREFIX_PATH doesn't exist
[0.176s] WARNING:colcon.colcon_ros.prefix_path.ament:The path '/home/saber/robox_ws/install/moveit_resources_pr2_description' in the environment variable AMENT_PREFIX_PATH doesn't exist
[0.176s] WARNING:colcon.colcon_ros.prefix_path.ament:The path '/home/saber/robox_ws/install/moveit_resources_panda_moveit_config' in the environment variable AMENT_PREFIX_PATH doesn't exist
[0.176s] WARNING:colcon.colcon_ros.prefix_path.ament:The path '/home/saber/robox_ws/install/dual_arm_panda_moveit_config' in the environment variable AMENT_PREFIX_PATH doesn't exist
[0.176s] WARNING:colcon.colcon_ros.prefix_path.ament:The path '/home/saber/robox_ws/install/moveit_resources_panda_description' in the environment variable AMENT_PREFIX_PATH doesn't exist
[0.176s] WARNING:colcon.colcon_ros.prefix_path.ament:The path '/home/saber/robox_ws/install/moveit_resources_fanuc_moveit_config' in the environment variable AMENT_PREFIX_PATH doesn't exist
[0.176s] WARNING:colcon.colcon_ros.prefix_path.ament:The path '/home/saber/robox_ws/install/moveit_resources_fanuc_description' in the environment variable AMENT_PREFIX_PATH doesn't exist
[0.176s] WARNING:colcon.colcon_ros.prefix_path.ament:The path '/home/saber/robox_ws/install/moveit_planners_stomp' in the environment variable AMENT_PREFIX_PATH doesn't exist
[0.176s] WARNING:colcon.colcon_ros.prefix_path.ament:The path '/home/saber/robox_ws/install/moveit_planners_chomp' in the environment variable AMENT_PREFIX_PATH doesn't exist
[0.176s] WARNING:colcon.colcon_ros.prefix_path.ament:The path '/home/saber/robox_ws/install/chomp_motion_planner' in the environment variable AMENT_PREFIX_PATH doesn't exist
[0.176s] WARNING:colcon.colcon_ros.prefix_path.ament:The path '/home/saber/robox_ws/install/moveit_core' in the environment variable AMENT_PREFIX_PATH doesn't exist
[0.176s] WARNING:colcon.colcon_ros.prefix_path.ament:The path '/home/saber/robox_ws/install/moveit_msgs' in the environment variable AMENT_PREFIX_PATH doesn't exist
[0.176s] WARNING:colcon.colcon_ros.prefix_path.ament:The path '/home/saber/robox_ws/install/moveit_configs_utils' in the environment variable AMENT_PREFIX_PATH doesn't exist
[0.176s] WARNING:colcon.colcon_ros.prefix_path.ament:The path '/home/saber/robox_ws/install/moveit_common' in the environment variable AMENT_PREFIX_PATH doesn't exist
[0.176s] WARNING:colcon.colcon_ros.prefix_path.ament:The path '/home/saber/robox_ws/install/arm_moveit' in the environment variable AMENT_PREFIX_PATH doesn't exist
[0.176s] WARNING:colcon.colcon_ros.prefix_path.catkin:The path '/home/saber/robox_ws/install/robotic_arm_moveit_config' in the environment variable CMAKE_PREFIX_PATH doesn't exist
[0.176s] WARNING:colcon.colcon_ros.prefix_path.catkin:The path '/home/saber/robox_ws/install/pilz_industrial_motion_planner_testutils' in the environment variable CMAKE_PREFIX_PATH doesn't exist
[0.177s] WARNING:colcon.colcon_ros.prefix_path.catkin:The path '/home/saber/robox_ws/install/moveit_runtime' in the environment variable CMAKE_PREFIX_PATH doesn't exist
[0.177s] WARNING:colcon.colcon_ros.prefix_path.catkin:The path '/home/saber/robox_ws/install/moveit_config' in the environment variable CMAKE_PREFIX_PATH doesn't exist
[0.177s] WARNING:colcon.colcon_ros.prefix_path.catkin:The path '/home/saber/robox_ws/install/moveit' in the environment variable CMAKE_PREFIX_PATH doesn't exist
[0.177s] WARNING:colcon.colcon_ros.prefix_path.catkin:The path '/home/saber/robox_ws/install/moveit_planners' in the environment variable CMAKE_PREFIX_PATH doesn't exist
[0.177s] WARNING:colcon.colcon_ros.prefix_path.catkin:The path '/home/saber/robox_ws/install/pilz_industrial_motion_planner' in the environment variable CMAKE_PREFIX_PATH doesn't exist
[0.177s] WARNING:colcon.colcon_ros.prefix_path.catkin:The path '/home/saber/robox_ws/install/moveit_ros_control_interface' in the environment variable CMAKE_PREFIX_PATH doesn't exist
[0.177s] WARNING:colcon.colcon_ros.prefix_path.catkin:The path '/home/saber/robox_ws/install/moveit_plugins' in the environment variable CMAKE_PREFIX_PATH doesn't exist
[0.177s] WARNING:colcon.colcon_ros.prefix_path.catkin:The path '/home/saber/robox_ws/install/moveit_simple_controller_manager' in the environment variable CMAKE_PREFIX_PATH doesn't exist
[0.177s] WARNING:colcon.colcon_ros.prefix_path.catkin:The path '/home/saber/robox_ws/install/moveit_setup_assistant' in the environment variable CMAKE_PREFIX_PATH doesn't exist
[0.177s] WARNING:colcon.colcon_ros.prefix_path.catkin:The path '/home/saber/robox_ws/install/moveit_setup_srdf_plugins' in the environment variable CMAKE_PREFIX_PATH doesn't exist
[0.177s] WARNING:colcon.colcon_ros.prefix_path.catkin:The path '/home/saber/robox_ws/install/moveit_setup_core_plugins' in the environment variable CMAKE_PREFIX_PATH doesn't exist
[0.177s] WARNING:colcon.colcon_ros.prefix_path.catkin:The path '/home/saber/robox_ws/install/moveit_setup_controllers' in the environment variable CMAKE_PREFIX_PATH doesn't exist
[0.177s] WARNING:colcon.colcon_ros.prefix_path.catkin:The path '/home/saber/robox_ws/install/moveit_setup_app_plugins' in the environment variable CMAKE_PREFIX_PATH doesn't exist
[0.177s] WARNING:colcon.colcon_ros.prefix_path.catkin:The path '/home/saber/robox_ws/install/moveit_setup_framework' in the environment variable CMAKE_PREFIX_PATH doesn't exist
[0.177s] WARNING:colcon.colcon_ros.prefix_path.catkin:The path '/home/saber/robox_ws/install/moveit_servo' in the environment variable CMAKE_PREFIX_PATH doesn't exist
[0.177s] WARNING:colcon.colcon_ros.prefix_path.catkin:The path '/home/saber/robox_ws/install/moveit_ros_trajectory_cache' in the environment variable CMAKE_PREFIX_PATH doesn't exist
[0.177s] WARNING:colcon.colcon_ros.prefix_path.catkin:The path '/home/saber/robox_ws/install/moveit_ros' in the environment variable CMAKE_PREFIX_PATH doesn't exist
[0.177s] WARNING:colcon.colcon_ros.prefix_path.catkin:The path '/home/saber/robox_ws/install/arm_description' in the environment variable CMAKE_PREFIX_PATH doesn't exist
[0.177s] WARNING:colcon.colcon_ros.prefix_path.catkin:The path '/home/saber/robox_ws/install/moveit_ros_visualization' in the environment variable CMAKE_PREFIX_PATH doesn't exist
[0.177s] WARNING:colcon.colcon_ros.prefix_path.catkin:The path '/home/saber/robox_ws/install/moveit_py' in the environment variable CMAKE_PREFIX_PATH doesn't exist
[0.177s] WARNING:colcon.colcon_ros.prefix_path.catkin:The path '/home/saber/robox_ws/install/moveit_hybrid_planning' in the environment variable CMAKE_PREFIX_PATH doesn't exist
[0.177s] WARNING:colcon.colcon_ros.prefix_path.catkin:The path '/home/saber/robox_ws/install/move_program' in the environment variable CMAKE_PREFIX_PATH doesn't exist
[0.177s] WARNING:colcon.colcon_ros.prefix_path.catkin:The path '/home/saber/robox_ws/install/moveit_ros_planning_interface' in the environment variable CMAKE_PREFIX_PATH doesn't exist
[0.177s] WARNING:colcon.colcon_ros.prefix_path.catkin:The path '/home/saber/robox_ws/install/moveit_ros_benchmarks' in the environment variable CMAKE_PREFIX_PATH doesn't exist
[0.177s] WARNING:colcon.colcon_ros.prefix_path.catkin:The path '/home/saber/robox_ws/install/moveit_ros_warehouse' in the environment variable CMAKE_PREFIX_PATH doesn't exist
[0.177s] WARNING:colcon.colcon_ros.prefix_path.catkin:The path '/home/saber/robox_ws/install/moveit_ros_robot_interaction' in the environment variable CMAKE_PREFIX_PATH doesn't exist
[0.177s] WARNING:colcon.colcon_ros.prefix_path.catkin:The path '/home/saber/robox_ws/install/moveit_ros_perception' in the environment variable CMAKE_PREFIX_PATH doesn't exist
[0.177s] WARNING:colcon.colcon_ros.prefix_path.catkin:The path '/home/saber/robox_ws/install/moveit_resources_prbt_pg70_support' in the environment variable CMAKE_PREFIX_PATH doesn't exist
[0.177s] WARNING:colcon.colcon_ros.prefix_path.catkin:The path '/home/saber/robox_ws/install/moveit_resources_prbt_moveit_config' in the environment variable CMAKE_PREFIX_PATH doesn't exist
[0.177s] WARNING:colcon.colcon_ros.prefix_path.catkin:The path '/home/saber/robox_ws/install/moveit_ros_move_group' in the environment variable CMAKE_PREFIX_PATH doesn't exist
[0.177s] WARNING:colcon.colcon_ros.prefix_path.catkin:The path '/home/saber/robox_ws/install/moveit_planners_ompl' in the environment variable CMAKE_PREFIX_PATH doesn't exist
[0.177s] WARNING:colcon.colcon_ros.prefix_path.catkin:The path '/home/saber/robox_ws/install/moveit_kinematics' in the environment variable CMAKE_PREFIX_PATH doesn't exist
[0.177s] WARNING:colcon.colcon_ros.prefix_path.catkin:The path '/home/saber/robox_ws/install/moveit_ros_planning' in the environment variable CMAKE_PREFIX_PATH doesn't exist
[0.177s] WARNING:colcon.colcon_ros.prefix_path.catkin:The path '/home/saber/robox_ws/install/moveit_ros_occupancy_map_monitor' in the environment variable CMAKE_PREFIX_PATH doesn't exist
[0.177s] WARNING:colcon.colcon_ros.prefix_path.catkin:The path '/home/saber/robox_ws/install/moveit_resources_prbt_support' in the environment variable CMAKE_PREFIX_PATH doesn't exist
[0.178s] WARNING:colcon.colcon_ros.prefix_path.catkin:The path '/home/saber/robox_ws/install/moveit_resources_prbt_ikfast_manipulator_plugin' in the environment variable CMAKE_PREFIX_PATH doesn't exist
[0.178s] WARNING:colcon.colcon_ros.prefix_path.catkin:The path '/home/saber/robox_ws/install/moveit_resources' in the environment variable CMAKE_PREFIX_PATH doesn't exist
[0.178s] WARNING:colcon.colcon_ros.prefix_path.catkin:The path '/home/saber/robox_ws/install/moveit_resources_pr2_description' in the environment variable CMAKE_PREFIX_PATH doesn't exist
[0.178s] WARNING:colcon.colcon_ros.prefix_path.catkin:The path '/home/saber/robox_ws/install/moveit_resources_panda_moveit_config' in the environment variable CMAKE_PREFIX_PATH doesn't exist
[0.178s] WARNING:colcon.colcon_ros.prefix_path.catkin:The path '/home/saber/robox_ws/install/dual_arm_panda_moveit_config' in the environment variable CMAKE_PREFIX_PATH doesn't exist
[0.178s] WARNING:colcon.colcon_ros.prefix_path.catkin:The path '/home/saber/robox_ws/install/moveit_resources_panda_description' in the environment variable CMAKE_PREFIX_PATH doesn't exist
[0.178s] WARNING:colcon.colcon_ros.prefix_path.catkin:The path '/home/saber/robox_ws/install/moveit_resources_fanuc_moveit_config' in the environment variable CMAKE_PREFIX_PATH doesn't exist
[0.178s] WARNING:colcon.colcon_ros.prefix_path.catkin:The path '/home/saber/robox_ws/install/moveit_resources_fanuc_description' in the environment variable CMAKE_PREFIX_PATH doesn't exist
[0.178s] WARNING:colcon.colcon_ros.prefix_path.catkin:The path '/home/saber/robox_ws/install/moveit_planners_stomp' in the environment variable CMAKE_PREFIX_PATH doesn't exist
[0.178s] WARNING:colcon.colcon_ros.prefix_path.catkin:The path '/home/saber/robox_ws/install/moveit_planners_chomp' in the environment variable CMAKE_PREFIX_PATH doesn't exist
[0.178s] WARNING:colcon.colcon_ros.prefix_path.catkin:The path '/home/saber/robox_ws/install/chomp_motion_planner' in the environment variable CMAKE_PREFIX_PATH doesn't exist
[0.178s] WARNING:colcon.colcon_ros.prefix_path.catkin:The path '/home/saber/robox_ws/install/moveit_core' in the environment variable CMAKE_PREFIX_PATH doesn't exist
[0.178s] WARNING:colcon.colcon_ros.prefix_path.catkin:The path '/home/saber/robox_ws/install/moveit_msgs' in the environment variable CMAKE_PREFIX_PATH doesn't exist
[0.178s] WARNING:colcon.colcon_ros.prefix_path.catkin:The path '/home/saber/robox_ws/install/moveit_common' in the environment variable CMAKE_PREFIX_PATH doesn't exist
[0.178s] WARNING:colcon.colcon_ros.prefix_path.catkin:The path '/home/saber/robox_ws/install/arm_moveit' in the environment variable CMAKE_PREFIX_PATH doesn't exist
[0.179s] DEBUG:colcon.colcon_installed_package_information.package_discovery:Found 3 installed packages in /home/saber/robox_ws/install
[0.181s] DEBUG:colcon.colcon_installed_package_information.package_discovery:Found 431 installed packages in /opt/ros/jazzy
[0.183s] Level 1:colcon.colcon_core.package_discovery:discover_packages(prefix_path) using defaults
[0.230s] Level 5:colcon.colcon_core.verb:set package 'arduinobot_py_examples' build argument 'cmake_args' from command line to 'None'
[0.230s] Level 5:colcon.colcon_core.verb:set package 'arduinobot_py_examples' build argument 'cmake_target' from command line to 'None'
[0.230s] Level 5:colcon.colcon_core.verb:set package 'arduinobot_py_examples' build argument 'cmake_target_skip_unavailable' from command line to 'False'
[0.230s] Level 5:colcon.colcon_core.verb:set package 'arduinobot_py_examples' build argument 'cmake_clean_cache' from command line to 'False'
[0.230s] Level 5:colcon.colcon_core.verb:set package 'arduinobot_py_examples' build argument 'cmake_clean_first' from command line to 'False'
[0.230s] Level 5:colcon.colcon_core.verb:set package 'arduinobot_py_examples' build argument 'cmake_force_configure' from command line to 'False'
[0.230s] Level 5:colcon.colcon_core.verb:set package 'arduinobot_py_examples' build argument 'ament_cmake_args' from command line to 'None'
[0.230s] Level 5:colcon.colcon_core.verb:set package 'arduinobot_py_examples' build argument 'catkin_cmake_args' from command line to 'None'
[0.230s] Level 5:colcon.colcon_core.verb:set package 'arduinobot_py_examples' build argument 'catkin_skip_building_tests' from command line to 'False'
[0.230s] DEBUG:colcon.colcon_core.verb:Building package 'arduinobot_py_examples' with the following arguments: {'ament_cmake_args': None, 'build_base': '/home/saber/robox_ws/build/arduinobot_py_examples', 'catkin_cmake_args': None, 'catkin_skip_building_tests': False, 'cmake_args': None, 'cmake_clean_cache': False, 'cmake_clean_first': False, 'cmake_force_configure': False, 'cmake_target': None, 'cmake_target_skip_unavailable': False, 'install_base': '/home/saber/robox_ws/install/arduinobot_py_examples', 'merge_install': False, 'path': '/home/saber/robox_ws/src/arduinobot_py_examples', 'symlink_install': False, 'test_result_base': None}
[0.231s] Level 5:colcon.colcon_core.verb:set package 'robox_arm' build argument 'cmake_args' from command line to 'None'
[0.231s] Level 5:colcon.colcon_core.verb:set package 'robox_arm' build argument 'cmake_target' from command line to 'None'
[0.231s] Level 5:colcon.colcon_core.verb:set package 'robox_arm' build argument 'cmake_target_skip_unavailable' from command line to 'False'
[0.231s] Level 5:colcon.colcon_core.verb:set package 'robox_arm' build argument 'cmake_clean_cache' from command line to 'False'
[0.231s] Level 5:colcon.colcon_core.verb:set package 'robox_arm' build argument 'cmake_clean_first' from command line to 'False'
[0.231s] Level 5:colcon.colcon_core.verb:set package 'robox_arm' build argument 'cmake_force_configure' from command line to 'False'
[0.231s] Level 5:colcon.colcon_core.verb:set package 'robox_arm' build argument 'ament_cmake_args' from command line to 'None'
[0.231s] Level 5:colcon.colcon_core.verb:set package 'robox_arm' build argument 'catkin_cmake_args' from command line to 'None'
[0.231s] Level 5:colcon.colcon_core.verb:set package 'robox_arm' build argument 'catkin_skip_building_tests' from command line to 'False'
[0.231s] DEBUG:colcon.colcon_core.verb:Building package 'robox_arm' with the following arguments: {'ament_cmake_args': None, 'build_base': '/home/saber/robox_ws/build/robox_arm', 'catkin_cmake_args': None, 'catkin_skip_building_tests': False, 'cmake_args': None, 'cmake_clean_cache': False, 'cmake_clean_first': False, 'cmake_force_configure': False, 'cmake_target': None, 'cmake_target_skip_unavailable': False, 'install_base': '/home/saber/robox_ws/install/robox_arm', 'merge_install': False, 'path': '/home/saber/robox_ws/src/robox_arm', 'symlink_install': False, 'test_result_base': None}
[0.231s] Level 5:colcon.colcon_core.verb:set package 'robox_moveit_config' build argument 'cmake_args' from command line to 'None'
[0.231s] Level 5:colcon.colcon_core.verb:set package 'robox_moveit_config' build argument 'cmake_target' from command line to 'None'
[0.231s] Level 5:colcon.colcon_core.verb:set package 'robox_moveit_config' build argument 'cmake_target_skip_unavailable' from command line to 'False'
[0.231s] Level 5:colcon.colcon_core.verb:set package 'robox_moveit_config' build argument 'cmake_clean_cache' from command line to 'False'
[0.231s] Level 5:colcon.colcon_core.verb:set package 'robox_moveit_config' build argument 'cmake_clean_first' from command line to 'False'
[0.231s] Level 5:colcon.colcon_core.verb:set package 'robox_moveit_config' build argument 'cmake_force_configure' from command line to 'False'
[0.231s] Level 5:colcon.colcon_core.verb:set package 'robox_moveit_config' build argument 'ament_cmake_args' from command line to 'None'
[0.231s] Level 5:colcon.colcon_core.verb:set package 'robox_moveit_config' build argument 'catkin_cmake_args' from command line to 'None'
[0.231s] Level 5:colcon.colcon_core.verb:set package 'robox_moveit_config' build argument 'catkin_skip_building_tests' from command line to 'False'
[0.231s] DEBUG:colcon.colcon_core.verb:Building package 'robox_moveit_config' with the following arguments: {'ament_cmake_args': None, 'build_base': '/home/saber/robox_ws/build/robox_moveit_config', 'catkin_cmake_args': None, 'catkin_skip_building_tests': False, 'cmake_args': None, 'cmake_clean_cache': False, 'cmake_clean_first': False, 'cmake_force_configure': False, 'cmake_target': None, 'cmake_target_skip_unavailable': False, 'install_base': '/home/saber/robox_ws/install/robox_moveit_config', 'merge_install': False, 'path': '/home/saber/robox_ws/src/robox_moveit_config', 'symlink_install': False, 'test_result_base': None}
[0.231s] INFO:colcon.colcon_core.executor:Executing jobs using 'parallel' executor
[0.232s] DEBUG:colcon.colcon_parallel_executor.executor.parallel:run_until_complete
[0.232s] INFO:colcon.colcon_ros.task.ament_cmake.build:Building ROS package in '/home/saber/robox_ws/src/robox_arm' with build type 'ament_cmake'
[0.232s] INFO:colcon.colcon_cmake.task.cmake.build:Building CMake package in '/home/saber/robox_ws/src/robox_arm'
[0.234s] INFO:colcon.colcon_core.plugin_system:Skipping extension 'colcon_core.shell.bat': Not used on non-Windows systems
[0.234s] INFO:colcon.colcon_core.shell:Skip shell extension 'powershell' for command environment: Not usable outside of PowerShell
[0.234s] DEBUG:colcon.colcon_core.shell:Skip shell extension 'dsv' for command environment
[0.238s] INFO:colcon.colcon_ros.task.ament_python.build:Building ROS package in '/home/saber/robox_ws/src/arduinobot_py_examples' with build type 'ament_python'
[0.238s] Level 1:colcon.colcon_core.shell:create_environment_hook('arduinobot_py_examples', 'ament_prefix_path')
[0.238s] INFO:colcon.colcon_core.shell:Creating environment hook '/home/saber/robox_ws/install/arduinobot_py_examples/share/arduinobot_py_examples/hook/ament_prefix_path.ps1'
[0.239s] INFO:colcon.colcon_core.shell:Creating environment descriptor '/home/saber/robox_ws/install/arduinobot_py_examples/share/arduinobot_py_examples/hook/ament_prefix_path.dsv'
[0.239s] INFO:colcon.colcon_core.shell:Creating environment hook '/home/saber/robox_ws/install/arduinobot_py_examples/share/arduinobot_py_examples/hook/ament_prefix_path.sh'
[0.240s] INFO:colcon.colcon_core.shell:Skip shell extension 'powershell' for command environment: Not usable outside of PowerShell
[0.240s] DEBUG:colcon.colcon_core.shell:Skip shell extension 'dsv' for command environment
[0.247s] DEBUG:colcon.colcon_core.event_handler.log_command:Invoking command in '/home/saber/robox_ws/build/robox_arm': CMAKE_PREFIX_PATH=${CMAKE_PREFIX_PATH}:/home/saber/robox_ws/install/arduinobot_py_examples:/home/saber/robox_ws/install/moveit_configs_utils:/opt/ros/jazzy DEBUGINFOD_URLS=https://debuginfod.ubuntu.com /usr/bin/cmake --build /home/saber/robox_ws/build/robox_arm -- -j16 -l16
[0.458s] INFO:colcon.colcon_core.task.python.build:Building Python package in '/home/saber/robox_ws/src/arduinobot_py_examples'
[0.459s] INFO:colcon.colcon_core.shell:Skip shell extension 'powershell' for command environment: Not usable outside of PowerShell
[0.459s] DEBUG:colcon.colcon_core.shell:Skip shell extension 'dsv' for command environment
[0.464s] DEBUG:colcon.colcon_core.event_handler.log_command:Invoked command in '/home/saber/robox_ws/build/robox_arm' returned '0': CMAKE_PREFIX_PATH=${CMAKE_PREFIX_PATH}:/home/saber/robox_ws/install/arduinobot_py_examples:/home/saber/robox_ws/install/moveit_configs_utils:/opt/ros/jazzy DEBUGINFOD_URLS=https://debuginfod.ubuntu.com /usr/bin/cmake --build /home/saber/robox_ws/build/robox_arm -- -j16 -l16
[0.475s] DEBUG:colcon.colcon_core.event_handler.log_command:Invoking command in '/home/saber/robox_ws/build/robox_arm': CMAKE_PREFIX_PATH=${CMAKE_PREFIX_PATH}:/home/saber/robox_ws/install/arduinobot_py_examples:/home/saber/robox_ws/install/moveit_configs_utils:/opt/ros/jazzy DEBUGINFOD_URLS=https://debuginfod.ubuntu.com /usr/bin/cmake --install /home/saber/robox_ws/build/robox_arm
[0.498s] Level 1:colcon.colcon_core.environment:create_environment_scripts_only(robox_arm)
[0.499s] DEBUG:colcon.colcon_core.event_handler.log_command:Invoked command in '/home/saber/robox_ws/build/robox_arm' returned '0': CMAKE_PREFIX_PATH=${CMAKE_PREFIX_PATH}:/home/saber/robox_ws/install/arduinobot_py_examples:/home/saber/robox_ws/install/moveit_configs_utils:/opt/ros/jazzy DEBUGINFOD_URLS=https://debuginfod.ubuntu.com /usr/bin/cmake --install /home/saber/robox_ws/build/robox_arm
[0.500s] Level 1:colcon.colcon_core.environment:checking '/home/saber/robox_ws/install/robox_arm' for CMake module files
[0.501s] Level 1:colcon.colcon_core.environment:checking '/home/saber/robox_ws/install/robox_arm' for CMake config files
[0.501s] Level 1:colcon.colcon_core.shell:create_environment_hook('robox_arm', 'cmake_prefix_path')
[0.501s] INFO:colcon.colcon_core.shell:Creating environment hook '/home/saber/robox_ws/install/robox_arm/share/robox_arm/hook/cmake_prefix_path.ps1'
[0.502s] INFO:colcon.colcon_core.shell:Creating environment descriptor '/home/saber/robox_ws/install/robox_arm/share/robox_arm/hook/cmake_prefix_path.dsv'
[0.502s] INFO:colcon.colcon_core.shell:Creating environment hook '/home/saber/robox_ws/install/robox_arm/share/robox_arm/hook/cmake_prefix_path.sh'
[0.502s] Level 1:colcon.colcon_core.environment:checking '/home/saber/robox_ws/install/robox_arm/bin'
[0.503s] Level 1:colcon.colcon_core.environment:checking '/home/saber/robox_ws/install/robox_arm/lib/pkgconfig/robox_arm.pc'
[0.503s] Level 1:colcon.colcon_core.environment:checking '/home/saber/robox_ws/install/robox_arm/lib/python3.12/site-packages'
[0.503s] Level 1:colcon.colcon_core.environment:checking '/home/saber/robox_ws/install/robox_arm/bin'
[0.503s] INFO:colcon.colcon_core.shell:Creating package script '/home/saber/robox_ws/install/robox_arm/share/robox_arm/package.ps1'
[0.504s] INFO:colcon.colcon_core.shell:Creating package descriptor '/home/saber/robox_ws/install/robox_arm/share/robox_arm/package.dsv'
[0.504s] INFO:colcon.colcon_core.shell:Creating package script '/home/saber/robox_ws/install/robox_arm/share/robox_arm/package.sh'
[0.504s] INFO:colcon.colcon_core.shell:Creating package script '/home/saber/robox_ws/install/robox_arm/share/robox_arm/package.bash'
[0.505s] INFO:colcon.colcon_core.shell:Creating package script '/home/saber/robox_ws/install/robox_arm/share/robox_arm/package.zsh'
[0.505s] Level 1:colcon.colcon_core.environment:create_file_with_runtime_dependencies(/home/saber/robox_ws/install/robox_arm/share/colcon-core/packages/robox_arm)
[0.506s] Level 1:colcon.colcon_core.environment:create_environment_scripts_only(robox_arm)
[0.506s] Level 1:colcon.colcon_core.environment:checking '/home/saber/robox_ws/install/robox_arm' for CMake module files
[0.506s] Level 1:colcon.colcon_core.environment:checking '/home/saber/robox_ws/install/robox_arm' for CMake config files
[0.507s] Level 1:colcon.colcon_core.shell:create_environment_hook('robox_arm', 'cmake_prefix_path')
[0.507s] INFO:colcon.colcon_core.shell:Creating environment hook '/home/saber/robox_ws/install/robox_arm/share/robox_arm/hook/cmake_prefix_path.ps1'
[0.507s] INFO:colcon.colcon_core.shell:Creating environment descriptor '/home/saber/robox_ws/install/robox_arm/share/robox_arm/hook/cmake_prefix_path.dsv'
[0.507s] INFO:colcon.colcon_core.shell:Creating environment hook '/home/saber/robox_ws/install/robox_arm/share/robox_arm/hook/cmake_prefix_path.sh'
[0.508s] Level 1:colcon.colcon_core.environment:checking '/home/saber/robox_ws/install/robox_arm/bin'
[0.508s] Level 1:colcon.colcon_core.environment:checking '/home/saber/robox_ws/install/robox_arm/lib/pkgconfig/robox_arm.pc'
[0.508s] Level 1:colcon.colcon_core.environment:checking '/home/saber/robox_ws/install/robox_arm/lib/python3.12/site-packages'
[0.508s] Level 1:colcon.colcon_core.environment:checking '/home/saber/robox_ws/install/robox_arm/bin'
[0.508s] INFO:colcon.colcon_core.shell:Creating package script '/home/saber/robox_ws/install/robox_arm/share/robox_arm/package.ps1'
[0.509s] INFO:colcon.colcon_core.shell:Creating package descriptor '/home/saber/robox_ws/install/robox_arm/share/robox_arm/package.dsv'
[0.509s] INFO:colcon.colcon_core.shell:Creating package script '/home/saber/robox_ws/install/robox_arm/share/robox_arm/package.sh'
[0.509s] INFO:colcon.colcon_core.shell:Creating package script '/home/saber/robox_ws/install/robox_arm/share/robox_arm/package.bash'
[0.510s] INFO:colcon.colcon_core.shell:Creating package script '/home/saber/robox_ws/install/robox_arm/share/robox_arm/package.zsh'
[0.510s] Level 1:colcon.colcon_core.environment:create_file_with_runtime_dependencies(/home/saber/robox_ws/install/robox_arm/share/colcon-core/packages/robox_arm)
[0.510s] INFO:colcon.colcon_ros.task.ament_cmake.build:Building ROS package in '/home/saber/robox_ws/src/robox_moveit_config' with build type 'ament_cmake'
[0.510s] INFO:colcon.colcon_cmake.task.cmake.build:Building CMake package in '/home/saber/robox_ws/src/robox_moveit_config'
[0.510s] INFO:colcon.colcon_core.shell:Skip shell extension 'powershell' for command environment: Not usable outside of PowerShell
[0.510s] DEBUG:colcon.colcon_core.shell:Skip shell extension 'dsv' for command environment
[0.521s] DEBUG:colcon.colcon_core.event_handler.log_command:Invoking command in '/home/saber/robox_ws/build/robox_moveit_config': CMAKE_PREFIX_PATH=/home/saber/robox_ws/install/robox_arm:/home/saber/robox_ws/install/robox_moveit_config:/home/saber/robox_ws/install/robotic_arm_moveit_config:/home/saber/robox_ws/install/pilz_industrial_motion_planner_testutils:/home/saber/robox_ws/install/moveit_runtime:/home/saber/robox_ws/install/moveit_config:/home/saber/robox_ws/install/moveit:/home/saber/robox_ws/install/moveit_planners:/home/saber/robox_ws/install/pilz_industrial_motion_planner:/home/saber/robox_ws/install/moveit_ros_control_interface:/home/saber/robox_ws/install/moveit_plugins:/home/saber/robox_ws/install/moveit_simple_controller_manager:/home/saber/robox_ws/install/moveit_setup_assistant:/home/saber/robox_ws/install/moveit_setup_srdf_plugins:/home/saber/robox_ws/install/moveit_setup_core_plugins:/home/saber/robox_ws/install/moveit_setup_controllers:/home/saber/robox_ws/install/moveit_setup_app_plugins:/home/saber/robox_ws/install/moveit_setup_framework:/home/saber/robox_ws/install/moveit_servo:/home/saber/robox_ws/install/moveit_ros_trajectory_cache:/home/saber/robox_ws/install/moveit_ros:/home/saber/robox_ws/install/arm_description:/home/saber/robox_ws/install/moveit_ros_visualization:/home/saber/robox_ws/install/moveit_py:/home/saber/robox_ws/install/moveit_hybrid_planning:/home/saber/robox_ws/install/move_program:/home/saber/robox_ws/install/moveit_ros_planning_interface:/home/saber/robox_ws/install/moveit_ros_benchmarks:/home/saber/robox_ws/install/moveit_ros_warehouse:/home/saber/robox_ws/install/moveit_ros_robot_interaction:/home/saber/robox_ws/install/moveit_ros_perception:/home/saber/robox_ws/install/moveit_resources_prbt_pg70_support:/home/saber/robox_ws/install/moveit_resources_prbt_moveit_config:/home/saber/robox_ws/install/moveit_ros_move_group:/home/saber/robox_ws/install/moveit_planners_ompl:/home/saber/robox_ws/install/moveit_kinematics:/home/saber/robox_ws/install/moveit_ros_planning:/home/saber/robox_ws/install/moveit_ros_occupancy_map_monitor:/home/saber/robox_ws/install/moveit_resources_prbt_support:/home/saber/robox_ws/install/moveit_resources_prbt_ikfast_manipulator_plugin:/home/saber/robox_ws/install/moveit_resources:/home/saber/robox_ws/install/moveit_resources_pr2_description:/home/saber/robox_ws/install/moveit_resources_panda_moveit_config:/home/saber/robox_ws/install/dual_arm_panda_moveit_config:/home/saber/robox_ws/install/moveit_resources_panda_description:/home/saber/robox_ws/install/moveit_resources_fanuc_moveit_config:/home/saber/robox_ws/install/moveit_resources_fanuc_description:/home/saber/robox_ws/install/moveit_planners_stomp:/home/saber/robox_ws/install/moveit_planners_chomp:/home/saber/robox_ws/install/chomp_motion_planner:/home/saber/robox_ws/install/moveit_core:/home/saber/robox_ws/install/moveit_msgs:/home/saber/robox_ws/install/moveit_common:/home/saber/robox_ws/install/arm_moveit:/opt/ros/jazzy/opt/gz_sim_vendor:/opt/ros/jazzy/opt/gz_sensors_vendor:/opt/ros/jazzy/opt/gz_physics_vendor:/opt/ros/jazzy/opt/sdformat_vendor:/opt/ros/jazzy/opt/gz_gui_vendor:/opt/ros/jazzy/opt/gz_transport_vendor:/opt/ros/jazzy/opt/gz_rendering_vendor:/opt/ros/jazzy/opt/gz_plugin_vendor:/opt/ros/jazzy/opt/gz_fuel_tools_vendor:/opt/ros/jazzy/opt/gz_msgs_vendor:/opt/ros/jazzy/opt/gz_common_vendor:/opt/ros/jazzy/opt/gz_math_vendor:/opt/ros/jazzy/opt/gz_utils_vendor:/opt/ros/jazzy/opt/gz_tools_vendor:/opt/ros/jazzy/opt/gz_ogre_next_vendor:/opt/ros/jazzy/opt/gz_dartsim_vendor:/opt/ros/jazzy/opt/gz_cmake_vendor:/home/saber/robox_ws/install/arduinobot_py_examples:/home/saber/robox_ws/install/moveit_configs_utils:/opt/ros/jazzy DEBUGINFOD_URLS=https://debuginfod.ubuntu.com /usr/bin/cmake --build /home/saber/robox_ws/build/robox_moveit_config -- -j16 -l16
[0.565s] DEBUG:colcon.colcon_core.event_handler.log_command:Invoked command in '/home/saber/robox_ws/build/robox_moveit_config' returned '0': CMAKE_PREFIX_PATH=/home/saber/robox_ws/install/robox_arm:/home/saber/robox_ws/install/robox_moveit_config:/home/saber/robox_ws/install/robotic_arm_moveit_config:/home/saber/robox_ws/install/pilz_industrial_motion_planner_testutils:/home/saber/robox_ws/install/moveit_runtime:/home/saber/robox_ws/install/moveit_config:/home/saber/robox_ws/install/moveit:/home/saber/robox_ws/install/moveit_planners:/home/saber/robox_ws/install/pilz_industrial_motion_planner:/home/saber/robox_ws/install/moveit_ros_control_interface:/home/saber/robox_ws/install/moveit_plugins:/home/saber/robox_ws/install/moveit_simple_controller_manager:/home/saber/robox_ws/install/moveit_setup_assistant:/home/saber/robox_ws/install/moveit_setup_srdf_plugins:/home/saber/robox_ws/install/moveit_setup_core_plugins:/home/saber/robox_ws/install/moveit_setup_controllers:/home/saber/robox_ws/install/moveit_setup_app_plugins:/home/saber/robox_ws/install/moveit_setup_framework:/home/saber/robox_ws/install/moveit_servo:/home/saber/robox_ws/install/moveit_ros_trajectory_cache:/home/saber/robox_ws/install/moveit_ros:/home/saber/robox_ws/install/arm_description:/home/saber/robox_ws/install/moveit_ros_visualization:/home/saber/robox_ws/install/moveit_py:/home/saber/robox_ws/install/moveit_hybrid_planning:/home/saber/robox_ws/install/move_program:/home/saber/robox_ws/install/moveit_ros_planning_interface:/home/saber/robox_ws/install/moveit_ros_benchmarks:/home/saber/robox_ws/install/moveit_ros_warehouse:/home/saber/robox_ws/install/moveit_ros_robot_interaction:/home/saber/robox_ws/install/moveit_ros_perception:/home/saber/robox_ws/install/moveit_resources_prbt_pg70_support:/home/saber/robox_ws/install/moveit_resources_prbt_moveit_config:/home/saber/robox_ws/install/moveit_ros_move_group:/home/saber/robox_ws/install/moveit_planners_ompl:/home/saber/robox_ws/install/moveit_kinematics:/home/saber/robox_ws/install/moveit_ros_planning:/home/saber/robox_ws/install/moveit_ros_occupancy_map_monitor:/home/saber/robox_ws/install/moveit_resources_prbt_support:/home/saber/robox_ws/install/moveit_resources_prbt_ikfast_manipulator_plugin:/home/saber/robox_ws/install/moveit_resources:/home/saber/robox_ws/install/moveit_resources_pr2_description:/home/saber/robox_ws/install/moveit_resources_panda_moveit_config:/home/saber/robox_ws/install/dual_arm_panda_moveit_config:/home/saber/robox_ws/install/moveit_resources_panda_description:/home/saber/robox_ws/install/moveit_resources_fanuc_moveit_config:/home/saber/robox_ws/install/moveit_resources_fanuc_description:/home/saber/robox_ws/install/moveit_planners_stomp:/home/saber/robox_ws/install/moveit_planners_chomp:/home/saber/robox_ws/install/chomp_motion_planner:/home/saber/robox_ws/install/moveit_core:/home/saber/robox_ws/install/moveit_msgs:/home/saber/robox_ws/install/moveit_common:/home/saber/robox_ws/install/arm_moveit:/opt/ros/jazzy/opt/gz_sim_vendor:/opt/ros/jazzy/opt/gz_sensors_vendor:/opt/ros/jazzy/opt/gz_physics_vendor:/opt/ros/jazzy/opt/sdformat_vendor:/opt/ros/jazzy/opt/gz_gui_vendor:/opt/ros/jazzy/opt/gz_transport_vendor:/opt/ros/jazzy/opt/gz_rendering_vendor:/opt/ros/jazzy/opt/gz_plugin_vendor:/opt/ros/jazzy/opt/gz_fuel_tools_vendor:/opt/ros/jazzy/opt/gz_msgs_vendor:/opt/ros/jazzy/opt/gz_common_vendor:/opt/ros/jazzy/opt/gz_math_vendor:/opt/ros/jazzy/opt/gz_utils_vendor:/opt/ros/jazzy/opt/gz_tools_vendor:/opt/ros/jazzy/opt/gz_ogre_next_vendor:/opt/ros/jazzy/opt/gz_dartsim_vendor:/opt/ros/jazzy/opt/gz_cmake_vendor:/home/saber/robox_ws/install/arduinobot_py_examples:/home/saber/robox_ws/install/moveit_configs_utils:/opt/ros/jazzy DEBUGINFOD_URLS=https://debuginfod.ubuntu.com /usr/bin/cmake --build /home/saber/robox_ws/build/robox_moveit_config -- -j16 -l16
[0.566s] DEBUG:colcon.colcon_core.event_handler.log_command:Invoking command in '/home/saber/robox_ws/build/robox_moveit_config': CMAKE_PREFIX_PATH=/home/saber/robox_ws/install/robox_arm:/home/saber/robox_ws/install/robox_moveit_config:/home/saber/robox_ws/install/robotic_arm_moveit_config:/home/saber/robox_ws/install/pilz_industrial_motion_planner_testutils:/home/saber/robox_ws/install/moveit_runtime:/home/saber/robox_ws/install/moveit_config:/home/saber/robox_ws/install/moveit:/home/saber/robox_ws/install/moveit_planners:/home/saber/robox_ws/install/pilz_industrial_motion_planner:/home/saber/robox_ws/install/moveit_ros_control_interface:/home/saber/robox_ws/install/moveit_plugins:/home/saber/robox_ws/install/moveit_simple_controller_manager:/home/saber/robox_ws/install/moveit_setup_assistant:/home/saber/robox_ws/install/moveit_setup_srdf_plugins:/home/saber/robox_ws/install/moveit_setup_core_plugins:/home/saber/robox_ws/install/moveit_setup_controllers:/home/saber/robox_ws/install/moveit_setup_app_plugins:/home/saber/robox_ws/install/moveit_setup_framework:/home/saber/robox_ws/install/moveit_servo:/home/saber/robox_ws/install/moveit_ros_trajectory_cache:/home/saber/robox_ws/install/moveit_ros:/home/saber/robox_ws/install/arm_description:/home/saber/robox_ws/install/moveit_ros_visualization:/home/saber/robox_ws/install/moveit_py:/home/saber/robox_ws/install/moveit_hybrid_planning:/home/saber/robox_ws/install/move_program:/home/saber/robox_ws/install/moveit_ros_planning_interface:/home/saber/robox_ws/install/moveit_ros_benchmarks:/home/saber/robox_ws/install/moveit_ros_warehouse:/home/saber/robox_ws/install/moveit_ros_robot_interaction:/home/saber/robox_ws/install/moveit_ros_perception:/home/saber/robox_ws/install/moveit_resources_prbt_pg70_support:/home/saber/robox_ws/install/moveit_resources_prbt_moveit_config:/home/saber/robox_ws/install/moveit_ros_move_group:/home/saber/robox_ws/install/moveit_planners_ompl:/home/saber/robox_ws/install/moveit_kinematics:/home/saber/robox_ws/install/moveit_ros_planning:/home/saber/robox_ws/install/moveit_ros_occupancy_map_monitor:/home/saber/robox_ws/install/moveit_resources_prbt_support:/home/saber/robox_ws/install/moveit_resources_prbt_ikfast_manipulator_plugin:/home/saber/robox_ws/install/moveit_resources:/home/saber/robox_ws/install/moveit_resources_pr2_description:/home/saber/robox_ws/install/moveit_resources_panda_moveit_config:/home/saber/robox_ws/install/dual_arm_panda_moveit_config:/home/saber/robox_ws/install/moveit_resources_panda_description:/home/saber/robox_ws/install/moveit_resources_fanuc_moveit_config:/home/saber/robox_ws/install/moveit_resources_fanuc_description:/home/saber/robox_ws/install/moveit_planners_stomp:/home/saber/robox_ws/install/moveit_planners_chomp:/home/saber/robox_ws/install/chomp_motion_planner:/home/saber/robox_ws/install/moveit_core:/home/saber/robox_ws/install/moveit_msgs:/home/saber/robox_ws/install/moveit_common:/home/saber/robox_ws/install/arm_moveit:/opt/ros/jazzy/opt/gz_sim_vendor:/opt/ros/jazzy/opt/gz_sensors_vendor:/opt/ros/jazzy/opt/gz_physics_vendor:/opt/ros/jazzy/opt/sdformat_vendor:/opt/ros/jazzy/opt/gz_gui_vendor:/opt/ros/jazzy/opt/gz_transport_vendor:/opt/ros/jazzy/opt/gz_rendering_vendor:/opt/ros/jazzy/opt/gz_plugin_vendor:/opt/ros/jazzy/opt/gz_fuel_tools_vendor:/opt/ros/jazzy/opt/gz_msgs_vendor:/opt/ros/jazzy/opt/gz_common_vendor:/opt/ros/jazzy/opt/gz_math_vendor:/opt/ros/jazzy/opt/gz_utils_vendor:/opt/ros/jazzy/opt/gz_tools_vendor:/opt/ros/jazzy/opt/gz_ogre_next_vendor:/opt/ros/jazzy/opt/gz_dartsim_vendor:/opt/ros/jazzy/opt/gz_cmake_vendor:/home/saber/robox_ws/install/arduinobot_py_examples:/home/saber/robox_ws/install/moveit_configs_utils:/opt/ros/jazzy DEBUGINFOD_URLS=https://debuginfod.ubuntu.com /usr/bin/cmake --install /home/saber/robox_ws/build/robox_moveit_config
[0.578s] Level 1:colcon.colcon_core.environment:create_environment_scripts_only(robox_moveit_config)
[0.578s] Level 1:colcon.colcon_core.environment:checking '/home/saber/robox_ws/install/robox_moveit_config' for CMake module files
[0.579s] DEBUG:colcon.colcon_core.event_handler.log_command:Invoked command in '/home/saber/robox_ws/build/robox_moveit_config' returned '0': CMAKE_PREFIX_PATH=/home/saber/robox_ws/install/robox_arm:/home/saber/robox_ws/install/robox_moveit_config:/home/saber/robox_ws/install/robotic_arm_moveit_config:/home/saber/robox_ws/install/pilz_industrial_motion_planner_testutils:/home/saber/robox_ws/install/moveit_runtime:/home/saber/robox_ws/install/moveit_config:/home/saber/robox_ws/install/moveit:/home/saber/robox_ws/install/moveit_planners:/home/saber/robox_ws/install/pilz_industrial_motion_planner:/home/saber/robox_ws/install/moveit_ros_control_interface:/home/saber/robox_ws/install/moveit_plugins:/home/saber/robox_ws/install/moveit_simple_controller_manager:/home/saber/robox_ws/install/moveit_setup_assistant:/home/saber/robox_ws/install/moveit_setup_srdf_plugins:/home/saber/robox_ws/install/moveit_setup_core_plugins:/home/saber/robox_ws/install/moveit_setup_controllers:/home/saber/robox_ws/install/moveit_setup_app_plugins:/home/saber/robox_ws/install/moveit_setup_framework:/home/saber/robox_ws/install/moveit_servo:/home/saber/robox_ws/install/moveit_ros_trajectory_cache:/home/saber/robox_ws/install/moveit_ros:/home/saber/robox_ws/install/arm_description:/home/saber/robox_ws/install/moveit_ros_visualization:/home/saber/robox_ws/install/moveit_py:/home/saber/robox_ws/install/moveit_hybrid_planning:/home/saber/robox_ws/install/move_program:/home/saber/robox_ws/install/moveit_ros_planning_interface:/home/saber/robox_ws/install/moveit_ros_benchmarks:/home/saber/robox_ws/install/moveit_ros_warehouse:/home/saber/robox_ws/install/moveit_ros_robot_interaction:/home/saber/robox_ws/install/moveit_ros_perception:/home/saber/robox_ws/install/moveit_resources_prbt_pg70_support:/home/saber/robox_ws/install/moveit_resources_prbt_moveit_config:/home/saber/robox_ws/install/moveit_ros_move_group:/home/saber/robox_ws/install/moveit_planners_ompl:/home/saber/robox_ws/install/moveit_kinematics:/home/saber/robox_ws/install/moveit_ros_planning:/home/saber/robox_ws/install/moveit_ros_occupancy_map_monitor:/home/saber/robox_ws/install/moveit_resources_prbt_support:/home/saber/robox_ws/install/moveit_resources_prbt_ikfast_manipulator_plugin:/home/saber/robox_ws/install/moveit_resources:/home/saber/robox_ws/install/moveit_resources_pr2_description:/home/saber/robox_ws/install/moveit_resources_panda_moveit_config:/home/saber/robox_ws/install/dual_arm_panda_moveit_config:/home/saber/robox_ws/install/moveit_resources_panda_description:/home/saber/robox_ws/install/moveit_resources_fanuc_moveit_config:/home/saber/robox_ws/install/moveit_resources_fanuc_description:/home/saber/robox_ws/install/moveit_planners_stomp:/home/saber/robox_ws/install/moveit_planners_chomp:/home/saber/robox_ws/install/chomp_motion_planner:/home/saber/robox_ws/install/moveit_core:/home/saber/robox_ws/install/moveit_msgs:/home/saber/robox_ws/install/moveit_common:/home/saber/robox_ws/install/arm_moveit:/opt/ros/jazzy/opt/gz_sim_vendor:/opt/ros/jazzy/opt/gz_sensors_vendor:/opt/ros/jazzy/opt/gz_physics_vendor:/opt/ros/jazzy/opt/sdformat_vendor:/opt/ros/jazzy/opt/gz_gui_vendor:/opt/ros/jazzy/opt/gz_transport_vendor:/opt/ros/jazzy/opt/gz_rendering_vendor:/opt/ros/jazzy/opt/gz_plugin_vendor:/opt/ros/jazzy/opt/gz_fuel_tools_vendor:/opt/ros/jazzy/opt/gz_msgs_vendor:/opt/ros/jazzy/opt/gz_common_vendor:/opt/ros/jazzy/opt/gz_math_vendor:/opt/ros/jazzy/opt/gz_utils_vendor:/opt/ros/jazzy/opt/gz_tools_vendor:/opt/ros/jazzy/opt/gz_ogre_next_vendor:/opt/ros/jazzy/opt/gz_dartsim_vendor:/opt/ros/jazzy/opt/gz_cmake_vendor:/home/saber/robox_ws/install/arduinobot_py_examples:/home/saber/robox_ws/install/moveit_configs_utils:/opt/ros/jazzy DEBUGINFOD_URLS=https://debuginfod.ubuntu.com /usr/bin/cmake --install /home/saber/robox_ws/build/robox_moveit_config
[0.579s] Level 1:colcon.colcon_core.environment:checking '/home/saber/robox_ws/install/robox_moveit_config' for CMake config files
[0.579s] Level 1:colcon.colcon_core.shell:create_environment_hook('robox_moveit_config', 'cmake_prefix_path')
[0.579s] INFO:colcon.colcon_core.shell:Creating environment hook '/home/saber/robox_ws/install/robox_moveit_config/share/robox_moveit_config/hook/cmake_prefix_path.ps1'
[0.580s] INFO:colcon.colcon_core.shell:Creating environment descriptor '/home/saber/robox_ws/install/robox_moveit_config/share/robox_moveit_config/hook/cmake_prefix_path.dsv'
[0.580s] INFO:colcon.colcon_core.shell:Creating environment hook '/home/saber/robox_ws/install/robox_moveit_config/share/robox_moveit_config/hook/cmake_prefix_path.sh'
[0.580s] Level 1:colcon.colcon_core.environment:checking '/home/saber/robox_ws/install/robox_moveit_config/bin'
[0.580s] Level 1:colcon.colcon_core.environment:checking '/home/saber/robox_ws/install/robox_moveit_config/lib/pkgconfig/robox_moveit_config.pc'
[0.580s] Level 1:colcon.colcon_core.environment:checking '/home/saber/robox_ws/install/robox_moveit_config/lib/python3.12/site-packages'
[0.581s] Level 1:colcon.colcon_core.environment:checking '/home/saber/robox_ws/install/robox_moveit_config/bin'
[0.581s] INFO:colcon.colcon_core.shell:Creating package script '/home/saber/robox_ws/install/robox_moveit_config/share/robox_moveit_config/package.ps1'
[0.581s] INFO:colcon.colcon_core.shell:Creating package descriptor '/home/saber/robox_ws/install/robox_moveit_config/share/robox_moveit_config/package.dsv'
[0.581s] INFO:colcon.colcon_core.shell:Creating package script '/home/saber/robox_ws/install/robox_moveit_config/share/robox_moveit_config/package.sh'
[0.582s] INFO:colcon.colcon_core.shell:Creating package script '/home/saber/robox_ws/install/robox_moveit_config/share/robox_moveit_config/package.bash'
[0.582s] INFO:colcon.colcon_core.shell:Creating package script '/home/saber/robox_ws/install/robox_moveit_config/share/robox_moveit_config/package.zsh'
[0.582s] Level 1:colcon.colcon_core.environment:create_file_with_runtime_dependencies(/home/saber/robox_ws/install/robox_moveit_config/share/colcon-core/packages/robox_moveit_config)
[0.583s] Level 1:colcon.colcon_core.environment:create_environment_scripts_only(robox_moveit_config)
[0.583s] Level 1:colcon.colcon_core.environment:checking '/home/saber/robox_ws/install/robox_moveit_config' for CMake module files
[0.583s] Level 1:colcon.colcon_core.environment:checking '/home/saber/robox_ws/install/robox_moveit_config' for CMake config files
[0.583s] Level 1:colcon.colcon_core.shell:create_environment_hook('robox_moveit_config', 'cmake_prefix_path')
[0.583s] INFO:colcon.colcon_core.shell:Creating environment hook '/home/saber/robox_ws/install/robox_moveit_config/share/robox_moveit_config/hook/cmake_prefix_path.ps1'
[0.584s] INFO:colcon.colcon_core.shell:Creating environment descriptor '/home/saber/robox_ws/install/robox_moveit_config/share/robox_moveit_config/hook/cmake_prefix_path.dsv'
[0.584s] INFO:colcon.colcon_core.shell:Creating environment hook '/home/saber/robox_ws/install/robox_moveit_config/share/robox_moveit_config/hook/cmake_prefix_path.sh'
[0.584s] Level 1:colcon.colcon_core.environment:checking '/home/saber/robox_ws/install/robox_moveit_config/bin'
[0.584s] Level 1:colcon.colcon_core.environment:checking '/home/saber/robox_ws/install/robox_moveit_config/lib/pkgconfig/robox_moveit_config.pc'
[0.584s] Level 1:colcon.colcon_core.environment:checking '/home/saber/robox_ws/install/robox_moveit_config/lib/python3.12/site-packages'
[0.585s] Level 1:colcon.colcon_core.environment:checking '/home/saber/robox_ws/install/robox_moveit_config/bin'
[0.585s] INFO:colcon.colcon_core.shell:Creating package script '/home/saber/robox_ws/install/robox_moveit_config/share/robox_moveit_config/package.ps1'
[0.585s] INFO:colcon.colcon_core.shell:Creating package descriptor '/home/saber/robox_ws/install/robox_moveit_config/share/robox_moveit_config/package.dsv'
[0.585s] INFO:colcon.colcon_core.shell:Creating package script '/home/saber/robox_ws/install/robox_moveit_config/share/robox_moveit_config/package.sh'
[0.586s] INFO:colcon.colcon_core.shell:Creating package script '/home/saber/robox_ws/install/robox_moveit_config/share/robox_moveit_config/package.bash'
[0.586s] INFO:colcon.colcon_core.shell:Creating package script '/home/saber/robox_ws/install/robox_moveit_config/share/robox_moveit_config/package.zsh'
[0.586s] Level 1:colcon.colcon_core.environment:create_file_with_runtime_dependencies(/home/saber/robox_ws/install/robox_moveit_config/share/colcon-core/packages/robox_moveit_config)
[1.140s] DEBUG:colcon.colcon_core.event_handler.log_command:Invoking command in '/home/saber/robox_ws/src/arduinobot_py_examples': DEBUGINFOD_URLS=https://debuginfod.ubuntu.com PYTHONPATH=/home/saber/robox_ws/build/arduinobot_py_examples/prefix_override:/usr/lib/python3/dist-packages/colcon_core/task/python/colcon_distutils_commands:/home/saber/robox_ws/install/arduinobot_py_examples/lib/python3.12/site-packages:${PYTHONPATH} /usr/bin/python3 -W ignore:setup.py install is deprecated -W ignore:easy_install command is deprecated setup.py egg_info --egg-base ../../build/arduinobot_py_examples build --build-base /home/saber/robox_ws/build/arduinobot_py_examples/build install --record /home/saber/robox_ws/build/arduinobot_py_examples/install.log --single-version-externally-managed install_data
[1.753s] Level 1:colcon.colcon_core.environment:checking '/home/saber/robox_ws/install/arduinobot_py_examples' for CMake module files
[1.754s] DEBUG:colcon.colcon_core.event_handler.log_command:Invoked command in '/home/saber/robox_ws/src/arduinobot_py_examples' returned '0': DEBUGINFOD_URLS=https://debuginfod.ubuntu.com PYTHONPATH=/home/saber/robox_ws/build/arduinobot_py_examples/prefix_override:/usr/lib/python3/dist-packages/colcon_core/task/python/colcon_distutils_commands:/home/saber/robox_ws/install/arduinobot_py_examples/lib/python3.12/site-packages:${PYTHONPATH} /usr/bin/python3 -W ignore:setup.py install is deprecated -W ignore:easy_install command is deprecated setup.py egg_info --egg-base ../../build/arduinobot_py_examples build --build-base /home/saber/robox_ws/build/arduinobot_py_examples/build install --record /home/saber/robox_ws/build/arduinobot_py_examples/install.log --single-version-externally-managed install_data
[1.754s] Level 1:colcon.colcon_core.environment:checking '/home/saber/robox_ws/install/arduinobot_py_examples' for CMake config files
[1.754s] Level 1:colcon.colcon_core.environment:checking '/home/saber/robox_ws/install/arduinobot_py_examples/lib'
[1.755s] Level 1:colcon.colcon_core.environment:checking '/home/saber/robox_ws/install/arduinobot_py_examples/bin'
[1.755s] Level 1:colcon.colcon_core.environment:checking '/home/saber/robox_ws/install/arduinobot_py_examples/lib/pkgconfig/arduinobot_py_examples.pc'
[1.755s] Level 1:colcon.colcon_core.environment:checking '/home/saber/robox_ws/install/arduinobot_py_examples/lib/python3.12/site-packages'
[1.755s] Level 1:colcon.colcon_core.shell:create_environment_hook('arduinobot_py_examples', 'pythonpath')
[1.755s] INFO:colcon.colcon_core.shell:Creating environment hook '/home/saber/robox_ws/install/arduinobot_py_examples/share/arduinobot_py_examples/hook/pythonpath.ps1'
[1.755s] INFO:colcon.colcon_core.shell:Creating environment descriptor '/home/saber/robox_ws/install/arduinobot_py_examples/share/arduinobot_py_examples/hook/pythonpath.dsv'
[1.756s] INFO:colcon.colcon_core.shell:Creating environment hook '/home/saber/robox_ws/install/arduinobot_py_examples/share/arduinobot_py_examples/hook/pythonpath.sh'
[1.756s] Level 1:colcon.colcon_core.environment:checking '/home/saber/robox_ws/install/arduinobot_py_examples/bin'
[1.756s] Level 1:colcon.colcon_core.environment:create_environment_scripts_only(arduinobot_py_examples)
[1.756s] INFO:colcon.colcon_core.shell:Creating package script '/home/saber/robox_ws/install/arduinobot_py_examples/share/arduinobot_py_examples/package.ps1'
[1.757s] INFO:colcon.colcon_core.shell:Creating package descriptor '/home/saber/robox_ws/install/arduinobot_py_examples/share/arduinobot_py_examples/package.dsv'
[1.757s] INFO:colcon.colcon_core.shell:Creating package script '/home/saber/robox_ws/install/arduinobot_py_examples/share/arduinobot_py_examples/package.sh'
[1.757s] INFO:colcon.colcon_core.shell:Creating package script '/home/saber/robox_ws/install/arduinobot_py_examples/share/arduinobot_py_examples/package.bash'
[1.758s] INFO:colcon.colcon_core.shell:Creating package script '/home/saber/robox_ws/install/arduinobot_py_examples/share/arduinobot_py_examples/package.zsh'
[1.758s] Level 1:colcon.colcon_core.environment:create_file_with_runtime_dependencies(/home/saber/robox_ws/install/arduinobot_py_examples/share/colcon-core/packages/arduinobot_py_examples)
[1.758s] DEBUG:colcon.colcon_parallel_executor.executor.parallel:closing loop
[1.758s] DEBUG:colcon.colcon_parallel_executor.executor.parallel:loop closed
[1.758s] DEBUG:colcon.colcon_parallel_executor.executor.parallel:run_until_complete finished with '0'
[1.759s] DEBUG:colcon.colcon_core.event_reactor:joining thread
[1.763s] INFO:colcon.colcon_core.plugin_system:Skipping extension 'colcon_notification.desktop_notification.terminal_notifier': Not used on non-Darwin systems
[1.764s] INFO:colcon.colcon_core.plugin_system:Skipping extension 'colcon_notification.desktop_notification.win32': Not used on non-Windows systems
[1.764s] INFO:colcon.colcon_notification.desktop_notification:Sending desktop notification using 'notify2'
[1.774s] DEBUG:colcon.colcon_core.event_reactor:joined thread
[1.774s] INFO:colcon.colcon_core.shell:Creating prefix script '/home/saber/robox_ws/install/local_setup.ps1'
[1.775s] INFO:colcon.colcon_core.shell:Creating prefix util module '/home/saber/robox_ws/install/_local_setup_util_ps1.py'
[1.776s] INFO:colcon.colcon_core.shell:Creating prefix chain script '/home/saber/robox_ws/install/setup.ps1'
[1.777s] INFO:colcon.colcon_core.shell:Creating prefix script '/home/saber/robox_ws/install/local_setup.sh'
[1.778s] INFO:colcon.colcon_core.shell:Creating prefix util module '/home/saber/robox_ws/install/_local_setup_util_sh.py'
[1.778s] INFO:colcon.colcon_core.shell:Creating prefix chain script '/home/saber/robox_ws/install/setup.sh'
[1.779s] INFO:colcon.colcon_core.shell:Creating prefix script '/home/saber/robox_ws/install/local_setup.bash'
[1.780s] INFO:colcon.colcon_core.shell:Creating prefix chain script '/home/saber/robox_ws/install/setup.bash'
[1.781s] INFO:colcon.colcon_core.shell:Creating prefix script '/home/saber/robox_ws/install/local_setup.zsh'
[1.781s] INFO:colcon.colcon_core.shell:Creating prefix chain script '/home/saber/robox_ws/install/setup.zsh'
