[0.013s] Invoking command in '/home/saber/robox_ws/build/moveit_core': AMENT_PREFIX_PATH=/home/saber/robox_ws/install/moveit_common:${AMENT_PREFIX_PATH} CMAKE_PREFIX_PATH=/home/saber/robox_ws/install/moveit_common:/home/saber/ws_moveit/install/robotiq_hardware_tests:/home/saber/ws_moveit/install/robotiq_driver:/home/saber/ws_moveit/install/serial:/home/saber/ws_moveit/install/moveit_visual_tools:/home/saber/ws_moveit/install/rviz_visual_tools:/home/saber/ws_moveit/install/rviz_marker_tools:/home/saber/ws_moveit/install/robox_arm:/home/saber/ws_moveit/install/kortex_bringup:/home/saber/ws_moveit/install/kortex_description:/home/saber/ws_moveit/install/robotiq_description:/home/saber/ws_moveit/install/robotiq_controllers:/home/saber/ws_moveit/install/pilz_industrial_motion_planner_testutils:/home/saber/ws_moveit/install/moveit_task_constructor_msgs:/home/saber/ws_moveit/install/moveit_ros_control_interface:/home/saber/ws_moveit/install/moveit_plugins:/home/saber/ws_moveit/install/moveit_simple_controller_manager:/home/saber/ws_moveit/install/moveit_ros_benchmarks:/home/saber/ws_moveit/install/moveit_ros_warehouse:/home/saber/ws_moveit/install/moveit_ros_robot_interaction:/home/saber/ws_moveit/install/moveit_ros_perception:/home/saber/ws_moveit/install/moveit_resources_prbt_pg70_support:/home/saber/ws_moveit/install/moveit_resources_prbt_moveit_config:/home/saber/ws_moveit/install/description:/home/saber/ws_moveit/install/moveit_ros_move_group:/home/saber/ws_moveit/install/moveit_planners_ompl:/home/saber/ws_moveit/install/moveit_kinematics:/home/saber/ws_moveit/install/moveit_ros_planning:/home/saber/ws_moveit/install/moveit_ros_occupancy_map_monitor:/home/saber/ws_moveit/install/moveit_resources_prbt_support:/home/saber/ws_moveit/install/moveit_resources_prbt_ikfast_manipulator_plugin:/home/saber/ws_moveit/install/moveit_resources:/home/saber/ws_moveit/install/moveit_resources_pr2_description:/home/saber/ws_moveit/install/moveit_resources_panda_moveit_config:/home/saber/ws_moveit/install/dual_arm_panda_moveit_config:/home/saber/ws_moveit/install/moveit_resources_panda_description:/home/saber/ws_moveit/install/moveit_resources_fanuc_moveit_config:/home/saber/ws_moveit/install/moveit_resources_fanuc_description:/home/saber/ws_moveit/install/moveit_planners_stomp:/home/saber/ws_moveit/install/moveit_planners_chomp:/home/saber/ws_moveit/install/chomp_motion_planner:/home/saber/ws_moveit/install/moveit_core:/home/saber/ws_moveit/install/moveit_msgs:/home/saber/ws_moveit/install/moveit_common:/home/saber/ws_moveit/install/kortex_driver:/home/saber/ws_moveit/install/kortex_api:/home/saber/robox_ws/install/robox_moveit_config:/home/saber/robox_ws/install/robox_arm:/home/saber/arduinobot_ws/install/controller:/home/saber/arduinobot_ws/install/arduinobot_cpp_examples:/opt/ros/jazzy/opt/gz_sim_vendor:/opt/ros/jazzy/opt/gz_sensors_vendor:/opt/ros/jazzy/opt/gz_physics_vendor:/opt/ros/jazzy/opt/sdformat_vendor:/opt/ros/jazzy/opt/gz_gui_vendor:/opt/ros/jazzy/opt/gz_transport_vendor:/opt/ros/jazzy/opt/gz_rendering_vendor:/opt/ros/jazzy/opt/gz_plugin_vendor:/opt/ros/jazzy/opt/gz_fuel_tools_vendor:/opt/ros/jazzy/opt/gz_msgs_vendor:/opt/ros/jazzy/opt/gz_common_vendor:/opt/ros/jazzy/opt/gz_math_vendor:/opt/ros/jazzy/opt/gz_utils_vendor:/opt/ros/jazzy/opt/gz_tools_vendor:/opt/ros/jazzy/opt/gz_ogre_next_vendor:/opt/ros/jazzy/opt/gz_dartsim_vendor:/opt/ros/jazzy/opt/gz_cmake_vendor:/home/saber/ws_moveit/install/moveit_configs_utils:/home/saber/robox_ws/install/arduinobot_py_examples:/home/saber/arduinobot_ws/install/arduinobot_py_examples:/opt/ros/jazzy DEBUGINFOD_URLS=https://debuginfod.ubuntu.com /usr/bin/cmake --build /home/saber/robox_ws/build/moveit_core -- -j16 -l16
[0.108s] [  2%] [32mBuilding CXX object gtest/CMakeFiles/gtest.dir/src/gtest-all.cc.o[0m
[0.108s] [  4%] Built target moveit_butterworth_filter_parameters
[0.108s] [  4%] Built target moveit_ruckig_filter_parameters
[0.108s] [  5%] Built target moveit_acceleration_filter_parameters
[0.108s] [  5%] Built target gtest_main
[0.108s] [  5%] [34m[1mGenerate version header[0m
[0.112s] [  5%] [32mBuilding CXX object gmock/CMakeFiles/gmock.dir/opt/ros/jazzy/src/gtest_vendor/src/gtest-all.cc.o[0m
[0.112s] [  7%] Built target gmock_main
[0.124s] [  9%] Built target moveit_smoothing_base
[0.127s] [ 12%] Built target moveit_utils
[0.166s] [ 12%] [32mBuilding CXX object utils/test/CMakeFiles/logger_dut.dir/logger_dut.cpp.o[0m
[0.167s] [ 12%] [32mBuilding CXX object transforms/CMakeFiles/moveit_transforms.dir/src/transforms.cpp.o[0m
[0.173s] [ 15%] [32mBuilding CXX object distance_field/CMakeFiles/moveit_distance_field.dir/src/distance_field.cpp.o[0m
[0.173s] [ 15%] Built target moveit_exceptions
[0.173s] [ 16%] [34m[1mGenerating version.hpp[0m
[0.177s] [ 17%] [32mBuilding CXX object distance_field/CMakeFiles/moveit_distance_field.dir/src/propagation_distance_field.cpp.o[0m
[0.192s] [ 17%] Built target version_hpp
[0.230s] [ 19%] [32mBuilding CXX object robot_model/CMakeFiles/moveit_robot_model.dir/src/floating_joint_model.cpp.o[0m
[0.231s] [ 19%] [32mBuilding CXX object robot_model/CMakeFiles/moveit_robot_model.dir/src/link_model.cpp.o[0m
[0.231s] [ 19%] [32mBuilding CXX object robot_model/CMakeFiles/moveit_robot_model.dir/src/joint_model.cpp.o[0m
[0.231s] [ 20%] [32mBuilding CXX object robot_model/CMakeFiles/moveit_robot_model.dir/src/aabb.cpp.o[0m
[0.235s] [ 20%] [32mBuilding CXX object robot_model/CMakeFiles/moveit_robot_model.dir/src/revolute_joint_model.cpp.o[0m
[0.235s] [ 21%] [32mBuilding CXX object robot_model/CMakeFiles/moveit_robot_model.dir/src/robot_model.cpp.o[0m
[0.238s] [ 22%] [32mBuilding CXX object robot_model/CMakeFiles/moveit_robot_model.dir/src/joint_model_group.cpp.o[0m
[0.238s] [ 20%] [32mBuilding CXX object robot_model/CMakeFiles/moveit_robot_model.dir/src/planar_joint_model.cpp.o[0m
[0.253s] [ 23%] Built target moveit_version
[8.726s] [ 24%] [32m[1mLinking CXX executable logger_dut[0m
[9.268s] [ 24%] Built target logger_dut
[13.491s] [ 25%] [32m[1mLinking CXX shared library libmoveit_transforms.so[0m
[13.846s] [ 25%] Built target moveit_transforms
[14.038s] [ 25%] [32m[1mLinking CXX static library libgmock.a[0m
[14.082s] [ 25%] [32m[1mLinking CXX shared library libmoveit_distance_field.so[0m
[14.161s] [ 26%] [32m[1mLinking CXX static library libgtest.a[0m
[14.424s] [ 27%] Built target gmock
[14.424s] [ 27%] Built target gtest
[14.445s] [ 27%] Built target moveit_distance_field
[14.465s] [ 28%] [32mBuilding CXX object transforms/CMakeFiles/test_transforms.dir/test/test_transforms.cpp.o[0m
[14.486s] [ 29%] [32mBuilding CXX object distance_field/CMakeFiles/test_distance_field.dir/test/test_distance_field.cpp.o[0m
[14.486s] [ 29%] [32mBuilding CXX object distance_field/CMakeFiles/test_voxel_grid.dir/test/test_voxel_grid.cpp.o[0m
[16.020s] [ 29%] [32m[1mLinking CXX shared library libmoveit_robot_model.so[0m
[16.229s] [ 30%] Built target moveit_robot_model
[16.266s] [ 32%] [32mBuilding CXX object kinematics_base/CMakeFiles/moveit_kinematics_base.dir/src/kinematics_base.cpp.o[0m
[16.266s] [ 32%] [32mBuilding CXX object online_signal_smoothing/CMakeFiles/moveit_butterworth_filter.dir/src/butterworth_filter.cpp.o[0m
[17.513s] [ 32%] [32m[1mLinking CXX executable test_transforms[0m
[17.757s] [ 32%] Built target test_transforms
[18.493s] [ 32%] [32m[1mLinking CXX executable test_voxel_grid[0m
[18.908s] [ 32%] Built target test_voxel_grid
[21.111s] [ 32%] [32m[1mLinking CXX shared library libmoveit_kinematics_base.so[0m
[21.256s] [ 32%] Built target moveit_kinematics_base
[21.291s] [ 35%] [32mBuilding CXX object robot_state/CMakeFiles/moveit_robot_state.dir/src/conversions.cpp.o[0m
[21.291s] [ 35%] [32mBuilding CXX object robot_state/CMakeFiles/moveit_robot_state.dir/src/robot_state.cpp.o[0m
[21.291s] [ 35%] [32mBuilding CXX object robot_state/CMakeFiles/moveit_robot_state.dir/src/attached_body.cpp.o[0m
[21.291s] [ 35%] [32mBuilding CXX object utils/CMakeFiles/moveit_test_utils.dir/src/robot_model_test_utils.cpp.o[0m
[21.291s] [ 35%] [32mBuilding CXX object robot_state/CMakeFiles/moveit_robot_state.dir/src/cartesian_interpolator.cpp.o[0m
[22.646s] [ 35%] [32m[1mLinking CXX shared library libmoveit_butterworth_filter.so[0m
[22.956s] [ 35%] Built target moveit_butterworth_filter
[23.000s] [ 35%] [32mBuilding CXX object online_signal_smoothing/CMakeFiles/test_butterworth_filter.dir/test/test_butterworth_filter.cpp.o[0m
[24.152s] [ 36%] [32m[1mLinking CXX executable test_distance_field[0m
[24.608s] [ 36%] Built target test_distance_field
[29.728s] [ 37%] [32m[1mLinking CXX executable test_butterworth_filter[0m
[29.980s] [ 37%] Built target test_butterworth_filter
[38.094s] [ 38%] [32m[1mLinking CXX shared library libmoveit_test_utils.so[0m
[38.390s] [ 38%] Built target moveit_test_utils
[38.435s] [ 39%] [32mBuilding CXX object robot_model/CMakeFiles/test_robot_model.dir/test/test.cpp.o[0m
[42.891s] [ 39%] [32m[1mLinking CXX shared library libmoveit_robot_state.so[0m
[43.198s] [ 39%] Built target moveit_robot_state
[43.262s] [ 44%] [32mBuilding CXX object robot_state/CMakeFiles/test_aabb.dir/test/test_aabb.cpp.o[0m
[43.262s] [ 44%] [32mBuilding CXX object robot_state/CMakeFiles/test_cartesian_interpolator.dir/test/test_cartesian_interpolator.cpp.o[0m
[43.262s] [ 44%] [32mBuilding CXX object robot_state/CMakeFiles/test_robot_state_complex.dir/test/test_kinematic_complex.cpp.o[0m
[43.262s] [ 44%] [32mBuilding CXX object collision_detection/CMakeFiles/moveit_collision_detection.dir/src/collision_matrix.cpp.o[0m
[43.262s] [ 44%] [32mBuilding CXX object online_signal_smoothing/CMakeFiles/moveit_ruckig_filter.dir/src/ruckig_filter.cpp.o[0m
[43.263s] [ 44%] [32mBuilding CXX object robot_state/CMakeFiles/robot_state_benchmark.dir/test/robot_state_benchmark.cpp.o[0m
[43.263s] [ 44%] [32mBuilding CXX object kinematics_metrics/CMakeFiles/moveit_kinematics_metrics.dir/src/kinematics_metrics.cpp.o[0m
[43.263s] [ 44%] [32mBuilding CXX object collision_detection/CMakeFiles/moveit_collision_detection.dir/src/allvalid/collision_env_allvalid.cpp.o[0m
[43.265s] [ 44%] [32mBuilding CXX object collision_detection/CMakeFiles/moveit_collision_detection.dir/src/collision_common.cpp.o[0m
[43.266s] [ 46%] [32mBuilding CXX object robot_state/CMakeFiles/test_robot_state.dir/test/robot_state_test.cpp.o[0m
[43.267s] [ 46%] [32mBuilding CXX object dynamics_solver/CMakeFiles/moveit_dynamics_solver.dir/src/dynamics_solver.cpp.o[0m
[43.267s] [ 47%] [32mBuilding CXX object robot_trajectory/CMakeFiles/moveit_robot_trajectory.dir/src/robot_trajectory.cpp.o[0m
[43.267s] [ 48%] [32mBuilding CXX object collision_detection/CMakeFiles/moveit_collision_detection.dir/src/collision_octomap_filter.cpp.o[0m
[43.267s] [ 48%] [32mBuilding CXX object collision_detection/CMakeFiles/moveit_collision_detection.dir/src/collision_tools.cpp.o[0m
[43.268s] [ 48%] [32mBuilding CXX object online_signal_smoothing/CMakeFiles/moveit_acceleration_filter.dir/src/acceleration_filter.cpp.o[0m
[44.242s] [ 48%] [32m[1mLinking CXX executable test_robot_model[0m
[45.731s] [ 48%] Built target test_robot_model
[45.779s] [ 49%] [32mBuilding CXX object collision_detection/CMakeFiles/moveit_collision_detection.dir/src/world.cpp.o[0m
[63.774s] [ 49%] [32mBuilding CXX object collision_detection/CMakeFiles/moveit_collision_detection.dir/src/world_diff.cpp.o[0m
[66.526s] [ 50%] [32mBuilding CXX object collision_detection/CMakeFiles/moveit_collision_detection.dir/src/collision_env.cpp.o[0m
[67.316s] [ 50%] [32mBuilding CXX object collision_detection/CMakeFiles/moveit_collision_detection.dir/src/collision_plugin_cache.cpp.o[0m
[89.169s] [ 52%] [32m[1mLinking CXX executable robot_state_benchmark[0m
[89.186s] [ 52%] [32m[1mLinking CXX executable test_cartesian_interpolator[0m
[90.223s] [ 52%] Built target robot_state_benchmark
[90.232s] [ 52%] Built target test_cartesian_interpolator
[91.025s] [ 53%] [32m[1mLinking CXX executable test_robot_state_complex[0m
[91.889s] [ 53%] Built target test_robot_state_complex
[92.047s] [ 53%] [32m[1mLinking CXX shared library libmoveit_dynamics_solver.so[0m
[92.516s] [ 53%] Built target moveit_dynamics_solver
[95.638s] [ 54%] [32m[1mLinking CXX shared library libmoveit_collision_detection.so[0m
[96.143s] [ 54%] [32m[1mLinking CXX executable test_aabb[0m
[96.310s] [ 55%] [32m[1mLinking CXX shared library libmoveit_acceleration_filter.so[0m
[96.540s] [ 55%] Built target moveit_collision_detection
[96.644s] [ 57%] [32mBuilding CXX object collision_detection_fcl/CMakeFiles/moveit_collision_detection_fcl.dir/src/collision_env_fcl.cpp.o[0m
[96.646s] [ 58%] [32mBuilding CXX object collision_detection_fcl/CMakeFiles/moveit_collision_detection_fcl.dir/src/collision_common.cpp.o[0m
[96.648s] [ 59%] [32mBuilding CXX object collision_detection/CMakeFiles/test_world.dir/test/test_world.cpp.o[0m
[96.648s] [ 61%] [32mBuilding CXX object collision_detection_bullet/CMakeFiles/moveit_collision_detection_bullet.dir/src/bullet_integration/bullet_bvh_manager.cpp.o[0m
[96.648s] [ 61%] [32mBuilding CXX object collision_detection_bullet/CMakeFiles/moveit_collision_detection_bullet.dir/src/bullet_integration/bullet_discrete_bvh_manager.cpp.o[0m
[96.649s] [ 61%] [32mBuilding CXX object collision_detection/CMakeFiles/test_world_diff.dir/test/test_world_diff.cpp.o[0m
[96.649s] [ 59%] [32mBuilding CXX object collision_detection/CMakeFiles/test_all_valid.dir/test/test_all_valid.cpp.o[0m
[96.650s] [ 59%] [32mBuilding CXX object collision_detection_bullet/CMakeFiles/moveit_collision_detection_bullet.dir/src/collision_env_bullet.cpp.o[0m
[96.650s] [ 62%] [32mBuilding CXX object collision_detection_bullet/CMakeFiles/moveit_collision_detection_bullet.dir/src/bullet_integration/bullet_cast_bvh_manager.cpp.o[0m
[96.650s] [ 62%] [32mBuilding CXX object collision_detection_bullet/CMakeFiles/moveit_collision_detection_bullet.dir/src/bullet_integration/bullet_utils.cpp.o[0m
[97.162s] [ 62%] [32m[1mLinking CXX shared library libmoveit_ruckig_filter.so[0m
[97.178s] [ 62%] Built target moveit_acceleration_filter
[97.280s] [ 63%] [32mBuilding CXX object online_signal_smoothing/CMakeFiles/test_acceleration_filter.dir/test/test_acceleration_filter.cpp.o[0m
[97.561s] [ 63%] Built target test_aabb
[97.603s] [ 63%] [32mBuilding CXX object collision_detection_bullet/CMakeFiles/moveit_collision_detection_bullet.dir/src/bullet_integration/contact_checker_common.cpp.o[0m
[98.263s] [ 63%] Built target moveit_ruckig_filter
[98.300s] [ 64%] [32mBuilding CXX object collision_detection_bullet/CMakeFiles/moveit_collision_detection_bullet.dir/src/bullet_integration/ros_bullet_utils.cpp.o[0m
[98.751s] [ 64%] [32m[1mLinking CXX shared library libmoveit_robot_trajectory.so[0m
[99.788s] [ 64%] Built target moveit_robot_trajectory
[99.950s] [ 64%] [32mBuilding CXX object trajectory_processing/CMakeFiles/moveit_trajectory_processing.dir/src/ruckig_traj_smoothing.cpp.o[0m
[113.072s] [ 64%] [32m[1mLinking CXX executable test_world_diff[0m
[114.265s] [ 64%] Built target test_world_diff
[116.594s] [ 64%] [32m[1mLinking CXX executable test_world[0m
[117.659s] [ 64%] Built target test_world
[121.775s] [ 64%] [32mBuilding CXX object trajectory_processing/CMakeFiles/moveit_trajectory_processing.dir/src/time_optimal_trajectory_generation.cpp.o[0m
[133.370s] [ 64%] [32m[1mLinking CXX executable test_all_valid[0m
[134.322s] [ 64%] Built target test_all_valid
[134.792s] [ 65%] [32mBuilding CXX object trajectory_processing/CMakeFiles/moveit_trajectory_processing.dir/src/trajectory_tools.cpp.o[0m
[135.774s] [ 65%] [32m[1mLinking CXX shared library libmoveit_kinematics_metrics.so[0m
[136.045s] [ 65%] Built target moveit_kinematics_metrics
[136.397s] [ 65%] [32m[1mLinking CXX shared library libmoveit_collision_detection_bullet.so[0m
[136.591s] [ 66%] [32m[1mLinking CXX shared library libmoveit_collision_detection_fcl.so[0m
[136.732s] [ 66%] Built target moveit_collision_detection_bullet
[136.906s] [ 66%] Built target moveit_collision_detection_fcl
[137.416s] [ 66%] [32m[1mLinking CXX executable test_acceleration_filter[0m
[137.832s] [ 66%] Built target test_acceleration_filter
[142.281s] [ 67%] [32m[1mLinking CXX shared library libmoveit_trajectory_processing.so[0m
[142.577s] [ 67%] Built target moveit_trajectory_processing
[144.296s] [ 68%] [32m[1mLinking CXX executable test_robot_state[0m
[144.651s] [ 68%] Built target test_robot_state
[144.696s] [ 69%] [32mBuilding CXX object trajectory_processing/CMakeFiles/robot_trajectory_benchmark.dir/test/robot_trajectory_benchmark.cpp.o[0m
[151.542s] [ 69%] [32m[1mLinking CXX executable robot_trajectory_benchmark[0m
[151.861s] [ 69%] Built target robot_trajectory_benchmark
[151.898s] [ 69%] [32mBuilding CXX object trajectory_processing/CMakeFiles/test_time_optimal_trajectory_generation.dir/test/test_time_optimal_trajectory_generation.cpp.o[0m
[151.898s] [ 69%] [32mBuilding CXX object trajectory_processing/CMakeFiles/test_ruckig_traj_smoothing.dir/test/test_ruckig_traj_smoothing.cpp.o[0m
[151.899s] [ 69%] [32mBuilding CXX object collision_detection_fcl/CMakeFiles/test_fcl_collision_detection_panda.dir/test/test_fcl_collision_detection_panda.cpp.o[0m
[160.345s] [ 70%] [32m[1mLinking CXX executable test_ruckig_traj_smoothing[0m
[160.836s] [ 70%] Built target test_ruckig_traj_smoothing
[160.889s] [ 72%] [32mBuilding CXX object collision_detection_bullet/CMakeFiles/test_bullet_collision_detection_panda.dir/test/test_bullet_collision_detection_panda.cpp.o[0m
[160.890s] [ 72%] [32mBuilding CXX object collision_detection_bullet/CMakeFiles/test_bullet_continuous_collision_checking.dir/test/test_bullet_continuous_collision_checking.cpp.o[0m
[160.890s] [ 72%] [32mBuilding CXX object collision_detection_bullet/CMakeFiles/test_bullet_collision_detection.dir/test/test_bullet_collision_detection_pr2.cpp.o[0m
[160.890s] [ 72%] [32mBuilding CXX object kinematic_constraints/CMakeFiles/moveit_kinematic_constraints.dir/src/kinematic_constraint.cpp.o[0m
[160.890s] [ 72%] [32mBuilding CXX object robot_trajectory/CMakeFiles/test_robot_trajectory.dir/test/test_robot_trajectory.cpp.o[0m
[160.890s] [ 72%] [32mBuilding CXX object collision_detection_fcl/CMakeFiles/test_fcl_collision_detection.dir/test/test_fcl_collision_detection_pr2.cpp.o[0m
[160.890s] [ 72%] [32mBuilding CXX object collision_detection_fcl/CMakeFiles/test_fcl_collision_env.dir/test/test_fcl_env.cpp.o[0m
[160.890s] [ 72%] [32mBuilding CXX object kinematic_constraints/CMakeFiles/moveit_kinematic_constraints.dir/src/utils.cpp.o[0m
[163.862s] [ 73%] [32m[1mLinking CXX executable test_fcl_collision_detection_panda[0m
[164.163s] [ 74%] [32m[1mLinking CXX executable test_time_optimal_trajectory_generation[0m
[165.248s] [ 74%] Built target test_fcl_collision_detection_panda
[165.443s] [ 74%] Built target test_time_optimal_trajectory_generation
[179.433s] [ 75%] [32m[1mLinking CXX executable test_bullet_collision_detection_panda[0m
[180.697s] [ 76%] [32m[1mLinking CXX executable test_fcl_collision_env[0m
[180.775s] [ 76%] Built target test_bullet_collision_detection_panda
[181.648s] [ 77%] [32m[1mLinking CXX executable test_robot_trajectory[0m
[181.649s] [ 77%] Built target test_fcl_collision_env
[182.045s] [ 78%] [32m[1mLinking CXX executable test_bullet_collision_detection[0m
[182.355s] [ 78%] Built target test_robot_trajectory
[182.356s] [ 79%] [32m[1mLinking CXX executable test_fcl_collision_detection[0m
[182.762s] [ 79%] Built target test_bullet_collision_detection
[182.897s] [ 79%] Built target test_fcl_collision_detection
[183.976s] [ 80%] [32m[1mLinking CXX executable test_bullet_continuous_collision_checking[0m
[184.327s] [ 80%] Built target test_bullet_continuous_collision_checking
[190.146s] [ 80%] [32m[1mLinking CXX shared library libmoveit_kinematic_constraints.so[0m
[190.386s] [ 80%] Built target moveit_kinematic_constraints
[190.465s] [ 83%] [32mBuilding CXX object kinematic_constraints/CMakeFiles/test_orientation_constraints.dir/test/test_orientation_constraints.cpp.o[0m
[190.465s] [ 83%] [32mBuilding CXX object kinematic_constraints/CMakeFiles/test_constraints.dir/test/test_constraints.cpp.o[0m
[190.465s] [ 83%] [32mBuilding CXX object planning_scene/CMakeFiles/moveit_planning_scene.dir/src/planning_scene.cpp.o[0m
[200.838s] [ 83%] [32m[1mLinking CXX executable test_orientation_constraints[0m
[201.198s] [ 83%] Built target test_orientation_constraints
[201.680s] [ 84%] [32m[1mLinking CXX executable test_constraints[0m
[202.041s] [ 84%] Built target test_constraints
[208.243s] [ 84%] [32m[1mLinking CXX shared library libmoveit_planning_scene.so[0m
[208.453s] [ 84%] Built target moveit_planning_scene
[208.496s] [ 85%] [32mBuilding CXX object collision_distance_field/CMakeFiles/moveit_collision_distance_field.dir/src/collision_common_distance_field.cpp.o[0m
[208.499s] [ 85%] [32mBuilding CXX object constraint_samplers/CMakeFiles/moveit_constraint_samplers.dir/src/constraint_sampler_tools.cpp.o[0m
[208.499s] [ 85%] [32mBuilding CXX object constraint_samplers/CMakeFiles/moveit_constraint_samplers.dir/src/constraint_sampler.cpp.o[0m
[208.499s] [ 85%] [32mBuilding CXX object collision_detection_bullet/CMakeFiles/collision_detector_bullet_plugin.dir/src/collision_detector_bullet_plugin_loader.cpp.o[0m
[208.499s] [ 90%] [32mBuilding CXX object planning_scene/CMakeFiles/test_planning_scene.dir/test/test_planning_scene.cpp.o[0m
[208.499s] [ 90%] [32mBuilding CXX object planning_interface/CMakeFiles/moveit_planning_interface.dir/src/planning_response.cpp.o[0m
[208.499s] [ 91%] [32mBuilding CXX object collision_distance_field/CMakeFiles/moveit_collision_distance_field.dir/src/collision_env_distance_field.cpp.o[0m
[208.499s] [ 91%] [32mBuilding CXX object constraint_samplers/CMakeFiles/moveit_constraint_samplers.dir/src/constraint_sampler_manager.cpp.o[0m
[208.499s] [ 91%] [32mBuilding CXX object collision_distance_field/CMakeFiles/moveit_collision_distance_field.dir/src/collision_distance_field_types.cpp.o[0m
[208.499s] [ 91%] [32mBuilding CXX object collision_detection_fcl/CMakeFiles/collision_detector_fcl_plugin.dir/src/collision_detector_fcl_plugin_loader.cpp.o[0m
[208.500s] [ 90%] [32mBuilding CXX object constraint_samplers/CMakeFiles/moveit_constraint_samplers.dir/src/union_constraint_sampler.cpp.o[0m
[208.500s] [ 91%] [32mBuilding CXX object planning_scene/CMakeFiles/test_multi_threaded.dir/test/test_multi_threaded.cpp.o[0m
[208.500s] [ 93%] [32mBuilding CXX object constraint_samplers/CMakeFiles/moveit_constraint_samplers.dir/src/default_constraint_samplers.cpp.o[0m
[208.500s] [ 93%] [32mBuilding CXX object planning_scene/CMakeFiles/test_collision_objects.dir/test/test_collision_objects.cpp.o[0m
[208.500s] [ 94%] [32mBuilding CXX object planning_interface/CMakeFiles/moveit_planning_interface.dir/src/planning_interface.cpp.o[0m
[208.503s] [ 94%] [32mBuilding CXX object collision_distance_field/CMakeFiles/moveit_collision_distance_field.dir/src/collision_env_hybrid.cpp.o[0m
[274.652s] [ 94%] [32m[1mLinking CXX executable test_planning_scene[0m
[275.360s] [ 94%] Built target test_planning_scene
[291.197s] [ 95%] [32m[1mLinking CXX shared library libcollision_detector_bullet_plugin.so[0m
[291.847s] [ 95%] Built target collision_detector_bullet_plugin
[312.936s] [ 95%] [32m[1mLinking CXX shared library libmoveit_planning_interface.so[0m
[313.483s] [ 95%] Built target moveit_planning_interface
[329.553s] [ 95%] [32m[1mLinking CXX executable test_multi_threaded[0m
[330.482s] [ 95%] Built target test_multi_threaded
[336.245s] [ 96%] [32m[1mLinking CXX shared library libcollision_detector_fcl_plugin.so[0m
[336.510s] [ 96%] Built target collision_detector_fcl_plugin
[342.140s] [ 96%] [32m[1mLinking CXX executable test_collision_objects[0m
[342.466s] [ 96%] Built target test_collision_objects
[346.478s] [ 97%] [32m[1mLinking CXX shared library libmoveit_collision_distance_field.so[0m
[346.541s] [ 97%] [32m[1mLinking CXX shared library libmoveit_constraint_samplers.so[0m
[346.756s] [ 97%] Built target moveit_collision_distance_field
[346.802s] [ 97%] Built target moveit_constraint_samplers
[346.806s] [ 98%] [32mBuilding CXX object collision_distance_field/CMakeFiles/test_collision_distance_field.dir/test/test_collision_distance_field.cpp.o[0m
[346.835s] [100%] [32mBuilding CXX object constraint_samplers/CMakeFiles/test_constraint_samplers.dir/test/pr2_arm_kinematics_plugin.cpp.o[0m
[346.835s] [100%] [32mBuilding CXX object constraint_samplers/CMakeFiles/test_constraint_samplers.dir/test/pr2_arm_ik.cpp.o[0m
[346.835s] [100%] [32mBuilding CXX object constraint_samplers/CMakeFiles/test_constraint_samplers.dir/test/test_constraint_samplers.cpp.o[0m
[358.143s] [100%] [32m[1mLinking CXX executable test_collision_distance_field[0m
[358.467s] [100%] Built target test_collision_distance_field
[360.488s] [100%] [32m[1mLinking CXX executable test_constraint_samplers[0m
[360.824s] [100%] Built target test_constraint_samplers
[360.908s] Invoked command in '/home/saber/robox_ws/build/moveit_core' returned '0': AMENT_PREFIX_PATH=/home/saber/robox_ws/install/moveit_common:${AMENT_PREFIX_PATH} CMAKE_PREFIX_PATH=/home/saber/robox_ws/install/moveit_common:/home/saber/ws_moveit/install/robotiq_hardware_tests:/home/saber/ws_moveit/install/robotiq_driver:/home/saber/ws_moveit/install/serial:/home/saber/ws_moveit/install/moveit_visual_tools:/home/saber/ws_moveit/install/rviz_visual_tools:/home/saber/ws_moveit/install/rviz_marker_tools:/home/saber/ws_moveit/install/robox_arm:/home/saber/ws_moveit/install/kortex_bringup:/home/saber/ws_moveit/install/kortex_description:/home/saber/ws_moveit/install/robotiq_description:/home/saber/ws_moveit/install/robotiq_controllers:/home/saber/ws_moveit/install/pilz_industrial_motion_planner_testutils:/home/saber/ws_moveit/install/moveit_task_constructor_msgs:/home/saber/ws_moveit/install/moveit_ros_control_interface:/home/saber/ws_moveit/install/moveit_plugins:/home/saber/ws_moveit/install/moveit_simple_controller_manager:/home/saber/ws_moveit/install/moveit_ros_benchmarks:/home/saber/ws_moveit/install/moveit_ros_warehouse:/home/saber/ws_moveit/install/moveit_ros_robot_interaction:/home/saber/ws_moveit/install/moveit_ros_perception:/home/saber/ws_moveit/install/moveit_resources_prbt_pg70_support:/home/saber/ws_moveit/install/moveit_resources_prbt_moveit_config:/home/saber/ws_moveit/install/description:/home/saber/ws_moveit/install/moveit_ros_move_group:/home/saber/ws_moveit/install/moveit_planners_ompl:/home/saber/ws_moveit/install/moveit_kinematics:/home/saber/ws_moveit/install/moveit_ros_planning:/home/saber/ws_moveit/install/moveit_ros_occupancy_map_monitor:/home/saber/ws_moveit/install/moveit_resources_prbt_support:/home/saber/ws_moveit/install/moveit_resources_prbt_ikfast_manipulator_plugin:/home/saber/ws_moveit/install/moveit_resources:/home/saber/ws_moveit/install/moveit_resources_pr2_description:/home/saber/ws_moveit/install/moveit_resources_panda_moveit_config:/home/saber/ws_moveit/install/dual_arm_panda_moveit_config:/home/saber/ws_moveit/install/moveit_resources_panda_description:/home/saber/ws_moveit/install/moveit_resources_fanuc_moveit_config:/home/saber/ws_moveit/install/moveit_resources_fanuc_description:/home/saber/ws_moveit/install/moveit_planners_stomp:/home/saber/ws_moveit/install/moveit_planners_chomp:/home/saber/ws_moveit/install/chomp_motion_planner:/home/saber/ws_moveit/install/moveit_core:/home/saber/ws_moveit/install/moveit_msgs:/home/saber/ws_moveit/install/moveit_common:/home/saber/ws_moveit/install/kortex_driver:/home/saber/ws_moveit/install/kortex_api:/home/saber/robox_ws/install/robox_moveit_config:/home/saber/robox_ws/install/robox_arm:/home/saber/arduinobot_ws/install/controller:/home/saber/arduinobot_ws/install/arduinobot_cpp_examples:/opt/ros/jazzy/opt/gz_sim_vendor:/opt/ros/jazzy/opt/gz_sensors_vendor:/opt/ros/jazzy/opt/gz_physics_vendor:/opt/ros/jazzy/opt/sdformat_vendor:/opt/ros/jazzy/opt/gz_gui_vendor:/opt/ros/jazzy/opt/gz_transport_vendor:/opt/ros/jazzy/opt/gz_rendering_vendor:/opt/ros/jazzy/opt/gz_plugin_vendor:/opt/ros/jazzy/opt/gz_fuel_tools_vendor:/opt/ros/jazzy/opt/gz_msgs_vendor:/opt/ros/jazzy/opt/gz_common_vendor:/opt/ros/jazzy/opt/gz_math_vendor:/opt/ros/jazzy/opt/gz_utils_vendor:/opt/ros/jazzy/opt/gz_tools_vendor:/opt/ros/jazzy/opt/gz_ogre_next_vendor:/opt/ros/jazzy/opt/gz_dartsim_vendor:/opt/ros/jazzy/opt/gz_cmake_vendor:/home/saber/ws_moveit/install/moveit_configs_utils:/home/saber/robox_ws/install/arduinobot_py_examples:/home/saber/arduinobot_ws/install/arduinobot_py_examples:/opt/ros/jazzy DEBUGINFOD_URLS=https://debuginfod.ubuntu.com /usr/bin/cmake --build /home/saber/robox_ws/build/moveit_core -- -j16 -l16
[360.945s] Invoking command in '/home/saber/robox_ws/build/moveit_core': AMENT_PREFIX_PATH=/home/saber/robox_ws/install/moveit_common:${AMENT_PREFIX_PATH} CMAKE_PREFIX_PATH=/home/saber/robox_ws/install/moveit_common:/home/saber/ws_moveit/install/robotiq_hardware_tests:/home/saber/ws_moveit/install/robotiq_driver:/home/saber/ws_moveit/install/serial:/home/saber/ws_moveit/install/moveit_visual_tools:/home/saber/ws_moveit/install/rviz_visual_tools:/home/saber/ws_moveit/install/rviz_marker_tools:/home/saber/ws_moveit/install/robox_arm:/home/saber/ws_moveit/install/kortex_bringup:/home/saber/ws_moveit/install/kortex_description:/home/saber/ws_moveit/install/robotiq_description:/home/saber/ws_moveit/install/robotiq_controllers:/home/saber/ws_moveit/install/pilz_industrial_motion_planner_testutils:/home/saber/ws_moveit/install/moveit_task_constructor_msgs:/home/saber/ws_moveit/install/moveit_ros_control_interface:/home/saber/ws_moveit/install/moveit_plugins:/home/saber/ws_moveit/install/moveit_simple_controller_manager:/home/saber/ws_moveit/install/moveit_ros_benchmarks:/home/saber/ws_moveit/install/moveit_ros_warehouse:/home/saber/ws_moveit/install/moveit_ros_robot_interaction:/home/saber/ws_moveit/install/moveit_ros_perception:/home/saber/ws_moveit/install/moveit_resources_prbt_pg70_support:/home/saber/ws_moveit/install/moveit_resources_prbt_moveit_config:/home/saber/ws_moveit/install/description:/home/saber/ws_moveit/install/moveit_ros_move_group:/home/saber/ws_moveit/install/moveit_planners_ompl:/home/saber/ws_moveit/install/moveit_kinematics:/home/saber/ws_moveit/install/moveit_ros_planning:/home/saber/ws_moveit/install/moveit_ros_occupancy_map_monitor:/home/saber/ws_moveit/install/moveit_resources_prbt_support:/home/saber/ws_moveit/install/moveit_resources_prbt_ikfast_manipulator_plugin:/home/saber/ws_moveit/install/moveit_resources:/home/saber/ws_moveit/install/moveit_resources_pr2_description:/home/saber/ws_moveit/install/moveit_resources_panda_moveit_config:/home/saber/ws_moveit/install/dual_arm_panda_moveit_config:/home/saber/ws_moveit/install/moveit_resources_panda_description:/home/saber/ws_moveit/install/moveit_resources_fanuc_moveit_config:/home/saber/ws_moveit/install/moveit_resources_fanuc_description:/home/saber/ws_moveit/install/moveit_planners_stomp:/home/saber/ws_moveit/install/moveit_planners_chomp:/home/saber/ws_moveit/install/chomp_motion_planner:/home/saber/ws_moveit/install/moveit_core:/home/saber/ws_moveit/install/moveit_msgs:/home/saber/ws_moveit/install/moveit_common:/home/saber/ws_moveit/install/kortex_driver:/home/saber/ws_moveit/install/kortex_api:/home/saber/robox_ws/install/robox_moveit_config:/home/saber/robox_ws/install/robox_arm:/home/saber/arduinobot_ws/install/controller:/home/saber/arduinobot_ws/install/arduinobot_cpp_examples:/opt/ros/jazzy/opt/gz_sim_vendor:/opt/ros/jazzy/opt/gz_sensors_vendor:/opt/ros/jazzy/opt/gz_physics_vendor:/opt/ros/jazzy/opt/sdformat_vendor:/opt/ros/jazzy/opt/gz_gui_vendor:/opt/ros/jazzy/opt/gz_transport_vendor:/opt/ros/jazzy/opt/gz_rendering_vendor:/opt/ros/jazzy/opt/gz_plugin_vendor:/opt/ros/jazzy/opt/gz_fuel_tools_vendor:/opt/ros/jazzy/opt/gz_msgs_vendor:/opt/ros/jazzy/opt/gz_common_vendor:/opt/ros/jazzy/opt/gz_math_vendor:/opt/ros/jazzy/opt/gz_utils_vendor:/opt/ros/jazzy/opt/gz_tools_vendor:/opt/ros/jazzy/opt/gz_ogre_next_vendor:/opt/ros/jazzy/opt/gz_dartsim_vendor:/opt/ros/jazzy/opt/gz_cmake_vendor:/home/saber/ws_moveit/install/moveit_configs_utils:/home/saber/robox_ws/install/arduinobot_py_examples:/home/saber/arduinobot_ws/install/arduinobot_py_examples:/opt/ros/jazzy DEBUGINFOD_URLS=https://debuginfod.ubuntu.com /usr/bin/cmake --install /home/saber/robox_ws/build/moveit_core
[360.963s] -- Install configuration: "Release"
[360.966s] -- Installing: /home/saber/robox_ws/install/moveit_core/include/moveit_core
[360.967s] -- Installing: /home/saber/robox_ws/install/moveit_core/include/moveit_core/moveit
[360.967s] -- Installing: /home/saber/robox_ws/install/moveit_core/include/moveit_core/moveit/collision_detection_bullet
[360.967s] -- Installing: /home/saber/robox_ws/install/moveit_core/include/moveit_core/moveit/collision_detection_bullet/collision_detector_bullet_plugin_loader.hpp
[360.967s] -- Installing: /home/saber/robox_ws/install/moveit_core/include/moveit_core/moveit/collision_detection_bullet/collision_detector_allocator_bullet.h
[360.968s] -- Installing: /home/saber/robox_ws/install/moveit_core/include/moveit_core/moveit/collision_detection_bullet/collision_detector_bullet_plugin_loader.h
[360.968s] -- Installing: /home/saber/robox_ws/install/moveit_core/include/moveit_core/moveit/collision_detection_bullet/collision_env_bullet.hpp
[360.968s] -- Installing: /home/saber/robox_ws/install/moveit_core/include/moveit_core/moveit/collision_detection_bullet/bullet_integration
[360.968s] -- Installing: /home/saber/robox_ws/install/moveit_core/include/moveit_core/moveit/collision_detection_bullet/bullet_integration/contact_checker_common.hpp
[360.968s] -- Installing: /home/saber/robox_ws/install/moveit_core/include/moveit_core/moveit/collision_detection_bullet/bullet_integration/ros_bullet_utils.hpp
[360.969s] -- Installing: /home/saber/robox_ws/install/moveit_core/include/moveit_core/moveit/collision_detection_bullet/bullet_integration/bullet_cast_bvh_manager.h
[360.969s] -- Installing: /home/saber/robox_ws/install/moveit_core/include/moveit_core/moveit/collision_detection_bullet/bullet_integration/bullet_bvh_manager.hpp
[360.969s] -- Installing: /home/saber/robox_ws/install/moveit_core/include/moveit_core/moveit/collision_detection_bullet/bullet_integration/bullet_discrete_bvh_manager.h
[360.970s] -- Installing: /home/saber/robox_ws/install/moveit_core/include/moveit_core/moveit/collision_detection_bullet/bullet_integration/bullet_bvh_manager.h
[360.971s] -- Installing: /home/saber/robox_ws/install/moveit_core/include/moveit_core/moveit/collision_detection_bullet/bullet_integration/ros_bullet_utils.h
[360.971s] -- Installing: /home/saber/robox_ws/install/moveit_core/include/moveit_core/moveit/collision_detection_bullet/bullet_integration/contact_checker_common.h
[360.971s] -- Installing: /home/saber/robox_ws/install/moveit_core/include/moveit_core/moveit/collision_detection_bullet/bullet_integration/bullet_discrete_bvh_manager.hpp
[360.972s] -- Installing: /home/saber/robox_ws/install/moveit_core/include/moveit_core/moveit/collision_detection_bullet/bullet_integration/bullet_utils.h
[360.972s] -- Installing: /home/saber/robox_ws/install/moveit_core/include/moveit_core/moveit/collision_detection_bullet/bullet_integration/basic_types.hpp
[360.972s] -- Installing: /home/saber/robox_ws/install/moveit_core/include/moveit_core/moveit/collision_detection_bullet/bullet_integration/basic_types.h
[360.972s] -- Installing: /home/saber/robox_ws/install/moveit_core/include/moveit_core/moveit/collision_detection_bullet/bullet_integration/bullet_utils.hpp
[360.973s] -- Installing: /home/saber/robox_ws/install/moveit_core/include/moveit_core/moveit/collision_detection_bullet/bullet_integration/bullet_cast_bvh_manager.hpp
[360.973s] -- Installing: /home/saber/robox_ws/install/moveit_core/include/moveit_core/moveit/collision_detection_bullet/collision_env_bullet.h
[360.973s] -- Installing: /home/saber/robox_ws/install/moveit_core/include/moveit_core/moveit/collision_detection_bullet/collision_detector_allocator_bullet.hpp
[360.973s] -- Installing: /home/saber/robox_ws/install/moveit_core/include/moveit_core/moveit_collision_detection_bullet_export.h
[360.974s] -- Up-to-date: /home/saber/robox_ws/install/moveit_core/include/moveit_core
[360.974s] -- Up-to-date: /home/saber/robox_ws/install/moveit_core/include/moveit_core/moveit
[360.974s] -- Installing: /home/saber/robox_ws/install/moveit_core/include/moveit_core/moveit/collision_detection_fcl
[360.974s] -- Installing: /home/saber/robox_ws/install/moveit_core/include/moveit_core/moveit/collision_detection_fcl/collision_env_fcl.h
[360.974s] -- Installing: /home/saber/robox_ws/install/moveit_core/include/moveit_core/moveit/collision_detection_fcl/collision_detector_fcl_plugin_loader.hpp
[360.975s] -- Installing: /home/saber/robox_ws/install/moveit_core/include/moveit_core/moveit/collision_detection_fcl/fcl_compat.h
[360.975s] -- Installing: /home/saber/robox_ws/install/moveit_core/include/moveit_core/moveit/collision_detection_fcl/collision_detector_allocator_fcl.hpp
[360.975s] -- Installing: /home/saber/robox_ws/install/moveit_core/include/moveit_core/moveit/collision_detection_fcl/collision_detector_allocator_fcl.h
[360.975s] -- Installing: /home/saber/robox_ws/install/moveit_core/include/moveit_core/moveit/collision_detection_fcl/collision_common.hpp
[360.975s] -- Installing: /home/saber/robox_ws/install/moveit_core/include/moveit_core/moveit/collision_detection_fcl/collision_common.h
[360.976s] -- Installing: /home/saber/robox_ws/install/moveit_core/include/moveit_core/moveit/collision_detection_fcl/collision_detector_fcl_plugin_loader.h
[360.976s] -- Installing: /home/saber/robox_ws/install/moveit_core/include/moveit_core/moveit/collision_detection_fcl/fcl_compat.hpp
[360.976s] -- Installing: /home/saber/robox_ws/install/moveit_core/include/moveit_core/moveit/collision_detection_fcl/collision_env_fcl.hpp
[360.976s] -- Installing: /home/saber/robox_ws/install/moveit_core/include/moveit_core/moveit_collision_detection_fcl_export.h
[360.976s] -- Up-to-date: /home/saber/robox_ws/install/moveit_core/include/moveit_core
[360.977s] -- Up-to-date: /home/saber/robox_ws/install/moveit_core/include/moveit_core/moveit
[360.977s] -- Installing: /home/saber/robox_ws/install/moveit_core/include/moveit_core/moveit/collision_detection
[360.977s] -- Installing: /home/saber/robox_ws/install/moveit_core/include/moveit_core/moveit/collision_detection/collision_detector_allocator.hpp
[360.977s] -- Installing: /home/saber/robox_ws/install/moveit_core/include/moveit_core/moveit/collision_detection/collision_matrix.hpp
[360.977s] -- Installing: /home/saber/robox_ws/install/moveit_core/include/moveit_core/moveit/collision_detection/collision_octomap_filter.h
[360.977s] -- Installing: /home/saber/robox_ws/install/moveit_core/include/moveit_core/moveit/collision_detection/collision_plugin_cache.h
[360.977s] -- Installing: /home/saber/robox_ws/install/moveit_core/include/moveit_core/moveit/collision_detection/collision_plugin.h
[360.978s] -- Installing: /home/saber/robox_ws/install/moveit_core/include/moveit_core/moveit/collision_detection/world.h
[360.978s] -- Installing: /home/saber/robox_ws/install/moveit_core/include/moveit_core/moveit/collision_detection/collision_matrix.h
[360.978s] -- Installing: /home/saber/robox_ws/install/moveit_core/include/moveit_core/moveit/collision_detection/collision_plugin_cache.hpp
[360.978s] -- Installing: /home/saber/robox_ws/install/moveit_core/include/moveit_core/moveit/collision_detection/occupancy_map.hpp
[360.978s] -- Installing: /home/saber/robox_ws/install/moveit_core/include/moveit_core/moveit/collision_detection/test_collision_common_panda.h
[360.979s] -- Installing: /home/saber/robox_ws/install/moveit_core/include/moveit_core/moveit/collision_detection/collision_env.hpp
[360.979s] -- Installing: /home/saber/robox_ws/install/moveit_core/include/moveit_core/moveit/collision_detection/world_diff.h
[360.979s] -- Installing: /home/saber/robox_ws/install/moveit_core/include/moveit_core/moveit/collision_detection/collision_common.hpp
[360.979s] -- Installing: /home/saber/robox_ws/install/moveit_core/include/moveit_core/moveit/collision_detection/occupancy_map.h
[360.979s] -- Installing: /home/saber/robox_ws/install/moveit_core/include/moveit_core/moveit/collision_detection/test_collision_common_panda.hpp
[360.980s] -- Installing: /home/saber/robox_ws/install/moveit_core/include/moveit_core/moveit/collision_detection/collision_env.h
[360.980s] -- Installing: /home/saber/robox_ws/install/moveit_core/include/moveit_core/moveit/collision_detection/world_diff.hpp
[360.980s] -- Installing: /home/saber/robox_ws/install/moveit_core/include/moveit_core/moveit/collision_detection/test_collision_common_pr2.h
[360.980s] -- Installing: /home/saber/robox_ws/install/moveit_core/include/moveit_core/moveit/collision_detection/collision_common.h
[360.980s] -- Installing: /home/saber/robox_ws/install/moveit_core/include/moveit_core/moveit/collision_detection/allvalid
[360.980s] -- Installing: /home/saber/robox_ws/install/moveit_core/include/moveit_core/moveit/collision_detection/allvalid/collision_detector_allocator_allvalid.h
[360.981s] -- Installing: /home/saber/robox_ws/install/moveit_core/include/moveit_core/moveit/collision_detection/allvalid/collision_detector_allocator_allvalid.hpp
[360.981s] -- Installing: /home/saber/robox_ws/install/moveit_core/include/moveit_core/moveit/collision_detection/allvalid/collision_env_allvalid.hpp
[360.981s] -- Installing: /home/saber/robox_ws/install/moveit_core/include/moveit_core/moveit/collision_detection/allvalid/collision_env_allvalid.h
[360.981s] -- Installing: /home/saber/robox_ws/install/moveit_core/include/moveit_core/moveit/collision_detection/collision_octomap_filter.hpp
[360.981s] -- Installing: /home/saber/robox_ws/install/moveit_core/include/moveit_core/moveit/collision_detection/collision_tools.h
[360.982s] -- Installing: /home/saber/robox_ws/install/moveit_core/include/moveit_core/moveit/collision_detection/test_collision_common_pr2.hpp
[360.982s] -- Installing: /home/saber/robox_ws/install/moveit_core/include/moveit_core/moveit/collision_detection/world.hpp
[360.982s] -- Installing: /home/saber/robox_ws/install/moveit_core/include/moveit_core/moveit/collision_detection/collision_plugin.hpp
[360.983s] -- Installing: /home/saber/robox_ws/install/moveit_core/include/moveit_core/moveit/collision_detection/collision_detector_allocator.h
[360.983s] -- Installing: /home/saber/robox_ws/install/moveit_core/include/moveit_core/moveit/collision_detection/collision_tools.hpp
[360.983s] -- Installing: /home/saber/robox_ws/install/moveit_core/include/moveit_core/moveit_collision_detection_export.h
[360.984s] -- Up-to-date: /home/saber/robox_ws/install/moveit_core/include/moveit_core
[360.984s] -- Up-to-date: /home/saber/robox_ws/install/moveit_core/include/moveit_core/moveit
[360.984s] -- Installing: /home/saber/robox_ws/install/moveit_core/include/moveit_core/moveit/collision_distance_field
[360.984s] -- Installing: /home/saber/robox_ws/install/moveit_core/include/moveit_core/moveit/collision_distance_field/collision_distance_field_types.hpp
[360.984s] -- Installing: /home/saber/robox_ws/install/moveit_core/include/moveit_core/moveit/collision_distance_field/collision_detector_allocator_hybrid.hpp
[360.984s] -- Installing: /home/saber/robox_ws/install/moveit_core/include/moveit_core/moveit/collision_distance_field/collision_env_hybrid.hpp
[360.984s] -- Installing: /home/saber/robox_ws/install/moveit_core/include/moveit_core/moveit/collision_distance_field/collision_detector_allocator_distance_field.hpp
[360.984s] -- Installing: /home/saber/robox_ws/install/moveit_core/include/moveit_core/moveit/collision_distance_field/collision_env_hybrid.h
[360.985s] -- Installing: /home/saber/robox_ws/install/moveit_core/include/moveit_core/moveit/collision_distance_field/collision_distance_field_types.h
[360.985s] -- Installing: /home/saber/robox_ws/install/moveit_core/include/moveit_core/moveit/collision_distance_field/collision_common_distance_field.h
[360.985s] -- Installing: /home/saber/robox_ws/install/moveit_core/include/moveit_core/moveit/collision_distance_field/collision_detector_allocator_hybrid.h
[360.985s] -- Installing: /home/saber/robox_ws/install/moveit_core/include/moveit_core/moveit/collision_distance_field/collision_env_distance_field.h
[360.986s] -- Installing: /home/saber/robox_ws/install/moveit_core/include/moveit_core/moveit/collision_distance_field/collision_detector_allocator_distance_field.h
[360.986s] -- Installing: /home/saber/robox_ws/install/moveit_core/include/moveit_core/moveit/collision_distance_field/collision_common_distance_field.hpp
[360.986s] -- Installing: /home/saber/robox_ws/install/moveit_core/include/moveit_core/moveit/collision_distance_field/collision_env_distance_field.hpp
[360.986s] -- Installing: /home/saber/robox_ws/install/moveit_core/include/moveit_core/moveit_collision_distance_field_export.h
[360.986s] -- Up-to-date: /home/saber/robox_ws/install/moveit_core/include/moveit_core
[360.986s] -- Up-to-date: /home/saber/robox_ws/install/moveit_core/include/moveit_core/moveit
[360.986s] -- Installing: /home/saber/robox_ws/install/moveit_core/include/moveit_core/moveit/constraint_samplers
[360.987s] -- Installing: /home/saber/robox_ws/install/moveit_core/include/moveit_core/moveit/constraint_samplers/default_constraint_samplers.h
[360.987s] -- Installing: /home/saber/robox_ws/install/moveit_core/include/moveit_core/moveit/constraint_samplers/constraint_sampler_allocator.hpp
[360.987s] -- Installing: /home/saber/robox_ws/install/moveit_core/include/moveit_core/moveit/constraint_samplers/default_constraint_samplers.hpp
[360.987s] -- Installing: /home/saber/robox_ws/install/moveit_core/include/moveit_core/moveit/constraint_samplers/union_constraint_sampler.hpp
[360.987s] -- Installing: /home/saber/robox_ws/install/moveit_core/include/moveit_core/moveit/constraint_samplers/constraint_sampler_manager.h
[360.987s] -- Installing: /home/saber/robox_ws/install/moveit_core/include/moveit_core/moveit/constraint_samplers/constraint_sampler_allocator.h
[360.987s] -- Installing: /home/saber/robox_ws/install/moveit_core/include/moveit_core/moveit/constraint_samplers/constraint_sampler_tools.h
[360.988s] -- Installing: /home/saber/robox_ws/install/moveit_core/include/moveit_core/moveit/constraint_samplers/constraint_sampler_tools.hpp
[360.988s] -- Installing: /home/saber/robox_ws/install/moveit_core/include/moveit_core/moveit/constraint_samplers/constraint_sampler.hpp
[360.988s] -- Installing: /home/saber/robox_ws/install/moveit_core/include/moveit_core/moveit/constraint_samplers/constraint_sampler.h
[360.988s] -- Installing: /home/saber/robox_ws/install/moveit_core/include/moveit_core/moveit/constraint_samplers/union_constraint_sampler.h
[360.988s] -- Installing: /home/saber/robox_ws/install/moveit_core/include/moveit_core/moveit/constraint_samplers/constraint_sampler_manager.hpp
[360.989s] -- Up-to-date: /home/saber/robox_ws/install/moveit_core/include/moveit_core
[360.989s] -- Up-to-date: /home/saber/robox_ws/install/moveit_core/include/moveit_core/moveit
[360.989s] -- Installing: /home/saber/robox_ws/install/moveit_core/include/moveit_core/moveit/controller_manager
[360.989s] -- Installing: /home/saber/robox_ws/install/moveit_core/include/moveit_core/moveit/controller_manager/controller_manager.hpp
[360.990s] -- Installing: /home/saber/robox_ws/install/moveit_core/include/moveit_core/moveit/controller_manager/controller_manager.h
[360.990s] -- Up-to-date: /home/saber/robox_ws/install/moveit_core/include/moveit_core
[360.990s] -- Up-to-date: /home/saber/robox_ws/install/moveit_core/include/moveit_core/moveit
[360.990s] -- Installing: /home/saber/robox_ws/install/moveit_core/include/moveit_core/moveit/distance_field
[360.990s] -- Installing: /home/saber/robox_ws/install/moveit_core/include/moveit_core/moveit/distance_field/find_internal_points.hpp
[360.991s] -- Installing: /home/saber/robox_ws/install/moveit_core/include/moveit_core/moveit/distance_field/propagation_distance_field.hpp
[360.991s] -- Installing: /home/saber/robox_ws/install/moveit_core/include/moveit_core/moveit/distance_field/distance_field.hpp
[360.991s] -- Installing: /home/saber/robox_ws/install/moveit_core/include/moveit_core/moveit/distance_field/distance_field.h
[360.991s] -- Installing: /home/saber/robox_ws/install/moveit_core/include/moveit_core/moveit/distance_field/voxel_grid.h
[360.991s] -- Installing: /home/saber/robox_ws/install/moveit_core/include/moveit_core/moveit/distance_field/propagation_distance_field.h
[360.991s] -- Installing: /home/saber/robox_ws/install/moveit_core/include/moveit_core/moveit/distance_field/find_internal_points.h
[360.992s] -- Installing: /home/saber/robox_ws/install/moveit_core/include/moveit_core/moveit/distance_field/voxel_grid.hpp
[360.992s] -- Up-to-date: /home/saber/robox_ws/install/moveit_core/include/moveit_core
[360.992s] -- Up-to-date: /home/saber/robox_ws/install/moveit_core/include/moveit_core/moveit
[360.992s] -- Installing: /home/saber/robox_ws/install/moveit_core/include/moveit_core/moveit/dynamics_solver
[360.992s] -- Installing: /home/saber/robox_ws/install/moveit_core/include/moveit_core/moveit/dynamics_solver/dynamics_solver.h
[360.993s] -- Installing: /home/saber/robox_ws/install/moveit_core/include/moveit_core/moveit/dynamics_solver/dynamics_solver.hpp
[360.993s] -- Up-to-date: /home/saber/robox_ws/install/moveit_core/include/moveit_core
[360.993s] -- Up-to-date: /home/saber/robox_ws/install/moveit_core/include/moveit_core/moveit
[360.993s] -- Installing: /home/saber/robox_ws/install/moveit_core/include/moveit_core/moveit/exceptions
[360.993s] -- Installing: /home/saber/robox_ws/install/moveit_core/include/moveit_core/moveit/exceptions/exceptions.hpp
[360.994s] -- Installing: /home/saber/robox_ws/install/moveit_core/include/moveit_core/moveit/exceptions/exceptions.h
[360.994s] -- Up-to-date: /home/saber/robox_ws/install/moveit_core/include/moveit_core
[360.994s] -- Up-to-date: /home/saber/robox_ws/install/moveit_core/include/moveit_core/moveit
[360.994s] -- Installing: /home/saber/robox_ws/install/moveit_core/include/moveit_core/moveit/kinematic_constraints
[360.994s] -- Installing: /home/saber/robox_ws/install/moveit_core/include/moveit_core/moveit/kinematic_constraints/kinematic_constraint.hpp
[360.994s] -- Installing: /home/saber/robox_ws/install/moveit_core/include/moveit_core/moveit/kinematic_constraints/utils.h
[360.995s] -- Installing: /home/saber/robox_ws/install/moveit_core/include/moveit_core/moveit/kinematic_constraints/utils.hpp
[360.995s] -- Installing: /home/saber/robox_ws/install/moveit_core/include/moveit_core/moveit/kinematic_constraints/kinematic_constraint.h
[360.995s] -- Up-to-date: /home/saber/robox_ws/install/moveit_core/include/moveit_core
[360.995s] -- Up-to-date: /home/saber/robox_ws/install/moveit_core/include/moveit_core/moveit
[360.995s] -- Installing: /home/saber/robox_ws/install/moveit_core/include/moveit_core/moveit/kinematics_base
[360.996s] -- Installing: /home/saber/robox_ws/install/moveit_core/include/moveit_core/moveit/kinematics_base/kinematics_base.h
[360.996s] -- Installing: /home/saber/robox_ws/install/moveit_core/include/moveit_core/moveit/kinematics_base/kinematics_base.hpp
[360.996s] -- Installing: /home/saber/robox_ws/install/moveit_core/include/moveit_core/moveit_kinematics_base_export.h
[360.996s] -- Up-to-date: /home/saber/robox_ws/install/moveit_core/include/moveit_core
[360.996s] -- Up-to-date: /home/saber/robox_ws/install/moveit_core/include/moveit_core/moveit
[360.997s] -- Installing: /home/saber/robox_ws/install/moveit_core/include/moveit_core/moveit/kinematics_metrics
[360.997s] -- Installing: /home/saber/robox_ws/install/moveit_core/include/moveit_core/moveit/kinematics_metrics/kinematics_metrics.h
[360.997s] -- Installing: /home/saber/robox_ws/install/moveit_core/include/moveit_core/moveit/kinematics_metrics/kinematics_metrics.hpp
[360.998s] -- Up-to-date: /home/saber/robox_ws/install/moveit_core/include/moveit_core
[360.998s] -- Up-to-date: /home/saber/robox_ws/install/moveit_core/include/moveit_core/moveit
[360.998s] -- Installing: /home/saber/robox_ws/install/moveit_core/include/moveit_core/moveit/macros
[360.998s] -- Installing: /home/saber/robox_ws/install/moveit_core/include/moveit_core/moveit/macros/class_forward.h
[360.998s] -- Installing: /home/saber/robox_ws/install/moveit_core/include/moveit_core/moveit/macros/declare_ptr.hpp
[360.998s] -- Installing: /home/saber/robox_ws/install/moveit_core/include/moveit_core/moveit/macros/class_forward.hpp
[360.998s] -- Installing: /home/saber/robox_ws/install/moveit_core/include/moveit_core/moveit/macros/console_colors.h
[360.998s] -- Installing: /home/saber/robox_ws/install/moveit_core/include/moveit_core/moveit/macros/console_colors.hpp
[360.999s] -- Installing: /home/saber/robox_ws/install/moveit_core/include/moveit_core/moveit/macros/declare_ptr.h
[360.999s] -- Up-to-date: /home/saber/robox_ws/install/moveit_core/include/moveit_core
[360.999s] -- Installing: /home/saber/robox_ws/install/moveit_core/include/moveit_core/moveit_ruckig_filter_parameters.hpp
[361.000s] -- Installing: /home/saber/robox_ws/install/moveit_core/include/moveit_core/moveit_butterworth_filter_parameters.hpp
[361.000s] -- Installing: /home/saber/robox_ws/install/moveit_core/include/moveit_core/moveit_acceleration_filter_parameters.hpp
[361.000s] -- Up-to-date: /home/saber/robox_ws/install/moveit_core/include/moveit_core
[361.000s] -- Up-to-date: /home/saber/robox_ws/install/moveit_core/include/moveit_core/moveit_ruckig_filter_parameters.hpp
[361.000s] -- Up-to-date: /home/saber/robox_ws/install/moveit_core/include/moveit_core/moveit_butterworth_filter_parameters.hpp
[361.001s] -- Up-to-date: /home/saber/robox_ws/install/moveit_core/include/moveit_core/moveit_acceleration_filter_parameters.hpp
[361.001s] -- Up-to-date: /home/saber/robox_ws/install/moveit_core/include/moveit_core
[361.001s] -- Up-to-date: /home/saber/robox_ws/install/moveit_core/include/moveit_core/moveit_ruckig_filter_parameters.hpp
[361.001s] -- Up-to-date: /home/saber/robox_ws/install/moveit_core/include/moveit_core/moveit_butterworth_filter_parameters.hpp
[361.001s] -- Up-to-date: /home/saber/robox_ws/install/moveit_core/include/moveit_core/moveit_acceleration_filter_parameters.hpp
[361.001s] -- Up-to-date: /home/saber/robox_ws/install/moveit_core/include/moveit_core
[361.001s] -- Up-to-date: /home/saber/robox_ws/install/moveit_core/include/moveit_core/moveit
[361.001s] -- Installing: /home/saber/robox_ws/install/moveit_core/include/moveit_core/moveit/online_signal_smoothing
[361.001s] -- Installing: /home/saber/robox_ws/install/moveit_core/include/moveit_core/moveit/online_signal_smoothing/acceleration_filter.h
[361.002s] -- Installing: /home/saber/robox_ws/install/moveit_core/include/moveit_core/moveit/online_signal_smoothing/acceleration_filter.hpp
[361.002s] -- Installing: /home/saber/robox_ws/install/moveit_core/include/moveit_core/moveit/online_signal_smoothing/smoothing_base_class.hpp
[361.002s] -- Installing: /home/saber/robox_ws/install/moveit_core/include/moveit_core/moveit/online_signal_smoothing/ruckig_filter.hpp
[361.003s] -- Installing: /home/saber/robox_ws/install/moveit_core/include/moveit_core/moveit/online_signal_smoothing/ruckig_filter.h
[361.003s] -- Installing: /home/saber/robox_ws/install/moveit_core/include/moveit_core/moveit/online_signal_smoothing/butterworth_filter.hpp
[361.003s] -- Installing: /home/saber/robox_ws/install/moveit_core/include/moveit_core/moveit/online_signal_smoothing/butterworth_filter.h
[361.003s] -- Installing: /home/saber/robox_ws/install/moveit_core/include/moveit_core/moveit/online_signal_smoothing/smoothing_base_class.h
[361.004s] -- Installing: /home/saber/robox_ws/install/moveit_core/include/moveit_core/moveit_smoothing_base_export.h
[361.004s] -- Installing: /home/saber/robox_ws/install/moveit_core/include/moveit_core/moveit_acceleration_filter_export.h
[361.004s] -- Installing: /home/saber/robox_ws/install/moveit_core/include/moveit_core/moveit_butterworth_filter_export.h
[361.004s] -- Installing: /home/saber/robox_ws/install/moveit_core/include/moveit_core/moveit_ruckig_filter_export.h
[361.005s] -- Up-to-date: /home/saber/robox_ws/install/moveit_core/include/moveit_core
[361.005s] -- Up-to-date: /home/saber/robox_ws/install/moveit_core/include/moveit_core/moveit
[361.005s] -- Installing: /home/saber/robox_ws/install/moveit_core/include/moveit_core/moveit/planning_interface
[361.005s] -- Installing: /home/saber/robox_ws/install/moveit_core/include/moveit_core/moveit/planning_interface/planning_request.hpp
[361.005s] -- Installing: /home/saber/robox_ws/install/moveit_core/include/moveit_core/moveit/planning_interface/planning_request_adapter.h
[361.006s] -- Installing: /home/saber/robox_ws/install/moveit_core/include/moveit_core/moveit/planning_interface/planning_request.h
[361.006s] -- Installing: /home/saber/robox_ws/install/moveit_core/include/moveit_core/moveit/planning_interface/planning_response.h
[361.006s] -- Installing: /home/saber/robox_ws/install/moveit_core/include/moveit_core/moveit/planning_interface/planning_interface.hpp
[361.006s] -- Installing: /home/saber/robox_ws/install/moveit_core/include/moveit_core/moveit/planning_interface/planning_request_adapter.hpp
[361.007s] -- Installing: /home/saber/robox_ws/install/moveit_core/include/moveit_core/moveit/planning_interface/planning_response_adapter.hpp
[361.007s] -- Installing: /home/saber/robox_ws/install/moveit_core/include/moveit_core/moveit/planning_interface/planning_interface.h
[361.007s] -- Installing: /home/saber/robox_ws/install/moveit_core/include/moveit_core/moveit/planning_interface/planning_response_adapter.h
[361.007s] -- Installing: /home/saber/robox_ws/install/moveit_core/include/moveit_core/moveit/planning_interface/planning_response.hpp
[361.008s] -- Up-to-date: /home/saber/robox_ws/install/moveit_core/include/moveit_core
[361.008s] -- Up-to-date: /home/saber/robox_ws/install/moveit_core/include/moveit_core/moveit
[361.008s] -- Installing: /home/saber/robox_ws/install/moveit_core/include/moveit_core/moveit/planning_scene
[361.008s] -- Installing: /home/saber/robox_ws/install/moveit_core/include/moveit_core/moveit/planning_scene/planning_scene.hpp
[361.008s] -- Installing: /home/saber/robox_ws/install/moveit_core/include/moveit_core/moveit/planning_scene/planning_scene.h
[361.008s] -- Installing: /home/saber/robox_ws/install/moveit_core/include/moveit_core/moveit_planning_scene_export.h
[361.008s] -- Up-to-date: /home/saber/robox_ws/install/moveit_core/include/moveit_core
[361.009s] -- Up-to-date: /home/saber/robox_ws/install/moveit_core/include/moveit_core/moveit
[361.009s] -- Installing: /home/saber/robox_ws/install/moveit_core/include/moveit_core/moveit/robot_model
[361.009s] -- Installing: /home/saber/robox_ws/install/moveit_core/include/moveit_core/moveit/robot_model/link_model.h
[361.009s] -- Installing: /home/saber/robox_ws/install/moveit_core/include/moveit_core/moveit/robot_model/fixed_joint_model.h
[361.009s] -- Installing: /home/saber/robox_ws/install/moveit_core/include/moveit_core/moveit/robot_model/prismatic_joint_model.h
[361.009s] -- Installing: /home/saber/robox_ws/install/moveit_core/include/moveit_core/moveit/robot_model/link_model.hpp
[361.009s] -- Installing: /home/saber/robox_ws/install/moveit_core/include/moveit_core/moveit/robot_model/planar_joint_model.hpp
[361.009s] -- Installing: /home/saber/robox_ws/install/moveit_core/include/moveit_core/moveit/robot_model/fixed_joint_model.hpp
[361.010s] -- Installing: /home/saber/robox_ws/install/moveit_core/include/moveit_core/moveit/robot_model/revolute_joint_model.hpp
[361.010s] -- Installing: /home/saber/robox_ws/install/moveit_core/include/moveit_core/moveit/robot_model/floating_joint_model.hpp
[361.010s] -- Installing: /home/saber/robox_ws/install/moveit_core/include/moveit_core/moveit/robot_model/joint_model.hpp
[361.010s] -- Installing: /home/saber/robox_ws/install/moveit_core/include/moveit_core/moveit/robot_model/aabb.hpp
[361.010s] -- Installing: /home/saber/robox_ws/install/moveit_core/include/moveit_core/moveit/robot_model/joint_model_group.h
[361.010s] -- Installing: /home/saber/robox_ws/install/moveit_core/include/moveit_core/moveit/robot_model/robot_model.h
[361.011s] -- Installing: /home/saber/robox_ws/install/moveit_core/include/moveit_core/moveit/robot_model/aabb.h
[361.011s] -- Installing: /home/saber/robox_ws/install/moveit_core/include/moveit_core/moveit/robot_model/revolute_joint_model.h
[361.011s] -- Installing: /home/saber/robox_ws/install/moveit_core/include/moveit_core/moveit/robot_model/prismatic_joint_model.hpp
[361.011s] -- Installing: /home/saber/robox_ws/install/moveit_core/include/moveit_core/moveit/robot_model/robot_model.hpp
[361.011s] -- Installing: /home/saber/robox_ws/install/moveit_core/include/moveit_core/moveit/robot_model/floating_joint_model.h
[361.012s] -- Installing: /home/saber/robox_ws/install/moveit_core/include/moveit_core/moveit/robot_model/joint_model.h
[361.012s] -- Installing: /home/saber/robox_ws/install/moveit_core/include/moveit_core/moveit/robot_model/joint_model_group.hpp
[361.012s] -- Installing: /home/saber/robox_ws/install/moveit_core/include/moveit_core/moveit/robot_model/planar_joint_model.h
[361.012s] -- Up-to-date: /home/saber/robox_ws/install/moveit_core/include/moveit_core
[361.012s] -- Up-to-date: /home/saber/robox_ws/install/moveit_core/include/moveit_core/moveit
[361.013s] -- Installing: /home/saber/robox_ws/install/moveit_core/include/moveit_core/moveit/robot_state
[361.013s] -- Installing: /home/saber/robox_ws/install/moveit_core/include/moveit_core/moveit/robot_state/cartesian_interpolator.h
[361.013s] -- Installing: /home/saber/robox_ws/install/moveit_core/include/moveit_core/moveit/robot_state/attached_body.h
[361.013s] -- Installing: /home/saber/robox_ws/install/moveit_core/include/moveit_core/moveit/robot_state/attached_body.hpp
[361.013s] -- Installing: /home/saber/robox_ws/install/moveit_core/include/moveit_core/moveit/robot_state/conversions.hpp
[361.013s] -- Installing: /home/saber/robox_ws/install/moveit_core/include/moveit_core/moveit/robot_state/robot_state.h
[361.013s] -- Installing: /home/saber/robox_ws/install/moveit_core/include/moveit_core/moveit/robot_state/cartesian_interpolator.hpp
[361.014s] -- Installing: /home/saber/robox_ws/install/moveit_core/include/moveit_core/moveit/robot_state/conversions.h
[361.014s] -- Installing: /home/saber/robox_ws/install/moveit_core/include/moveit_core/moveit/robot_state/robot_state.hpp
[361.014s] -- Up-to-date: /home/saber/robox_ws/install/moveit_core/include/moveit_core
[361.014s] -- Up-to-date: /home/saber/robox_ws/install/moveit_core/include/moveit_core/moveit
[361.014s] -- Installing: /home/saber/robox_ws/install/moveit_core/include/moveit_core/moveit/robot_trajectory
[361.014s] -- Installing: /home/saber/robox_ws/install/moveit_core/include/moveit_core/moveit/robot_trajectory/robot_trajectory.h
[361.015s] -- Installing: /home/saber/robox_ws/install/moveit_core/include/moveit_core/moveit/robot_trajectory/robot_trajectory.hpp
[361.015s] -- Up-to-date: /home/saber/robox_ws/install/moveit_core/include/moveit_core
[361.015s] -- Up-to-date: /home/saber/robox_ws/install/moveit_core/include/moveit_core/moveit
[361.015s] -- Installing: /home/saber/robox_ws/install/moveit_core/include/moveit_core/moveit/trajectory_processing
[361.015s] -- Installing: /home/saber/robox_ws/install/moveit_core/include/moveit_core/moveit/trajectory_processing/trajectory_tools.hpp
[361.015s] -- Installing: /home/saber/robox_ws/install/moveit_core/include/moveit_core/moveit/trajectory_processing/ruckig_traj_smoothing.hpp
[361.016s] -- Installing: /home/saber/robox_ws/install/moveit_core/include/moveit_core/moveit/trajectory_processing/time_parameterization.h
[361.016s] -- Installing: /home/saber/robox_ws/install/moveit_core/include/moveit_core/moveit/trajectory_processing/time_optimal_trajectory_generation.h
[361.016s] -- Installing: /home/saber/robox_ws/install/moveit_core/include/moveit_core/moveit/trajectory_processing/trajectory_tools.h
[361.016s] -- Installing: /home/saber/robox_ws/install/moveit_core/include/moveit_core/moveit/trajectory_processing/ruckig_traj_smoothing.h
[361.017s] -- Installing: /home/saber/robox_ws/install/moveit_core/include/moveit_core/moveit/trajectory_processing/time_parameterization.hpp
[361.017s] -- Installing: /home/saber/robox_ws/install/moveit_core/include/moveit_core/moveit/trajectory_processing/time_optimal_trajectory_generation.hpp
[361.018s] -- Up-to-date: /home/saber/robox_ws/install/moveit_core/include/moveit_core
[361.018s] -- Up-to-date: /home/saber/robox_ws/install/moveit_core/include/moveit_core/moveit
[361.018s] -- Installing: /home/saber/robox_ws/install/moveit_core/include/moveit_core/moveit/transforms
[361.018s] -- Installing: /home/saber/robox_ws/install/moveit_core/include/moveit_core/moveit/transforms/transforms.h
[361.018s] -- Installing: /home/saber/robox_ws/install/moveit_core/include/moveit_core/moveit/transforms/transforms.hpp
[361.018s] -- Up-to-date: /home/saber/robox_ws/install/moveit_core/include/moveit_core
[361.018s] -- Up-to-date: /home/saber/robox_ws/install/moveit_core/include/moveit_core/moveit
[361.019s] -- Installing: /home/saber/robox_ws/install/moveit_core/include/moveit_core/moveit/utils
[361.019s] -- Installing: /home/saber/robox_ws/install/moveit_core/include/moveit_core/moveit/utils/lexical_casts.hpp
[361.019s] -- Installing: /home/saber/robox_ws/install/moveit_core/include/moveit_core/moveit/utils/logger.hpp
[361.019s] -- Installing: /home/saber/robox_ws/install/moveit_core/include/moveit_core/moveit/utils/message_checks.h
[361.019s] -- Installing: /home/saber/robox_ws/install/moveit_core/include/moveit_core/moveit/utils/lexical_casts.h
[361.020s] -- Installing: /home/saber/robox_ws/install/moveit_core/include/moveit_core/moveit/utils/eigen_test_utils.hpp
[361.020s] -- Installing: /home/saber/robox_ws/install/moveit_core/include/moveit_core/moveit/utils/eigen_test_utils.h
[361.020s] -- Installing: /home/saber/robox_ws/install/moveit_core/include/moveit_core/moveit/utils/moveit_error_code.hpp
[361.020s] -- Installing: /home/saber/robox_ws/install/moveit_core/include/moveit_core/moveit/utils/message_checks.hpp
[361.021s] -- Installing: /home/saber/robox_ws/install/moveit_core/include/moveit_core/moveit/utils/robot_model_test_utils.hpp
[361.021s] -- Installing: /home/saber/robox_ws/install/moveit_core/include/moveit_core/moveit/utils/robot_model_test_utils.h
[361.021s] -- Installing: /home/saber/robox_ws/install/moveit_core/include/moveit_core/moveit/utils/rclcpp_utils.h
[361.021s] -- Installing: /home/saber/robox_ws/install/moveit_core/include/moveit_core/moveit/utils/rclcpp_utils.hpp
[361.022s] -- Installing: /home/saber/robox_ws/install/moveit_core/include/moveit_core/moveit/utils/moveit_error_code.h
[361.022s] -- Installing: /home/saber/robox_ws/install/moveit_core/include/moveit_core/moveit/utils/logger.h
[361.023s] -- Installing: /home/saber/robox_ws/install/moveit_core/lib/moveit_core/logger_dut
[361.024s] -- Set non-toolchain portion of runtime path of "/home/saber/robox_ws/install/moveit_core/lib/moveit_core/logger_dut" to ""
[361.025s] -- Installing: /home/saber/robox_ws/install/moveit_core/include/moveit_core/moveit/version.hpp
[361.025s] -- Installing: /home/saber/robox_ws/install/moveit_core/bin/moveit_version
[361.026s] -- Installing: /home/saber/robox_ws/install/moveit_core/lib/libmoveit_collision_detection.so.2.14.0
[361.028s] -- Set non-toolchain portion of runtime path of "/home/saber/robox_ws/install/moveit_core/lib/libmoveit_collision_detection.so.2.14.0" to ""
[361.028s] -- Installing: /home/saber/robox_ws/install/moveit_core/lib/libmoveit_collision_detection.so
[361.028s] -- Installing: /home/saber/robox_ws/install/moveit_core/lib/libmoveit_collision_detection_bullet.so.2.14.0
[361.029s] -- Set non-toolchain portion of runtime path of "/home/saber/robox_ws/install/moveit_core/lib/libmoveit_collision_detection_bullet.so.2.14.0" to ""
[361.029s] -- Installing: /home/saber/robox_ws/install/moveit_core/lib/libmoveit_collision_detection_bullet.so
[361.029s] -- Installing: /home/saber/robox_ws/install/moveit_core/lib/libmoveit_collision_detection_fcl.so.2.14.0
[361.031s] -- Set non-toolchain portion of runtime path of "/home/saber/robox_ws/install/moveit_core/lib/libmoveit_collision_detection_fcl.so.2.14.0" to ""
[361.031s] -- Installing: /home/saber/robox_ws/install/moveit_core/lib/libmoveit_collision_detection_fcl.so
[361.031s] -- Installing: /home/saber/robox_ws/install/moveit_core/lib/libmoveit_collision_distance_field.so.2.14.0
[361.032s] -- Set non-toolchain portion of runtime path of "/home/saber/robox_ws/install/moveit_core/lib/libmoveit_collision_distance_field.so.2.14.0" to ""
[361.032s] -- Installing: /home/saber/robox_ws/install/moveit_core/lib/libmoveit_collision_distance_field.so
[361.032s] -- Installing: /home/saber/robox_ws/install/moveit_core/lib/libmoveit_constraint_samplers.so.2.14.0
[361.033s] -- Set non-toolchain portion of runtime path of "/home/saber/robox_ws/install/moveit_core/lib/libmoveit_constraint_samplers.so.2.14.0" to ""
[361.033s] -- Installing: /home/saber/robox_ws/install/moveit_core/lib/libmoveit_constraint_samplers.so
[361.033s] -- Installing: /home/saber/robox_ws/install/moveit_core/lib/libmoveit_distance_field.so.2.14.0
[361.034s] -- Set non-toolchain portion of runtime path of "/home/saber/robox_ws/install/moveit_core/lib/libmoveit_distance_field.so.2.14.0" to ""
[361.034s] -- Installing: /home/saber/robox_ws/install/moveit_core/lib/libmoveit_distance_field.so
[361.034s] -- Installing: /home/saber/robox_ws/install/moveit_core/lib/libmoveit_dynamics_solver.so.2.14.0
[361.035s] -- Set non-toolchain portion of runtime path of "/home/saber/robox_ws/install/moveit_core/lib/libmoveit_dynamics_solver.so.2.14.0" to ""
[361.035s] -- Installing: /home/saber/robox_ws/install/moveit_core/lib/libmoveit_dynamics_solver.so
[361.035s] -- Installing: /home/saber/robox_ws/install/moveit_core/lib/libmoveit_exceptions.so.2.14.0
[361.035s] -- Set non-toolchain portion of runtime path of "/home/saber/robox_ws/install/moveit_core/lib/libmoveit_exceptions.so.2.14.0" to ""
[361.035s] -- Installing: /home/saber/robox_ws/install/moveit_core/lib/libmoveit_exceptions.so
[361.035s] -- Installing: /home/saber/robox_ws/install/moveit_core/lib/libmoveit_kinematic_constraints.so.2.14.0
[361.036s] -- Set non-toolchain portion of runtime path of "/home/saber/robox_ws/install/moveit_core/lib/libmoveit_kinematic_constraints.so.2.14.0" to ""
[361.037s] -- Installing: /home/saber/robox_ws/install/moveit_core/lib/libmoveit_kinematic_constraints.so
[361.037s] -- Installing: /home/saber/robox_ws/install/moveit_core/lib/libmoveit_kinematics_base.so
[361.037s] -- Set non-toolchain portion of runtime path of "/home/saber/robox_ws/install/moveit_core/lib/libmoveit_kinematics_base.so" to ""
[361.037s] -- Installing: /home/saber/robox_ws/install/moveit_core/lib/libmoveit_kinematics_metrics.so.2.14.0
[361.038s] -- Set non-toolchain portion of runtime path of "/home/saber/robox_ws/install/moveit_core/lib/libmoveit_kinematics_metrics.so.2.14.0" to ""
[361.039s] -- Installing: /home/saber/robox_ws/install/moveit_core/lib/libmoveit_kinematics_metrics.so
[361.039s] -- Installing: /home/saber/robox_ws/install/moveit_core/lib/libmoveit_planning_interface.so.2.14.0
[361.040s] -- Set non-toolchain portion of runtime path of "/home/saber/robox_ws/install/moveit_core/lib/libmoveit_planning_interface.so.2.14.0" to ""
[361.040s] -- Installing: /home/saber/robox_ws/install/moveit_core/lib/libmoveit_planning_interface.so
[361.040s] -- Installing: /home/saber/robox_ws/install/moveit_core/lib/libmoveit_planning_scene.so.2.14.0
[361.041s] -- Set non-toolchain portion of runtime path of "/home/saber/robox_ws/install/moveit_core/lib/libmoveit_planning_scene.so.2.14.0" to ""
[361.041s] -- Installing: /home/saber/robox_ws/install/moveit_core/lib/libmoveit_planning_scene.so
[361.041s] -- Installing: /home/saber/robox_ws/install/moveit_core/lib/libmoveit_robot_model.so.2.14.0
[361.042s] -- Set non-toolchain portion of runtime path of "/home/saber/robox_ws/install/moveit_core/lib/libmoveit_robot_model.so.2.14.0" to ""
[361.043s] -- Installing: /home/saber/robox_ws/install/moveit_core/lib/libmoveit_robot_model.so
[361.043s] -- Installing: /home/saber/robox_ws/install/moveit_core/lib/libmoveit_robot_state.so.2.14.0
[361.044s] -- Set non-toolchain portion of runtime path of "/home/saber/robox_ws/install/moveit_core/lib/libmoveit_robot_state.so.2.14.0" to ""
[361.044s] -- Installing: /home/saber/robox_ws/install/moveit_core/lib/libmoveit_robot_state.so
[361.044s] -- Installing: /home/saber/robox_ws/install/moveit_core/lib/libmoveit_robot_trajectory.so.2.14.0
[361.045s] -- Set non-toolchain portion of runtime path of "/home/saber/robox_ws/install/moveit_core/lib/libmoveit_robot_trajectory.so.2.14.0" to ""
[361.045s] -- Installing: /home/saber/robox_ws/install/moveit_core/lib/libmoveit_robot_trajectory.so
[361.045s] -- Installing: /home/saber/robox_ws/install/moveit_core/lib/libmoveit_smoothing_base.so.2.14.0
[361.045s] -- Set non-toolchain portion of runtime path of "/home/saber/robox_ws/install/moveit_core/lib/libmoveit_smoothing_base.so.2.14.0" to ""
[361.045s] -- Installing: /home/saber/robox_ws/install/moveit_core/lib/libmoveit_smoothing_base.so
[361.045s] -- Installing: /home/saber/robox_ws/install/moveit_core/lib/libmoveit_test_utils.so.2.14.0
[361.047s] -- Set non-toolchain portion of runtime path of "/home/saber/robox_ws/install/moveit_core/lib/libmoveit_test_utils.so.2.14.0" to ""
[361.047s] -- Installing: /home/saber/robox_ws/install/moveit_core/lib/libmoveit_test_utils.so
[361.047s] -- Installing: /home/saber/robox_ws/install/moveit_core/lib/libmoveit_trajectory_processing.so.2.14.0
[361.048s] -- Set non-toolchain portion of runtime path of "/home/saber/robox_ws/install/moveit_core/lib/libmoveit_trajectory_processing.so.2.14.0" to ""
[361.048s] -- Installing: /home/saber/robox_ws/install/moveit_core/lib/libmoveit_trajectory_processing.so
[361.048s] -- Installing: /home/saber/robox_ws/install/moveit_core/lib/libmoveit_transforms.so.2.14.0
[361.048s] -- Set non-toolchain portion of runtime path of "/home/saber/robox_ws/install/moveit_core/lib/libmoveit_transforms.so.2.14.0" to ""
[361.048s] -- Installing: /home/saber/robox_ws/install/moveit_core/lib/libmoveit_transforms.so
[361.049s] -- Installing: /home/saber/robox_ws/install/moveit_core/lib/libmoveit_utils.so.2.14.0
[361.049s] -- Set non-toolchain portion of runtime path of "/home/saber/robox_ws/install/moveit_core/lib/libmoveit_utils.so.2.14.0" to ""
[361.049s] -- Installing: /home/saber/robox_ws/install/moveit_core/lib/libmoveit_utils.so
[361.049s] -- Installing: /home/saber/robox_ws/install/moveit_core/lib/libcollision_detector_bullet_plugin.so.2.14.0
[361.050s] -- Set non-toolchain portion of runtime path of "/home/saber/robox_ws/install/moveit_core/lib/libcollision_detector_bullet_plugin.so.2.14.0" to ""
[361.050s] -- Installing: /home/saber/robox_ws/install/moveit_core/lib/libcollision_detector_bullet_plugin.so
[361.050s] -- Installing: /home/saber/robox_ws/install/moveit_core/lib/libcollision_detector_fcl_plugin.so.2.14.0
[361.050s] -- Set non-toolchain portion of runtime path of "/home/saber/robox_ws/install/moveit_core/lib/libcollision_detector_fcl_plugin.so.2.14.0" to ""
[361.050s] -- Installing: /home/saber/robox_ws/install/moveit_core/lib/libcollision_detector_fcl_plugin.so
[361.051s] -- Installing: /home/saber/robox_ws/install/moveit_core/lib/libmoveit_acceleration_filter.so.2.14.0
[361.051s] -- Set non-toolchain portion of runtime path of "/home/saber/robox_ws/install/moveit_core/lib/libmoveit_acceleration_filter.so.2.14.0" to ""
[361.052s] -- Installing: /home/saber/robox_ws/install/moveit_core/lib/libmoveit_acceleration_filter.so
[361.052s] -- Installing: /home/saber/robox_ws/install/moveit_core/lib/libmoveit_butterworth_filter.so.2.14.0
[361.052s] -- Set non-toolchain portion of runtime path of "/home/saber/robox_ws/install/moveit_core/lib/libmoveit_butterworth_filter.so.2.14.0" to ""
[361.052s] -- Installing: /home/saber/robox_ws/install/moveit_core/lib/libmoveit_butterworth_filter.so
[361.053s] -- Installing: /home/saber/robox_ws/install/moveit_core/lib/libmoveit_ruckig_filter.so.2.14.0
[361.053s] -- Set non-toolchain portion of runtime path of "/home/saber/robox_ws/install/moveit_core/lib/libmoveit_ruckig_filter.so.2.14.0" to ""
[361.054s] -- Installing: /home/saber/robox_ws/install/moveit_core/lib/libmoveit_ruckig_filter.so
[361.054s] -- Installing: /home/saber/robox_ws/install/moveit_core/share/moveit_core/environment/library_path.sh
[361.055s] -- Installing: /home/saber/robox_ws/install/moveit_core/share/moveit_core/environment/library_path.dsv
[361.055s] -- Installing: /home/saber/robox_ws/install/moveit_core/share/moveit_core/collision_detector_fcl_description.xml
[361.056s] -- Installing: /home/saber/robox_ws/install/moveit_core/share/moveit_core/collision_detector_bullet_description.xml
[361.056s] -- Installing: /home/saber/robox_ws/install/moveit_core/share/moveit_core/filter_plugin_acceleration.xml
[361.056s] -- Installing: /home/saber/robox_ws/install/moveit_core/share/moveit_core/filter_plugin_butterworth.xml
[361.056s] -- Installing: /home/saber/robox_ws/install/moveit_core/share/moveit_core/filter_plugin_ruckig.xml
[361.057s] -- Installing: /home/saber/robox_ws/install/moveit_core/share/ament_index/resource_index/package_run_dependencies/moveit_core
[361.057s] -- Installing: /home/saber/robox_ws/install/moveit_core/share/ament_index/resource_index/parent_prefix_path/moveit_core
[361.058s] -- Installing: /home/saber/robox_ws/install/moveit_core/share/moveit_core/environment/ament_prefix_path.sh
[361.059s] -- Installing: /home/saber/robox_ws/install/moveit_core/share/moveit_core/environment/ament_prefix_path.dsv
[361.059s] -- Installing: /home/saber/robox_ws/install/moveit_core/share/moveit_core/environment/path.sh
[361.059s] -- Installing: /home/saber/robox_ws/install/moveit_core/share/moveit_core/environment/path.dsv
[361.060s] -- Installing: /home/saber/robox_ws/install/moveit_core/share/moveit_core/local_setup.bash
[361.060s] -- Installing: /home/saber/robox_ws/install/moveit_core/share/moveit_core/local_setup.sh
[361.060s] -- Installing: /home/saber/robox_ws/install/moveit_core/share/moveit_core/local_setup.zsh
[361.060s] -- Installing: /home/saber/robox_ws/install/moveit_core/share/moveit_core/local_setup.dsv
[361.061s] -- Installing: /home/saber/robox_ws/install/moveit_core/share/moveit_core/package.dsv
[361.061s] -- Installing: /home/saber/robox_ws/install/moveit_core/share/ament_index/resource_index/packages/moveit_core
[361.061s] -- Installing: /home/saber/robox_ws/install/moveit_core/share/ament_index/resource_index/moveit_core__pluginlib__plugin/moveit_core
[361.062s] -- Installing: /home/saber/robox_ws/install/moveit_core/share/moveit_core/cmake/moveit_coreTargetsExport.cmake
[361.062s] -- Installing: /home/saber/robox_ws/install/moveit_core/share/moveit_core/cmake/moveit_coreTargetsExport-release.cmake
[361.063s] -- Installing: /home/saber/robox_ws/install/moveit_core/share/moveit_core/cmake/ConfigExtras.cmake
[361.063s] -- Installing: /home/saber/robox_ws/install/moveit_core/share/moveit_core/cmake/ament_cmake_export_targets-extras.cmake
[361.064s] -- Installing: /home/saber/robox_ws/install/moveit_core/share/moveit_core/cmake/ament_cmake_export_dependencies-extras.cmake
[361.064s] -- Installing: /home/saber/robox_ws/install/moveit_core/share/moveit_core/cmake/moveit_coreConfig.cmake
[361.064s] -- Installing: /home/saber/robox_ws/install/moveit_core/share/moveit_core/cmake/moveit_coreConfig-version.cmake
[361.064s] -- Installing: /home/saber/robox_ws/install/moveit_core/share/moveit_core/package.xml
[361.078s] Invoked command in '/home/saber/robox_ws/build/moveit_core' returned '0': AMENT_PREFIX_PATH=/home/saber/robox_ws/install/moveit_common:${AMENT_PREFIX_PATH} CMAKE_PREFIX_PATH=/home/saber/robox_ws/install/moveit_common:/home/saber/ws_moveit/install/robotiq_hardware_tests:/home/saber/ws_moveit/install/robotiq_driver:/home/saber/ws_moveit/install/serial:/home/saber/ws_moveit/install/moveit_visual_tools:/home/saber/ws_moveit/install/rviz_visual_tools:/home/saber/ws_moveit/install/rviz_marker_tools:/home/saber/ws_moveit/install/robox_arm:/home/saber/ws_moveit/install/kortex_bringup:/home/saber/ws_moveit/install/kortex_description:/home/saber/ws_moveit/install/robotiq_description:/home/saber/ws_moveit/install/robotiq_controllers:/home/saber/ws_moveit/install/pilz_industrial_motion_planner_testutils:/home/saber/ws_moveit/install/moveit_task_constructor_msgs:/home/saber/ws_moveit/install/moveit_ros_control_interface:/home/saber/ws_moveit/install/moveit_plugins:/home/saber/ws_moveit/install/moveit_simple_controller_manager:/home/saber/ws_moveit/install/moveit_ros_benchmarks:/home/saber/ws_moveit/install/moveit_ros_warehouse:/home/saber/ws_moveit/install/moveit_ros_robot_interaction:/home/saber/ws_moveit/install/moveit_ros_perception:/home/saber/ws_moveit/install/moveit_resources_prbt_pg70_support:/home/saber/ws_moveit/install/moveit_resources_prbt_moveit_config:/home/saber/ws_moveit/install/description:/home/saber/ws_moveit/install/moveit_ros_move_group:/home/saber/ws_moveit/install/moveit_planners_ompl:/home/saber/ws_moveit/install/moveit_kinematics:/home/saber/ws_moveit/install/moveit_ros_planning:/home/saber/ws_moveit/install/moveit_ros_occupancy_map_monitor:/home/saber/ws_moveit/install/moveit_resources_prbt_support:/home/saber/ws_moveit/install/moveit_resources_prbt_ikfast_manipulator_plugin:/home/saber/ws_moveit/install/moveit_resources:/home/saber/ws_moveit/install/moveit_resources_pr2_description:/home/saber/ws_moveit/install/moveit_resources_panda_moveit_config:/home/saber/ws_moveit/install/dual_arm_panda_moveit_config:/home/saber/ws_moveit/install/moveit_resources_panda_description:/home/saber/ws_moveit/install/moveit_resources_fanuc_moveit_config:/home/saber/ws_moveit/install/moveit_resources_fanuc_description:/home/saber/ws_moveit/install/moveit_planners_stomp:/home/saber/ws_moveit/install/moveit_planners_chomp:/home/saber/ws_moveit/install/chomp_motion_planner:/home/saber/ws_moveit/install/moveit_core:/home/saber/ws_moveit/install/moveit_msgs:/home/saber/ws_moveit/install/moveit_common:/home/saber/ws_moveit/install/kortex_driver:/home/saber/ws_moveit/install/kortex_api:/home/saber/robox_ws/install/robox_moveit_config:/home/saber/robox_ws/install/robox_arm:/home/saber/arduinobot_ws/install/controller:/home/saber/arduinobot_ws/install/arduinobot_cpp_examples:/opt/ros/jazzy/opt/gz_sim_vendor:/opt/ros/jazzy/opt/gz_sensors_vendor:/opt/ros/jazzy/opt/gz_physics_vendor:/opt/ros/jazzy/opt/sdformat_vendor:/opt/ros/jazzy/opt/gz_gui_vendor:/opt/ros/jazzy/opt/gz_transport_vendor:/opt/ros/jazzy/opt/gz_rendering_vendor:/opt/ros/jazzy/opt/gz_plugin_vendor:/opt/ros/jazzy/opt/gz_fuel_tools_vendor:/opt/ros/jazzy/opt/gz_msgs_vendor:/opt/ros/jazzy/opt/gz_common_vendor:/opt/ros/jazzy/opt/gz_math_vendor:/opt/ros/jazzy/opt/gz_utils_vendor:/opt/ros/jazzy/opt/gz_tools_vendor:/opt/ros/jazzy/opt/gz_ogre_next_vendor:/opt/ros/jazzy/opt/gz_dartsim_vendor:/opt/ros/jazzy/opt/gz_cmake_vendor:/home/saber/ws_moveit/install/moveit_configs_utils:/home/saber/robox_ws/install/arduinobot_py_examples:/home/saber/arduinobot_ws/install/arduinobot_py_examples:/opt/ros/jazzy DEBUGINFOD_URLS=https://debuginfod.ubuntu.com /usr/bin/cmake --install /home/saber/robox_ws/build/moveit_core
