[  0%] Built target moveit_setup_controllers_autogen_timestamp_deps
[  0%] Built target gtest_main_autogen_timestamp_deps
[  0%] Built target gtest_autogen_timestamp_deps
[  2%] Built target gtest_autogen
[  5%] Built target gtest_main_autogen
[  8%] Built target moveit_setup_controllers_autogen
[ 11%] [32mBuilding CXX object gtest/CMakeFiles/gtest.dir/src/gtest-all.cc.o[0m
[ 14%] [32mBuilding CXX object CMakeFiles/moveit_setup_controllers.dir/src/control_xacro_config.cpp.o[0m
[ 17%] [32mBuilding CXX object CMakeFiles/moveit_setup_controllers.dir/src/controller_edit_widget.cpp.o[0m
[ 20%] [32mBuilding CXX object CMakeFiles/moveit_setup_controllers.dir/src/controllers_widget.cpp.o[0m
[ 22%] [32mBuilding CXX object CMakeFiles/moveit_setup_controllers.dir/src/controllers.cpp.o[0m
[ 25%] [32mBuilding CXX object CMakeFiles/moveit_setup_controllers.dir/src/controllers_config.cpp.o[0m
[ 28%] [32mBuilding CXX object CMakeFiles/moveit_setup_controllers.dir/src/moveit_controllers_widget.cpp.o[0m
[ 40%] Built target gtest_main
[ 42%] [32mBuilding CXX object CMakeFiles/moveit_setup_controllers.dir/src/moveit_controllers_config.cpp.o[0m
[ 45%] [32mBuilding CXX object CMakeFiles/moveit_setup_controllers.dir/src/modified_urdf_config.cpp.o[0m
[ 48%] [32mBuilding CXX object CMakeFiles/moveit_setup_controllers.dir/src/ros2_controllers_config.cpp.o[0m
[ 51%] [32mBuilding CXX object CMakeFiles/moveit_setup_controllers.dir/src/urdf_modifications.cpp.o[0m
[ 54%] [32mBuilding CXX object CMakeFiles/moveit_setup_controllers.dir/src/urdf_modifications_widget.cpp.o[0m
[ 57%] [32mBuilding CXX object CMakeFiles/moveit_setup_controllers.dir/include/moveit_setup_controllers/moc_controller_edit_widget.cpp.o[0m
[ 60%] [32mBuilding CXX object CMakeFiles/moveit_setup_controllers.dir/src/ros2_controllers_widget.cpp.o[0m
[ 62%] [32mBuilding CXX object CMakeFiles/moveit_setup_controllers.dir/include/moveit_setup_controllers/moc_controllers_widget.cpp.o[0m
[ 65%] [32mBuilding CXX object CMakeFiles/moveit_setup_controllers.dir/include/moveit_setup_controllers/moc_urdf_modifications_widget.cpp.o[0m
[ 68%] [32m[1mLinking CXX static library libgtest.a[0m
[ 74%] Built target gtest
gmake[2]: *** [CMakeFiles/moveit_setup_controllers.dir/build.make:116: CMakeFiles/moveit_setup_controllers.dir/src/controller_edit_widget.cpp.o] Interrupt
gmake[2]: *** [CMakeFiles/moveit_setup_controllers.dir/build.make:130: CMakeFiles/moveit_setup_controllers.dir/src/controllers.cpp.o] Interrupt
gmake[2]: *** [CMakeFiles/moveit_setup_controllers.dir/build.make:186: CMakeFiles/moveit_setup_controllers.dir/src/moveit_controllers_config.cpp.o] Interrupt
gmake[2]: *** [CMakeFiles/moveit_setup_controllers.dir/build.make:242: CMakeFiles/moveit_setup_controllers.dir/src/urdf_modifications.cpp.o] Interrupt
gmake[2]: *** [CMakeFiles/moveit_setup_controllers.dir/build.make:270: CMakeFiles/moveit_setup_controllers.dir/include/moveit_setup_controllers/moc_controller_edit_widget.cpp.o] Interrupt
gmake[2]: *** [CMakeFiles/moveit_setup_controllers.dir/build.make:158: CMakeFiles/moveit_setup_controllers.dir/src/controllers_config.cpp.o] Interrupt
gmake[2]: *** [CMakeFiles/moveit_setup_controllers.dir/build.make:256: CMakeFiles/moveit_setup_controllers.dir/src/urdf_modifications_widget.cpp.o] Interrupt
gmake[2]: *** [CMakeFiles/moveit_setup_controllers.dir/build.make:102: CMakeFiles/moveit_setup_controllers.dir/src/control_xacro_config.cpp.o] Interrupt
gmake[2]: *** [CMakeFiles/moveit_setup_controllers.dir/build.make:228: CMakeFiles/moveit_setup_controllers.dir/src/ros2_controllers_widget.cpp.o] Interrupt
gmake[2]: *** [CMakeFiles/moveit_setup_controllers.dir/build.make:200: CMakeFiles/moveit_setup_controllers.dir/src/moveit_controllers_widget.cpp.o] Interrupt
gmake[2]: *** [CMakeFiles/moveit_setup_controllers.dir/build.make:284: CMakeFiles/moveit_setup_controllers.dir/include/moveit_setup_controllers/moc_controllers_widget.cpp.o] Interrupt
gmake[2]: *** [CMakeFiles/moveit_setup_controllers.dir/build.make:214: CMakeFiles/moveit_setup_controllers.dir/src/ros2_controllers_config.cpp.o] Interrupt
gmake[2]: *** [CMakeFiles/moveit_setup_controllers.dir/build.make:144: CMakeFiles/moveit_setup_controllers.dir/src/controllers_widget.cpp.o] Interrupt
gmake[2]: *** [CMakeFiles/moveit_setup_controllers.dir/build.make:298: CMakeFiles/moveit_setup_controllers.dir/include/moveit_setup_controllers/moc_urdf_modifications_widget.cpp.o] Interrupt
gmake[1]: *** [CMakeFiles/Makefile2:166: CMakeFiles/moveit_setup_controllers.dir/all] Interrupt
gmake: *** [Makefile:146: all] Interrupt
