[0.062s] Invoking command in '/home/saber/robox_ws/build/moveit_setup_controllers': AMENT_PREFIX_PATH=/home/saber/robox_ws/install/moveit_setup_framework:/home/saber/robox_ws/install/moveit_ros_visualization:/home/saber/robox_ws/install/moveit_ros_planning_interface:/home/saber/robox_ws/install/moveit_ros_move_group:/home/saber/robox_ws/install/moveit_ros_warehouse:/home/saber/robox_ws/install/moveit_ros_robot_interaction:/home/saber/robox_ws/install/moveit_kinematics:/home/saber/robox_ws/install/moveit_ros_planning:/home/saber/robox_ws/install/moveit_simple_controller_manager:/home/saber/robox_ws/install/moveit_ros_occupancy_map_monitor:/home/saber/robox_ws/install/moveit_core:/home/saber/robox_ws/install/moveit_configs_utils:/home/saber/robox_ws/install/moveit_common:${AMENT_PREFIX_PATH} CMAKE_PREFIX_PATH=/home/saber/robox_ws/install/moveit_setup_framework:/home/saber/robox_ws/install/moveit_ros_visualization:/home/saber/robox_ws/install/moveit_ros_planning_interface:/home/saber/robox_ws/install/moveit_ros_move_group:/home/saber/robox_ws/install/moveit_ros_warehouse:/home/saber/robox_ws/install/moveit_ros_robot_interaction:/home/saber/robox_ws/install/moveit_kinematics:/home/saber/robox_ws/install/moveit_ros_planning:/home/saber/robox_ws/install/moveit_simple_controller_manager:/home/saber/robox_ws/install/moveit_ros_occupancy_map_monitor:/home/saber/robox_ws/install/moveit_core:/home/saber/robox_ws/install/moveit_common:/home/saber/arduinobot_ws/install/controller:/home/saber/arduinobot_ws/install/arm_description:/home/saber/arduinobot_ws/install/arduinobot_cpp_examples:/opt/ros/jazzy/opt/gz_sim_vendor:/opt/ros/jazzy/opt/gz_sensors_vendor:/opt/ros/jazzy/opt/gz_physics_vendor:/opt/ros/jazzy/opt/sdformat_vendor:/opt/ros/jazzy/opt/gz_gui_vendor:/opt/ros/jazzy/opt/gz_transport_vendor:/opt/ros/jazzy/opt/gz_rendering_vendor:/opt/ros/jazzy/opt/gz_plugin_vendor:/opt/ros/jazzy/opt/gz_fuel_tools_vendor:/opt/ros/jazzy/opt/gz_msgs_vendor:/opt/ros/jazzy/opt/gz_common_vendor:/opt/ros/jazzy/opt/gz_math_vendor:/opt/ros/jazzy/opt/gz_utils_vendor:/opt/ros/jazzy/opt/gz_tools_vendor:/opt/ros/jazzy/opt/gz_ogre_next_vendor:/opt/ros/jazzy/opt/gz_dartsim_vendor:/opt/ros/jazzy/opt/gz_cmake_vendor:/home/saber/arduinobot_ws/install/arduinobot_py_examples:/opt/ros/jazzy DEBUGINFOD_URLS=https://debuginfod.ubuntu.com LD_LIBRARY_PATH=/home/saber/robox_ws/install/moveit_setup_framework/lib:/home/saber/robox_ws/install/moveit_ros_visualization/lib:/home/saber/robox_ws/install/moveit_ros_planning_interface/lib:/home/saber/robox_ws/install/moveit_ros_move_group/lib:/home/saber/robox_ws/install/moveit_ros_warehouse/lib:/home/saber/robox_ws/install/moveit_ros_robot_interaction/lib:/home/saber/robox_ws/install/moveit_kinematics/lib:/home/saber/robox_ws/install/moveit_ros_planning/lib:/home/saber/robox_ws/install/moveit_simple_controller_manager/lib:/home/saber/robox_ws/install/moveit_ros_occupancy_map_monitor/lib:/home/saber/robox_ws/install/moveit_core/lib:${LD_LIBRARY_PATH} PATH=/home/saber/robox_ws/install/moveit_core/bin:${PATH} PYTHONPATH=/home/saber/robox_ws/install/moveit_configs_utils/lib/python3.12/site-packages:${PYTHONPATH} /usr/bin/cmake --build /home/saber/robox_ws/build/moveit_setup_controllers -- -j16 -l16
[0.162s] [  0%] Built target moveit_setup_controllers_autogen_timestamp_deps
[0.171s] [  0%] Built target gtest_main_autogen_timestamp_deps
[0.172s] [  0%] Built target gtest_autogen_timestamp_deps
[0.239s] [  2%] Built target gtest_autogen
[0.304s] [  5%] Built target gtest_main_autogen
[0.316s] [  8%] Built target moveit_setup_controllers_autogen
[0.345s] [ 11%] [32mBuilding CXX object gtest/CMakeFiles/gtest.dir/src/gtest-all.cc.o[0m
[0.406s] [ 14%] [32mBuilding CXX object CMakeFiles/moveit_setup_controllers.dir/src/control_xacro_config.cpp.o[0m
[0.412s] [ 17%] [32mBuilding CXX object CMakeFiles/moveit_setup_controllers.dir/src/controller_edit_widget.cpp.o[0m
[0.418s] [ 20%] [32mBuilding CXX object CMakeFiles/moveit_setup_controllers.dir/src/controllers_widget.cpp.o[0m
[0.421s] [ 22%] [32mBuilding CXX object CMakeFiles/moveit_setup_controllers.dir/src/controllers.cpp.o[0m
[0.426s] [ 25%] [32mBuilding CXX object CMakeFiles/moveit_setup_controllers.dir/src/controllers_config.cpp.o[0m
[0.429s] [ 28%] [32mBuilding CXX object CMakeFiles/moveit_setup_controllers.dir/src/moveit_controllers_widget.cpp.o[0m
[0.448s] [ 40%] Built target gtest_main
[0.448s] [ 42%] [32mBuilding CXX object CMakeFiles/moveit_setup_controllers.dir/src/moveit_controllers_config.cpp.o[0m
[0.448s] [ 45%] [32mBuilding CXX object CMakeFiles/moveit_setup_controllers.dir/src/modified_urdf_config.cpp.o[0m
[0.450s] [ 48%] [32mBuilding CXX object CMakeFiles/moveit_setup_controllers.dir/src/ros2_controllers_config.cpp.o[0m
[0.458s] [ 51%] [32mBuilding CXX object CMakeFiles/moveit_setup_controllers.dir/src/urdf_modifications.cpp.o[0m
[0.459s] [ 54%] [32mBuilding CXX object CMakeFiles/moveit_setup_controllers.dir/src/urdf_modifications_widget.cpp.o[0m
[0.473s] [ 57%] [32mBuilding CXX object CMakeFiles/moveit_setup_controllers.dir/include/moveit_setup_controllers/moc_controller_edit_widget.cpp.o[0m
[0.483s] [ 60%] [32mBuilding CXX object CMakeFiles/moveit_setup_controllers.dir/src/ros2_controllers_widget.cpp.o[0m
[0.490s] [ 62%] [32mBuilding CXX object CMakeFiles/moveit_setup_controllers.dir/include/moveit_setup_controllers/moc_controllers_widget.cpp.o[0m
[0.570s] [ 65%] [32mBuilding CXX object CMakeFiles/moveit_setup_controllers.dir/include/moveit_setup_controllers/moc_urdf_modifications_widget.cpp.o[0m
[434.534s] [ 68%] [32m[1mLinking CXX static library libgtest.a[0m
[434.625s] [ 74%] Built target gtest
[787.019s] gmake[2]: *** [CMakeFiles/moveit_setup_controllers.dir/build.make:116: CMakeFiles/moveit_setup_controllers.dir/src/controller_edit_widget.cpp.o] Interrupt
[787.028s] gmake[2]: *** [CMakeFiles/moveit_setup_controllers.dir/build.make:130: CMakeFiles/moveit_setup_controllers.dir/src/controllers.cpp.o] Interrupt
[787.029s] gmake[2]: *** [CMakeFiles/moveit_setup_controllers.dir/build.make:186: CMakeFiles/moveit_setup_controllers.dir/src/moveit_controllers_config.cpp.o] Interrupt
[787.029s] gmake[2]: *** [CMakeFiles/moveit_setup_controllers.dir/build.make:242: CMakeFiles/moveit_setup_controllers.dir/src/urdf_modifications.cpp.o] Interrupt
[787.107s] gmake[2]: *** [CMakeFiles/moveit_setup_controllers.dir/build.make:270: CMakeFiles/moveit_setup_controllers.dir/include/moveit_setup_controllers/moc_controller_edit_widget.cpp.o] Interrupt
[787.107s] gmake[2]: *** [CMakeFiles/moveit_setup_controllers.dir/build.make:158: CMakeFiles/moveit_setup_controllers.dir/src/controllers_config.cpp.o] Interrupt
[787.107s] gmake[2]: *** [CMakeFiles/moveit_setup_controllers.dir/build.make:256: CMakeFiles/moveit_setup_controllers.dir/src/urdf_modifications_widget.cpp.o] Interrupt
[787.107s] gmake[2]: *** [CMakeFiles/moveit_setup_controllers.dir/build.make:102: CMakeFiles/moveit_setup_controllers.dir/src/control_xacro_config.cpp.o] Interrupt
[787.107s] gmake[2]: *** [CMakeFiles/moveit_setup_controllers.dir/build.make:228: CMakeFiles/moveit_setup_controllers.dir/src/ros2_controllers_widget.cpp.o] Interrupt
[787.107s] gmake[2]: *** [CMakeFiles/moveit_setup_controllers.dir/build.make:200: CMakeFiles/moveit_setup_controllers.dir/src/moveit_controllers_widget.cpp.o] Interrupt
[787.111s] gmake[2]: *** [CMakeFiles/moveit_setup_controllers.dir/build.make:284: CMakeFiles/moveit_setup_controllers.dir/include/moveit_setup_controllers/moc_controllers_widget.cpp.o] Interrupt
[787.111s] gmake[2]: *** [CMakeFiles/moveit_setup_controllers.dir/build.make:214: CMakeFiles/moveit_setup_controllers.dir/src/ros2_controllers_config.cpp.o] Interrupt
[787.111s] gmake[2]: *** [CMakeFiles/moveit_setup_controllers.dir/build.make:144: CMakeFiles/moveit_setup_controllers.dir/src/controllers_widget.cpp.o] Interrupt
[787.111s] gmake[2]: *** [CMakeFiles/moveit_setup_controllers.dir/build.make:298: CMakeFiles/moveit_setup_controllers.dir/include/moveit_setup_controllers/moc_urdf_modifications_widget.cpp.o] Interrupt
[787.111s] gmake[1]: *** [CMakeFiles/Makefile2:166: CMakeFiles/moveit_setup_controllers.dir/all] Interrupt
[787.111s] gmake: *** [Makefile:146: all] Interrupt
