[0.946s] Invoking command in '/home/saber/robox_ws/build/moveit_configs_utils': DEBUGINFOD_URLS=https://debuginfod.ubuntu.com PYTHONPATH=/home/saber/robox_ws/build/moveit_configs_utils/prefix_override:/usr/lib/python3/dist-packages/colcon_core/task/python/colcon_distutils_commands:/home/saber/robox_ws/install/moveit_configs_utils/lib/python3.12/site-packages:${PYTHONPATH} /usr/bin/python3 -W ignore:setup.py install is deprecated -W ignore:easy_install command is deprecated setup.py develop --uninstall --editable --build-directory /home/saber/robox_ws/build/moveit_configs_utils/build
[1.219s] running develop
[1.420s] Removing /home/saber/robox_ws/install/moveit_configs_utils/lib/python3.12/site-packages/moveit-configs-utils.egg-link (link to .)
[1.446s] Invoked command in '/home/saber/robox_ws/build/moveit_configs_utils' returned '0': DEBUGINFOD_URLS=https://debuginfod.ubuntu.com PYTHONPATH=/home/saber/robox_ws/build/moveit_configs_utils/prefix_override:/usr/lib/python3/dist-packages/colcon_core/task/python/colcon_distutils_commands:/home/saber/robox_ws/install/moveit_configs_utils/lib/python3.12/site-packages:${PYTHONPATH} /usr/bin/python3 -W ignore:setup.py install is deprecated -W ignore:easy_install command is deprecated setup.py develop --uninstall --editable --build-directory /home/saber/robox_ws/build/moveit_configs_utils/build
[1.446s] Invoking command in '/home/saber/robox_ws/src/moveit2/moveit_configs_utils': DEBUGINFOD_URLS=https://debuginfod.ubuntu.com PYTHONPATH=/home/saber/robox_ws/build/moveit_configs_utils/prefix_override:/usr/lib/python3/dist-packages/colcon_core/task/python/colcon_distutils_commands:/home/saber/robox_ws/install/moveit_configs_utils/lib/python3.12/site-packages:${PYTHONPATH} /usr/bin/python3 -W ignore:setup.py install is deprecated -W ignore:easy_install command is deprecated setup.py egg_info --egg-base ../../../build/moveit_configs_utils build --build-base /home/saber/robox_ws/build/moveit_configs_utils/build install --record /home/saber/robox_ws/build/moveit_configs_utils/install.log --single-version-externally-managed install_data --force
[1.685s] running egg_info
[1.704s] writing ../../../build/moveit_configs_utils/moveit_configs_utils.egg-info/PKG-INFO
[1.704s] writing dependency_links to ../../../build/moveit_configs_utils/moveit_configs_utils.egg-info/dependency_links.txt
[1.704s] writing requirements to ../../../build/moveit_configs_utils/moveit_configs_utils.egg-info/requires.txt
[1.705s] writing top-level names to ../../../build/moveit_configs_utils/moveit_configs_utils.egg-info/top_level.txt
[1.742s] reading manifest file '../../../build/moveit_configs_utils/moveit_configs_utils.egg-info/SOURCES.txt'
[1.743s] writing manifest file '../../../build/moveit_configs_utils/moveit_configs_utils.egg-info/SOURCES.txt'
[1.743s] running build
[1.743s] running build_py
[1.743s] running install
[1.748s] running install_lib
[1.767s] creating /home/saber/robox_ws/install/moveit_configs_utils/lib/python3.12/site-packages/moveit_configs_utils
[1.767s] copying /home/saber/robox_ws/build/moveit_configs_utils/build/lib/moveit_configs_utils/__init__.py -> /home/saber/robox_ws/install/moveit_configs_utils/lib/python3.12/site-packages/moveit_configs_utils
[1.767s] creating /home/saber/robox_ws/install/moveit_configs_utils/lib/python3.12/site-packages/moveit_configs_utils/substitutions
[1.767s] copying /home/saber/robox_ws/build/moveit_configs_utils/build/lib/moveit_configs_utils/substitutions/xacro.py -> /home/saber/robox_ws/install/moveit_configs_utils/lib/python3.12/site-packages/moveit_configs_utils/substitutions
[1.767s] copying /home/saber/robox_ws/build/moveit_configs_utils/build/lib/moveit_configs_utils/substitutions/__init__.py -> /home/saber/robox_ws/install/moveit_configs_utils/lib/python3.12/site-packages/moveit_configs_utils/substitutions
[1.767s] copying /home/saber/robox_ws/build/moveit_configs_utils/build/lib/moveit_configs_utils/launches.py -> /home/saber/robox_ws/install/moveit_configs_utils/lib/python3.12/site-packages/moveit_configs_utils
[1.768s] copying /home/saber/robox_ws/build/moveit_configs_utils/build/lib/moveit_configs_utils/launch_utils.py -> /home/saber/robox_ws/install/moveit_configs_utils/lib/python3.12/site-packages/moveit_configs_utils
[1.768s] copying /home/saber/robox_ws/build/moveit_configs_utils/build/lib/moveit_configs_utils/moveit_configs_builder.py -> /home/saber/robox_ws/install/moveit_configs_utils/lib/python3.12/site-packages/moveit_configs_utils
[1.768s] byte-compiling /home/saber/robox_ws/install/moveit_configs_utils/lib/python3.12/site-packages/moveit_configs_utils/__init__.py to __init__.cpython-312.pyc
[1.768s] byte-compiling /home/saber/robox_ws/install/moveit_configs_utils/lib/python3.12/site-packages/moveit_configs_utils/substitutions/xacro.py to xacro.cpython-312.pyc
[1.769s] byte-compiling /home/saber/robox_ws/install/moveit_configs_utils/lib/python3.12/site-packages/moveit_configs_utils/substitutions/__init__.py to __init__.cpython-312.pyc
[1.769s] byte-compiling /home/saber/robox_ws/install/moveit_configs_utils/lib/python3.12/site-packages/moveit_configs_utils/launches.py to launches.cpython-312.pyc
[1.771s] byte-compiling /home/saber/robox_ws/install/moveit_configs_utils/lib/python3.12/site-packages/moveit_configs_utils/launch_utils.py to launch_utils.cpython-312.pyc
[1.771s] byte-compiling /home/saber/robox_ws/install/moveit_configs_utils/lib/python3.12/site-packages/moveit_configs_utils/moveit_configs_builder.py to moveit_configs_builder.cpython-312.pyc
[1.773s] running install_data
[1.773s] copying resource/moveit_configs_utils -> /home/saber/robox_ws/install/moveit_configs_utils/share/ament_index/resource_index/packages
[1.773s] copying package.xml -> /home/saber/robox_ws/install/moveit_configs_utils/share/moveit_configs_utils
[1.774s] copying default_configs/ompl_defaults.yaml -> /home/saber/robox_ws/install/moveit_configs_utils/share/moveit_configs_utils/default_configs
[1.774s] copying default_configs/ompl_planning.yaml -> /home/saber/robox_ws/install/moveit_configs_utils/share/moveit_configs_utils/default_configs
[1.774s] copying default_configs/pilz_industrial_motion_planner_planning.yaml -> /home/saber/robox_ws/install/moveit_configs_utils/share/moveit_configs_utils/default_configs
[1.774s] copying default_configs/stomp_planning.yaml -> /home/saber/robox_ws/install/moveit_configs_utils/share/moveit_configs_utils/default_configs
[1.775s] copying default_configs/chomp_planning.yaml -> /home/saber/robox_ws/install/moveit_configs_utils/share/moveit_configs_utils/default_configs
[1.775s] running install_egg_info
[1.795s] Copying ../../../build/moveit_configs_utils/moveit_configs_utils.egg-info to /home/saber/robox_ws/install/moveit_configs_utils/lib/python3.12/site-packages/moveit_configs_utils-2.12.3-py3.12.egg-info
[1.796s] running install_scripts
[1.923s] writing list of installed files to '/home/saber/robox_ws/build/moveit_configs_utils/install.log'
[1.946s] Invoked command in '/home/saber/robox_ws/src/moveit2/moveit_configs_utils' returned '0': DEBUGINFOD_URLS=https://debuginfod.ubuntu.com PYTHONPATH=/home/saber/robox_ws/build/moveit_configs_utils/prefix_override:/usr/lib/python3/dist-packages/colcon_core/task/python/colcon_distutils_commands:/home/saber/robox_ws/install/moveit_configs_utils/lib/python3.12/site-packages:${PYTHONPATH} /usr/bin/python3 -W ignore:setup.py install is deprecated -W ignore:easy_install command is deprecated setup.py egg_info --egg-base ../../../build/moveit_configs_utils build --build-base /home/saber/robox_ws/build/moveit_configs_utils/build install --record /home/saber/robox_ws/build/moveit_configs_utils/install.log --single-version-externally-managed install_data --force
