[0.025s] Invoking command in '/home/saber/robox_ws/build/chomp_motion_planner': AMENT_PREFIX_PATH=/home/saber/robox_ws/install/moveit_core:/home/saber/robox_ws/install/moveit_common:${AMENT_PREFIX_PATH} CMAKE_PREFIX_PATH=/home/saber/robox_ws/install/moveit_core:/home/saber/robox_ws/install/moveit_common:/home/saber/arduinobot_ws/install/controller:/home/saber/arduinobot_ws/install/arm_description:/home/saber/arduinobot_ws/install/arduinobot_cpp_examples:/opt/ros/jazzy/opt/gz_sim_vendor:/opt/ros/jazzy/opt/gz_sensors_vendor:/opt/ros/jazzy/opt/gz_physics_vendor:/opt/ros/jazzy/opt/sdformat_vendor:/opt/ros/jazzy/opt/gz_gui_vendor:/opt/ros/jazzy/opt/gz_transport_vendor:/opt/ros/jazzy/opt/gz_rendering_vendor:/opt/ros/jazzy/opt/gz_plugin_vendor:/opt/ros/jazzy/opt/gz_fuel_tools_vendor:/opt/ros/jazzy/opt/gz_msgs_vendor:/opt/ros/jazzy/opt/gz_common_vendor:/opt/ros/jazzy/opt/gz_math_vendor:/opt/ros/jazzy/opt/gz_utils_vendor:/opt/ros/jazzy/opt/gz_tools_vendor:/opt/ros/jazzy/opt/gz_ogre_next_vendor:/opt/ros/jazzy/opt/gz_dartsim_vendor:/opt/ros/jazzy/opt/gz_cmake_vendor:/home/saber/arduinobot_ws/install/arduinobot_py_examples:/opt/ros/jazzy DEBUGINFOD_URLS=https://debuginfod.ubuntu.com LD_LIBRARY_PATH=/home/saber/robox_ws/install/moveit_core/lib:${LD_LIBRARY_PATH} PATH=/home/saber/robox_ws/install/moveit_core/bin:${PATH} /usr/bin/cmake --build /home/saber/robox_ws/build/chomp_motion_planner -- -j16 -l16
[0.130s] [100%] Built target chomp_motion_planner
[0.145s] Invoked command in '/home/saber/robox_ws/build/chomp_motion_planner' returned '0': AMENT_PREFIX_PATH=/home/saber/robox_ws/install/moveit_core:/home/saber/robox_ws/install/moveit_common:${AMENT_PREFIX_PATH} CMAKE_PREFIX_PATH=/home/saber/robox_ws/install/moveit_core:/home/saber/robox_ws/install/moveit_common:/home/saber/arduinobot_ws/install/controller:/home/saber/arduinobot_ws/install/arm_description:/home/saber/arduinobot_ws/install/arduinobot_cpp_examples:/opt/ros/jazzy/opt/gz_sim_vendor:/opt/ros/jazzy/opt/gz_sensors_vendor:/opt/ros/jazzy/opt/gz_physics_vendor:/opt/ros/jazzy/opt/sdformat_vendor:/opt/ros/jazzy/opt/gz_gui_vendor:/opt/ros/jazzy/opt/gz_transport_vendor:/opt/ros/jazzy/opt/gz_rendering_vendor:/opt/ros/jazzy/opt/gz_plugin_vendor:/opt/ros/jazzy/opt/gz_fuel_tools_vendor:/opt/ros/jazzy/opt/gz_msgs_vendor:/opt/ros/jazzy/opt/gz_common_vendor:/opt/ros/jazzy/opt/gz_math_vendor:/opt/ros/jazzy/opt/gz_utils_vendor:/opt/ros/jazzy/opt/gz_tools_vendor:/opt/ros/jazzy/opt/gz_ogre_next_vendor:/opt/ros/jazzy/opt/gz_dartsim_vendor:/opt/ros/jazzy/opt/gz_cmake_vendor:/home/saber/arduinobot_ws/install/arduinobot_py_examples:/opt/ros/jazzy DEBUGINFOD_URLS=https://debuginfod.ubuntu.com LD_LIBRARY_PATH=/home/saber/robox_ws/install/moveit_core/lib:${LD_LIBRARY_PATH} PATH=/home/saber/robox_ws/install/moveit_core/bin:${PATH} /usr/bin/cmake --build /home/saber/robox_ws/build/chomp_motion_planner -- -j16 -l16
[0.147s] Invoking command in '/home/saber/robox_ws/build/chomp_motion_planner': AMENT_PREFIX_PATH=/home/saber/robox_ws/install/moveit_core:/home/saber/robox_ws/install/moveit_common:${AMENT_PREFIX_PATH} CMAKE_PREFIX_PATH=/home/saber/robox_ws/install/moveit_core:/home/saber/robox_ws/install/moveit_common:/home/saber/arduinobot_ws/install/controller:/home/saber/arduinobot_ws/install/arm_description:/home/saber/arduinobot_ws/install/arduinobot_cpp_examples:/opt/ros/jazzy/opt/gz_sim_vendor:/opt/ros/jazzy/opt/gz_sensors_vendor:/opt/ros/jazzy/opt/gz_physics_vendor:/opt/ros/jazzy/opt/sdformat_vendor:/opt/ros/jazzy/opt/gz_gui_vendor:/opt/ros/jazzy/opt/gz_transport_vendor:/opt/ros/jazzy/opt/gz_rendering_vendor:/opt/ros/jazzy/opt/gz_plugin_vendor:/opt/ros/jazzy/opt/gz_fuel_tools_vendor:/opt/ros/jazzy/opt/gz_msgs_vendor:/opt/ros/jazzy/opt/gz_common_vendor:/opt/ros/jazzy/opt/gz_math_vendor:/opt/ros/jazzy/opt/gz_utils_vendor:/opt/ros/jazzy/opt/gz_tools_vendor:/opt/ros/jazzy/opt/gz_ogre_next_vendor:/opt/ros/jazzy/opt/gz_dartsim_vendor:/opt/ros/jazzy/opt/gz_cmake_vendor:/home/saber/arduinobot_ws/install/arduinobot_py_examples:/opt/ros/jazzy DEBUGINFOD_URLS=https://debuginfod.ubuntu.com LD_LIBRARY_PATH=/home/saber/robox_ws/install/moveit_core/lib:${LD_LIBRARY_PATH} PATH=/home/saber/robox_ws/install/moveit_core/bin:${PATH} /usr/bin/cmake --install /home/saber/robox_ws/build/chomp_motion_planner
[0.158s] -- Install configuration: "Release"
[0.159s] -- Execute custom install script
[0.161s] -- Up-to-date symlink: /home/saber/robox_ws/install/chomp_motion_planner/include/chomp_motion_planner/chomp_motion_planner/chomp_cost.h
[0.161s] -- Up-to-date symlink: /home/saber/robox_ws/install/chomp_motion_planner/include/chomp_motion_planner/chomp_motion_planner/chomp_cost.hpp
[0.162s] -- Up-to-date symlink: /home/saber/robox_ws/install/chomp_motion_planner/include/chomp_motion_planner/chomp_motion_planner/chomp_optimizer.h
[0.162s] -- Up-to-date symlink: /home/saber/robox_ws/install/chomp_motion_planner/include/chomp_motion_planner/chomp_motion_planner/chomp_optimizer.hpp
[0.163s] -- Up-to-date symlink: /home/saber/robox_ws/install/chomp_motion_planner/include/chomp_motion_planner/chomp_motion_planner/chomp_parameters.h
[0.163s] -- Up-to-date symlink: /home/saber/robox_ws/install/chomp_motion_planner/include/chomp_motion_planner/chomp_motion_planner/chomp_parameters.hpp
[0.164s] -- Up-to-date symlink: /home/saber/robox_ws/install/chomp_motion_planner/include/chomp_motion_planner/chomp_motion_planner/chomp_planner.h
[0.164s] -- Up-to-date symlink: /home/saber/robox_ws/install/chomp_motion_planner/include/chomp_motion_planner/chomp_motion_planner/chomp_planner.hpp
[0.164s] -- Up-to-date symlink: /home/saber/robox_ws/install/chomp_motion_planner/include/chomp_motion_planner/chomp_motion_planner/chomp_trajectory.h
[0.165s] -- Up-to-date symlink: /home/saber/robox_ws/install/chomp_motion_planner/include/chomp_motion_planner/chomp_motion_planner/chomp_trajectory.hpp
[0.165s] -- Up-to-date symlink: /home/saber/robox_ws/install/chomp_motion_planner/include/chomp_motion_planner/chomp_motion_planner/chomp_utils.h
[0.165s] -- Up-to-date symlink: /home/saber/robox_ws/install/chomp_motion_planner/include/chomp_motion_planner/chomp_motion_planner/chomp_utils.hpp
[0.165s] -- Up-to-date symlink: /home/saber/robox_ws/install/chomp_motion_planner/include/chomp_motion_planner/chomp_motion_planner/multivariate_gaussian.h
[0.166s] -- Up-to-date symlink: /home/saber/robox_ws/install/chomp_motion_planner/include/chomp_motion_planner/chomp_motion_planner/multivariate_gaussian.hpp
[0.167s] -- Up-to-date symlink: /home/saber/robox_ws/install/chomp_motion_planner/share/chomp_motion_planner/environment/library_path.sh
[0.168s] -- Up-to-date symlink: /home/saber/robox_ws/install/chomp_motion_planner/share/chomp_motion_planner/environment/library_path.dsv
[0.168s] -- Up-to-date symlink: /home/saber/robox_ws/install/chomp_motion_planner/share/ament_index/resource_index/package_run_dependencies/chomp_motion_planner
[0.169s] -- Up-to-date symlink: /home/saber/robox_ws/install/chomp_motion_planner/share/ament_index/resource_index/parent_prefix_path/chomp_motion_planner
[0.169s] -- Up-to-date symlink: /home/saber/robox_ws/install/chomp_motion_planner/share/chomp_motion_planner/environment/ament_prefix_path.sh
[0.170s] -- Up-to-date symlink: /home/saber/robox_ws/install/chomp_motion_planner/share/chomp_motion_planner/environment/ament_prefix_path.dsv
[0.170s] -- Up-to-date symlink: /home/saber/robox_ws/install/chomp_motion_planner/share/chomp_motion_planner/environment/path.sh
[0.171s] -- Up-to-date symlink: /home/saber/robox_ws/install/chomp_motion_planner/share/chomp_motion_planner/environment/path.dsv
[0.171s] -- Up-to-date symlink: /home/saber/robox_ws/install/chomp_motion_planner/share/chomp_motion_planner/local_setup.bash
[0.171s] -- Up-to-date symlink: /home/saber/robox_ws/install/chomp_motion_planner/share/chomp_motion_planner/local_setup.sh
[0.172s] -- Up-to-date symlink: /home/saber/robox_ws/install/chomp_motion_planner/share/chomp_motion_planner/local_setup.zsh
[0.172s] -- Up-to-date symlink: /home/saber/robox_ws/install/chomp_motion_planner/share/chomp_motion_planner/local_setup.dsv
[0.172s] -- Symlinking: /home/saber/robox_ws/install/chomp_motion_planner/share/chomp_motion_planner/package.dsv
[0.183s] -- Up-to-date symlink: /home/saber/robox_ws/install/chomp_motion_planner/share/ament_index/resource_index/packages/chomp_motion_planner
[0.184s] -- Up-to-date symlink: /home/saber/robox_ws/install/chomp_motion_planner/share/chomp_motion_planner/cmake/ament_cmake_export_targets-extras.cmake
[0.184s] -- Up-to-date symlink: /home/saber/robox_ws/install/chomp_motion_planner/share/chomp_motion_planner/cmake/chomp_motion_plannerConfig.cmake
[0.185s] -- Up-to-date symlink: /home/saber/robox_ws/install/chomp_motion_planner/share/chomp_motion_planner/cmake/chomp_motion_plannerConfig-version.cmake
[0.185s] -- Up-to-date symlink: /home/saber/robox_ws/install/chomp_motion_planner/share/chomp_motion_planner/package.xml
[0.186s] -- Up-to-date: /home/saber/robox_ws/install/chomp_motion_planner/lib/libchomp_motion_planner.so.2.12.3
[0.186s] -- Up-to-date: /home/saber/robox_ws/install/chomp_motion_planner/lib/libchomp_motion_planner.so
[0.187s] -- Up-to-date: /home/saber/robox_ws/install/chomp_motion_planner/share/chomp_motion_planner/cmake/chomp_motion_plannerTargetsExport.cmake
[0.187s] -- Up-to-date: /home/saber/robox_ws/install/chomp_motion_planner/share/chomp_motion_planner/cmake/chomp_motion_plannerTargetsExport-release.cmake
[0.216s] Invoked command in '/home/saber/robox_ws/build/chomp_motion_planner' returned '0': AMENT_PREFIX_PATH=/home/saber/robox_ws/install/moveit_core:/home/saber/robox_ws/install/moveit_common:${AMENT_PREFIX_PATH} CMAKE_PREFIX_PATH=/home/saber/robox_ws/install/moveit_core:/home/saber/robox_ws/install/moveit_common:/home/saber/arduinobot_ws/install/controller:/home/saber/arduinobot_ws/install/arm_description:/home/saber/arduinobot_ws/install/arduinobot_cpp_examples:/opt/ros/jazzy/opt/gz_sim_vendor:/opt/ros/jazzy/opt/gz_sensors_vendor:/opt/ros/jazzy/opt/gz_physics_vendor:/opt/ros/jazzy/opt/sdformat_vendor:/opt/ros/jazzy/opt/gz_gui_vendor:/opt/ros/jazzy/opt/gz_transport_vendor:/opt/ros/jazzy/opt/gz_rendering_vendor:/opt/ros/jazzy/opt/gz_plugin_vendor:/opt/ros/jazzy/opt/gz_fuel_tools_vendor:/opt/ros/jazzy/opt/gz_msgs_vendor:/opt/ros/jazzy/opt/gz_common_vendor:/opt/ros/jazzy/opt/gz_math_vendor:/opt/ros/jazzy/opt/gz_utils_vendor:/opt/ros/jazzy/opt/gz_tools_vendor:/opt/ros/jazzy/opt/gz_ogre_next_vendor:/opt/ros/jazzy/opt/gz_dartsim_vendor:/opt/ros/jazzy/opt/gz_cmake_vendor:/home/saber/arduinobot_ws/install/arduinobot_py_examples:/opt/ros/jazzy DEBUGINFOD_URLS=https://debuginfod.ubuntu.com LD_LIBRARY_PATH=/home/saber/robox_ws/install/moveit_core/lib:${LD_LIBRARY_PATH} PATH=/home/saber/robox_ws/install/moveit_core/bin:${PATH} /usr/bin/cmake --install /home/saber/robox_ws/build/chomp_motion_planner
