-- Found ament_cmake: 2.5.4 (/opt/ros/jazzy/share/ament_cmake/cmake)
-- Found rclcpp: 28.1.9 (/opt/ros/jazzy/share/rclcpp/cmake)
-- Found rosidl_generator_c: 4.6.5 (/opt/ros/jazzy/share/rosidl_generator_c/cmake)
-- Found rosidl_generator_cpp: 4.6.5 (/opt/ros/jazzy/share/rosidl_generator_cpp/cmake)
-- Using all available rosidl_typesupport_c: rosidl_typesupport_fastrtps_c;rosidl_typesupport_introspection_c
-- Using all available rosidl_typesupport_cpp: rosidl_typesupport_fastrtps_cpp;rosidl_typesupport_introspection_cpp
-- Found rmw_implementation_cmake: 7.3.2 (/opt/ros/jazzy/share/rmw_implementation_cmake/cmake)
-- Found rmw_cyclonedds_cpp: 2.2.3 (/opt/ros/jazzy/share/rmw_cyclonedds_cpp/cmake)
-- Using RMW implementation 'rmw_cyclonedds_cpp' as default
-- Found hardware_interface: 4.29.0 (/opt/ros/jazzy/share/hardware_interface/cmake)
-- Found TinyXML2 via Config file: /usr/lib/x86_64-linux-gnu/cmake/tinyxml2
-- Configuring done (0.7s)
-- Generating done (0.0s)
-- Build files have been written to: /home/saber/robox_ws/build/arduino_arm_hardware_interface
[ 50%] [32mBuilding CXX object CMakeFiles/arduino_arm_system.dir/src/arduino_arm_system.cpp.o[0m
In file included from [01m[K/home/saber/robox_ws/src/arduino_arm_hardware_interface/src/arduino_arm_system.cpp:1[m[K:
[01m[K/home/saber/robox_ws/src/arduino_arm_hardware_interface/include/arduino_arm_hardware_interface/arduino_arm_system.hpp:11:10:[m[K [01;31m[Kfatal error: [m[Kserial/serial.h: No such file or directory
   11 | #include [01;31m[K<serial/serial.h>[m[K
      |          [01;31m[K^~~~~~~~~~~~~~~~~[m[K
compilation terminated.
gmake[2]: *** [CMakeFiles/arduino_arm_system.dir/build.make:76: CMakeFiles/arduino_arm_system.dir/src/arduino_arm_system.cpp.o] Error 1
gmake[1]: *** [CMakeFiles/Makefile2:137: CMakeFiles/arduino_arm_system.dir/all] Error 2
gmake: *** [Makefile:146: all] Error 2
