-- The C compiler identification is GNU 13.3.0
-- The CXX compiler identification is GNU 13.3.0
-- Detecting C compiler ABI info
-- Detecting C compiler ABI info - done
-- Check for working C compiler: /usr/bin/cc - skipped
-- Detecting C compile features
-- Detecting C compile features - done
-- Detecting CXX compiler ABI info
-- Detecting CXX compiler ABI info - done
-- Check for working CXX compiler: /usr/bin/c++ - skipped
-- Detecting CXX compile features
-- Detecting CXX compile features - done
-- Found ament_cmake: 2.5.4 (/opt/ros/jazzy/share/ament_cmake/cmake)
-- Found Python3: /usr/bin/python3 (found version "3.12.3") found components: Interpreter 
-- Override CMake install command with custom implementation using symlinks instead of copying resources
-- Found rclcpp: 28.1.9 (/opt/ros/jazzy/share/rclcpp/cmake)
-- Found rosidl_generator_c: 4.6.5 (/opt/ros/jazzy/share/rosidl_generator_c/cmake)
-- Found rosidl_generator_cpp: 4.6.5 (/opt/ros/jazzy/share/rosidl_generator_cpp/cmake)
-- Using all available rosidl_typesupport_c: rosidl_typesupport_fastrtps_c;rosidl_typesupport_introspection_c
-- Using all available rosidl_typesupport_cpp: rosidl_typesupport_fastrtps_cpp;rosidl_typesupport_introspection_cpp
-- Found rmw_implementation_cmake: 7.3.2 (/opt/ros/jazzy/share/rmw_implementation_cmake/cmake)
-- Found rmw_cyclonedds_cpp: 2.2.3 (/opt/ros/jazzy/share/rmw_cyclonedds_cpp/cmake)
-- Using RMW implementation 'rmw_cyclonedds_cpp' as default
-- Found rclpy: 7.1.4 (/opt/ros/jazzy/share/rclpy/cmake)
-- Found geometry_msgs: 5.3.6 (/opt/ros/jazzy/share/geometry_msgs/cmake)
-- Found moveit_ros_planning: 2.12.3 (/home/saber/robox_ws/install/moveit_ros_planning/share/moveit_ros_planning/cmake)
-- Found Boost: /usr/lib/x86_64-linux-gnu/cmake/Boost-1.83.0/BoostConfig.cmake (found version "1.83.0") found components: system filesystem date_time program_options thread chrono 
-- Found parameter_traits: 0.4.0 (/opt/ros/jazzy/share/parameter_traits/cmake)
-- Found rclcpp_lifecycle: 28.1.9 (/opt/ros/jazzy/share/rclcpp_lifecycle/cmake)
-- Found Boost: /usr/lib/x86_64-linux-gnu/cmake/Boost-1.83.0/BoostConfig.cmake (found version "1.83.0") found components: chrono date_time filesystem iostreams program_options regex serialization system thread 
-- Found Boost: /usr/lib/x86_64-linux-gnu/cmake/Boost-1.83.0/BoostConfig.cmake (found version "1.83.0") found components: filesystem 
-- Found Eigen3: TRUE (found version "3.4.0") 
-- Ensuring Eigen3 include directory is part of orocos-kdl CMake target
-- Found TinyXML2 via Config file: /usr/lib/x86_64-linux-gnu/cmake/tinyxml2
-- Found moveit_ros_planning_interface: 2.12.3 (/home/saber/robox_ws/install/moveit_ros_planning_interface/share/moveit_ros_planning_interface/cmake)
-- Found Boost: /usr/lib/x86_64-linux-gnu/cmake/Boost-1.83.0/BoostConfig.cmake (found version "1.83.0") found components: date_time filesystem program_options system thread 
-- Found Boost: /usr/lib/x86_64-linux-gnu/cmake/Boost-1.83.0/BoostConfig.cmake (found version "1.83.0") found components: thread system filesystem regex date_time program_options 
-- Found Boost: /usr/lib/x86_64-linux-gnu/cmake/Boost-1.83.0/BoostConfig.cmake (found version "1.83.0") found components: system filesystem date_time program_options thread 
-- Found Python3: /usr/bin/python3 (found version "3.12.3") found components: Interpreter Development Development.Module Development.Embed 
-- Found pybind11_vendor: 3.1.3 (/opt/ros/jazzy/share/pybind11_vendor/cmake)
-- Performing Test HAS_FLTO
-- Performing Test HAS_FLTO - Success
-- Found pybind11: /usr/include (found version "2.11.1")
-- Found ament_cmake_pytest: 2.5.4 (/opt/ros/jazzy/share/ament_cmake_pytest/cmake)
-- Configuring done (4.1s)
-- Generating done (0.0s)
-- Build files have been written to: /home/saber/robox_ws/build/moveit_py
[  0%] Built target ament_cmake_python_symlink_moveit
[  4%] [32mBuilding CXX object src/moveit/moveit_py_utils/CMakeFiles/moveit_py_utils.dir/src/copy_ros_msg.cpp.o[0m
[  8%] [32mBuilding CXX object src/moveit/moveit_py_utils/CMakeFiles/moveit_py_utils.dir/src/ros_msg_typecasters.cpp.o[0m
running egg_info
writing moveit.egg-info/PKG-INFO
writing dependency_links to moveit.egg-info/dependency_links.txt
writing top-level names to moveit.egg-info/top_level.txt
reading manifest file 'moveit.egg-info/SOURCES.txt'
writing manifest file 'moveit.egg-info/SOURCES.txt'
[  8%] Built target ament_cmake_python_build_moveit_egg
[ 12%] [32m[1mLinking CXX shared library libmoveit_py_utils.so[0m
[ 12%] Built target moveit_py_utils
[ 20%] [32mBuilding CXX object CMakeFiles/planning.dir/src/moveit/planning.cpp.o[0m
[ 20%] [32mBuilding CXX object CMakeFiles/planning.dir/src/moveit/moveit_ros/moveit_cpp/moveit_cpp.cpp.o[0m
[ 25%] [32mBuilding CXX object CMakeFiles/planning.dir/src/moveit/moveit_ros/moveit_cpp/planning_component.cpp.o[0m
[ 29%] [32mBuilding CXX object CMakeFiles/planning.dir/src/moveit/moveit_ros/planning_scene_monitor/planning_scene_monitor.cpp.o[0m
[ 33%] [32mBuilding CXX object CMakeFiles/planning.dir/src/moveit/moveit_ros/trajectory_execution_manager/trajectory_execution_manager.cpp.o[0m
[ 37%] [32mBuilding CXX object CMakeFiles/core.dir/src/moveit/core.cpp.o[0m
[ 45%] [32mBuilding CXX object CMakeFiles/core.dir/src/moveit/moveit_core/collision_detection/collision_matrix.cpp.o[0m
[ 45%] [32mBuilding CXX object CMakeFiles/core.dir/src/moveit/moveit_core/collision_detection/collision_common.cpp.o[0m
[ 50%] [32mBuilding CXX object CMakeFiles/core.dir/src/moveit/moveit_core/collision_detection/world.cpp.o[0m
[ 54%] [32mBuilding CXX object CMakeFiles/core.dir/src/moveit/moveit_core/kinematic_constraints/utils.cpp.o[0m
[ 58%] [32mBuilding CXX object CMakeFiles/core.dir/src/moveit/moveit_core/controller_manager/controller_manager.cpp.o[0m
[ 70%] [32mBuilding CXX object CMakeFiles/core.dir/src/moveit/moveit_core/planning_scene/planning_scene.cpp.o[0m
[ 70%] [32mBuilding CXX object CMakeFiles/core.dir/src/moveit/moveit_core/transforms/transforms.cpp.o[0m
[ 70%] [32mBuilding CXX object CMakeFiles/core.dir/src/moveit/moveit_core/planning_interface/planning_response.cpp.o[0m
[ 75%] [32mBuilding CXX object CMakeFiles/core.dir/src/moveit/moveit_core/robot_model/joint_model.cpp.o[0m
[ 79%] [32mBuilding CXX object CMakeFiles/core.dir/src/moveit/moveit_core/robot_model/joint_model_group.cpp.o[0m
[ 83%] [32mBuilding CXX object CMakeFiles/core.dir/src/moveit/moveit_core/robot_model/robot_model.cpp.o[0m
[ 87%] [32mBuilding CXX object CMakeFiles/core.dir/src/moveit/moveit_core/robot_state/robot_state.cpp.o[0m
[ 91%] [32mBuilding CXX object CMakeFiles/core.dir/src/moveit/moveit_core/robot_trajectory/robot_trajectory.cpp.o[0m
[ 95%] [32m[1mLinking CXX shared module test_moveit/core.cpython-312-x86_64-linux-gnu.so[0m
[100%] [32m[1mLinking CXX shared module test_moveit/planning.cpython-312-x86_64-linux-gnu.so[0m
[100%] Built target core
[100%] Built target planning
-- Install configuration: ""
-- Execute custom install script
-- Up-to-date symlink: /home/saber/robox_ws/install/moveit_py/include/moveit_py/moveit_py/moveit_py_utils/copy_ros_msg.h
-- Up-to-date symlink: /home/saber/robox_ws/install/moveit_py/include/moveit_py/moveit_py/moveit_py_utils/copy_ros_msg.hpp
-- Up-to-date symlink: /home/saber/robox_ws/install/moveit_py/include/moveit_py/moveit_py/moveit_py_utils/rclpy_time_typecaster.hpp
-- Up-to-date symlink: /home/saber/robox_ws/install/moveit_py/include/moveit_py/moveit_py/moveit_py_utils/ros_msg_typecasters.h
-- Up-to-date symlink: /home/saber/robox_ws/install/moveit_py/include/moveit_py/moveit_py/moveit_py_utils/ros_msg_typecasters.hpp
-- Up-to-date symlink: /home/saber/robox_ws/install/moveit_py/share/moveit_py/environment/pythonpath.sh
-- Up-to-date symlink: /home/saber/robox_ws/install/moveit_py/share/moveit_py/environment/pythonpath.dsv
-- Up-to-date symlink: /home/saber/robox_ws/install/moveit_py/lib/python3.12/site-packages/moveit-2.12.3-py3.12.egg-info/PKG-INFO
-- Up-to-date symlink: /home/saber/robox_ws/install/moveit_py/lib/python3.12/site-packages/moveit-2.12.3-py3.12.egg-info/SOURCES.txt
-- Up-to-date symlink: /home/saber/robox_ws/install/moveit_py/lib/python3.12/site-packages/moveit-2.12.3-py3.12.egg-info/dependency_links.txt
-- Up-to-date symlink: /home/saber/robox_ws/install/moveit_py/lib/python3.12/site-packages/moveit-2.12.3-py3.12.egg-info/top_level.txt
-- Up-to-date symlink: /home/saber/robox_ws/install/moveit_py/lib/python3.12/site-packages/moveit/README.md
-- Up-to-date symlink: /home/saber/robox_ws/install/moveit_py/lib/python3.12/site-packages/moveit/__init__.py
-- Up-to-date symlink: /home/saber/robox_ws/install/moveit_py/lib/python3.12/site-packages/moveit/core/__init__.pyi
-- Up-to-date symlink: /home/saber/robox_ws/install/moveit_py/lib/python3.12/site-packages/moveit/core/collision_detection.pyi
-- Up-to-date symlink: /home/saber/robox_ws/install/moveit_py/lib/python3.12/site-packages/moveit/core/controller_manager.pyi
-- Up-to-date symlink: /home/saber/robox_ws/install/moveit_py/lib/python3.12/site-packages/moveit/core/kinematic_constraints.pyi
-- Up-to-date symlink: /home/saber/robox_ws/install/moveit_py/lib/python3.12/site-packages/moveit/core/planning_interface.pyi
-- Up-to-date symlink: /home/saber/robox_ws/install/moveit_py/lib/python3.12/site-packages/moveit/core/planning_scene.pyi
-- Up-to-date symlink: /home/saber/robox_ws/install/moveit_py/lib/python3.12/site-packages/moveit/core/robot_model.pyi
-- Up-to-date symlink: /home/saber/robox_ws/install/moveit_py/lib/python3.12/site-packages/moveit/core/robot_state.pyi
-- Up-to-date symlink: /home/saber/robox_ws/install/moveit_py/lib/python3.12/site-packages/moveit/core/robot_trajectory.pyi
-- Up-to-date symlink: /home/saber/robox_ws/install/moveit_py/lib/python3.12/site-packages/moveit/planning.pyi
-- Up-to-date symlink: /home/saber/robox_ws/install/moveit_py/lib/python3.12/site-packages/moveit/policies/__init__.py
-- Up-to-date symlink: /home/saber/robox_ws/install/moveit_py/lib/python3.12/site-packages/moveit/policies/__init__.pyi
-- Up-to-date symlink: /home/saber/robox_ws/install/moveit_py/lib/python3.12/site-packages/moveit/policies/policy.py
-- Up-to-date symlink: /home/saber/robox_ws/install/moveit_py/lib/python3.12/site-packages/moveit/policies/policy.pyi
-- Up-to-date symlink: /home/saber/robox_ws/install/moveit_py/lib/python3.12/site-packages/moveit/py.typed
-- Up-to-date symlink: /home/saber/robox_ws/install/moveit_py/lib/python3.12/site-packages/moveit/servo_client/README.md
-- Up-to-date symlink: /home/saber/robox_ws/install/moveit_py/lib/python3.12/site-packages/moveit/servo_client/__init__.py
-- Up-to-date symlink: /home/saber/robox_ws/install/moveit_py/lib/python3.12/site-packages/moveit/servo_client/__init__.pyi
-- Up-to-date symlink: /home/saber/robox_ws/install/moveit_py/lib/python3.12/site-packages/moveit/servo_client/devices/__init__.py
-- Up-to-date symlink: /home/saber/robox_ws/install/moveit_py/lib/python3.12/site-packages/moveit/servo_client/devices/__init__.pyi
-- Up-to-date symlink: /home/saber/robox_ws/install/moveit_py/lib/python3.12/site-packages/moveit/servo_client/devices/ps4_dualshock.py
-- Up-to-date symlink: /home/saber/robox_ws/install/moveit_py/lib/python3.12/site-packages/moveit/servo_client/devices/ps4_dualshock.pyi
-- Up-to-date symlink: /home/saber/robox_ws/install/moveit_py/lib/python3.12/site-packages/moveit/servo_client/teleop.py
-- Up-to-date symlink: /home/saber/robox_ws/install/moveit_py/lib/python3.12/site-packages/moveit/servo_client/teleop.pyi
-- Up-to-date symlink: /home/saber/robox_ws/install/moveit_py/lib/python3.12/site-packages/moveit/utils.py
-- Up-to-date symlink: /home/saber/robox_ws/install/moveit_py/lib/python3.12/site-packages/moveit/utils.pyi
-- Up-to-date symlink: /home/saber/robox_ws/install/moveit_py/lib/python3.12/site-packages/moveit/core.cpython-312-x86_64-linux-gnu.so
-- Up-to-date symlink: /home/saber/robox_ws/install/moveit_py/lib/python3.12/site-packages/moveit/planning.cpython-312-x86_64-linux-gnu.so
-- Up-to-date symlink: /home/saber/robox_ws/install/moveit_py/share/moveit_py/environment/library_path.sh
-- Up-to-date symlink: /home/saber/robox_ws/install/moveit_py/share/moveit_py/environment/library_path.dsv
-- Up-to-date symlink: /home/saber/robox_ws/install/moveit_py/share/ament_index/resource_index/package_run_dependencies/moveit_py
-- Up-to-date symlink: /home/saber/robox_ws/install/moveit_py/share/ament_index/resource_index/parent_prefix_path/moveit_py
-- Up-to-date symlink: /home/saber/robox_ws/install/moveit_py/share/moveit_py/environment/ament_prefix_path.sh
-- Up-to-date symlink: /home/saber/robox_ws/install/moveit_py/share/moveit_py/environment/ament_prefix_path.dsv
-- Up-to-date symlink: /home/saber/robox_ws/install/moveit_py/share/moveit_py/environment/path.sh
-- Up-to-date symlink: /home/saber/robox_ws/install/moveit_py/share/moveit_py/environment/path.dsv
-- Up-to-date symlink: /home/saber/robox_ws/install/moveit_py/share/moveit_py/local_setup.bash
-- Up-to-date symlink: /home/saber/robox_ws/install/moveit_py/share/moveit_py/local_setup.sh
-- Up-to-date symlink: /home/saber/robox_ws/install/moveit_py/share/moveit_py/local_setup.zsh
-- Up-to-date symlink: /home/saber/robox_ws/install/moveit_py/share/moveit_py/local_setup.dsv
-- Symlinking: /home/saber/robox_ws/install/moveit_py/share/moveit_py/package.dsv
-- Up-to-date symlink: /home/saber/robox_ws/install/moveit_py/share/ament_index/resource_index/packages/moveit_py
-- Up-to-date symlink: /home/saber/robox_ws/install/moveit_py/share/moveit_py/cmake/ament_cmake_export_targets-extras.cmake
-- Up-to-date symlink: /home/saber/robox_ws/install/moveit_py/share/moveit_py/cmake/ament_cmake_export_dependencies-extras.cmake
-- Up-to-date symlink: /home/saber/robox_ws/install/moveit_py/share/moveit_py/cmake/moveit_pyConfig.cmake
-- Up-to-date symlink: /home/saber/robox_ws/install/moveit_py/share/moveit_py/cmake/moveit_pyConfig-version.cmake
-- Up-to-date symlink: /home/saber/robox_ws/install/moveit_py/share/moveit_py/package.xml
Listing '/home/saber/robox_ws/install/moveit_py/lib/python3.12/site-packages/moveit'...
Listing '/home/saber/robox_ws/install/moveit_py/lib/python3.12/site-packages/moveit/core'...
Listing '/home/saber/robox_ws/install/moveit_py/lib/python3.12/site-packages/moveit/policies'...
Listing '/home/saber/robox_ws/install/moveit_py/lib/python3.12/site-packages/moveit/servo_client'...
Listing '/home/saber/robox_ws/install/moveit_py/lib/python3.12/site-packages/moveit/servo_client/devices'...
-- Up-to-date: /home/saber/robox_ws/install/moveit_py/share/moveit_py/cmake/moveit_py_utilsTargetsExport.cmake
-- Up-to-date: /home/saber/robox_ws/install/moveit_py/share/moveit_py/cmake/moveit_py_utilsTargetsExport-noconfig.cmake
-- Installing: /home/saber/robox_ws/install/moveit_py/lib/libmoveit_py_utils.so.
-- Set non-toolchain portion of runtime path of "/home/saber/robox_ws/install/moveit_py/lib/libmoveit_py_utils.so." to ""
-- Up-to-date: /home/saber/robox_ws/install/moveit_py/lib/libmoveit_py_utils.so
