[0.008s] Invoking command in '/home/saber/robox_ws/build/robox_moveit_config': CMAKE_PREFIX_PATH=/home/saber/robox_ws/install/robox_arm:/home/saber/robox_ws/install/robox_moveit_config:/home/saber/robox_ws/install/cube_msgs:/opt/ros/jazzy/opt/gz_sim_vendor:/opt/ros/jazzy/opt/gz_sensors_vendor:/opt/ros/jazzy/opt/gz_physics_vendor:/opt/ros/jazzy/opt/sdformat_vendor:/opt/ros/jazzy/opt/gz_gui_vendor:/opt/ros/jazzy/opt/gz_transport_vendor:/opt/ros/jazzy/opt/gz_rendering_vendor:/opt/ros/jazzy/opt/gz_plugin_vendor:/opt/ros/jazzy/opt/gz_fuel_tools_vendor:/opt/ros/jazzy/opt/gz_msgs_vendor:/opt/ros/jazzy/opt/gz_common_vendor:/opt/ros/jazzy/opt/gz_math_vendor:/opt/ros/jazzy/opt/gz_utils_vendor:/opt/ros/jazzy/opt/gz_tools_vendor:/opt/ros/jazzy/opt/gz_ogre_next_vendor:/opt/ros/jazzy/opt/gz_dartsim_vendor:/opt/ros/jazzy/opt/gz_cmake_vendor:/home/saber/robox_ws/install/dashboard:/home/saber/robox_ws/install/color_pose_publisher:/home/saber/robox_ws/install/arduinobot_py_examples:/opt/ros/jazzy DEBUGINFOD_URLS=https://debuginfod.ubuntu.com /usr/bin/cmake /home/saber/robox_ws/src/robox_moveit_config -DCMAKE_INSTALL_PREFIX=/home/saber/robox_ws/install/robox_moveit_config
[0.064s] -- The C compiler identification is GNU 13.3.0
[0.116s] -- The CXX compiler identification is GNU 13.3.0
[0.133s] -- Detecting C compiler ABI info
[0.230s] -- Detecting C compiler ABI info - done
[0.238s] -- Check for working C compiler: /usr/bin/cc - skipped
[0.238s] -- Detecting C compile features
[0.238s] -- Detecting C compile features - done
[0.247s] -- Detecting CXX compiler ABI info
[0.357s] -- Detecting CXX compiler ABI info - done
[0.365s] -- Check for working CXX compiler: /usr/bin/c++ - skipped
[0.366s] -- Detecting CXX compile features
[0.366s] -- Detecting CXX compile features - done
[0.371s] -- Found ament_cmake: 2.5.4 (/opt/ros/jazzy/share/ament_cmake/cmake)
[0.539s] -- Found Python3: /usr/bin/python3 (found version "3.12.3") found components: Interpreter 
[0.798s] -- Configuring done (0.8s)
[0.802s] -- Generating done (0.0s)
[0.804s] -- Build files have been written to: /home/saber/robox_ws/build/robox_moveit_config
[0.812s] Invoked command in '/home/saber/robox_ws/build/robox_moveit_config' returned '0': CMAKE_PREFIX_PATH=/home/saber/robox_ws/install/robox_arm:/home/saber/robox_ws/install/robox_moveit_config:/home/saber/robox_ws/install/cube_msgs:/opt/ros/jazzy/opt/gz_sim_vendor:/opt/ros/jazzy/opt/gz_sensors_vendor:/opt/ros/jazzy/opt/gz_physics_vendor:/opt/ros/jazzy/opt/sdformat_vendor:/opt/ros/jazzy/opt/gz_gui_vendor:/opt/ros/jazzy/opt/gz_transport_vendor:/opt/ros/jazzy/opt/gz_rendering_vendor:/opt/ros/jazzy/opt/gz_plugin_vendor:/opt/ros/jazzy/opt/gz_fuel_tools_vendor:/opt/ros/jazzy/opt/gz_msgs_vendor:/opt/ros/jazzy/opt/gz_common_vendor:/opt/ros/jazzy/opt/gz_math_vendor:/opt/ros/jazzy/opt/gz_utils_vendor:/opt/ros/jazzy/opt/gz_tools_vendor:/opt/ros/jazzy/opt/gz_ogre_next_vendor:/opt/ros/jazzy/opt/gz_dartsim_vendor:/opt/ros/jazzy/opt/gz_cmake_vendor:/home/saber/robox_ws/install/dashboard:/home/saber/robox_ws/install/color_pose_publisher:/home/saber/robox_ws/install/arduinobot_py_examples:/opt/ros/jazzy DEBUGINFOD_URLS=https://debuginfod.ubuntu.com /usr/bin/cmake /home/saber/robox_ws/src/robox_moveit_config -DCMAKE_INSTALL_PREFIX=/home/saber/robox_ws/install/robox_moveit_config
[0.813s] Invoking command in '/home/saber/robox_ws/build/robox_moveit_config': CMAKE_PREFIX_PATH=/home/saber/robox_ws/install/robox_arm:/home/saber/robox_ws/install/robox_moveit_config:/home/saber/robox_ws/install/cube_msgs:/opt/ros/jazzy/opt/gz_sim_vendor:/opt/ros/jazzy/opt/gz_sensors_vendor:/opt/ros/jazzy/opt/gz_physics_vendor:/opt/ros/jazzy/opt/sdformat_vendor:/opt/ros/jazzy/opt/gz_gui_vendor:/opt/ros/jazzy/opt/gz_transport_vendor:/opt/ros/jazzy/opt/gz_rendering_vendor:/opt/ros/jazzy/opt/gz_plugin_vendor:/opt/ros/jazzy/opt/gz_fuel_tools_vendor:/opt/ros/jazzy/opt/gz_msgs_vendor:/opt/ros/jazzy/opt/gz_common_vendor:/opt/ros/jazzy/opt/gz_math_vendor:/opt/ros/jazzy/opt/gz_utils_vendor:/opt/ros/jazzy/opt/gz_tools_vendor:/opt/ros/jazzy/opt/gz_ogre_next_vendor:/opt/ros/jazzy/opt/gz_dartsim_vendor:/opt/ros/jazzy/opt/gz_cmake_vendor:/home/saber/robox_ws/install/dashboard:/home/saber/robox_ws/install/color_pose_publisher:/home/saber/robox_ws/install/arduinobot_py_examples:/opt/ros/jazzy DEBUGINFOD_URLS=https://debuginfod.ubuntu.com /usr/bin/cmake --build /home/saber/robox_ws/build/robox_moveit_config -- -j16 -l16
[0.861s] Invoked command in '/home/saber/robox_ws/build/robox_moveit_config' returned '0': CMAKE_PREFIX_PATH=/home/saber/robox_ws/install/robox_arm:/home/saber/robox_ws/install/robox_moveit_config:/home/saber/robox_ws/install/cube_msgs:/opt/ros/jazzy/opt/gz_sim_vendor:/opt/ros/jazzy/opt/gz_sensors_vendor:/opt/ros/jazzy/opt/gz_physics_vendor:/opt/ros/jazzy/opt/sdformat_vendor:/opt/ros/jazzy/opt/gz_gui_vendor:/opt/ros/jazzy/opt/gz_transport_vendor:/opt/ros/jazzy/opt/gz_rendering_vendor:/opt/ros/jazzy/opt/gz_plugin_vendor:/opt/ros/jazzy/opt/gz_fuel_tools_vendor:/opt/ros/jazzy/opt/gz_msgs_vendor:/opt/ros/jazzy/opt/gz_common_vendor:/opt/ros/jazzy/opt/gz_math_vendor:/opt/ros/jazzy/opt/gz_utils_vendor:/opt/ros/jazzy/opt/gz_tools_vendor:/opt/ros/jazzy/opt/gz_ogre_next_vendor:/opt/ros/jazzy/opt/gz_dartsim_vendor:/opt/ros/jazzy/opt/gz_cmake_vendor:/home/saber/robox_ws/install/dashboard:/home/saber/robox_ws/install/color_pose_publisher:/home/saber/robox_ws/install/arduinobot_py_examples:/opt/ros/jazzy DEBUGINFOD_URLS=https://debuginfod.ubuntu.com /usr/bin/cmake --build /home/saber/robox_ws/build/robox_moveit_config -- -j16 -l16
[0.862s] Invoking command in '/home/saber/robox_ws/build/robox_moveit_config': CMAKE_PREFIX_PATH=/home/saber/robox_ws/install/robox_arm:/home/saber/robox_ws/install/robox_moveit_config:/home/saber/robox_ws/install/cube_msgs:/opt/ros/jazzy/opt/gz_sim_vendor:/opt/ros/jazzy/opt/gz_sensors_vendor:/opt/ros/jazzy/opt/gz_physics_vendor:/opt/ros/jazzy/opt/sdformat_vendor:/opt/ros/jazzy/opt/gz_gui_vendor:/opt/ros/jazzy/opt/gz_transport_vendor:/opt/ros/jazzy/opt/gz_rendering_vendor:/opt/ros/jazzy/opt/gz_plugin_vendor:/opt/ros/jazzy/opt/gz_fuel_tools_vendor:/opt/ros/jazzy/opt/gz_msgs_vendor:/opt/ros/jazzy/opt/gz_common_vendor:/opt/ros/jazzy/opt/gz_math_vendor:/opt/ros/jazzy/opt/gz_utils_vendor:/opt/ros/jazzy/opt/gz_tools_vendor:/opt/ros/jazzy/opt/gz_ogre_next_vendor:/opt/ros/jazzy/opt/gz_dartsim_vendor:/opt/ros/jazzy/opt/gz_cmake_vendor:/home/saber/robox_ws/install/dashboard:/home/saber/robox_ws/install/color_pose_publisher:/home/saber/robox_ws/install/arduinobot_py_examples:/opt/ros/jazzy DEBUGINFOD_URLS=https://debuginfod.ubuntu.com /usr/bin/cmake --install /home/saber/robox_ws/build/robox_moveit_config
[0.872s] -- Install configuration: ""
[0.872s] -- Installing: /home/saber/robox_ws/install/robox_moveit_config/share/ament_index/resource_index/package_run_dependencies/robox_moveit_config
[0.872s] -- Installing: /home/saber/robox_ws/install/robox_moveit_config/share/ament_index/resource_index/parent_prefix_path/robox_moveit_config
[0.872s] -- Installing: /home/saber/robox_ws/install/robox_moveit_config/share/robox_moveit_config/environment/ament_prefix_path.sh
[0.872s] -- Installing: /home/saber/robox_ws/install/robox_moveit_config/share/robox_moveit_config/environment/ament_prefix_path.dsv
[0.873s] -- Installing: /home/saber/robox_ws/install/robox_moveit_config/share/robox_moveit_config/environment/path.sh
[0.873s] -- Installing: /home/saber/robox_ws/install/robox_moveit_config/share/robox_moveit_config/environment/path.dsv
[0.873s] -- Installing: /home/saber/robox_ws/install/robox_moveit_config/share/robox_moveit_config/local_setup.bash
[0.873s] -- Installing: /home/saber/robox_ws/install/robox_moveit_config/share/robox_moveit_config/local_setup.sh
[0.873s] -- Installing: /home/saber/robox_ws/install/robox_moveit_config/share/robox_moveit_config/local_setup.zsh
[0.873s] -- Installing: /home/saber/robox_ws/install/robox_moveit_config/share/robox_moveit_config/local_setup.dsv
[0.874s] -- Installing: /home/saber/robox_ws/install/robox_moveit_config/share/robox_moveit_config/package.dsv
[0.874s] -- Installing: /home/saber/robox_ws/install/robox_moveit_config/share/ament_index/resource_index/packages/robox_moveit_config
[0.874s] -- Installing: /home/saber/robox_ws/install/robox_moveit_config/share/robox_moveit_config/cmake/robox_moveit_configConfig.cmake
[0.874s] -- Installing: /home/saber/robox_ws/install/robox_moveit_config/share/robox_moveit_config/cmake/robox_moveit_configConfig-version.cmake
[0.874s] -- Installing: /home/saber/robox_ws/install/robox_moveit_config/share/robox_moveit_config/package.xml
[0.875s] -- Installing: /home/saber/robox_ws/install/robox_moveit_config/share/robox_moveit_config/launch
[0.875s] -- Installing: /home/saber/robox_ws/install/robox_moveit_config/share/robox_moveit_config/launch/static_virtual_joint_tfs.launch.py
[0.875s] -- Installing: /home/saber/robox_ws/install/robox_moveit_config/share/robox_moveit_config/launch/moveit_rviz.launch.py
[0.875s] -- Installing: /home/saber/robox_ws/install/robox_moveit_config/share/robox_moveit_config/launch/warehouse_db.launch.py
[0.875s] -- Installing: /home/saber/robox_ws/install/robox_moveit_config/share/robox_moveit_config/launch/move_group.launch.py
[0.875s] -- Installing: /home/saber/robox_ws/install/robox_moveit_config/share/robox_moveit_config/launch/rsp.launch.py
[0.875s] -- Installing: /home/saber/robox_ws/install/robox_moveit_config/share/robox_moveit_config/launch/demo.launch.py
[0.875s] -- Installing: /home/saber/robox_ws/install/robox_moveit_config/share/robox_moveit_config/launch/demo_new.launch.py
[0.876s] -- Installing: /home/saber/robox_ws/install/robox_moveit_config/share/robox_moveit_config/launch/setup_assistant.launch.py
[0.876s] -- Installing: /home/saber/robox_ws/install/robox_moveit_config/share/robox_moveit_config/launch/spawn_controllers.launch.py
[0.876s] -- Installing: /home/saber/robox_ws/install/robox_moveit_config/share/robox_moveit_config/config
[0.876s] -- Installing: /home/saber/robox_ws/install/robox_moveit_config/share/robox_moveit_config/config/ros2_controllers.yaml
[0.876s] -- Installing: /home/saber/robox_ws/install/robox_moveit_config/share/robox_moveit_config/config/planning_pipeline.yaml
[0.876s] -- Installing: /home/saber/robox_ws/install/robox_moveit_config/share/robox_moveit_config/config/robox_arm.srdf
[0.876s] -- Installing: /home/saber/robox_ws/install/robox_moveit_config/share/robox_moveit_config/config/robox_arm.urdf.xacro
[0.877s] -- Installing: /home/saber/robox_ws/install/robox_moveit_config/share/robox_moveit_config/config/pilz_cartesian_limits.yaml
[0.877s] -- Installing: /home/saber/robox_ws/install/robox_moveit_config/share/robox_moveit_config/config/joint_limits.yaml
[0.877s] -- Installing: /home/saber/robox_ws/install/robox_moveit_config/share/robox_moveit_config/config/planning_parameters.yaml
[0.877s] -- Installing: /home/saber/robox_ws/install/robox_moveit_config/share/robox_moveit_config/config/ompl_planning.yaml
[0.877s] -- Installing: /home/saber/robox_ws/install/robox_moveit_config/share/robox_moveit_config/config/pilz_industrial_motion_planner_planning.yaml
[0.878s] -- Installing: /home/saber/robox_ws/install/robox_moveit_config/share/robox_moveit_config/config/moveit.rviz
[0.878s] -- Installing: /home/saber/robox_ws/install/robox_moveit_config/share/robox_moveit_config/config/stomp_planning.yaml
[0.878s] -- Installing: /home/saber/robox_ws/install/robox_moveit_config/share/robox_moveit_config/config/moveit_controllers.yaml
[0.878s] -- Installing: /home/saber/robox_ws/install/robox_moveit_config/share/robox_moveit_config/config/chomp_planning.yaml
[0.878s] -- Installing: /home/saber/robox_ws/install/robox_moveit_config/share/robox_moveit_config/config/robox_arm.ros2_control.xacro
[0.878s] -- Installing: /home/saber/robox_ws/install/robox_moveit_config/share/robox_moveit_config/config/initial_positions.yaml
[0.879s] -- Installing: /home/saber/robox_ws/install/robox_moveit_config/share/robox_moveit_config/config/kinematics.yaml
[0.879s] -- Installing: /home/saber/robox_ws/install/robox_moveit_config/share/robox_moveit_config/.setup_assistant
[0.882s] Invoked command in '/home/saber/robox_ws/build/robox_moveit_config' returned '0': CMAKE_PREFIX_PATH=/home/saber/robox_ws/install/robox_arm:/home/saber/robox_ws/install/robox_moveit_config:/home/saber/robox_ws/install/cube_msgs:/opt/ros/jazzy/opt/gz_sim_vendor:/opt/ros/jazzy/opt/gz_sensors_vendor:/opt/ros/jazzy/opt/gz_physics_vendor:/opt/ros/jazzy/opt/sdformat_vendor:/opt/ros/jazzy/opt/gz_gui_vendor:/opt/ros/jazzy/opt/gz_transport_vendor:/opt/ros/jazzy/opt/gz_rendering_vendor:/opt/ros/jazzy/opt/gz_plugin_vendor:/opt/ros/jazzy/opt/gz_fuel_tools_vendor:/opt/ros/jazzy/opt/gz_msgs_vendor:/opt/ros/jazzy/opt/gz_common_vendor:/opt/ros/jazzy/opt/gz_math_vendor:/opt/ros/jazzy/opt/gz_utils_vendor:/opt/ros/jazzy/opt/gz_tools_vendor:/opt/ros/jazzy/opt/gz_ogre_next_vendor:/opt/ros/jazzy/opt/gz_dartsim_vendor:/opt/ros/jazzy/opt/gz_cmake_vendor:/home/saber/robox_ws/install/dashboard:/home/saber/robox_ws/install/color_pose_publisher:/home/saber/robox_ws/install/arduinobot_py_examples:/opt/ros/jazzy DEBUGINFOD_URLS=https://debuginfod.ubuntu.com /usr/bin/cmake --install /home/saber/robox_ws/build/robox_moveit_config
