[0.024s] Invoking command in '/home/saber/robox_ws/build/robox_arm': CMAKE_PREFIX_PATH=${CMAKE_PREFIX_PATH}:/opt/ros/jazzy DEBUGINFOD_URLS=https://debuginfod.ubuntu.com /usr/bin/cmake /home/saber/robox_ws/src/robox_arm -DCMAKE_INSTALL_PREFIX=/home/saber/robox_ws/install/robox_arm
[0.467s] -- Found ament_cmake: 2.5.4 (/opt/ros/jazzy/share/ament_cmake/cmake)
[0.467s] -- Override CMake install command with custom implementation using symlinks instead of copying resources
[0.467s] -- Configuring done (0.3s)
[0.467s] -- Generating done (0.0s)
[0.467s] -- Build files have been written to: /home/saber/robox_ws/build/robox_arm
[0.468s] Invoked command in '/home/saber/robox_ws/build/robox_arm' returned '0': CMAKE_PREFIX_PATH=${CMAKE_PREFIX_PATH}:/opt/ros/jazzy DEBUGINFOD_URLS=https://debuginfod.ubuntu.com /usr/bin/cmake /home/saber/robox_ws/src/robox_arm -DCMAKE_INSTALL_PREFIX=/home/saber/robox_ws/install/robox_arm
[0.470s] Invoking command in '/home/saber/robox_ws/build/robox_arm': CMAKE_PREFIX_PATH=${CMAKE_PREFIX_PATH}:/opt/ros/jazzy DEBUGINFOD_URLS=https://debuginfod.ubuntu.com /usr/bin/cmake --build /home/saber/robox_ws/build/robox_arm -- -j16 -l16
[0.702s] Invoked command in '/home/saber/robox_ws/build/robox_arm' returned '0': CMAKE_PREFIX_PATH=${CMAKE_PREFIX_PATH}:/opt/ros/jazzy DEBUGINFOD_URLS=https://debuginfod.ubuntu.com /usr/bin/cmake --build /home/saber/robox_ws/build/robox_arm -- -j16 -l16
[0.713s] Invoking command in '/home/saber/robox_ws/build/robox_arm': CMAKE_PREFIX_PATH=${CMAKE_PREFIX_PATH}:/opt/ros/jazzy DEBUGINFOD_URLS=https://debuginfod.ubuntu.com /usr/bin/cmake --install /home/saber/robox_ws/build/robox_arm
[0.723s] -- Install configuration: ""
[0.723s] -- Execute custom install script
[0.724s] -- Up-to-date symlink: /home/saber/robox_ws/install/robox_arm/share/robox_arm/meshes/base_link.STL
[0.724s] -- Up-to-date symlink: /home/saber/robox_ws/install/robox_arm/share/robox_arm/meshes/link_five.STL
[0.724s] -- Up-to-date symlink: /home/saber/robox_ws/install/robox_arm/share/robox_arm/meshes/link_four.STL
[0.724s] -- Up-to-date symlink: /home/saber/robox_ws/install/robox_arm/share/robox_arm/meshes/link_one.STL
[0.725s] -- Up-to-date symlink: /home/saber/robox_ws/install/robox_arm/share/robox_arm/meshes/link_seven.STL
[0.725s] -- Up-to-date symlink: /home/saber/robox_ws/install/robox_arm/share/robox_arm/meshes/link_six.STL
[0.725s] -- Up-to-date symlink: /home/saber/robox_ws/install/robox_arm/share/robox_arm/meshes/link_three.STL
[0.725s] -- Up-to-date symlink: /home/saber/robox_ws/install/robox_arm/share/robox_arm/meshes/link_two.STL
[0.725s] -- Up-to-date symlink: /home/saber/robox_ws/install/robox_arm/share/robox_arm/urdf/robox_arm.csv
[0.725s] -- Up-to-date symlink: /home/saber/robox_ws/install/robox_arm/share/robox_arm/urdf/robox_arm.urdf
[0.726s] -- Up-to-date symlink: /home/saber/robox_ws/install/robox_arm/share/robox_arm/launch/display.launch.py
[0.726s] -- Up-to-date symlink: /home/saber/robox_ws/install/robox_arm/share/robox_arm/launch/gazebo.launch
[0.726s] -- Up-to-date symlink: /home/saber/robox_ws/install/robox_arm/share/robox_arm/launch/joystick_arm_display.launch.py
[0.726s] -- Up-to-date symlink: /home/saber/robox_ws/install/robox_arm/share/robox_arm/rviz/robot.rviz
[0.727s] -- Up-to-date symlink: /home/saber/robox_ws/install/robox_arm/share/ament_index/resource_index/package_run_dependencies/robox_arm
[0.727s] -- Up-to-date symlink: /home/saber/robox_ws/install/robox_arm/share/ament_index/resource_index/parent_prefix_path/robox_arm
[0.727s] -- Up-to-date symlink: /home/saber/robox_ws/install/robox_arm/share/robox_arm/environment/ament_prefix_path.sh
[0.727s] -- Up-to-date symlink: /home/saber/robox_ws/install/robox_arm/share/robox_arm/environment/ament_prefix_path.dsv
[0.727s] -- Up-to-date symlink: /home/saber/robox_ws/install/robox_arm/share/robox_arm/environment/path.sh
[0.728s] -- Up-to-date symlink: /home/saber/robox_ws/install/robox_arm/share/robox_arm/environment/path.dsv
[0.728s] -- Up-to-date symlink: /home/saber/robox_ws/install/robox_arm/share/robox_arm/local_setup.bash
[0.728s] -- Up-to-date symlink: /home/saber/robox_ws/install/robox_arm/share/robox_arm/local_setup.sh
[0.728s] -- Up-to-date symlink: /home/saber/robox_ws/install/robox_arm/share/robox_arm/local_setup.zsh
[0.728s] -- Up-to-date symlink: /home/saber/robox_ws/install/robox_arm/share/robox_arm/local_setup.dsv
[0.728s] -- Symlinking: /home/saber/robox_ws/install/robox_arm/share/robox_arm/package.dsv
[0.740s] -- Up-to-date symlink: /home/saber/robox_ws/install/robox_arm/share/ament_index/resource_index/packages/robox_arm
[0.740s] -- Up-to-date symlink: /home/saber/robox_ws/install/robox_arm/share/robox_arm/cmake/robox_armConfig.cmake
[0.740s] -- Up-to-date symlink: /home/saber/robox_ws/install/robox_arm/share/robox_arm/cmake/robox_armConfig-version.cmake
[0.740s] -- Up-to-date symlink: /home/saber/robox_ws/install/robox_arm/share/robox_arm/package.xml
[0.742s] Invoked command in '/home/saber/robox_ws/build/robox_arm' returned '0': CMAKE_PREFIX_PATH=${CMAKE_PREFIX_PATH}:/opt/ros/jazzy DEBUGINFOD_URLS=https://debuginfod.ubuntu.com /usr/bin/cmake --install /home/saber/robox_ws/build/robox_arm
