[0.017s] Invoking command in '/home/saber/robox_ws/build/moveit_core': CMAKE_PREFIX_PATH=/home/saber/robox_ws/install/moveit_common:/home/saber/robox_ws/install/robotic_arm_moveit_config:/home/saber/robox_ws/install/pilz_industrial_motion_planner_testutils:/home/saber/robox_ws/install/moveit_runtime:/home/saber/robox_ws/install/moveit:/home/saber/robox_ws/install/moveit_planners:/home/saber/robox_ws/install/pilz_industrial_motion_planner:/home/saber/robox_ws/install/moveit_ros_control_interface:/home/saber/robox_ws/install/moveit_plugins:/home/saber/robox_ws/install/moveit_simple_controller_manager:/home/saber/robox_ws/install/moveit_setup_assistant:/home/saber/robox_ws/install/moveit_setup_srdf_plugins:/home/saber/robox_ws/install/moveit_setup_core_plugins:/home/saber/robox_ws/install/moveit_setup_controllers:/home/saber/robox_ws/install/moveit_setup_app_plugins:/home/saber/robox_ws/install/moveit_setup_framework:/home/saber/robox_ws/install/moveit_servo:/home/saber/robox_ws/install/moveit_ros_trajectory_cache:/home/saber/robox_ws/install/moveit_ros:/home/saber/robox_ws/install/arm_description:/home/saber/robox_ws/install/moveit_ros_visualization:/home/saber/robox_ws/install/moveit_py:/home/saber/robox_ws/install/moveit_hybrid_planning:/home/saber/robox_ws/install/moveit_ros_planning_interface:/home/saber/robox_ws/install/moveit_ros_benchmarks:/home/saber/robox_ws/install/moveit_ros_warehouse:/home/saber/robox_ws/install/moveit_ros_robot_interaction:/home/saber/robox_ws/install/moveit_ros_perception:/home/saber/robox_ws/install/moveit_resources_prbt_pg70_support:/home/saber/robox_ws/install/moveit_resources_prbt_moveit_config:/home/saber/robox_ws/install/moveit_ros_move_group:/home/saber/robox_ws/install/moveit_planners_ompl:/home/saber/robox_ws/install/moveit_kinematics:/home/saber/robox_ws/install/moveit_ros_planning:/home/saber/robox_ws/install/moveit_ros_occupancy_map_monitor:/home/saber/robox_ws/install/moveit_resources_prbt_support:/home/saber/robox_ws/install/moveit_resources_prbt_ikfast_manipulator_plugin:/home/saber/robox_ws/install/moveit_planners_stomp:/home/saber/robox_ws/install/moveit_planners_chomp:/home/saber/robox_ws/install/chomp_motion_planner:/home/saber/robox_ws/install/moveit_core:/home/saber/robox_ws/install/arm_moveit:/home/saber/arduinobot_ws/install/controller:/home/saber/arduinobot_ws/install/arm_description:/home/saber/arduinobot_ws/install/arduinobot_cpp_examples:/opt/ros/jazzy/opt/gz_sim_vendor:/opt/ros/jazzy/opt/gz_sensors_vendor:/opt/ros/jazzy/opt/gz_physics_vendor:/opt/ros/jazzy/opt/sdformat_vendor:/opt/ros/jazzy/opt/gz_gui_vendor:/opt/ros/jazzy/opt/gz_transport_vendor:/opt/ros/jazzy/opt/gz_rendering_vendor:/opt/ros/jazzy/opt/gz_plugin_vendor:/opt/ros/jazzy/opt/gz_fuel_tools_vendor:/opt/ros/jazzy/opt/gz_msgs_vendor:/opt/ros/jazzy/opt/gz_common_vendor:/opt/ros/jazzy/opt/gz_math_vendor:/opt/ros/jazzy/opt/gz_utils_vendor:/opt/ros/jazzy/opt/gz_tools_vendor:/opt/ros/jazzy/opt/gz_ogre_next_vendor:/opt/ros/jazzy/opt/gz_dartsim_vendor:/opt/ros/jazzy/opt/gz_cmake_vendor:/home/saber/robox_ws/install/arduinobot_py_examples:/home/saber/robox_ws/install/moveit_configs_utils:/home/saber/arduinobot_ws/install/arduinobot_py_examples:/opt/ros/jazzy DEBUGINFOD_URLS=https://debuginfod.ubuntu.com /usr/bin/cmake --build /home/saber/robox_ws/build/moveit_core -- -j16 -l16
[0.154s] [  5%] Built target gmock
[0.154s] [  5%] Built target moveit_ruckig_filter_parameters
[0.154s] [  5%] [34m[1mGenerate version header[0m
[0.154s] [  5%] Built target moveit_acceleration_filter_parameters
[0.154s] [  5%] Built target gtest_main
[0.155s] [  7%] Built target gmock_main
[0.164s] [  8%] Built target gtest
[0.166s] [  9%] Built target moveit_butterworth_filter_parameters
[0.179s] [ 13%] Built target moveit_smoothing_base
[0.180s] [ 14%] Built target moveit_utils
[0.224s] [ 17%] [34m[1mGenerating version.hpp[0m
[0.224s] [ 17%] Built target moveit_exceptions
[0.227s] [ 18%] Built target logger_dut
[0.229s] [ 19%] Built target moveit_transforms
[0.239s] [ 21%] Built target moveit_distance_field
[0.239s] [ 21%] Built target version_hpp
[0.274s] [ 22%] Built target test_transforms
[0.278s] [ 23%] Built target moveit_version
[0.283s] [ 24%] Built target test_voxel_grid
[0.283s] [ 30%] Built target moveit_robot_model
[0.292s] [ 31%] Built target test_distance_field
[0.328s] [ 33%] Built target moveit_kinematics_base
[0.329s] [ 33%] Built target moveit_butterworth_filter
[0.388s] [ 35%] Built target moveit_test_utils
[0.388s] [ 35%] Built target test_butterworth_filter
[0.397s] [ 38%] Built target moveit_robot_state
[0.450s] [ 39%] Built target test_robot_model
[0.457s] [ 43%] Built target moveit_dynamics_solver
[0.457s] [ 43%] Built target robot_state_benchmark
[0.458s] [ 47%] Built target moveit_robot_trajectory
[0.458s] [ 47%] Built target moveit_kinematics_metrics
[0.458s] [ 47%] Built target test_robot_state
[0.458s] [ 47%] Built target moveit_ruckig_filter
[0.458s] [ 47%] Built target test_robot_state_complex
[0.458s] [ 48%] Built target test_aabb
[0.464s] [ 50%] Built target test_cartesian_interpolator
[0.464s] [ 50%] Built target moveit_acceleration_filter
[0.486s] [ 56%] Built target moveit_collision_detection
[0.522s] [ 57%] Built target test_robot_trajectory
[0.523s] [ 59%] Built target moveit_trajectory_processing
[0.526s] [ 60%] Built target test_acceleration_filter
[0.538s] [ 62%] Built target test_world
[0.539s] [ 62%] Built target test_world_diff
[0.544s] [ 63%] Built target test_all_valid
[0.547s] [ 65%] Built target moveit_collision_detection_fcl
[0.571s] [ 69%] Built target moveit_collision_detection_bullet
[0.585s] [ 70%] Built target test_ruckig_traj_smoothing
[0.586s] [ 71%] Built target robot_trajectory_benchmark
[0.586s] [ 72%] Built target test_time_optimal_trajectory_generation
[0.617s] [ 75%] Built target test_fcl_collision_detection_panda
[0.618s] [ 75%] Built target test_fcl_collision_detection
[0.618s] [ 76%] Built target moveit_kinematic_constraints
[0.618s] [ 76%] Built target test_fcl_collision_env
[0.633s] [ 78%] Built target test_bullet_collision_detection_panda
[0.634s] [ 79%] Built target test_bullet_collision_detection
[0.640s] [ 80%] Built target test_bullet_continuous_collision_checking
[0.664s] [ 82%] Built target test_orientation_constraints
[0.664s] [ 83%] Built target test_constraints
[0.675s] [ 84%] Built target moveit_planning_scene
[0.741s] [ 89%] Built target test_collision_objects
[0.741s] [ 89%] Built target test_planning_scene
[0.741s] [ 89%] Built target collision_detector_fcl_plugin
[0.741s] [ 89%] Built target collision_detector_bullet_plugin
[0.741s] [ 89%] Built target test_multi_threaded
[0.746s] [ 91%] Built target moveit_planning_interface
[0.747s] [ 94%] Built target moveit_collision_distance_field
[0.753s] [ 97%] Built target moveit_constraint_samplers
[0.800s] [ 98%] Built target test_collision_distance_field
[0.811s] [100%] Built target test_constraint_samplers
[0.833s] Invoked command in '/home/saber/robox_ws/build/moveit_core' returned '0': CMAKE_PREFIX_PATH=/home/saber/robox_ws/install/moveit_common:/home/saber/robox_ws/install/robotic_arm_moveit_config:/home/saber/robox_ws/install/pilz_industrial_motion_planner_testutils:/home/saber/robox_ws/install/moveit_runtime:/home/saber/robox_ws/install/moveit:/home/saber/robox_ws/install/moveit_planners:/home/saber/robox_ws/install/pilz_industrial_motion_planner:/home/saber/robox_ws/install/moveit_ros_control_interface:/home/saber/robox_ws/install/moveit_plugins:/home/saber/robox_ws/install/moveit_simple_controller_manager:/home/saber/robox_ws/install/moveit_setup_assistant:/home/saber/robox_ws/install/moveit_setup_srdf_plugins:/home/saber/robox_ws/install/moveit_setup_core_plugins:/home/saber/robox_ws/install/moveit_setup_controllers:/home/saber/robox_ws/install/moveit_setup_app_plugins:/home/saber/robox_ws/install/moveit_setup_framework:/home/saber/robox_ws/install/moveit_servo:/home/saber/robox_ws/install/moveit_ros_trajectory_cache:/home/saber/robox_ws/install/moveit_ros:/home/saber/robox_ws/install/arm_description:/home/saber/robox_ws/install/moveit_ros_visualization:/home/saber/robox_ws/install/moveit_py:/home/saber/robox_ws/install/moveit_hybrid_planning:/home/saber/robox_ws/install/moveit_ros_planning_interface:/home/saber/robox_ws/install/moveit_ros_benchmarks:/home/saber/robox_ws/install/moveit_ros_warehouse:/home/saber/robox_ws/install/moveit_ros_robot_interaction:/home/saber/robox_ws/install/moveit_ros_perception:/home/saber/robox_ws/install/moveit_resources_prbt_pg70_support:/home/saber/robox_ws/install/moveit_resources_prbt_moveit_config:/home/saber/robox_ws/install/moveit_ros_move_group:/home/saber/robox_ws/install/moveit_planners_ompl:/home/saber/robox_ws/install/moveit_kinematics:/home/saber/robox_ws/install/moveit_ros_planning:/home/saber/robox_ws/install/moveit_ros_occupancy_map_monitor:/home/saber/robox_ws/install/moveit_resources_prbt_support:/home/saber/robox_ws/install/moveit_resources_prbt_ikfast_manipulator_plugin:/home/saber/robox_ws/install/moveit_planners_stomp:/home/saber/robox_ws/install/moveit_planners_chomp:/home/saber/robox_ws/install/chomp_motion_planner:/home/saber/robox_ws/install/moveit_core:/home/saber/robox_ws/install/arm_moveit:/home/saber/arduinobot_ws/install/controller:/home/saber/arduinobot_ws/install/arm_description:/home/saber/arduinobot_ws/install/arduinobot_cpp_examples:/opt/ros/jazzy/opt/gz_sim_vendor:/opt/ros/jazzy/opt/gz_sensors_vendor:/opt/ros/jazzy/opt/gz_physics_vendor:/opt/ros/jazzy/opt/sdformat_vendor:/opt/ros/jazzy/opt/gz_gui_vendor:/opt/ros/jazzy/opt/gz_transport_vendor:/opt/ros/jazzy/opt/gz_rendering_vendor:/opt/ros/jazzy/opt/gz_plugin_vendor:/opt/ros/jazzy/opt/gz_fuel_tools_vendor:/opt/ros/jazzy/opt/gz_msgs_vendor:/opt/ros/jazzy/opt/gz_common_vendor:/opt/ros/jazzy/opt/gz_math_vendor:/opt/ros/jazzy/opt/gz_utils_vendor:/opt/ros/jazzy/opt/gz_tools_vendor:/opt/ros/jazzy/opt/gz_ogre_next_vendor:/opt/ros/jazzy/opt/gz_dartsim_vendor:/opt/ros/jazzy/opt/gz_cmake_vendor:/home/saber/robox_ws/install/arduinobot_py_examples:/home/saber/robox_ws/install/moveit_configs_utils:/home/saber/arduinobot_ws/install/arduinobot_py_examples:/opt/ros/jazzy DEBUGINFOD_URLS=https://debuginfod.ubuntu.com /usr/bin/cmake --build /home/saber/robox_ws/build/moveit_core -- -j16 -l16
[0.835s] Invoking command in '/home/saber/robox_ws/build/moveit_core': CMAKE_PREFIX_PATH=/home/saber/robox_ws/install/moveit_common:/home/saber/robox_ws/install/robotic_arm_moveit_config:/home/saber/robox_ws/install/pilz_industrial_motion_planner_testutils:/home/saber/robox_ws/install/moveit_runtime:/home/saber/robox_ws/install/moveit:/home/saber/robox_ws/install/moveit_planners:/home/saber/robox_ws/install/pilz_industrial_motion_planner:/home/saber/robox_ws/install/moveit_ros_control_interface:/home/saber/robox_ws/install/moveit_plugins:/home/saber/robox_ws/install/moveit_simple_controller_manager:/home/saber/robox_ws/install/moveit_setup_assistant:/home/saber/robox_ws/install/moveit_setup_srdf_plugins:/home/saber/robox_ws/install/moveit_setup_core_plugins:/home/saber/robox_ws/install/moveit_setup_controllers:/home/saber/robox_ws/install/moveit_setup_app_plugins:/home/saber/robox_ws/install/moveit_setup_framework:/home/saber/robox_ws/install/moveit_servo:/home/saber/robox_ws/install/moveit_ros_trajectory_cache:/home/saber/robox_ws/install/moveit_ros:/home/saber/robox_ws/install/arm_description:/home/saber/robox_ws/install/moveit_ros_visualization:/home/saber/robox_ws/install/moveit_py:/home/saber/robox_ws/install/moveit_hybrid_planning:/home/saber/robox_ws/install/moveit_ros_planning_interface:/home/saber/robox_ws/install/moveit_ros_benchmarks:/home/saber/robox_ws/install/moveit_ros_warehouse:/home/saber/robox_ws/install/moveit_ros_robot_interaction:/home/saber/robox_ws/install/moveit_ros_perception:/home/saber/robox_ws/install/moveit_resources_prbt_pg70_support:/home/saber/robox_ws/install/moveit_resources_prbt_moveit_config:/home/saber/robox_ws/install/moveit_ros_move_group:/home/saber/robox_ws/install/moveit_planners_ompl:/home/saber/robox_ws/install/moveit_kinematics:/home/saber/robox_ws/install/moveit_ros_planning:/home/saber/robox_ws/install/moveit_ros_occupancy_map_monitor:/home/saber/robox_ws/install/moveit_resources_prbt_support:/home/saber/robox_ws/install/moveit_resources_prbt_ikfast_manipulator_plugin:/home/saber/robox_ws/install/moveit_planners_stomp:/home/saber/robox_ws/install/moveit_planners_chomp:/home/saber/robox_ws/install/chomp_motion_planner:/home/saber/robox_ws/install/moveit_core:/home/saber/robox_ws/install/arm_moveit:/home/saber/arduinobot_ws/install/controller:/home/saber/arduinobot_ws/install/arm_description:/home/saber/arduinobot_ws/install/arduinobot_cpp_examples:/opt/ros/jazzy/opt/gz_sim_vendor:/opt/ros/jazzy/opt/gz_sensors_vendor:/opt/ros/jazzy/opt/gz_physics_vendor:/opt/ros/jazzy/opt/sdformat_vendor:/opt/ros/jazzy/opt/gz_gui_vendor:/opt/ros/jazzy/opt/gz_transport_vendor:/opt/ros/jazzy/opt/gz_rendering_vendor:/opt/ros/jazzy/opt/gz_plugin_vendor:/opt/ros/jazzy/opt/gz_fuel_tools_vendor:/opt/ros/jazzy/opt/gz_msgs_vendor:/opt/ros/jazzy/opt/gz_common_vendor:/opt/ros/jazzy/opt/gz_math_vendor:/opt/ros/jazzy/opt/gz_utils_vendor:/opt/ros/jazzy/opt/gz_tools_vendor:/opt/ros/jazzy/opt/gz_ogre_next_vendor:/opt/ros/jazzy/opt/gz_dartsim_vendor:/opt/ros/jazzy/opt/gz_cmake_vendor:/home/saber/robox_ws/install/arduinobot_py_examples:/home/saber/robox_ws/install/moveit_configs_utils:/home/saber/arduinobot_ws/install/arduinobot_py_examples:/opt/ros/jazzy DEBUGINFOD_URLS=https://debuginfod.ubuntu.com /usr/bin/cmake --install /home/saber/robox_ws/build/moveit_core
[0.854s] -- Install configuration: "Release"
[0.855s] -- Execute custom install script
[0.857s] -- Up-to-date symlink: /home/saber/robox_ws/install/moveit_core/include/moveit_core/moveit/collision_detection_bullet/bullet_integration/basic_types.h
[0.857s] -- Up-to-date symlink: /home/saber/robox_ws/install/moveit_core/include/moveit_core/moveit/collision_detection_bullet/bullet_integration/basic_types.hpp
[0.858s] -- Up-to-date symlink: /home/saber/robox_ws/install/moveit_core/include/moveit_core/moveit/collision_detection_bullet/bullet_integration/bullet_bvh_manager.h
[0.858s] -- Up-to-date symlink: /home/saber/robox_ws/install/moveit_core/include/moveit_core/moveit/collision_detection_bullet/bullet_integration/bullet_bvh_manager.hpp
[0.858s] -- Up-to-date symlink: /home/saber/robox_ws/install/moveit_core/include/moveit_core/moveit/collision_detection_bullet/bullet_integration/bullet_cast_bvh_manager.h
[0.858s] -- Up-to-date symlink: /home/saber/robox_ws/install/moveit_core/include/moveit_core/moveit/collision_detection_bullet/bullet_integration/bullet_cast_bvh_manager.hpp
[0.858s] -- Up-to-date symlink: /home/saber/robox_ws/install/moveit_core/include/moveit_core/moveit/collision_detection_bullet/bullet_integration/bullet_discrete_bvh_manager.h
[0.858s] -- Up-to-date symlink: /home/saber/robox_ws/install/moveit_core/include/moveit_core/moveit/collision_detection_bullet/bullet_integration/bullet_discrete_bvh_manager.hpp
[0.858s] -- Up-to-date symlink: /home/saber/robox_ws/install/moveit_core/include/moveit_core/moveit/collision_detection_bullet/bullet_integration/bullet_utils.h
[0.858s] -- Up-to-date symlink: /home/saber/robox_ws/install/moveit_core/include/moveit_core/moveit/collision_detection_bullet/bullet_integration/bullet_utils.hpp
[0.859s] -- Up-to-date symlink: /home/saber/robox_ws/install/moveit_core/include/moveit_core/moveit/collision_detection_bullet/bullet_integration/contact_checker_common.h
[0.859s] -- Up-to-date symlink: /home/saber/robox_ws/install/moveit_core/include/moveit_core/moveit/collision_detection_bullet/bullet_integration/contact_checker_common.hpp
[0.859s] -- Up-to-date symlink: /home/saber/robox_ws/install/moveit_core/include/moveit_core/moveit/collision_detection_bullet/bullet_integration/ros_bullet_utils.h
[0.859s] -- Up-to-date symlink: /home/saber/robox_ws/install/moveit_core/include/moveit_core/moveit/collision_detection_bullet/bullet_integration/ros_bullet_utils.hpp
[0.859s] -- Up-to-date symlink: /home/saber/robox_ws/install/moveit_core/include/moveit_core/moveit/collision_detection_bullet/collision_detector_allocator_bullet.h
[0.859s] -- Up-to-date symlink: /home/saber/robox_ws/install/moveit_core/include/moveit_core/moveit/collision_detection_bullet/collision_detector_allocator_bullet.hpp
[0.859s] -- Up-to-date symlink: /home/saber/robox_ws/install/moveit_core/include/moveit_core/moveit/collision_detection_bullet/collision_detector_bullet_plugin_loader.h
[0.859s] -- Up-to-date symlink: /home/saber/robox_ws/install/moveit_core/include/moveit_core/moveit/collision_detection_bullet/collision_detector_bullet_plugin_loader.hpp
[0.860s] -- Up-to-date symlink: /home/saber/robox_ws/install/moveit_core/include/moveit_core/moveit/collision_detection_bullet/collision_env_bullet.h
[0.860s] -- Up-to-date symlink: /home/saber/robox_ws/install/moveit_core/include/moveit_core/moveit/collision_detection_bullet/collision_env_bullet.hpp
[0.860s] -- Up-to-date symlink: /home/saber/robox_ws/install/moveit_core/include/moveit_core/moveit_collision_detection_bullet_export.h
[0.860s] -- Up-to-date symlink: /home/saber/robox_ws/install/moveit_core/include/moveit_core/moveit/collision_detection_fcl/collision_common.h
[0.861s] -- Up-to-date symlink: /home/saber/robox_ws/install/moveit_core/include/moveit_core/moveit/collision_detection_fcl/collision_common.hpp
[0.861s] -- Up-to-date symlink: /home/saber/robox_ws/install/moveit_core/include/moveit_core/moveit/collision_detection_fcl/collision_detector_allocator_fcl.h
[0.861s] -- Up-to-date symlink: /home/saber/robox_ws/install/moveit_core/include/moveit_core/moveit/collision_detection_fcl/collision_detector_allocator_fcl.hpp
[0.861s] -- Up-to-date symlink: /home/saber/robox_ws/install/moveit_core/include/moveit_core/moveit/collision_detection_fcl/collision_detector_fcl_plugin_loader.h
[0.861s] -- Up-to-date symlink: /home/saber/robox_ws/install/moveit_core/include/moveit_core/moveit/collision_detection_fcl/collision_detector_fcl_plugin_loader.hpp
[0.861s] -- Up-to-date symlink: /home/saber/robox_ws/install/moveit_core/include/moveit_core/moveit/collision_detection_fcl/collision_env_fcl.h
[0.861s] -- Up-to-date symlink: /home/saber/robox_ws/install/moveit_core/include/moveit_core/moveit/collision_detection_fcl/collision_env_fcl.hpp
[0.861s] -- Up-to-date symlink: /home/saber/robox_ws/install/moveit_core/include/moveit_core/moveit/collision_detection_fcl/fcl_compat.h
[0.862s] -- Up-to-date symlink: /home/saber/robox_ws/install/moveit_core/include/moveit_core/moveit/collision_detection_fcl/fcl_compat.hpp
[0.862s] -- Up-to-date symlink: /home/saber/robox_ws/install/moveit_core/include/moveit_core/moveit_collision_detection_fcl_export.h
[0.862s] -- Up-to-date symlink: /home/saber/robox_ws/install/moveit_core/include/moveit_core/moveit/collision_detection/allvalid/collision_detector_allocator_allvalid.h
[0.862s] -- Up-to-date symlink: /home/saber/robox_ws/install/moveit_core/include/moveit_core/moveit/collision_detection/allvalid/collision_detector_allocator_allvalid.hpp
[0.864s] -- Up-to-date symlink: /home/saber/robox_ws/install/moveit_core/include/moveit_core/moveit/collision_detection/allvalid/collision_env_allvalid.h
[0.864s] -- Up-to-date symlink: /home/saber/robox_ws/install/moveit_core/include/moveit_core/moveit/collision_detection/allvalid/collision_env_allvalid.hpp
[0.864s] -- Up-to-date symlink: /home/saber/robox_ws/install/moveit_core/include/moveit_core/moveit/collision_detection/collision_common.h
[0.864s] -- Up-to-date symlink: /home/saber/robox_ws/install/moveit_core/include/moveit_core/moveit/collision_detection/collision_common.hpp
[0.864s] -- Up-to-date symlink: /home/saber/robox_ws/install/moveit_core/include/moveit_core/moveit/collision_detection/collision_detector_allocator.h
[0.864s] -- Up-to-date symlink: /home/saber/robox_ws/install/moveit_core/include/moveit_core/moveit/collision_detection/collision_detector_allocator.hpp
[0.864s] -- Up-to-date symlink: /home/saber/robox_ws/install/moveit_core/include/moveit_core/moveit/collision_detection/collision_env.h
[0.864s] -- Up-to-date symlink: /home/saber/robox_ws/install/moveit_core/include/moveit_core/moveit/collision_detection/collision_env.hpp
[0.864s] -- Up-to-date symlink: /home/saber/robox_ws/install/moveit_core/include/moveit_core/moveit/collision_detection/collision_matrix.h
[0.865s] -- Up-to-date symlink: /home/saber/robox_ws/install/moveit_core/include/moveit_core/moveit/collision_detection/collision_matrix.hpp
[0.865s] -- Up-to-date symlink: /home/saber/robox_ws/install/moveit_core/include/moveit_core/moveit/collision_detection/collision_octomap_filter.h
[0.865s] -- Up-to-date symlink: /home/saber/robox_ws/install/moveit_core/include/moveit_core/moveit/collision_detection/collision_octomap_filter.hpp
[0.865s] -- Up-to-date symlink: /home/saber/robox_ws/install/moveit_core/include/moveit_core/moveit/collision_detection/collision_plugin.h
[0.865s] -- Up-to-date symlink: /home/saber/robox_ws/install/moveit_core/include/moveit_core/moveit/collision_detection/collision_plugin.hpp
[0.865s] -- Up-to-date symlink: /home/saber/robox_ws/install/moveit_core/include/moveit_core/moveit/collision_detection/collision_plugin_cache.h
[0.865s] -- Up-to-date symlink: /home/saber/robox_ws/install/moveit_core/include/moveit_core/moveit/collision_detection/collision_plugin_cache.hpp
[0.865s] -- Up-to-date symlink: /home/saber/robox_ws/install/moveit_core/include/moveit_core/moveit/collision_detection/collision_tools.h
[0.865s] -- Up-to-date symlink: /home/saber/robox_ws/install/moveit_core/include/moveit_core/moveit/collision_detection/collision_tools.hpp
[0.865s] -- Up-to-date symlink: /home/saber/robox_ws/install/moveit_core/include/moveit_core/moveit/collision_detection/occupancy_map.h
[0.865s] -- Up-to-date symlink: /home/saber/robox_ws/install/moveit_core/include/moveit_core/moveit/collision_detection/occupancy_map.hpp
[0.865s] -- Up-to-date symlink: /home/saber/robox_ws/install/moveit_core/include/moveit_core/moveit/collision_detection/test_collision_common_panda.h
[0.865s] -- Up-to-date symlink: /home/saber/robox_ws/install/moveit_core/include/moveit_core/moveit/collision_detection/test_collision_common_panda.hpp
[0.865s] -- Up-to-date symlink: /home/saber/robox_ws/install/moveit_core/include/moveit_core/moveit/collision_detection/test_collision_common_pr2.h
[0.865s] -- Up-to-date symlink: /home/saber/robox_ws/install/moveit_core/include/moveit_core/moveit/collision_detection/test_collision_common_pr2.hpp
[0.866s] -- Up-to-date symlink: /home/saber/robox_ws/install/moveit_core/include/moveit_core/moveit/collision_detection/world.h
[0.866s] -- Up-to-date symlink: /home/saber/robox_ws/install/moveit_core/include/moveit_core/moveit/collision_detection/world.hpp
[0.866s] -- Up-to-date symlink: /home/saber/robox_ws/install/moveit_core/include/moveit_core/moveit/collision_detection/world_diff.h
[0.866s] -- Up-to-date symlink: /home/saber/robox_ws/install/moveit_core/include/moveit_core/moveit/collision_detection/world_diff.hpp
[0.866s] -- Up-to-date symlink: /home/saber/robox_ws/install/moveit_core/include/moveit_core/moveit_collision_detection_export.h
[0.867s] -- Up-to-date symlink: /home/saber/robox_ws/install/moveit_core/include/moveit_core/moveit/collision_distance_field/collision_common_distance_field.h
[0.867s] -- Up-to-date symlink: /home/saber/robox_ws/install/moveit_core/include/moveit_core/moveit/collision_distance_field/collision_common_distance_field.hpp
[0.867s] -- Up-to-date symlink: /home/saber/robox_ws/install/moveit_core/include/moveit_core/moveit/collision_distance_field/collision_detector_allocator_distance_field.h
[0.867s] -- Up-to-date symlink: /home/saber/robox_ws/install/moveit_core/include/moveit_core/moveit/collision_distance_field/collision_detector_allocator_distance_field.hpp
[0.867s] -- Up-to-date symlink: /home/saber/robox_ws/install/moveit_core/include/moveit_core/moveit/collision_distance_field/collision_detector_allocator_hybrid.h
[0.867s] -- Up-to-date symlink: /home/saber/robox_ws/install/moveit_core/include/moveit_core/moveit/collision_distance_field/collision_detector_allocator_hybrid.hpp
[0.868s] -- Up-to-date symlink: /home/saber/robox_ws/install/moveit_core/include/moveit_core/moveit/collision_distance_field/collision_distance_field_types.h
[0.868s] -- Up-to-date symlink: /home/saber/robox_ws/install/moveit_core/include/moveit_core/moveit/collision_distance_field/collision_distance_field_types.hpp
[0.868s] -- Up-to-date symlink: /home/saber/robox_ws/install/moveit_core/include/moveit_core/moveit/collision_distance_field/collision_env_distance_field.h
[0.868s] -- Up-to-date symlink: /home/saber/robox_ws/install/moveit_core/include/moveit_core/moveit/collision_distance_field/collision_env_distance_field.hpp
[0.868s] -- Up-to-date symlink: /home/saber/robox_ws/install/moveit_core/include/moveit_core/moveit/collision_distance_field/collision_env_hybrid.h
[0.868s] -- Up-to-date symlink: /home/saber/robox_ws/install/moveit_core/include/moveit_core/moveit/collision_distance_field/collision_env_hybrid.hpp
[0.868s] -- Up-to-date symlink: /home/saber/robox_ws/install/moveit_core/include/moveit_core/moveit_collision_distance_field_export.h
[0.869s] -- Up-to-date symlink: /home/saber/robox_ws/install/moveit_core/include/moveit_core/moveit/constraint_samplers/constraint_sampler.h
[0.869s] -- Up-to-date symlink: /home/saber/robox_ws/install/moveit_core/include/moveit_core/moveit/constraint_samplers/constraint_sampler.hpp
[0.869s] -- Up-to-date symlink: /home/saber/robox_ws/install/moveit_core/include/moveit_core/moveit/constraint_samplers/constraint_sampler_allocator.h
[0.869s] -- Up-to-date symlink: /home/saber/robox_ws/install/moveit_core/include/moveit_core/moveit/constraint_samplers/constraint_sampler_allocator.hpp
[0.869s] -- Up-to-date symlink: /home/saber/robox_ws/install/moveit_core/include/moveit_core/moveit/constraint_samplers/constraint_sampler_manager.h
[0.869s] -- Up-to-date symlink: /home/saber/robox_ws/install/moveit_core/include/moveit_core/moveit/constraint_samplers/constraint_sampler_manager.hpp
[0.870s] -- Up-to-date symlink: /home/saber/robox_ws/install/moveit_core/include/moveit_core/moveit/constraint_samplers/constraint_sampler_tools.h
[0.870s] -- Up-to-date symlink: /home/saber/robox_ws/install/moveit_core/include/moveit_core/moveit/constraint_samplers/constraint_sampler_tools.hpp
[0.870s] -- Up-to-date symlink: /home/saber/robox_ws/install/moveit_core/include/moveit_core/moveit/constraint_samplers/default_constraint_samplers.h
[0.870s] -- Up-to-date symlink: /home/saber/robox_ws/install/moveit_core/include/moveit_core/moveit/constraint_samplers/default_constraint_samplers.hpp
[0.870s] -- Up-to-date symlink: /home/saber/robox_ws/install/moveit_core/include/moveit_core/moveit/constraint_samplers/union_constraint_sampler.h
[0.870s] -- Up-to-date symlink: /home/saber/robox_ws/install/moveit_core/include/moveit_core/moveit/constraint_samplers/union_constraint_sampler.hpp
[0.871s] -- Up-to-date symlink: /home/saber/robox_ws/install/moveit_core/include/moveit_core/moveit/controller_manager/controller_manager.h
[0.871s] -- Up-to-date symlink: /home/saber/robox_ws/install/moveit_core/include/moveit_core/moveit/controller_manager/controller_manager.hpp
[0.872s] -- Up-to-date symlink: /home/saber/robox_ws/install/moveit_core/include/moveit_core/moveit/distance_field/distance_field.h
[0.872s] -- Up-to-date symlink: /home/saber/robox_ws/install/moveit_core/include/moveit_core/moveit/distance_field/distance_field.hpp
[0.872s] -- Up-to-date symlink: /home/saber/robox_ws/install/moveit_core/include/moveit_core/moveit/distance_field/find_internal_points.h
[0.872s] -- Up-to-date symlink: /home/saber/robox_ws/install/moveit_core/include/moveit_core/moveit/distance_field/find_internal_points.hpp
[0.872s] -- Up-to-date symlink: /home/saber/robox_ws/install/moveit_core/include/moveit_core/moveit/distance_field/propagation_distance_field.h
[0.872s] -- Up-to-date symlink: /home/saber/robox_ws/install/moveit_core/include/moveit_core/moveit/distance_field/propagation_distance_field.hpp
[0.872s] -- Up-to-date symlink: /home/saber/robox_ws/install/moveit_core/include/moveit_core/moveit/distance_field/voxel_grid.h
[0.873s] -- Up-to-date symlink: /home/saber/robox_ws/install/moveit_core/include/moveit_core/moveit/distance_field/voxel_grid.hpp
[0.873s] -- Up-to-date symlink: /home/saber/robox_ws/install/moveit_core/include/moveit_core/moveit/dynamics_solver/dynamics_solver.h
[0.873s] -- Up-to-date symlink: /home/saber/robox_ws/install/moveit_core/include/moveit_core/moveit/dynamics_solver/dynamics_solver.hpp
[0.873s] -- Up-to-date symlink: /home/saber/robox_ws/install/moveit_core/include/moveit_core/moveit/exceptions/exceptions.h
[0.874s] -- Up-to-date symlink: /home/saber/robox_ws/install/moveit_core/include/moveit_core/moveit/exceptions/exceptions.hpp
[0.874s] -- Up-to-date symlink: /home/saber/robox_ws/install/moveit_core/include/moveit_core/moveit/kinematic_constraints/kinematic_constraint.h
[0.874s] -- Up-to-date symlink: /home/saber/robox_ws/install/moveit_core/include/moveit_core/moveit/kinematic_constraints/kinematic_constraint.hpp
[0.874s] -- Up-to-date symlink: /home/saber/robox_ws/install/moveit_core/include/moveit_core/moveit/kinematic_constraints/utils.h
[0.874s] -- Up-to-date symlink: /home/saber/robox_ws/install/moveit_core/include/moveit_core/moveit/kinematic_constraints/utils.hpp
[0.875s] -- Up-to-date symlink: /home/saber/robox_ws/install/moveit_core/include/moveit_core/moveit/kinematics_base/kinematics_base.h
[0.875s] -- Up-to-date symlink: /home/saber/robox_ws/install/moveit_core/include/moveit_core/moveit/kinematics_base/kinematics_base.hpp
[0.875s] -- Up-to-date symlink: /home/saber/robox_ws/install/moveit_core/include/moveit_core/moveit_kinematics_base_export.h
[0.875s] -- Up-to-date symlink: /home/saber/robox_ws/install/moveit_core/include/moveit_core/moveit/kinematics_metrics/kinematics_metrics.h
[0.875s] -- Up-to-date symlink: /home/saber/robox_ws/install/moveit_core/include/moveit_core/moveit/kinematics_metrics/kinematics_metrics.hpp
[0.875s] -- Up-to-date symlink: /home/saber/robox_ws/install/moveit_core/include/moveit_core/moveit/macros/class_forward.h
[0.876s] -- Up-to-date symlink: /home/saber/robox_ws/install/moveit_core/include/moveit_core/moveit/macros/class_forward.hpp
[0.876s] -- Up-to-date symlink: /home/saber/robox_ws/install/moveit_core/include/moveit_core/moveit/macros/console_colors.h
[0.876s] -- Up-to-date symlink: /home/saber/robox_ws/install/moveit_core/include/moveit_core/moveit/macros/console_colors.hpp
[0.876s] -- Up-to-date symlink: /home/saber/robox_ws/install/moveit_core/include/moveit_core/moveit/macros/declare_ptr.h
[0.876s] -- Up-to-date symlink: /home/saber/robox_ws/install/moveit_core/include/moveit_core/moveit/macros/declare_ptr.hpp
[0.876s] -- Up-to-date symlink: /home/saber/robox_ws/install/moveit_core/include/moveit_core/moveit_acceleration_filter_parameters.hpp
[0.876s] -- Up-to-date symlink: /home/saber/robox_ws/install/moveit_core/include/moveit_core/moveit_butterworth_filter_parameters.hpp
[0.876s] -- Up-to-date symlink: /home/saber/robox_ws/install/moveit_core/include/moveit_core/moveit_ruckig_filter_parameters.hpp
[0.877s] -- Up-to-date symlink: /home/saber/robox_ws/install/moveit_core/include/moveit_core/moveit_acceleration_filter_parameters.hpp
[0.877s] -- Up-to-date symlink: /home/saber/robox_ws/install/moveit_core/include/moveit_core/moveit_butterworth_filter_parameters.hpp
[0.877s] -- Up-to-date symlink: /home/saber/robox_ws/install/moveit_core/include/moveit_core/moveit_ruckig_filter_parameters.hpp
[0.877s] -- Up-to-date symlink: /home/saber/robox_ws/install/moveit_core/include/moveit_core/moveit_acceleration_filter_parameters.hpp
[0.877s] -- Up-to-date symlink: /home/saber/robox_ws/install/moveit_core/include/moveit_core/moveit_butterworth_filter_parameters.hpp
[0.877s] -- Up-to-date symlink: /home/saber/robox_ws/install/moveit_core/include/moveit_core/moveit_ruckig_filter_parameters.hpp
[0.878s] -- Up-to-date symlink: /home/saber/robox_ws/install/moveit_core/include/moveit_core/moveit/online_signal_smoothing/acceleration_filter.h
[0.878s] -- Up-to-date symlink: /home/saber/robox_ws/install/moveit_core/include/moveit_core/moveit/online_signal_smoothing/acceleration_filter.hpp
[0.878s] -- Up-to-date symlink: /home/saber/robox_ws/install/moveit_core/include/moveit_core/moveit/online_signal_smoothing/butterworth_filter.h
[0.878s] -- Up-to-date symlink: /home/saber/robox_ws/install/moveit_core/include/moveit_core/moveit/online_signal_smoothing/butterworth_filter.hpp
[0.879s] -- Up-to-date symlink: /home/saber/robox_ws/install/moveit_core/include/moveit_core/moveit/online_signal_smoothing/ruckig_filter.h
[0.879s] -- Up-to-date symlink: /home/saber/robox_ws/install/moveit_core/include/moveit_core/moveit/online_signal_smoothing/ruckig_filter.hpp
[0.879s] -- Up-to-date symlink: /home/saber/robox_ws/install/moveit_core/include/moveit_core/moveit/online_signal_smoothing/smoothing_base_class.h
[0.879s] -- Up-to-date symlink: /home/saber/robox_ws/install/moveit_core/include/moveit_core/moveit/online_signal_smoothing/smoothing_base_class.hpp
[0.879s] -- Up-to-date symlink: /home/saber/robox_ws/install/moveit_core/include/moveit_core/moveit_smoothing_base_export.h
[0.879s] -- Up-to-date symlink: /home/saber/robox_ws/install/moveit_core/include/moveit_core/moveit_acceleration_filter_export.h
[0.880s] -- Up-to-date symlink: /home/saber/robox_ws/install/moveit_core/include/moveit_core/moveit_butterworth_filter_export.h
[0.880s] -- Up-to-date symlink: /home/saber/robox_ws/install/moveit_core/include/moveit_core/moveit_ruckig_filter_export.h
[0.880s] -- Up-to-date symlink: /home/saber/robox_ws/install/moveit_core/include/moveit_core/moveit/planning_interface/planning_interface.h
[0.880s] -- Up-to-date symlink: /home/saber/robox_ws/install/moveit_core/include/moveit_core/moveit/planning_interface/planning_interface.hpp
[0.881s] -- Up-to-date symlink: /home/saber/robox_ws/install/moveit_core/include/moveit_core/moveit/planning_interface/planning_request.h
[0.881s] -- Up-to-date symlink: /home/saber/robox_ws/install/moveit_core/include/moveit_core/moveit/planning_interface/planning_request.hpp
[0.881s] -- Up-to-date symlink: /home/saber/robox_ws/install/moveit_core/include/moveit_core/moveit/planning_interface/planning_request_adapter.h
[0.881s] -- Up-to-date symlink: /home/saber/robox_ws/install/moveit_core/include/moveit_core/moveit/planning_interface/planning_request_adapter.hpp
[0.881s] -- Up-to-date symlink: /home/saber/robox_ws/install/moveit_core/include/moveit_core/moveit/planning_interface/planning_response.h
[0.881s] -- Up-to-date symlink: /home/saber/robox_ws/install/moveit_core/include/moveit_core/moveit/planning_interface/planning_response.hpp
[0.881s] -- Up-to-date symlink: /home/saber/robox_ws/install/moveit_core/include/moveit_core/moveit/planning_interface/planning_response_adapter.h
[0.881s] -- Up-to-date symlink: /home/saber/robox_ws/install/moveit_core/include/moveit_core/moveit/planning_interface/planning_response_adapter.hpp
[0.882s] -- Up-to-date symlink: /home/saber/robox_ws/install/moveit_core/include/moveit_core/moveit/planning_scene/planning_scene.h
[0.882s] -- Up-to-date symlink: /home/saber/robox_ws/install/moveit_core/include/moveit_core/moveit/planning_scene/planning_scene.hpp
[0.882s] -- Up-to-date symlink: /home/saber/robox_ws/install/moveit_core/include/moveit_core/moveit_planning_scene_export.h
[0.882s] -- Up-to-date symlink: /home/saber/robox_ws/install/moveit_core/include/moveit_core/moveit/robot_model/aabb.h
[0.882s] -- Up-to-date symlink: /home/saber/robox_ws/install/moveit_core/include/moveit_core/moveit/robot_model/aabb.hpp
[0.882s] -- Up-to-date symlink: /home/saber/robox_ws/install/moveit_core/include/moveit_core/moveit/robot_model/fixed_joint_model.h
[0.883s] -- Up-to-date symlink: /home/saber/robox_ws/install/moveit_core/include/moveit_core/moveit/robot_model/fixed_joint_model.hpp
[0.883s] -- Up-to-date symlink: /home/saber/robox_ws/install/moveit_core/include/moveit_core/moveit/robot_model/floating_joint_model.h
[0.883s] -- Up-to-date symlink: /home/saber/robox_ws/install/moveit_core/include/moveit_core/moveit/robot_model/floating_joint_model.hpp
[0.883s] -- Up-to-date symlink: /home/saber/robox_ws/install/moveit_core/include/moveit_core/moveit/robot_model/joint_model.h
[0.883s] -- Up-to-date symlink: /home/saber/robox_ws/install/moveit_core/include/moveit_core/moveit/robot_model/joint_model.hpp
[0.883s] -- Up-to-date symlink: /home/saber/robox_ws/install/moveit_core/include/moveit_core/moveit/robot_model/joint_model_group.h
[0.883s] -- Up-to-date symlink: /home/saber/robox_ws/install/moveit_core/include/moveit_core/moveit/robot_model/joint_model_group.hpp
[0.883s] -- Up-to-date symlink: /home/saber/robox_ws/install/moveit_core/include/moveit_core/moveit/robot_model/link_model.h
[0.883s] -- Up-to-date symlink: /home/saber/robox_ws/install/moveit_core/include/moveit_core/moveit/robot_model/link_model.hpp
[0.884s] -- Up-to-date symlink: /home/saber/robox_ws/install/moveit_core/include/moveit_core/moveit/robot_model/planar_joint_model.h
[0.884s] -- Up-to-date symlink: /home/saber/robox_ws/install/moveit_core/include/moveit_core/moveit/robot_model/planar_joint_model.hpp
[0.884s] -- Up-to-date symlink: /home/saber/robox_ws/install/moveit_core/include/moveit_core/moveit/robot_model/prismatic_joint_model.h
[0.884s] -- Up-to-date symlink: /home/saber/robox_ws/install/moveit_core/include/moveit_core/moveit/robot_model/prismatic_joint_model.hpp
[0.884s] -- Up-to-date symlink: /home/saber/robox_ws/install/moveit_core/include/moveit_core/moveit/robot_model/revolute_joint_model.h
[0.884s] -- Up-to-date symlink: /home/saber/robox_ws/install/moveit_core/include/moveit_core/moveit/robot_model/revolute_joint_model.hpp
[0.884s] -- Up-to-date symlink: /home/saber/robox_ws/install/moveit_core/include/moveit_core/moveit/robot_model/robot_model.h
[0.884s] -- Up-to-date symlink: /home/saber/robox_ws/install/moveit_core/include/moveit_core/moveit/robot_model/robot_model.hpp
[0.885s] -- Up-to-date symlink: /home/saber/robox_ws/install/moveit_core/include/moveit_core/moveit/robot_state/attached_body.h
[0.885s] -- Up-to-date symlink: /home/saber/robox_ws/install/moveit_core/include/moveit_core/moveit/robot_state/attached_body.hpp
[0.885s] -- Up-to-date symlink: /home/saber/robox_ws/install/moveit_core/include/moveit_core/moveit/robot_state/cartesian_interpolator.h
[0.885s] -- Up-to-date symlink: /home/saber/robox_ws/install/moveit_core/include/moveit_core/moveit/robot_state/cartesian_interpolator.hpp
[0.885s] -- Up-to-date symlink: /home/saber/robox_ws/install/moveit_core/include/moveit_core/moveit/robot_state/conversions.h
[0.885s] -- Up-to-date symlink: /home/saber/robox_ws/install/moveit_core/include/moveit_core/moveit/robot_state/conversions.hpp
[0.885s] -- Up-to-date symlink: /home/saber/robox_ws/install/moveit_core/include/moveit_core/moveit/robot_state/robot_state.h
[0.885s] -- Up-to-date symlink: /home/saber/robox_ws/install/moveit_core/include/moveit_core/moveit/robot_state/robot_state.hpp
[0.886s] -- Up-to-date symlink: /home/saber/robox_ws/install/moveit_core/include/moveit_core/moveit/robot_trajectory/robot_trajectory.h
[0.886s] -- Up-to-date symlink: /home/saber/robox_ws/install/moveit_core/include/moveit_core/moveit/robot_trajectory/robot_trajectory.hpp
[0.887s] -- Up-to-date symlink: /home/saber/robox_ws/install/moveit_core/include/moveit_core/moveit/trajectory_processing/ruckig_traj_smoothing.h
[0.887s] -- Up-to-date symlink: /home/saber/robox_ws/install/moveit_core/include/moveit_core/moveit/trajectory_processing/ruckig_traj_smoothing.hpp
[0.887s] -- Up-to-date symlink: /home/saber/robox_ws/install/moveit_core/include/moveit_core/moveit/trajectory_processing/time_optimal_trajectory_generation.h
[0.887s] -- Up-to-date symlink: /home/saber/robox_ws/install/moveit_core/include/moveit_core/moveit/trajectory_processing/time_optimal_trajectory_generation.hpp
[0.887s] -- Up-to-date symlink: /home/saber/robox_ws/install/moveit_core/include/moveit_core/moveit/trajectory_processing/time_parameterization.h
[0.887s] -- Up-to-date symlink: /home/saber/robox_ws/install/moveit_core/include/moveit_core/moveit/trajectory_processing/time_parameterization.hpp
[0.887s] -- Up-to-date symlink: /home/saber/robox_ws/install/moveit_core/include/moveit_core/moveit/trajectory_processing/trajectory_tools.h
[0.887s] -- Up-to-date symlink: /home/saber/robox_ws/install/moveit_core/include/moveit_core/moveit/trajectory_processing/trajectory_tools.hpp
[0.888s] -- Up-to-date symlink: /home/saber/robox_ws/install/moveit_core/include/moveit_core/moveit/transforms/transforms.h
[0.888s] -- Up-to-date symlink: /home/saber/robox_ws/install/moveit_core/include/moveit_core/moveit/transforms/transforms.hpp
[0.888s] -- Up-to-date symlink: /home/saber/robox_ws/install/moveit_core/include/moveit_core/moveit/utils/eigen_test_utils.h
[0.888s] -- Up-to-date symlink: /home/saber/robox_ws/install/moveit_core/include/moveit_core/moveit/utils/eigen_test_utils.hpp
[0.888s] -- Up-to-date symlink: /home/saber/robox_ws/install/moveit_core/include/moveit_core/moveit/utils/lexical_casts.h
[0.888s] -- Up-to-date symlink: /home/saber/robox_ws/install/moveit_core/include/moveit_core/moveit/utils/lexical_casts.hpp
[0.889s] -- Up-to-date symlink: /home/saber/robox_ws/install/moveit_core/include/moveit_core/moveit/utils/logger.h
[0.889s] -- Up-to-date symlink: /home/saber/robox_ws/install/moveit_core/include/moveit_core/moveit/utils/logger.hpp
[0.889s] -- Up-to-date symlink: /home/saber/robox_ws/install/moveit_core/include/moveit_core/moveit/utils/message_checks.h
[0.889s] -- Up-to-date symlink: /home/saber/robox_ws/install/moveit_core/include/moveit_core/moveit/utils/message_checks.hpp
[0.889s] -- Up-to-date symlink: /home/saber/robox_ws/install/moveit_core/include/moveit_core/moveit/utils/moveit_error_code.h
[0.889s] -- Up-to-date symlink: /home/saber/robox_ws/install/moveit_core/include/moveit_core/moveit/utils/moveit_error_code.hpp
[0.889s] -- Up-to-date symlink: /home/saber/robox_ws/install/moveit_core/include/moveit_core/moveit/utils/rclcpp_utils.h
[0.889s] -- Up-to-date symlink: /home/saber/robox_ws/install/moveit_core/include/moveit_core/moveit/utils/rclcpp_utils.hpp
[0.889s] -- Up-to-date symlink: /home/saber/robox_ws/install/moveit_core/include/moveit_core/moveit/utils/robot_model_test_utils.h
[0.890s] -- Up-to-date symlink: /home/saber/robox_ws/install/moveit_core/include/moveit_core/moveit/utils/robot_model_test_utils.hpp
[0.890s] -- Up-to-date symlink: /home/saber/robox_ws/install/moveit_core/lib/moveit_core/logger_dut
[0.890s] -- Up-to-date symlink: /home/saber/robox_ws/install/moveit_core/include/moveit_core/moveit/version.hpp
[0.890s] -- Up-to-date symlink: /home/saber/robox_ws/install/moveit_core/bin/moveit_version
[0.890s] -- Up-to-date symlink: /home/saber/robox_ws/install/moveit_core/share/moveit_core/environment/library_path.sh
[0.891s] -- Up-to-date symlink: /home/saber/robox_ws/install/moveit_core/share/moveit_core/environment/library_path.dsv
[0.891s] -- Up-to-date symlink: /home/saber/robox_ws/install/moveit_core/share/moveit_core//collision_detector_fcl_description.xml
[0.891s] -- Up-to-date symlink: /home/saber/robox_ws/install/moveit_core/share/moveit_core//collision_detector_bullet_description.xml
[0.891s] -- Up-to-date symlink: /home/saber/robox_ws/install/moveit_core/share/moveit_core//filter_plugin_acceleration.xml
[0.891s] -- Up-to-date symlink: /home/saber/robox_ws/install/moveit_core/share/moveit_core//filter_plugin_butterworth.xml
[0.891s] -- Up-to-date symlink: /home/saber/robox_ws/install/moveit_core/share/moveit_core//filter_plugin_ruckig.xml
[0.891s] -- Up-to-date symlink: /home/saber/robox_ws/install/moveit_core/share/ament_index/resource_index/package_run_dependencies/moveit_core
[0.892s] -- Up-to-date symlink: /home/saber/robox_ws/install/moveit_core/share/ament_index/resource_index/parent_prefix_path/moveit_core
[0.892s] -- Up-to-date symlink: /home/saber/robox_ws/install/moveit_core/share/moveit_core/environment/ament_prefix_path.sh
[0.892s] -- Up-to-date symlink: /home/saber/robox_ws/install/moveit_core/share/moveit_core/environment/ament_prefix_path.dsv
[0.892s] -- Up-to-date symlink: /home/saber/robox_ws/install/moveit_core/share/moveit_core/environment/path.sh
[0.892s] -- Up-to-date symlink: /home/saber/robox_ws/install/moveit_core/share/moveit_core/environment/path.dsv
[0.892s] -- Up-to-date symlink: /home/saber/robox_ws/install/moveit_core/share/moveit_core/local_setup.bash
[0.892s] -- Up-to-date symlink: /home/saber/robox_ws/install/moveit_core/share/moveit_core/local_setup.sh
[0.892s] -- Up-to-date symlink: /home/saber/robox_ws/install/moveit_core/share/moveit_core/local_setup.zsh
[0.893s] -- Up-to-date symlink: /home/saber/robox_ws/install/moveit_core/share/moveit_core/local_setup.dsv
[0.893s] -- Symlinking: /home/saber/robox_ws/install/moveit_core/share/moveit_core/package.dsv
[0.910s] -- Up-to-date symlink: /home/saber/robox_ws/install/moveit_core/share/ament_index/resource_index/packages/moveit_core
[0.910s] -- Up-to-date symlink: /home/saber/robox_ws/install/moveit_core/share/ament_index/resource_index/moveit_core__pluginlib__plugin/moveit_core
[0.910s] -- Up-to-date symlink: /home/saber/robox_ws/install/moveit_core/share/moveit_core/cmake/ConfigExtras.cmake
[0.911s] -- Up-to-date symlink: /home/saber/robox_ws/install/moveit_core/share/moveit_core/cmake/ament_cmake_export_targets-extras.cmake
[0.911s] -- Up-to-date symlink: /home/saber/robox_ws/install/moveit_core/share/moveit_core/cmake/ament_cmake_export_dependencies-extras.cmake
[0.911s] -- Up-to-date symlink: /home/saber/robox_ws/install/moveit_core/share/moveit_core/cmake/moveit_coreConfig.cmake
[0.911s] -- Up-to-date symlink: /home/saber/robox_ws/install/moveit_core/share/moveit_core/cmake/moveit_coreConfig-version.cmake
[0.911s] -- Up-to-date symlink: /home/saber/robox_ws/install/moveit_core/share/moveit_core/package.xml
[0.917s] -- Up-to-date: /home/saber/robox_ws/install/moveit_core/lib/libmoveit_collision_detection.so.2.12.3
[0.918s] -- Up-to-date: /home/saber/robox_ws/install/moveit_core/lib/libmoveit_collision_detection.so
[0.918s] -- Up-to-date: /home/saber/robox_ws/install/moveit_core/lib/libmoveit_collision_detection_bullet.so.2.12.3
[0.918s] -- Up-to-date: /home/saber/robox_ws/install/moveit_core/lib/libmoveit_collision_detection_bullet.so
[0.918s] -- Up-to-date: /home/saber/robox_ws/install/moveit_core/lib/libmoveit_collision_detection_fcl.so.2.12.3
[0.918s] -- Up-to-date: /home/saber/robox_ws/install/moveit_core/lib/libmoveit_collision_detection_fcl.so
[0.919s] -- Up-to-date: /home/saber/robox_ws/install/moveit_core/lib/libmoveit_collision_distance_field.so.2.12.3
[0.919s] -- Up-to-date: /home/saber/robox_ws/install/moveit_core/lib/libmoveit_collision_distance_field.so
[0.919s] -- Up-to-date: /home/saber/robox_ws/install/moveit_core/lib/libmoveit_constraint_samplers.so.2.12.3
[0.920s] -- Up-to-date: /home/saber/robox_ws/install/moveit_core/lib/libmoveit_constraint_samplers.so
[0.920s] -- Up-to-date: /home/saber/robox_ws/install/moveit_core/lib/libmoveit_distance_field.so.2.12.3
[0.920s] -- Up-to-date: /home/saber/robox_ws/install/moveit_core/lib/libmoveit_distance_field.so
[0.921s] -- Up-to-date: /home/saber/robox_ws/install/moveit_core/lib/libmoveit_dynamics_solver.so.2.12.3
[0.921s] -- Up-to-date: /home/saber/robox_ws/install/moveit_core/lib/libmoveit_dynamics_solver.so
[0.921s] -- Up-to-date: /home/saber/robox_ws/install/moveit_core/lib/libmoveit_exceptions.so.2.12.3
[0.921s] -- Up-to-date: /home/saber/robox_ws/install/moveit_core/lib/libmoveit_exceptions.so
[0.922s] -- Up-to-date: /home/saber/robox_ws/install/moveit_core/lib/libmoveit_kinematic_constraints.so.2.12.3
[0.922s] -- Up-to-date: /home/saber/robox_ws/install/moveit_core/lib/libmoveit_kinematic_constraints.so
[0.922s] -- Up-to-date: /home/saber/robox_ws/install/moveit_core/lib/libmoveit_kinematics_base.so
[0.923s] -- Up-to-date: /home/saber/robox_ws/install/moveit_core/lib/libmoveit_kinematics_metrics.so.2.12.3
[0.923s] -- Up-to-date: /home/saber/robox_ws/install/moveit_core/lib/libmoveit_kinematics_metrics.so
[0.923s] -- Up-to-date: /home/saber/robox_ws/install/moveit_core/lib/libmoveit_planning_interface.so.2.12.3
[0.924s] -- Up-to-date: /home/saber/robox_ws/install/moveit_core/lib/libmoveit_planning_interface.so
[0.924s] -- Up-to-date: /home/saber/robox_ws/install/moveit_core/lib/libmoveit_planning_scene.so.2.12.3
[0.924s] -- Up-to-date: /home/saber/robox_ws/install/moveit_core/lib/libmoveit_planning_scene.so
[0.925s] -- Up-to-date: /home/saber/robox_ws/install/moveit_core/lib/libmoveit_robot_model.so.2.12.3
[0.925s] -- Up-to-date: /home/saber/robox_ws/install/moveit_core/lib/libmoveit_robot_model.so
[0.925s] -- Up-to-date: /home/saber/robox_ws/install/moveit_core/lib/libmoveit_robot_state.so.2.12.3
[0.925s] -- Up-to-date: /home/saber/robox_ws/install/moveit_core/lib/libmoveit_robot_state.so
[0.926s] -- Up-to-date: /home/saber/robox_ws/install/moveit_core/lib/libmoveit_robot_trajectory.so.2.12.3
[0.926s] -- Up-to-date: /home/saber/robox_ws/install/moveit_core/lib/libmoveit_robot_trajectory.so
[0.926s] -- Up-to-date: /home/saber/robox_ws/install/moveit_core/lib/libmoveit_smoothing_base.so.2.12.3
[0.926s] -- Up-to-date: /home/saber/robox_ws/install/moveit_core/lib/libmoveit_smoothing_base.so
[0.927s] -- Up-to-date: /home/saber/robox_ws/install/moveit_core/lib/libmoveit_test_utils.so.2.12.3
[0.927s] -- Up-to-date: /home/saber/robox_ws/install/moveit_core/lib/libmoveit_test_utils.so
[0.927s] -- Up-to-date: /home/saber/robox_ws/install/moveit_core/lib/libmoveit_trajectory_processing.so.2.12.3
[0.927s] -- Up-to-date: /home/saber/robox_ws/install/moveit_core/lib/libmoveit_trajectory_processing.so
[0.927s] -- Up-to-date: /home/saber/robox_ws/install/moveit_core/lib/libmoveit_transforms.so.2.12.3
[0.928s] -- Up-to-date: /home/saber/robox_ws/install/moveit_core/lib/libmoveit_transforms.so
[0.928s] -- Up-to-date: /home/saber/robox_ws/install/moveit_core/lib/libmoveit_utils.so.2.12.3
[0.928s] -- Up-to-date: /home/saber/robox_ws/install/moveit_core/lib/libmoveit_utils.so
[0.928s] -- Up-to-date: /home/saber/robox_ws/install/moveit_core/lib/libcollision_detector_bullet_plugin.so.2.12.3
[0.929s] -- Up-to-date: /home/saber/robox_ws/install/moveit_core/lib/libcollision_detector_bullet_plugin.so
[0.929s] -- Up-to-date: /home/saber/robox_ws/install/moveit_core/lib/libcollision_detector_fcl_plugin.so.2.12.3
[0.929s] -- Up-to-date: /home/saber/robox_ws/install/moveit_core/lib/libcollision_detector_fcl_plugin.so
[0.929s] -- Up-to-date: /home/saber/robox_ws/install/moveit_core/lib/libmoveit_acceleration_filter.so.2.12.3
[0.929s] -- Up-to-date: /home/saber/robox_ws/install/moveit_core/lib/libmoveit_acceleration_filter.so
[0.930s] -- Up-to-date: /home/saber/robox_ws/install/moveit_core/lib/libmoveit_butterworth_filter.so.2.12.3
[0.930s] -- Up-to-date: /home/saber/robox_ws/install/moveit_core/lib/libmoveit_butterworth_filter.so
[0.930s] -- Up-to-date: /home/saber/robox_ws/install/moveit_core/lib/libmoveit_ruckig_filter.so.2.12.3
[0.931s] -- Up-to-date: /home/saber/robox_ws/install/moveit_core/lib/libmoveit_ruckig_filter.so
[0.931s] -- Up-to-date: /home/saber/robox_ws/install/moveit_core/share/moveit_core/cmake/moveit_coreTargetsExport.cmake
[0.931s] -- Up-to-date: /home/saber/robox_ws/install/moveit_core/share/moveit_core/cmake/moveit_coreTargetsExport-release.cmake
[0.934s] Invoked command in '/home/saber/robox_ws/build/moveit_core' returned '0': CMAKE_PREFIX_PATH=/home/saber/robox_ws/install/moveit_common:/home/saber/robox_ws/install/robotic_arm_moveit_config:/home/saber/robox_ws/install/pilz_industrial_motion_planner_testutils:/home/saber/robox_ws/install/moveit_runtime:/home/saber/robox_ws/install/moveit:/home/saber/robox_ws/install/moveit_planners:/home/saber/robox_ws/install/pilz_industrial_motion_planner:/home/saber/robox_ws/install/moveit_ros_control_interface:/home/saber/robox_ws/install/moveit_plugins:/home/saber/robox_ws/install/moveit_simple_controller_manager:/home/saber/robox_ws/install/moveit_setup_assistant:/home/saber/robox_ws/install/moveit_setup_srdf_plugins:/home/saber/robox_ws/install/moveit_setup_core_plugins:/home/saber/robox_ws/install/moveit_setup_controllers:/home/saber/robox_ws/install/moveit_setup_app_plugins:/home/saber/robox_ws/install/moveit_setup_framework:/home/saber/robox_ws/install/moveit_servo:/home/saber/robox_ws/install/moveit_ros_trajectory_cache:/home/saber/robox_ws/install/moveit_ros:/home/saber/robox_ws/install/arm_description:/home/saber/robox_ws/install/moveit_ros_visualization:/home/saber/robox_ws/install/moveit_py:/home/saber/robox_ws/install/moveit_hybrid_planning:/home/saber/robox_ws/install/moveit_ros_planning_interface:/home/saber/robox_ws/install/moveit_ros_benchmarks:/home/saber/robox_ws/install/moveit_ros_warehouse:/home/saber/robox_ws/install/moveit_ros_robot_interaction:/home/saber/robox_ws/install/moveit_ros_perception:/home/saber/robox_ws/install/moveit_resources_prbt_pg70_support:/home/saber/robox_ws/install/moveit_resources_prbt_moveit_config:/home/saber/robox_ws/install/moveit_ros_move_group:/home/saber/robox_ws/install/moveit_planners_ompl:/home/saber/robox_ws/install/moveit_kinematics:/home/saber/robox_ws/install/moveit_ros_planning:/home/saber/robox_ws/install/moveit_ros_occupancy_map_monitor:/home/saber/robox_ws/install/moveit_resources_prbt_support:/home/saber/robox_ws/install/moveit_resources_prbt_ikfast_manipulator_plugin:/home/saber/robox_ws/install/moveit_planners_stomp:/home/saber/robox_ws/install/moveit_planners_chomp:/home/saber/robox_ws/install/chomp_motion_planner:/home/saber/robox_ws/install/moveit_core:/home/saber/robox_ws/install/arm_moveit:/home/saber/arduinobot_ws/install/controller:/home/saber/arduinobot_ws/install/arm_description:/home/saber/arduinobot_ws/install/arduinobot_cpp_examples:/opt/ros/jazzy/opt/gz_sim_vendor:/opt/ros/jazzy/opt/gz_sensors_vendor:/opt/ros/jazzy/opt/gz_physics_vendor:/opt/ros/jazzy/opt/sdformat_vendor:/opt/ros/jazzy/opt/gz_gui_vendor:/opt/ros/jazzy/opt/gz_transport_vendor:/opt/ros/jazzy/opt/gz_rendering_vendor:/opt/ros/jazzy/opt/gz_plugin_vendor:/opt/ros/jazzy/opt/gz_fuel_tools_vendor:/opt/ros/jazzy/opt/gz_msgs_vendor:/opt/ros/jazzy/opt/gz_common_vendor:/opt/ros/jazzy/opt/gz_math_vendor:/opt/ros/jazzy/opt/gz_utils_vendor:/opt/ros/jazzy/opt/gz_tools_vendor:/opt/ros/jazzy/opt/gz_ogre_next_vendor:/opt/ros/jazzy/opt/gz_dartsim_vendor:/opt/ros/jazzy/opt/gz_cmake_vendor:/home/saber/robox_ws/install/arduinobot_py_examples:/home/saber/robox_ws/install/moveit_configs_utils:/home/saber/arduinobot_ws/install/arduinobot_py_examples:/opt/ros/jazzy DEBUGINFOD_URLS=https://debuginfod.ubuntu.com /usr/bin/cmake --install /home/saber/robox_ws/build/moveit_core
