[0.059s] Invoking command in '/home/saber/robox_ws/build/moveit_resources_panda_description': CMAKE_PREFIX_PATH=${CMAKE_PREFIX_PATH}:/home/saber/robox_ws/install/arduinobot_py_examples:/home/saber/robox_ws/install/moveit_configs_utils:/home/saber/arduinobot_ws/install/arduinobot_py_examples:/opt/ros/jazzy DEBUGINFOD_URLS=https://debuginfod.ubuntu.com /usr/bin/cmake /home/saber/robox_ws/src/moveit2/moveit_resources/panda_description -DCMAKE_INSTALL_PREFIX=/home/saber/robox_ws/install/moveit_resources_panda_description
[0.337s] -- Found ament_cmake: 2.5.4 (/opt/ros/jazzy/share/ament_cmake/cmake)
[0.585s] -- Configuring done (0.5s)
[0.606s] -- Generating done (0.0s)
[0.609s] -- Build files have been written to: /home/saber/robox_ws/build/moveit_resources_panda_description
[0.614s] Invoked command in '/home/saber/robox_ws/build/moveit_resources_panda_description' returned '0': CMAKE_PREFIX_PATH=${CMAKE_PREFIX_PATH}:/home/saber/robox_ws/install/arduinobot_py_examples:/home/saber/robox_ws/install/moveit_configs_utils:/home/saber/arduinobot_ws/install/arduinobot_py_examples:/opt/ros/jazzy DEBUGINFOD_URLS=https://debuginfod.ubuntu.com /usr/bin/cmake /home/saber/robox_ws/src/moveit2/moveit_resources/panda_description -DCMAKE_INSTALL_PREFIX=/home/saber/robox_ws/install/moveit_resources_panda_description
[0.615s] Invoking command in '/home/saber/robox_ws/build/moveit_resources_panda_description': CMAKE_PREFIX_PATH=${CMAKE_PREFIX_PATH}:/home/saber/robox_ws/install/arduinobot_py_examples:/home/saber/robox_ws/install/moveit_configs_utils:/home/saber/arduinobot_ws/install/arduinobot_py_examples:/opt/ros/jazzy DEBUGINFOD_URLS=https://debuginfod.ubuntu.com /usr/bin/cmake --build /home/saber/robox_ws/build/moveit_resources_panda_description -- -j16 -l16
[0.683s] Invoked command in '/home/saber/robox_ws/build/moveit_resources_panda_description' returned '0': CMAKE_PREFIX_PATH=${CMAKE_PREFIX_PATH}:/home/saber/robox_ws/install/arduinobot_py_examples:/home/saber/robox_ws/install/moveit_configs_utils:/home/saber/arduinobot_ws/install/arduinobot_py_examples:/opt/ros/jazzy DEBUGINFOD_URLS=https://debuginfod.ubuntu.com /usr/bin/cmake --build /home/saber/robox_ws/build/moveit_resources_panda_description -- -j16 -l16
[0.684s] Invoking command in '/home/saber/robox_ws/build/moveit_resources_panda_description': CMAKE_PREFIX_PATH=${CMAKE_PREFIX_PATH}:/home/saber/robox_ws/install/arduinobot_py_examples:/home/saber/robox_ws/install/moveit_configs_utils:/home/saber/arduinobot_ws/install/arduinobot_py_examples:/opt/ros/jazzy DEBUGINFOD_URLS=https://debuginfod.ubuntu.com /usr/bin/cmake --install /home/saber/robox_ws/build/moveit_resources_panda_description
[0.699s] -- Install configuration: "Release"
[0.699s] -- Up-to-date: /home/saber/robox_ws/install/moveit_resources_panda_description/share/ament_index/resource_index/package_run_dependencies/moveit_resources_panda_description
[0.699s] -- Up-to-date: /home/saber/robox_ws/install/moveit_resources_panda_description/share/ament_index/resource_index/parent_prefix_path/moveit_resources_panda_description
[0.699s] -- Up-to-date: /home/saber/robox_ws/install/moveit_resources_panda_description/share/moveit_resources_panda_description/environment/ament_prefix_path.sh
[0.699s] -- Up-to-date: /home/saber/robox_ws/install/moveit_resources_panda_description/share/moveit_resources_panda_description/environment/ament_prefix_path.dsv
[0.699s] -- Up-to-date: /home/saber/robox_ws/install/moveit_resources_panda_description/share/moveit_resources_panda_description/environment/path.sh
[0.699s] -- Up-to-date: /home/saber/robox_ws/install/moveit_resources_panda_description/share/moveit_resources_panda_description/environment/path.dsv
[0.700s] -- Up-to-date: /home/saber/robox_ws/install/moveit_resources_panda_description/share/moveit_resources_panda_description/local_setup.bash
[0.700s] -- Up-to-date: /home/saber/robox_ws/install/moveit_resources_panda_description/share/moveit_resources_panda_description/local_setup.sh
[0.700s] -- Up-to-date: /home/saber/robox_ws/install/moveit_resources_panda_description/share/moveit_resources_panda_description/local_setup.zsh
[0.700s] -- Up-to-date: /home/saber/robox_ws/install/moveit_resources_panda_description/share/moveit_resources_panda_description/local_setup.dsv
[0.700s] -- Installing: /home/saber/robox_ws/install/moveit_resources_panda_description/share/moveit_resources_panda_description/package.dsv
[0.700s] -- Up-to-date: /home/saber/robox_ws/install/moveit_resources_panda_description/share/ament_index/resource_index/packages/moveit_resources_panda_description
[0.700s] -- Up-to-date: /home/saber/robox_ws/install/moveit_resources_panda_description/share/moveit_resources_panda_description/cmake/moveit_resources_panda_descriptionConfig.cmake
[0.700s] -- Up-to-date: /home/saber/robox_ws/install/moveit_resources_panda_description/share/moveit_resources_panda_description/cmake/moveit_resources_panda_descriptionConfig-version.cmake
[0.700s] -- Up-to-date: /home/saber/robox_ws/install/moveit_resources_panda_description/share/moveit_resources_panda_description/package.xml
[0.700s] -- Up-to-date: /home/saber/robox_ws/install/moveit_resources_panda_description/share/moveit_resources_panda_description/meshes
[0.700s] -- Up-to-date: /home/saber/robox_ws/install/moveit_resources_panda_description/share/moveit_resources_panda_description/meshes/visual
[0.700s] -- Up-to-date: /home/saber/robox_ws/install/moveit_resources_panda_description/share/moveit_resources_panda_description/meshes/visual/link3.dae
[0.700s] -- Up-to-date: /home/saber/robox_ws/install/moveit_resources_panda_description/share/moveit_resources_panda_description/meshes/visual/link6.dae
[0.701s] -- Up-to-date: /home/saber/robox_ws/install/moveit_resources_panda_description/share/moveit_resources_panda_description/meshes/visual/link0.dae
[0.701s] -- Up-to-date: /home/saber/robox_ws/install/moveit_resources_panda_description/share/moveit_resources_panda_description/meshes/visual/link2.dae
[0.701s] -- Up-to-date: /home/saber/robox_ws/install/moveit_resources_panda_description/share/moveit_resources_panda_description/meshes/visual/link5.dae
[0.701s] -- Up-to-date: /home/saber/robox_ws/install/moveit_resources_panda_description/share/moveit_resources_panda_description/meshes/visual/link1.dae
[0.701s] -- Up-to-date: /home/saber/robox_ws/install/moveit_resources_panda_description/share/moveit_resources_panda_description/meshes/visual/hand.dae
[0.701s] -- Up-to-date: /home/saber/robox_ws/install/moveit_resources_panda_description/share/moveit_resources_panda_description/meshes/visual/link4.dae
[0.701s] -- Up-to-date: /home/saber/robox_ws/install/moveit_resources_panda_description/share/moveit_resources_panda_description/meshes/visual/finger.dae
[0.701s] -- Up-to-date: /home/saber/robox_ws/install/moveit_resources_panda_description/share/moveit_resources_panda_description/meshes/visual/link7.dae
[0.701s] -- Up-to-date: /home/saber/robox_ws/install/moveit_resources_panda_description/share/moveit_resources_panda_description/meshes/collision
[0.701s] -- Up-to-date: /home/saber/robox_ws/install/moveit_resources_panda_description/share/moveit_resources_panda_description/meshes/collision/link3.stl
[0.701s] -- Up-to-date: /home/saber/robox_ws/install/moveit_resources_panda_description/share/moveit_resources_panda_description/meshes/collision/link0.stl
[0.701s] -- Up-to-date: /home/saber/robox_ws/install/moveit_resources_panda_description/share/moveit_resources_panda_description/meshes/collision/link5.stl
[0.702s] -- Up-to-date: /home/saber/robox_ws/install/moveit_resources_panda_description/share/moveit_resources_panda_description/meshes/collision/hand.stl
[0.702s] -- Up-to-date: /home/saber/robox_ws/install/moveit_resources_panda_description/share/moveit_resources_panda_description/meshes/collision/link4.stl
[0.702s] -- Up-to-date: /home/saber/robox_ws/install/moveit_resources_panda_description/share/moveit_resources_panda_description/meshes/collision/finger.stl
[0.702s] -- Up-to-date: /home/saber/robox_ws/install/moveit_resources_panda_description/share/moveit_resources_panda_description/meshes/collision/link2.stl
[0.702s] -- Up-to-date: /home/saber/robox_ws/install/moveit_resources_panda_description/share/moveit_resources_panda_description/meshes/collision/link6.stl
[0.702s] -- Up-to-date: /home/saber/robox_ws/install/moveit_resources_panda_description/share/moveit_resources_panda_description/meshes/collision/link7.stl
[0.702s] -- Up-to-date: /home/saber/robox_ws/install/moveit_resources_panda_description/share/moveit_resources_panda_description/meshes/collision/link1.stl
[0.702s] -- Up-to-date: /home/saber/robox_ws/install/moveit_resources_panda_description/share/moveit_resources_panda_description/urdf
[0.702s] -- Up-to-date: /home/saber/robox_ws/install/moveit_resources_panda_description/share/moveit_resources_panda_description/urdf/panda.urdf
[0.702s] -- Up-to-date: /home/saber/robox_ws/install/moveit_resources_panda_description/share/moveit_resources_panda_description/urdf/panda.urdf.xacro
[0.704s] Invoked command in '/home/saber/robox_ws/build/moveit_resources_panda_description' returned '0': CMAKE_PREFIX_PATH=${CMAKE_PREFIX_PATH}:/home/saber/robox_ws/install/arduinobot_py_examples:/home/saber/robox_ws/install/moveit_configs_utils:/home/saber/arduinobot_ws/install/arduinobot_py_examples:/opt/ros/jazzy DEBUGINFOD_URLS=https://debuginfod.ubuntu.com /usr/bin/cmake --install /home/saber/robox_ws/build/moveit_resources_panda_description
