-- The CXX compiler identification is GNU 13.3.0
-- Detecting CXX compiler ABI info
-- Detecting CXX compiler ABI info - done
-- Check for working CXX compiler: /usr/bin/c++ - skipped
-- Detecting CXX compile features
-- Detecting CXX compile features - done
-- Found moveit_common: 2.12.3 (/home/saber/robox_ws/install/moveit_common/share/moveit_common/cmake)
-- Found ament_cmake: 2.5.4 (/opt/ros/jazzy/share/ament_cmake/cmake)
-- Found Python3: /usr/bin/python3 (found version "3.12.3") found components: Interpreter 
-- Override CMake install command with custom implementation using symlinks instead of copying resources
-- Found Boost: /usr/lib/x86_64-linux-gnu/cmake/Boost-1.83.0/BoostConfig.cmake (found version "1.83.0") found components: system filesystem date_time thread serialization 
-- Found moveit_core: 2.12.3 (/home/saber/robox_ws/install/moveit_core/share/moveit_core/cmake)
-- Found Boost: /usr/lib/x86_64-linux-gnu/cmake/Boost-1.83.0/BoostConfig.cmake (found version "1.83.0") found components: chrono date_time filesystem iostreams program_options regex serialization system thread 
-- Found parameter_traits: 0.4.0 (/opt/ros/jazzy/share/parameter_traits/cmake)
-- Found rosidl_generator_c: 4.6.5 (/opt/ros/jazzy/share/rosidl_generator_c/cmake)
-- Found rosidl_generator_cpp: 4.6.5 (/opt/ros/jazzy/share/rosidl_generator_cpp/cmake)
-- Using all available rosidl_typesupport_c: rosidl_typesupport_fastrtps_c;rosidl_typesupport_introspection_c
-- Using all available rosidl_typesupport_cpp: rosidl_typesupport_fastrtps_cpp;rosidl_typesupport_introspection_cpp
-- Found rmw_implementation_cmake: 7.3.2 (/opt/ros/jazzy/share/rmw_implementation_cmake/cmake)
-- Found rmw_cyclonedds_cpp: 2.2.3 (/opt/ros/jazzy/share/rmw_cyclonedds_cpp/cmake)
-- Using RMW implementation 'rmw_cyclonedds_cpp' as default
-- Found rclcpp_lifecycle: 28.1.9 (/opt/ros/jazzy/share/rclcpp_lifecycle/cmake)
-- Found Boost: /usr/lib/x86_64-linux-gnu/cmake/Boost-1.83.0/BoostConfig.cmake (found version "1.83.0") found components: filesystem 
-- Found Eigen3: TRUE (found version "3.4.0") 
-- Ensuring Eigen3 include directory is part of orocos-kdl CMake target
-- Found TinyXML2 via Config file: /usr/lib/x86_64-linux-gnu/cmake/tinyxml2
-- Found moveit_ros_planning: 2.12.3 (/home/saber/robox_ws/install/moveit_ros_planning/share/moveit_ros_planning/cmake)
-- Found Boost: /usr/lib/x86_64-linux-gnu/cmake/Boost-1.83.0/BoostConfig.cmake (found version "1.83.0") found components: system filesystem date_time program_options thread chrono 
-- Found Boost: /usr/lib/x86_64-linux-gnu/cmake/Boost-1.83.0/BoostConfig.cmake (found version "1.83.0") found components: serialization filesystem system 
-- Found ompl: /opt/ros/jazzy/include/ompl-1.7;/usr/include;/usr/include/eigen3  
-- Found OpenMP_CXX: -fopenmp (found version "4.5") 
-- Found OpenMP: TRUE (found version "4.5")  
-- Found ament_cmake_gtest: 2.5.4 (/opt/ros/jazzy/share/ament_cmake_gtest/cmake)
-- Found gtest sources under '/opt/ros/jazzy/src/gtest_vendor': C++ tests using 'Google Test' will be built
-- The C compiler identification is GNU 13.3.0
-- Detecting C compiler ABI info
-- Detecting C compiler ABI info - done
-- Check for working C compiler: /usr/bin/cc - skipped
-- Detecting C compile features
-- Detecting C compile features - done
-- Found Threads: TRUE  
-- Configuring done (2.9s)
-- Generating done (0.1s)
-- Build files have been written to: /home/saber/robox_ws/build/moveit_planners_ompl
[  2%] [32mBuilding CXX object gtest/CMakeFiles/gtest.dir/src/gtest-all.cc.o[0m
[  5%] [32mBuilding CXX object ompl_interface/CMakeFiles/moveit_ompl_interface.dir/src/ompl_interface.cpp.o[0m
[  7%] [32mBuilding CXX object ompl_interface/CMakeFiles/moveit_ompl_interface.dir/src/parameterization/model_based_state_space.cpp.o[0m
[ 10%] [32mBuilding CXX object gtest/CMakeFiles/gtest_main.dir/src/gtest_main.cc.o[0m
[ 12%] [32mBuilding CXX object ompl_interface/CMakeFiles/moveit_ompl_interface.dir/src/parameterization/joint_space/constrained_planning_state_space.cpp.o[0m
[ 15%] [32mBuilding CXX object ompl_interface/CMakeFiles/moveit_ompl_interface.dir/src/model_based_planning_context.cpp.o[0m
[ 17%] [32mBuilding CXX object ompl_interface/CMakeFiles/moveit_ompl_interface.dir/src/parameterization/joint_space/constrained_planning_state_space_factory.cpp.o[0m
[ 20%] [32mBuilding CXX object ompl_interface/CMakeFiles/moveit_ompl_interface.dir/src/parameterization/joint_space/joint_model_state_space.cpp.o[0m
[ 22%] [32mBuilding CXX object ompl_interface/CMakeFiles/moveit_ompl_interface.dir/src/planning_context_manager.cpp.o[0m
[ 25%] [32mBuilding CXX object ompl_interface/CMakeFiles/moveit_ompl_interface.dir/src/parameterization/model_based_state_space_factory.cpp.o[0m
[ 27%] [32mBuilding CXX object ompl_interface/CMakeFiles/moveit_ompl_interface.dir/src/parameterization/work_space/pose_model_state_space.cpp.o[0m
[ 30%] [32mBuilding CXX object ompl_interface/CMakeFiles/moveit_ompl_interface.dir/src/parameterization/work_space/pose_model_state_space_factory.cpp.o[0m
[ 32%] [32mBuilding CXX object ompl_interface/CMakeFiles/moveit_ompl_interface.dir/src/parameterization/joint_space/joint_model_state_space_factory.cpp.o[0m
[ 40%] [32mBuilding CXX object ompl_interface/CMakeFiles/moveit_ompl_interface.dir/src/detail/ompl_constraints.cpp.o[0m
[ 35%] [32mBuilding CXX object ompl_interface/CMakeFiles/moveit_ompl_interface.dir/src/detail/state_validity_checker.cpp.o[0m
[ 37%] [32mBuilding CXX object ompl_interface/CMakeFiles/moveit_ompl_interface.dir/src/detail/threadsafe_state_storage.cpp.o[0m
[ 42%] [32m[1mLinking CXX static library libgtest_main.a[0m
[ 42%] Built target gtest_main
[ 45%] [32mBuilding CXX object ompl_interface/CMakeFiles/moveit_ompl_interface.dir/src/detail/projection_evaluators.cpp.o[0m
[ 47%] [32m[1mLinking CXX static library libgtest.a[0m
[ 47%] Built target gtest
[ 50%] [32mBuilding CXX object ompl_interface/CMakeFiles/moveit_ompl_interface.dir/src/detail/constrained_goal_sampler.cpp.o[0m
[ 52%] [32mBuilding CXX object ompl_interface/CMakeFiles/moveit_ompl_interface.dir/src/detail/constrained_sampler.cpp.o[0m
[ 55%] [32mBuilding CXX object ompl_interface/CMakeFiles/moveit_ompl_interface.dir/src/detail/constraints_library.cpp.o[0m
[ 57%] [32mBuilding CXX object ompl_interface/CMakeFiles/moveit_ompl_interface.dir/src/detail/goal_union.cpp.o[0m
[ 60%] [32m[1mLinking CXX shared library libmoveit_ompl_interface.so[0m
[ 60%] Built target moveit_ompl_interface
[ 70%] [32mBuilding CXX object ompl_interface/CMakeFiles/test_state_validity_checker.dir/test/test_state_validity_checker.cpp.o[0m
[ 70%] [32mBuilding CXX object ompl_interface/CMakeFiles/moveit_ompl_planner_plugin.dir/src/ompl_planner_manager.cpp.o[0m
[ 70%] [32mBuilding CXX object ompl_interface/CMakeFiles/moveit_generate_state_database.dir/scripts/generate_state_database.cpp.o[0m
[ 70%] [32mBuilding CXX object ompl_interface/CMakeFiles/test_state_space.dir/test/test_state_space.cpp.o[0m
[ 72%] [32m[1mLinking CXX executable test_state_space[0m
[ 72%] Built target test_state_space
[ 82%] [32mBuilding CXX object ompl_interface/CMakeFiles/test_planning_context_manager.dir/test/test_planning_context_manager.cpp.o[0m
[ 82%] [32mBuilding CXX object ompl_interface/CMakeFiles/test_constrained_state_validity_checker.dir/test/test_constrained_state_validity_checker.cpp.o[0m
[ 82%] [32mBuilding CXX object ompl_interface/CMakeFiles/test_constrained_planning_state_space.dir/test/test_constrained_planning_state_space.cpp.o[0m
[ 82%] [32mBuilding CXX object ompl_interface/CMakeFiles/test_threadsafe_state_storage.dir/test/test_threadsafe_state_storage.cpp.o[0m
[ 85%] [32m[1mLinking CXX shared library libmoveit_ompl_planner_plugin.so[0m
[ 85%] Built target moveit_ompl_planner_plugin
[ 87%] [32m[1mLinking CXX executable test_state_validity_checker[0m
[ 87%] Built target test_state_validity_checker
[ 90%] [32m[1mLinking CXX executable generate_state_database[0m
[ 90%] Built target moveit_generate_state_database
[ 92%] [32m[1mLinking CXX executable test_threadsafe_state_storage[0m
[ 92%] Built target test_threadsafe_state_storage
[ 95%] [32m[1mLinking CXX executable test_constrained_planning_state_space[0m
[ 95%] Built target test_constrained_planning_state_space
[ 97%] [32m[1mLinking CXX executable test_constrained_state_validity_checker[0m
[ 97%] Built target test_constrained_state_validity_checker
[100%] [32m[1mLinking CXX executable test_planning_context_manager[0m
[100%] Built target test_planning_context_manager
-- Install configuration: "Release"
-- Execute custom install script
-- Symlinking: /home/saber/robox_ws/install/moveit_planners_ompl/lib/moveit_planners_ompl/generate_state_database
-- Symlinking: /home/saber/robox_ws/install/moveit_planners_ompl/include/moveit_planners/moveit/ompl_interface/detail/constrained_goal_sampler.h
-- Symlinking: /home/saber/robox_ws/install/moveit_planners_ompl/include/moveit_planners/moveit/ompl_interface/detail/constrained_goal_sampler.hpp
-- Symlinking: /home/saber/robox_ws/install/moveit_planners_ompl/include/moveit_planners/moveit/ompl_interface/detail/constrained_sampler.h
-- Symlinking: /home/saber/robox_ws/install/moveit_planners_ompl/include/moveit_planners/moveit/ompl_interface/detail/constrained_sampler.hpp
-- Symlinking: /home/saber/robox_ws/install/moveit_planners_ompl/include/moveit_planners/moveit/ompl_interface/detail/constraint_approximations.h
-- Symlinking: /home/saber/robox_ws/install/moveit_planners_ompl/include/moveit_planners/moveit/ompl_interface/detail/constraint_approximations.hpp
-- Symlinking: /home/saber/robox_ws/install/moveit_planners_ompl/include/moveit_planners/moveit/ompl_interface/detail/constraints_library.h
-- Symlinking: /home/saber/robox_ws/install/moveit_planners_ompl/include/moveit_planners/moveit/ompl_interface/detail/constraints_library.hpp
-- Symlinking: /home/saber/robox_ws/install/moveit_planners_ompl/include/moveit_planners/moveit/ompl_interface/detail/goal_union.h
-- Symlinking: /home/saber/robox_ws/install/moveit_planners_ompl/include/moveit_planners/moveit/ompl_interface/detail/goal_union.hpp
-- Symlinking: /home/saber/robox_ws/install/moveit_planners_ompl/include/moveit_planners/moveit/ompl_interface/detail/ompl_constraints.h
-- Symlinking: /home/saber/robox_ws/install/moveit_planners_ompl/include/moveit_planners/moveit/ompl_interface/detail/ompl_constraints.hpp
-- Symlinking: /home/saber/robox_ws/install/moveit_planners_ompl/include/moveit_planners/moveit/ompl_interface/detail/projection_evaluators.h
-- Symlinking: /home/saber/robox_ws/install/moveit_planners_ompl/include/moveit_planners/moveit/ompl_interface/detail/projection_evaluators.hpp
-- Symlinking: /home/saber/robox_ws/install/moveit_planners_ompl/include/moveit_planners/moveit/ompl_interface/detail/state_validity_checker.h
-- Symlinking: /home/saber/robox_ws/install/moveit_planners_ompl/include/moveit_planners/moveit/ompl_interface/detail/state_validity_checker.hpp
-- Symlinking: /home/saber/robox_ws/install/moveit_planners_ompl/include/moveit_planners/moveit/ompl_interface/detail/threadsafe_state_storage.h
-- Symlinking: /home/saber/robox_ws/install/moveit_planners_ompl/include/moveit_planners/moveit/ompl_interface/detail/threadsafe_state_storage.hpp
-- Symlinking: /home/saber/robox_ws/install/moveit_planners_ompl/include/moveit_planners/moveit/ompl_interface/model_based_planning_context.h
-- Symlinking: /home/saber/robox_ws/install/moveit_planners_ompl/include/moveit_planners/moveit/ompl_interface/model_based_planning_context.hpp
-- Symlinking: /home/saber/robox_ws/install/moveit_planners_ompl/include/moveit_planners/moveit/ompl_interface/ompl_interface.h
-- Symlinking: /home/saber/robox_ws/install/moveit_planners_ompl/include/moveit_planners/moveit/ompl_interface/ompl_interface.hpp
-- Symlinking: /home/saber/robox_ws/install/moveit_planners_ompl/include/moveit_planners/moveit/ompl_interface/parameterization/joint_space/constrained_planning_state_space.h
-- Symlinking: /home/saber/robox_ws/install/moveit_planners_ompl/include/moveit_planners/moveit/ompl_interface/parameterization/joint_space/constrained_planning_state_space.hpp
-- Symlinking: /home/saber/robox_ws/install/moveit_planners_ompl/include/moveit_planners/moveit/ompl_interface/parameterization/joint_space/constrained_planning_state_space_factory.h
-- Symlinking: /home/saber/robox_ws/install/moveit_planners_ompl/include/moveit_planners/moveit/ompl_interface/parameterization/joint_space/constrained_planning_state_space_factory.hpp
-- Symlinking: /home/saber/robox_ws/install/moveit_planners_ompl/include/moveit_planners/moveit/ompl_interface/parameterization/joint_space/joint_model_state_space.h
-- Symlinking: /home/saber/robox_ws/install/moveit_planners_ompl/include/moveit_planners/moveit/ompl_interface/parameterization/joint_space/joint_model_state_space.hpp
-- Symlinking: /home/saber/robox_ws/install/moveit_planners_ompl/include/moveit_planners/moveit/ompl_interface/parameterization/joint_space/joint_model_state_space_factory.h
-- Symlinking: /home/saber/robox_ws/install/moveit_planners_ompl/include/moveit_planners/moveit/ompl_interface/parameterization/joint_space/joint_model_state_space_factory.hpp
-- Symlinking: /home/saber/robox_ws/install/moveit_planners_ompl/include/moveit_planners/moveit/ompl_interface/parameterization/model_based_state_space.h
-- Symlinking: /home/saber/robox_ws/install/moveit_planners_ompl/include/moveit_planners/moveit/ompl_interface/parameterization/model_based_state_space.hpp
-- Symlinking: /home/saber/robox_ws/install/moveit_planners_ompl/include/moveit_planners/moveit/ompl_interface/parameterization/model_based_state_space_factory.h
-- Symlinking: /home/saber/robox_ws/install/moveit_planners_ompl/include/moveit_planners/moveit/ompl_interface/parameterization/model_based_state_space_factory.hpp
-- Symlinking: /home/saber/robox_ws/install/moveit_planners_ompl/include/moveit_planners/moveit/ompl_interface/parameterization/work_space/pose_model_state_space.h
-- Symlinking: /home/saber/robox_ws/install/moveit_planners_ompl/include/moveit_planners/moveit/ompl_interface/parameterization/work_space/pose_model_state_space.hpp
-- Symlinking: /home/saber/robox_ws/install/moveit_planners_ompl/include/moveit_planners/moveit/ompl_interface/parameterization/work_space/pose_model_state_space_factory.h
-- Symlinking: /home/saber/robox_ws/install/moveit_planners_ompl/include/moveit_planners/moveit/ompl_interface/parameterization/work_space/pose_model_state_space_factory.hpp
-- Symlinking: /home/saber/robox_ws/install/moveit_planners_ompl/include/moveit_planners/moveit/ompl_interface/planning_context_manager.h
-- Symlinking: /home/saber/robox_ws/install/moveit_planners_ompl/include/moveit_planners/moveit/ompl_interface/planning_context_manager.hpp
-- Symlinking: /home/saber/robox_ws/install/moveit_planners_ompl/share/moveit_planners_ompl/environment/library_path.sh
-- Symlinking: /home/saber/robox_ws/install/moveit_planners_ompl/share/moveit_planners_ompl/environment/library_path.dsv
-- Symlinking: /home/saber/robox_ws/install/moveit_planners_ompl/share/moveit_planners_ompl//ompl_interface_plugin_description.xml
-- Symlinking: /home/saber/robox_ws/install/moveit_planners_ompl/share/ament_index/resource_index/package_run_dependencies/moveit_planners_ompl
-- Symlinking: /home/saber/robox_ws/install/moveit_planners_ompl/share/ament_index/resource_index/parent_prefix_path/moveit_planners_ompl
-- Symlinking: /home/saber/robox_ws/install/moveit_planners_ompl/share/moveit_planners_ompl/environment/ament_prefix_path.sh
-- Symlinking: /home/saber/robox_ws/install/moveit_planners_ompl/share/moveit_planners_ompl/environment/ament_prefix_path.dsv
-- Symlinking: /home/saber/robox_ws/install/moveit_planners_ompl/share/moveit_planners_ompl/environment/path.sh
-- Symlinking: /home/saber/robox_ws/install/moveit_planners_ompl/share/moveit_planners_ompl/environment/path.dsv
-- Symlinking: /home/saber/robox_ws/install/moveit_planners_ompl/share/moveit_planners_ompl/local_setup.bash
-- Symlinking: /home/saber/robox_ws/install/moveit_planners_ompl/share/moveit_planners_ompl/local_setup.sh
-- Symlinking: /home/saber/robox_ws/install/moveit_planners_ompl/share/moveit_planners_ompl/local_setup.zsh
-- Symlinking: /home/saber/robox_ws/install/moveit_planners_ompl/share/moveit_planners_ompl/local_setup.dsv
-- Symlinking: /home/saber/robox_ws/install/moveit_planners_ompl/share/moveit_planners_ompl/package.dsv
-- Symlinking: /home/saber/robox_ws/install/moveit_planners_ompl/share/ament_index/resource_index/packages/moveit_planners_ompl
-- Symlinking: /home/saber/robox_ws/install/moveit_planners_ompl/share/ament_index/resource_index/moveit_core__pluginlib__plugin/moveit_planners_ompl
-- Symlinking: /home/saber/robox_ws/install/moveit_planners_ompl/share/moveit_planners_ompl/cmake/ament_cmake_export_targets-extras.cmake
-- Symlinking: /home/saber/robox_ws/install/moveit_planners_ompl/share/moveit_planners_ompl/cmake/ament_cmake_export_dependencies-extras.cmake
-- Symlinking: /home/saber/robox_ws/install/moveit_planners_ompl/share/moveit_planners_ompl/cmake/moveit_planners_omplConfig.cmake
-- Symlinking: /home/saber/robox_ws/install/moveit_planners_ompl/share/moveit_planners_ompl/cmake/moveit_planners_omplConfig-version.cmake
-- Symlinking: /home/saber/robox_ws/install/moveit_planners_ompl/share/moveit_planners_ompl/package.xml
-- Installing: /home/saber/robox_ws/install/moveit_planners_ompl/lib/libmoveit_ompl_interface.so.2.12.3
-- Set non-toolchain portion of runtime path of "/home/saber/robox_ws/install/moveit_planners_ompl/lib/libmoveit_ompl_interface.so.2.12.3" to ""
-- Installing: /home/saber/robox_ws/install/moveit_planners_ompl/lib/libmoveit_ompl_interface.so
-- Installing: /home/saber/robox_ws/install/moveit_planners_ompl/lib/libmoveit_ompl_planner_plugin.so.2.12.3
-- Set non-toolchain portion of runtime path of "/home/saber/robox_ws/install/moveit_planners_ompl/lib/libmoveit_ompl_planner_plugin.so.2.12.3" to ""
-- Installing: /home/saber/robox_ws/install/moveit_planners_ompl/lib/libmoveit_ompl_planner_plugin.so
-- Installing: /home/saber/robox_ws/install/moveit_planners_ompl/share/moveit_planners_ompl/cmake/moveit_planners_omplTargetsExport.cmake
-- Installing: /home/saber/robox_ws/install/moveit_planners_ompl/share/moveit_planners_ompl/cmake/moveit_planners_omplTargetsExport-release.cmake
