[0.058s] Invoking command in '/home/saber/robox_ws/build/moveit_ros_occupancy_map_monitor': AMENT_PREFIX_PATH=/home/saber/robox_ws/install/moveit_core:/home/saber/robox_ws/install/moveit_common:${AMENT_PREFIX_PATH} CMAKE_PREFIX_PATH=/home/saber/robox_ws/install/moveit_core:/home/saber/robox_ws/install/moveit_common:/home/saber/robox_ws/install/moveit_py:/home/saber/robox_ws/install/robotic_arm_moveit_config:/home/saber/robox_ws/install/arm_moveit:/home/saber/robox_ws/install/arm_description:/home/saber/arduinobot_ws/install/controller:/home/saber/arduinobot_ws/install/arm_description:/home/saber/arduinobot_ws/install/arduinobot_cpp_examples:/opt/ros/jazzy/opt/gz_sim_vendor:/opt/ros/jazzy/opt/gz_sensors_vendor:/opt/ros/jazzy/opt/gz_physics_vendor:/opt/ros/jazzy/opt/sdformat_vendor:/opt/ros/jazzy/opt/gz_gui_vendor:/opt/ros/jazzy/opt/gz_transport_vendor:/opt/ros/jazzy/opt/gz_rendering_vendor:/opt/ros/jazzy/opt/gz_plugin_vendor:/opt/ros/jazzy/opt/gz_fuel_tools_vendor:/opt/ros/jazzy/opt/gz_msgs_vendor:/opt/ros/jazzy/opt/gz_common_vendor:/opt/ros/jazzy/opt/gz_math_vendor:/opt/ros/jazzy/opt/gz_utils_vendor:/opt/ros/jazzy/opt/gz_tools_vendor:/opt/ros/jazzy/opt/gz_ogre_next_vendor:/opt/ros/jazzy/opt/gz_dartsim_vendor:/opt/ros/jazzy/opt/gz_cmake_vendor:/home/saber/robox_ws/install/arduinobot_py_examples:/home/saber/arduinobot_ws/install/arduinobot_py_examples:/opt/ros/jazzy DEBUGINFOD_URLS=https://debuginfod.ubuntu.com LD_LIBRARY_PATH=/home/saber/robox_ws/install/moveit_core/lib:${LD_LIBRARY_PATH} PATH=/home/saber/robox_ws/install/moveit_core/bin:${PATH} /usr/bin/cmake /home/saber/robox_ws/src/moveit2/moveit_ros/occupancy_map_monitor -DAMENT_CMAKE_SYMLINK_INSTALL=1 -DCMAKE_INSTALL_PREFIX=/home/saber/robox_ws/install/moveit_ros_occupancy_map_monitor
[0.154s] -- The CXX compiler identification is GNU 13.3.0
[0.175s] -- Detecting CXX compiler ABI info
[0.300s] -- Detecting CXX compiler ABI info - done
[0.307s] -- Check for working CXX compiler: /usr/bin/c++ - skipped
[0.308s] -- Detecting CXX compile features
[0.308s] -- Detecting CXX compile features - done
[0.310s] -- Found moveit_common: 2.12.3 (/home/saber/robox_ws/install/moveit_common/share/moveit_common/cmake)
[0.337s] -- Found ament_cmake: 2.5.4 (/opt/ros/jazzy/share/ament_cmake/cmake)
[0.549s] -- Found Python3: /usr/bin/python3 (found version "3.12.3") found components: Interpreter 
[0.683s] -- Override CMake install command with custom implementation using symlinks instead of copying resources
[0.876s] [0mmoveit_ros_occupancy_map_monitor: You did not request a specific build type: Choosing 'Release' for maximum performance[0m
[0.876s] -- Found moveit_core: 2.12.3 (/home/saber/robox_ws/install/moveit_core/share/moveit_core/cmake)
[1.079s] -- Found Boost: /usr/lib/x86_64-linux-gnu/cmake/Boost-1.83.0/BoostConfig.cmake (found version "1.83.0") found components: chrono date_time filesystem iostreams program_options regex serialization system thread 
[1.179s] -- Found parameter_traits: 0.4.0 (/opt/ros/jazzy/share/parameter_traits/cmake)
[1.239s] -- Found rosidl_generator_c: 4.6.5 (/opt/ros/jazzy/share/rosidl_generator_c/cmake)
[1.260s] -- Found rosidl_generator_cpp: 4.6.5 (/opt/ros/jazzy/share/rosidl_generator_cpp/cmake)
[1.283s] -- Using all available rosidl_typesupport_c: rosidl_typesupport_fastrtps_c;rosidl_typesupport_introspection_c
[1.307s] -- Using all available rosidl_typesupport_cpp: rosidl_typesupport_fastrtps_cpp;rosidl_typesupport_introspection_cpp
[1.407s] -- Found rmw_implementation_cmake: 7.3.2 (/opt/ros/jazzy/share/rmw_implementation_cmake/cmake)
[1.413s] -- Found rmw_cyclonedds_cpp: 2.2.3 (/opt/ros/jazzy/share/rmw_cyclonedds_cpp/cmake)
[1.453s] -- Using RMW implementation 'rmw_cyclonedds_cpp' as default
[1.551s] -- Found rclcpp_lifecycle: 28.1.9 (/opt/ros/jazzy/share/rclcpp_lifecycle/cmake)
[1.594s] -- Found Boost: /usr/lib/x86_64-linux-gnu/cmake/Boost-1.83.0/BoostConfig.cmake (found version "1.83.0") found components: filesystem 
[1.770s] -- Found Eigen3: TRUE (found version "3.4.0") 
[1.770s] -- Ensuring Eigen3 include directory is part of orocos-kdl CMake target
[2.030s] -- Found TinyXML2 via Config file: /usr/lib/x86_64-linux-gnu/cmake/tinyxml2
[2.246s] -- Found ament_cmake_gmock: 2.5.4 (/opt/ros/jazzy/share/ament_cmake_gmock/cmake)
[2.252s] -- Found gmock sources under '/opt/ros/jazzy/src/gmock_vendor': C++ tests using 'Google Mock' will be built
[2.323s] -- The C compiler identification is GNU 13.3.0
[2.323s] -- Detecting C compiler ABI info
[2.463s] -- Detecting C compiler ABI info - done
[2.479s] -- Check for working C compiler: /usr/bin/cc - skipped
[2.479s] -- Detecting C compile features
[2.481s] -- Detecting C compile features - done
[2.496s] -- Found ament_cmake_gtest: 2.5.4 (/opt/ros/jazzy/share/ament_cmake_gtest/cmake)
[2.497s] -- Found gtest sources under '/opt/ros/jazzy/src/gtest_vendor': C++ tests using 'Google Test' will be built
[2.511s] -- Configuring done (2.4s)
[2.616s] -- Generating done (0.1s)
[2.638s] -- Build files have been written to: /home/saber/robox_ws/build/moveit_ros_occupancy_map_monitor
[2.687s] Invoked command in '/home/saber/robox_ws/build/moveit_ros_occupancy_map_monitor' returned '0': AMENT_PREFIX_PATH=/home/saber/robox_ws/install/moveit_core:/home/saber/robox_ws/install/moveit_common:${AMENT_PREFIX_PATH} CMAKE_PREFIX_PATH=/home/saber/robox_ws/install/moveit_core:/home/saber/robox_ws/install/moveit_common:/home/saber/robox_ws/install/moveit_py:/home/saber/robox_ws/install/robotic_arm_moveit_config:/home/saber/robox_ws/install/arm_moveit:/home/saber/robox_ws/install/arm_description:/home/saber/arduinobot_ws/install/controller:/home/saber/arduinobot_ws/install/arm_description:/home/saber/arduinobot_ws/install/arduinobot_cpp_examples:/opt/ros/jazzy/opt/gz_sim_vendor:/opt/ros/jazzy/opt/gz_sensors_vendor:/opt/ros/jazzy/opt/gz_physics_vendor:/opt/ros/jazzy/opt/sdformat_vendor:/opt/ros/jazzy/opt/gz_gui_vendor:/opt/ros/jazzy/opt/gz_transport_vendor:/opt/ros/jazzy/opt/gz_rendering_vendor:/opt/ros/jazzy/opt/gz_plugin_vendor:/opt/ros/jazzy/opt/gz_fuel_tools_vendor:/opt/ros/jazzy/opt/gz_msgs_vendor:/opt/ros/jazzy/opt/gz_common_vendor:/opt/ros/jazzy/opt/gz_math_vendor:/opt/ros/jazzy/opt/gz_utils_vendor:/opt/ros/jazzy/opt/gz_tools_vendor:/opt/ros/jazzy/opt/gz_ogre_next_vendor:/opt/ros/jazzy/opt/gz_dartsim_vendor:/opt/ros/jazzy/opt/gz_cmake_vendor:/home/saber/robox_ws/install/arduinobot_py_examples:/home/saber/arduinobot_ws/install/arduinobot_py_examples:/opt/ros/jazzy DEBUGINFOD_URLS=https://debuginfod.ubuntu.com LD_LIBRARY_PATH=/home/saber/robox_ws/install/moveit_core/lib:${LD_LIBRARY_PATH} PATH=/home/saber/robox_ws/install/moveit_core/bin:${PATH} /usr/bin/cmake /home/saber/robox_ws/src/moveit2/moveit_ros/occupancy_map_monitor -DAMENT_CMAKE_SYMLINK_INSTALL=1 -DCMAKE_INSTALL_PREFIX=/home/saber/robox_ws/install/moveit_ros_occupancy_map_monitor
[2.689s] Invoking command in '/home/saber/robox_ws/build/moveit_ros_occupancy_map_monitor': AMENT_PREFIX_PATH=/home/saber/robox_ws/install/moveit_core:/home/saber/robox_ws/install/moveit_common:${AMENT_PREFIX_PATH} CMAKE_PREFIX_PATH=/home/saber/robox_ws/install/moveit_core:/home/saber/robox_ws/install/moveit_common:/home/saber/robox_ws/install/moveit_py:/home/saber/robox_ws/install/robotic_arm_moveit_config:/home/saber/robox_ws/install/arm_moveit:/home/saber/robox_ws/install/arm_description:/home/saber/arduinobot_ws/install/controller:/home/saber/arduinobot_ws/install/arm_description:/home/saber/arduinobot_ws/install/arduinobot_cpp_examples:/opt/ros/jazzy/opt/gz_sim_vendor:/opt/ros/jazzy/opt/gz_sensors_vendor:/opt/ros/jazzy/opt/gz_physics_vendor:/opt/ros/jazzy/opt/sdformat_vendor:/opt/ros/jazzy/opt/gz_gui_vendor:/opt/ros/jazzy/opt/gz_transport_vendor:/opt/ros/jazzy/opt/gz_rendering_vendor:/opt/ros/jazzy/opt/gz_plugin_vendor:/opt/ros/jazzy/opt/gz_fuel_tools_vendor:/opt/ros/jazzy/opt/gz_msgs_vendor:/opt/ros/jazzy/opt/gz_common_vendor:/opt/ros/jazzy/opt/gz_math_vendor:/opt/ros/jazzy/opt/gz_utils_vendor:/opt/ros/jazzy/opt/gz_tools_vendor:/opt/ros/jazzy/opt/gz_ogre_next_vendor:/opt/ros/jazzy/opt/gz_dartsim_vendor:/opt/ros/jazzy/opt/gz_cmake_vendor:/home/saber/robox_ws/install/arduinobot_py_examples:/home/saber/arduinobot_ws/install/arduinobot_py_examples:/opt/ros/jazzy DEBUGINFOD_URLS=https://debuginfod.ubuntu.com LD_LIBRARY_PATH=/home/saber/robox_ws/install/moveit_core/lib:${LD_LIBRARY_PATH} PATH=/home/saber/robox_ws/install/moveit_core/bin:${PATH} /usr/bin/cmake --build /home/saber/robox_ws/build/moveit_ros_occupancy_map_monitor -- -j16 -l16
[2.829s] [  7%] [32mBuilding CXX object CMakeFiles/moveit_ros_occupancy_map_monitor.dir/src/occupancy_map_monitor.cpp.o[0m
[2.829s] [ 15%] [32mBuilding CXX object CMakeFiles/moveit_ros_occupancy_map_monitor.dir/src/occupancy_map_monitor_middleware_handle.cpp.o[0m
[2.837s] [ 23%] [32mBuilding CXX object CMakeFiles/moveit_ros_occupancy_map_monitor.dir/src/occupancy_map_updater.cpp.o[0m
[2.852s] [ 30%] [32mBuilding CXX object gmock/CMakeFiles/gmock.dir/src/gmock-all.cc.o[0m
[2.865s] [ 46%] [32mBuilding CXX object gmock/CMakeFiles/gmock_main.dir/src/gmock_main.cc.o[0m
[2.865s] [ 46%] [32mBuilding CXX object gmock/CMakeFiles/gmock.dir/opt/ros/jazzy/src/gtest_vendor/src/gtest-all.cc.o[0m
[5.911s] [ 53%] [32m[1mLinking CXX static library libgmock_main.a[0m
[6.429s] [ 53%] Built target gmock_main
[47.452s] [ 61%] [32m[1mLinking CXX static library libgmock.a[0m
[47.871s] [ 61%] Built target gmock
[59.980s] [ 69%] [32m[1mLinking CXX shared library libmoveit_ros_occupancy_map_monitor.so[0m
[60.192s] [ 69%] Built target moveit_ros_occupancy_map_monitor
[60.218s] [ 76%] [32mBuilding CXX object CMakeFiles/moveit_ros_occupancy_map_server.dir/src/occupancy_map_server.cpp.o[0m
[60.219s] [ 84%] [32mBuilding CXX object CMakeFiles/occupancy_map_monitor_tests.dir/test/occupancy_map_monitor_tests.cpp.o[0m
[68.996s] [ 92%] [32m[1mLinking CXX executable occupancy_map_monitor_tests[0m
[69.454s] [ 92%] Built target occupancy_map_monitor_tests
[74.449s] [100%] [32m[1mLinking CXX executable moveit_ros_occupancy_map_server[0m
[74.695s] [100%] Built target moveit_ros_occupancy_map_server
[74.738s] Invoked command in '/home/saber/robox_ws/build/moveit_ros_occupancy_map_monitor' returned '0': AMENT_PREFIX_PATH=/home/saber/robox_ws/install/moveit_core:/home/saber/robox_ws/install/moveit_common:${AMENT_PREFIX_PATH} CMAKE_PREFIX_PATH=/home/saber/robox_ws/install/moveit_core:/home/saber/robox_ws/install/moveit_common:/home/saber/robox_ws/install/moveit_py:/home/saber/robox_ws/install/robotic_arm_moveit_config:/home/saber/robox_ws/install/arm_moveit:/home/saber/robox_ws/install/arm_description:/home/saber/arduinobot_ws/install/controller:/home/saber/arduinobot_ws/install/arm_description:/home/saber/arduinobot_ws/install/arduinobot_cpp_examples:/opt/ros/jazzy/opt/gz_sim_vendor:/opt/ros/jazzy/opt/gz_sensors_vendor:/opt/ros/jazzy/opt/gz_physics_vendor:/opt/ros/jazzy/opt/sdformat_vendor:/opt/ros/jazzy/opt/gz_gui_vendor:/opt/ros/jazzy/opt/gz_transport_vendor:/opt/ros/jazzy/opt/gz_rendering_vendor:/opt/ros/jazzy/opt/gz_plugin_vendor:/opt/ros/jazzy/opt/gz_fuel_tools_vendor:/opt/ros/jazzy/opt/gz_msgs_vendor:/opt/ros/jazzy/opt/gz_common_vendor:/opt/ros/jazzy/opt/gz_math_vendor:/opt/ros/jazzy/opt/gz_utils_vendor:/opt/ros/jazzy/opt/gz_tools_vendor:/opt/ros/jazzy/opt/gz_ogre_next_vendor:/opt/ros/jazzy/opt/gz_dartsim_vendor:/opt/ros/jazzy/opt/gz_cmake_vendor:/home/saber/robox_ws/install/arduinobot_py_examples:/home/saber/arduinobot_ws/install/arduinobot_py_examples:/opt/ros/jazzy DEBUGINFOD_URLS=https://debuginfod.ubuntu.com LD_LIBRARY_PATH=/home/saber/robox_ws/install/moveit_core/lib:${LD_LIBRARY_PATH} PATH=/home/saber/robox_ws/install/moveit_core/bin:${PATH} /usr/bin/cmake --build /home/saber/robox_ws/build/moveit_ros_occupancy_map_monitor -- -j16 -l16
[74.740s] Invoking command in '/home/saber/robox_ws/build/moveit_ros_occupancy_map_monitor': AMENT_PREFIX_PATH=/home/saber/robox_ws/install/moveit_core:/home/saber/robox_ws/install/moveit_common:${AMENT_PREFIX_PATH} CMAKE_PREFIX_PATH=/home/saber/robox_ws/install/moveit_core:/home/saber/robox_ws/install/moveit_common:/home/saber/robox_ws/install/moveit_py:/home/saber/robox_ws/install/robotic_arm_moveit_config:/home/saber/robox_ws/install/arm_moveit:/home/saber/robox_ws/install/arm_description:/home/saber/arduinobot_ws/install/controller:/home/saber/arduinobot_ws/install/arm_description:/home/saber/arduinobot_ws/install/arduinobot_cpp_examples:/opt/ros/jazzy/opt/gz_sim_vendor:/opt/ros/jazzy/opt/gz_sensors_vendor:/opt/ros/jazzy/opt/gz_physics_vendor:/opt/ros/jazzy/opt/sdformat_vendor:/opt/ros/jazzy/opt/gz_gui_vendor:/opt/ros/jazzy/opt/gz_transport_vendor:/opt/ros/jazzy/opt/gz_rendering_vendor:/opt/ros/jazzy/opt/gz_plugin_vendor:/opt/ros/jazzy/opt/gz_fuel_tools_vendor:/opt/ros/jazzy/opt/gz_msgs_vendor:/opt/ros/jazzy/opt/gz_common_vendor:/opt/ros/jazzy/opt/gz_math_vendor:/opt/ros/jazzy/opt/gz_utils_vendor:/opt/ros/jazzy/opt/gz_tools_vendor:/opt/ros/jazzy/opt/gz_ogre_next_vendor:/opt/ros/jazzy/opt/gz_dartsim_vendor:/opt/ros/jazzy/opt/gz_cmake_vendor:/home/saber/robox_ws/install/arduinobot_py_examples:/home/saber/arduinobot_ws/install/arduinobot_py_examples:/opt/ros/jazzy DEBUGINFOD_URLS=https://debuginfod.ubuntu.com LD_LIBRARY_PATH=/home/saber/robox_ws/install/moveit_core/lib:${LD_LIBRARY_PATH} PATH=/home/saber/robox_ws/install/moveit_core/bin:${PATH} /usr/bin/cmake --install /home/saber/robox_ws/build/moveit_ros_occupancy_map_monitor
[74.749s] -- Install configuration: "Release"
[74.750s] -- Execute custom install script
[74.750s] -- Symlinking: /home/saber/robox_ws/install/moveit_ros_occupancy_map_monitor/lib/moveit_ros_occupancy_map_monitor/moveit_ros_occupancy_map_server
[74.761s] -- Symlinking: /home/saber/robox_ws/install/moveit_ros_occupancy_map_monitor/include/moveit_ros_occupancy_map_monitor/moveit/occupancy_map_monitor/occupancy_map_monitor.h
[74.772s] -- Symlinking: /home/saber/robox_ws/install/moveit_ros_occupancy_map_monitor/include/moveit_ros_occupancy_map_monitor/moveit/occupancy_map_monitor/occupancy_map_monitor.hpp
[74.782s] -- Symlinking: /home/saber/robox_ws/install/moveit_ros_occupancy_map_monitor/include/moveit_ros_occupancy_map_monitor/moveit/occupancy_map_monitor/occupancy_map_monitor_middleware_handle.h
[74.793s] -- Symlinking: /home/saber/robox_ws/install/moveit_ros_occupancy_map_monitor/include/moveit_ros_occupancy_map_monitor/moveit/occupancy_map_monitor/occupancy_map_monitor_middleware_handle.hpp
[74.803s] -- Symlinking: /home/saber/robox_ws/install/moveit_ros_occupancy_map_monitor/include/moveit_ros_occupancy_map_monitor/moveit/occupancy_map_monitor/occupancy_map_updater.h
[74.813s] -- Symlinking: /home/saber/robox_ws/install/moveit_ros_occupancy_map_monitor/include/moveit_ros_occupancy_map_monitor/moveit/occupancy_map_monitor/occupancy_map_updater.hpp
[74.824s] -- Symlinking: /home/saber/robox_ws/install/moveit_ros_occupancy_map_monitor/share/moveit_ros_occupancy_map_monitor/environment/library_path.sh
[74.837s] -- Symlinking: /home/saber/robox_ws/install/moveit_ros_occupancy_map_monitor/share/moveit_ros_occupancy_map_monitor/environment/library_path.dsv
[74.848s] -- Symlinking: /home/saber/robox_ws/install/moveit_ros_occupancy_map_monitor/share/ament_index/resource_index/package_run_dependencies/moveit_ros_occupancy_map_monitor
[74.859s] -- Symlinking: /home/saber/robox_ws/install/moveit_ros_occupancy_map_monitor/share/ament_index/resource_index/parent_prefix_path/moveit_ros_occupancy_map_monitor
[74.869s] -- Symlinking: /home/saber/robox_ws/install/moveit_ros_occupancy_map_monitor/share/moveit_ros_occupancy_map_monitor/environment/ament_prefix_path.sh
[74.880s] -- Symlinking: /home/saber/robox_ws/install/moveit_ros_occupancy_map_monitor/share/moveit_ros_occupancy_map_monitor/environment/ament_prefix_path.dsv
[74.891s] -- Symlinking: /home/saber/robox_ws/install/moveit_ros_occupancy_map_monitor/share/moveit_ros_occupancy_map_monitor/environment/path.sh
[74.901s] -- Symlinking: /home/saber/robox_ws/install/moveit_ros_occupancy_map_monitor/share/moveit_ros_occupancy_map_monitor/environment/path.dsv
[74.912s] -- Symlinking: /home/saber/robox_ws/install/moveit_ros_occupancy_map_monitor/share/moveit_ros_occupancy_map_monitor/local_setup.bash
[74.923s] -- Symlinking: /home/saber/robox_ws/install/moveit_ros_occupancy_map_monitor/share/moveit_ros_occupancy_map_monitor/local_setup.sh
[74.935s] -- Symlinking: /home/saber/robox_ws/install/moveit_ros_occupancy_map_monitor/share/moveit_ros_occupancy_map_monitor/local_setup.zsh
[74.945s] -- Symlinking: /home/saber/robox_ws/install/moveit_ros_occupancy_map_monitor/share/moveit_ros_occupancy_map_monitor/local_setup.dsv
[74.956s] -- Symlinking: /home/saber/robox_ws/install/moveit_ros_occupancy_map_monitor/share/moveit_ros_occupancy_map_monitor/package.dsv
[74.970s] -- Symlinking: /home/saber/robox_ws/install/moveit_ros_occupancy_map_monitor/share/ament_index/resource_index/packages/moveit_ros_occupancy_map_monitor
[74.982s] -- Symlinking: /home/saber/robox_ws/install/moveit_ros_occupancy_map_monitor/share/moveit_ros_occupancy_map_monitor/cmake/ament_cmake_export_targets-extras.cmake
[74.994s] -- Symlinking: /home/saber/robox_ws/install/moveit_ros_occupancy_map_monitor/share/moveit_ros_occupancy_map_monitor/cmake/ament_cmake_export_dependencies-extras.cmake
[75.005s] -- Symlinking: /home/saber/robox_ws/install/moveit_ros_occupancy_map_monitor/share/moveit_ros_occupancy_map_monitor/cmake/moveit_ros_occupancy_map_monitorConfig.cmake
[75.018s] -- Symlinking: /home/saber/robox_ws/install/moveit_ros_occupancy_map_monitor/share/moveit_ros_occupancy_map_monitor/cmake/moveit_ros_occupancy_map_monitorConfig-version.cmake
[75.029s] -- Symlinking: /home/saber/robox_ws/install/moveit_ros_occupancy_map_monitor/share/moveit_ros_occupancy_map_monitor/package.xml
[75.040s] -- Installing: /home/saber/robox_ws/install/moveit_ros_occupancy_map_monitor/lib/libmoveit_ros_occupancy_map_monitor.so.2.12.3
[75.042s] -- Set non-toolchain portion of runtime path of "/home/saber/robox_ws/install/moveit_ros_occupancy_map_monitor/lib/libmoveit_ros_occupancy_map_monitor.so.2.12.3" to ""
[75.042s] -- Installing: /home/saber/robox_ws/install/moveit_ros_occupancy_map_monitor/lib/libmoveit_ros_occupancy_map_monitor.so
[75.043s] -- Installing: /home/saber/robox_ws/install/moveit_ros_occupancy_map_monitor/share/moveit_ros_occupancy_map_monitor/cmake/moveit_ros_occupancy_map_monitorTargetsExport.cmake
[75.043s] -- Installing: /home/saber/robox_ws/install/moveit_ros_occupancy_map_monitor/share/moveit_ros_occupancy_map_monitor/cmake/moveit_ros_occupancy_map_monitorTargetsExport-release.cmake
[75.046s] Invoked command in '/home/saber/robox_ws/build/moveit_ros_occupancy_map_monitor' returned '0': AMENT_PREFIX_PATH=/home/saber/robox_ws/install/moveit_core:/home/saber/robox_ws/install/moveit_common:${AMENT_PREFIX_PATH} CMAKE_PREFIX_PATH=/home/saber/robox_ws/install/moveit_core:/home/saber/robox_ws/install/moveit_common:/home/saber/robox_ws/install/moveit_py:/home/saber/robox_ws/install/robotic_arm_moveit_config:/home/saber/robox_ws/install/arm_moveit:/home/saber/robox_ws/install/arm_description:/home/saber/arduinobot_ws/install/controller:/home/saber/arduinobot_ws/install/arm_description:/home/saber/arduinobot_ws/install/arduinobot_cpp_examples:/opt/ros/jazzy/opt/gz_sim_vendor:/opt/ros/jazzy/opt/gz_sensors_vendor:/opt/ros/jazzy/opt/gz_physics_vendor:/opt/ros/jazzy/opt/sdformat_vendor:/opt/ros/jazzy/opt/gz_gui_vendor:/opt/ros/jazzy/opt/gz_transport_vendor:/opt/ros/jazzy/opt/gz_rendering_vendor:/opt/ros/jazzy/opt/gz_plugin_vendor:/opt/ros/jazzy/opt/gz_fuel_tools_vendor:/opt/ros/jazzy/opt/gz_msgs_vendor:/opt/ros/jazzy/opt/gz_common_vendor:/opt/ros/jazzy/opt/gz_math_vendor:/opt/ros/jazzy/opt/gz_utils_vendor:/opt/ros/jazzy/opt/gz_tools_vendor:/opt/ros/jazzy/opt/gz_ogre_next_vendor:/opt/ros/jazzy/opt/gz_dartsim_vendor:/opt/ros/jazzy/opt/gz_cmake_vendor:/home/saber/robox_ws/install/arduinobot_py_examples:/home/saber/arduinobot_ws/install/arduinobot_py_examples:/opt/ros/jazzy DEBUGINFOD_URLS=https://debuginfod.ubuntu.com LD_LIBRARY_PATH=/home/saber/robox_ws/install/moveit_core/lib:${LD_LIBRARY_PATH} PATH=/home/saber/robox_ws/install/moveit_core/bin:${PATH} /usr/bin/cmake --install /home/saber/robox_ws/build/moveit_ros_occupancy_map_monitor
