[0.033s] Invoking command in '/home/saber/robox_ws/build/moveit_common': CMAKE_PREFIX_PATH=${CMAKE_PREFIX_PATH}:/home/saber/robox_ws/install/arduinobot_py_examples:/home/saber/robox_ws/install/moveit_configs_utils:/home/saber/arduinobot_ws/install/arduinobot_py_examples:/opt/ros/jazzy DEBUGINFOD_URLS=https://debuginfod.ubuntu.com /usr/bin/cmake --build /home/saber/robox_ws/build/moveit_common -- -j16 -l16
[0.227s] Invoked command in '/home/saber/robox_ws/build/moveit_common' returned '0': CMAKE_PREFIX_PATH=${CMAKE_PREFIX_PATH}:/home/saber/robox_ws/install/arduinobot_py_examples:/home/saber/robox_ws/install/moveit_configs_utils:/home/saber/arduinobot_ws/install/arduinobot_py_examples:/opt/ros/jazzy DEBUGINFOD_URLS=https://debuginfod.ubuntu.com /usr/bin/cmake --build /home/saber/robox_ws/build/moveit_common -- -j16 -l16
[0.239s] Invoking command in '/home/saber/robox_ws/build/moveit_common': CMAKE_PREFIX_PATH=${CMAKE_PREFIX_PATH}:/home/saber/robox_ws/install/arduinobot_py_examples:/home/saber/robox_ws/install/moveit_configs_utils:/home/saber/arduinobot_ws/install/arduinobot_py_examples:/opt/ros/jazzy DEBUGINFOD_URLS=https://debuginfod.ubuntu.com /usr/bin/cmake --install /home/saber/robox_ws/build/moveit_common
[0.250s] -- Install configuration: "Release"
[0.250s] -- Execute custom install script
[0.251s] -- Up-to-date symlink: /home/saber/robox_ws/install/moveit_common/share/ament_index/resource_index/package_run_dependencies/moveit_common
[0.251s] -- Up-to-date symlink: /home/saber/robox_ws/install/moveit_common/share/ament_index/resource_index/parent_prefix_path/moveit_common
[0.251s] -- Up-to-date symlink: /home/saber/robox_ws/install/moveit_common/share/moveit_common/environment/ament_prefix_path.sh
[0.251s] -- Up-to-date symlink: /home/saber/robox_ws/install/moveit_common/share/moveit_common/environment/ament_prefix_path.dsv
[0.251s] -- Up-to-date symlink: /home/saber/robox_ws/install/moveit_common/share/moveit_common/environment/path.sh
[0.251s] -- Up-to-date symlink: /home/saber/robox_ws/install/moveit_common/share/moveit_common/environment/path.dsv
[0.251s] -- Up-to-date symlink: /home/saber/robox_ws/install/moveit_common/share/moveit_common/local_setup.bash
[0.252s] -- Up-to-date symlink: /home/saber/robox_ws/install/moveit_common/share/moveit_common/local_setup.sh
[0.252s] -- Up-to-date symlink: /home/saber/robox_ws/install/moveit_common/share/moveit_common/local_setup.zsh
[0.252s] -- Up-to-date symlink: /home/saber/robox_ws/install/moveit_common/share/moveit_common/local_setup.dsv
[0.252s] -- Symlinking: /home/saber/robox_ws/install/moveit_common/share/moveit_common/package.dsv
[0.265s] -- Up-to-date symlink: /home/saber/robox_ws/install/moveit_common/share/ament_index/resource_index/packages/moveit_common
[0.265s] -- Up-to-date symlink: /home/saber/robox_ws/install/moveit_common/share/moveit_common/cmake/moveit_common-extras.cmake
[0.265s] -- Up-to-date symlink: /home/saber/robox_ws/install/moveit_common/share/moveit_common/cmake/moveit_commonConfig.cmake
[0.265s] -- Up-to-date symlink: /home/saber/robox_ws/install/moveit_common/share/moveit_common/cmake/moveit_commonConfig-version.cmake
[0.265s] -- Up-to-date symlink: /home/saber/robox_ws/install/moveit_common/share/moveit_common/package.xml
[0.265s] -- Up-to-date symlink: /home/saber/robox_ws/install/moveit_common/share/moveit_common/cmake/moveit_package.cmake
[0.268s] Invoked command in '/home/saber/robox_ws/build/moveit_common' returned '0': CMAKE_PREFIX_PATH=${CMAKE_PREFIX_PATH}:/home/saber/robox_ws/install/arduinobot_py_examples:/home/saber/robox_ws/install/moveit_configs_utils:/home/saber/arduinobot_ws/install/arduinobot_py_examples:/opt/ros/jazzy DEBUGINFOD_URLS=https://debuginfod.ubuntu.com /usr/bin/cmake --install /home/saber/robox_ws/build/moveit_common
