-- Found moveit_common: 2.12.3 (/home/saber/robox_ws/install/moveit_common/share/moveit_common/cmake)
-- Found ament_cmake: 2.5.4 (/opt/ros/jazzy/share/ament_cmake/cmake)
-- Override CMake install command with custom implementation using symlinks instead of copying resources
-- Found moveit_core: 2.12.3 (/home/saber/robox_ws/install/moveit_core/share/moveit_core/cmake)
-- Found Boost: /usr/lib/x86_64-linux-gnu/cmake/Boost-1.83.0/BoostConfig.cmake (found version "1.83.0") found components: chrono date_time filesystem iostreams program_options regex serialization system thread 
-- Found parameter_traits: 0.4.0 (/opt/ros/jazzy/share/parameter_traits/cmake)
-- Found rosidl_generator_c: 4.6.5 (/opt/ros/jazzy/share/rosidl_generator_c/cmake)
-- Found rosidl_generator_cpp: 4.6.5 (/opt/ros/jazzy/share/rosidl_generator_cpp/cmake)
-- Using all available rosidl_typesupport_c: rosidl_typesupport_fastrtps_c;rosidl_typesupport_introspection_c
-- Using all available rosidl_typesupport_cpp: rosidl_typesupport_fastrtps_cpp;rosidl_typesupport_introspection_cpp
-- Found rmw_implementation_cmake: 7.3.2 (/opt/ros/jazzy/share/rmw_implementation_cmake/cmake)
-- Found rmw_cyclonedds_cpp: 2.2.3 (/opt/ros/jazzy/share/rmw_cyclonedds_cpp/cmake)
-- Using RMW implementation 'rmw_cyclonedds_cpp' as default
-- Found rclcpp_lifecycle: 28.1.9 (/opt/ros/jazzy/share/rclcpp_lifecycle/cmake)
-- Found Boost: /usr/lib/x86_64-linux-gnu/cmake/Boost-1.83.0/BoostConfig.cmake (found version "1.83.0") found components: filesystem 
-- Ensuring Eigen3 include directory is part of orocos-kdl CMake target
-- Found TinyXML2 via Config file: /usr/lib/x86_64-linux-gnu/cmake/tinyxml2
-- Found chomp_motion_planner: 2.12.3 (/home/saber/robox_ws/install/chomp_motion_planner/share/chomp_motion_planner/cmake)
-- Configuring done (1.1s)
-- Generating done (0.1s)
-- Build files have been written to: /home/saber/robox_ws/build/moveit_planners_chomp
[ 60%] Built target moveit_chomp_interface
[100%] Built target moveit_chomp_planner_plugin
-- Install configuration: "Release"
-- Execute custom install script
-- Up-to-date symlink: /home/saber/robox_ws/install/moveit_planners_chomp/share/moveit_planners_chomp/environment/library_path.sh
-- Up-to-date symlink: /home/saber/robox_ws/install/moveit_planners_chomp/share/moveit_planners_chomp/environment/library_path.dsv
-- Up-to-date symlink: /home/saber/robox_ws/install/moveit_planners_chomp/share/moveit_planners_chomp//chomp_interface_plugin_description.xml
-- Up-to-date symlink: /home/saber/robox_ws/install/moveit_planners_chomp/share/ament_index/resource_index/package_run_dependencies/moveit_planners_chomp
-- Up-to-date symlink: /home/saber/robox_ws/install/moveit_planners_chomp/share/ament_index/resource_index/parent_prefix_path/moveit_planners_chomp
-- Up-to-date symlink: /home/saber/robox_ws/install/moveit_planners_chomp/share/moveit_planners_chomp/environment/ament_prefix_path.sh
-- Up-to-date symlink: /home/saber/robox_ws/install/moveit_planners_chomp/share/moveit_planners_chomp/environment/ament_prefix_path.dsv
-- Up-to-date symlink: /home/saber/robox_ws/install/moveit_planners_chomp/share/moveit_planners_chomp/environment/path.sh
-- Up-to-date symlink: /home/saber/robox_ws/install/moveit_planners_chomp/share/moveit_planners_chomp/environment/path.dsv
-- Up-to-date symlink: /home/saber/robox_ws/install/moveit_planners_chomp/share/moveit_planners_chomp/local_setup.bash
-- Up-to-date symlink: /home/saber/robox_ws/install/moveit_planners_chomp/share/moveit_planners_chomp/local_setup.sh
-- Up-to-date symlink: /home/saber/robox_ws/install/moveit_planners_chomp/share/moveit_planners_chomp/local_setup.zsh
-- Up-to-date symlink: /home/saber/robox_ws/install/moveit_planners_chomp/share/moveit_planners_chomp/local_setup.dsv
-- Symlinking: /home/saber/robox_ws/install/moveit_planners_chomp/share/moveit_planners_chomp/package.dsv
-- Up-to-date symlink: /home/saber/robox_ws/install/moveit_planners_chomp/share/ament_index/resource_index/packages/moveit_planners_chomp
-- Up-to-date symlink: /home/saber/robox_ws/install/moveit_planners_chomp/share/ament_index/resource_index/moveit_core__pluginlib__plugin/moveit_planners_chomp
-- Up-to-date symlink: /home/saber/robox_ws/install/moveit_planners_chomp/share/moveit_planners_chomp/cmake/ament_cmake_export_targets-extras.cmake
-- Up-to-date symlink: /home/saber/robox_ws/install/moveit_planners_chomp/share/moveit_planners_chomp/cmake/ament_cmake_export_dependencies-extras.cmake
-- Up-to-date symlink: /home/saber/robox_ws/install/moveit_planners_chomp/share/moveit_planners_chomp/cmake/moveit_planners_chompConfig.cmake
-- Up-to-date symlink: /home/saber/robox_ws/install/moveit_planners_chomp/share/moveit_planners_chomp/cmake/moveit_planners_chompConfig-version.cmake
-- Up-to-date symlink: /home/saber/robox_ws/install/moveit_planners_chomp/share/moveit_planners_chomp/package.xml
-- Up-to-date: /home/saber/robox_ws/install/moveit_planners_chomp/lib/libmoveit_chomp_interface.so.2.12.3
-- Up-to-date: /home/saber/robox_ws/install/moveit_planners_chomp/lib/libmoveit_chomp_interface.so
-- Up-to-date: /home/saber/robox_ws/install/moveit_planners_chomp/lib/libmoveit_chomp_planner_plugin.so
-- Up-to-date: /home/saber/robox_ws/install/moveit_planners_chomp/share/moveit_planners_chomp/cmake/moveit_planners_chompTargetsExport.cmake
-- Up-to-date: /home/saber/robox_ws/install/moveit_planners_chomp/share/moveit_planners_chomp/cmake/moveit_planners_chompTargetsExport-release.cmake
