[0.105s] DEBUG:colcon:Command line arguments: ['/usr/bin/colcon', 'build']
[0.105s] DEBUG:colcon:Parsed command line arguments: Namespace(log_base=None, log_level=None, verb_name='build', build_base='build', install_base='install', merge_install=False, symlink_install=False, test_result_base=None, continue_on_error=False, executor='parallel', parallel_workers=16, event_handlers=None, ignore_user_meta=False, metas=['./colcon.meta'], base_paths=['.'], packages_ignore=None, packages_ignore_regex=None, paths=None, packages_up_to=None, packages_up_to_regex=None, packages_above=None, packages_above_and_dependencies=None, packages_above_depth=None, packages_select_by_dep=None, packages_skip_by_dep=None, packages_skip_up_to=None, packages_select_build_failed=False, packages_skip_build_finished=False, packages_select_test_failures=False, packages_skip_test_passed=False, packages_select=None, packages_skip=None, packages_select_regex=None, packages_skip_regex=None, packages_start=None, packages_end=None, allow_overriding=[], cmake_args=None, cmake_target=None, cmake_target_skip_unavailable=False, cmake_clean_cache=False, cmake_clean_first=False, cmake_force_configure=False, ament_cmake_args=None, catkin_cmake_args=None, catkin_skip_building_tests=False, mixin_files=None, mixin=None, verb_parser=<colcon_mixin.mixin.mixin_argument.MixinArgumentDecorator object at 0x79b6967cb4a0>, verb_extension=<colcon_core.verb.build.BuildVerb object at 0x79b6968eb7d0>, main=<bound method BuildVerb.main of <colcon_core.verb.build.BuildVerb object at 0x79b6968eb7d0>>, mixin_verb=('build',))
[0.138s] Level 1:colcon.colcon_core.package_discovery:discover_packages(colcon_meta) check parameters
[0.138s] Level 1:colcon.colcon_core.package_discovery:discover_packages(recursive) check parameters
[0.138s] Level 1:colcon.colcon_core.package_discovery:discover_packages(ignore) check parameters
[0.138s] Level 1:colcon.colcon_core.package_discovery:discover_packages(path) check parameters
[0.138s] Level 1:colcon.colcon_core.package_discovery:discover_packages(colcon_meta) discover
[0.138s] Level 1:colcon.colcon_core.package_discovery:discover_packages(recursive) discover
[0.138s] INFO:colcon.colcon_core.package_discovery:Crawling recursively for packages in '/home/saber/robox_ws'
[0.138s] Level 1:colcon.colcon_core.package_identification:_identify(.) by extensions ['ignore', 'ignore_ament_install']
[0.138s] Level 1:colcon.colcon_core.package_identification:_identify(.) by extension 'ignore'
[0.139s] Level 1:colcon.colcon_core.package_identification:_identify(.) by extension 'ignore_ament_install'
[0.139s] Level 1:colcon.colcon_core.package_identification:_identify(.) by extensions ['colcon_pkg']
[0.139s] Level 1:colcon.colcon_core.package_identification:_identify(.) by extension 'colcon_pkg'
[0.139s] Level 1:colcon.colcon_core.package_identification:_identify(.) by extensions ['colcon_meta']
[0.139s] Level 1:colcon.colcon_core.package_identification:_identify(.) by extension 'colcon_meta'
[0.139s] Level 1:colcon.colcon_core.package_identification:_identify(.) by extensions ['ros']
[0.139s] Level 1:colcon.colcon_core.package_identification:_identify(.) by extension 'ros'
[0.159s] Level 1:colcon.colcon_core.package_identification:_identify(.) by extensions ['cmake', 'python']
[0.159s] Level 1:colcon.colcon_core.package_identification:_identify(.) by extension 'cmake'
[0.159s] Level 1:colcon.colcon_core.package_identification:_identify(.) by extension 'python'
[0.159s] Level 1:colcon.colcon_core.package_identification:_identify(.) by extensions ['python_setup_py']
[0.159s] Level 1:colcon.colcon_core.package_identification:_identify(.) by extension 'python_setup_py'
[0.159s] Level 1:colcon.colcon_core.package_identification:_identify(PS2_Robot_Arm_under_production) by extensions ['ignore', 'ignore_ament_install']
[0.159s] Level 1:colcon.colcon_core.package_identification:_identify(PS2_Robot_Arm_under_production) by extension 'ignore'
[0.159s] Level 1:colcon.colcon_core.package_identification:_identify(PS2_Robot_Arm_under_production) by extension 'ignore_ament_install'
[0.159s] Level 1:colcon.colcon_core.package_identification:_identify(PS2_Robot_Arm_under_production) by extensions ['colcon_pkg']
[0.159s] Level 1:colcon.colcon_core.package_identification:_identify(PS2_Robot_Arm_under_production) by extension 'colcon_pkg'
[0.159s] Level 1:colcon.colcon_core.package_identification:_identify(PS2_Robot_Arm_under_production) by extensions ['colcon_meta']
[0.160s] Level 1:colcon.colcon_core.package_identification:_identify(PS2_Robot_Arm_under_production) by extension 'colcon_meta'
[0.160s] Level 1:colcon.colcon_core.package_identification:_identify(PS2_Robot_Arm_under_production) by extensions ['ros']
[0.160s] Level 1:colcon.colcon_core.package_identification:_identify(PS2_Robot_Arm_under_production) by extension 'ros'
[0.160s] Level 1:colcon.colcon_core.package_identification:_identify(PS2_Robot_Arm_under_production) by extensions ['cmake', 'python']
[0.160s] Level 1:colcon.colcon_core.package_identification:_identify(PS2_Robot_Arm_under_production) by extension 'cmake'
[0.160s] Level 1:colcon.colcon_core.package_identification:_identify(PS2_Robot_Arm_under_production) by extension 'python'
[0.160s] Level 1:colcon.colcon_core.package_identification:_identify(PS2_Robot_Arm_under_production) by extensions ['python_setup_py']
[0.160s] Level 1:colcon.colcon_core.package_identification:_identify(PS2_Robot_Arm_under_production) by extension 'python_setup_py'
[0.160s] Level 1:colcon.colcon_core.package_identification:_identify(build) by extensions ['ignore', 'ignore_ament_install']
[0.160s] Level 1:colcon.colcon_core.package_identification:_identify(build) by extension 'ignore'
[0.160s] Level 1:colcon.colcon_core.package_identification:_identify(build) ignored
[0.160s] Level 1:colcon.colcon_core.package_identification:_identify(install) by extensions ['ignore', 'ignore_ament_install']
[0.160s] Level 1:colcon.colcon_core.package_identification:_identify(install) by extension 'ignore'
[0.160s] Level 1:colcon.colcon_core.package_identification:_identify(install) ignored
[0.160s] Level 1:colcon.colcon_core.package_identification:_identify(log) by extensions ['ignore', 'ignore_ament_install']
[0.161s] Level 1:colcon.colcon_core.package_identification:_identify(log) by extension 'ignore'
[0.161s] Level 1:colcon.colcon_core.package_identification:_identify(log) ignored
[0.161s] Level 1:colcon.colcon_core.package_identification:_identify(src) by extensions ['ignore', 'ignore_ament_install']
[0.161s] Level 1:colcon.colcon_core.package_identification:_identify(src) by extension 'ignore'
[0.161s] Level 1:colcon.colcon_core.package_identification:_identify(src) by extension 'ignore_ament_install'
[0.161s] Level 1:colcon.colcon_core.package_identification:_identify(src) by extensions ['colcon_pkg']
[0.161s] Level 1:colcon.colcon_core.package_identification:_identify(src) by extension 'colcon_pkg'
[0.161s] Level 1:colcon.colcon_core.package_identification:_identify(src) by extensions ['colcon_meta']
[0.161s] Level 1:colcon.colcon_core.package_identification:_identify(src) by extension 'colcon_meta'
[0.161s] Level 1:colcon.colcon_core.package_identification:_identify(src) by extensions ['ros']
[0.161s] Level 1:colcon.colcon_core.package_identification:_identify(src) by extension 'ros'
[0.161s] Level 1:colcon.colcon_core.package_identification:_identify(src) by extensions ['cmake', 'python']
[0.161s] Level 1:colcon.colcon_core.package_identification:_identify(src) by extension 'cmake'
[0.161s] Level 1:colcon.colcon_core.package_identification:_identify(src) by extension 'python'
[0.161s] Level 1:colcon.colcon_core.package_identification:_identify(src) by extensions ['python_setup_py']
[0.161s] Level 1:colcon.colcon_core.package_identification:_identify(src) by extension 'python_setup_py'
[0.161s] Level 1:colcon.colcon_core.package_identification:_identify(src/arduinobot_py_examples) by extensions ['ignore', 'ignore_ament_install']
[0.161s] Level 1:colcon.colcon_core.package_identification:_identify(src/arduinobot_py_examples) by extension 'ignore'
[0.161s] Level 1:colcon.colcon_core.package_identification:_identify(src/arduinobot_py_examples) by extension 'ignore_ament_install'
[0.161s] Level 1:colcon.colcon_core.package_identification:_identify(src/arduinobot_py_examples) by extensions ['colcon_pkg']
[0.161s] Level 1:colcon.colcon_core.package_identification:_identify(src/arduinobot_py_examples) by extension 'colcon_pkg'
[0.161s] Level 1:colcon.colcon_core.package_identification:_identify(src/arduinobot_py_examples) by extensions ['colcon_meta']
[0.161s] Level 1:colcon.colcon_core.package_identification:_identify(src/arduinobot_py_examples) by extension 'colcon_meta'
[0.161s] Level 1:colcon.colcon_core.package_identification:_identify(src/arduinobot_py_examples) by extensions ['ros']
[0.162s] Level 1:colcon.colcon_core.package_identification:_identify(src/arduinobot_py_examples) by extension 'ros'
[0.163s] DEBUG:colcon.colcon_core.package_identification:Package 'src/arduinobot_py_examples' with type 'ros.ament_python' and name 'arduinobot_py_examples'
[0.163s] Level 1:colcon.colcon_core.package_identification:_identify(src/build) by extensions ['ignore', 'ignore_ament_install']
[0.164s] Level 1:colcon.colcon_core.package_identification:_identify(src/build) by extension 'ignore'
[0.164s] Level 1:colcon.colcon_core.package_identification:_identify(src/build) ignored
[0.164s] Level 1:colcon.colcon_core.package_identification:_identify(src/install) by extensions ['ignore', 'ignore_ament_install']
[0.164s] Level 1:colcon.colcon_core.package_identification:_identify(src/install) by extension 'ignore'
[0.164s] Level 1:colcon.colcon_core.package_identification:_identify(src/install) ignored
[0.164s] Level 1:colcon.colcon_core.package_identification:_identify(src/log) by extensions ['ignore', 'ignore_ament_install']
[0.164s] Level 1:colcon.colcon_core.package_identification:_identify(src/log) by extension 'ignore'
[0.164s] Level 1:colcon.colcon_core.package_identification:_identify(src/log) ignored
[0.164s] Level 1:colcon.colcon_core.package_identification:_identify(src/robox_arm) by extensions ['ignore', 'ignore_ament_install']
[0.164s] Level 1:colcon.colcon_core.package_identification:_identify(src/robox_arm) by extension 'ignore'
[0.164s] Level 1:colcon.colcon_core.package_identification:_identify(src/robox_arm) by extension 'ignore_ament_install'
[0.164s] Level 1:colcon.colcon_core.package_identification:_identify(src/robox_arm) by extensions ['colcon_pkg']
[0.164s] Level 1:colcon.colcon_core.package_identification:_identify(src/robox_arm) by extension 'colcon_pkg'
[0.164s] Level 1:colcon.colcon_core.package_identification:_identify(src/robox_arm) by extensions ['colcon_meta']
[0.164s] Level 1:colcon.colcon_core.package_identification:_identify(src/robox_arm) by extension 'colcon_meta'
[0.164s] Level 1:colcon.colcon_core.package_identification:_identify(src/robox_arm) by extensions ['ros']
[0.164s] Level 1:colcon.colcon_core.package_identification:_identify(src/robox_arm) by extension 'ros'
[0.165s] DEBUG:colcon.colcon_core.package_identification:Package 'src/robox_arm' with type 'ros.ament_cmake' and name 'robox_arm'
[0.165s] Level 1:colcon.colcon_core.package_identification:_identify(src/robox_moveit_config) by extensions ['ignore', 'ignore_ament_install']
[0.165s] Level 1:colcon.colcon_core.package_identification:_identify(src/robox_moveit_config) by extension 'ignore'
[0.165s] Level 1:colcon.colcon_core.package_identification:_identify(src/robox_moveit_config) by extension 'ignore_ament_install'
[0.165s] Level 1:colcon.colcon_core.package_identification:_identify(src/robox_moveit_config) by extensions ['colcon_pkg']
[0.165s] Level 1:colcon.colcon_core.package_identification:_identify(src/robox_moveit_config) by extension 'colcon_pkg'
[0.165s] Level 1:colcon.colcon_core.package_identification:_identify(src/robox_moveit_config) by extensions ['colcon_meta']
[0.165s] Level 1:colcon.colcon_core.package_identification:_identify(src/robox_moveit_config) by extension 'colcon_meta'
[0.165s] Level 1:colcon.colcon_core.package_identification:_identify(src/robox_moveit_config) by extensions ['ros']
[0.165s] Level 1:colcon.colcon_core.package_identification:_identify(src/robox_moveit_config) by extension 'ros'
[0.166s] DEBUG:colcon.colcon_core.package_identification:Package 'src/robox_moveit_config' with type 'ros.ament_cmake' and name 'robox_moveit_config'
[0.166s] Level 1:colcon.colcon_core.package_discovery:discover_packages(recursive) using defaults
[0.166s] Level 1:colcon.colcon_core.package_discovery:discover_packages(ignore) discover
[0.166s] Level 1:colcon.colcon_core.package_discovery:discover_packages(ignore) using defaults
[0.166s] Level 1:colcon.colcon_core.package_discovery:discover_packages(path) discover
[0.166s] Level 1:colcon.colcon_core.package_discovery:discover_packages(path) using defaults
[0.181s] Level 1:colcon.colcon_core.package_discovery:discover_packages(prefix_path) check parameters
[0.181s] Level 1:colcon.colcon_core.package_discovery:discover_packages(prefix_path) discover
[0.183s] DEBUG:colcon.colcon_installed_package_information.package_discovery:Found 17 installed packages in /home/saber/robox_ws/install
[0.185s] DEBUG:colcon.colcon_installed_package_information.package_discovery:Found 432 installed packages in /opt/ros/jazzy
[0.187s] Level 1:colcon.colcon_core.package_discovery:discover_packages(prefix_path) using defaults
[0.236s] Level 5:colcon.colcon_core.verb:set package 'arduinobot_py_examples' build argument 'cmake_args' from command line to 'None'
[0.236s] Level 5:colcon.colcon_core.verb:set package 'arduinobot_py_examples' build argument 'cmake_target' from command line to 'None'
[0.236s] Level 5:colcon.colcon_core.verb:set package 'arduinobot_py_examples' build argument 'cmake_target_skip_unavailable' from command line to 'False'
[0.236s] Level 5:colcon.colcon_core.verb:set package 'arduinobot_py_examples' build argument 'cmake_clean_cache' from command line to 'False'
[0.236s] Level 5:colcon.colcon_core.verb:set package 'arduinobot_py_examples' build argument 'cmake_clean_first' from command line to 'False'
[0.236s] Level 5:colcon.colcon_core.verb:set package 'arduinobot_py_examples' build argument 'cmake_force_configure' from command line to 'False'
[0.236s] Level 5:colcon.colcon_core.verb:set package 'arduinobot_py_examples' build argument 'ament_cmake_args' from command line to 'None'
[0.236s] Level 5:colcon.colcon_core.verb:set package 'arduinobot_py_examples' build argument 'catkin_cmake_args' from command line to 'None'
[0.236s] Level 5:colcon.colcon_core.verb:set package 'arduinobot_py_examples' build argument 'catkin_skip_building_tests' from command line to 'False'
[0.236s] DEBUG:colcon.colcon_core.verb:Building package 'arduinobot_py_examples' with the following arguments: {'ament_cmake_args': None, 'build_base': '/home/saber/robox_ws/build/arduinobot_py_examples', 'catkin_cmake_args': None, 'catkin_skip_building_tests': False, 'cmake_args': None, 'cmake_clean_cache': False, 'cmake_clean_first': False, 'cmake_force_configure': False, 'cmake_target': None, 'cmake_target_skip_unavailable': False, 'install_base': '/home/saber/robox_ws/install/arduinobot_py_examples', 'merge_install': False, 'path': '/home/saber/robox_ws/src/arduinobot_py_examples', 'symlink_install': False, 'test_result_base': None}
[0.237s] Level 5:colcon.colcon_core.verb:set package 'robox_arm' build argument 'cmake_args' from command line to 'None'
[0.237s] Level 5:colcon.colcon_core.verb:set package 'robox_arm' build argument 'cmake_target' from command line to 'None'
[0.237s] Level 5:colcon.colcon_core.verb:set package 'robox_arm' build argument 'cmake_target_skip_unavailable' from command line to 'False'
[0.237s] Level 5:colcon.colcon_core.verb:set package 'robox_arm' build argument 'cmake_clean_cache' from command line to 'False'
[0.237s] Level 5:colcon.colcon_core.verb:set package 'robox_arm' build argument 'cmake_clean_first' from command line to 'False'
[0.237s] Level 5:colcon.colcon_core.verb:set package 'robox_arm' build argument 'cmake_force_configure' from command line to 'False'
[0.237s] Level 5:colcon.colcon_core.verb:set package 'robox_arm' build argument 'ament_cmake_args' from command line to 'None'
[0.237s] Level 5:colcon.colcon_core.verb:set package 'robox_arm' build argument 'catkin_cmake_args' from command line to 'None'
[0.237s] Level 5:colcon.colcon_core.verb:set package 'robox_arm' build argument 'catkin_skip_building_tests' from command line to 'False'
[0.237s] DEBUG:colcon.colcon_core.verb:Building package 'robox_arm' with the following arguments: {'ament_cmake_args': None, 'build_base': '/home/saber/robox_ws/build/robox_arm', 'catkin_cmake_args': None, 'catkin_skip_building_tests': False, 'cmake_args': None, 'cmake_clean_cache': False, 'cmake_clean_first': False, 'cmake_force_configure': False, 'cmake_target': None, 'cmake_target_skip_unavailable': False, 'install_base': '/home/saber/robox_ws/install/robox_arm', 'merge_install': False, 'path': '/home/saber/robox_ws/src/robox_arm', 'symlink_install': False, 'test_result_base': None}
[0.237s] Level 5:colcon.colcon_core.verb:set package 'robox_moveit_config' build argument 'cmake_args' from command line to 'None'
[0.237s] Level 5:colcon.colcon_core.verb:set package 'robox_moveit_config' build argument 'cmake_target' from command line to 'None'
[0.237s] Level 5:colcon.colcon_core.verb:set package 'robox_moveit_config' build argument 'cmake_target_skip_unavailable' from command line to 'False'
[0.237s] Level 5:colcon.colcon_core.verb:set package 'robox_moveit_config' build argument 'cmake_clean_cache' from command line to 'False'
[0.237s] Level 5:colcon.colcon_core.verb:set package 'robox_moveit_config' build argument 'cmake_clean_first' from command line to 'False'
[0.237s] Level 5:colcon.colcon_core.verb:set package 'robox_moveit_config' build argument 'cmake_force_configure' from command line to 'False'
[0.237s] Level 5:colcon.colcon_core.verb:set package 'robox_moveit_config' build argument 'ament_cmake_args' from command line to 'None'
[0.237s] Level 5:colcon.colcon_core.verb:set package 'robox_moveit_config' build argument 'catkin_cmake_args' from command line to 'None'
[0.237s] Level 5:colcon.colcon_core.verb:set package 'robox_moveit_config' build argument 'catkin_skip_building_tests' from command line to 'False'
[0.237s] DEBUG:colcon.colcon_core.verb:Building package 'robox_moveit_config' with the following arguments: {'ament_cmake_args': None, 'build_base': '/home/saber/robox_ws/build/robox_moveit_config', 'catkin_cmake_args': None, 'catkin_skip_building_tests': False, 'cmake_args': None, 'cmake_clean_cache': False, 'cmake_clean_first': False, 'cmake_force_configure': False, 'cmake_target': None, 'cmake_target_skip_unavailable': False, 'install_base': '/home/saber/robox_ws/install/robox_moveit_config', 'merge_install': False, 'path': '/home/saber/robox_ws/src/robox_moveit_config', 'symlink_install': False, 'test_result_base': None}
[0.237s] INFO:colcon.colcon_core.executor:Executing jobs using 'parallel' executor
[0.238s] DEBUG:colcon.colcon_parallel_executor.executor.parallel:run_until_complete
[0.239s] INFO:colcon.colcon_ros.task.ament_cmake.build:Building ROS package in '/home/saber/robox_ws/src/robox_arm' with build type 'ament_cmake'
[0.239s] INFO:colcon.colcon_cmake.task.cmake.build:Building CMake package in '/home/saber/robox_ws/src/robox_arm'
[0.241s] INFO:colcon.colcon_core.plugin_system:Skipping extension 'colcon_core.shell.bat': Not used on non-Windows systems
[0.241s] INFO:colcon.colcon_core.shell:Skip shell extension 'powershell' for command environment: Not usable outside of PowerShell
[0.241s] DEBUG:colcon.colcon_core.shell:Skip shell extension 'dsv' for command environment
[0.246s] INFO:colcon.colcon_ros.task.ament_python.build:Building ROS package in '/home/saber/robox_ws/src/arduinobot_py_examples' with build type 'ament_python'
[0.246s] Level 1:colcon.colcon_core.shell:create_environment_hook('arduinobot_py_examples', 'ament_prefix_path')
[0.246s] INFO:colcon.colcon_core.shell:Creating environment hook '/home/saber/robox_ws/install/arduinobot_py_examples/share/arduinobot_py_examples/hook/ament_prefix_path.ps1'
[0.246s] INFO:colcon.colcon_core.shell:Creating environment descriptor '/home/saber/robox_ws/install/arduinobot_py_examples/share/arduinobot_py_examples/hook/ament_prefix_path.dsv'
[0.247s] INFO:colcon.colcon_core.shell:Creating environment hook '/home/saber/robox_ws/install/arduinobot_py_examples/share/arduinobot_py_examples/hook/ament_prefix_path.sh'
[0.247s] INFO:colcon.colcon_core.shell:Skip shell extension 'powershell' for command environment: Not usable outside of PowerShell
[0.247s] DEBUG:colcon.colcon_core.shell:Skip shell extension 'dsv' for command environment
[0.255s] DEBUG:colcon.colcon_core.event_handler.log_command:Invoking command in '/home/saber/robox_ws/build/robox_arm': CMAKE_PREFIX_PATH=${CMAKE_PREFIX_PATH}:/home/saber/robox_ws/install/moveit_configs_utils:/home/saber/robox_ws/install/arduinobot_py_examples:/opt/ros/jazzy DEBUGINFOD_URLS=https://debuginfod.ubuntu.com /usr/bin/cmake --build /home/saber/robox_ws/build/robox_arm -- -j16 -l16
[0.471s] INFO:colcon.colcon_core.task.python.build:Building Python package in '/home/saber/robox_ws/src/arduinobot_py_examples'
[0.472s] INFO:colcon.colcon_core.shell:Skip shell extension 'powershell' for command environment: Not usable outside of PowerShell
[0.472s] DEBUG:colcon.colcon_core.shell:Skip shell extension 'dsv' for command environment
[0.477s] DEBUG:colcon.colcon_core.event_handler.log_command:Invoked command in '/home/saber/robox_ws/build/robox_arm' returned '0': CMAKE_PREFIX_PATH=${CMAKE_PREFIX_PATH}:/home/saber/robox_ws/install/moveit_configs_utils:/home/saber/robox_ws/install/arduinobot_py_examples:/opt/ros/jazzy DEBUGINFOD_URLS=https://debuginfod.ubuntu.com /usr/bin/cmake --build /home/saber/robox_ws/build/robox_arm -- -j16 -l16
[0.488s] DEBUG:colcon.colcon_core.event_handler.log_command:Invoking command in '/home/saber/robox_ws/build/robox_arm': CMAKE_PREFIX_PATH=${CMAKE_PREFIX_PATH}:/home/saber/robox_ws/install/moveit_configs_utils:/home/saber/robox_ws/install/arduinobot_py_examples:/opt/ros/jazzy DEBUGINFOD_URLS=https://debuginfod.ubuntu.com /usr/bin/cmake --install /home/saber/robox_ws/build/robox_arm
[0.514s] Level 1:colcon.colcon_core.environment:create_environment_scripts_only(robox_arm)
[0.514s] DEBUG:colcon.colcon_core.event_handler.log_command:Invoked command in '/home/saber/robox_ws/build/robox_arm' returned '0': CMAKE_PREFIX_PATH=${CMAKE_PREFIX_PATH}:/home/saber/robox_ws/install/moveit_configs_utils:/home/saber/robox_ws/install/arduinobot_py_examples:/opt/ros/jazzy DEBUGINFOD_URLS=https://debuginfod.ubuntu.com /usr/bin/cmake --install /home/saber/robox_ws/build/robox_arm
[0.516s] Level 1:colcon.colcon_core.environment:checking '/home/saber/robox_ws/install/robox_arm' for CMake module files
[0.516s] Level 1:colcon.colcon_core.environment:checking '/home/saber/robox_ws/install/robox_arm' for CMake config files
[0.517s] Level 1:colcon.colcon_core.shell:create_environment_hook('robox_arm', 'cmake_prefix_path')
[0.517s] INFO:colcon.colcon_core.shell:Creating environment hook '/home/saber/robox_ws/install/robox_arm/share/robox_arm/hook/cmake_prefix_path.ps1'
[0.517s] INFO:colcon.colcon_core.shell:Creating environment descriptor '/home/saber/robox_ws/install/robox_arm/share/robox_arm/hook/cmake_prefix_path.dsv'
[0.517s] INFO:colcon.colcon_core.shell:Creating environment hook '/home/saber/robox_ws/install/robox_arm/share/robox_arm/hook/cmake_prefix_path.sh'
[0.518s] Level 1:colcon.colcon_core.environment:checking '/home/saber/robox_ws/install/robox_arm/bin'
[0.518s] Level 1:colcon.colcon_core.environment:checking '/home/saber/robox_ws/install/robox_arm/lib/pkgconfig/robox_arm.pc'
[0.518s] Level 1:colcon.colcon_core.environment:checking '/home/saber/robox_ws/install/robox_arm/lib/python3.12/site-packages'
[0.518s] Level 1:colcon.colcon_core.environment:checking '/home/saber/robox_ws/install/robox_arm/bin'
[0.519s] INFO:colcon.colcon_core.shell:Creating package script '/home/saber/robox_ws/install/robox_arm/share/robox_arm/package.ps1'
[0.519s] INFO:colcon.colcon_core.shell:Creating package descriptor '/home/saber/robox_ws/install/robox_arm/share/robox_arm/package.dsv'
[0.519s] INFO:colcon.colcon_core.shell:Creating package script '/home/saber/robox_ws/install/robox_arm/share/robox_arm/package.sh'
[0.520s] INFO:colcon.colcon_core.shell:Creating package script '/home/saber/robox_ws/install/robox_arm/share/robox_arm/package.bash'
[0.521s] INFO:colcon.colcon_core.shell:Creating package script '/home/saber/robox_ws/install/robox_arm/share/robox_arm/package.zsh'
[0.521s] Level 1:colcon.colcon_core.environment:create_file_with_runtime_dependencies(/home/saber/robox_ws/install/robox_arm/share/colcon-core/packages/robox_arm)
[0.521s] Level 1:colcon.colcon_core.environment:create_environment_scripts_only(robox_arm)
[0.522s] Level 1:colcon.colcon_core.environment:checking '/home/saber/robox_ws/install/robox_arm' for CMake module files
[0.522s] Level 1:colcon.colcon_core.environment:checking '/home/saber/robox_ws/install/robox_arm' for CMake config files
[0.522s] Level 1:colcon.colcon_core.shell:create_environment_hook('robox_arm', 'cmake_prefix_path')
[0.522s] INFO:colcon.colcon_core.shell:Creating environment hook '/home/saber/robox_ws/install/robox_arm/share/robox_arm/hook/cmake_prefix_path.ps1'
[0.523s] INFO:colcon.colcon_core.shell:Creating environment descriptor '/home/saber/robox_ws/install/robox_arm/share/robox_arm/hook/cmake_prefix_path.dsv'
[0.523s] INFO:colcon.colcon_core.shell:Creating environment hook '/home/saber/robox_ws/install/robox_arm/share/robox_arm/hook/cmake_prefix_path.sh'
[0.523s] Level 1:colcon.colcon_core.environment:checking '/home/saber/robox_ws/install/robox_arm/bin'
[0.523s] Level 1:colcon.colcon_core.environment:checking '/home/saber/robox_ws/install/robox_arm/lib/pkgconfig/robox_arm.pc'
[0.524s] Level 1:colcon.colcon_core.environment:checking '/home/saber/robox_ws/install/robox_arm/lib/python3.12/site-packages'
[0.524s] Level 1:colcon.colcon_core.environment:checking '/home/saber/robox_ws/install/robox_arm/bin'
[0.524s] INFO:colcon.colcon_core.shell:Creating package script '/home/saber/robox_ws/install/robox_arm/share/robox_arm/package.ps1'
[0.524s] INFO:colcon.colcon_core.shell:Creating package descriptor '/home/saber/robox_ws/install/robox_arm/share/robox_arm/package.dsv'
[0.524s] INFO:colcon.colcon_core.shell:Creating package script '/home/saber/robox_ws/install/robox_arm/share/robox_arm/package.sh'
[0.525s] INFO:colcon.colcon_core.shell:Creating package script '/home/saber/robox_ws/install/robox_arm/share/robox_arm/package.bash'
[0.525s] INFO:colcon.colcon_core.shell:Creating package script '/home/saber/robox_ws/install/robox_arm/share/robox_arm/package.zsh'
[0.525s] Level 1:colcon.colcon_core.environment:create_file_with_runtime_dependencies(/home/saber/robox_ws/install/robox_arm/share/colcon-core/packages/robox_arm)
[0.526s] INFO:colcon.colcon_ros.task.ament_cmake.build:Building ROS package in '/home/saber/robox_ws/src/robox_moveit_config' with build type 'ament_cmake'
[0.526s] INFO:colcon.colcon_cmake.task.cmake.build:Building CMake package in '/home/saber/robox_ws/src/robox_moveit_config'
[0.526s] INFO:colcon.colcon_core.shell:Skip shell extension 'powershell' for command environment: Not usable outside of PowerShell
[0.526s] DEBUG:colcon.colcon_core.shell:Skip shell extension 'dsv' for command environment
[0.536s] DEBUG:colcon.colcon_core.event_handler.log_command:Invoking command in '/home/saber/robox_ws/build/robox_moveit_config': CMAKE_PREFIX_PATH=/home/saber/robox_ws/install/robox_arm:/home/saber/robox_ws/install/robox_moveit_config:/home/saber/robox_ws/install/pilz_industrial_motion_planner_testutils:/home/saber/robox_ws/install/moveit_ros_control_interface:/home/saber/robox_ws/install/moveit_plugins:/home/saber/robox_ws/install/moveit_simple_controller_manager:/home/saber/robox_ws/install/moveit_ros_occupancy_map_monitor:/home/saber/robox_ws/install/moveit_resources_prbt_support:/home/saber/robox_ws/install/moveit_resources_prbt_ikfast_manipulator_plugin:/home/saber/robox_ws/install/moveit_planners_stomp:/home/saber/robox_ws/install/moveit_planners_chomp:/home/saber/robox_ws/install/chomp_motion_planner:/home/saber/robox_ws/install/moveit_core:/home/saber/robox_ws/install/moveit_common:/opt/ros/jazzy/opt/gz_sim_vendor:/opt/ros/jazzy/opt/gz_sensors_vendor:/opt/ros/jazzy/opt/gz_physics_vendor:/opt/ros/jazzy/opt/sdformat_vendor:/opt/ros/jazzy/opt/gz_gui_vendor:/opt/ros/jazzy/opt/gz_transport_vendor:/opt/ros/jazzy/opt/gz_rendering_vendor:/opt/ros/jazzy/opt/gz_plugin_vendor:/opt/ros/jazzy/opt/gz_fuel_tools_vendor:/opt/ros/jazzy/opt/gz_msgs_vendor:/opt/ros/jazzy/opt/gz_common_vendor:/opt/ros/jazzy/opt/gz_math_vendor:/opt/ros/jazzy/opt/gz_utils_vendor:/opt/ros/jazzy/opt/gz_tools_vendor:/opt/ros/jazzy/opt/gz_ogre_next_vendor:/opt/ros/jazzy/opt/gz_dartsim_vendor:/opt/ros/jazzy/opt/gz_cmake_vendor:/home/saber/robox_ws/install/moveit_configs_utils:/home/saber/robox_ws/install/arduinobot_py_examples:/opt/ros/jazzy DEBUGINFOD_URLS=https://debuginfod.ubuntu.com /usr/bin/cmake --build /home/saber/robox_ws/build/robox_moveit_config -- -j16 -l16
[0.582s] DEBUG:colcon.colcon_core.event_handler.log_command:Invoked command in '/home/saber/robox_ws/build/robox_moveit_config' returned '0': CMAKE_PREFIX_PATH=/home/saber/robox_ws/install/robox_arm:/home/saber/robox_ws/install/robox_moveit_config:/home/saber/robox_ws/install/pilz_industrial_motion_planner_testutils:/home/saber/robox_ws/install/moveit_ros_control_interface:/home/saber/robox_ws/install/moveit_plugins:/home/saber/robox_ws/install/moveit_simple_controller_manager:/home/saber/robox_ws/install/moveit_ros_occupancy_map_monitor:/home/saber/robox_ws/install/moveit_resources_prbt_support:/home/saber/robox_ws/install/moveit_resources_prbt_ikfast_manipulator_plugin:/home/saber/robox_ws/install/moveit_planners_stomp:/home/saber/robox_ws/install/moveit_planners_chomp:/home/saber/robox_ws/install/chomp_motion_planner:/home/saber/robox_ws/install/moveit_core:/home/saber/robox_ws/install/moveit_common:/opt/ros/jazzy/opt/gz_sim_vendor:/opt/ros/jazzy/opt/gz_sensors_vendor:/opt/ros/jazzy/opt/gz_physics_vendor:/opt/ros/jazzy/opt/sdformat_vendor:/opt/ros/jazzy/opt/gz_gui_vendor:/opt/ros/jazzy/opt/gz_transport_vendor:/opt/ros/jazzy/opt/gz_rendering_vendor:/opt/ros/jazzy/opt/gz_plugin_vendor:/opt/ros/jazzy/opt/gz_fuel_tools_vendor:/opt/ros/jazzy/opt/gz_msgs_vendor:/opt/ros/jazzy/opt/gz_common_vendor:/opt/ros/jazzy/opt/gz_math_vendor:/opt/ros/jazzy/opt/gz_utils_vendor:/opt/ros/jazzy/opt/gz_tools_vendor:/opt/ros/jazzy/opt/gz_ogre_next_vendor:/opt/ros/jazzy/opt/gz_dartsim_vendor:/opt/ros/jazzy/opt/gz_cmake_vendor:/home/saber/robox_ws/install/moveit_configs_utils:/home/saber/robox_ws/install/arduinobot_py_examples:/opt/ros/jazzy DEBUGINFOD_URLS=https://debuginfod.ubuntu.com /usr/bin/cmake --build /home/saber/robox_ws/build/robox_moveit_config -- -j16 -l16
[0.583s] DEBUG:colcon.colcon_core.event_handler.log_command:Invoking command in '/home/saber/robox_ws/build/robox_moveit_config': CMAKE_PREFIX_PATH=/home/saber/robox_ws/install/robox_arm:/home/saber/robox_ws/install/robox_moveit_config:/home/saber/robox_ws/install/pilz_industrial_motion_planner_testutils:/home/saber/robox_ws/install/moveit_ros_control_interface:/home/saber/robox_ws/install/moveit_plugins:/home/saber/robox_ws/install/moveit_simple_controller_manager:/home/saber/robox_ws/install/moveit_ros_occupancy_map_monitor:/home/saber/robox_ws/install/moveit_resources_prbt_support:/home/saber/robox_ws/install/moveit_resources_prbt_ikfast_manipulator_plugin:/home/saber/robox_ws/install/moveit_planners_stomp:/home/saber/robox_ws/install/moveit_planners_chomp:/home/saber/robox_ws/install/chomp_motion_planner:/home/saber/robox_ws/install/moveit_core:/home/saber/robox_ws/install/moveit_common:/opt/ros/jazzy/opt/gz_sim_vendor:/opt/ros/jazzy/opt/gz_sensors_vendor:/opt/ros/jazzy/opt/gz_physics_vendor:/opt/ros/jazzy/opt/sdformat_vendor:/opt/ros/jazzy/opt/gz_gui_vendor:/opt/ros/jazzy/opt/gz_transport_vendor:/opt/ros/jazzy/opt/gz_rendering_vendor:/opt/ros/jazzy/opt/gz_plugin_vendor:/opt/ros/jazzy/opt/gz_fuel_tools_vendor:/opt/ros/jazzy/opt/gz_msgs_vendor:/opt/ros/jazzy/opt/gz_common_vendor:/opt/ros/jazzy/opt/gz_math_vendor:/opt/ros/jazzy/opt/gz_utils_vendor:/opt/ros/jazzy/opt/gz_tools_vendor:/opt/ros/jazzy/opt/gz_ogre_next_vendor:/opt/ros/jazzy/opt/gz_dartsim_vendor:/opt/ros/jazzy/opt/gz_cmake_vendor:/home/saber/robox_ws/install/moveit_configs_utils:/home/saber/robox_ws/install/arduinobot_py_examples:/opt/ros/jazzy DEBUGINFOD_URLS=https://debuginfod.ubuntu.com /usr/bin/cmake --install /home/saber/robox_ws/build/robox_moveit_config
[0.597s] Level 1:colcon.colcon_core.environment:create_environment_scripts_only(robox_moveit_config)
[0.598s] Level 1:colcon.colcon_core.environment:checking '/home/saber/robox_ws/install/robox_moveit_config' for CMake module files
[0.598s] DEBUG:colcon.colcon_core.event_handler.log_command:Invoked command in '/home/saber/robox_ws/build/robox_moveit_config' returned '0': CMAKE_PREFIX_PATH=/home/saber/robox_ws/install/robox_arm:/home/saber/robox_ws/install/robox_moveit_config:/home/saber/robox_ws/install/pilz_industrial_motion_planner_testutils:/home/saber/robox_ws/install/moveit_ros_control_interface:/home/saber/robox_ws/install/moveit_plugins:/home/saber/robox_ws/install/moveit_simple_controller_manager:/home/saber/robox_ws/install/moveit_ros_occupancy_map_monitor:/home/saber/robox_ws/install/moveit_resources_prbt_support:/home/saber/robox_ws/install/moveit_resources_prbt_ikfast_manipulator_plugin:/home/saber/robox_ws/install/moveit_planners_stomp:/home/saber/robox_ws/install/moveit_planners_chomp:/home/saber/robox_ws/install/chomp_motion_planner:/home/saber/robox_ws/install/moveit_core:/home/saber/robox_ws/install/moveit_common:/opt/ros/jazzy/opt/gz_sim_vendor:/opt/ros/jazzy/opt/gz_sensors_vendor:/opt/ros/jazzy/opt/gz_physics_vendor:/opt/ros/jazzy/opt/sdformat_vendor:/opt/ros/jazzy/opt/gz_gui_vendor:/opt/ros/jazzy/opt/gz_transport_vendor:/opt/ros/jazzy/opt/gz_rendering_vendor:/opt/ros/jazzy/opt/gz_plugin_vendor:/opt/ros/jazzy/opt/gz_fuel_tools_vendor:/opt/ros/jazzy/opt/gz_msgs_vendor:/opt/ros/jazzy/opt/gz_common_vendor:/opt/ros/jazzy/opt/gz_math_vendor:/opt/ros/jazzy/opt/gz_utils_vendor:/opt/ros/jazzy/opt/gz_tools_vendor:/opt/ros/jazzy/opt/gz_ogre_next_vendor:/opt/ros/jazzy/opt/gz_dartsim_vendor:/opt/ros/jazzy/opt/gz_cmake_vendor:/home/saber/robox_ws/install/moveit_configs_utils:/home/saber/robox_ws/install/arduinobot_py_examples:/opt/ros/jazzy DEBUGINFOD_URLS=https://debuginfod.ubuntu.com /usr/bin/cmake --install /home/saber/robox_ws/build/robox_moveit_config
[0.598s] Level 1:colcon.colcon_core.environment:checking '/home/saber/robox_ws/install/robox_moveit_config' for CMake config files
[0.598s] Level 1:colcon.colcon_core.shell:create_environment_hook('robox_moveit_config', 'cmake_prefix_path')
[0.598s] INFO:colcon.colcon_core.shell:Creating environment hook '/home/saber/robox_ws/install/robox_moveit_config/share/robox_moveit_config/hook/cmake_prefix_path.ps1'
[0.599s] INFO:colcon.colcon_core.shell:Creating environment descriptor '/home/saber/robox_ws/install/robox_moveit_config/share/robox_moveit_config/hook/cmake_prefix_path.dsv'
[0.599s] INFO:colcon.colcon_core.shell:Creating environment hook '/home/saber/robox_ws/install/robox_moveit_config/share/robox_moveit_config/hook/cmake_prefix_path.sh'
[0.600s] Level 1:colcon.colcon_core.environment:checking '/home/saber/robox_ws/install/robox_moveit_config/bin'
[0.600s] Level 1:colcon.colcon_core.environment:checking '/home/saber/robox_ws/install/robox_moveit_config/lib/pkgconfig/robox_moveit_config.pc'
[0.600s] Level 1:colcon.colcon_core.environment:checking '/home/saber/robox_ws/install/robox_moveit_config/lib/python3.12/site-packages'
[0.600s] Level 1:colcon.colcon_core.environment:checking '/home/saber/robox_ws/install/robox_moveit_config/bin'
[0.600s] INFO:colcon.colcon_core.shell:Creating package script '/home/saber/robox_ws/install/robox_moveit_config/share/robox_moveit_config/package.ps1'
[0.600s] INFO:colcon.colcon_core.shell:Creating package descriptor '/home/saber/robox_ws/install/robox_moveit_config/share/robox_moveit_config/package.dsv'
[0.601s] INFO:colcon.colcon_core.shell:Creating package script '/home/saber/robox_ws/install/robox_moveit_config/share/robox_moveit_config/package.sh'
[0.601s] INFO:colcon.colcon_core.shell:Creating package script '/home/saber/robox_ws/install/robox_moveit_config/share/robox_moveit_config/package.bash'
[0.601s] INFO:colcon.colcon_core.shell:Creating package script '/home/saber/robox_ws/install/robox_moveit_config/share/robox_moveit_config/package.zsh'
[0.602s] Level 1:colcon.colcon_core.environment:create_file_with_runtime_dependencies(/home/saber/robox_ws/install/robox_moveit_config/share/colcon-core/packages/robox_moveit_config)
[0.602s] Level 1:colcon.colcon_core.environment:create_environment_scripts_only(robox_moveit_config)
[0.602s] Level 1:colcon.colcon_core.environment:checking '/home/saber/robox_ws/install/robox_moveit_config' for CMake module files
[0.603s] Level 1:colcon.colcon_core.environment:checking '/home/saber/robox_ws/install/robox_moveit_config' for CMake config files
[0.603s] Level 1:colcon.colcon_core.shell:create_environment_hook('robox_moveit_config', 'cmake_prefix_path')
[0.603s] INFO:colcon.colcon_core.shell:Creating environment hook '/home/saber/robox_ws/install/robox_moveit_config/share/robox_moveit_config/hook/cmake_prefix_path.ps1'
[0.603s] INFO:colcon.colcon_core.shell:Creating environment descriptor '/home/saber/robox_ws/install/robox_moveit_config/share/robox_moveit_config/hook/cmake_prefix_path.dsv'
[0.603s] INFO:colcon.colcon_core.shell:Creating environment hook '/home/saber/robox_ws/install/robox_moveit_config/share/robox_moveit_config/hook/cmake_prefix_path.sh'
[0.604s] Level 1:colcon.colcon_core.environment:checking '/home/saber/robox_ws/install/robox_moveit_config/bin'
[0.604s] Level 1:colcon.colcon_core.environment:checking '/home/saber/robox_ws/install/robox_moveit_config/lib/pkgconfig/robox_moveit_config.pc'
[0.604s] Level 1:colcon.colcon_core.environment:checking '/home/saber/robox_ws/install/robox_moveit_config/lib/python3.12/site-packages'
[0.604s] Level 1:colcon.colcon_core.environment:checking '/home/saber/robox_ws/install/robox_moveit_config/bin'
[0.604s] INFO:colcon.colcon_core.shell:Creating package script '/home/saber/robox_ws/install/robox_moveit_config/share/robox_moveit_config/package.ps1'
[0.605s] INFO:colcon.colcon_core.shell:Creating package descriptor '/home/saber/robox_ws/install/robox_moveit_config/share/robox_moveit_config/package.dsv'
[0.605s] INFO:colcon.colcon_core.shell:Creating package script '/home/saber/robox_ws/install/robox_moveit_config/share/robox_moveit_config/package.sh'
[0.605s] INFO:colcon.colcon_core.shell:Creating package script '/home/saber/robox_ws/install/robox_moveit_config/share/robox_moveit_config/package.bash'
[0.606s] INFO:colcon.colcon_core.shell:Creating package script '/home/saber/robox_ws/install/robox_moveit_config/share/robox_moveit_config/package.zsh'
[0.606s] Level 1:colcon.colcon_core.environment:create_file_with_runtime_dependencies(/home/saber/robox_ws/install/robox_moveit_config/share/colcon-core/packages/robox_moveit_config)
[1.161s] DEBUG:colcon.colcon_core.event_handler.log_command:Invoking command in '/home/saber/robox_ws/src/arduinobot_py_examples': DEBUGINFOD_URLS=https://debuginfod.ubuntu.com PYTHONPATH=/home/saber/robox_ws/build/arduinobot_py_examples/prefix_override:/usr/lib/python3/dist-packages/colcon_core/task/python/colcon_distutils_commands:/home/saber/robox_ws/install/arduinobot_py_examples/lib/python3.12/site-packages:${PYTHONPATH} /usr/bin/python3 -W ignore:setup.py install is deprecated -W ignore:easy_install command is deprecated setup.py egg_info --egg-base ../../build/arduinobot_py_examples build --build-base /home/saber/robox_ws/build/arduinobot_py_examples/build install --record /home/saber/robox_ws/build/arduinobot_py_examples/install.log --single-version-externally-managed install_data
[1.808s] Level 1:colcon.colcon_core.environment:checking '/home/saber/robox_ws/install/arduinobot_py_examples' for CMake module files
[1.809s] DEBUG:colcon.colcon_core.event_handler.log_command:Invoked command in '/home/saber/robox_ws/src/arduinobot_py_examples' returned '0': DEBUGINFOD_URLS=https://debuginfod.ubuntu.com PYTHONPATH=/home/saber/robox_ws/build/arduinobot_py_examples/prefix_override:/usr/lib/python3/dist-packages/colcon_core/task/python/colcon_distutils_commands:/home/saber/robox_ws/install/arduinobot_py_examples/lib/python3.12/site-packages:${PYTHONPATH} /usr/bin/python3 -W ignore:setup.py install is deprecated -W ignore:easy_install command is deprecated setup.py egg_info --egg-base ../../build/arduinobot_py_examples build --build-base /home/saber/robox_ws/build/arduinobot_py_examples/build install --record /home/saber/robox_ws/build/arduinobot_py_examples/install.log --single-version-externally-managed install_data
[1.809s] Level 1:colcon.colcon_core.environment:checking '/home/saber/robox_ws/install/arduinobot_py_examples' for CMake config files
[1.810s] Level 1:colcon.colcon_core.environment:checking '/home/saber/robox_ws/install/arduinobot_py_examples/lib'
[1.810s] Level 1:colcon.colcon_core.environment:checking '/home/saber/robox_ws/install/arduinobot_py_examples/bin'
[1.810s] Level 1:colcon.colcon_core.environment:checking '/home/saber/robox_ws/install/arduinobot_py_examples/lib/pkgconfig/arduinobot_py_examples.pc'
[1.810s] Level 1:colcon.colcon_core.environment:checking '/home/saber/robox_ws/install/arduinobot_py_examples/lib/python3.12/site-packages'
[1.810s] Level 1:colcon.colcon_core.shell:create_environment_hook('arduinobot_py_examples', 'pythonpath')
[1.811s] INFO:colcon.colcon_core.shell:Creating environment hook '/home/saber/robox_ws/install/arduinobot_py_examples/share/arduinobot_py_examples/hook/pythonpath.ps1'
[1.811s] INFO:colcon.colcon_core.shell:Creating environment descriptor '/home/saber/robox_ws/install/arduinobot_py_examples/share/arduinobot_py_examples/hook/pythonpath.dsv'
[1.811s] INFO:colcon.colcon_core.shell:Creating environment hook '/home/saber/robox_ws/install/arduinobot_py_examples/share/arduinobot_py_examples/hook/pythonpath.sh'
[1.812s] Level 1:colcon.colcon_core.environment:checking '/home/saber/robox_ws/install/arduinobot_py_examples/bin'
[1.812s] Level 1:colcon.colcon_core.environment:create_environment_scripts_only(arduinobot_py_examples)
[1.812s] INFO:colcon.colcon_core.shell:Creating package script '/home/saber/robox_ws/install/arduinobot_py_examples/share/arduinobot_py_examples/package.ps1'
[1.812s] INFO:colcon.colcon_core.shell:Creating package descriptor '/home/saber/robox_ws/install/arduinobot_py_examples/share/arduinobot_py_examples/package.dsv'
[1.813s] INFO:colcon.colcon_core.shell:Creating package script '/home/saber/robox_ws/install/arduinobot_py_examples/share/arduinobot_py_examples/package.sh'
[1.813s] INFO:colcon.colcon_core.shell:Creating package script '/home/saber/robox_ws/install/arduinobot_py_examples/share/arduinobot_py_examples/package.bash'
[1.813s] INFO:colcon.colcon_core.shell:Creating package script '/home/saber/robox_ws/install/arduinobot_py_examples/share/arduinobot_py_examples/package.zsh'
[1.814s] Level 1:colcon.colcon_core.environment:create_file_with_runtime_dependencies(/home/saber/robox_ws/install/arduinobot_py_examples/share/colcon-core/packages/arduinobot_py_examples)
[1.814s] DEBUG:colcon.colcon_parallel_executor.executor.parallel:closing loop
[1.814s] DEBUG:colcon.colcon_parallel_executor.executor.parallel:loop closed
[1.814s] DEBUG:colcon.colcon_parallel_executor.executor.parallel:run_until_complete finished with '0'
[1.814s] DEBUG:colcon.colcon_core.event_reactor:joining thread
[1.820s] INFO:colcon.colcon_core.plugin_system:Skipping extension 'colcon_notification.desktop_notification.terminal_notifier': Not used on non-Darwin systems
[1.820s] INFO:colcon.colcon_core.plugin_system:Skipping extension 'colcon_notification.desktop_notification.win32': Not used on non-Windows systems
[1.820s] INFO:colcon.colcon_notification.desktop_notification:Sending desktop notification using 'notify2'
[1.842s] DEBUG:colcon.colcon_core.event_reactor:joined thread
[1.843s] INFO:colcon.colcon_core.shell:Creating prefix script '/home/saber/robox_ws/install/local_setup.ps1'
[1.844s] INFO:colcon.colcon_core.shell:Creating prefix util module '/home/saber/robox_ws/install/_local_setup_util_ps1.py'
[1.846s] INFO:colcon.colcon_core.shell:Creating prefix chain script '/home/saber/robox_ws/install/setup.ps1'
[1.848s] INFO:colcon.colcon_core.shell:Creating prefix script '/home/saber/robox_ws/install/local_setup.sh'
[1.848s] INFO:colcon.colcon_core.shell:Creating prefix util module '/home/saber/robox_ws/install/_local_setup_util_sh.py'
[1.849s] INFO:colcon.colcon_core.shell:Creating prefix chain script '/home/saber/robox_ws/install/setup.sh'
[1.850s] INFO:colcon.colcon_core.shell:Creating prefix script '/home/saber/robox_ws/install/local_setup.bash'
[1.850s] INFO:colcon.colcon_core.shell:Creating prefix chain script '/home/saber/robox_ws/install/setup.bash'
[1.851s] INFO:colcon.colcon_core.shell:Creating prefix script '/home/saber/robox_ws/install/local_setup.zsh'
[1.852s] INFO:colcon.colcon_core.shell:Creating prefix chain script '/home/saber/robox_ws/install/setup.zsh'
