-- Found ament_cmake: 2.5.4 (/opt/ros/jazzy/share/ament_cmake/cmake)
-- Override CMake install command with custom implementation using symlinks instead of copying resources
-- Found ament_lint_auto: 0.17.2 (/opt/ros/jazzy/share/ament_lint_auto/cmake)
-- Added test 'lint_cmake' to check CMake code style
-- Added test 'xmllint' to check XML markup files
-- Configuring done (0.4s)
-- Generating done (0.0s)
-- Build files have been written to: /home/saber/robox_ws/build/arm_moveit
-- Install configuration: ""
-- Execute custom install script
-- Up-to-date symlink: /home/saber/robox_ws/install/arm_moveit/share/ament_index/resource_index/package_run_dependencies/arm_moveit
-- Up-to-date symlink: /home/saber/robox_ws/install/arm_moveit/share/ament_index/resource_index/parent_prefix_path/arm_moveit
-- Up-to-date symlink: /home/saber/robox_ws/install/arm_moveit/share/arm_moveit/environment/ament_prefix_path.sh
-- Up-to-date symlink: /home/saber/robox_ws/install/arm_moveit/share/arm_moveit/environment/ament_prefix_path.dsv
-- Up-to-date symlink: /home/saber/robox_ws/install/arm_moveit/share/arm_moveit/environment/path.sh
-- Up-to-date symlink: /home/saber/robox_ws/install/arm_moveit/share/arm_moveit/environment/path.dsv
-- Up-to-date symlink: /home/saber/robox_ws/install/arm_moveit/share/arm_moveit/local_setup.bash
-- Up-to-date symlink: /home/saber/robox_ws/install/arm_moveit/share/arm_moveit/local_setup.sh
-- Up-to-date symlink: /home/saber/robox_ws/install/arm_moveit/share/arm_moveit/local_setup.zsh
-- Up-to-date symlink: /home/saber/robox_ws/install/arm_moveit/share/arm_moveit/local_setup.dsv
-- Symlinking: /home/saber/robox_ws/install/arm_moveit/share/arm_moveit/package.dsv
-- Up-to-date symlink: /home/saber/robox_ws/install/arm_moveit/share/ament_index/resource_index/packages/arm_moveit
-- Up-to-date symlink: /home/saber/robox_ws/install/arm_moveit/share/arm_moveit/cmake/arm_moveitConfig.cmake
-- Up-to-date symlink: /home/saber/robox_ws/install/arm_moveit/share/arm_moveit/cmake/arm_moveitConfig-version.cmake
-- Up-to-date symlink: /home/saber/robox_ws/install/arm_moveit/share/arm_moveit/package.xml
