-- Found moveit_common: 2.12.3 (/home/saber/robox_ws/install/moveit_common/share/moveit_common/cmake)
-- Found ament_cmake: 2.5.4 (/opt/ros/jazzy/share/ament_cmake/cmake)
-- Override CMake install command with custom implementation using symlinks instead of copying resources
-- Found ament_index_cpp: 1.8.1 (/opt/ros/jazzy/share/ament_index_cpp/cmake)
-- Found Boost: /usr/lib/x86_64-linux-gnu/cmake/Boost-1.83.0/BoostConfig.cmake (found version "1.83.0") found components: program_options 
-- Found moveit_setup_framework: 2.12.3 (/home/saber/robox_ws/install/moveit_setup_framework/share/moveit_setup_framework/cmake)
-- Found rosidl_generator_c: 4.6.5 (/opt/ros/jazzy/share/rosidl_generator_c/cmake)
-- Found rosidl_generator_cpp: 4.6.5 (/opt/ros/jazzy/share/rosidl_generator_cpp/cmake)
-- Using all available rosidl_typesupport_c: rosidl_typesupport_fastrtps_c;rosidl_typesupport_introspection_c
-- Using all available rosidl_typesupport_cpp: rosidl_typesupport_fastrtps_cpp;rosidl_typesupport_introspection_cpp
-- Found rmw_implementation_cmake: 7.3.2 (/opt/ros/jazzy/share/rmw_implementation_cmake/cmake)
-- Found rmw_cyclonedds_cpp: 2.2.3 (/opt/ros/jazzy/share/rmw_cyclonedds_cpp/cmake)
-- Using RMW implementation 'rmw_cyclonedds_cpp' as default
-- Found Boost: /usr/lib/x86_64-linux-gnu/cmake/Boost-1.83.0/BoostConfig.cmake (found version "1.83.0") found components: chrono date_time filesystem iostreams program_options regex serialization system thread 
-- Found parameter_traits: 0.4.0 (/opt/ros/jazzy/share/parameter_traits/cmake)
-- Found rclcpp_lifecycle: 28.1.9 (/opt/ros/jazzy/share/rclcpp_lifecycle/cmake)
-- Found Boost: /usr/lib/x86_64-linux-gnu/cmake/Boost-1.83.0/BoostConfig.cmake (found version "1.83.0") found components: filesystem 
-- Ensuring Eigen3 include directory is part of orocos-kdl CMake target
-- Found TinyXML2 via Config file: /usr/lib/x86_64-linux-gnu/cmake/tinyxml2
-- Found Boost: /usr/lib/x86_64-linux-gnu/cmake/Boost-1.83.0/BoostConfig.cmake (found version "1.83.0") found components: system filesystem date_time program_options thread chrono 
-- Found Boost: /usr/lib/x86_64-linux-gnu/cmake/Boost-1.83.0/BoostConfig.cmake (found version "1.83.0") found components: thread date_time system filesystem 
-- Found Boost: /usr/lib/x86_64-linux-gnu/cmake/Boost-1.83.0/BoostConfig.cmake (found version "1.83.0") found components: date_time filesystem program_options system thread 
-- Found Boost: /usr/lib/x86_64-linux-gnu/cmake/Boost-1.83.0/BoostConfig.cmake (found version "1.83.0") found components: thread system filesystem regex date_time program_options 
-- Found Boost: /usr/lib/x86_64-linux-gnu/cmake/Boost-1.83.0/BoostConfig.cmake (found version "1.83.0") found components: system filesystem date_time program_options thread 
-- Setting OGRE_DIR to: '/opt/ros/jazzy/share/rviz_ogre_vendor/cmake/../../../opt/rviz_ogre_vendor/lib/OGRE/cmake'
-- Found OGRE
--   static     : OFF
--   components : MeshLodGenerator;Overlay;Paging;Property;RTShaderSystem;Terrain;Volume
--   plugins    : Plugin_BSPSceneManager;Plugin_OctreeSceneManager;Plugin_PCZSceneManager;Plugin_ParticleFX;RenderSystem_GL;RenderSystem_GL3Plus;Codec_STBI
--   media      : /opt/ros/jazzy/opt/rviz_ogre_vendor/share/OGRE/Media
-- OGRE_LIBRARIES: OgreMeshLodGenerator;OgreOverlay;OgrePaging;OgreProperty;OgreRTShaderSystem;OgreTerrain;OgreVolume;OgreMain
-- OGRE_LIBRARY_DIRS: /opt/ros/jazzy/opt/rviz_ogre_vendor/lib
-- OGRE_PLUGINS: Plugin_BSPSceneManager;Plugin_OctreeSceneManager;Plugin_PCZSceneManager;Plugin_ParticleFX;RenderSystem_GL;RenderSystem_GL3Plus;Codec_STBI
-- OGRE_PLUGIN_DIR: /opt/ros/jazzy/opt/rviz_ogre_vendor/lib/OGRE
-- rviz_ogre_vendor::OgreOverlay for IMPORTED_LOCATION_RELEASE: /opt/ros/jazzy/opt/rviz_ogre_vendor/lib/libOgreOverlay.so
-- rviz_ogre_vendor::OgreOverlay for IMPORTED_LOCATION_DEBUG: /opt/ros/jazzy/opt/rviz_ogre_vendor/lib/libOgreOverlay.so
-- rviz_ogre_vendor::OgreMain for IMPORTED_LOCATION_RELEASE: /opt/ros/jazzy/opt/rviz_ogre_vendor/lib/libOgreMain.so
-- rviz_ogre_vendor::OgreMain for IMPORTED_LOCATION_DEBUG: /opt/ros/jazzy/opt/rviz_ogre_vendor/lib/libOgreMain.so
-- Setting yaml-cpp_DIR to: '/opt/ros/jazzy/share/yaml_cpp_vendor/cmake/../../../opt/yaml_cpp_vendor/share/cmake/yaml-cpp'
-- Found moveit_setup_srdf_plugins: 2.12.3 (/home/saber/robox_ws/install/moveit_setup_srdf_plugins/share/moveit_setup_srdf_plugins/cmake)
-- Configuring done (1.4s)
-- Generating done (0.1s)
-- Build files have been written to: /home/saber/robox_ws/build/moveit_setup_assistant
[  0%] Built target moveit_setup_assistant_autogen_timestamp_deps
[  0%] Built target moveit_setup_assistant_updater_autogen_timestamp_deps
[  7%] [34m[1mAutomatic MOC for target moveit_setup_assistant_updater[0m
[  7%] Built target moveit_setup_assistant_updater_autogen
[ 14%] [34m[1mAutomatic MOC for target moveit_setup_assistant[0m
[ 35%] Built target moveit_setup_assistant_updater
[ 35%] Built target moveit_setup_assistant_autogen
[100%] Built target moveit_setup_assistant
-- Install configuration: "Release"
-- Execute custom install script
-- Symlinking: /home/saber/robox_ws/install/moveit_setup_assistant/include/moveit_setup_assistant/moveit_setup_assistant/navigation_widget.h
-- Symlinking: /home/saber/robox_ws/install/moveit_setup_assistant/include/moveit_setup_assistant/moveit_setup_assistant/navigation_widget.hpp
-- Symlinking: /home/saber/robox_ws/install/moveit_setup_assistant/include/moveit_setup_assistant/moveit_setup_assistant/setup_assistant_widget.h
-- Symlinking: /home/saber/robox_ws/install/moveit_setup_assistant/include/moveit_setup_assistant/moveit_setup_assistant/setup_assistant_widget.hpp
-- Symlinking: /home/saber/robox_ws/install/moveit_setup_assistant/share/moveit_setup_assistant/launch/setup_assistant.launch.py
-- Symlinking: /home/saber/robox_ws/install/moveit_setup_assistant/share/moveit_setup_assistant/resources/MoveIt_Setup_Assistant2.png
-- Symlinking: /home/saber/robox_ws/install/moveit_setup_assistant/share/moveit_setup_assistant/environment/library_path.sh
-- Symlinking: /home/saber/robox_ws/install/moveit_setup_assistant/share/moveit_setup_assistant/environment/library_path.dsv
-- Symlinking: /home/saber/robox_ws/install/moveit_setup_assistant/share/ament_index/resource_index/package_run_dependencies/moveit_setup_assistant
-- Symlinking: /home/saber/robox_ws/install/moveit_setup_assistant/share/ament_index/resource_index/parent_prefix_path/moveit_setup_assistant
-- Symlinking: /home/saber/robox_ws/install/moveit_setup_assistant/share/moveit_setup_assistant/environment/ament_prefix_path.sh
-- Symlinking: /home/saber/robox_ws/install/moveit_setup_assistant/share/moveit_setup_assistant/environment/ament_prefix_path.dsv
-- Symlinking: /home/saber/robox_ws/install/moveit_setup_assistant/share/moveit_setup_assistant/environment/path.sh
-- Symlinking: /home/saber/robox_ws/install/moveit_setup_assistant/share/moveit_setup_assistant/environment/path.dsv
-- Symlinking: /home/saber/robox_ws/install/moveit_setup_assistant/share/moveit_setup_assistant/local_setup.bash
-- Symlinking: /home/saber/robox_ws/install/moveit_setup_assistant/share/moveit_setup_assistant/local_setup.sh
-- Symlinking: /home/saber/robox_ws/install/moveit_setup_assistant/share/moveit_setup_assistant/local_setup.zsh
-- Symlinking: /home/saber/robox_ws/install/moveit_setup_assistant/share/moveit_setup_assistant/local_setup.dsv
-- Symlinking: /home/saber/robox_ws/install/moveit_setup_assistant/share/moveit_setup_assistant/package.dsv
-- Symlinking: /home/saber/robox_ws/install/moveit_setup_assistant/share/ament_index/resource_index/packages/moveit_setup_assistant
-- Symlinking: /home/saber/robox_ws/install/moveit_setup_assistant/share/moveit_setup_assistant/cmake/ament_cmake_export_include_directories-extras.cmake
-- Symlinking: /home/saber/robox_ws/install/moveit_setup_assistant/share/moveit_setup_assistant/cmake/ament_cmake_export_targets-extras.cmake
-- Symlinking: /home/saber/robox_ws/install/moveit_setup_assistant/share/moveit_setup_assistant/cmake/ament_cmake_export_dependencies-extras.cmake
-- Symlinking: /home/saber/robox_ws/install/moveit_setup_assistant/share/moveit_setup_assistant/cmake/moveit_setup_assistantConfig.cmake
-- Symlinking: /home/saber/robox_ws/install/moveit_setup_assistant/share/moveit_setup_assistant/cmake/moveit_setup_assistantConfig-version.cmake
-- Symlinking: /home/saber/robox_ws/install/moveit_setup_assistant/share/moveit_setup_assistant/package.xml
-- Up-to-date: /home/saber/robox_ws/install/moveit_setup_assistant/lib/moveit_setup_assistant/moveit_setup_assistant
-- Up-to-date: /home/saber/robox_ws/install/moveit_setup_assistant/lib/moveit_setup_assistant/collisions_updater
-- Up-to-date: /home/saber/robox_ws/install/moveit_setup_assistant/share/moveit_setup_assistant/cmake/moveit_setup_assistantTargetsExport.cmake
-- Up-to-date: /home/saber/robox_ws/install/moveit_setup_assistant/share/moveit_setup_assistant/cmake/moveit_setup_assistantTargetsExport-release.cmake
