[0.029s] Invoking command in '/home/saber/robox_ws/build/moveit_py': AMENT_PREFIX_PATH=/home/saber/robox_ws/install/moveit_ros_planning_interface:/home/saber/robox_ws/install/moveit_ros_move_group:/home/saber/robox_ws/install/moveit_ros_warehouse:/home/saber/robox_ws/install/moveit_kinematics:/home/saber/robox_ws/install/moveit_ros_planning:/home/saber/robox_ws/install/moveit_simple_controller_manager:/home/saber/robox_ws/install/moveit_ros_occupancy_map_monitor:/home/saber/robox_ws/install/moveit_core:/home/saber/robox_ws/install/moveit_configs_utils:/home/saber/robox_ws/install/moveit_common:${AMENT_PREFIX_PATH} CMAKE_PREFIX_PATH=/home/saber/robox_ws/install/moveit_ros_planning_interface:/home/saber/robox_ws/install/moveit_ros_move_group:/home/saber/robox_ws/install/moveit_ros_warehouse:/home/saber/robox_ws/install/moveit_kinematics:/home/saber/robox_ws/install/moveit_ros_planning:/home/saber/robox_ws/install/moveit_simple_controller_manager:/home/saber/robox_ws/install/moveit_ros_occupancy_map_monitor:/home/saber/robox_ws/install/moveit_core:/home/saber/robox_ws/install/moveit_common:/home/saber/arduinobot_ws/install/controller:/home/saber/arduinobot_ws/install/arm_description:/home/saber/arduinobot_ws/install/arduinobot_cpp_examples:/opt/ros/jazzy/opt/gz_sim_vendor:/opt/ros/jazzy/opt/gz_sensors_vendor:/opt/ros/jazzy/opt/gz_physics_vendor:/opt/ros/jazzy/opt/sdformat_vendor:/opt/ros/jazzy/opt/gz_gui_vendor:/opt/ros/jazzy/opt/gz_transport_vendor:/opt/ros/jazzy/opt/gz_rendering_vendor:/opt/ros/jazzy/opt/gz_plugin_vendor:/opt/ros/jazzy/opt/gz_fuel_tools_vendor:/opt/ros/jazzy/opt/gz_msgs_vendor:/opt/ros/jazzy/opt/gz_common_vendor:/opt/ros/jazzy/opt/gz_math_vendor:/opt/ros/jazzy/opt/gz_utils_vendor:/opt/ros/jazzy/opt/gz_tools_vendor:/opt/ros/jazzy/opt/gz_ogre_next_vendor:/opt/ros/jazzy/opt/gz_dartsim_vendor:/opt/ros/jazzy/opt/gz_cmake_vendor:/home/saber/arduinobot_ws/install/arduinobot_py_examples:/opt/ros/jazzy DEBUGINFOD_URLS=https://debuginfod.ubuntu.com LD_LIBRARY_PATH=/home/saber/robox_ws/install/moveit_ros_planning_interface/lib:/home/saber/robox_ws/install/moveit_ros_move_group/lib:/home/saber/robox_ws/install/moveit_ros_warehouse/lib:/home/saber/robox_ws/install/moveit_kinematics/lib:/home/saber/robox_ws/install/moveit_ros_planning/lib:/home/saber/robox_ws/install/moveit_simple_controller_manager/lib:/home/saber/robox_ws/install/moveit_ros_occupancy_map_monitor/lib:/home/saber/robox_ws/install/moveit_core/lib:${LD_LIBRARY_PATH} PATH=/home/saber/robox_ws/install/moveit_core/bin:${PATH} PYTHONPATH=/home/saber/robox_ws/install/moveit_configs_utils/lib/python3.12/site-packages:${PYTHONPATH} /usr/bin/cmake /home/saber/robox_ws/src/moveit2/moveit_py -DCMAKE_INSTALL_PREFIX=/home/saber/robox_ws/install/moveit_py
[0.049s] -- Found ament_cmake: 2.5.4 (/opt/ros/jazzy/share/ament_cmake/cmake)
[0.088s] -- Found Python3: /usr/bin/python3 (found version "3.12.3") found components: Interpreter 
[0.198s] -- Override CMake install command with custom implementation using symlinks instead of copying resources
[0.219s] -- Found rclcpp: 28.1.9 (/opt/ros/jazzy/share/rclcpp/cmake)
[0.286s] -- Found rosidl_generator_c: 4.6.5 (/opt/ros/jazzy/share/rosidl_generator_c/cmake)
[0.299s] -- Found rosidl_generator_cpp: 4.6.5 (/opt/ros/jazzy/share/rosidl_generator_cpp/cmake)
[0.314s] -- Using all available rosidl_typesupport_c: rosidl_typesupport_fastrtps_c;rosidl_typesupport_introspection_c
[0.330s] -- Using all available rosidl_typesupport_cpp: rosidl_typesupport_fastrtps_cpp;rosidl_typesupport_introspection_cpp
[0.403s] -- Found rmw_implementation_cmake: 7.3.2 (/opt/ros/jazzy/share/rmw_implementation_cmake/cmake)
[0.408s] -- Found rmw_cyclonedds_cpp: 2.2.3 (/opt/ros/jazzy/share/rmw_cyclonedds_cpp/cmake)
[0.445s] -- Using RMW implementation 'rmw_cyclonedds_cpp' as default
[0.518s] -- Found rclpy: 7.1.4 (/opt/ros/jazzy/share/rclpy/cmake)
[0.518s] -- Found geometry_msgs: 5.3.6 (/opt/ros/jazzy/share/geometry_msgs/cmake)
[0.555s] -- Found moveit_ros_planning: 2.12.3 (/home/saber/robox_ws/install/moveit_ros_planning/share/moveit_ros_planning/cmake)
[0.571s] -- Found Boost: /usr/lib/x86_64-linux-gnu/cmake/Boost-1.83.0/BoostConfig.cmake (found version "1.83.0") found components: system filesystem date_time program_options thread chrono 
[0.580s] -- Found parameter_traits: 0.4.0 (/opt/ros/jazzy/share/parameter_traits/cmake)
[0.588s] -- Found rclcpp_lifecycle: 28.1.9 (/opt/ros/jazzy/share/rclcpp_lifecycle/cmake)
[0.637s] -- Found Boost: /usr/lib/x86_64-linux-gnu/cmake/Boost-1.83.0/BoostConfig.cmake (found version "1.83.0") found components: chrono date_time filesystem iostreams program_options regex serialization system thread 
[0.676s] -- Found Boost: /usr/lib/x86_64-linux-gnu/cmake/Boost-1.83.0/BoostConfig.cmake (found version "1.83.0") found components: filesystem 
[0.769s] -- Ensuring Eigen3 include directory is part of orocos-kdl CMake target
[1.014s] -- Found TinyXML2 via Config file: /usr/lib/x86_64-linux-gnu/cmake/tinyxml2
[1.248s] -- Found moveit_ros_planning_interface: 2.12.3 (/home/saber/robox_ws/install/moveit_ros_planning_interface/share/moveit_ros_planning_interface/cmake)
[1.257s] -- Found Boost: /usr/lib/x86_64-linux-gnu/cmake/Boost-1.83.0/BoostConfig.cmake (found version "1.83.0") found components: date_time filesystem program_options system thread 
[1.293s] -- Found Boost: /usr/lib/x86_64-linux-gnu/cmake/Boost-1.83.0/BoostConfig.cmake (found version "1.83.0") found components: thread system filesystem regex date_time program_options 
[1.413s] -- Found Boost: /usr/lib/x86_64-linux-gnu/cmake/Boost-1.83.0/BoostConfig.cmake (found version "1.83.0") found components: system filesystem date_time program_options thread 
[1.743s] -- Found Python3: /usr/bin/python3 (found version "3.12.3") found components: Interpreter Development Development.Module Development.Embed 
[1.758s] -- Found pybind11_vendor: 3.1.3 (/opt/ros/jazzy/share/pybind11_vendor/cmake)
[1.765s] -- Found pybind11: /usr/include (found version "2.11.1")
[2.370s] -- Found ament_cmake_pytest: 2.5.4 (/opt/ros/jazzy/share/ament_cmake_pytest/cmake)
[17.665s] -- Configuring done (17.3s)
[20.641s] -- Generating done (0.8s)
[20.793s] -- Build files have been written to: /home/saber/robox_ws/build/moveit_py
[22.581s] Invoked command in '/home/saber/robox_ws/build/moveit_py' returned '0': AMENT_PREFIX_PATH=/home/saber/robox_ws/install/moveit_ros_planning_interface:/home/saber/robox_ws/install/moveit_ros_move_group:/home/saber/robox_ws/install/moveit_ros_warehouse:/home/saber/robox_ws/install/moveit_kinematics:/home/saber/robox_ws/install/moveit_ros_planning:/home/saber/robox_ws/install/moveit_simple_controller_manager:/home/saber/robox_ws/install/moveit_ros_occupancy_map_monitor:/home/saber/robox_ws/install/moveit_core:/home/saber/robox_ws/install/moveit_configs_utils:/home/saber/robox_ws/install/moveit_common:${AMENT_PREFIX_PATH} CMAKE_PREFIX_PATH=/home/saber/robox_ws/install/moveit_ros_planning_interface:/home/saber/robox_ws/install/moveit_ros_move_group:/home/saber/robox_ws/install/moveit_ros_warehouse:/home/saber/robox_ws/install/moveit_kinematics:/home/saber/robox_ws/install/moveit_ros_planning:/home/saber/robox_ws/install/moveit_simple_controller_manager:/home/saber/robox_ws/install/moveit_ros_occupancy_map_monitor:/home/saber/robox_ws/install/moveit_core:/home/saber/robox_ws/install/moveit_common:/home/saber/arduinobot_ws/install/controller:/home/saber/arduinobot_ws/install/arm_description:/home/saber/arduinobot_ws/install/arduinobot_cpp_examples:/opt/ros/jazzy/opt/gz_sim_vendor:/opt/ros/jazzy/opt/gz_sensors_vendor:/opt/ros/jazzy/opt/gz_physics_vendor:/opt/ros/jazzy/opt/sdformat_vendor:/opt/ros/jazzy/opt/gz_gui_vendor:/opt/ros/jazzy/opt/gz_transport_vendor:/opt/ros/jazzy/opt/gz_rendering_vendor:/opt/ros/jazzy/opt/gz_plugin_vendor:/opt/ros/jazzy/opt/gz_fuel_tools_vendor:/opt/ros/jazzy/opt/gz_msgs_vendor:/opt/ros/jazzy/opt/gz_common_vendor:/opt/ros/jazzy/opt/gz_math_vendor:/opt/ros/jazzy/opt/gz_utils_vendor:/opt/ros/jazzy/opt/gz_tools_vendor:/opt/ros/jazzy/opt/gz_ogre_next_vendor:/opt/ros/jazzy/opt/gz_dartsim_vendor:/opt/ros/jazzy/opt/gz_cmake_vendor:/home/saber/arduinobot_ws/install/arduinobot_py_examples:/opt/ros/jazzy DEBUGINFOD_URLS=https://debuginfod.ubuntu.com LD_LIBRARY_PATH=/home/saber/robox_ws/install/moveit_ros_planning_interface/lib:/home/saber/robox_ws/install/moveit_ros_move_group/lib:/home/saber/robox_ws/install/moveit_ros_warehouse/lib:/home/saber/robox_ws/install/moveit_kinematics/lib:/home/saber/robox_ws/install/moveit_ros_planning/lib:/home/saber/robox_ws/install/moveit_simple_controller_manager/lib:/home/saber/robox_ws/install/moveit_ros_occupancy_map_monitor/lib:/home/saber/robox_ws/install/moveit_core/lib:${LD_LIBRARY_PATH} PATH=/home/saber/robox_ws/install/moveit_core/bin:${PATH} PYTHONPATH=/home/saber/robox_ws/install/moveit_configs_utils/lib/python3.12/site-packages:${PYTHONPATH} /usr/bin/cmake /home/saber/robox_ws/src/moveit2/moveit_py -DCMAKE_INSTALL_PREFIX=/home/saber/robox_ws/install/moveit_py
[23.002s] Invoking command in '/home/saber/robox_ws/build/moveit_py': AMENT_PREFIX_PATH=/home/saber/robox_ws/install/moveit_ros_planning_interface:/home/saber/robox_ws/install/moveit_ros_move_group:/home/saber/robox_ws/install/moveit_ros_warehouse:/home/saber/robox_ws/install/moveit_kinematics:/home/saber/robox_ws/install/moveit_ros_planning:/home/saber/robox_ws/install/moveit_simple_controller_manager:/home/saber/robox_ws/install/moveit_ros_occupancy_map_monitor:/home/saber/robox_ws/install/moveit_core:/home/saber/robox_ws/install/moveit_configs_utils:/home/saber/robox_ws/install/moveit_common:${AMENT_PREFIX_PATH} CMAKE_PREFIX_PATH=/home/saber/robox_ws/install/moveit_ros_planning_interface:/home/saber/robox_ws/install/moveit_ros_move_group:/home/saber/robox_ws/install/moveit_ros_warehouse:/home/saber/robox_ws/install/moveit_kinematics:/home/saber/robox_ws/install/moveit_ros_planning:/home/saber/robox_ws/install/moveit_simple_controller_manager:/home/saber/robox_ws/install/moveit_ros_occupancy_map_monitor:/home/saber/robox_ws/install/moveit_core:/home/saber/robox_ws/install/moveit_common:/home/saber/arduinobot_ws/install/controller:/home/saber/arduinobot_ws/install/arm_description:/home/saber/arduinobot_ws/install/arduinobot_cpp_examples:/opt/ros/jazzy/opt/gz_sim_vendor:/opt/ros/jazzy/opt/gz_sensors_vendor:/opt/ros/jazzy/opt/gz_physics_vendor:/opt/ros/jazzy/opt/sdformat_vendor:/opt/ros/jazzy/opt/gz_gui_vendor:/opt/ros/jazzy/opt/gz_transport_vendor:/opt/ros/jazzy/opt/gz_rendering_vendor:/opt/ros/jazzy/opt/gz_plugin_vendor:/opt/ros/jazzy/opt/gz_fuel_tools_vendor:/opt/ros/jazzy/opt/gz_msgs_vendor:/opt/ros/jazzy/opt/gz_common_vendor:/opt/ros/jazzy/opt/gz_math_vendor:/opt/ros/jazzy/opt/gz_utils_vendor:/opt/ros/jazzy/opt/gz_tools_vendor:/opt/ros/jazzy/opt/gz_ogre_next_vendor:/opt/ros/jazzy/opt/gz_dartsim_vendor:/opt/ros/jazzy/opt/gz_cmake_vendor:/home/saber/arduinobot_ws/install/arduinobot_py_examples:/opt/ros/jazzy DEBUGINFOD_URLS=https://debuginfod.ubuntu.com LD_LIBRARY_PATH=/home/saber/robox_ws/install/moveit_ros_planning_interface/lib:/home/saber/robox_ws/install/moveit_ros_move_group/lib:/home/saber/robox_ws/install/moveit_ros_warehouse/lib:/home/saber/robox_ws/install/moveit_kinematics/lib:/home/saber/robox_ws/install/moveit_ros_planning/lib:/home/saber/robox_ws/install/moveit_simple_controller_manager/lib:/home/saber/robox_ws/install/moveit_ros_occupancy_map_monitor/lib:/home/saber/robox_ws/install/moveit_core/lib:${LD_LIBRARY_PATH} PATH=/home/saber/robox_ws/install/moveit_core/bin:${PATH} PYTHONPATH=/home/saber/robox_ws/install/moveit_configs_utils/lib/python3.12/site-packages:${PYTHONPATH} /usr/bin/cmake --build /home/saber/robox_ws/build/moveit_py -- -j16 -l16
[23.644s] [  0%] Built target ament_cmake_python_symlink_moveit
[24.024s] [ 12%] Built target moveit_py_utils
[25.819s] running egg_info
[25.845s] writing moveit.egg-info/PKG-INFO
[25.846s] writing dependency_links to moveit.egg-info/dependency_links.txt
[25.846s] writing top-level names to moveit.egg-info/top_level.txt
[25.941s] reading manifest file 'moveit.egg-info/SOURCES.txt'
[25.947s] writing manifest file 'moveit.egg-info/SOURCES.txt'
[26.026s] [ 12%] Built target ament_cmake_python_build_moveit_egg
[26.778s] [ 37%] Built target planning
[27.386s] [100%] Built target core
[28.006s] Invoked command in '/home/saber/robox_ws/build/moveit_py' returned '0': AMENT_PREFIX_PATH=/home/saber/robox_ws/install/moveit_ros_planning_interface:/home/saber/robox_ws/install/moveit_ros_move_group:/home/saber/robox_ws/install/moveit_ros_warehouse:/home/saber/robox_ws/install/moveit_kinematics:/home/saber/robox_ws/install/moveit_ros_planning:/home/saber/robox_ws/install/moveit_simple_controller_manager:/home/saber/robox_ws/install/moveit_ros_occupancy_map_monitor:/home/saber/robox_ws/install/moveit_core:/home/saber/robox_ws/install/moveit_configs_utils:/home/saber/robox_ws/install/moveit_common:${AMENT_PREFIX_PATH} CMAKE_PREFIX_PATH=/home/saber/robox_ws/install/moveit_ros_planning_interface:/home/saber/robox_ws/install/moveit_ros_move_group:/home/saber/robox_ws/install/moveit_ros_warehouse:/home/saber/robox_ws/install/moveit_kinematics:/home/saber/robox_ws/install/moveit_ros_planning:/home/saber/robox_ws/install/moveit_simple_controller_manager:/home/saber/robox_ws/install/moveit_ros_occupancy_map_monitor:/home/saber/robox_ws/install/moveit_core:/home/saber/robox_ws/install/moveit_common:/home/saber/arduinobot_ws/install/controller:/home/saber/arduinobot_ws/install/arm_description:/home/saber/arduinobot_ws/install/arduinobot_cpp_examples:/opt/ros/jazzy/opt/gz_sim_vendor:/opt/ros/jazzy/opt/gz_sensors_vendor:/opt/ros/jazzy/opt/gz_physics_vendor:/opt/ros/jazzy/opt/sdformat_vendor:/opt/ros/jazzy/opt/gz_gui_vendor:/opt/ros/jazzy/opt/gz_transport_vendor:/opt/ros/jazzy/opt/gz_rendering_vendor:/opt/ros/jazzy/opt/gz_plugin_vendor:/opt/ros/jazzy/opt/gz_fuel_tools_vendor:/opt/ros/jazzy/opt/gz_msgs_vendor:/opt/ros/jazzy/opt/gz_common_vendor:/opt/ros/jazzy/opt/gz_math_vendor:/opt/ros/jazzy/opt/gz_utils_vendor:/opt/ros/jazzy/opt/gz_tools_vendor:/opt/ros/jazzy/opt/gz_ogre_next_vendor:/opt/ros/jazzy/opt/gz_dartsim_vendor:/opt/ros/jazzy/opt/gz_cmake_vendor:/home/saber/arduinobot_ws/install/arduinobot_py_examples:/opt/ros/jazzy DEBUGINFOD_URLS=https://debuginfod.ubuntu.com LD_LIBRARY_PATH=/home/saber/robox_ws/install/moveit_ros_planning_interface/lib:/home/saber/robox_ws/install/moveit_ros_move_group/lib:/home/saber/robox_ws/install/moveit_ros_warehouse/lib:/home/saber/robox_ws/install/moveit_kinematics/lib:/home/saber/robox_ws/install/moveit_ros_planning/lib:/home/saber/robox_ws/install/moveit_simple_controller_manager/lib:/home/saber/robox_ws/install/moveit_ros_occupancy_map_monitor/lib:/home/saber/robox_ws/install/moveit_core/lib:${LD_LIBRARY_PATH} PATH=/home/saber/robox_ws/install/moveit_core/bin:${PATH} PYTHONPATH=/home/saber/robox_ws/install/moveit_configs_utils/lib/python3.12/site-packages:${PYTHONPATH} /usr/bin/cmake --build /home/saber/robox_ws/build/moveit_py -- -j16 -l16
[28.375s] Invoking command in '/home/saber/robox_ws/build/moveit_py': AMENT_PREFIX_PATH=/home/saber/robox_ws/install/moveit_ros_planning_interface:/home/saber/robox_ws/install/moveit_ros_move_group:/home/saber/robox_ws/install/moveit_ros_warehouse:/home/saber/robox_ws/install/moveit_kinematics:/home/saber/robox_ws/install/moveit_ros_planning:/home/saber/robox_ws/install/moveit_simple_controller_manager:/home/saber/robox_ws/install/moveit_ros_occupancy_map_monitor:/home/saber/robox_ws/install/moveit_core:/home/saber/robox_ws/install/moveit_configs_utils:/home/saber/robox_ws/install/moveit_common:${AMENT_PREFIX_PATH} CMAKE_PREFIX_PATH=/home/saber/robox_ws/install/moveit_ros_planning_interface:/home/saber/robox_ws/install/moveit_ros_move_group:/home/saber/robox_ws/install/moveit_ros_warehouse:/home/saber/robox_ws/install/moveit_kinematics:/home/saber/robox_ws/install/moveit_ros_planning:/home/saber/robox_ws/install/moveit_simple_controller_manager:/home/saber/robox_ws/install/moveit_ros_occupancy_map_monitor:/home/saber/robox_ws/install/moveit_core:/home/saber/robox_ws/install/moveit_common:/home/saber/arduinobot_ws/install/controller:/home/saber/arduinobot_ws/install/arm_description:/home/saber/arduinobot_ws/install/arduinobot_cpp_examples:/opt/ros/jazzy/opt/gz_sim_vendor:/opt/ros/jazzy/opt/gz_sensors_vendor:/opt/ros/jazzy/opt/gz_physics_vendor:/opt/ros/jazzy/opt/sdformat_vendor:/opt/ros/jazzy/opt/gz_gui_vendor:/opt/ros/jazzy/opt/gz_transport_vendor:/opt/ros/jazzy/opt/gz_rendering_vendor:/opt/ros/jazzy/opt/gz_plugin_vendor:/opt/ros/jazzy/opt/gz_fuel_tools_vendor:/opt/ros/jazzy/opt/gz_msgs_vendor:/opt/ros/jazzy/opt/gz_common_vendor:/opt/ros/jazzy/opt/gz_math_vendor:/opt/ros/jazzy/opt/gz_utils_vendor:/opt/ros/jazzy/opt/gz_tools_vendor:/opt/ros/jazzy/opt/gz_ogre_next_vendor:/opt/ros/jazzy/opt/gz_dartsim_vendor:/opt/ros/jazzy/opt/gz_cmake_vendor:/home/saber/arduinobot_ws/install/arduinobot_py_examples:/opt/ros/jazzy DEBUGINFOD_URLS=https://debuginfod.ubuntu.com LD_LIBRARY_PATH=/home/saber/robox_ws/install/moveit_ros_planning_interface/lib:/home/saber/robox_ws/install/moveit_ros_move_group/lib:/home/saber/robox_ws/install/moveit_ros_warehouse/lib:/home/saber/robox_ws/install/moveit_kinematics/lib:/home/saber/robox_ws/install/moveit_ros_planning/lib:/home/saber/robox_ws/install/moveit_simple_controller_manager/lib:/home/saber/robox_ws/install/moveit_ros_occupancy_map_monitor/lib:/home/saber/robox_ws/install/moveit_core/lib:${LD_LIBRARY_PATH} PATH=/home/saber/robox_ws/install/moveit_core/bin:${PATH} PYTHONPATH=/home/saber/robox_ws/install/moveit_configs_utils/lib/python3.12/site-packages:${PYTHONPATH} /usr/bin/cmake --install /home/saber/robox_ws/build/moveit_py
[28.626s] -- Install configuration: "Release"
[28.626s] -- Execute custom install script
[28.626s] -- Up-to-date symlink: /home/saber/robox_ws/install/moveit_py/include/moveit_py/moveit_py/moveit_py_utils/copy_ros_msg.h
[28.626s] -- Up-to-date symlink: /home/saber/robox_ws/install/moveit_py/include/moveit_py/moveit_py/moveit_py_utils/copy_ros_msg.hpp
[28.626s] -- Up-to-date symlink: /home/saber/robox_ws/install/moveit_py/include/moveit_py/moveit_py/moveit_py_utils/rclpy_time_typecaster.hpp
[28.626s] -- Up-to-date symlink: /home/saber/robox_ws/install/moveit_py/include/moveit_py/moveit_py/moveit_py_utils/ros_msg_typecasters.h
[28.626s] -- Up-to-date symlink: /home/saber/robox_ws/install/moveit_py/include/moveit_py/moveit_py/moveit_py_utils/ros_msg_typecasters.hpp
[28.626s] -- Up-to-date symlink: /home/saber/robox_ws/install/moveit_py/share/moveit_py/environment/pythonpath.sh
[28.626s] -- Up-to-date symlink: /home/saber/robox_ws/install/moveit_py/share/moveit_py/environment/pythonpath.dsv
[28.627s] -- Up-to-date symlink: /home/saber/robox_ws/install/moveit_py/lib/python3.12/site-packages/moveit-2.12.3-py3.12.egg-info/PKG-INFO
[28.627s] -- Up-to-date symlink: /home/saber/robox_ws/install/moveit_py/lib/python3.12/site-packages/moveit-2.12.3-py3.12.egg-info/SOURCES.txt
[28.627s] -- Up-to-date symlink: /home/saber/robox_ws/install/moveit_py/lib/python3.12/site-packages/moveit-2.12.3-py3.12.egg-info/dependency_links.txt
[28.627s] -- Up-to-date symlink: /home/saber/robox_ws/install/moveit_py/lib/python3.12/site-packages/moveit-2.12.3-py3.12.egg-info/top_level.txt
[28.627s] -- Up-to-date symlink: /home/saber/robox_ws/install/moveit_py/lib/python3.12/site-packages/moveit/README.md
[28.627s] -- Up-to-date symlink: /home/saber/robox_ws/install/moveit_py/lib/python3.12/site-packages/moveit/__init__.py
[28.627s] -- Up-to-date symlink: /home/saber/robox_ws/install/moveit_py/lib/python3.12/site-packages/moveit/core/__init__.pyi
[28.627s] -- Up-to-date symlink: /home/saber/robox_ws/install/moveit_py/lib/python3.12/site-packages/moveit/core/collision_detection.pyi
[28.627s] -- Up-to-date symlink: /home/saber/robox_ws/install/moveit_py/lib/python3.12/site-packages/moveit/core/controller_manager.pyi
[28.627s] -- Up-to-date symlink: /home/saber/robox_ws/install/moveit_py/lib/python3.12/site-packages/moveit/core/kinematic_constraints.pyi
[28.627s] -- Up-to-date symlink: /home/saber/robox_ws/install/moveit_py/lib/python3.12/site-packages/moveit/core/planning_interface.pyi
[28.627s] -- Up-to-date symlink: /home/saber/robox_ws/install/moveit_py/lib/python3.12/site-packages/moveit/core/planning_scene.pyi
[28.627s] -- Up-to-date symlink: /home/saber/robox_ws/install/moveit_py/lib/python3.12/site-packages/moveit/core/robot_model.pyi
[28.628s] -- Up-to-date symlink: /home/saber/robox_ws/install/moveit_py/lib/python3.12/site-packages/moveit/core/robot_state.pyi
[28.628s] -- Up-to-date symlink: /home/saber/robox_ws/install/moveit_py/lib/python3.12/site-packages/moveit/core/robot_trajectory.pyi
[28.628s] -- Up-to-date symlink: /home/saber/robox_ws/install/moveit_py/lib/python3.12/site-packages/moveit/planning.pyi
[28.628s] -- Up-to-date symlink: /home/saber/robox_ws/install/moveit_py/lib/python3.12/site-packages/moveit/policies/__init__.py
[28.628s] -- Up-to-date symlink: /home/saber/robox_ws/install/moveit_py/lib/python3.12/site-packages/moveit/policies/__init__.pyi
[28.628s] -- Up-to-date symlink: /home/saber/robox_ws/install/moveit_py/lib/python3.12/site-packages/moveit/policies/policy.py
[28.628s] -- Up-to-date symlink: /home/saber/robox_ws/install/moveit_py/lib/python3.12/site-packages/moveit/policies/policy.pyi
[28.629s] -- Up-to-date symlink: /home/saber/robox_ws/install/moveit_py/lib/python3.12/site-packages/moveit/py.typed
[28.633s] -- Up-to-date symlink: /home/saber/robox_ws/install/moveit_py/lib/python3.12/site-packages/moveit/servo_client/README.md
[28.634s] -- Up-to-date symlink: /home/saber/robox_ws/install/moveit_py/lib/python3.12/site-packages/moveit/servo_client/__init__.py
[28.635s] -- Up-to-date symlink: /home/saber/robox_ws/install/moveit_py/lib/python3.12/site-packages/moveit/servo_client/__init__.pyi
[28.637s] -- Up-to-date symlink: /home/saber/robox_ws/install/moveit_py/lib/python3.12/site-packages/moveit/servo_client/devices/__init__.py
[28.638s] -- Up-to-date symlink: /home/saber/robox_ws/install/moveit_py/lib/python3.12/site-packages/moveit/servo_client/devices/__init__.pyi
[28.639s] -- Up-to-date symlink: /home/saber/robox_ws/install/moveit_py/lib/python3.12/site-packages/moveit/servo_client/devices/ps4_dualshock.py
[28.640s] -- Up-to-date symlink: /home/saber/robox_ws/install/moveit_py/lib/python3.12/site-packages/moveit/servo_client/devices/ps4_dualshock.pyi
[28.641s] -- Up-to-date symlink: /home/saber/robox_ws/install/moveit_py/lib/python3.12/site-packages/moveit/servo_client/teleop.py
[28.642s] -- Up-to-date symlink: /home/saber/robox_ws/install/moveit_py/lib/python3.12/site-packages/moveit/servo_client/teleop.pyi
[28.642s] -- Up-to-date symlink: /home/saber/robox_ws/install/moveit_py/lib/python3.12/site-packages/moveit/utils.py
[28.643s] -- Up-to-date symlink: /home/saber/robox_ws/install/moveit_py/lib/python3.12/site-packages/moveit/utils.pyi
[28.645s] -- Up-to-date symlink: /home/saber/robox_ws/install/moveit_py/lib/python3.12/site-packages/moveit/core.cpython-312-x86_64-linux-gnu.so
[28.647s] -- Up-to-date symlink: /home/saber/robox_ws/install/moveit_py/lib/python3.12/site-packages/moveit/planning.cpython-312-x86_64-linux-gnu.so
[28.650s] -- Up-to-date symlink: /home/saber/robox_ws/install/moveit_py/share/moveit_py/environment/library_path.sh
[28.656s] -- Up-to-date symlink: /home/saber/robox_ws/install/moveit_py/share/moveit_py/environment/library_path.dsv
[28.666s] -- Up-to-date symlink: /home/saber/robox_ws/install/moveit_py/share/ament_index/resource_index/package_run_dependencies/moveit_py
[28.670s] -- Up-to-date symlink: /home/saber/robox_ws/install/moveit_py/share/ament_index/resource_index/parent_prefix_path/moveit_py
[28.674s] -- Up-to-date symlink: /home/saber/robox_ws/install/moveit_py/share/moveit_py/environment/ament_prefix_path.sh
[28.675s] -- Up-to-date symlink: /home/saber/robox_ws/install/moveit_py/share/moveit_py/environment/ament_prefix_path.dsv
[28.680s] -- Up-to-date symlink: /home/saber/robox_ws/install/moveit_py/share/moveit_py/environment/path.sh
[28.682s] -- Up-to-date symlink: /home/saber/robox_ws/install/moveit_py/share/moveit_py/environment/path.dsv
[28.683s] -- Up-to-date symlink: /home/saber/robox_ws/install/moveit_py/share/moveit_py/local_setup.bash
[28.683s] -- Up-to-date symlink: /home/saber/robox_ws/install/moveit_py/share/moveit_py/local_setup.sh
[28.684s] -- Up-to-date symlink: /home/saber/robox_ws/install/moveit_py/share/moveit_py/local_setup.zsh
[28.685s] -- Up-to-date symlink: /home/saber/robox_ws/install/moveit_py/share/moveit_py/local_setup.dsv
[28.686s] -- Symlinking: /home/saber/robox_ws/install/moveit_py/share/moveit_py/package.dsv
[28.703s] -- Up-to-date symlink: /home/saber/robox_ws/install/moveit_py/share/ament_index/resource_index/packages/moveit_py
[28.705s] -- Up-to-date symlink: /home/saber/robox_ws/install/moveit_py/share/moveit_py/cmake/ament_cmake_export_targets-extras.cmake
[28.706s] -- Up-to-date symlink: /home/saber/robox_ws/install/moveit_py/share/moveit_py/cmake/ament_cmake_export_dependencies-extras.cmake
[28.707s] -- Up-to-date symlink: /home/saber/robox_ws/install/moveit_py/share/moveit_py/cmake/moveit_pyConfig.cmake
[28.708s] -- Up-to-date symlink: /home/saber/robox_ws/install/moveit_py/share/moveit_py/cmake/moveit_pyConfig-version.cmake
[28.708s] -- Up-to-date symlink: /home/saber/robox_ws/install/moveit_py/share/moveit_py/package.xml
[28.918s] Listing '/home/saber/robox_ws/install/moveit_py/lib/python3.12/site-packages/moveit'...
[28.918s] Listing '/home/saber/robox_ws/install/moveit_py/lib/python3.12/site-packages/moveit/core'...
[28.919s] Listing '/home/saber/robox_ws/install/moveit_py/lib/python3.12/site-packages/moveit/policies'...
[28.919s] Listing '/home/saber/robox_ws/install/moveit_py/lib/python3.12/site-packages/moveit/servo_client'...
[28.919s] Listing '/home/saber/robox_ws/install/moveit_py/lib/python3.12/site-packages/moveit/servo_client/devices'...
[28.943s] -- Up-to-date: /home/saber/robox_ws/install/moveit_py/share/moveit_py/cmake/moveit_py_utilsTargetsExport.cmake
[28.943s] -- Up-to-date: /home/saber/robox_ws/install/moveit_py/share/moveit_py/cmake/moveit_py_utilsTargetsExport-release.cmake
[28.955s] -- Up-to-date: /home/saber/robox_ws/install/moveit_py/lib/libmoveit_py_utils.so.
[28.955s] -- Up-to-date: /home/saber/robox_ws/install/moveit_py/lib/libmoveit_py_utils.so
[28.972s] Invoked command in '/home/saber/robox_ws/build/moveit_py' returned '0': AMENT_PREFIX_PATH=/home/saber/robox_ws/install/moveit_ros_planning_interface:/home/saber/robox_ws/install/moveit_ros_move_group:/home/saber/robox_ws/install/moveit_ros_warehouse:/home/saber/robox_ws/install/moveit_kinematics:/home/saber/robox_ws/install/moveit_ros_planning:/home/saber/robox_ws/install/moveit_simple_controller_manager:/home/saber/robox_ws/install/moveit_ros_occupancy_map_monitor:/home/saber/robox_ws/install/moveit_core:/home/saber/robox_ws/install/moveit_configs_utils:/home/saber/robox_ws/install/moveit_common:${AMENT_PREFIX_PATH} CMAKE_PREFIX_PATH=/home/saber/robox_ws/install/moveit_ros_planning_interface:/home/saber/robox_ws/install/moveit_ros_move_group:/home/saber/robox_ws/install/moveit_ros_warehouse:/home/saber/robox_ws/install/moveit_kinematics:/home/saber/robox_ws/install/moveit_ros_planning:/home/saber/robox_ws/install/moveit_simple_controller_manager:/home/saber/robox_ws/install/moveit_ros_occupancy_map_monitor:/home/saber/robox_ws/install/moveit_core:/home/saber/robox_ws/install/moveit_common:/home/saber/arduinobot_ws/install/controller:/home/saber/arduinobot_ws/install/arm_description:/home/saber/arduinobot_ws/install/arduinobot_cpp_examples:/opt/ros/jazzy/opt/gz_sim_vendor:/opt/ros/jazzy/opt/gz_sensors_vendor:/opt/ros/jazzy/opt/gz_physics_vendor:/opt/ros/jazzy/opt/sdformat_vendor:/opt/ros/jazzy/opt/gz_gui_vendor:/opt/ros/jazzy/opt/gz_transport_vendor:/opt/ros/jazzy/opt/gz_rendering_vendor:/opt/ros/jazzy/opt/gz_plugin_vendor:/opt/ros/jazzy/opt/gz_fuel_tools_vendor:/opt/ros/jazzy/opt/gz_msgs_vendor:/opt/ros/jazzy/opt/gz_common_vendor:/opt/ros/jazzy/opt/gz_math_vendor:/opt/ros/jazzy/opt/gz_utils_vendor:/opt/ros/jazzy/opt/gz_tools_vendor:/opt/ros/jazzy/opt/gz_ogre_next_vendor:/opt/ros/jazzy/opt/gz_dartsim_vendor:/opt/ros/jazzy/opt/gz_cmake_vendor:/home/saber/arduinobot_ws/install/arduinobot_py_examples:/opt/ros/jazzy DEBUGINFOD_URLS=https://debuginfod.ubuntu.com LD_LIBRARY_PATH=/home/saber/robox_ws/install/moveit_ros_planning_interface/lib:/home/saber/robox_ws/install/moveit_ros_move_group/lib:/home/saber/robox_ws/install/moveit_ros_warehouse/lib:/home/saber/robox_ws/install/moveit_kinematics/lib:/home/saber/robox_ws/install/moveit_ros_planning/lib:/home/saber/robox_ws/install/moveit_simple_controller_manager/lib:/home/saber/robox_ws/install/moveit_ros_occupancy_map_monitor/lib:/home/saber/robox_ws/install/moveit_core/lib:${LD_LIBRARY_PATH} PATH=/home/saber/robox_ws/install/moveit_core/bin:${PATH} PYTHONPATH=/home/saber/robox_ws/install/moveit_configs_utils/lib/python3.12/site-packages:${PYTHONPATH} /usr/bin/cmake --install /home/saber/robox_ws/build/moveit_py
