[0.222s] Invoking command in '/home/saber/robox_ws/build/moveit_resources_prbt_support': CMAKE_PREFIX_PATH=${CMAKE_PREFIX_PATH}:/home/saber/robox_ws/install/arduinobot_py_examples:/home/saber/robox_ws/install/moveit_configs_utils:/home/saber/arduinobot_ws/install/arduinobot_py_examples:/opt/ros/jazzy DEBUGINFOD_URLS=https://debuginfod.ubuntu.com /usr/bin/cmake /home/saber/robox_ws/src/moveit2/moveit_planners/test_configs/prbt_support -DAMENT_CMAKE_SYMLINK_INSTALL=1 -DCMAKE_INSTALL_PREFIX=/home/saber/robox_ws/install/moveit_resources_prbt_support
[0.241s] -- Found ament_cmake: 2.5.4 (/opt/ros/jazzy/share/ament_cmake/cmake)
[0.461s] -- Override CMake install command with custom implementation using symlinks instead of copying resources
[0.566s] -- Configuring done (0.3s)
[0.572s] -- Generating done (0.0s)
[0.574s] -- Build files have been written to: /home/saber/robox_ws/build/moveit_resources_prbt_support
[0.577s] Invoked command in '/home/saber/robox_ws/build/moveit_resources_prbt_support' returned '0': CMAKE_PREFIX_PATH=${CMAKE_PREFIX_PATH}:/home/saber/robox_ws/install/arduinobot_py_examples:/home/saber/robox_ws/install/moveit_configs_utils:/home/saber/arduinobot_ws/install/arduinobot_py_examples:/opt/ros/jazzy DEBUGINFOD_URLS=https://debuginfod.ubuntu.com /usr/bin/cmake /home/saber/robox_ws/src/moveit2/moveit_planners/test_configs/prbt_support -DAMENT_CMAKE_SYMLINK_INSTALL=1 -DCMAKE_INSTALL_PREFIX=/home/saber/robox_ws/install/moveit_resources_prbt_support
[0.578s] Invoking command in '/home/saber/robox_ws/build/moveit_resources_prbt_support': CMAKE_PREFIX_PATH=${CMAKE_PREFIX_PATH}:/home/saber/robox_ws/install/arduinobot_py_examples:/home/saber/robox_ws/install/moveit_configs_utils:/home/saber/arduinobot_ws/install/arduinobot_py_examples:/opt/ros/jazzy DEBUGINFOD_URLS=https://debuginfod.ubuntu.com /usr/bin/cmake --build /home/saber/robox_ws/build/moveit_resources_prbt_support -- -j16 -l16
[0.633s] Invoked command in '/home/saber/robox_ws/build/moveit_resources_prbt_support' returned '0': CMAKE_PREFIX_PATH=${CMAKE_PREFIX_PATH}:/home/saber/robox_ws/install/arduinobot_py_examples:/home/saber/robox_ws/install/moveit_configs_utils:/home/saber/arduinobot_ws/install/arduinobot_py_examples:/opt/ros/jazzy DEBUGINFOD_URLS=https://debuginfod.ubuntu.com /usr/bin/cmake --build /home/saber/robox_ws/build/moveit_resources_prbt_support -- -j16 -l16
[0.634s] Invoking command in '/home/saber/robox_ws/build/moveit_resources_prbt_support': CMAKE_PREFIX_PATH=${CMAKE_PREFIX_PATH}:/home/saber/robox_ws/install/arduinobot_py_examples:/home/saber/robox_ws/install/moveit_configs_utils:/home/saber/arduinobot_ws/install/arduinobot_py_examples:/opt/ros/jazzy DEBUGINFOD_URLS=https://debuginfod.ubuntu.com /usr/bin/cmake --install /home/saber/robox_ws/build/moveit_resources_prbt_support
[0.644s] -- Install configuration: "Release"
[0.644s] -- Execute custom install script
[0.645s] -- Up-to-date symlink: /home/saber/robox_ws/install/moveit_resources_prbt_support/share/ament_index/resource_index/package_run_dependencies/moveit_resources_prbt_support
[0.645s] -- Up-to-date symlink: /home/saber/robox_ws/install/moveit_resources_prbt_support/share/ament_index/resource_index/parent_prefix_path/moveit_resources_prbt_support
[0.646s] -- Up-to-date symlink: /home/saber/robox_ws/install/moveit_resources_prbt_support/share/moveit_resources_prbt_support/environment/ament_prefix_path.sh
[0.646s] -- Up-to-date symlink: /home/saber/robox_ws/install/moveit_resources_prbt_support/share/moveit_resources_prbt_support/environment/ament_prefix_path.dsv
[0.646s] -- Up-to-date symlink: /home/saber/robox_ws/install/moveit_resources_prbt_support/share/moveit_resources_prbt_support/environment/path.sh
[0.646s] -- Up-to-date symlink: /home/saber/robox_ws/install/moveit_resources_prbt_support/share/moveit_resources_prbt_support/environment/path.dsv
[0.647s] -- Up-to-date symlink: /home/saber/robox_ws/install/moveit_resources_prbt_support/share/moveit_resources_prbt_support/local_setup.bash
[0.647s] -- Up-to-date symlink: /home/saber/robox_ws/install/moveit_resources_prbt_support/share/moveit_resources_prbt_support/local_setup.sh
[0.647s] -- Up-to-date symlink: /home/saber/robox_ws/install/moveit_resources_prbt_support/share/moveit_resources_prbt_support/local_setup.zsh
[0.647s] -- Up-to-date symlink: /home/saber/robox_ws/install/moveit_resources_prbt_support/share/moveit_resources_prbt_support/local_setup.dsv
[0.647s] -- Symlinking: /home/saber/robox_ws/install/moveit_resources_prbt_support/share/moveit_resources_prbt_support/package.dsv
[0.661s] -- Up-to-date symlink: /home/saber/robox_ws/install/moveit_resources_prbt_support/share/ament_index/resource_index/packages/moveit_resources_prbt_support
[0.666s] -- Up-to-date symlink: /home/saber/robox_ws/install/moveit_resources_prbt_support/share/moveit_resources_prbt_support/cmake/moveit_resources_prbt_supportConfig.cmake
[0.666s] -- Up-to-date symlink: /home/saber/robox_ws/install/moveit_resources_prbt_support/share/moveit_resources_prbt_support/cmake/moveit_resources_prbt_supportConfig-version.cmake
[0.667s] -- Up-to-date symlink: /home/saber/robox_ws/install/moveit_resources_prbt_support/share/moveit_resources_prbt_support/package.xml
[0.668s] -- Up-to-date symlink: /home/saber/robox_ws/install/moveit_resources_prbt_support/share/moveit_resources_prbt_support/urdf/prbt.ros2_control.xacro
[0.668s] -- Up-to-date symlink: /home/saber/robox_ws/install/moveit_resources_prbt_support/share/moveit_resources_prbt_support/urdf/prbt.xacro
[0.668s] -- Up-to-date symlink: /home/saber/robox_ws/install/moveit_resources_prbt_support/share/moveit_resources_prbt_support/urdf/prbt_macro.xacro
[0.669s] -- Up-to-date symlink: /home/saber/robox_ws/install/moveit_resources_prbt_support/share/moveit_resources_prbt_support/urdf/simple_gripper_brackets.urdf.xacro
[0.669s] -- Up-to-date symlink: /home/saber/robox_ws/install/moveit_resources_prbt_support/share/moveit_resources_prbt_support/meshes/flange.dae
[0.669s] -- Up-to-date symlink: /home/saber/robox_ws/install/moveit_resources_prbt_support/share/moveit_resources_prbt_support/meshes/flange.stl
[0.670s] -- Up-to-date symlink: /home/saber/robox_ws/install/moveit_resources_prbt_support/share/moveit_resources_prbt_support/meshes/foot.dae
[0.670s] -- Up-to-date symlink: /home/saber/robox_ws/install/moveit_resources_prbt_support/share/moveit_resources_prbt_support/meshes/foot.stl
[0.670s] -- Up-to-date symlink: /home/saber/robox_ws/install/moveit_resources_prbt_support/share/moveit_resources_prbt_support/meshes/link_1.dae
[0.670s] -- Up-to-date symlink: /home/saber/robox_ws/install/moveit_resources_prbt_support/share/moveit_resources_prbt_support/meshes/link_1.stl
[0.670s] -- Up-to-date symlink: /home/saber/robox_ws/install/moveit_resources_prbt_support/share/moveit_resources_prbt_support/meshes/link_2.dae
[0.671s] -- Up-to-date symlink: /home/saber/robox_ws/install/moveit_resources_prbt_support/share/moveit_resources_prbt_support/meshes/link_2.stl
[0.671s] -- Up-to-date symlink: /home/saber/robox_ws/install/moveit_resources_prbt_support/share/moveit_resources_prbt_support/meshes/link_3.dae
[0.671s] -- Up-to-date symlink: /home/saber/robox_ws/install/moveit_resources_prbt_support/share/moveit_resources_prbt_support/meshes/link_3.stl
[0.671s] -- Up-to-date symlink: /home/saber/robox_ws/install/moveit_resources_prbt_support/share/moveit_resources_prbt_support/meshes/link_4.dae
[0.672s] -- Up-to-date symlink: /home/saber/robox_ws/install/moveit_resources_prbt_support/share/moveit_resources_prbt_support/meshes/link_4.stl
[0.672s] -- Up-to-date symlink: /home/saber/robox_ws/install/moveit_resources_prbt_support/share/moveit_resources_prbt_support/meshes/link_5.dae
[0.672s] -- Up-to-date symlink: /home/saber/robox_ws/install/moveit_resources_prbt_support/share/moveit_resources_prbt_support/meshes/link_5.stl
[0.673s] -- Up-to-date symlink: /home/saber/robox_ws/install/moveit_resources_prbt_support/share/moveit_resources_prbt_support/config/manipulator_controller.yaml
[0.673s] -- Up-to-date symlink: /home/saber/robox_ws/install/moveit_resources_prbt_support/share/moveit_resources_prbt_support/config/manipulator_driver.yaml
[0.673s] -- Up-to-date symlink: /home/saber/robox_ws/install/moveit_resources_prbt_support/share/moveit_resources_prbt_support/config/prbt_0_1.dcf
[0.676s] Invoked command in '/home/saber/robox_ws/build/moveit_resources_prbt_support' returned '0': CMAKE_PREFIX_PATH=${CMAKE_PREFIX_PATH}:/home/saber/robox_ws/install/arduinobot_py_examples:/home/saber/robox_ws/install/moveit_configs_utils:/home/saber/arduinobot_ws/install/arduinobot_py_examples:/opt/ros/jazzy DEBUGINFOD_URLS=https://debuginfod.ubuntu.com /usr/bin/cmake --install /home/saber/robox_ws/build/moveit_resources_prbt_support
