[0.047s] Invoking command in '/home/saber/robox_ws/build/arm_description': AMENT_PREFIX_PATH=/home/saber/robox_ws/install/moveit_configs_utils:/home/saber/robox_ws/install/moveit_config:/home/saber/robox_ws/install/arduinobot_py_examples:/home/saber/robox_ws/install/robotic_arm_moveit_config:/home/saber/robox_ws/install/pilz_industrial_motion_planner_testutils:/home/saber/robox_ws/install/moveit_runtime:/home/saber/robox_ws/install/moveit:/home/saber/robox_ws/install/moveit_planners:/home/saber/robox_ws/install/pilz_industrial_motion_planner:/home/saber/robox_ws/install/moveit_ros_control_interface:/home/saber/robox_ws/install/moveit_plugins:/home/saber/robox_ws/install/moveit_simple_controller_manager:/home/saber/robox_ws/install/moveit_setup_assistant:/home/saber/robox_ws/install/moveit_setup_srdf_plugins:/home/saber/robox_ws/install/moveit_setup_core_plugins:/home/saber/robox_ws/install/moveit_setup_controllers:/home/saber/robox_ws/install/moveit_setup_app_plugins:/home/saber/robox_ws/install/moveit_setup_framework:/home/saber/robox_ws/install/moveit_servo:/home/saber/robox_ws/install/moveit_ros_trajectory_cache:/home/saber/robox_ws/install/moveit_ros:/home/saber/robox_ws/install/arm_description:/home/saber/robox_ws/install/moveit_ros_visualization:/home/saber/robox_ws/install/moveit_py:/home/saber/robox_ws/install/moveit_hybrid_planning:/home/saber/robox_ws/install/moveit_ros_planning_interface:/home/saber/robox_ws/install/moveit_ros_benchmarks:/home/saber/robox_ws/install/moveit_ros_warehouse:/home/saber/robox_ws/install/moveit_ros_robot_interaction:/home/saber/robox_ws/install/moveit_ros_perception:/home/saber/robox_ws/install/moveit_resources_prbt_pg70_support:/home/saber/robox_ws/install/moveit_resources_prbt_moveit_config:/home/saber/robox_ws/install/moveit_ros_move_group:/home/saber/robox_ws/install/moveit_planners_ompl:/home/saber/robox_ws/install/moveit_kinematics:/home/saber/robox_ws/install/moveit_ros_planning:/home/saber/robox_ws/install/moveit_ros_occupancy_map_monitor:/home/saber/robox_ws/install/moveit_resources_prbt_support:/home/saber/robox_ws/install/moveit_resources_prbt_ikfast_manipulator_plugin:/home/saber/robox_ws/install/moveit_planners_stomp:/home/saber/robox_ws/install/moveit_planners_chomp:/home/saber/robox_ws/install/chomp_motion_planner:/home/saber/robox_ws/install/moveit_core:/home/saber/robox_ws/install/moveit_common:/home/saber/robox_ws/install/arm_moveit:/home/saber/arduinobot_ws/install/controller:/home/saber/arduinobot_ws/install/arm_description:/home/saber/arduinobot_ws/install/arduinobot_py_examples:/home/saber/arduinobot_ws/install/arduinobot_cpp_examples:/opt/ros/jazzy CMAKE_PREFIX_PATH=/home/saber/robox_ws/install/moveit_ros_visualization:/home/saber/robox_ws/install/moveit_ros_planning_interface:/home/saber/robox_ws/install/moveit_ros_move_group:/home/saber/robox_ws/install/moveit_ros_warehouse:/home/saber/robox_ws/install/moveit_ros_robot_interaction:/home/saber/robox_ws/install/moveit_kinematics:/home/saber/robox_ws/install/moveit_ros_planning:/home/saber/robox_ws/install/moveit_simple_controller_manager:/home/saber/robox_ws/install/moveit_ros_occupancy_map_monitor:/home/saber/robox_ws/install/moveit_core:/home/saber/robox_ws/install/moveit_common:/home/saber/robox_ws/install/moveit_config:/home/saber/robox_ws/install/robotic_arm_moveit_config:/home/saber/robox_ws/install/pilz_industrial_motion_planner_testutils:/home/saber/robox_ws/install/moveit_runtime:/home/saber/robox_ws/install/moveit:/home/saber/robox_ws/install/moveit_planners:/home/saber/robox_ws/install/pilz_industrial_motion_planner:/home/saber/robox_ws/install/moveit_ros_control_interface:/home/saber/robox_ws/install/moveit_plugins:/home/saber/robox_ws/install/moveit_setup_assistant:/home/saber/robox_ws/install/moveit_setup_srdf_plugins:/home/saber/robox_ws/install/moveit_setup_core_plugins:/home/saber/robox_ws/install/moveit_setup_controllers:/home/saber/robox_ws/install/moveit_setup_app_plugins:/home/saber/robox_ws/install/moveit_setup_framework:/home/saber/robox_ws/install/moveit_servo:/home/saber/robox_ws/install/moveit_ros_trajectory_cache:/home/saber/robox_ws/install/moveit_ros:/home/saber/robox_ws/install/arm_description:/home/saber/robox_ws/install/moveit_py:/home/saber/robox_ws/install/moveit_hybrid_planning:/home/saber/robox_ws/install/moveit_ros_benchmarks:/home/saber/robox_ws/install/moveit_ros_perception:/home/saber/robox_ws/install/moveit_resources_prbt_pg70_support:/home/saber/robox_ws/install/moveit_resources_prbt_moveit_config:/home/saber/robox_ws/install/moveit_planners_ompl:/home/saber/robox_ws/install/moveit_resources_prbt_support:/home/saber/robox_ws/install/moveit_resources_prbt_ikfast_manipulator_plugin:/home/saber/robox_ws/install/moveit_planners_stomp:/home/saber/robox_ws/install/moveit_planners_chomp:/home/saber/robox_ws/install/chomp_motion_planner:/home/saber/robox_ws/install/arm_moveit:/home/saber/arduinobot_ws/install/controller:/home/saber/arduinobot_ws/install/arm_description:/home/saber/arduinobot_ws/install/arduinobot_cpp_examples:/opt/ros/jazzy/opt/gz_sim_vendor:/opt/ros/jazzy/opt/gz_sensors_vendor:/opt/ros/jazzy/opt/gz_physics_vendor:/opt/ros/jazzy/opt/sdformat_vendor:/opt/ros/jazzy/opt/gz_gui_vendor:/opt/ros/jazzy/opt/gz_transport_vendor:/opt/ros/jazzy/opt/gz_rendering_vendor:/opt/ros/jazzy/opt/gz_plugin_vendor:/opt/ros/jazzy/opt/gz_fuel_tools_vendor:/opt/ros/jazzy/opt/gz_msgs_vendor:/opt/ros/jazzy/opt/gz_common_vendor:/opt/ros/jazzy/opt/gz_math_vendor:/opt/ros/jazzy/opt/gz_utils_vendor:/opt/ros/jazzy/opt/gz_tools_vendor:/opt/ros/jazzy/opt/gz_ogre_next_vendor:/opt/ros/jazzy/opt/gz_dartsim_vendor:/opt/ros/jazzy/opt/gz_cmake_vendor:/home/saber/robox_ws/install/arduinobot_py_examples:/home/saber/robox_ws/install/moveit_configs_utils:/home/saber/arduinobot_ws/install/arduinobot_py_examples:/opt/ros/jazzy DEBUGINFOD_URLS=https://debuginfod.ubuntu.com LD_LIBRARY_PATH=/home/saber/robox_ws/install/moveit_ros_visualization/lib:/home/saber/robox_ws/install/moveit_ros_planning_interface/lib:/home/saber/robox_ws/install/moveit_ros_move_group/lib:/home/saber/robox_ws/install/moveit_ros_warehouse/lib:/home/saber/robox_ws/install/moveit_ros_robot_interaction/lib:/home/saber/robox_ws/install/moveit_kinematics/lib:/home/saber/robox_ws/install/moveit_ros_planning/lib:/home/saber/robox_ws/install/moveit_simple_controller_manager/lib:/home/saber/robox_ws/install/moveit_ros_occupancy_map_monitor/lib:/home/saber/robox_ws/install/moveit_core/lib:/home/saber/robox_ws/install/pilz_industrial_motion_planner_testutils/lib:/home/saber/robox_ws/install/pilz_industrial_motion_planner/lib:/home/saber/robox_ws/install/moveit_ros_control_interface/lib:/home/saber/robox_ws/install/moveit_setup_assistant/lib:/home/saber/robox_ws/install/moveit_setup_srdf_plugins/lib:/home/saber/robox_ws/install/moveit_setup_core_plugins/lib:/home/saber/robox_ws/install/moveit_setup_controllers/lib:/home/saber/robox_ws/install/moveit_setup_app_plugins/lib:/home/saber/robox_ws/install/moveit_setup_framework/lib:/home/saber/robox_ws/install/moveit_servo/lib:/home/saber/robox_ws/install/moveit_ros_trajectory_cache/lib:/home/saber/robox_ws/install/arm_description/lib:/home/saber/robox_ws/install/moveit_py/lib:/home/saber/robox_ws/install/moveit_hybrid_planning/lib:/home/saber/robox_ws/install/moveit_ros_benchmarks/lib:/home/saber/robox_ws/install/moveit_ros_perception/lib:/home/saber/robox_ws/install/moveit_planners_ompl/lib:/home/saber/robox_ws/install/moveit_resources_prbt_ikfast_manipulator_plugin/lib:/home/saber/robox_ws/install/moveit_planners_stomp/lib:/home/saber/robox_ws/install/moveit_planners_chomp/lib:/home/saber/robox_ws/install/chomp_motion_planner/lib:/opt/ros/jazzy/opt/gz_sim_vendor/lib:/opt/ros/jazzy/opt/gz_sensors_vendor/lib:/opt/ros/jazzy/opt/gz_physics_vendor/lib:/opt/ros/jazzy/opt/sdformat_vendor/lib:/opt/ros/jazzy/opt/rviz_ogre_vendor/lib:/opt/ros/jazzy/lib/x86_64-linux-gnu:/opt/ros/jazzy/opt/gz_gui_vendor/lib:/opt/ros/jazzy/opt/gz_transport_vendor/lib:/opt/ros/jazzy/opt/gz_rendering_vendor/lib:/opt/ros/jazzy/opt/gz_plugin_vendor/lib:/opt/ros/jazzy/opt/gz_fuel_tools_vendor/lib:/opt/ros/jazzy/opt/gz_msgs_vendor/lib:/opt/ros/jazzy/opt/gz_common_vendor/lib:/opt/ros/jazzy/opt/gz_math_vendor/lib:/opt/ros/jazzy/opt/gz_utils_vendor/lib:/opt/ros/jazzy/opt/gz_tools_vendor/lib:/opt/ros/jazzy/opt/gz_ogre_next_vendor/lib:/opt/ros/jazzy/opt/gz_dartsim_vendor/lib:/opt/ros/jazzy/opt/gz_cmake_vendor/lib:/opt/ros/jazzy/lib PYTHONPATH=/home/saber/robox_ws/install/moveit_configs_utils/lib/python3.12/site-packages:/home/saber/robox_ws/install/arduinobot_py_examples/lib/python3.12/site-packages:/home/saber/robox_ws/install/arm_description/lib/python3.12/site-packages:/home/saber/robox_ws/install/moveit_py/lib/python3.12/site-packages:/home/saber/arduinobot_ws/install/arduinobot_py_examples/lib/python3.12/site-packages:/opt/ros/jazzy/lib/python3.12/site-packages /usr/bin/cmake --build /home/saber/robox_ws/build/arm_description -- -j16 -l16
[0.061s] /usr/bin/cmake -S/home/saber/robox_ws/src/arm_description -B/home/saber/robox_ws/build/arm_description --check-build-system CMakeFiles/Makefile.cmake 0
[0.083s] -- Found ament_cmake: 2.5.4 (/opt/ros/jazzy/share/ament_cmake/cmake)
[0.167s] -- Override CMake install command with custom implementation using symlinks instead of copying resources
[0.173s] -- Found rclcpp: 28.1.9 (/opt/ros/jazzy/share/rclcpp/cmake)
[0.198s] -- Found rosidl_generator_c: 4.6.5 (/opt/ros/jazzy/share/rosidl_generator_c/cmake)
[0.206s] -- Found rosidl_generator_cpp: 4.6.5 (/opt/ros/jazzy/share/rosidl_generator_cpp/cmake)
[0.217s] -- Using all available rosidl_typesupport_c: rosidl_typesupport_fastrtps_c;rosidl_typesupport_introspection_c
[0.229s] -- Using all available rosidl_typesupport_cpp: rosidl_typesupport_fastrtps_cpp;rosidl_typesupport_introspection_cpp
[0.285s] -- Found rmw_implementation_cmake: 7.3.2 (/opt/ros/jazzy/share/rmw_implementation_cmake/cmake)
[0.288s] -- Found rmw_cyclonedds_cpp: 2.2.3 (/opt/ros/jazzy/share/rmw_cyclonedds_cpp/cmake)
[0.312s] -- Using RMW implementation 'rmw_cyclonedds_cpp' as default
[0.364s] -- Found geometry_msgs: 5.3.6 (/opt/ros/jazzy/share/geometry_msgs/cmake)
[0.390s] -- Found moveit_ros_planning_interface: 2.12.3 (/home/saber/robox_ws/install/moveit_ros_planning_interface/share/moveit_ros_planning_interface/cmake)
[0.399s] -- Found Boost: /usr/lib/x86_64-linux-gnu/cmake/Boost-1.83.0/BoostConfig.cmake (found version "1.83.0") found components: date_time filesystem program_options system thread 
[0.617s] -- Found Boost: /usr/lib/x86_64-linux-gnu/cmake/Boost-1.83.0/BoostConfig.cmake (found version "1.83.0") found components: chrono date_time filesystem iostreams program_options regex serialization system thread 
[0.649s] -- Found parameter_traits: 0.4.0 (/opt/ros/jazzy/share/parameter_traits/cmake)
[0.654s] -- Found rclcpp_lifecycle: 28.1.9 (/opt/ros/jazzy/share/rclcpp_lifecycle/cmake)
[0.682s] -- Found Boost: /usr/lib/x86_64-linux-gnu/cmake/Boost-1.83.0/BoostConfig.cmake (found version "1.83.0") found components: filesystem 
[0.721s] -- Ensuring Eigen3 include directory is part of orocos-kdl CMake target
[0.729s] -- Found TinyXML2 via Config file: /usr/lib/x86_64-linux-gnu/cmake/tinyxml2
[0.831s] -- Found Boost: /usr/lib/x86_64-linux-gnu/cmake/Boost-1.83.0/BoostConfig.cmake (found version "1.83.0") found components: system filesystem date_time program_options thread chrono 
[0.875s] -- Found Boost: /usr/lib/x86_64-linux-gnu/cmake/Boost-1.83.0/BoostConfig.cmake (found version "1.83.0") found components: thread system filesystem regex date_time program_options 
[0.904s] -- Found Boost: /usr/lib/x86_64-linux-gnu/cmake/Boost-1.83.0/BoostConfig.cmake (found version "1.83.0") found components: system filesystem date_time program_options thread 
[0.939s] -- Found controller_manager_msgs: 4.29.0 (/opt/ros/jazzy/share/controller_manager_msgs/cmake)
[0.966s] -- Found rosidl_default_generators: 1.6.0 (/opt/ros/jazzy/share/rosidl_default_generators/cmake)
[0.977s] -- Found rosidl_adapter: 4.6.5 (/opt/ros/jazzy/share/rosidl_adapter/cmake)
[1.221s] -- Found ament_cmake_ros: 0.12.0 (/opt/ros/jazzy/share/ament_cmake_ros/cmake)
[1.472s] -- Using all available rosidl_typesupport_c: rosidl_typesupport_fastrtps_c;rosidl_typesupport_introspection_c
[1.573s] -- Using all available rosidl_typesupport_cpp: rosidl_typesupport_fastrtps_cpp;rosidl_typesupport_introspection_cpp
[1.575s] -- Found python_cmake_module: 0.11.1 (/opt/ros/jazzy/share/python_cmake_module/cmake)
[1.794s] -- Found Python3: /usr/bin/python3 (found version "3.12.3") found components: Interpreter Development NumPy Development.Module Development.Embed 
[1.851s] -- Found ament_lint_auto: 0.17.2 (/opt/ros/jazzy/share/ament_lint_auto/cmake)
[1.869s] -- Added test 'cppcheck' to perform static code analysis on C / C++ code
[1.869s] -- Configured cppcheck include dirs: 
[1.869s] -- Configured cppcheck exclude dirs and/or files: 
[1.870s] -- Added test 'flake8' to check Python code syntax and style conventions
[1.870s] -- Configured 'flake8' exclude dirs and/or files: 
[1.870s] -- Added test 'lint_cmake' to check CMake code style
[1.871s] -- Added test 'pep257' to check Python code against some of the docstring style conventions in PEP 257
[1.873s] -- Added test 'uncrustify' to check C / C++ code style
[1.873s] -- Configured uncrustify additional arguments: 
[1.873s] -- Added test 'xmllint' to check XML markup files
[1.877s] -- Configuring done (1.8s)
[2.017s] -- Generating done (0.1s)
[2.039s] -- Build files have been written to: /home/saber/robox_ws/build/arm_description
[2.052s] /usr/bin/cmake -E cmake_progress_start /home/saber/robox_ws/build/arm_description/CMakeFiles /home/saber/robox_ws/build/arm_description//CMakeFiles/progress.marks
[2.065s] /usr/bin/gmake  -f CMakeFiles/Makefile2 all
[2.066s] gmake[1]: Entering directory '/home/saber/robox_ws/build/arm_description'
[2.067s] /usr/bin/gmake  -f CMakeFiles/arm_description__rosidl_generator_type_description.dir/build.make CMakeFiles/arm_description__rosidl_generator_type_description.dir/depend
[2.067s] /usr/bin/gmake  -f CMakeFiles/ament_cmake_python_symlink_arm_description.dir/build.make CMakeFiles/ament_cmake_python_symlink_arm_description.dir/depend
[2.068s] gmake[2]: Entering directory '/home/saber/robox_ws/build/arm_description'
[2.068s] cd /home/saber/robox_ws/build/arm_description && /usr/bin/cmake -E cmake_depends "Unix Makefiles" /home/saber/robox_ws/src/arm_description /home/saber/robox_ws/src/arm_description /home/saber/robox_ws/build/arm_description /home/saber/robox_ws/build/arm_description /home/saber/robox_ws/build/arm_description/CMakeFiles/arm_description__rosidl_generator_type_description.dir/DependInfo.cmake "--color="
[2.068s] gmake[2]: Entering directory '/home/saber/robox_ws/build/arm_description'
[2.068s] cd /home/saber/robox_ws/build/arm_description && /usr/bin/cmake -E cmake_depends "Unix Makefiles" /home/saber/robox_ws/src/arm_description /home/saber/robox_ws/src/arm_description /home/saber/robox_ws/build/arm_description /home/saber/robox_ws/build/arm_description /home/saber/robox_ws/build/arm_description/CMakeFiles/ament_cmake_python_symlink_arm_description.dir/DependInfo.cmake "--color="
[2.082s] gmake[2]: Leaving directory '/home/saber/robox_ws/build/arm_description'
[2.082s] gmake[2]: Leaving directory '/home/saber/robox_ws/build/arm_description'
[2.082s] /usr/bin/gmake  -f CMakeFiles/arm_description__rosidl_generator_type_description.dir/build.make CMakeFiles/arm_description__rosidl_generator_type_description.dir/build
[2.082s] /usr/bin/gmake  -f CMakeFiles/ament_cmake_python_symlink_arm_description.dir/build.make CMakeFiles/ament_cmake_python_symlink_arm_description.dir/build
[2.083s] gmake[2]: Entering directory '/home/saber/robox_ws/build/arm_description'
[2.083s] gmake[2]: Nothing to be done for 'CMakeFiles/arm_description__rosidl_generator_type_description.dir/build'.
[2.083s] gmake[2]: Leaving directory '/home/saber/robox_ws/build/arm_description'
[2.083s] gmake[2]: Entering directory '/home/saber/robox_ws/build/arm_description'
[2.083s] /usr/bin/cmake -E create_symlink /home/saber/robox_ws/build/arm_description/rosidl_generator_py/arm_description /home/saber/robox_ws/build/arm_description/ament_cmake_python/arm_description/arm_description
[2.094s] [  2%] Built target arm_description__rosidl_generator_type_description
[2.095s] gmake[2]: Leaving directory '/home/saber/robox_ws/build/arm_description'
[2.095s] /usr/bin/gmake  -f CMakeFiles/arm_description__cpp.dir/build.make CMakeFiles/arm_description__cpp.dir/depend
[2.096s] /usr/bin/gmake  -f CMakeFiles/arm_description__rosidl_generator_c.dir/build.make CMakeFiles/arm_description__rosidl_generator_c.dir/depend
[2.097s] gmake[2]: Entering directory '/home/saber/robox_ws/build/arm_description'
[2.097s] cd /home/saber/robox_ws/build/arm_description && /usr/bin/cmake -E cmake_depends "Unix Makefiles" /home/saber/robox_ws/src/arm_description /home/saber/robox_ws/src/arm_description /home/saber/robox_ws/build/arm_description /home/saber/robox_ws/build/arm_description /home/saber/robox_ws/build/arm_description/CMakeFiles/arm_description__cpp.dir/DependInfo.cmake "--color="
[2.097s] gmake[2]: Entering directory '/home/saber/robox_ws/build/arm_description'
[2.098s] cd /home/saber/robox_ws/build/arm_description && /usr/bin/cmake -E cmake_depends "Unix Makefiles" /home/saber/robox_ws/src/arm_description /home/saber/robox_ws/src/arm_description /home/saber/robox_ws/build/arm_description /home/saber/robox_ws/build/arm_description /home/saber/robox_ws/build/arm_description/CMakeFiles/arm_description__rosidl_generator_c.dir/DependInfo.cmake "--color="
[2.109s] [  2%] Built target ament_cmake_python_symlink_arm_description
[2.110s] /usr/bin/gmake  -f CMakeFiles/ament_cmake_python_build_arm_description_egg.dir/build.make CMakeFiles/ament_cmake_python_build_arm_description_egg.dir/depend
[2.110s] gmake[2]: Leaving directory '/home/saber/robox_ws/build/arm_description'
[2.110s] /usr/bin/gmake  -f CMakeFiles/arm_description__cpp.dir/build.make CMakeFiles/arm_description__cpp.dir/build
[2.111s] gmake[2]: Entering directory '/home/saber/robox_ws/build/arm_description'
[2.111s] cd /home/saber/robox_ws/build/arm_description && /usr/bin/cmake -E cmake_depends "Unix Makefiles" /home/saber/robox_ws/src/arm_description /home/saber/robox_ws/src/arm_description /home/saber/robox_ws/build/arm_description /home/saber/robox_ws/build/arm_description /home/saber/robox_ws/build/arm_description/CMakeFiles/ament_cmake_python_build_arm_description_egg.dir/DependInfo.cmake "--color="
[2.112s] gmake[2]: Entering directory '/home/saber/robox_ws/build/arm_description'
[2.112s] gmake[2]: Nothing to be done for 'CMakeFiles/arm_description__cpp.dir/build'.
[2.112s] gmake[2]: Leaving directory '/home/saber/robox_ws/build/arm_description'
[2.112s] gmake[2]: Leaving directory '/home/saber/robox_ws/build/arm_description'
[2.112s] /usr/bin/gmake  -f CMakeFiles/arm_description__rosidl_generator_c.dir/build.make CMakeFiles/arm_description__rosidl_generator_c.dir/build
[2.115s] gmake[2]: Entering directory '/home/saber/robox_ws/build/arm_description'
[2.115s] gmake[2]: Nothing to be done for 'CMakeFiles/arm_description__rosidl_generator_c.dir/build'.
[2.115s] gmake[2]: Leaving directory '/home/saber/robox_ws/build/arm_description'
[2.124s] [  5%] Built target arm_description__cpp
[2.125s] gmake[2]: Leaving directory '/home/saber/robox_ws/build/arm_description'
[2.125s] /usr/bin/gmake  -f CMakeFiles/ament_cmake_python_build_arm_description_egg.dir/build.make CMakeFiles/ament_cmake_python_build_arm_description_egg.dir/build
[2.126s] [ 19%] Built target arm_description__rosidl_generator_c
[2.127s] gmake[2]: Entering directory '/home/saber/robox_ws/build/arm_description'
[2.127s] cd /home/saber/robox_ws/build/arm_description/ament_cmake_python/arm_description && /usr/bin/python3 setup.py egg_info
[2.128s] /usr/bin/gmake  -f CMakeFiles/arm_description__rosidl_typesupport_cpp.dir/build.make CMakeFiles/arm_description__rosidl_typesupport_cpp.dir/depend
[2.128s] /usr/bin/gmake  -f CMakeFiles/arm_description__rosidl_typesupport_fastrtps_c.dir/build.make CMakeFiles/arm_description__rosidl_typesupport_fastrtps_c.dir/depend
[2.128s] /usr/bin/gmake  -f CMakeFiles/arm_description__rosidl_typesupport_fastrtps_cpp.dir/build.make CMakeFiles/arm_description__rosidl_typesupport_fastrtps_cpp.dir/depend
[2.128s] /usr/bin/gmake  -f CMakeFiles/arm_description__rosidl_typesupport_introspection_c.dir/build.make CMakeFiles/arm_description__rosidl_typesupport_introspection_c.dir/depend
[2.128s] /usr/bin/gmake  -f CMakeFiles/arm_description__rosidl_typesupport_c.dir/build.make CMakeFiles/arm_description__rosidl_typesupport_c.dir/depend
[2.129s] /usr/bin/gmake  -f CMakeFiles/arm_description__rosidl_typesupport_introspection_cpp.dir/build.make CMakeFiles/arm_description__rosidl_typesupport_introspection_cpp.dir/depend
[2.130s] gmake[2]: Entering directory '/home/saber/robox_ws/build/arm_description'
[2.130s] cd /home/saber/robox_ws/build/arm_description && /usr/bin/cmake -E cmake_depends "Unix Makefiles" /home/saber/robox_ws/src/arm_description /home/saber/robox_ws/src/arm_description /home/saber/robox_ws/build/arm_description /home/saber/robox_ws/build/arm_description /home/saber/robox_ws/build/arm_description/CMakeFiles/arm_description__rosidl_typesupport_cpp.dir/DependInfo.cmake "--color="
[2.130s] gmake[2]: Entering directory '/home/saber/robox_ws/build/arm_description'
[2.130s] cd /home/saber/robox_ws/build/arm_description && /usr/bin/cmake -E cmake_depends "Unix Makefiles" /home/saber/robox_ws/src/arm_description /home/saber/robox_ws/src/arm_description /home/saber/robox_ws/build/arm_description /home/saber/robox_ws/build/arm_description /home/saber/robox_ws/build/arm_description/CMakeFiles/arm_description__rosidl_typesupport_fastrtps_cpp.dir/DependInfo.cmake "--color="
[2.130s] gmake[2]: Entering directory '/home/saber/robox_ws/build/arm_description'
[2.130s] cd /home/saber/robox_ws/build/arm_description && /usr/bin/cmake -E cmake_depends "Unix Makefiles" /home/saber/robox_ws/src/arm_description /home/saber/robox_ws/src/arm_description /home/saber/robox_ws/build/arm_description /home/saber/robox_ws/build/arm_description /home/saber/robox_ws/build/arm_description/CMakeFiles/arm_description__rosidl_typesupport_fastrtps_c.dir/DependInfo.cmake "--color="
[2.130s] gmake[2]: Entering directory '/home/saber/robox_ws/build/arm_description'
[2.131s] cd /home/saber/robox_ws/build/arm_description && /usr/bin/cmake -E cmake_depends "Unix Makefiles" /home/saber/robox_ws/src/arm_description /home/saber/robox_ws/src/arm_description /home/saber/robox_ws/build/arm_description /home/saber/robox_ws/build/arm_description /home/saber/robox_ws/build/arm_description/CMakeFiles/arm_description__rosidl_typesupport_introspection_c.dir/DependInfo.cmake "--color="
[2.131s] gmake[2]: Entering directory '/home/saber/robox_ws/build/arm_description'
[2.131s] cd /home/saber/robox_ws/build/arm_description && /usr/bin/cmake -E cmake_depends "Unix Makefiles" /home/saber/robox_ws/src/arm_description /home/saber/robox_ws/src/arm_description /home/saber/robox_ws/build/arm_description /home/saber/robox_ws/build/arm_description /home/saber/robox_ws/build/arm_description/CMakeFiles/arm_description__rosidl_typesupport_c.dir/DependInfo.cmake "--color="
[2.131s] gmake[2]: Entering directory '/home/saber/robox_ws/build/arm_description'
[2.131s] cd /home/saber/robox_ws/build/arm_description && /usr/bin/cmake -E cmake_depends "Unix Makefiles" /home/saber/robox_ws/src/arm_description /home/saber/robox_ws/src/arm_description /home/saber/robox_ws/build/arm_description /home/saber/robox_ws/build/arm_description /home/saber/robox_ws/build/arm_description/CMakeFiles/arm_description__rosidl_typesupport_introspection_cpp.dir/DependInfo.cmake "--color="
[2.150s] gmake[2]: Leaving directory '/home/saber/robox_ws/build/arm_description'
[2.151s] gmake[2]: Leaving directory '/home/saber/robox_ws/build/arm_description'
[2.151s] /usr/bin/gmake  -f CMakeFiles/arm_description__rosidl_typesupport_introspection_c.dir/build.make CMakeFiles/arm_description__rosidl_typesupport_introspection_c.dir/build
[2.151s] gmake[2]: Leaving directory '/home/saber/robox_ws/build/arm_description'
[2.151s] /usr/bin/gmake  -f CMakeFiles/arm_description__rosidl_typesupport_c.dir/build.make CMakeFiles/arm_description__rosidl_typesupport_c.dir/build
[2.151s] /usr/bin/gmake  -f CMakeFiles/arm_description__rosidl_typesupport_cpp.dir/build.make CMakeFiles/arm_description__rosidl_typesupport_cpp.dir/build
[2.151s] gmake[2]: Leaving directory '/home/saber/robox_ws/build/arm_description'
[2.151s] /usr/bin/gmake  -f CMakeFiles/arm_description__rosidl_typesupport_introspection_cpp.dir/build.make CMakeFiles/arm_description__rosidl_typesupport_introspection_cpp.dir/build
[2.152s] gmake[2]: Leaving directory '/home/saber/robox_ws/build/arm_description'
[2.152s] gmake[2]: Leaving directory '/home/saber/robox_ws/build/arm_description'
[2.152s] /usr/bin/gmake  -f CMakeFiles/arm_description__rosidl_typesupport_fastrtps_c.dir/build.make CMakeFiles/arm_description__rosidl_typesupport_fastrtps_c.dir/build
[2.152s] /usr/bin/gmake  -f CMakeFiles/arm_description__rosidl_typesupport_fastrtps_cpp.dir/build.make CMakeFiles/arm_description__rosidl_typesupport_fastrtps_cpp.dir/build
[2.153s] gmake[2]: Entering directory '/home/saber/robox_ws/build/arm_description'
[2.153s] gmake[2]: Entering directory '/home/saber/robox_ws/build/arm_description'
[2.153s] gmake[2]: Nothing to be done for 'CMakeFiles/arm_description__rosidl_typesupport_introspection_c.dir/build'.
[2.153s] gmake[2]: Nothing to be done for 'CMakeFiles/arm_description__rosidl_typesupport_c.dir/build'.
[2.153s] gmake[2]: Leaving directory '/home/saber/robox_ws/build/arm_description'
[2.153s] gmake[2]: Leaving directory '/home/saber/robox_ws/build/arm_description'
[2.154s] gmake[2]: Entering directory '/home/saber/robox_ws/build/arm_description'
[2.154s] gmake[2]: Nothing to be done for 'CMakeFiles/arm_description__rosidl_typesupport_cpp.dir/build'.
[2.155s] gmake[2]: Leaving directory '/home/saber/robox_ws/build/arm_description'
[2.155s] gmake[2]: Entering directory '/home/saber/robox_ws/build/arm_description'
[2.155s] gmake[2]: Nothing to be done for 'CMakeFiles/arm_description__rosidl_typesupport_introspection_cpp.dir/build'.
[2.155s] gmake[2]: Leaving directory '/home/saber/robox_ws/build/arm_description'
[2.155s] gmake[2]: Entering directory '/home/saber/robox_ws/build/arm_description'
[2.155s] gmake[2]: Nothing to be done for 'CMakeFiles/arm_description__rosidl_typesupport_fastrtps_c.dir/build'.
[2.155s] gmake[2]: Leaving directory '/home/saber/robox_ws/build/arm_description'
[2.156s] gmake[2]: Entering directory '/home/saber/robox_ws/build/arm_description'
[2.156s] gmake[2]: Nothing to be done for 'CMakeFiles/arm_description__rosidl_typesupport_fastrtps_cpp.dir/build'.
[2.156s] gmake[2]: Leaving directory '/home/saber/robox_ws/build/arm_description'
[2.168s] [ 61%] Built target arm_description__rosidl_typesupport_introspection_cpp
[2.168s] [ 61%] Built target arm_description__rosidl_typesupport_introspection_c
[2.168s] [ 61%] Built target arm_description__rosidl_typesupport_fastrtps_c
[2.168s] [ 61%] Built target arm_description__rosidl_typesupport_c
[2.168s] [ 61%] Built target arm_description__rosidl_typesupport_cpp
[2.169s] [ 69%] Built target arm_description__rosidl_typesupport_fastrtps_cpp
[2.170s] /usr/bin/gmake  -f CMakeFiles/arm_description.dir/build.make CMakeFiles/arm_description.dir/depend
[2.172s] gmake[2]: Entering directory '/home/saber/robox_ws/build/arm_description'
[2.172s] cd /home/saber/robox_ws/build/arm_description && /usr/bin/cmake -E cmake_depends "Unix Makefiles" /home/saber/robox_ws/src/arm_description /home/saber/robox_ws/src/arm_description /home/saber/robox_ws/build/arm_description /home/saber/robox_ws/build/arm_description /home/saber/robox_ws/build/arm_description/CMakeFiles/arm_description.dir/DependInfo.cmake "--color="
[2.186s] gmake[2]: Leaving directory '/home/saber/robox_ws/build/arm_description'
[2.186s] /usr/bin/gmake  -f CMakeFiles/arm_description.dir/build.make CMakeFiles/arm_description.dir/build
[2.188s] gmake[2]: Entering directory '/home/saber/robox_ws/build/arm_description'
[2.188s] gmake[2]: Nothing to be done for 'CMakeFiles/arm_description.dir/build'.
[2.188s] gmake[2]: Leaving directory '/home/saber/robox_ws/build/arm_description'
[2.200s] [ 69%] Built target arm_description
[2.201s] /usr/bin/gmake  -f /home/saber/robox_ws/build/arm_description/arm_description__py/CMakeFiles/arm_description__py.dir/build.make /home/saber/robox_ws/build/arm_description/arm_description__py/CMakeFiles/arm_description__py.dir/depend
[2.201s] /usr/bin/gmake  -f CMakeFiles/robot_arm_ik_node.dir/build.make CMakeFiles/robot_arm_ik_node.dir/depend
[2.203s] gmake[2]: Entering directory '/home/saber/robox_ws/build/arm_description'
[2.203s] cd /home/saber/robox_ws/build/arm_description && /usr/bin/cmake -E cmake_depends "Unix Makefiles" /home/saber/robox_ws/src/arm_description /home/saber/robox_ws/build/arm_description/arm_description__py /home/saber/robox_ws/build/arm_description /home/saber/robox_ws/build/arm_description/arm_description__py /home/saber/robox_ws/build/arm_description/arm_description__py/CMakeFiles/arm_description__py.dir/DependInfo.cmake "--color="
[2.204s] gmake[2]: Entering directory '/home/saber/robox_ws/build/arm_description'
[2.204s] cd /home/saber/robox_ws/build/arm_description && /usr/bin/cmake -E cmake_depends "Unix Makefiles" /home/saber/robox_ws/src/arm_description /home/saber/robox_ws/src/arm_description /home/saber/robox_ws/build/arm_description /home/saber/robox_ws/build/arm_description /home/saber/robox_ws/build/arm_description/CMakeFiles/robot_arm_ik_node.dir/DependInfo.cmake "--color="
[2.216s] gmake[2]: Leaving directory '/home/saber/robox_ws/build/arm_description'
[2.216s] /usr/bin/gmake  -f /home/saber/robox_ws/build/arm_description/arm_description__py/CMakeFiles/arm_description__py.dir/build.make /home/saber/robox_ws/build/arm_description/arm_description__py/CMakeFiles/arm_description__py.dir/build
[2.218s] gmake[2]: Entering directory '/home/saber/robox_ws/build/arm_description'
[2.218s] gmake[2]: Nothing to be done for '/home/saber/robox_ws/build/arm_description/arm_description__py/CMakeFiles/arm_description__py.dir/build'.
[2.218s] gmake[2]: Leaving directory '/home/saber/robox_ws/build/arm_description'
[2.231s] [ 72%] Built target arm_description__py
[2.231s] gmake[2]: Leaving directory '/home/saber/robox_ws/build/arm_description'
[2.231s] /usr/bin/gmake  -f CMakeFiles/robot_arm_ik_node.dir/build.make CMakeFiles/robot_arm_ik_node.dir/build
[2.232s] /usr/bin/gmake  -f CMakeFiles/arm_description__rosidl_generator_py.dir/build.make CMakeFiles/arm_description__rosidl_generator_py.dir/depend
[2.233s] gmake[2]: Entering directory '/home/saber/robox_ws/build/arm_description'
[2.234s] cd /home/saber/robox_ws/build/arm_description && /usr/bin/cmake -E cmake_depends "Unix Makefiles" /home/saber/robox_ws/src/arm_description /home/saber/robox_ws/src/arm_description /home/saber/robox_ws/build/arm_description /home/saber/robox_ws/build/arm_description /home/saber/robox_ws/build/arm_description/CMakeFiles/arm_description__rosidl_generator_py.dir/DependInfo.cmake "--color="
[2.246s] gmake[2]: Entering directory '/home/saber/robox_ws/build/arm_description'
[2.254s] gmake[2]: Leaving directory '/home/saber/robox_ws/build/arm_description'
[2.254s] /usr/bin/gmake  -f CMakeFiles/arm_description__rosidl_generator_py.dir/build.make CMakeFiles/arm_description__rosidl_generator_py.dir/build
[2.257s] gmake[2]: Entering directory '/home/saber/robox_ws/build/arm_description'
[2.257s] gmake[2]: Nothing to be done for 'CMakeFiles/arm_description__rosidl_generator_py.dir/build'.
[2.257s] gmake[2]: Leaving directory '/home/saber/robox_ws/build/arm_description'
[2.258s] [ 75%] [32mBuilding CXX object CMakeFiles/robot_arm_ik_node.dir/src/pose.cpp.o[0m
[2.259s] /usr/bin/c++ -DBOOST_ATOMIC_DYN_LINK -DBOOST_ATOMIC_NO_LIB -DBOOST_CHRONO_DYN_LINK -DBOOST_CHRONO_NO_LIB -DBOOST_DATE_TIME_DYN_LINK -DBOOST_DATE_TIME_NO_LIB -DBOOST_FILESYSTEM_DYN_LINK -DBOOST_FILESYSTEM_NO_LIB -DBOOST_IOSTREAMS_DYN_LINK -DBOOST_IOSTREAMS_NO_LIB -DBOOST_PROGRAM_OPTIONS_DYN_LINK -DBOOST_PROGRAM_OPTIONS_NO_LIB -DBOOST_REGEX_DYN_LINK -DBOOST_REGEX_NO_LIB -DBOOST_SERIALIZATION_DYN_LINK -DBOOST_SERIALIZATION_NO_LIB -DBOOST_SYSTEM_DYN_LINK -DBOOST_SYSTEM_NO_LIB -DBOOST_THREAD_DYN_LINK -DBOOST_THREAD_NO_LIB -DDEFAULT_RMW_IMPLEMENTATION=rmw_fastrtps_cpp -DFASTCDR_DYN_LINK -DFMT_SHARED -DROS_PACKAGE_NAME=\"arm_description\" -DTINYXML2_IMPORT -D_FILE_OFFSET_BITS=64 -I/home/saber/robox_ws/build/arm_description/rosidl_generator_c -I/home/saber/robox_ws/build/arm_description/rosidl_generator_cpp -isystem /opt/ros/jazzy/include/geometry_msgs -isystem /opt/ros/jazzy/include/rcutils -isystem /opt/ros/jazzy/include/rosidl_runtime_cpp -isystem /opt/ros/jazzy/include/tf2 -isystem /opt/ros/jazzy/include/tf2_ros -isystem /opt/ros/jazzy/include/rcl_interfaces -isystem /opt/ros/jazzy/include/rclcpp_components -isystem /opt/ros/jazzy/include/builtin_interfaces -isystem /opt/ros/jazzy/include/message_filters -isystem /opt/ros/jazzy/include/rclcpp -isystem /opt/ros/jazzy/include/rclcpp_action -isystem /opt/ros/jazzy/include/tf2_msgs -isystem /opt/ros/jazzy/include/tf2_geometry_msgs -isystem /usr/include/eigen3 -isystem /home/saber/robox_ws/install/moveit_ros_planning_interface/include/moveit_ros_planning_interface -isystem /home/saber/robox_ws/install/moveit_core/include/moveit_core -isystem /opt/ros/jazzy/include/moveit_msgs -isystem /opt/ros/jazzy/include/controller_manager_msgs -isystem /usr/include/bullet -isystem /opt/ros/jazzy/include/rosidl_runtime_c -isystem /opt/ros/jazzy/include/rosidl_typesupport_interface -isystem /opt/ros/jazzy/include/fastcdr -isystem /opt/ros/jazzy/include/rosidl_typesupport_fastrtps_cpp -isystem /opt/ros/jazzy/include/rmw -isystem /opt/ros/jazzy/include/rosidl_dynamic_typesupport -isystem /opt/ros/jazzy/include/rosidl_typesupport_fastrtps_c -isystem /opt/ros/jazzy/include/rosidl_typesupport_introspection_c -isystem /opt/ros/jazzy/include/rosidl_typesupport_introspection_cpp -isystem /opt/ros/jazzy/include/libstatistics_collector -isystem /opt/ros/jazzy/include/rcl -isystem /opt/ros/jazzy/include/service_msgs -isystem /opt/ros/jazzy/include/rcl_logging_interface -isystem /opt/ros/jazzy/include/rcl_yaml_param_parser -isystem /opt/ros/jazzy/include/type_description_interfaces -isystem /opt/ros/jazzy/include/rcpputils -isystem /opt/ros/jazzy/include/statistics_msgs -isystem /opt/ros/jazzy/include/rosgraph_msgs -isystem /opt/ros/jazzy/include/rosidl_typesupport_cpp -isystem /opt/ros/jazzy/include/rosidl_typesupport_c -isystem /opt/ros/jazzy/include/tracetools -isystem /opt/ros/jazzy/include/std_msgs -isystem /home/saber/robox_ws/install/moveit_ros_planning/include -isystem /opt/ros/jazzy/include/parameter_traits -isystem /opt/ros/jazzy/include/rsl -isystem /opt/ros/jazzy/include -isystem /opt/ros/jazzy/include/rclcpp_lifecycle -isystem /opt/ros/jazzy/include/lifecycle_msgs -isystem /opt/ros/jazzy/include/rcl_lifecycle -isystem /home/saber/robox_ws/install/moveit_ros_planning/include/moveit_ros_planning -isystem /opt/ros/jazzy/include/eigen_stl_containers -isystem /opt/ros/jazzy/include/pluginlib -isystem /opt/ros/jazzy/include/ament_index_cpp -isystem /opt/ros/jazzy/include/class_loader -isystem /opt/ros/jazzy/include/urdf -isystem /opt/ros/jazzy/include/urdfdom -isystem /opt/ros/jazzy/include/urdfdom_headers -isystem /opt/ros/jazzy/include/srdfdom -isystem /opt/ros/jazzy/include/visualization_msgs -isystem /opt/ros/jazzy/include/sensor_msgs -isystem /opt/ros/jazzy/include/tf2_eigen -isystem /opt/ros/jazzy/include/action_msgs -isystem /opt/ros/jazzy/include/unique_identifier_msgs -isystem /opt/ros/jazzy/include/rcl_action -isystem /opt/ros/jazzy/include/geometric_shapes -isystem /opt/ros/jazzy/include/resource_retriever -isystem /opt/ros/jazzy/include/shape_msgs -isystem /opt/ros/jazzy/include/angles -isystem /opt/ros/jazzy/include/object_recognition_msgs -isystem /opt/ros/jazzy/include/octomap_msgs -isystem /opt/ros/jazzy/include/trajectory_msgs -isystem /opt/ros/jazzy/include/kdl_parser -isystem /home/saber/robox_ws/install/moveit_ros_occupancy_map_monitor/include/moveit_ros_occupancy_map_monitor -isystem /opt/ros/jazzy/include/composition_interfaces -isystem /home/saber/robox_ws/install/moveit_ros_move_group/include/moveit_ros_move_group -isystem /opt/ros/jazzy/include/std_srvs -isystem /home/saber/robox_ws/install/moveit_ros_warehouse/include/moveit_ros_warehouse -O3 -DNDEBUG -Wall -Wextra -Wpedantic -MD -MT CMakeFiles/robot_arm_ik_node.dir/src/pose.cpp.o -MF CMakeFiles/robot_arm_ik_node.dir/src/pose.cpp.o.d -o CMakeFiles/robot_arm_ik_node.dir/src/pose.cpp.o -c /home/saber/robox_ws/src/arm_description/src/pose.cpp
[2.270s] [ 80%] Built target arm_description__rosidl_generator_py
[2.271s] /usr/bin/gmake  -f CMakeFiles/arm_description_s__rosidl_typesupport_fastrtps_c.dir/build.make CMakeFiles/arm_description_s__rosidl_typesupport_fastrtps_c.dir/depend
[2.271s] /usr/bin/gmake  -f CMakeFiles/arm_description_s__rosidl_typesupport_introspection_c.dir/build.make CMakeFiles/arm_description_s__rosidl_typesupport_introspection_c.dir/depend
[2.271s] /usr/bin/gmake  -f CMakeFiles/arm_description_s__rosidl_typesupport_c.dir/build.make CMakeFiles/arm_description_s__rosidl_typesupport_c.dir/depend
[2.273s] gmake[2]: Entering directory '/home/saber/robox_ws/build/arm_description'
[2.273s] gmake[2]: Entering directory '/home/saber/robox_ws/build/arm_description'
[2.273s] cd /home/saber/robox_ws/build/arm_description && /usr/bin/cmake -E cmake_depends "Unix Makefiles" /home/saber/robox_ws/src/arm_description /home/saber/robox_ws/src/arm_description /home/saber/robox_ws/build/arm_description /home/saber/robox_ws/build/arm_description /home/saber/robox_ws/build/arm_description/CMakeFiles/arm_description_s__rosidl_typesupport_introspection_c.dir/DependInfo.cmake "--color="
[2.273s] cd /home/saber/robox_ws/build/arm_description && /usr/bin/cmake -E cmake_depends "Unix Makefiles" /home/saber/robox_ws/src/arm_description /home/saber/robox_ws/src/arm_description /home/saber/robox_ws/build/arm_description /home/saber/robox_ws/build/arm_description /home/saber/robox_ws/build/arm_description/CMakeFiles/arm_description_s__rosidl_typesupport_fastrtps_c.dir/DependInfo.cmake "--color="
[2.273s] gmake[2]: Entering directory '/home/saber/robox_ws/build/arm_description'
[2.273s] cd /home/saber/robox_ws/build/arm_description && /usr/bin/cmake -E cmake_depends "Unix Makefiles" /home/saber/robox_ws/src/arm_description /home/saber/robox_ws/src/arm_description /home/saber/robox_ws/build/arm_description /home/saber/robox_ws/build/arm_description /home/saber/robox_ws/build/arm_description/CMakeFiles/arm_description_s__rosidl_typesupport_c.dir/DependInfo.cmake "--color="
[2.289s] gmake[2]: Leaving directory '/home/saber/robox_ws/build/arm_description'
[2.289s] gmake[2]: Leaving directory '/home/saber/robox_ws/build/arm_description'
[2.289s] gmake[2]: Leaving directory '/home/saber/robox_ws/build/arm_description'
[2.289s] /usr/bin/gmake  -f CMakeFiles/arm_description_s__rosidl_typesupport_introspection_c.dir/build.make CMakeFiles/arm_description_s__rosidl_typesupport_introspection_c.dir/build
[2.290s] /usr/bin/gmake  -f CMakeFiles/arm_description_s__rosidl_typesupport_fastrtps_c.dir/build.make CMakeFiles/arm_description_s__rosidl_typesupport_fastrtps_c.dir/build
[2.290s] /usr/bin/gmake  -f CMakeFiles/arm_description_s__rosidl_typesupport_c.dir/build.make CMakeFiles/arm_description_s__rosidl_typesupport_c.dir/build
[2.292s] gmake[2]: Entering directory '/home/saber/robox_ws/build/arm_description'
[2.292s] gmake[2]: Entering directory '/home/saber/robox_ws/build/arm_description'
[2.292s] gmake[2]: Nothing to be done for 'CMakeFiles/arm_description_s__rosidl_typesupport_fastrtps_c.dir/build'.
[2.293s] gmake[2]: Nothing to be done for 'CMakeFiles/arm_description_s__rosidl_typesupport_c.dir/build'.
[2.293s] gmake[2]: Leaving directory '/home/saber/robox_ws/build/arm_description'
[2.293s] gmake[2]: Leaving directory '/home/saber/robox_ws/build/arm_description'
[2.293s] gmake[2]: Entering directory '/home/saber/robox_ws/build/arm_description'
[2.293s] gmake[2]: Nothing to be done for 'CMakeFiles/arm_description_s__rosidl_typesupport_introspection_c.dir/build'.
[2.293s] gmake[2]: Leaving directory '/home/saber/robox_ws/build/arm_description'
[2.306s] [ 97%] Built target arm_description_s__rosidl_typesupport_c
[2.306s] [ 97%] Built target arm_description_s__rosidl_typesupport_fastrtps_c
[2.306s] [ 97%] Built target arm_description_s__rosidl_typesupport_introspection_c
[2.328s] running egg_info
[2.349s] writing arm_description.egg-info/PKG-INFO
[2.349s] writing dependency_links to arm_description.egg-info/dependency_links.txt
[2.349s] writing top-level names to arm_description.egg-info/top_level.txt
[2.408s] reading manifest file 'arm_description.egg-info/SOURCES.txt'
[2.409s] writing manifest file 'arm_description.egg-info/SOURCES.txt'
[2.427s] gmake[2]: Leaving directory '/home/saber/robox_ws/build/arm_description'
[2.440s] [ 97%] Built target ament_cmake_python_build_arm_description_egg
[3.980s] [01m[K/home/saber/robox_ws/src/arm_description/src/pose.cpp:339:10:[m[K [01;31m[Kfatal error: [m[Kmoveit/planning_interface/planning_component.h: No such file or directory
[3.981s]   339 | #include [01;31m[K<moveit/planning_interface/planning_component.h>[m[K
[3.981s]       |          [01;31m[K^~~~~~~~~~~~~~~~~~~~~~~~~~~~~~~~~~~~~~~~~~~~~~~~[m[K
[3.981s] compilation terminated.
[4.001s] gmake[2]: *** [CMakeFiles/robot_arm_ik_node.dir/build.make:79: CMakeFiles/robot_arm_ik_node.dir/src/pose.cpp.o] Error 1
[4.001s] gmake[2]: Leaving directory '/home/saber/robox_ws/build/arm_description'
[4.001s] gmake[1]: *** [CMakeFiles/Makefile2:629: CMakeFiles/robot_arm_ik_node.dir/all] Error 2
[4.001s] gmake[1]: Leaving directory '/home/saber/robox_ws/build/arm_description'
[4.002s] gmake: *** [Makefile:149: all] Error 2
[4.004s] Invoked command in '/home/saber/robox_ws/build/arm_description' returned '2': AMENT_PREFIX_PATH=/home/saber/robox_ws/install/moveit_configs_utils:/home/saber/robox_ws/install/moveit_config:/home/saber/robox_ws/install/arduinobot_py_examples:/home/saber/robox_ws/install/robotic_arm_moveit_config:/home/saber/robox_ws/install/pilz_industrial_motion_planner_testutils:/home/saber/robox_ws/install/moveit_runtime:/home/saber/robox_ws/install/moveit:/home/saber/robox_ws/install/moveit_planners:/home/saber/robox_ws/install/pilz_industrial_motion_planner:/home/saber/robox_ws/install/moveit_ros_control_interface:/home/saber/robox_ws/install/moveit_plugins:/home/saber/robox_ws/install/moveit_simple_controller_manager:/home/saber/robox_ws/install/moveit_setup_assistant:/home/saber/robox_ws/install/moveit_setup_srdf_plugins:/home/saber/robox_ws/install/moveit_setup_core_plugins:/home/saber/robox_ws/install/moveit_setup_controllers:/home/saber/robox_ws/install/moveit_setup_app_plugins:/home/saber/robox_ws/install/moveit_setup_framework:/home/saber/robox_ws/install/moveit_servo:/home/saber/robox_ws/install/moveit_ros_trajectory_cache:/home/saber/robox_ws/install/moveit_ros:/home/saber/robox_ws/install/arm_description:/home/saber/robox_ws/install/moveit_ros_visualization:/home/saber/robox_ws/install/moveit_py:/home/saber/robox_ws/install/moveit_hybrid_planning:/home/saber/robox_ws/install/moveit_ros_planning_interface:/home/saber/robox_ws/install/moveit_ros_benchmarks:/home/saber/robox_ws/install/moveit_ros_warehouse:/home/saber/robox_ws/install/moveit_ros_robot_interaction:/home/saber/robox_ws/install/moveit_ros_perception:/home/saber/robox_ws/install/moveit_resources_prbt_pg70_support:/home/saber/robox_ws/install/moveit_resources_prbt_moveit_config:/home/saber/robox_ws/install/moveit_ros_move_group:/home/saber/robox_ws/install/moveit_planners_ompl:/home/saber/robox_ws/install/moveit_kinematics:/home/saber/robox_ws/install/moveit_ros_planning:/home/saber/robox_ws/install/moveit_ros_occupancy_map_monitor:/home/saber/robox_ws/install/moveit_resources_prbt_support:/home/saber/robox_ws/install/moveit_resources_prbt_ikfast_manipulator_plugin:/home/saber/robox_ws/install/moveit_planners_stomp:/home/saber/robox_ws/install/moveit_planners_chomp:/home/saber/robox_ws/install/chomp_motion_planner:/home/saber/robox_ws/install/moveit_core:/home/saber/robox_ws/install/moveit_common:/home/saber/robox_ws/install/arm_moveit:/home/saber/arduinobot_ws/install/controller:/home/saber/arduinobot_ws/install/arm_description:/home/saber/arduinobot_ws/install/arduinobot_py_examples:/home/saber/arduinobot_ws/install/arduinobot_cpp_examples:/opt/ros/jazzy CMAKE_PREFIX_PATH=/home/saber/robox_ws/install/moveit_ros_visualization:/home/saber/robox_ws/install/moveit_ros_planning_interface:/home/saber/robox_ws/install/moveit_ros_move_group:/home/saber/robox_ws/install/moveit_ros_warehouse:/home/saber/robox_ws/install/moveit_ros_robot_interaction:/home/saber/robox_ws/install/moveit_kinematics:/home/saber/robox_ws/install/moveit_ros_planning:/home/saber/robox_ws/install/moveit_simple_controller_manager:/home/saber/robox_ws/install/moveit_ros_occupancy_map_monitor:/home/saber/robox_ws/install/moveit_core:/home/saber/robox_ws/install/moveit_common:/home/saber/robox_ws/install/moveit_config:/home/saber/robox_ws/install/robotic_arm_moveit_config:/home/saber/robox_ws/install/pilz_industrial_motion_planner_testutils:/home/saber/robox_ws/install/moveit_runtime:/home/saber/robox_ws/install/moveit:/home/saber/robox_ws/install/moveit_planners:/home/saber/robox_ws/install/pilz_industrial_motion_planner:/home/saber/robox_ws/install/moveit_ros_control_interface:/home/saber/robox_ws/install/moveit_plugins:/home/saber/robox_ws/install/moveit_setup_assistant:/home/saber/robox_ws/install/moveit_setup_srdf_plugins:/home/saber/robox_ws/install/moveit_setup_core_plugins:/home/saber/robox_ws/install/moveit_setup_controllers:/home/saber/robox_ws/install/moveit_setup_app_plugins:/home/saber/robox_ws/install/moveit_setup_framework:/home/saber/robox_ws/install/moveit_servo:/home/saber/robox_ws/install/moveit_ros_trajectory_cache:/home/saber/robox_ws/install/moveit_ros:/home/saber/robox_ws/install/arm_description:/home/saber/robox_ws/install/moveit_py:/home/saber/robox_ws/install/moveit_hybrid_planning:/home/saber/robox_ws/install/moveit_ros_benchmarks:/home/saber/robox_ws/install/moveit_ros_perception:/home/saber/robox_ws/install/moveit_resources_prbt_pg70_support:/home/saber/robox_ws/install/moveit_resources_prbt_moveit_config:/home/saber/robox_ws/install/moveit_planners_ompl:/home/saber/robox_ws/install/moveit_resources_prbt_support:/home/saber/robox_ws/install/moveit_resources_prbt_ikfast_manipulator_plugin:/home/saber/robox_ws/install/moveit_planners_stomp:/home/saber/robox_ws/install/moveit_planners_chomp:/home/saber/robox_ws/install/chomp_motion_planner:/home/saber/robox_ws/install/arm_moveit:/home/saber/arduinobot_ws/install/controller:/home/saber/arduinobot_ws/install/arm_description:/home/saber/arduinobot_ws/install/arduinobot_cpp_examples:/opt/ros/jazzy/opt/gz_sim_vendor:/opt/ros/jazzy/opt/gz_sensors_vendor:/opt/ros/jazzy/opt/gz_physics_vendor:/opt/ros/jazzy/opt/sdformat_vendor:/opt/ros/jazzy/opt/gz_gui_vendor:/opt/ros/jazzy/opt/gz_transport_vendor:/opt/ros/jazzy/opt/gz_rendering_vendor:/opt/ros/jazzy/opt/gz_plugin_vendor:/opt/ros/jazzy/opt/gz_fuel_tools_vendor:/opt/ros/jazzy/opt/gz_msgs_vendor:/opt/ros/jazzy/opt/gz_common_vendor:/opt/ros/jazzy/opt/gz_math_vendor:/opt/ros/jazzy/opt/gz_utils_vendor:/opt/ros/jazzy/opt/gz_tools_vendor:/opt/ros/jazzy/opt/gz_ogre_next_vendor:/opt/ros/jazzy/opt/gz_dartsim_vendor:/opt/ros/jazzy/opt/gz_cmake_vendor:/home/saber/robox_ws/install/arduinobot_py_examples:/home/saber/robox_ws/install/moveit_configs_utils:/home/saber/arduinobot_ws/install/arduinobot_py_examples:/opt/ros/jazzy DEBUGINFOD_URLS=https://debuginfod.ubuntu.com LD_LIBRARY_PATH=/home/saber/robox_ws/install/moveit_ros_visualization/lib:/home/saber/robox_ws/install/moveit_ros_planning_interface/lib:/home/saber/robox_ws/install/moveit_ros_move_group/lib:/home/saber/robox_ws/install/moveit_ros_warehouse/lib:/home/saber/robox_ws/install/moveit_ros_robot_interaction/lib:/home/saber/robox_ws/install/moveit_kinematics/lib:/home/saber/robox_ws/install/moveit_ros_planning/lib:/home/saber/robox_ws/install/moveit_simple_controller_manager/lib:/home/saber/robox_ws/install/moveit_ros_occupancy_map_monitor/lib:/home/saber/robox_ws/install/moveit_core/lib:/home/saber/robox_ws/install/pilz_industrial_motion_planner_testutils/lib:/home/saber/robox_ws/install/pilz_industrial_motion_planner/lib:/home/saber/robox_ws/install/moveit_ros_control_interface/lib:/home/saber/robox_ws/install/moveit_setup_assistant/lib:/home/saber/robox_ws/install/moveit_setup_srdf_plugins/lib:/home/saber/robox_ws/install/moveit_setup_core_plugins/lib:/home/saber/robox_ws/install/moveit_setup_controllers/lib:/home/saber/robox_ws/install/moveit_setup_app_plugins/lib:/home/saber/robox_ws/install/moveit_setup_framework/lib:/home/saber/robox_ws/install/moveit_servo/lib:/home/saber/robox_ws/install/moveit_ros_trajectory_cache/lib:/home/saber/robox_ws/install/arm_description/lib:/home/saber/robox_ws/install/moveit_py/lib:/home/saber/robox_ws/install/moveit_hybrid_planning/lib:/home/saber/robox_ws/install/moveit_ros_benchmarks/lib:/home/saber/robox_ws/install/moveit_ros_perception/lib:/home/saber/robox_ws/install/moveit_planners_ompl/lib:/home/saber/robox_ws/install/moveit_resources_prbt_ikfast_manipulator_plugin/lib:/home/saber/robox_ws/install/moveit_planners_stomp/lib:/home/saber/robox_ws/install/moveit_planners_chomp/lib:/home/saber/robox_ws/install/chomp_motion_planner/lib:/opt/ros/jazzy/opt/gz_sim_vendor/lib:/opt/ros/jazzy/opt/gz_sensors_vendor/lib:/opt/ros/jazzy/opt/gz_physics_vendor/lib:/opt/ros/jazzy/opt/sdformat_vendor/lib:/opt/ros/jazzy/opt/rviz_ogre_vendor/lib:/opt/ros/jazzy/lib/x86_64-linux-gnu:/opt/ros/jazzy/opt/gz_gui_vendor/lib:/opt/ros/jazzy/opt/gz_transport_vendor/lib:/opt/ros/jazzy/opt/gz_rendering_vendor/lib:/opt/ros/jazzy/opt/gz_plugin_vendor/lib:/opt/ros/jazzy/opt/gz_fuel_tools_vendor/lib:/opt/ros/jazzy/opt/gz_msgs_vendor/lib:/opt/ros/jazzy/opt/gz_common_vendor/lib:/opt/ros/jazzy/opt/gz_math_vendor/lib:/opt/ros/jazzy/opt/gz_utils_vendor/lib:/opt/ros/jazzy/opt/gz_tools_vendor/lib:/opt/ros/jazzy/opt/gz_ogre_next_vendor/lib:/opt/ros/jazzy/opt/gz_dartsim_vendor/lib:/opt/ros/jazzy/opt/gz_cmake_vendor/lib:/opt/ros/jazzy/lib PYTHONPATH=/home/saber/robox_ws/install/moveit_configs_utils/lib/python3.12/site-packages:/home/saber/robox_ws/install/arduinobot_py_examples/lib/python3.12/site-packages:/home/saber/robox_ws/install/arm_description/lib/python3.12/site-packages:/home/saber/robox_ws/install/moveit_py/lib/python3.12/site-packages:/home/saber/arduinobot_ws/install/arduinobot_py_examples/lib/python3.12/site-packages:/opt/ros/jazzy/lib/python3.12/site-packages /usr/bin/cmake --build /home/saber/robox_ws/build/arm_description -- -j16 -l16
